Using license file /home/benedond/gurobi.lic
Using gurobi.env file
Set parameter Threads to value 1
Academic license - for non-commercial use only
Changed value of parameter TimeLimit to 300.0
   Prev: inf  Min: 0.0  Max: inf  Default: inf
Gurobi Optimizer version 9.0.1 build v9.0.1rc0 (linux64)
Optimize a model with 1507 rows, 1381 columns and 6617 nonzeros
Model fingerprint: 0xb185f375
Variable types: 50 continuous, 1331 integer (1331 binary)
Coefficient statistics:
  Matrix range     [2e-01, 5e+02]
  Objective range  [1e-02, 4e-01]
  Bounds range     [1e+00, 1e+00]
  RHS range        [1e+00, 1e+03]
Found heuristic solution: objective 4.2366916
Presolve removed 81 rows and 60 columns
Presolve time: 0.05s
Presolved: 1426 rows, 1321 columns, 6289 nonzeros
Variable types: 49 continuous, 1272 integer (1272 binary)

Root relaxation: objective 2.066476e+00, 1834 iterations, 0.06 seconds

    Nodes    |    Current Node    |     Objective Bounds      |     Work
 Expl Unexpl |  Obj  Depth IntInf | Incumbent    BestBd   Gap | It/Node Time

     0     0    2.06648    0  131    4.23669    2.06648  51.2%     -    0s
H    0     0                       4.0738224    2.06648  49.3%     -    0s
     0     0    2.18359    0  130    4.07382    2.18359  46.4%     -    0s
     0     0    2.18476    0  127    4.07382    2.18476  46.4%     -    0s
     0     0    2.25973    0  169    4.07382    2.25973  44.5%     -    0s
H    0     0                       3.7035140    2.25973  39.0%     -    0s
     0     0    2.26719    0  167    3.70351    2.26719  38.8%     -    0s
     0     0    2.35707    0  176    3.70351    2.35707  36.4%     -    0s
H    0     0                       3.6646449    2.35707  35.7%     -    0s
     0     0    2.37505    0  195    3.66464    2.37505  35.2%     -    0s
     0     0    2.39015    0  213    3.66464    2.39015  34.8%     -    0s
     0     0    2.39249    0  198    3.66464    2.39249  34.7%     -    0s
     0     0    2.39272    0  196    3.66464    2.39272  34.7%     -    0s
     0     0    2.39276    0  207    3.66464    2.39276  34.7%     -    0s
     0     0    2.43072    0  165    3.66464    2.43072  33.7%     -    0s
     0     0    2.44805    0  198    3.66464    2.44805  33.2%     -    0s
     0     0    2.45229    0  193    3.66464    2.45229  33.1%     -    0s
     0     0    2.45382    0  187    3.66464    2.45382  33.0%     -    0s
     0     0    2.45492    0  197    3.66464    2.45492  33.0%     -    0s
     0     0    2.45493    0  199    3.66464    2.45493  33.0%     -    0s
     0     0    2.47875    0  184    3.66464    2.47875  32.4%     -    0s
     0     0    2.48232    0  216    3.66464    2.48232  32.3%     -    0s
     0     0    2.48360    0  193    3.66464    2.48360  32.2%     -    0s
     0     0    2.48425    0  187    3.66464    2.48425  32.2%     -    0s
     0     0    2.48443    0  179    3.66464    2.48443  32.2%     -    0s
     0     0    2.50317    0  182    3.66464    2.50317  31.7%     -    1s
     0     0    2.50955    0  149    3.66464    2.50955  31.5%     -    1s
     0     0    2.51177    0  166    3.66464    2.51177  31.5%     -    1s
     0     0    2.51232    0  156    3.66464    2.51232  31.4%     -    1s
     0     0    2.51267    0  164    3.66464    2.51267  31.4%     -    1s
     0     0    2.51271    0  165    3.66464    2.51271  31.4%     -    1s
     0     0    2.52958    0  188    3.66464    2.52958  31.0%     -    1s
H    0     0                       3.2929907    2.52958  23.2%     -    1s
     0     0    2.53443    0  155    3.29299    2.53443  23.0%     -    1s
     0     0    2.53519    0  176    3.29299    2.53519  23.0%     -    1s
     0     0    2.53554    0  183    3.29299    2.53554  23.0%     -    1s
     0     0    2.55218    0  186    3.29299    2.55218  22.5%     -    1s
     0     0    2.55482    0  171    3.29299    2.55482  22.4%     -    1s
     0     0    2.55666    0  160    3.29299    2.55666  22.4%     -    1s
     0     0    2.55676    0  164    3.29299    2.55676  22.4%     -    1s
     0     0    2.56387    0  175    3.29299    2.56387  22.1%     -    1s
     0     0    2.56768    0  161    3.29299    2.56768  22.0%     -    1s
     0     0    2.56832    0  186    3.29299    2.56832  22.0%     -    1s
     0     0    2.56845    0  190    3.29299    2.56845  22.0%     -    1s
     0     0    2.57135    0  178    3.29299    2.57135  21.9%     -    1s
     0     0    2.57208    0  183    3.29299    2.57208  21.9%     -    1s
     0     0    2.57234    0  173    3.29299    2.57234  21.9%     -    1s
     0     0    2.57869    0  181    3.29299    2.57869  21.7%     -    1s
     0     0    2.58274    0  172    3.29299    2.58274  21.6%     -    1s
     0     0    2.58362    0  193    3.29299    2.58362  21.5%     -    1s
     0     0    2.58375    0  187    3.29299    2.58375  21.5%     -    1s
     0     0    2.58642    0  182    3.29299    2.58642  21.5%     -    1s
     0     0    2.58673    0  185    3.29299    2.58673  21.4%     -    1s
     0     0    2.59159    0  167    3.29299    2.59159  21.3%     -    1s
     0     0    2.59194    0  190    3.29299    2.59194  21.3%     -    1s
     0     0    2.59590    0  196    3.29299    2.59590  21.2%     -    1s
     0     0    2.59590    0  183    3.29299    2.59590  21.2%     -    1s
     0     2    2.59647    0  183    3.29299    2.59647  21.2%     -    2s
H  108   102                       3.1976262    2.60189  18.6%   110    3s
   188   161    2.72275   23   91    3.19763    2.60346  18.6%   129    5s
H  189   160                       3.1951495    2.60346  18.5%   128    5s
H  432   313                       3.1571402    2.61766  17.1%   132    8s
   511   379    2.86189   47  183    3.15714    2.61766  17.1%   126   10s
   614   448    2.95231   12  218    3.15714    2.68573  14.9%   105   15s
H  649   445                       3.0741402    2.70088  12.1%  98.9   20s
   674   462    2.84275   26   65    3.07414    2.70447  12.0%   134   25s
   896   496    2.72717   24  177    3.07414    2.70520  12.0%   146   30s
  1249   576    2.79452   19   83    3.07414    2.73677  11.0%   145   35s
  1637   642    2.76446   32  180    3.07414    2.75522  10.4%   141   40s
H 1757   663                       3.0741396    2.75540  10.4%   141   42s
  1975   731    2.81691   34   78    3.07414    2.75995  10.2%   139   45s
  2384   961    2.82567   30  150    3.07414    2.77488  9.73%   137   50s
  2701  1145    2.92667   30  113    3.07414    2.78479  9.41%   139   55s
H 2958  1244                       3.0510467    2.78849  8.61%   137   59s
  3000  1262    3.00855   45   61    3.05105    2.78871  8.60%   137   60s
  3364  1466    2.97796   59  100    3.05105    2.79506  8.39%   135   65s
H 3460  1505                       3.0510467    2.79540  8.38%   134   65s
H 3533  1525                       3.0510467    2.79612  8.36%   133   66s
* 3611  1413              41       3.0205608    2.79756  7.38%   133   67s
H 3745  1378                       3.0087851    2.80146  6.89%   133   69s
  3757  1382    2.97293   42   49    3.00879    2.80279  6.85%   133   70s
  4116  1510    2.91687   39  119    3.00879    2.81069  6.58%   134   75s
  4499  1656     cutoff   29         3.00879    2.81794  6.34%   135   80s
  4887  1793    3.00373   36  100    3.00879    2.82471  6.12%   135   85s
H 4924  1534                       2.9775514    2.82645  5.07%   135   87s
  5046  1574    2.91613   36   68    2.97755    2.82883  4.99%   136   90s
  5373  1627    2.95917   27   81    2.97755    2.83338  4.84%   136   95s
  5687  1664    2.95840   40   66    2.97755    2.83988  4.62%   137  100s
  6048  1760    2.92693   54  100    2.97755    2.84445  4.47%   137  105s
  6374  1815    2.94122   40  117    2.97755    2.84860  4.33%   137  110s
* 6483  1672              38       2.9624673    2.85113  3.76%   137  111s
  6738  1671     cutoff   48         2.96247    2.85639  3.58%   139  115s
  6986  1680    2.92263   26   84    2.96247    2.85906  3.49%   140  120s
  7333  1695     cutoff   55         2.96247    2.86367  3.33%   140  125s
  7666  1691    2.87491   35  137    2.96247    2.86848  3.17%   140  130s
  8027  1655     cutoff   36         2.96247    2.87573  2.93%   140  135s
H 8275  1626                       2.9624673    2.87986  2.79%   141  138s
  8363  1622     cutoff   25         2.96247    2.88048  2.77%   141  140s
H 8412  1605                       2.9624672    2.88136  2.74%   141  141s
  8682  1562    2.95461   31   95    2.96247    2.88571  2.59%   141  145s
  9002  1496    2.94397   26   81    2.96247    2.89004  2.44%   141  150s
  9405  1426     cutoff   61         2.96247    2.89619  2.24%   140  155s
  9746  1280     cutoff   35         2.96247    2.90314  2.00%   140  160s
 10175  1079    2.92269   29   25    2.96247    2.91296  1.67%   139  165s
 10730   802     cutoff   27         2.96247    2.92521  1.26%   137  170s
 11559   155     cutoff   36         2.96247    2.95135  0.38%   132  175s

Cutting planes:
  Cover: 129
  Implied bound: 6
  Clique: 9
  MIR: 374
  StrongCG: 12
  Flow cover: 577
  GUB cover: 2
  Inf proof: 2
  RLT: 21
  Relax-and-lift: 296

Explored 11715 nodes (1539986 simplex iterations) in 175.40 seconds
Thread count was 1 (of 4 available processors)

Solution count 10: 2.96247 2.97755 3.00879 ... 3.29299

Optimal solution found (tolerance 1.00e-04)
Best objective 2.962467229958e+00, best bound 2.962180354282e+00, gap 0.0097%
