Using license file /home/benedond/gurobi.lic
Using gurobi.env file
Set parameter Threads to value 1
Academic license - for non-commercial use only
Changed value of parameter TimeLimit to 300.0
   Prev: inf  Min: 0.0  Max: inf  Default: inf
Gurobi Optimizer version 9.0.1 build v9.0.1rc0 (linux64)
Optimize a model with 2816 rows, 2640 columns and 12810 nonzeros
Model fingerprint: 0xa4968c90
Variable types: 70 continuous, 2570 integer (2570 binary)
Coefficient statistics:
  Matrix range     [2e-01, 5e+02]
  Objective range  [4e-03, 3e-01]
  Bounds range     [1e+00, 1e+00]
  RHS range        [1e+00, 2e+03]
Found heuristic solution: objective 4.4512201
Presolve removed 103 rows and 80 columns
Presolve time: 0.06s
Presolved: 2713 rows, 2560 columns, 12361 nonzeros
Variable types: 69 continuous, 2491 integer (2491 binary)

Root relaxation: objective 2.016627e+00, 2381 iterations, 0.08 seconds

    Nodes    |    Current Node    |     Objective Bounds      |     Work
 Expl Unexpl |  Obj  Depth IntInf | Incumbent    BestBd   Gap | It/Node Time

     0     0    2.01663    0  146    4.45122    2.01663  54.7%     -    0s
H    0     0                       3.9618051    2.01663  49.1%     -    0s
H    0     0                       3.5319560    2.01663  42.9%     -    0s
     0     0    2.10393    0  135    3.53196    2.10393  40.4%     -    0s
     0     0    2.11491    0  133    3.53196    2.11491  40.1%     -    0s
     0     0    2.21430    0  185    3.53196    2.21430  37.3%     -    0s
     0     0    2.23809    0  153    3.53196    2.23809  36.6%     -    0s
     0     0    2.29863    0  135    3.53196    2.29863  34.9%     -    0s
     0     0    2.33169    0  159    3.53196    2.33169  34.0%     -    0s
     0     0    2.34874    0  216    3.53196    2.34874  33.5%     -    1s
     0     0    2.36396    0  178    3.53196    2.36396  33.1%     -    1s
     0     0    2.36596    0  173    3.53196    2.36596  33.0%     -    1s
     0     0    2.36609    0  174    3.53196    2.36609  33.0%     -    1s
     0     0    2.36611    0  173    3.53196    2.36611  33.0%     -    1s
     0     0    2.39976    0  173    3.53196    2.39976  32.1%     -    1s
     0     0    2.40749    0  157    3.53196    2.40749  31.8%     -    1s
     0     0    2.40920    0  169    3.53196    2.40920  31.8%     -    1s
     0     0    2.40929    0  158    3.53196    2.40929  31.8%     -    1s
     0     0    2.41456    0  132    3.53196    2.41456  31.6%     -    1s
     0     0    2.41560    0  171    3.53196    2.41560  31.6%     -    1s
     0     0    2.41602    0  158    3.53196    2.41602  31.6%     -    1s
     0     0    2.41626    0  165    3.53196    2.41626  31.6%     -    1s
     0     0    2.41633    0  169    3.53196    2.41633  31.6%     -    1s
     0     0    2.42183    0  175    3.53196    2.42183  31.4%     -    1s
     0     0    2.42402    0  168    3.53196    2.42402  31.4%     -    1s
     0     0    2.42417    0  160    3.53196    2.42417  31.4%     -    1s
     0     0    2.42541    0  165    3.53196    2.42541  31.3%     -    1s
     0     0    2.42568    0  183    3.53196    2.42568  31.3%     -    1s
     0     0    2.42574    0  180    3.53196    2.42574  31.3%     -    1s
     0     0    2.42914    0  162    3.53196    2.42914  31.2%     -    1s
H    0     0                       3.2900880    2.42914  26.2%     -    1s
     0     0    2.43053    0  199    3.29009    2.43053  26.1%     -    1s
     0     0    2.43098    0  203    3.29009    2.43098  26.1%     -    1s
     0     0    2.43126    0  209    3.29009    2.43126  26.1%     -    1s
     0     0    2.43135    0  211    3.29009    2.43135  26.1%     -    1s
     0     0    2.43471    0  176    3.29009    2.43471  26.0%     -    1s
     0     0    2.43530    0  188    3.29009    2.43530  26.0%     -    1s
     0     0    2.43541    0  196    3.29009    2.43541  26.0%     -    1s
     0     0    2.43875    0  152    3.29009    2.43875  25.9%     -    1s
H    0     0                       3.2300252    2.43875  24.5%     -    1s
     0     0    2.43951    0  176    3.23003    2.43951  24.5%     -    1s
     0     0    2.43963    0  177    3.23003    2.43963  24.5%     -    1s
     0     0    2.44340    0  189    3.23003    2.44340  24.4%     -    1s
H    0     0                       3.1781761    2.44340  23.1%     -    1s
     0     0    2.44505    0  190    3.17818    2.44505  23.1%     -    2s
     0     0    2.44555    0  181    3.17818    2.44555  23.1%     -    2s
     0     0    2.44588    0  184    3.17818    2.44588  23.0%     -    2s
     0     0    2.44595    0  177    3.17818    2.44595  23.0%     -    2s
     0     0    2.44781    0  200    3.17818    2.44781  23.0%     -    2s
     0     0    2.44824    0  181    3.17818    2.44824  23.0%     -    2s
     0     0    2.44885    0  207    3.17818    2.44885  22.9%     -    2s
     0     0    2.44907    0  214    3.17818    2.44907  22.9%     -    2s
     0     0    2.45088    0  161    3.17818    2.45088  22.9%     -    2s
     0     0    2.45183    0  182    3.17818    2.45183  22.9%     -    2s
     0     0    2.45188    0  183    3.17818    2.45188  22.9%     -    2s
     0     0    2.45319    0  170    3.17818    2.45319  22.8%     -    2s
     0     0    2.45319    0  164    3.17818    2.45319  22.8%     -    2s
H    0     0                       3.1070440    2.45319  21.0%     -    4s
     0     2    2.45329    0  163    3.10704    2.45329  21.0%     -    4s
     6     8    2.47273    4  155    3.10704    2.46145  20.8%   457    5s
   258   233    2.75894   42   91    3.10704    2.47358  20.4%   176   10s
H  300   272                       3.0894843    2.47358  19.9%   171   10s
   513   443    2.60508   20  178    3.08948    2.50776  18.8%   168   15s
   561   475    2.92891  116  238    3.08948    2.50776  18.8%   153   20s
   582   491    2.51311   15  212    3.08948    2.51311  18.7%   181   26s
   589   496    2.55703   18  169    3.08948    2.51456  18.6%   188   30s
H  591   469                       3.0511887    2.51724  17.5%   188   31s
   607   482    2.69044   27  151    3.05119    2.54944  16.4%   205   35s
   688   535    2.71115   68  134    3.05119    2.55128  16.4%   225   40s
*  889   575             171       3.0347799    2.55128  15.9%   194   42s
   927   591    2.77072   45  130    3.03478    2.55144  15.9%   205   45s
  1116   674    2.88414   68  100    3.03478    2.55728  15.7%   217   50s
H 1196   575                       2.9239371    2.55789  12.5%   220   52s
H 1223   476                       2.8483459    2.55789  10.2%   219   53s
  1313   497    2.80668   28   92    2.84835    2.57496  9.60%   217   55s
H 1358   460                       2.8216227    2.57496  8.74%   215   56s
  1510   504    2.65651   26  149    2.82162    2.58544  8.37%   213   60s
  1738   612    2.71360   36  125    2.82162    2.59736  7.95%   209   65s
  1868   694    2.68968   38  140    2.82162    2.59952  7.87%   215   70s
  1972   753    2.67977   28  137    2.82162    2.60333  7.74%   223   75s
  2162   837    2.72493   36  151    2.82162    2.60854  7.55%   221   80s
  2297   924    2.62039   26  127    2.82162    2.61265  7.41%   228   85s
  2484   998    2.66532   22  188    2.82162    2.61788  7.22%   231   90s
  2638  1103    2.81056   50   63    2.82162    2.62065  7.12%   234   95s
  2810  1216    2.71325   31   87    2.82162    2.62195  7.08%   236  100s
  2891  1247    2.80972   46  139    2.82162    2.62535  6.96%   242  105s
  2958  1285    2.81654   49   49    2.82162    2.62640  6.92%   240  111s
  3036  1300    2.81977   79  109    2.82162    2.62642  6.92%   241  115s
  3298  1475    2.75004   54   97    2.82162    2.63129  6.75%   235  120s
  3510  1607    2.67931   34  156    2.82162    2.63412  6.65%   234  125s
  3717  1740    2.77718   39  142    2.82162    2.63692  6.55%   231  130s
  3918  1771    2.75348   50  129    2.82162    2.63859  6.49%   232  135s
  4104  1853    2.66212   33  197    2.82162    2.64180  6.37%   234  140s
  4259  1878    2.78574   37  120    2.82162    2.64257  6.35%   237  145s
  4477  2010    2.81263   29  143    2.82162    2.64324  6.32%   235  150s
  4776  2179     cutoff   34         2.82162    2.64477  6.27%   230  155s
  5091  2336    2.79597   40   95    2.82162    2.64580  6.23%   226  160s
  5202  2403    2.72075   51   75    2.82162    2.64621  6.22%   228  165s
  5373  2491    2.72887   32  150    2.82162    2.64900  6.12%   228  170s
  5606  2635    2.75936   18  167    2.82162    2.65106  6.04%   226  175s
  5721  2685    2.79193   30  156    2.82162    2.65372  5.95%   229  180s
  5887  2759    2.77790   56   86    2.82162    2.65559  5.88%   230  185s
  6046  2825    2.69614   52  128    2.82162    2.65687  5.84%   231  190s
  6275  2910    2.76315   19  153    2.82162    2.65954  5.74%   232  195s
  6431  2959    2.71127   26  113    2.82162    2.66213  5.65%   234  200s
H 6539  2986                       2.8186226    2.66299  5.52%   234  203s
  6606  3013    2.67528   39  108    2.81862    2.66364  5.50%   235  205s
  6786  3115    2.70493   33   89    2.81862    2.66459  5.46%   236  210s
  7011  3250    2.78153   84   88    2.81862    2.66588  5.42%   235  215s
  7198  3314    2.76162   49  140    2.81862    2.66753  5.36%   236  220s
  7367  3404     cutoff   43         2.81862    2.66834  5.33%   236  225s
  7584  3538     cutoff   31         2.81862    2.66935  5.30%   234  230s
  7696  3569    2.72925   37   89    2.81862    2.67158  5.22%   236  235s
  7893  3655     cutoff   34         2.81862    2.67392  5.13%   236  240s
  8040  3741    2.79853   67  128    2.81862    2.67522  5.09%   237  245s
  8177  3799    2.74126   37  131    2.81862    2.67683  5.03%   238  250s
H 8199  3707                       2.8127924    2.67749  4.81%   238  251s
  8345  3776    2.76621  104   52    2.81279    2.67875  4.77%   238  255s
  8585  3910    2.75413   36   87    2.81279    2.67959  4.74%   237  260s
  8789  3968    2.70841   44   84    2.81279    2.68213  4.65%   237  265s
  9050  4093     cutoff   74         2.81279    2.68301  4.61%   236  270s
  9282  4191    2.80552   39  113    2.81279    2.68389  4.58%   235  275s
H 9411  2006                       2.7669623    2.68448  2.98%   235  278s
  9482  2014     cutoff   71         2.76696    2.68566  2.94%   235  280s
  9645  2058     cutoff   48         2.76696    2.68760  2.87%   237  285s
  9792  2097     cutoff   52         2.76696    2.68913  2.81%   238  290s
  9950  2104     cutoff   38         2.76696    2.69130  2.73%   239  295s

Cutting planes:
  Gomory: 10
  Cover: 53
  Implied bound: 4
  Clique: 13
  MIR: 242
  StrongCG: 3
  Flow cover: 548
  GUB cover: 1
  Inf proof: 1
  Mod-K: 2
  RLT: 20
  Relax-and-lift: 337

Explored 10159 nodes (2446324 simplex iterations) in 300.00 seconds
Thread count was 1 (of 4 available processors)

Solution count 10: 2.76696 2.81279 2.81862 ... 3.10704

Time limit reached
Best objective 2.766962271020e+00, best bound 2.693777748433e+00, gap 2.6449%
