Using license file /home/benedond/gurobi.lic
Using gurobi.env file
Set parameter Threads to value 1
Academic license - for non-commercial use only
Changed value of parameter TimeLimit to 300.0
   Prev: inf  Min: 0.0  Max: inf  Default: inf
Gurobi Optimizer version 9.0.1 build v9.0.1rc0 (linux64)
Optimize a model with 2115 rows, 1964 columns and 9488 nonzeros
Model fingerprint: 0x2172276f
Variable types: 60 continuous, 1904 integer (1904 binary)
Coefficient statistics:
  Matrix range     [2e-01, 4e+02]
  Objective range  [8e-03, 3e-01]
  Bounds range     [1e+00, 1e+00]
  RHS range        [1e+00, 1e+03]
Found heuristic solution: objective 5.1569001
Presolve removed 81 rows and 62 columns
Presolve time: 0.05s
Presolved: 2034 rows, 1902 columns, 9218 nonzeros
Variable types: 59 continuous, 1843 integer (1843 binary)

Root relaxation: objective 2.321088e+00, 2380 iterations, 0.09 seconds

    Nodes    |    Current Node    |     Objective Bounds      |     Work
 Expl Unexpl |  Obj  Depth IntInf | Incumbent    BestBd   Gap | It/Node Time

     0     0    2.32109    0  149    5.15690    2.32109  55.0%     -    0s
H    0     0                       4.4333584    2.32109  47.6%     -    0s
H    0     0                       3.5041500    2.32109  33.8%     -    0s
     0     0    2.44495    0  154    3.50415    2.44495  30.2%     -    0s
     0     0    2.45759    0  134    3.50415    2.45759  29.9%     -    0s
     0     0    2.52662    0  134    3.50415    2.52662  27.9%     -    0s
     0     0    2.53025    0  127    3.50415    2.53025  27.8%     -    0s
     0     0    2.61902    0  177    3.50415    2.61902  25.3%     -    0s
     0     0    2.67992    0  123    3.50415    2.67992  23.5%     -    0s
     0     0    2.68510    0  125    3.50415    2.68510  23.4%     -    0s
     0     0    2.68654    0  141    3.50415    2.68654  23.3%     -    0s
     0     0    2.68692    0  124    3.50415    2.68692  23.3%     -    0s
     0     0    2.68704    0  121    3.50415    2.68704  23.3%     -    0s
     0     0    2.75642    0  157    3.50415    2.75642  21.3%     -    0s
     0     0    2.76843    0  143    3.50415    2.76843  21.0%     -    1s
     0     0    2.77448    0  142    3.50415    2.77448  20.8%     -    1s
     0     0    2.77573    0  145    3.50415    2.77573  20.8%     -    1s
     0     0    2.77583    0  144    3.50415    2.77583  20.8%     -    1s
     0     0    2.79292    0  179    3.50415    2.79292  20.3%     -    1s
     0     0    2.79813    0  152    3.50415    2.79813  20.1%     -    1s
     0     0    2.79955    0  159    3.50415    2.79955  20.1%     -    1s
     0     0    2.79993    0  155    3.50415    2.79993  20.1%     -    1s
     0     0    2.79998    0  169    3.50415    2.79998  20.1%     -    1s
     0     0    2.80922    0  170    3.50415    2.80922  19.8%     -    1s
     0     0    2.81177    0  155    3.50415    2.81177  19.8%     -    1s
     0     0    2.81205    0  163    3.50415    2.81205  19.8%     -    1s
     0     0    2.82258    0  162    3.50415    2.82258  19.5%     -    1s
     0     0    2.82449    0  162    3.50415    2.82449  19.4%     -    1s
     0     0    2.82477    0  152    3.50415    2.82477  19.4%     -    1s
     0     0    2.82789    0  128    3.50415    2.82789  19.3%     -    1s
H    0     0                       3.1862833    2.82789  11.2%     -    1s
     0     0    2.82879    0  166    3.18628    2.82879  11.2%     -    1s
     0     0    2.82934    0  138    3.18628    2.82934  11.2%     -    1s
     0     0    2.82964    0  163    3.18628    2.82964  11.2%     -    1s
     0     0    2.84168    0  172    3.18628    2.84168  10.8%     -    1s
     0     0    2.84657    0  207    3.18628    2.84657  10.7%     -    1s
     0     0    2.84776    0  226    3.18628    2.84776  10.6%     -    1s
     0     0    2.84796    0  233    3.18628    2.84796  10.6%     -    1s
     0     0    2.85381    0  154    3.18628    2.85381  10.4%     -    1s
     0     0    2.85486    0  177    3.18628    2.85486  10.4%     -    1s
     0     0    2.85527    0  206    3.18628    2.85527  10.4%     -    1s
     0     0    2.85779    0  165    3.18628    2.85779  10.3%     -    2s
     0     0    2.85779    0  165    3.18628    2.85779  10.3%     -    2s
     0     2    2.85786    0  164    3.18628    2.85786  10.3%     -    2s
H   27    26                       3.1389000    2.86968  8.58%   179    4s
H   82    76                       3.1373167    2.86968  8.53%   110    4s
   106    89    3.05302    4  136    3.13732    2.87028  8.51%   108    5s
   483   364    3.04326   13   73    3.13732    2.87982  8.21%   105   10s
H  510   368                       3.1213334    2.88031  7.72%   102   10s
H  531   362                       3.1208750    2.88031  7.71%  98.2   12s
   578   394    3.07861   24  156    3.12088    2.91560  6.58%  90.2   15s
H  610   393                       3.1001584    2.92378  5.69%  85.5   21s
   623   400    3.01860   17  131    3.10016    2.93141  5.44%   118   25s
   736   402    3.00788   20   73    3.10016    2.93954  5.18%   136   30s
H  807   399                       3.0841500    2.93954  4.69%   138   31s
H  810   364                       3.0522334    2.93954  3.69%   138   31s
*  861   311              32       3.0232500    2.93974  2.76%   138   32s
H 1076   226                       2.9999250    2.96219  1.26%   134   35s

Cutting planes:
  Gomory: 4
  Cover: 28
  Implied bound: 6
  Clique: 6
  MIR: 120
  StrongCG: 1
  Flow cover: 303
  Zero half: 2
  RLT: 15
  Relax-and-lift: 203

Explored 1309 nodes (180167 simplex iterations) in 38.56 seconds
Thread count was 1 (of 4 available processors)

Solution count 10: 2.99993 3.02325 3.05223 ... 3.18628

Optimal solution found (tolerance 1.00e-04)
Best objective 2.999925039075e+00, best bound 2.999925039075e+00, gap 0.0000%
