Using license file /home/benedond/gurobi.lic
Using gurobi.env file
Set parameter Threads to value 1
Academic license - for non-commercial use only
Changed value of parameter TimeLimit to 300.0
   Prev: inf  Min: 0.0  Max: inf  Default: inf
Gurobi Optimizer version 9.0.1 build v9.0.1rc0 (linux64)
Optimize a model with 3360 rows, 3240 columns and 12918 nonzeros
Model fingerprint: 0x1193c415
Variable types: 40 continuous, 3200 integer (3200 binary)
Coefficient statistics:
  Matrix range     [1e+00, 5e+02]
  Objective range  [4e+01, 5e+02]
  Bounds range     [1e+00, 1e+00]
  RHS range        [1e+00, 2e+03]
Presolve removed 97 rows and 97 columns
Presolve time: 0.31s
Presolved: 3263 rows, 3143 columns, 12530 nonzeros
Variable types: 40 continuous, 3103 integer (3103 binary)

Root relaxation: objective 1.936000e+03, 953 iterations, 0.03 seconds

    Nodes    |    Current Node    |     Objective Bounds      |     Work
 Expl Unexpl |  Obj  Depth IntInf | Incumbent    BestBd   Gap | It/Node Time

     0     0 1936.00000    0   64          - 1936.00000      -     -    0s
H    0     0                    3824.0000000 1936.00000  49.4%     -    0s
H    0     0                    3341.0000000 1936.00000  42.1%     -    0s
     0     0 1936.00000    0   61 3341.00000 1936.00000  42.1%     -    1s
     0     0 1936.00000    0   56 3341.00000 1936.00000  42.1%     -    5s
H    0     0                    2925.0000000 1936.00000  33.8%     -    5s
     0     0 1936.00000    0   85 2925.00000 1936.00000  33.8%     -    5s
     0     0 1936.00000    0   85 2925.00000 1936.00000  33.8%     -    5s
     0     0 1936.00000    0   63 2925.00000 1936.00000  33.8%     -    5s
     0     0 1936.00000    0   57 2925.00000 1936.00000  33.8%     -    5s
     0     0 1936.00000    0   60 2925.00000 1936.00000  33.8%     -    5s
     0     0 1936.00000    0   67 2925.00000 1936.00000  33.8%     -    5s
     0     0 1936.00000    0   79 2925.00000 1936.00000  33.8%     -    5s
     0     0 1936.00000    0   70 2925.00000 1936.00000  33.8%     -    5s
     0     2 1936.00000    0   60 2925.00000 1936.00000  33.8%     -    5s
H  108   100                    2853.0000000 1936.00000  32.1%  38.9    6s
H  164   152                    2789.0000000 1936.00000  30.6%  32.1    6s
H  416   352                    2725.0000000 1936.00000  29.0%  22.3    7s
   526   442 1936.00000   11   78 2725.00000 1936.00000  29.0%  19.7   10s
H  668   497                    2701.0000000 1936.00000  28.3%  40.6   12s
H  688   486                    2486.0000000 1936.00000  22.1%  39.9   12s
  1110   609 1936.00000   32   66 2486.00000 1936.00000  22.1%  35.6   15s
  3045  1558 2395.21963   61   72 2486.00000 1936.00000  22.1%  29.1   20s
  4479  2285     cutoff   71      2486.00000 1936.00000  22.1%  30.5   25s
  5914  3055 1981.71619   40   62 2486.00000 1936.00000  22.1%  30.2   30s
  8011  4070 infeasible   63      2486.00000 1936.00000  22.1%  29.3   35s
  9615  4788 2352.43315   38   65 2486.00000 1936.00000  22.1%  29.8   40s
 10226  5049 1936.00000   24   54 2486.00000 1936.00000  22.1%  30.7   45s
 10714  5111 2235.00000   62   50 2486.00000 1936.00000  22.1%  30.4   50s
 11822  5262 2207.34251   39   63 2486.00000 1936.00000  22.1%  29.7   55s
 13889  5355 2237.91815   48   53 2486.00000 1936.00000  22.1%  28.3   60s
 15303  5553     cutoff   70      2486.00000 1936.00000  22.1%  27.4   65s
 17212  5666 1940.05012   51   88 2486.00000 1936.00000  22.1%  26.9   70s
 19247  6001     cutoff   75      2486.00000 1941.45372  21.9%  26.6   75s
 22552  6182 infeasible   65      2486.00000 1979.40018  20.4%  25.7   80s
 25658  6536 2420.64250   53   43 2486.00000 2019.82756  18.8%  24.9   85s
 28675  7435 2286.67226   66   45 2486.00000 2061.87109  17.1%  24.7   90s
 31845  8461     cutoff   47      2486.00000 2108.70765  15.2%  24.3   95s
 35707  9772 2416.59645   77   38 2486.00000 2138.42401  14.0%  23.9  100s
 39064 10512     cutoff   63      2486.00000 2170.24275  12.7%  23.7  105s
 42291 11233 2203.06372   63   48 2486.00000 2197.39316  11.6%  23.4  110s
 45909 11927 2298.70788   58   61 2486.00000 2221.05185  10.7%  23.0  115s
 49159 12477 2411.25400   59   60 2486.00000 2235.00000  10.1%  22.7  120s
 52037 12809 2347.26062   50   47 2486.00000 2245.84501  9.66%  22.5  125s
 55741 12928     cutoff   48      2486.00000 2263.42156  8.95%  22.2  130s
 59312 12998 infeasible   66      2486.00000 2277.01107  8.41%  21.9  135s
 63130 12937 2412.14857   56   49 2486.00000 2292.44888  7.79%  21.5  140s
 67009 12683 2432.86318   64   43 2486.00000 2306.98270  7.20%  21.2  145s
 69944 12528     cutoff   75      2486.00000 2317.25077  6.79%  20.9  150s
 74322 11819     cutoff   58      2486.00000 2332.84399  6.16%  20.5  155s
 78509 11045 2368.38396   71   32 2486.00000 2347.40343  5.58%  20.2  160s
 83276 10297     cutoff   70      2486.00000 2361.59866  5.00%  19.8  165s
 88286  9525     cutoff   67      2486.00000 2373.68001  4.52%  19.3  170s
 93481  8665     cutoff   63      2486.00000 2385.33639  4.05%  18.9  175s
 98432  7331 2406.49056   84   51 2486.00000 2398.74349  3.51%  18.5  180s
 102767  5769 2428.33017   56   44 2486.00000 2410.97790  3.02%  18.2  185s
 107485  3699     cutoff   70      2486.00000 2427.05736  2.37%  17.9  190s
 112406  1050     cutoff   68      2486.00000 2455.50852  1.23%  17.5  195s

Cutting planes:
  Gomory: 4
  Implied bound: 1
  Projected implied bound: 9
  Clique: 2
  MIR: 7
  Flow cover: 35
  GUB cover: 6
  Relax-and-lift: 7

Explored 113630 nodes (1993065 simplex iterations) in 196.19 seconds
Thread count was 1 (of 4 available processors)

Solution count 8: 2486 2701 2725 ... 3824

Optimal solution found (tolerance 1.00e-04)
Best objective 2.486000000000e+03, best bound 2.486000000000e+03, gap 0.0000%
