Using license file /home/benedond/gurobi.lic
Using gurobi.env file
Set parameter Threads to value 1
Academic license - for non-commercial use only
Changed value of parameter TimeLimit to 299.99993109703064
   Prev: inf  Min: 0.0  Max: inf  Default: inf
Gurobi Optimizer version 9.0.1 build v9.0.1rc0 (linux64)
Optimize a model with 5201 rows, 5050 columns and 20198 nonzeros
Model fingerprint: 0x73262a46
Variable types: 50 continuous, 5000 integer (5000 binary)
Coefficient statistics:
  Matrix range     [1e+00, 5e+02]
  Objective range  [0e+00, 0e+00]
  Bounds range     [1e+00, 1e+00]
  RHS range        [1e+00, 2e+03]
Presolve removed 169 rows and 168 columns
Presolve time: 0.45s
Presolved: 5032 rows, 4882 columns, 19476 nonzeros
Variable types: 50 continuous, 4832 integer (4832 binary)

Root relaxation: objective 0.000000e+00, 730 iterations, 0.03 seconds

    Nodes    |    Current Node    |     Objective Bounds      |     Work
 Expl Unexpl |  Obj  Depth IntInf | Incumbent    BestBd   Gap | It/Node Time

     0     0    0.00000    0   10          -    0.00000      -     -    0s
H    0     0                       0.0000000    0.00000  0.00%     -    0s

Explored 1 nodes (2442 simplex iterations) in 0.66 seconds
Thread count was 1 (of 4 available processors)

Solution count 1: 0 

Optimal solution found (tolerance 1.00e-04)
Best objective 0.000000000000e+00, best bound 0.000000000000e+00, gap 0.0000%
Changed value of parameter TimeLimit to 299.0779941082001
   Prev: inf  Min: 0.0  Max: inf  Default: inf
Gurobi Optimizer version 9.0.1 build v9.0.1rc0 (linux64)
Optimize a model with 5202 rows, 5050 columns and 20248 nonzeros
Model fingerprint: 0x2d252929
Variable types: 50 continuous, 5000 integer (5000 binary)
Coefficient statistics:
  Matrix range     [1e+00, 5e+02]
  Objective range  [0e+00, 0e+00]
  Bounds range     [1e+00, 1e+00]
  RHS range        [1e+00, 2e+03]
Presolve removed 279 rows and 277 columns
Presolve time: 0.54s
Presolved: 4923 rows, 4773 columns, 19040 nonzeros
Variable types: 50 continuous, 4723 integer (4723 binary)

Root relaxation: objective 0.000000e+00, 694 iterations, 0.03 seconds

    Nodes    |    Current Node    |     Objective Bounds      |     Work
 Expl Unexpl |  Obj  Depth IntInf | Incumbent    BestBd   Gap | It/Node Time

H    0     0                       0.0000000    0.00000  0.00%     -    0s
     0     0    0.00000    0   43    0.00000    0.00000  0.00%     -    0s

Explored 0 nodes (1036 simplex iterations) in 0.62 seconds
Thread count was 1 (of 4 available processors)

Solution count 1: 0 

Optimal solution found (tolerance 1.00e-04)
Best objective 0.000000000000e+00, best bound 0.000000000000e+00, gap 0.0000%
Changed value of parameter TimeLimit to 298.21405267715454
   Prev: inf  Min: 0.0  Max: inf  Default: inf
Gurobi Optimizer version 9.0.1 build v9.0.1rc0 (linux64)
Optimize a model with 5203 rows, 5050 columns and 20298 nonzeros
Model fingerprint: 0x381c5fc8
Variable types: 50 continuous, 5000 integer (5000 binary)
Coefficient statistics:
  Matrix range     [1e+00, 5e+02]
  Objective range  [0e+00, 0e+00]
  Bounds range     [1e+00, 1e+00]
  RHS range        [1e+00, 2e+03]
Presolve removed 381 rows and 378 columns
Presolve time: 0.58s
Presolved: 4822 rows, 4672 columns, 18636 nonzeros
Variable types: 50 continuous, 4622 integer (4622 binary)

Root relaxation: objective 0.000000e+00, 641 iterations, 0.03 seconds

    Nodes    |    Current Node    |     Objective Bounds      |     Work
 Expl Unexpl |  Obj  Depth IntInf | Incumbent    BestBd   Gap | It/Node Time

H    0     0                       0.0000000    0.00000  0.00%     -    0s
     0     0    0.00000    0   16    0.00000    0.00000  0.00%     -    0s

Explored 0 nodes (974 simplex iterations) in 0.65 seconds
Thread count was 1 (of 4 available processors)

Solution count 1: 0 

Optimal solution found (tolerance 1.00e-04)
Best objective 0.000000000000e+00, best bound 0.000000000000e+00, gap 0.0000%
Changed value of parameter TimeLimit to 297.32255482673645
   Prev: inf  Min: 0.0  Max: inf  Default: inf
Gurobi Optimizer version 9.0.1 build v9.0.1rc0 (linux64)
Optimize a model with 5204 rows, 5050 columns and 20348 nonzeros
Model fingerprint: 0x43abc2c8
Variable types: 50 continuous, 5000 integer (5000 binary)
Coefficient statistics:
  Matrix range     [1e+00, 5e+02]
  Objective range  [0e+00, 0e+00]
  Bounds range     [1e+00, 1e+00]
  RHS range        [1e+00, 2e+03]
Presolve removed 478 rows and 474 columns
Presolve time: 0.60s
Presolved: 4726 rows, 4576 columns, 18252 nonzeros
Variable types: 50 continuous, 4526 integer (4526 binary)

Root relaxation: objective 0.000000e+00, 727 iterations, 0.03 seconds

    Nodes    |    Current Node    |     Objective Bounds      |     Work
 Expl Unexpl |  Obj  Depth IntInf | Incumbent    BestBd   Gap | It/Node Time

     0     0    0.00000    0   44          -    0.00000      -     -    0s
     0     0    0.00000    0   35          -    0.00000      -     -    1s
H    0     0                       0.0000000    0.00000  0.00%     -    1s
     0     0    0.00000    0   35    0.00000    0.00000  0.00%     -    1s

Cutting planes:
  MIR: 5

Explored 1 nodes (7789 simplex iterations) in 1.14 seconds
Thread count was 1 (of 4 available processors)

Solution count 1: 0 

Optimal solution found (tolerance 1.00e-04)
Best objective 0.000000000000e+00, best bound 0.000000000000e+00, gap 0.0000%
Changed value of parameter TimeLimit to 295.9474582672119
   Prev: inf  Min: 0.0  Max: inf  Default: inf
Gurobi Optimizer version 9.0.1 build v9.0.1rc0 (linux64)
Optimize a model with 5205 rows, 5050 columns and 20398 nonzeros
Model fingerprint: 0x934774e8
Variable types: 50 continuous, 5000 integer (5000 binary)
Coefficient statistics:
  Matrix range     [1e+00, 5e+02]
  Objective range  [0e+00, 0e+00]
  Bounds range     [1e+00, 1e+00]
  RHS range        [1e+00, 2e+03]
Presolve removed 568 rows and 563 columns
Presolve time: 0.63s
Presolved: 4637 rows, 4487 columns, 17896 nonzeros
Variable types: 50 continuous, 4437 integer (4437 binary)

Root relaxation: objective 0.000000e+00, 672 iterations, 0.02 seconds

    Nodes    |    Current Node    |     Objective Bounds      |     Work
 Expl Unexpl |  Obj  Depth IntInf | Incumbent    BestBd   Gap | It/Node Time

H    0     0                       0.0000000    0.00000  0.00%     -    0s
     0     0    0.00000    0   22    0.00000    0.00000  0.00%     -    0s

Explored 0 nodes (2479 simplex iterations) in 0.77 seconds
Thread count was 1 (of 4 available processors)

Solution count 1: 0 

Optimal solution found (tolerance 1.00e-04)
Best objective 0.000000000000e+00, best bound 0.000000000000e+00, gap 0.0000%
Changed value of parameter TimeLimit to 294.9372880458832
   Prev: inf  Min: 0.0  Max: inf  Default: inf
Gurobi Optimizer version 9.0.1 build v9.0.1rc0 (linux64)
Optimize a model with 5206 rows, 5050 columns and 20448 nonzeros
Model fingerprint: 0x15ec94a2
Variable types: 50 continuous, 5000 integer (5000 binary)
Coefficient statistics:
  Matrix range     [1e+00, 5e+02]
  Objective range  [0e+00, 0e+00]
  Bounds range     [1e+00, 1e+00]
  RHS range        [1e+00, 2e+03]
Presolve removed 663 rows and 657 columns
Presolve time: 0.66s
Presolved: 4543 rows, 4393 columns, 17520 nonzeros
Variable types: 50 continuous, 4343 integer (4343 binary)

Root relaxation: objective 0.000000e+00, 621 iterations, 0.02 seconds

    Nodes    |    Current Node    |     Objective Bounds      |     Work
 Expl Unexpl |  Obj  Depth IntInf | Incumbent    BestBd   Gap | It/Node Time

     0     0    0.00000    0   50          -    0.00000      -     -    0s
H    0     0                       0.0000000    0.00000  0.00%     -    0s
     0     0    0.00000    0   50    0.00000    0.00000  0.00%     -    0s

Explored 1 nodes (2883 simplex iterations) in 0.97 seconds
Thread count was 1 (of 4 available processors)

Solution count 1: 0 

Optimal solution found (tolerance 1.00e-04)
Best objective 0.000000000000e+00, best bound 0.000000000000e+00, gap 0.0000%
Changed value of parameter TimeLimit to 293.72987055778503
   Prev: inf  Min: 0.0  Max: inf  Default: inf
Gurobi Optimizer version 9.0.1 build v9.0.1rc0 (linux64)
Optimize a model with 5207 rows, 5050 columns and 20498 nonzeros
Model fingerprint: 0xf7ec9804
Variable types: 50 continuous, 5000 integer (5000 binary)
Coefficient statistics:
  Matrix range     [1e+00, 5e+02]
  Objective range  [0e+00, 0e+00]
  Bounds range     [1e+00, 1e+00]
  RHS range        [1e+00, 2e+03]
Presolve removed 740 rows and 733 columns
Presolve time: 0.67s
Presolved: 4467 rows, 4317 columns, 17216 nonzeros
Variable types: 50 continuous, 4267 integer (4267 binary)

Root relaxation: objective 0.000000e+00, 589 iterations, 0.02 seconds

    Nodes    |    Current Node    |     Objective Bounds      |     Work
 Expl Unexpl |  Obj  Depth IntInf | Incumbent    BestBd   Gap | It/Node Time

     0     0    0.00000    0   73          -    0.00000      -     -    0s
H    0     0                       0.0000000    0.00000  0.00%     -    1s
     0     0    0.00000    0   31    0.00000    0.00000  0.00%     -    1s

Cutting planes:
  Gomory: 5
  Cover: 1
  MIR: 23
  Relax-and-lift: 31

Explored 1 nodes (6415 simplex iterations) in 1.14 seconds
Thread count was 1 (of 4 available processors)

Solution count 1: 0 

Optimal solution found (tolerance 1.00e-04)
Best objective 0.000000000000e+00, best bound 0.000000000000e+00, gap 0.0000%
Changed value of parameter TimeLimit to 292.35406494140625
   Prev: inf  Min: 0.0  Max: inf  Default: inf
Gurobi Optimizer version 9.0.1 build v9.0.1rc0 (linux64)
Optimize a model with 5208 rows, 5050 columns and 20548 nonzeros
Model fingerprint: 0x7b64f828
Variable types: 50 continuous, 5000 integer (5000 binary)
Coefficient statistics:
  Matrix range     [1e+00, 5e+02]
  Objective range  [0e+00, 0e+00]
  Bounds range     [1e+00, 1e+00]
  RHS range        [1e+00, 2e+03]
Presolve removed 838 rows and 830 columns
Presolve time: 0.68s
Presolved: 4370 rows, 4220 columns, 16828 nonzeros
Variable types: 50 continuous, 4170 integer (4170 binary)

Root relaxation: objective 0.000000e+00, 642 iterations, 0.02 seconds

    Nodes    |    Current Node    |     Objective Bounds      |     Work
 Expl Unexpl |  Obj  Depth IntInf | Incumbent    BestBd   Gap | It/Node Time

H    0     0                       0.0000000    0.00000  0.00%     -    0s
     0     0    0.00000    0    5    0.00000    0.00000  0.00%     -    0s

Explored 0 nodes (1161 simplex iterations) in 0.75 seconds
Thread count was 1 (of 4 available processors)

Solution count 1: 0 

Optimal solution found (tolerance 1.00e-04)
Best objective 0.000000000000e+00, best bound 0.000000000000e+00, gap 0.0000%
Changed value of parameter TimeLimit to 291.35829401016235
   Prev: inf  Min: 0.0  Max: inf  Default: inf
Gurobi Optimizer version 9.0.1 build v9.0.1rc0 (linux64)
Optimize a model with 5209 rows, 5050 columns and 20598 nonzeros
Model fingerprint: 0x0c89fc98
Variable types: 50 continuous, 5000 integer (5000 binary)
Coefficient statistics:
  Matrix range     [1e+00, 5e+02]
  Objective range  [0e+00, 0e+00]
  Bounds range     [1e+00, 1e+00]
  RHS range        [1e+00, 2e+03]
Presolve removed 921 rows and 912 columns
Presolve time: 0.69s
Presolved: 4288 rows, 4138 columns, 16500 nonzeros
Variable types: 50 continuous, 4088 integer (4088 binary)

Root relaxation: objective 0.000000e+00, 680 iterations, 0.03 seconds

    Nodes    |    Current Node    |     Objective Bounds      |     Work
 Expl Unexpl |  Obj  Depth IntInf | Incumbent    BestBd   Gap | It/Node Time

     0     0    0.00000    0   28          -    0.00000      -     -    1s
     0     0    0.00000    0   52          -    0.00000      -     -    1s
     0     0    0.00000    0   52          -    0.00000      -     -    1s
     0     0    0.00000    0   34          -    0.00000      -     -    1s
     0     0    0.00000    0   31          -    0.00000      -     -    1s
     0     0    0.00000    0  163          -    0.00000      -     -    2s
     0     0    0.00000    0  202          -    0.00000      -     -    2s
H    0     0                       0.0000000    0.00000  0.00%     -    3s
     0     0    0.00000    0   13    0.00000    0.00000  0.00%     -    3s

Cutting planes:
  MIR: 101
  Relax-and-lift: 102

Explored 1 nodes (22303 simplex iterations) in 3.08 seconds
Thread count was 1 (of 4 available processors)

Solution count 1: 0 

Optimal solution found (tolerance 1.00e-04)
Best objective 0.000000000000e+00, best bound 0.000000000000e+00, gap 0.0000%
Changed value of parameter TimeLimit to 288.0378987789154
   Prev: inf  Min: 0.0  Max: inf  Default: inf
Gurobi Optimizer version 9.0.1 build v9.0.1rc0 (linux64)
Optimize a model with 5210 rows, 5050 columns and 20648 nonzeros
Model fingerprint: 0x3db650f6
Variable types: 50 continuous, 5000 integer (5000 binary)
Coefficient statistics:
  Matrix range     [1e+00, 5e+02]
  Objective range  [0e+00, 0e+00]
  Bounds range     [1e+00, 1e+00]
  RHS range        [1e+00, 2e+03]
Presolve removed 1005 rows and 995 columns
Presolve time: 0.69s
Presolved: 4205 rows, 4055 columns, 16168 nonzeros
Variable types: 50 continuous, 4005 integer (4005 binary)

Root relaxation: objective 0.000000e+00, 588 iterations, 0.02 seconds

    Nodes    |    Current Node    |     Objective Bounds      |     Work
 Expl Unexpl |  Obj  Depth IntInf | Incumbent    BestBd   Gap | It/Node Time

     0     0    0.00000    0    6          -    0.00000      -     -    0s
     0     0    0.00000    0   20          -    0.00000      -     -    0s
H    0     0                       0.0000000    0.00000  0.00%     -    0s
     0     0    0.00000    0   20    0.00000    0.00000  0.00%     -    0s

Cutting planes:
  Gomory: 2
  MIR: 5
  Relax-and-lift: 1

Explored 1 nodes (2779 simplex iterations) in 0.91 seconds
Thread count was 1 (of 4 available processors)

Solution count 1: 0 

Optimal solution found (tolerance 1.00e-04)
Best objective 0.000000000000e+00, best bound 0.000000000000e+00, gap 0.0000%
Changed value of parameter TimeLimit to 286.89079546928406
   Prev: inf  Min: 0.0  Max: inf  Default: inf
Gurobi Optimizer version 9.0.1 build v9.0.1rc0 (linux64)
Optimize a model with 5211 rows, 5050 columns and 20698 nonzeros
Model fingerprint: 0x777e0cf3
Variable types: 50 continuous, 5000 integer (5000 binary)
Coefficient statistics:
  Matrix range     [1e+00, 5e+02]
  Objective range  [0e+00, 0e+00]
  Bounds range     [1e+00, 1e+00]
  RHS range        [1e+00, 2e+03]
Presolve removed 1080 rows and 1069 columns
Presolve time: 0.70s
Presolved: 4131 rows, 3981 columns, 15872 nonzeros
Variable types: 50 continuous, 3931 integer (3931 binary)

Root relaxation: objective 0.000000e+00, 551 iterations, 0.02 seconds

    Nodes    |    Current Node    |     Objective Bounds      |     Work
 Expl Unexpl |  Obj  Depth IntInf | Incumbent    BestBd   Gap | It/Node Time

     0     0    0.00000    0   60          -    0.00000      -     -    1s
     0     0    0.00000    0  139          -    0.00000      -     -    1s
     0     0    0.00000    0   28          -    0.00000      -     -    6s
     0     0    0.00000    0   55          -    0.00000      -     -    7s
     0     0    0.00000    0   55          -    0.00000      -     -    7s
H    0     0                       0.0000000    0.00000  0.00%     -    7s
     0     0    0.00000    0   34    0.00000    0.00000  0.00%     -    7s

Cutting planes:
  Gomory: 6
  Cover: 1
  MIR: 42
  RLT: 2
  Relax-and-lift: 18

Explored 1 nodes (14243 simplex iterations) in 7.14 seconds
Thread count was 1 (of 4 available processors)

Solution count 1: 0 

Optimal solution found (tolerance 1.00e-04)
Best objective 0.000000000000e+00, best bound 0.000000000000e+00, gap 0.0000%
Changed value of parameter TimeLimit to 279.51413774490356
   Prev: inf  Min: 0.0  Max: inf  Default: inf
Gurobi Optimizer version 9.0.1 build v9.0.1rc0 (linux64)
Optimize a model with 5212 rows, 5050 columns and 20748 nonzeros
Model fingerprint: 0x23c236d4
Variable types: 50 continuous, 5000 integer (5000 binary)
Coefficient statistics:
  Matrix range     [1e+00, 5e+02]
  Objective range  [0e+00, 0e+00]
  Bounds range     [1e+00, 1e+00]
  RHS range        [1e+00, 2e+03]
Presolve removed 1167 rows and 1155 columns
Presolve time: 0.72s
Presolved: 4045 rows, 3895 columns, 15528 nonzeros
Variable types: 50 continuous, 3845 integer (3845 binary)

Root relaxation: objective 0.000000e+00, 591 iterations, 0.02 seconds

    Nodes    |    Current Node    |     Objective Bounds      |     Work
 Expl Unexpl |  Obj  Depth IntInf | Incumbent    BestBd   Gap | It/Node Time

     0     0    0.00000    0   32          -    0.00000      -     -    1s
     0     0    0.00000    0   58          -    0.00000      -     -    1s
     0     0    0.00000    0   59          -    0.00000      -     -    1s
     0     0    0.00000    0   69          -    0.00000      -     -    1s
H    0     0                       0.0000000    0.00000  0.00%     -    1s
     0     0    0.00000    0   69    0.00000    0.00000  0.00%     -    1s

Cutting planes:
  MIR: 1
  Relax-and-lift: 3

Explored 1 nodes (13602 simplex iterations) in 1.79 seconds
Thread count was 1 (of 4 available processors)

Solution count 1: 0 

Optimal solution found (tolerance 1.00e-04)
Best objective 0.000000000000e+00, best bound 0.000000000000e+00, gap 0.0000%
Changed value of parameter TimeLimit to 277.48314213752747
   Prev: inf  Min: 0.0  Max: inf  Default: inf
Gurobi Optimizer version 9.0.1 build v9.0.1rc0 (linux64)
Optimize a model with 5213 rows, 5050 columns and 20798 nonzeros
Model fingerprint: 0x6b260a3a
Variable types: 50 continuous, 5000 integer (5000 binary)
Coefficient statistics:
  Matrix range     [1e+00, 5e+02]
  Objective range  [0e+00, 0e+00]
  Bounds range     [1e+00, 1e+00]
  RHS range        [1e+00, 2e+03]
Presolve removed 1244 rows and 1231 columns
Presolve time: 0.72s
Presolved: 3969 rows, 3819 columns, 15224 nonzeros
Variable types: 50 continuous, 3769 integer (3769 binary)

Root relaxation: objective 0.000000e+00, 484 iterations, 0.02 seconds

    Nodes    |    Current Node    |     Objective Bounds      |     Work
 Expl Unexpl |  Obj  Depth IntInf | Incumbent    BestBd   Gap | It/Node Time

     0     0    0.00000    0   27          -    0.00000      -     -    0s
     0     0    0.00000    0   38          -    0.00000      -     -    0s
     0     0    0.00000    0   37          -    0.00000      -     -    0s
     0     0    0.00000    0   20          -    0.00000      -     -    1s
     0     0    0.00000    0   54          -    0.00000      -     -    1s
     0     0    0.00000    0   74          -    0.00000      -     -    1s
     0     0    0.00000    0   76          -    0.00000      -     -    1s
     0     0    0.00000    0   26          -    0.00000      -     -    1s
H    0     0                       0.0000000    0.00000  0.00%     -    1s
     0     0    0.00000    0   26    0.00000    0.00000  0.00%     -    1s

Cutting planes:
  MIR: 6
  RLT: 1
  Relax-and-lift: 12

Explored 1 nodes (12037 simplex iterations) in 1.53 seconds
Thread count was 1 (of 4 available processors)

Solution count 1: 0 

Optimal solution found (tolerance 1.00e-04)
Best objective 0.000000000000e+00, best bound 0.000000000000e+00, gap 0.0000%
Changed value of parameter TimeLimit to 275.7128427028656
   Prev: inf  Min: 0.0  Max: inf  Default: inf
Gurobi Optimizer version 9.0.1 build v9.0.1rc0 (linux64)
Optimize a model with 5214 rows, 5050 columns and 20848 nonzeros
Model fingerprint: 0x30369c3a
Variable types: 50 continuous, 5000 integer (5000 binary)
Coefficient statistics:
  Matrix range     [1e+00, 5e+02]
  Objective range  [0e+00, 0e+00]
  Bounds range     [1e+00, 1e+00]
  RHS range        [1e+00, 2e+03]
Presolve removed 1295 rows and 1281 columns
Presolve time: 0.73s
Presolved: 3919 rows, 3769 columns, 15024 nonzeros
Variable types: 50 continuous, 3719 integer (3719 binary)

Root relaxation: objective 0.000000e+00, 597 iterations, 0.02 seconds

    Nodes    |    Current Node    |     Objective Bounds      |     Work
 Expl Unexpl |  Obj  Depth IntInf | Incumbent    BestBd   Gap | It/Node Time

H    0     0                       0.0000000    0.00000  0.00%     -    0s
     0     0    0.00000    0  190    0.00000    0.00000  0.00%     -    0s

Explored 0 nodes (597 simplex iterations) in 0.77 seconds
Thread count was 1 (of 4 available processors)

Solution count 1: 0 

Optimal solution found (tolerance 1.00e-04)
Best objective 0.000000000000e+00, best bound 0.000000000000e+00, gap 0.0000%
Changed value of parameter TimeLimit to 274.70391058921814
   Prev: inf  Min: 0.0  Max: inf  Default: inf
Gurobi Optimizer version 9.0.1 build v9.0.1rc0 (linux64)
Optimize a model with 5215 rows, 5050 columns and 20898 nonzeros
Model fingerprint: 0xfb9ecaec
Variable types: 50 continuous, 5000 integer (5000 binary)
Coefficient statistics:
  Matrix range     [1e+00, 5e+02]
  Objective range  [0e+00, 0e+00]
  Bounds range     [1e+00, 1e+00]
  RHS range        [1e+00, 2e+03]
Presolve removed 1327 rows and 1312 columns
Presolve time: 0.71s
Presolved: 3888 rows, 3738 columns, 14900 nonzeros
Variable types: 50 continuous, 3688 integer (3688 binary)

Root relaxation: objective 0.000000e+00, 609 iterations, 0.02 seconds

    Nodes    |    Current Node    |     Objective Bounds      |     Work
 Expl Unexpl |  Obj  Depth IntInf | Incumbent    BestBd   Gap | It/Node Time

     0     0    0.00000    0   58          -    0.00000      -     -    0s
     0     0    0.00000    0  179          -    0.00000      -     -    1s
     0     0    0.00000    0   43          -    0.00000      -     -    6s
     0     0    0.00000    0  135          -    0.00000      -     -    6s
     0     0    0.00000    0  155          -    0.00000      -     -    6s
     0     0    0.00000    0   11          -    0.00000      -     -    7s
H    0     0                       0.0000000    0.00000  0.00%     -    7s
     0     0    0.00000    0   11    0.00000    0.00000  0.00%     -    7s

Cutting planes:
  MIR: 10
  Relax-and-lift: 47

Explored 1 nodes (10987 simplex iterations) in 7.07 seconds
Thread count was 1 (of 4 available processors)

Solution count 1: 0 

Optimal solution found (tolerance 1.00e-04)
Best objective 0.000000000000e+00, best bound 0.000000000000e+00, gap 0.0000%
Changed value of parameter TimeLimit to 267.3954427242279
   Prev: inf  Min: 0.0  Max: inf  Default: inf
Gurobi Optimizer version 9.0.1 build v9.0.1rc0 (linux64)
Optimize a model with 5216 rows, 5050 columns and 20948 nonzeros
Model fingerprint: 0x34001bb3
Variable types: 50 continuous, 5000 integer (5000 binary)
Coefficient statistics:
  Matrix range     [1e+00, 5e+02]
  Objective range  [0e+00, 0e+00]
  Bounds range     [1e+00, 1e+00]
  RHS range        [1e+00, 2e+03]
Presolve removed 1365 rows and 1349 columns
Presolve time: 0.72s
Presolved: 3851 rows, 3701 columns, 14752 nonzeros
Variable types: 50 continuous, 3651 integer (3651 binary)

Root relaxation: objective 0.000000e+00, 591 iterations, 0.03 seconds

    Nodes    |    Current Node    |     Objective Bounds      |     Work
 Expl Unexpl |  Obj  Depth IntInf | Incumbent    BestBd   Gap | It/Node Time

     0     0    0.00000    0   25          -    0.00000      -     -    0s
H    0     0                       0.0000000    0.00000  0.00%     -    0s
     0     0    0.00000    0   25    0.00000    0.00000  0.00%     -    0s

Explored 1 nodes (2752 simplex iterations) in 0.92 seconds
Thread count was 1 (of 4 available processors)

Solution count 1: 0 

Optimal solution found (tolerance 1.00e-04)
Best objective 0.000000000000e+00, best bound 0.000000000000e+00, gap 0.0000%
Changed value of parameter TimeLimit to 266.23484230041504
   Prev: inf  Min: 0.0  Max: inf  Default: inf
Gurobi Optimizer version 9.0.1 build v9.0.1rc0 (linux64)
Optimize a model with 5217 rows, 5050 columns and 20998 nonzeros
Model fingerprint: 0xa9482413
Variable types: 50 continuous, 5000 integer (5000 binary)
Coefficient statistics:
  Matrix range     [1e+00, 5e+02]
  Objective range  [0e+00, 0e+00]
  Bounds range     [1e+00, 1e+00]
  RHS range        [1e+00, 2e+03]
Presolve removed 1420 rows and 1403 columns
Presolve time: 0.71s
Presolved: 3797 rows, 3647 columns, 14536 nonzeros
Variable types: 50 continuous, 3597 integer (3597 binary)

Root relaxation: objective 0.000000e+00, 586 iterations, 0.02 seconds

    Nodes    |    Current Node    |     Objective Bounds      |     Work
 Expl Unexpl |  Obj  Depth IntInf | Incumbent    BestBd   Gap | It/Node Time

     0     0    0.00000    0   43          -    0.00000      -     -    0s
     0     0    0.00000    0   43          -    0.00000      -     -    1s
     0     0    0.00000    0   39          -    0.00000      -     -    6s
     0     0    0.00000    0   99          -    0.00000      -     -    6s
     0     0    0.00000    0   41          -    0.00000      -     -    6s
     0     0    0.00000    0   38          -    0.00000      -     -    6s
     0     0    0.00000    0   22          -    0.00000      -     -    6s
     0     0    0.00000    0   24          -    0.00000      -     -    6s
     0     0    0.00000    0   23          -    0.00000      -     -    6s
     0     0    0.00000    0   27          -    0.00000      -     -    6s
H    0     0                       0.0000000    0.00000  0.00%     -    6s
     0     0    0.00000    0   17    0.00000    0.00000  0.00%     -    6s

Cutting planes:
  MIR: 46
  StrongCG: 2
  RLT: 4
  Relax-and-lift: 14

Explored 1 nodes (14974 simplex iterations) in 6.86 seconds
Thread count was 1 (of 4 available processors)

Solution count 1: 0 

Optimal solution found (tolerance 1.00e-04)
Best objective 0.000000000000e+00, best bound 0.000000000000e+00, gap 0.0000%
Changed value of parameter TimeLimit to 259.1302070617676
   Prev: inf  Min: 0.0  Max: inf  Default: inf
Gurobi Optimizer version 9.0.1 build v9.0.1rc0 (linux64)
Optimize a model with 5218 rows, 5050 columns and 21048 nonzeros
Model fingerprint: 0x13cdb34e
Variable types: 50 continuous, 5000 integer (5000 binary)
Coefficient statistics:
  Matrix range     [1e+00, 5e+02]
  Objective range  [0e+00, 0e+00]
  Bounds range     [1e+00, 1e+00]
  RHS range        [1e+00, 2e+03]
Presolve removed 1459 rows and 1441 columns
Presolve time: 0.70s
Presolved: 3759 rows, 3609 columns, 14384 nonzeros
Variable types: 50 continuous, 3559 integer (3559 binary)

Root relaxation: objective 0.000000e+00, 749 iterations, 0.03 seconds

    Nodes    |    Current Node    |     Objective Bounds      |     Work
 Expl Unexpl |  Obj  Depth IntInf | Incumbent    BestBd   Gap | It/Node Time

     0     0    0.00000    0   56          -    0.00000      -     -    0s
     0     0    0.00000    0  150          -    0.00000      -     -    1s
     0     0    0.00000    0   71          -    0.00000      -     -    6s
     0     0    0.00000    0  118          -    0.00000      -     -    6s
     0     0    0.00000    0  117          -    0.00000      -     -    6s
     0     0    0.00000    0   25          -    0.00000      -     -    6s
     0     0    0.00000    0   26          -    0.00000      -     -    6s
H    0     0                       0.0000000    0.00000  0.00%     -    7s
     0     0    0.00000    0    7    0.00000    0.00000  0.00%     -    7s

Cutting planes:
  Gomory: 1
  Cover: 3
  MIR: 40
  StrongCG: 1
  Relax-and-lift: 44

Explored 1 nodes (11645 simplex iterations) in 7.01 seconds
Thread count was 1 (of 4 available processors)

Solution count 1: 0 

Optimal solution found (tolerance 1.00e-04)
Best objective 0.000000000000e+00, best bound 0.000000000000e+00, gap 0.0000%
Changed value of parameter TimeLimit to 251.87037348747253
   Prev: inf  Min: 0.0  Max: inf  Default: inf
Gurobi Optimizer version 9.0.1 build v9.0.1rc0 (linux64)
Optimize a model with 5219 rows, 5050 columns and 21098 nonzeros
Model fingerprint: 0xd5fe72d5
Variable types: 50 continuous, 5000 integer (5000 binary)
Coefficient statistics:
  Matrix range     [1e+00, 5e+02]
  Objective range  [0e+00, 0e+00]
  Bounds range     [1e+00, 1e+00]
  RHS range        [1e+00, 2e+03]
Presolve removed 1424 rows and 1405 columns
Presolve time: 0.67s
Presolved: 3795 rows, 3645 columns, 14528 nonzeros
Variable types: 50 continuous, 3595 integer (3595 binary)

Root relaxation: objective 0.000000e+00, 615 iterations, 0.02 seconds

    Nodes    |    Current Node    |     Objective Bounds      |     Work
 Expl Unexpl |  Obj  Depth IntInf | Incumbent    BestBd   Gap | It/Node Time

     0     0    0.00000    0   56          -    0.00000      -     -    0s
     0     0    0.00000    0   92          -    0.00000      -     -    1s
     0     0    0.00000    0   55          -    0.00000      -     -    6s
     0     0    0.00000    0   63          -    0.00000      -     -    6s
     0     0    0.00000    0   63          -    0.00000      -     -    6s
     0     0    0.00000    0   28          -    0.00000      -     -    6s
     0     0    0.00000    0   28          -    0.00000      -     -    6s
     0     0    0.00000    0   12          -    0.00000      -     -    6s
     0     0    0.00000    0   12          -    0.00000      -     -    6s
     0     0    0.00000    0   24          -    0.00000      -     -    6s
     0     0    0.00000    0   31          -    0.00000      -     -    6s
     0     0    0.00000    0   49          -    0.00000      -     -    7s
     0     0    0.00000    0   40          -    0.00000      -     -    7s
     0     0    0.00000    0   25          -    0.00000      -     -    7s
     0     0    0.00000    0   22          -    0.00000      -     -    7s
H    0     0                       0.0000000    0.00000  0.00%     -    7s
     0     0    0.00000    0   28    0.00000    0.00000  0.00%     -    7s

Cutting planes:
  Cover: 1
  Implied bound: 1
  MIR: 24
  Zero half: 1
  Relax-and-lift: 12

Explored 1 nodes (16343 simplex iterations) in 7.17 seconds
Thread count was 1 (of 4 available processors)

Solution count 1: 0 

Optimal solution found (tolerance 1.00e-04)
Best objective 0.000000000000e+00, best bound 0.000000000000e+00, gap 0.0000%
Changed value of parameter TimeLimit to 244.45996737480164
   Prev: inf  Min: 0.0  Max: inf  Default: inf
Gurobi Optimizer version 9.0.1 build v9.0.1rc0 (linux64)
Optimize a model with 5220 rows, 5050 columns and 21148 nonzeros
Model fingerprint: 0x81334008
Variable types: 50 continuous, 5000 integer (5000 binary)
Coefficient statistics:
  Matrix range     [1e+00, 5e+02]
  Objective range  [0e+00, 0e+00]
  Bounds range     [1e+00, 1e+00]
  RHS range        [1e+00, 2e+03]
Presolve removed 1487 rows and 1467 columns
Presolve time: 0.68s
Presolved: 3733 rows, 3583 columns, 14280 nonzeros
Variable types: 50 continuous, 3533 integer (3533 binary)

Root relaxation: objective 0.000000e+00, 659 iterations, 0.02 seconds

    Nodes    |    Current Node    |     Objective Bounds      |     Work
 Expl Unexpl |  Obj  Depth IntInf | Incumbent    BestBd   Gap | It/Node Time

     0     0    0.00000    0   41          -    0.00000      -     -    0s
     0     0    0.00000    0   21          -    0.00000      -     -    1s
     0     0    0.00000    0   26          -    0.00000      -     -    6s
     0     0    0.00000    0   72          -    0.00000      -     -    6s
     0     0    0.00000    0   67          -    0.00000      -     -    6s
     0     0    0.00000    0   20          -    0.00000      -     -    6s
     0     0    0.00000    0   16          -    0.00000      -     -    6s
     0     0    0.00000    0   16          -    0.00000      -     -    6s
     0     0    0.00000    0   16          -    0.00000      -     -    6s
     0     0    0.00000    0   20          -    0.00000      -     -    6s
     0     0    0.00000    0   14          -    0.00000      -     -    6s
     0     0    0.00000    0   10          -    0.00000      -     -    6s
     0     0    0.00000    0   10          -    0.00000      -     -    6s
H    0     0                       0.0000000    0.00000  0.00%     -    6s
     0     0    0.00000    0   18    0.00000    0.00000  0.00%     -    6s

Cutting planes:
  Cover: 1
  MIR: 11
  Relax-and-lift: 19

Explored 1 nodes (13480 simplex iterations) in 6.59 seconds
Thread count was 1 (of 4 available processors)

Solution count 1: 0 

Optimal solution found (tolerance 1.00e-04)
Best objective 0.000000000000e+00, best bound 0.000000000000e+00, gap 0.0000%
Changed value of parameter TimeLimit to 237.6301589012146
   Prev: inf  Min: 0.0  Max: inf  Default: inf
Gurobi Optimizer version 9.0.1 build v9.0.1rc0 (linux64)
Optimize a model with 5221 rows, 5050 columns and 21198 nonzeros
Model fingerprint: 0x1fe7c7d9
Variable types: 50 continuous, 5000 integer (5000 binary)
Coefficient statistics:
  Matrix range     [1e+00, 5e+02]
  Objective range  [0e+00, 0e+00]
  Bounds range     [1e+00, 1e+00]
  RHS range        [1e+00, 2e+03]
Presolve removed 1526 rows and 1505 columns
Presolve time: 0.68s
Presolved: 3695 rows, 3545 columns, 14128 nonzeros
Variable types: 50 continuous, 3495 integer (3495 binary)

Root relaxation: objective 0.000000e+00, 703 iterations, 0.02 seconds

    Nodes    |    Current Node    |     Objective Bounds      |     Work
 Expl Unexpl |  Obj  Depth IntInf | Incumbent    BestBd   Gap | It/Node Time

     0     0    0.00000    0   54          -    0.00000      -     -    1s
     0     0    0.00000    0   64          -    0.00000      -     -    1s
     0     0    0.00000    0   67          -    0.00000      -     -    6s
     0     0    0.00000    0   66          -    0.00000      -     -    6s
     0     0    0.00000    0   63          -    0.00000      -     -    6s
     0     0    0.00000    0   36          -    0.00000      -     -    6s
     0     0    0.00000    0   47          -    0.00000      -     -    6s
     0     0    0.00000    0   31          -    0.00000      -     -    6s
     0     0    0.00000    0   31          -    0.00000      -     -    6s
     0     0    0.00000    0   19          -    0.00000      -     -    6s
     0     0    0.00000    0   25          -    0.00000      -     -    7s
     0     0    0.00000    0   21          -    0.00000      -     -    7s
     0     0    0.00000    0   21          -    0.00000      -     -    7s
     0     0    0.00000    0   30          -    0.00000      -     -    7s
     0     0    0.00000    0   35          -    0.00000      -     -    7s
     0     0    0.00000    0   39          -    0.00000      -     -    7s
     0     0    0.00000    0   40          -    0.00000      -     -    7s
     0     0    0.00000    0   24          -    0.00000      -     -    7s
     0     0    0.00000    0   23          -    0.00000      -     -    7s
     0     2    0.00000    0   23          -    0.00000      -     -    7s
   474   210    0.00000  138   54          -    0.00000      -  59.6   10s
H  819   377                       0.0000000    0.00000  0.00%  41.6   11s

Cutting planes:
  Gomory: 12
  Cover: 4
  Projected implied bound: 8
  MIR: 22
  Flow cover: 69
  GUB cover: 2
  RLT: 1
  Relax-and-lift: 19

Explored 819 nodes (63609 simplex iterations) in 11.27 seconds
Thread count was 1 (of 4 available processors)

Solution count 1: 0 

Optimal solution found (tolerance 1.00e-04)
Best objective 0.000000000000e+00, best bound 0.000000000000e+00, gap 0.0000%
Changed value of parameter TimeLimit to 226.10383248329163
   Prev: inf  Min: 0.0  Max: inf  Default: inf
Gurobi Optimizer version 9.0.1 build v9.0.1rc0 (linux64)
Optimize a model with 5222 rows, 5050 columns and 21248 nonzeros
Model fingerprint: 0xa88eee1d
Variable types: 50 continuous, 5000 integer (5000 binary)
Coefficient statistics:
  Matrix range     [1e+00, 5e+02]
  Objective range  [0e+00, 0e+00]
  Bounds range     [1e+00, 1e+00]
  RHS range        [1e+00, 2e+03]
Presolve removed 1592 rows and 1570 columns
Presolve time: 0.69s
Presolved: 3630 rows, 3480 columns, 13868 nonzeros
Variable types: 50 continuous, 3430 integer (3430 binary)

Root relaxation: objective 0.000000e+00, 668 iterations, 0.03 seconds

    Nodes    |    Current Node    |     Objective Bounds      |     Work
 Expl Unexpl |  Obj  Depth IntInf | Incumbent    BestBd   Gap | It/Node Time

     0     0    0.00000    0   67          -    0.00000      -     -    0s
     0     0    0.00000    0   32          -    0.00000      -     -    1s
     0     0    0.00000    0   67          -    0.00000      -     -    6s
     0     0    0.00000    0   98          -    0.00000      -     -    6s
     0     0    0.00000    0   88          -    0.00000      -     -    6s
     0     0    0.00000    0  110          -    0.00000      -     -    6s
     0     0    0.00000    0   73          -    0.00000      -     -    6s
     0     0    0.00000    0   31          -    0.00000      -     -    6s
     0     0    0.00000    0   51          -    0.00000      -     -    6s
     0     0    0.00000    0   28          -    0.00000      -     -    6s
     0     0    0.00000    0   29          -    0.00000      -     -    6s
     0     0    0.00000    0   31          -    0.00000      -     -    6s
     0     0    0.00000    0   31          -    0.00000      -     -    6s
     0     2    0.00000    0   24          -    0.00000      -     -    7s
   177   102    0.00000   76  139          -    0.00000      -   164   10s
H  527   283                       0.0000000    0.00000  0.00%   162   13s

Cutting planes:
  Gomory: 59
  Cover: 1
  Projected implied bound: 26
  MIR: 37
  Flow cover: 124
  Relax-and-lift: 49

Explored 527 nodes (112889 simplex iterations) in 13.79 seconds
Thread count was 1 (of 4 available processors)

Solution count 1: 0 

Optimal solution found (tolerance 1.00e-04)
Best objective 0.000000000000e+00, best bound 0.000000000000e+00, gap 0.0000%
Changed value of parameter TimeLimit to 212.07429337501526
   Prev: inf  Min: 0.0  Max: inf  Default: inf
Gurobi Optimizer version 9.0.1 build v9.0.1rc0 (linux64)
Optimize a model with 5223 rows, 5050 columns and 21298 nonzeros
Model fingerprint: 0xf9d493fe
Variable types: 50 continuous, 5000 integer (5000 binary)
Coefficient statistics:
  Matrix range     [1e+00, 5e+02]
  Objective range  [0e+00, 0e+00]
  Bounds range     [1e+00, 1e+00]
  RHS range        [1e+00, 2e+03]
Presolve removed 1638 rows and 1615 columns
Presolve time: 0.68s
Presolved: 3585 rows, 3435 columns, 13688 nonzeros
Variable types: 50 continuous, 3385 integer (3385 binary)

Root relaxation: objective 0.000000e+00, 756 iterations, 0.02 seconds

    Nodes    |    Current Node    |     Objective Bounds      |     Work
 Expl Unexpl |  Obj  Depth IntInf | Incumbent    BestBd   Gap | It/Node Time

     0     0    0.00000    0   85          -    0.00000      -     -    0s
     0     0    0.00000    0   35          -    0.00000      -     -    1s
     0     0    0.00000    0   23          -    0.00000      -     -    3s
     0     0    0.00000    0   64          -    0.00000      -     -    3s
     0     0    0.00000    0   59          -    0.00000      -     -    3s
     0     0    0.00000    0   41          -    0.00000      -     -    3s
     0     0    0.00000    0   41          -    0.00000      -     -    3s
     0     0    0.00000    0   32          -    0.00000      -     -    3s
     0     0    0.00000    0   32          -    0.00000      -     -    3s
     0     0    0.00000    0   30          -    0.00000      -     -    3s
     0     0    0.00000    0   69          -    0.00000      -     -    3s
     0     0    0.00000    0   39          -    0.00000      -     -    3s
     0     0    0.00000    0   32          -    0.00000      -     -    3s
     0     2    0.00000    0   17          -    0.00000      -     -    4s
    63    33    0.00000   40   88          -    0.00000      -   165    5s
*  621   235              58       0.0000000    0.00000  0.00%   123    9s

Cutting planes:
  Projected implied bound: 7
  Flow cover: 8
  Relax-and-lift: 3

Explored 622 nodes (80861 simplex iterations) in 9.02 seconds
Thread count was 1 (of 4 available processors)

Solution count 1: 0 

Optimal solution found (tolerance 1.00e-04)
Best objective 0.000000000000e+00, best bound 0.000000000000e+00, gap 0.0000%
Changed value of parameter TimeLimit to 202.8111457824707
   Prev: inf  Min: 0.0  Max: inf  Default: inf
Gurobi Optimizer version 9.0.1 build v9.0.1rc0 (linux64)
Optimize a model with 5224 rows, 5050 columns and 21348 nonzeros
Model fingerprint: 0x4d6c1612
Variable types: 50 continuous, 5000 integer (5000 binary)
Coefficient statistics:
  Matrix range     [1e+00, 5e+02]
  Objective range  [0e+00, 0e+00]
  Bounds range     [1e+00, 1e+00]
  RHS range        [1e+00, 2e+03]
Presolve removed 1665 rows and 1641 columns
Presolve time: 0.67s
Presolved: 3559 rows, 3409 columns, 13584 nonzeros
Variable types: 50 continuous, 3359 integer (3359 binary)

Root relaxation: objective 0.000000e+00, 736 iterations, 0.03 seconds

    Nodes    |    Current Node    |     Objective Bounds      |     Work
 Expl Unexpl |  Obj  Depth IntInf | Incumbent    BestBd   Gap | It/Node Time

     0     0    0.00000    0   74          -    0.00000      -     -    0s
     0     0    0.00000    0   81          -    0.00000      -     -    1s
     0     0    0.00000    0   77          -    0.00000      -     -    6s
     0     0    0.00000    0   83          -    0.00000      -     -    6s
     0     0    0.00000    0   76          -    0.00000      -     -    6s
     0     0    0.00000    0   87          -    0.00000      -     -    6s
     0     0    0.00000    0   69          -    0.00000      -     -    6s
     0     0    0.00000    0   66          -    0.00000      -     -    6s
     0     0    0.00000    0   68          -    0.00000      -     -    6s
     0     0    0.00000    0   61          -    0.00000      -     -    6s
     0     0    0.00000    0   52          -    0.00000      -     -    6s
     0     0    0.00000    0   77          -    0.00000      -     -    6s
     0     0    0.00000    0   77          -    0.00000      -     -    6s
     0     2    0.00000    0   36          -    0.00000      -     -    7s
   178    82    0.00000   27  218          -    0.00000      -   141   10s
*  819     4              90       0.0000000    0.00000  0.00%  58.3   11s

Cutting planes:
  Gomory: 2
  Cover: 37
  MIR: 47
  Relax-and-lift: 41

Explored 820 nodes (61190 simplex iterations) in 11.56 seconds
Thread count was 1 (of 4 available processors)

Solution count 1: 0 

Optimal solution found (tolerance 1.00e-04)
Best objective 0.000000000000e+00, best bound 0.000000000000e+00, gap 0.0000%
Changed value of parameter TimeLimit to 191.0093011856079
   Prev: inf  Min: 0.0  Max: inf  Default: inf
Gurobi Optimizer version 9.0.1 build v9.0.1rc0 (linux64)
Optimize a model with 5225 rows, 5050 columns and 21398 nonzeros
Model fingerprint: 0xa0b46161
Variable types: 50 continuous, 5000 integer (5000 binary)
Coefficient statistics:
  Matrix range     [1e+00, 5e+02]
  Objective range  [0e+00, 0e+00]
  Bounds range     [1e+00, 1e+00]
  RHS range        [1e+00, 2e+03]
Presolve removed 1681 rows and 1656 columns
Presolve time: 0.66s
Presolved: 3544 rows, 3394 columns, 13524 nonzeros
Variable types: 50 continuous, 3344 integer (3344 binary)

Root relaxation: objective 0.000000e+00, 652 iterations, 0.02 seconds

    Nodes    |    Current Node    |     Objective Bounds      |     Work
 Expl Unexpl |  Obj  Depth IntInf | Incumbent    BestBd   Gap | It/Node Time

     0     0    0.00000    0   56          -    0.00000      -     -    0s
     0     0    0.00000    0   38          -    0.00000      -     -    1s
     0     0    0.00000    0   51          -    0.00000      -     -    6s
     0     0    0.00000    0   35          -    0.00000      -     -    6s
     0     0    0.00000    0   37          -    0.00000      -     -    6s
     0     0    0.00000    0   54          -    0.00000      -     -    6s
     0     0    0.00000    0   54          -    0.00000      -     -    6s
     0     0    0.00000    0   68          -    0.00000      -     -    6s
     0     0    0.00000    0   61          -    0.00000      -     -    6s
     0     0    0.00000    0   52          -    0.00000      -     -    6s
     0     0    0.00000    0   68          -    0.00000      -     -    6s
     0     0    0.00000    0   61          -    0.00000      -     -    6s
     0     0    0.00000    0   23          -    0.00000      -     -    6s
     0     2    0.00000    0   23          -    0.00000      -     -    7s
   125    64 infeasible   43               -    0.00000      -   151   10s
H 1843     1                       0.0000000    0.00000  0.00%  45.7   13s

Cutting planes:
  Cover: 155
  Implied bound: 13
  MIR: 29
  Relax-and-lift: 28

Explored 1844 nodes (100100 simplex iterations) in 13.34 seconds
Thread count was 1 (of 4 available processors)

Solution count 1: 0 

Optimal solution found (tolerance 1.00e-04)
Best objective 0.000000000000e+00, best bound 0.000000000000e+00, gap 0.0000%
Changed value of parameter TimeLimit to 177.42714619636536
   Prev: inf  Min: 0.0  Max: inf  Default: inf
Gurobi Optimizer version 9.0.1 build v9.0.1rc0 (linux64)
Optimize a model with 5226 rows, 5050 columns and 21448 nonzeros
Model fingerprint: 0x86b8f24c
Variable types: 50 continuous, 5000 integer (5000 binary)
Coefficient statistics:
  Matrix range     [1e+00, 5e+02]
  Objective range  [0e+00, 0e+00]
  Bounds range     [1e+00, 1e+00]
  RHS range        [1e+00, 2e+03]
Presolve removed 1733 rows and 1707 columns
Presolve time: 0.66s
Presolved: 3493 rows, 3343 columns, 13320 nonzeros
Variable types: 50 continuous, 3293 integer (3293 binary)

Root relaxation: objective 0.000000e+00, 782 iterations, 0.02 seconds

    Nodes    |    Current Node    |     Objective Bounds      |     Work
 Expl Unexpl |  Obj  Depth IntInf | Incumbent    BestBd   Gap | It/Node Time

     0     0    0.00000    0   59          -    0.00000      -     -    1s
     0     0    0.00000    0   91          -    0.00000      -     -    1s
     0     0    0.00000    0   28          -    0.00000      -     -    6s
     0     0    0.00000    0   71          -    0.00000      -     -    6s
     0     0    0.00000    0   69          -    0.00000      -     -    6s
     0     0    0.00000    0   32          -    0.00000      -     -    6s
     0     0    0.00000    0   65          -    0.00000      -     -    6s
     0     0    0.00000    0   58          -    0.00000      -     -    6s
     0     0    0.00000    0   58          -    0.00000      -     -    6s
     0     0    0.00000    0   45          -    0.00000      -     -    6s
     0     0    0.00000    0   44          -    0.00000      -     -    6s
     0     0    0.00000    0   59          -    0.00000      -     -    6s
     0     0    0.00000    0   45          -    0.00000      -     -    6s
     0     2    0.00000    0   34          -    0.00000      -     -    6s
   549   112    0.00000   46  113          -    0.00000      -  85.5   10s
  2873   211    0.00000   58   19          -    0.00000      -  32.0   15s
* 3329    50              40       0.0000000    0.00000  0.00%  42.8   18s

Cutting planes:
  Projected implied bound: 2
  Flow cover: 8
  Relax-and-lift: 7

Explored 3330 nodes (150492 simplex iterations) in 18.44 seconds
Thread count was 1 (of 4 available processors)

Solution count 1: 0 

Optimal solution found (tolerance 1.00e-04)
Best objective 0.000000000000e+00, best bound 0.000000000000e+00, gap 0.0000%
Changed value of parameter TimeLimit to 158.752370595932
   Prev: inf  Min: 0.0  Max: inf  Default: inf
Gurobi Optimizer version 9.0.1 build v9.0.1rc0 (linux64)
Optimize a model with 5227 rows, 5050 columns and 21498 nonzeros
Model fingerprint: 0x2e1193dd
Variable types: 50 continuous, 5000 integer (5000 binary)
Coefficient statistics:
  Matrix range     [1e+00, 5e+02]
  Objective range  [0e+00, 0e+00]
  Bounds range     [1e+00, 1e+00]
  RHS range        [1e+00, 2e+03]
Presolve removed 1773 rows and 1746 columns
Presolve time: 0.65s
Presolved: 3454 rows, 3304 columns, 13164 nonzeros
Variable types: 50 continuous, 3254 integer (3254 binary)

Root relaxation: objective 0.000000e+00, 683 iterations, 0.02 seconds

    Nodes    |    Current Node    |     Objective Bounds      |     Work
 Expl Unexpl |  Obj  Depth IntInf | Incumbent    BestBd   Gap | It/Node Time

     0     0    0.00000    0   39          -    0.00000      -     -    0s
     0     0    0.00000    0   66          -    0.00000      -     -    1s
     0     0    0.00000    0   56          -    0.00000      -     -    6s
     0     0    0.00000    0   69          -    0.00000      -     -    6s
     0     0    0.00000    0   55          -    0.00000      -     -    6s
     0     0    0.00000    0   45          -    0.00000      -     -    6s
     0     0    0.00000    0   34          -    0.00000      -     -    6s
     0     0    0.00000    0   45          -    0.00000      -     -    6s
     0     0    0.00000    0   60          -    0.00000      -     -    6s
     0     0    0.00000    0   61          -    0.00000      -     -    6s
     0     0    0.00000    0   49          -    0.00000      -     -    6s
     0     0    0.00000    0   29          -    0.00000      -     -    6s
     0     0    0.00000    0   24          -    0.00000      -     -    6s
     0     0    0.00000    0   25          -    0.00000      -     -    6s
     0     0    0.00000    0   32          -    0.00000      -     -    6s
     0     0    0.00000    0   26          -    0.00000      -     -    6s
     0     0    0.00000    0   26          -    0.00000      -     -    6s
     0     2    0.00000    0   15          -    0.00000      -     -    6s
   511   349    0.00000   29   66          -    0.00000      -  92.4   10s
*  916   210              82       0.0000000    0.00000  0.00%   100   13s

Cutting planes:
  Gomory: 6
  Cover: 2
  Projected implied bound: 1
  Clique: 6
  MIR: 3
  Flow cover: 10
  Relax-and-lift: 6

Explored 917 nodes (97326 simplex iterations) in 13.10 seconds
Thread count was 1 (of 4 available processors)

Solution count 1: 0 

Optimal solution found (tolerance 1.00e-04)
Best objective 0.000000000000e+00, best bound 0.000000000000e+00, gap 0.0000%
Changed value of parameter TimeLimit to 145.4106559753418
   Prev: inf  Min: 0.0  Max: inf  Default: inf
Gurobi Optimizer version 9.0.1 build v9.0.1rc0 (linux64)
Optimize a model with 5228 rows, 5050 columns and 21548 nonzeros
Model fingerprint: 0x60a272f6
Variable types: 50 continuous, 5000 integer (5000 binary)
Coefficient statistics:
  Matrix range     [1e+00, 5e+02]
  Objective range  [0e+00, 0e+00]
  Bounds range     [1e+00, 1e+00]
  RHS range        [1e+00, 2e+03]
Presolve removed 1837 rows and 1809 columns
Presolve time: 0.67s
Presolved: 3391 rows, 3241 columns, 12912 nonzeros
Variable types: 50 continuous, 3191 integer (3191 binary)

Root relaxation: objective 0.000000e+00, 639 iterations, 0.02 seconds

    Nodes    |    Current Node    |     Objective Bounds      |     Work
 Expl Unexpl |  Obj  Depth IntInf | Incumbent    BestBd   Gap | It/Node Time

     0     0    0.00000    0   82          -    0.00000      -     -    0s
     0     0    0.00000    0   48          -    0.00000      -     -    1s
     0     0    0.00000    0   26          -    0.00000      -     -    4s
     0     0    0.00000    0   58          -    0.00000      -     -    4s
     0     0    0.00000    0   54          -    0.00000      -     -    4s
     0     0    0.00000    0   18          -    0.00000      -     -    4s
     0     0    0.00000    0   18          -    0.00000      -     -    4s
     0     0    0.00000    0   27          -    0.00000      -     -    4s
     0     0    0.00000    0   97          -    0.00000      -     -    4s
     0     0    0.00000    0   22          -    0.00000      -     -    4s
     0     0    0.00000    0   25          -    0.00000      -     -    4s
     0     0    0.00000    0   30          -    0.00000      -     -    4s
     0     0    0.00000    0   38          -    0.00000      -     -    4s
     0     0    0.00000    0   31          -    0.00000      -     -    4s
     0     0    0.00000    0   20          -    0.00000      -     -    4s
     0     2    0.00000    0   20          -    0.00000      -     -    4s
    14     8    0.00000   11  167          -    0.00000      -  59.6    5s
  1573   372    0.00000   20   63          -    0.00000      -  56.1   10s
  5528   570    0.00000   54   29          -    0.00000      -  27.1   15s
 10202   684    0.00000   46   45          -    0.00000      -  19.6   22s
 11787   970 infeasible   73               -    0.00000      -  19.9   25s
 16741   929    0.00000   61   34          -    0.00000      -  18.9   30s
 19384  1288 infeasible   42               -    0.00000      -  20.2   35s
 23373  2258 infeasible   68               -    0.00000      -  20.8   40s
 26459  2859 infeasible   78               -    0.00000      -  21.1   45s
 31679  4173    0.00000   66   48          -    0.00000      -  20.4   50s
 37782  5601    0.00000   81   54          -    0.00000      -  19.4   55s
 42447  6060    0.00000   71   18          -    0.00000      -  18.6   60s
 49876  6276    0.00000   43   35          -    0.00000      -  17.3   65s
 56530  6463    0.00000   45   25          -    0.00000      -  16.6   70s
 62835  6609    0.00000   71   20          -    0.00000      -  16.1   75s
 68169  6623 infeasible   75               -    0.00000      -  15.8   80s
 73850  6934 infeasible   95               -    0.00000      -  15.6   85s
 78906  7189    0.00000   83   34          -    0.00000      -  15.3   90s
 84500  7588    0.00000   89   37          -    0.00000      -  15.3   95s
 90623  7481 infeasible   86               -    0.00000      -  15.1  100s
 95280  8407 infeasible   65               -    0.00000      -  15.1  105s
 101927  8306 infeasible  100               -    0.00000      -  14.8  110s
 106780  8196 infeasible   52               -    0.00000      -  15.0  115s
 111132  7734    0.00000   63   28          -    0.00000      -  15.0  120s
 117012  6740    0.00000   75   32          -    0.00000      -  14.9  125s
 120508  6390 infeasible   68               -    0.00000      -  14.9  130s
 125761  5990 infeasible   58               -    0.00000      -  15.0  135s
 131576  4954    0.00000   66   37          -    0.00000      -  14.9  140s
 136657  4773    0.00000   53   32          -    0.00000      -  14.8  145s

Cutting planes:
  Gomory: 2
  Cover: 3
  Implied bound: 50
  Projected implied bound: 19
  MIR: 14
  Flow cover: 81
  GUB cover: 1
  Relax-and-lift: 65

Explored 136847 nodes (2037290 simplex iterations) in 145.41 seconds
Thread count was 1 (of 4 available processors)

Solution count 0

Time limit reached
Best objective -, best bound 0.000000000000e+00, gap -
