Using license file /home/benedond/gurobi.lic
Using gurobi.env file
Set parameter Threads to value 1
Academic license - for non-commercial use only
Changed value of parameter TimeLimit to 300.0
   Prev: inf  Min: 0.0  Max: inf  Default: inf
Gurobi Optimizer version 9.0.1 build v9.0.1rc0 (linux64)
Optimize a model with 7830 rows, 7529 columns and 36983 nonzeros
Model fingerprint: 0xaedcc6d3
Variable types: 120 continuous, 7409 integer (7409 binary)
Coefficient statistics:
  Matrix range     [2e-01, 4e+02]
  Objective range  [6e-03, 2e-01]
  Bounds range     [1e+00, 1e+00]
  RHS range        [1e+00, 3e+03]
Found heuristic solution: objective 4.9300714
Presolve removed 125 rows and 104 columns
Presolve time: 0.13s
Presolved: 7705 rows, 7425 columns, 36553 nonzeros
Variable types: 117 continuous, 7308 integer (7308 binary)

Root relaxation: objective 2.049292e+00, 7848 iterations, 0.71 seconds

    Nodes    |    Current Node    |     Objective Bounds      |     Work
 Expl Unexpl |  Obj  Depth IntInf | Incumbent    BestBd   Gap | It/Node Time

     0     0    2.04929    0  353    4.93007    2.04929  58.4%     -    0s
H    0     0                       3.6941349    2.04929  44.5%     -    1s
H    0     0                       3.6381032    2.04929  43.7%     -    2s
     0     0    2.16141    0  310    3.63810    2.16141  40.6%     -    2s
     0     0    2.16866    0  302    3.63810    2.16866  40.4%     -    3s
     0     0    2.24494    0  352    3.63810    2.24494  38.3%     -    3s
     0     0    2.24701    0  352    3.63810    2.24701  38.2%     -    4s
     0     0    2.32075    0  297    3.63810    2.32075  36.2%     -    5s
H    0     0                       3.5163849    2.32075  34.0%     -    8s
     0     0    2.34131    0  285    3.51638    2.34131  33.4%     -    8s
     0     0    2.36160    0  283    3.51638    2.36160  32.8%     -    8s
     0     0    2.36431    0  261    3.51638    2.36431  32.8%     -    8s
     0     0    2.36637    0  296    3.51638    2.36637  32.7%     -    8s
     0     0    2.36737    0  290    3.51638    2.36737  32.7%     -    8s
     0     0    2.36748    0  286    3.51638    2.36748  32.7%     -    8s
     0     0    2.40020    0  324    3.51638    2.40020  31.7%     -    9s
     0     0    2.41613    0  321    3.51638    2.41613  31.3%     -   12s
     0     0    2.42148    0  340    3.51638    2.42148  31.1%     -   13s
     0     0    2.42380    0  366    3.51638    2.42380  31.1%     -   13s
     0     0    2.42409    0  375    3.51638    2.42409  31.1%     -   13s
     0     0    2.42413    0  334    3.51638    2.42413  31.1%     -   13s
     0     0    2.44184    0  383    3.51638    2.44184  30.6%     -   13s
     0     0    2.44482    0  349    3.51638    2.44482  30.5%     -   13s
     0     0    2.44554    0  379    3.51638    2.44554  30.5%     -   13s
     0     0    2.44572    0  351    3.51638    2.44572  30.4%     -   13s
     0     0    2.45676    0  427    3.51638    2.45676  30.1%     -   14s
     0     0    2.45871    0  430    3.51638    2.45871  30.1%     -   14s
     0     0    2.45973    0  385    3.51638    2.45973  30.0%     -   14s
     0     0    2.45990    0  405    3.51638    2.45990  30.0%     -   14s
     0     0    2.46838    0  395    3.51638    2.46838  29.8%     -   14s
     0     0    2.46990    0  379    3.51638    2.46990  29.8%     -   15s
     0     0    2.47035    0  406    3.51638    2.47035  29.7%     -   15s
     0     0    2.47061    0  393    3.51638    2.47061  29.7%     -   15s
     0     0    2.47661    0  405    3.51638    2.47661  29.6%     -   15s
     0     0    2.47746    0  366    3.51638    2.47746  29.5%     -   15s
     0     0    2.47759    0  379    3.51638    2.47759  29.5%     -   15s
     0     0    2.48291    0  406    3.51638    2.48291  29.4%     -   16s
     0     0    2.48405    0  436    3.51638    2.48405  29.4%     -   16s
     0     0    2.48566    0  429    3.51638    2.48566  29.3%     -   16s
     0     0    2.48641    0  463    3.51638    2.48641  29.3%     -   16s
     0     0    2.48662    0  458    3.51638    2.48662  29.3%     -   16s
     0     0    2.49174    0  458    3.51638    2.49174  29.1%     -   17s
     0     0    2.49302    0  459    3.51638    2.49302  29.1%     -   17s
     0     0    2.49324    0  487    3.51638    2.49324  29.1%     -   17s
     0     0    2.49655    0  452    3.51638    2.49655  29.0%     -   17s
     0     0    2.49782    0  432    3.51638    2.49782  29.0%     -   17s
     0     0    2.49828    0  467    3.51638    2.49828  29.0%     -   18s
     0     0    2.49844    0  419    3.51638    2.49844  28.9%     -   18s
     0     0    2.50312    0  407    3.51638    2.50312  28.8%     -   18s
     0     0    2.50469    0  452    3.51638    2.50469  28.8%     -   18s
     0     0    2.50567    0  402    3.51638    2.50567  28.7%     -   18s
     0     0    2.50584    0  434    3.51638    2.50584  28.7%     -   18s
     0     0    2.50862    0  389    3.51638    2.50862  28.7%     -   19s
     0     0    2.51008    0  402    3.51638    2.51008  28.6%     -   19s
     0     0    2.51038    0  405    3.51638    2.51038  28.6%     -   19s
     0     0    2.51277    0  404    3.51638    2.51277  28.5%     -   20s
     0     0    2.51344    0  421    3.51638    2.51344  28.5%     -   20s
     0     0    2.51379    0  392    3.51638    2.51379  28.5%     -   20s
     0     0    2.51498    0  408    3.51638    2.51498  28.5%     -   20s
     0     0    2.51498    0  400    3.51638    2.51498  28.5%     -   25s
H    0     0                       3.4440992    2.51511  27.0%     -   40s
     0     2    2.51511    0  397    3.44410    2.51511  27.0%     -   40s
     4     6    2.51821    3  328    3.44410    2.51708  26.9%   740   45s
    23    25    2.54470   20  428    3.44410    2.51708  26.9%   627   50s
    46    48    2.84096   37  250    3.44410    2.51708  26.9%   626   55s
    79    81    2.75852   63  316    3.44410    2.51708  26.9%   622   60s
   113   115    2.94343   87  200    3.44410    2.51708  26.9%   610   65s
H  118   116                       3.3910833    2.51708  25.8%   607   74s
   121   121    2.98021   91  268    3.39108    2.51708  25.8%   608   75s
   173   173    3.18322  127  218    3.39108    2.51708  25.8%   559   80s
   232   232    3.19746  175  201    3.39108    2.51708  25.8%   513   85s
   315   302    3.32190  242  148    3.39108    2.51708  25.8%   454   90s
   397   356    2.57205    9  380    3.39108    2.51859  25.7%   396   95s
   430   389    2.60000   38  366    3.39108    2.51859  25.7%   401  100s
   488   447    2.75191   90  279    3.39108    2.51859  25.7%   389  105s
H  510   447                       3.3606984    2.51859  25.1%   385  112s
   511   448    3.17134  189  400    3.36070    2.51859  25.1%   384  115s
H  512   426                       3.3537897    2.51859  24.9%   383  118s
   514   427    3.10201  137  319    3.35379    2.51859  24.9%   382  121s
   519   430    3.25738  198  414    3.35379    2.51859  24.9%   378  125s
   526   435    3.00015   95  479    3.35379    2.55289  23.9%   373  130s
   533   440    3.19738  202  440    3.35379    2.56639  23.5%   368  135s
H  537   419                       3.2969603    2.57772  21.8%   365  160s
   543   423    2.58683    2  497    3.29696    2.58683  21.5%   361  165s
   548   427    2.59447   15  453    3.29696    2.59447  21.3%   358  170s
   555   431    3.01139   95  555    3.29696    2.59957  21.2%   354  175s
   562   436    3.29696  251  497    3.29696    2.60226  21.1%   349  181s
   568   440    2.60420   24  536    3.29696    2.60420  21.0%   346  185s
   573   443    3.18419  128  616    3.29696    2.60650  20.9%   342  190s
   578   447    3.05530  114  563    3.29696    2.60787  20.9%   340  195s
   583   450    2.61587    5  705    3.29696    2.60882  20.9%   337  200s
   588   453    2.61043   15  628    3.29696    2.61043  20.8%   334  206s
   593   457    3.29696  266  569    3.29696    2.61274  20.8%   331  211s
   597   459    2.99580   90  658    3.29696    2.61415  20.7%   329  215s
   601   462    2.65135   96  626    3.29696    2.61530  20.7%   327  220s
   606   465    3.10665  145  615    3.29696    2.61851  20.6%   324  225s
   612   469    2.62044   13  570    3.29696    2.62044  20.5%   321  230s
   618   473    2.62822   76  611    3.29696    2.62150  20.5%   318  235s
   624   477    3.29696  244  562    3.29696    2.62228  20.5%   314  240s
   629   481    3.15693  182  618    3.29696    2.62292  20.4%   312  245s
   635   485    2.62374   55  653    3.29696    2.62374  20.4%   309  250s
   642   489    3.29696  238  481    3.29696    2.62517  20.4%   306  255s
   649   494    2.62635   61  563    3.29696    2.62635  20.3%   302  260s
   655   498    3.01139   95  590    3.29696    2.62751  20.3%   300  265s
   661   502    3.26255  208  512    3.29696    2.62848  20.3%   297  270s
   667   506    3.29696  234  541    3.29696    2.63024  20.2%   294  275s
   672   509    2.64812   28  471    3.29696    2.63161  20.2%   292  280s
   678   513    3.05530  114  577    3.29696    2.63295  20.1%   289  285s
   683   517    2.63410    5  626    3.29696    2.63410  20.1%   287  290s
   688   520    2.63527   15  554    3.29696    2.63527  20.1%   285  295s

Cutting planes:
  Gomory: 12
  Cover: 24
  Implied bound: 15
  Projected implied bound: 2
  Clique: 22
  MIR: 405
  StrongCG: 12
  Flow cover: 1103
  GUB cover: 4
  RLT: 59
  Relax-and-lift: 619

Explored 692 nodes (465579 simplex iterations) in 300.00 seconds
Thread count was 1 (of 4 available processors)

Solution count 9: 3.29696 3.35379 3.3607 ... 4.93007

Time limit reached
Best objective 3.296960327916e+00, best bound 2.635885159152e+00, gap 20.0511%
