Using license file /home/benedond/gurobi.lic
Using gurobi.env file
Set parameter Threads to value 1
Academic license - for non-commercial use only
Changed value of parameter TimeLimit to 300.0
   Prev: inf  Min: 0.0  Max: inf  Default: inf
Gurobi Optimizer version 9.0.1 build v9.0.1rc0 (linux64)
Optimize a model with 880 rows, 820 columns and 3258 nonzeros
Model fingerprint: 0x92b90727
Variable types: 20 continuous, 800 integer (800 binary)
Coefficient statistics:
  Matrix range     [1e+00, 4e+02]
  Objective range  [4e+01, 4e+02]
  Bounds range     [1e+00, 1e+00]
  RHS range        [1e+00, 1e+03]
Presolve removed 535 rows and 516 columns
Presolve time: 0.17s
Presolved: 345 rows, 304 columns, 2373 nonzeros
Variable types: 20 continuous, 284 integer (284 binary)

Root relaxation: objective 3.846000e+03, 176 iterations, 0.00 seconds

    Nodes    |    Current Node    |     Objective Bounds      |     Work
 Expl Unexpl |  Obj  Depth IntInf | Incumbent    BestBd   Gap | It/Node Time

     0     0 3846.00000    0   30          - 3846.00000      -     -    0s
H    0     0                    2266.0000000 3846.00000  69.7%     -    0s
H    0     0                    3006.0000000 3846.00000  27.9%     -    0s
     0     0 3846.00000    0   36 3006.00000 3846.00000  27.9%     -    0s
     0     0 3846.00000    0   42 3006.00000 3846.00000  27.9%     -    0s
     0     0 3846.00000    0   18 3006.00000 3846.00000  27.9%     -    0s
     0     0 3846.00000    0   20 3006.00000 3846.00000  27.9%     -    0s
     0     0 3846.00000    0   29 3006.00000 3846.00000  27.9%     -    0s
     0     0 3846.00000    0   31 3006.00000 3846.00000  27.9%     -    0s
     0     0 3846.00000    0   22 3006.00000 3846.00000  27.9%     -    0s
     0     0 3846.00000    0   22 3006.00000 3846.00000  27.9%     -    0s
H    0     0                    3194.0000000 3846.00000  20.4%     -    0s
     0     2 3846.00000    0   15 3194.00000 3846.00000  20.4%     -    0s
H    9     7                    3245.0000000 3846.00000  18.5%  67.6    0s
*   41    17              26    3257.0000000 3846.00000  18.1%  21.4    0s
H  111    64                    3500.0000000 3846.00000  9.89%  20.1    0s
H  579   261                    3696.0000000 3846.00000  4.06%  22.6    1s
  4400  1360 3832.09388   40   28 3696.00000 3846.00000  4.06%  16.3    5s
  7417  1523 3846.00000   34   35 3696.00000 3846.00000  4.06%  18.2   10s
 12172  1671 3846.00000   49   26 3696.00000 3846.00000  4.06%  18.6   15s
 16479  2678     cutoff   53      3696.00000 3846.00000  4.06%  19.0   20s
 20385  2953 infeasible   64      3696.00000 3831.94937  3.68%  19.9   25s
 28370  1720 infeasible   64      3696.00000 3735.00000  1.06%  18.6   30s

Cutting planes:
  Gomory: 1
  Projected implied bound: 2
  MIR: 19
  Flow cover: 40
  GUB cover: 2
  Relax-and-lift: 8

Explored 30462 nodes (565631 simplex iterations) in 31.17 seconds
Thread count was 1 (of 4 available processors)

Solution count 7: 3696 3500 3257 ... 2266

Optimal solution found (tolerance 1.00e-04)
Best objective 3.696000000000e+03, best bound 3.696000000000e+03, gap 0.0000%
