Using license file /home/benedond/gurobi.lic
Using gurobi.env file
Set parameter Threads to value 1
Academic license - for non-commercial use only
Changed value of parameter TimeLimit to 300.0
   Prev: inf  Min: 0.0  Max: inf  Default: inf
Gurobi Optimizer version 9.0.1 build v9.0.1rc0 (linux64)
Optimize a model with 1004 rows, 903 columns and 4281 nonzeros
Model fingerprint: 0xc9997e30
Variable types: 40 continuous, 863 integer (863 binary)
Coefficient statistics:
  Matrix range     [2e-01, 5e+02]
  Objective range  [3e-02, 4e-01]
  Bounds range     [1e+00, 1e+00]
  RHS range        [1e+00, 1e+03]
Presolve removed 87 rows and 53 columns
Presolve time: 0.03s
Presolved: 917 rows, 850 columns, 4001 nonzeros
Variable types: 39 continuous, 811 integer (811 binary)

Root relaxation: objective 1.953905e+00, 746 iterations, 0.02 seconds

    Nodes    |    Current Node    |     Objective Bounds      |     Work
 Expl Unexpl |  Obj  Depth IntInf | Incumbent    BestBd   Gap | It/Node Time

     0     0    1.95390    0   96          -    1.95390      -     -    0s
     0     0    2.08407    0   91          -    2.08407      -     -    0s
H    0     0                       3.4742032    2.08407  40.0%     -    0s
H    0     0                       3.4013333    2.08407  38.7%     -    0s
     0     0    2.18703    0  113    3.40133    2.18703  35.7%     -    0s
     0     0    2.19419    0  149    3.40133    2.19419  35.5%     -    0s
     0     0    2.30562    0  122    3.40133    2.30562  32.2%     -    0s
H    0     0                       3.3895285    2.30562  32.0%     -    0s
     0     0    2.33185    0  115    3.38953    2.33185  31.2%     -    0s
     0     0    2.33957    0  139    3.38953    2.33957  31.0%     -    0s
     0     0    2.34169    0  107    3.38953    2.34169  30.9%     -    0s
     0     0    2.34200    0  108    3.38953    2.34200  30.9%     -    0s
     0     0    2.38345    0  111    3.38953    2.38345  29.7%     -    0s
     0     0    2.41713    0  103    3.38953    2.41713  28.7%     -    0s
     0     0    2.42347    0  127    3.38953    2.42347  28.5%     -    0s
     0     0    2.42850    0  139    3.38953    2.42850  28.4%     -    0s
     0     0    2.43009    0  155    3.38953    2.43009  28.3%     -    0s
     0     0    2.43047    0  137    3.38953    2.43047  28.3%     -    0s
     0     0    2.43066    0  126    3.38953    2.43066  28.3%     -    0s
     0     0    2.44710    0  127    3.38953    2.44710  27.8%     -    0s
     0     0    2.45031    0  131    3.38953    2.45031  27.7%     -    0s
     0     0    2.45093    0  125    3.38953    2.45093  27.7%     -    0s
     0     0    2.45123    0  135    3.38953    2.45123  27.7%     -    0s
     0     0    2.46856    0  123    3.38953    2.46856  27.2%     -    0s
     0     0    2.47121    0  128    3.38953    2.47121  27.1%     -    0s
     0     0    2.47213    0  135    3.38953    2.47213  27.1%     -    0s
     0     0    2.47225    0  143    3.38953    2.47225  27.1%     -    0s
     0     0    2.48720    0  143    3.38953    2.48720  26.6%     -    0s
     0     0    2.49457    0  153    3.38953    2.49457  26.4%     -    0s
     0     0    2.49545    0  142    3.38953    2.49545  26.4%     -    0s
     0     0    2.49582    0  166    3.38953    2.49582  26.4%     -    0s
     0     0    2.50929    0  156    3.38953    2.50929  26.0%     -    0s
     0     0    2.51023    0  190    3.38953    2.51023  25.9%     -    0s
     0     0    2.51171    0  144    3.38953    2.51171  25.9%     -    0s
     0     0    2.51238    0  201    3.38953    2.51238  25.9%     -    0s
     0     0    2.51254    0  187    3.38953    2.51254  25.9%     -    0s
     0     0    2.51845    0  105    3.38953    2.51845  25.7%     -    0s
     0     0    2.52171    0  171    3.38953    2.52171  25.6%     -    0s
     0     0    2.52227    0  142    3.38953    2.52227  25.6%     -    0s
     0     0    2.52255    0  158    3.38953    2.52255  25.6%     -    0s
     0     0    2.52935    0  147    3.38953    2.52935  25.4%     -    0s
     0     0    2.53062    0  144    3.38953    2.53062  25.3%     -    0s
     0     0    2.53117    0  183    3.38953    2.53117  25.3%     -    0s
     0     0    2.53890    0  168    3.38953    2.53890  25.1%     -    0s
     0     0    2.54167    0  167    3.38953    2.54167  25.0%     -    0s
     0     0    2.54325    0  185    3.38953    2.54325  25.0%     -    1s
     0     0    2.54362    0  175    3.38953    2.54362  25.0%     -    1s
     0     0    2.54937    0  148    3.38953    2.54937  24.8%     -    1s
     0     0    2.55057    0  166    3.38953    2.55057  24.8%     -    1s
     0     0    2.55094    0  166    3.38953    2.55094  24.7%     -    1s
     0     0    2.55234    0  134    3.38953    2.55234  24.7%     -    1s
     0     0    2.55234    0  134    3.38953    2.55234  24.7%     -    1s
     0     2    2.55272    0  134    3.38953    2.55272  24.7%     -    1s
H   27    27                       3.2684065    2.56522  21.5%   108    1s
H   81    79                       3.2511545    2.56522  21.1%   106    2s
*  108    98              84       3.1539513    2.56522  18.7%  93.9    2s
H  192   151                       3.0191464    2.57440  14.7%  87.6    2s
H  203   153                       2.9775203    2.57440  13.5%  90.7    3s
   523   314    2.89092   17  205    2.97752    2.58935  13.0%  74.2    5s
H  600   345                       2.9207399    2.64019  9.61%  64.7    9s
   603   349    2.64026   16  180    2.92074    2.64026  9.60%  84.8   10s
   987   398    2.67495   18  131    2.92074    2.66037  8.91%  92.7   15s
  1740   537    2.72484   31   98    2.92074    2.70123  7.52%  87.5   20s
H 2491   608                       2.8584634    2.73148  4.44%  86.3   24s
  2539   612    2.80686   27   56    2.85846    2.73457  4.33%  86.2   25s
  3572   566    2.85305   34   71    2.85846    2.78267  2.65%  81.4   30s

Cutting planes:
  Cover: 43
  Implied bound: 7
  Clique: 9
  MIR: 137
  StrongCG: 6
  Flow cover: 328
  GUB cover: 1
  Inf proof: 1
  RLT: 6
  Relax-and-lift: 289

Explored 4455 nodes (336265 simplex iterations) in 32.80 seconds
Thread count was 1 (of 4 available processors)

Solution count 10: 2.85846 2.92074 2.97752 ... 3.4742

Optimal solution found (tolerance 1.00e-04)
Best objective 2.858463430187e+00, best bound 2.858463430187e+00, gap 0.0000%
