Academic license - for non-commercial use only - expires 2022-11-10
Using license file /home/benedond/Apps/gurobi/gurobi950/gurobi.lic
Using gurobi.env file
Set parameter Threads to value 1
Changed value of parameter TimeLimit to 1200.0
   Prev: inf  Min: 0.0  Max: inf  Default: inf
Gurobi Optimizer version 9.1.2 build v9.1.2rc0 (linux64)
Thread count: 2 physical cores, 4 logical processors, using up to 1 threads
Optimize a model with 2375 rows, 2214 columns and 10698 nonzeros
Model fingerprint: 0x09057ee4
Variable types: 64 continuous, 2150 integer (2150 binary)
Coefficient statistics:
  Matrix range     [2e-01, 5e+02]
  Objective range  [8e-03, 3e-01]
  Bounds range     [1e+00, 1e+00]
  RHS range        [1e+00, 1e+03]
Found heuristic solution: objective 4.7195411
Presolve removed 213 rows and 92 columns
Presolve time: 0.04s
Presolved: 2162 rows, 2122 columns, 10190 nonzeros
Variable types: 63 continuous, 2059 integer (2059 binary)

Root relaxation: objective 2.064138e+00, 2282 iterations, 0.06 seconds

    Nodes    |    Current Node    |     Objective Bounds      |     Work
 Expl Unexpl |  Obj  Depth IntInf | Incumbent    BestBd   Gap | It/Node Time

     0     0    2.06414    0  147    4.71954    2.06414  56.3%     -    0s
H    0     0                       3.9005480    2.06414  47.1%     -    0s
H    0     0                       3.7660959    2.06414  45.2%     -    0s
     0     0    2.17209    0  162    3.76610    2.17209  42.3%     -    0s
H    0     0                       3.7379315    2.17209  41.9%     -    0s
     0     0    2.18519    0  173    3.73793    2.18519  41.5%     -    0s
     0     0    2.28177    0  172    3.73793    2.28177  39.0%     -    0s
H    0     0                       3.6955069    2.28177  38.3%     -    0s
H    0     0                       3.4678082    2.28177  34.2%     -    0s
     0     0    2.28542    0  144    3.46781    2.28542  34.1%     -    0s
     0     0    2.35530    0  128    3.46781    2.35530  32.1%     -    0s
H    0     0                       3.2719384    2.35530  28.0%     -    0s
     0     0    2.40059    0  136    3.27194    2.40059  26.6%     -    0s
     0     0    2.40770    0  148    3.27194    2.40770  26.4%     -    0s
     0     0    2.40837    0  123    3.27194    2.40837  26.4%     -    0s
     0     0    2.40843    0  122    3.27194    2.40843  26.4%     -    0s
     0     0    2.46060    0  184    3.27194    2.46060  24.8%     -    0s
     0     0    2.46751    0  139    3.27194    2.46751  24.6%     -    0s
     0     0    2.47146    0  187    3.27194    2.47146  24.5%     -    0s
     0     0    2.47197    0  177    3.27194    2.47197  24.4%     -    0s
     0     0    2.47209    0  167    3.27194    2.47209  24.4%     -    0s
     0     0    2.48537    0  180    3.27194    2.48537  24.0%     -    0s
H    0     0                       3.1685274    2.48537  21.6%     -    0s
     0     0    2.48694    0  168    3.16853    2.48694  21.5%     -    0s
     0     0    2.48714    0  159    3.16853    2.48714  21.5%     -    0s
     0     0    2.49986    0  186    3.16853    2.49986  21.1%     -    1s
     0     0    2.50193    0  202    3.16853    2.50193  21.0%     -    1s
     0     0    2.50381    0  183    3.16853    2.50381  21.0%     -    1s
     0     0    2.50418    0  211    3.16853    2.50418  21.0%     -    1s
     0     0    2.50455    0  204    3.16853    2.50455  21.0%     -    1s
     0     0    2.50456    0  204    3.16853    2.50456  21.0%     -    1s
     0     0    2.51396    0  193    3.16853    2.51396  20.7%     -    1s
     0     0    2.51519    0  191    3.16853    2.51519  20.6%     -    1s
     0     0    2.51616    0  194    3.16853    2.51616  20.6%     -    1s
     0     0    2.51628    0  196    3.16853    2.51628  20.6%     -    1s
     0     0    2.52351    0  177    3.16853    2.52351  20.4%     -    1s
H    0     0                       3.0980548    2.52351  18.5%     -    1s
     0     0    2.52611    0  196    3.09805    2.52611  18.5%     -    1s
     0     0    2.52676    0  187    3.09805    2.52676  18.4%     -    1s
     0     0    2.52690    0  160    3.09805    2.52690  18.4%     -    1s
     0     0    2.53137    0  185    3.09805    2.53137  18.3%     -    1s
     0     0    2.53187    0  179    3.09805    2.53187  18.3%     -    1s
     0     0    2.53247    0  186    3.09805    2.53247  18.3%     -    1s
     0     0    2.53291    0  190    3.09805    2.53291  18.2%     -    1s
     0     0    2.53294    0  190    3.09805    2.53294  18.2%     -    1s
     0     0    2.53522    0  241    3.09805    2.53522  18.2%     -    1s
     0     0    2.53546    0  197    3.09805    2.53546  18.2%     -    1s
     0     0    2.53813    0  189    3.09805    2.53813  18.1%     -    1s
     0     0    2.53880    0  191    3.09805    2.53880  18.1%     -    1s
     0     0    2.53899    0  196    3.09805    2.53899  18.0%     -    1s
     0     0    2.54034    0  203    3.09805    2.54034  18.0%     -    1s
     0     0    2.54034    0  201    3.09805    2.54034  18.0%     -    2s
     0     2    2.54074    0  200    3.09805    2.54074  18.0%     -    2s
    40    42    2.81735   26  133    3.09805    2.54383  17.9%   456    5s
H  110    88                       3.0721164    2.54383  17.2%   235    6s
H  157   133                       3.0569726    2.54587  16.7%   197    6s
H  203   173                       3.0545069    2.54587  16.7%   164    7s
H  205   171                       3.0270342    2.54587  15.9%   163    7s
H  209   171                       3.0004041    2.54587  15.1%   160    7s
   396   315    2.62698    1  140    3.00040    2.55798  14.7%   161   10s
   529   438    2.79572   66  305    3.00040    2.58954  13.7%   145   15s
   570   465    2.71390   31  291    3.00040    2.62967  12.4%   135   20s
   608   492    2.84595   65  236    3.00040    2.64916  11.7%   160   25s
   632   508    2.66841   18  262    3.00040    2.66841  11.1%   154   30s
   640   516    2.70392   23  175    3.00040    2.67084  11.0%   186   35s
   685   544    2.73609   46  117    3.00040    2.67904  10.7%   210   40s
   793   561    2.86168   45  164    3.00040    2.67982  10.7%   230   45s
   956   585    2.85485   63  128    3.00040    2.68857  10.4%   234   50s
H 1082   605                       2.9700685    2.70184  9.03%   218   51s
  1260   665    2.75707   25  186    2.97007    2.70553  8.91%   207   55s
  1442   732    2.85014   32  134    2.97007    2.71159  8.70%   209   60s
  1612   789    2.95931   86   73    2.97007    2.72845  8.14%   207   65s
  1847   792    2.81838   46  114    2.97007    2.73139  8.04%   199   70s
  2074   860    2.74864   35  143    2.97007    2.73562  7.89%   193   75s
  2217   926     cutoff   35         2.97007    2.74133  7.70%   199   80s
  2390   978    2.77411   32  158    2.97007    2.74477  7.59%   203   85s
  2665  1175    2.77544   39  203    2.97007    2.74916  7.44%   197   90s
  2917  1319    2.84081   48  114    2.97007    2.75305  7.31%   195   95s
  3143  1433    2.89786   58   95    2.97007    2.75511  7.24%   191  100s
  3332  1562    2.93270   47  109    2.97007    2.75699  7.17%   192  105s
  3492  1651    2.88995   49   71    2.97007    2.75782  7.15%   193  110s
  3769  1827    2.92181   63  127    2.97007    2.76008  7.07%   190  115s
  3930  1887    2.84231   52   80    2.97007    2.76311  6.97%   192  120s
  4202  2059    2.81223   45  100    2.97007    2.76791  6.81%   188  125s
  4398  2167    2.80390   41  142    2.97007    2.77164  6.68%   189  130s
  4632  2300    2.84996   34  136    2.97007    2.77430  6.59%   188  135s
  4924  2477    2.85041   39  124    2.97007    2.77748  6.48%   184  140s
  5211  2668    2.85572   45  174    2.97007    2.77860  6.45%   180  145s
  5527  2863    2.95987   68  138    2.97007    2.78201  6.33%   178  150s
  5749  2973    2.82520   30  133    2.97007    2.78416  6.26%   179  155s
  5917  3039     cutoff   45         2.97007    2.78503  6.23%   179  160s
  6198  3161    2.91935   33  138    2.97007    2.78656  6.18%   178  165s
  6357  3229    2.86524   59  168    2.97007    2.78708  6.16%   179  170s
  6734  3443    2.94349   52  134    2.97007    2.78937  6.08%   175  175s
  6908  3517    2.90241   43  132    2.97007    2.79169  6.01%   176  180s
  7174  3639    2.86448   43  132    2.97007    2.79341  5.95%   176  185s
  7317  3694    2.83234   24  179    2.97007    2.79503  5.89%   177  190s
  7544  3815    2.93379   40   82    2.97007    2.79834  5.78%   177  195s
  7838  3969    2.86239   41  117    2.97007    2.79955  5.74%   176  200s
  7982  4037    2.91832   40  110    2.97007    2.80028  5.72%   177  205s
  8270  4133    2.92829   56  124    2.97007    2.80291  5.63%   177  210s
  8578  4238    2.88708   33  149    2.97007    2.80423  5.58%   176  215s
  8842  4402    2.96127   48  106    2.97007    2.80518  5.55%   174  220s
  9043  4489    2.94330   48  162    2.97007    2.80603  5.52%   174  225s
  9304  4651    2.88701   46  101    2.97007    2.80798  5.46%   173  230s
  9550  4741     cutoff   43         2.97007    2.80987  5.39%   173  235s
  9781  4813    2.89211   42  106    2.97007    2.81059  5.37%   173  240s
  9998  4906    2.93428   43  103    2.97007    2.81165  5.33%   172  245s
 10195  4986    2.87929   34  137    2.97007    2.81266  5.30%   173  250s
 10203  4993    2.88845   83  201    2.97007    2.81266  5.30%   173  292s
 10212  4999    2.91653   71  245    2.97007    2.81266  5.30%   173  295s
 10230  5011    2.94187   79  254    2.97007    2.81266  5.30%   173  300s
 10248  5023    2.93847   69  293    2.97007    2.81266  5.30%   172  305s
 10267  5036    2.89642   44  234    2.97007    2.81266  5.30%   172  310s
 10288  5050    2.95911   54  292    2.97007    2.81266  5.30%   172  315s
 10310  5064    2.86541   48  294    2.97007    2.81266  5.30%   171  320s
 10331  5078    2.94571  130  301    2.97007    2.81266  5.30%   171  325s
 10353  5093    2.91690   91  303    2.97007    2.81266  5.30%   171  330s
 10374  5107    2.91102   61  287    2.97007    2.81266  5.30%   170  335s
 10392  5119    2.93318   31  290    2.97007    2.81266  5.30%   170  340s
 10404  5127    2.92664   44  294    2.97007    2.81266  5.30%   170  345s
 10407  5130    2.85150   36  196    2.97007    2.81266  5.30%   174  351s
 10409  5131    2.87402   37  207    2.97007    2.81266  5.30%   174  355s
 10412  5132    2.81266   39  226    2.97007    2.81266  5.30%   174  361s
 10415  5133    2.86054   40  164    2.97007    2.81266  5.30%   174  365s
 10420  5137    2.81266   43  188    2.97007    2.81266  5.30%   174  370s
 10431  5142    2.92908   48  188    2.97007    2.81266  5.30%   175  375s
 10451  5152    2.81266   58  140    2.97007    2.81266  5.30%   176  380s
 10491  5163     cutoff   79         2.97007    2.81266  5.30%   177  385s
 10606  5157    2.81266   54  116    2.97007    2.81266  5.30%   179  390s
 10669  5174    2.89229   86  116    2.97007    2.81266  5.30%   181  395s
 10764  5175    2.85617   52  181    2.97007    2.81266  5.30%   182  400s
 10916  5196    2.94539  103  167    2.97007    2.81266  5.30%   183  405s
 11193  5236     cutoff   43         2.97007    2.81266  5.30%   182  410s
 11446  5284    2.92403   84  127    2.97007    2.81266  5.30%   182  415s
 11623  5310    2.96287   62  161    2.97007    2.81266  5.30%   183  420s
 11755  5353    2.81266   52  183    2.97007    2.81266  5.30%   184  425s
 11926  5402    2.95748   65  107    2.97007    2.81266  5.30%   184  430s
 12158  5490    2.81895   57  154    2.97007    2.81266  5.30%   184  435s
 12435  5590    2.90753   76  103    2.97007    2.81266  5.30%   183  440s
 12856  5589    2.95850   97  167    2.97007    2.81266  5.30%   181  445s
 13134  5665     cutoff   66         2.97007    2.81266  5.30%   181  450s
 13438  5709    2.88299   68  158    2.97007    2.81266  5.30%   181  455s
 13569  5738    2.93006  107  115    2.97007    2.81266  5.30%   181  460s
 13842  5801    2.94706  108  117    2.97007    2.81266  5.30%   181  465s
 14170  5803    2.86506   64  133    2.97007    2.81266  5.30%   181  470s
 14494  5881    2.87433   48  134    2.97007    2.81361  5.27%   181  475s
 14753  5925    2.83435   62  176    2.97007    2.81614  5.18%   182  480s
 14883  5936    2.88790   57  199    2.97007    2.81813  5.12%   183  485s
 15303  6075    2.86958   68   95    2.97007    2.82215  4.98%   182  490s
 15799  6237    2.93938   73   67    2.97007    2.82527  4.88%   179  495s
 16084  6285    2.85049   59  170    2.97007    2.82748  4.80%   180  500s
 16499  6413    2.94672   60  128    2.97007    2.82917  4.74%   179  505s
 16720  6451    2.88251   73  141    2.97007    2.83244  4.63%   179  511s
 16903  6465    2.94138   78   60    2.97007    2.83362  4.59%   179  515s
 17351  6626    2.88707   60  104    2.97007    2.83616  4.51%   178  520s
 17698  6699    2.89472   78  149    2.97007    2.83869  4.42%   178  525s
 17983  6712    2.93522   64   94    2.97007    2.84069  4.36%   178  530s
 18308  6760    2.96520   65  139    2.97007    2.84269  4.29%   178  535s
 18759  6872     cutoff   69         2.97007    2.84455  4.23%   176  540s
 19021  6863    2.94383   62  123    2.97007    2.84587  4.18%   177  545s
 19474  6935    2.90272  124   72    2.97007    2.84755  4.13%   175  550s
 19832  7015    2.94507   70  123    2.97007    2.84923  4.07%   174  555s
 20296  7054    2.87324   71  184    2.97007    2.85145  3.99%   173  560s
 20728  7144    2.94797   82   80    2.97007    2.85365  3.92%   172  565s
 21144  7177     cutoff   58         2.97007    2.85589  3.84%   171  570s
 21531  7262    2.94371   68  109    2.97007    2.85735  3.80%   171  575s
 21972  7384    2.87075  105   85    2.97007    2.85829  3.76%   170  580s
 22385  7447    2.96791   66   82    2.97007    2.85924  3.73%   169  585s
 22685  7443    2.89615   69  122    2.97007    2.86043  3.69%   169  590s
 23065  7517    2.93570   67  100    2.97007    2.86166  3.65%   169  595s
 23670  7599    2.92715   98  178    2.97007    2.86335  3.59%   167  600s
*23749  6778              77       2.9596027    2.86339  3.25%   167  600s
H23832  5242                       2.9459109    2.86409  2.78%   166  602s
 24103  5300     cutoff   80         2.94591    2.86493  2.75%   166  605s
 24680  5522     cutoff   76         2.94591    2.86669  2.69%   164  610s
 25133  5641    2.89497   65   71    2.94591    2.86925  2.60%   164  615s
 25699  5874    2.91338   95   75    2.94591    2.87040  2.56%   162  620s
 26400  6139    2.91076   94   82    2.94591    2.87172  2.52%   161  625s
 26550  6182    2.92556   84  162    2.94591    2.87220  2.50%   160  631s
 26950  6367    2.93312  123  107    2.94591    2.87290  2.48%   160  635s
 27467  6489    2.93379   71  118    2.94591    2.87506  2.40%   159  640s
 28133  6711    2.88223   71   26    2.94591    2.87636  2.36%   157  645s
 28647  6900     cutoff   56         2.94591    2.87716  2.33%   156  650s
 29097  7028    2.94288   81  153    2.94591    2.87810  2.30%   156  655s
 29691  7223    2.88739   60  108    2.94591    2.87926  2.26%   154  660s
 30279  7422    2.91257   71   87    2.94591    2.88024  2.23%   153  665s
 30750  7556     cutoff   63         2.94591    2.88120  2.20%   152  670s
 31439  7794    2.92970   63  151    2.94591    2.88252  2.15%   151  675s
 32026  7994    2.93360  101   81    2.94591    2.88352  2.12%   150  680s
 32546  8171    2.91421   88   94    2.94591    2.88448  2.09%   149  685s
 33163  8261    2.91829  142   38    2.94591    2.88572  2.04%   148  690s
 33794  8397     cutoff   76         2.94591    2.88708  2.00%   147  695s
 34531  8531    2.91646   91   43    2.94591    2.88841  1.95%   146  700s
*34541  8111              99       2.9422192    2.88841  1.83%   146  700s
H34903  5720                       2.9258493    2.88898  1.26%   145  703s
*34904  5462             100       2.9245617    2.88898  1.22%   145  703s
 35134  5502    2.91987   76   66    2.92456    2.88944  1.20%   145  705s
 35638  5428    2.91209   78  107    2.92456    2.89113  1.14%   145  710s
 36110  5318    2.90769   62  151    2.92456    2.89268  1.09%   145  715s
 36660  5228     cutoff   81         2.92456    2.89437  1.03%   144  720s
 37227  5152    2.91716   97  121    2.92456    2.89591  0.98%   143  725s
 37903  5038    2.91414   58  118    2.92456    2.89766  0.92%   143  730s
*38326  4886              94       2.9243356    2.89875  0.87%   142  733s
 38461  4826     cutoff  118         2.92434    2.89921  0.86%   142  735s
 39127  4609    2.91766   59  150    2.92434    2.90117  0.79%   141  740s
 39695  4364     cutoff   72         2.92434    2.90272  0.74%   140  745s
 40355  4108     cutoff  105         2.92434    2.90473  0.67%   140  750s
 41028  3868     cutoff   80         2.92434    2.90639  0.61%   139  755s
 41837  3431     cutoff   74         2.92434    2.90864  0.54%   137  760s
 42728  2902     cutoff  131         2.92434    2.91122  0.45%   136  765s
 43663  2255     cutoff   63         2.92434    2.91380  0.36%   134  770s
 44585  1525     cutoff  118         2.92434    2.91698  0.25%   133  775s
 45680   528     cutoff   63         2.92434    2.92152  0.10%   131  780s

Cutting planes:
  Gomory: 1
  Cover: 258
  Implied bound: 24
  Projected implied bound: 2
  Clique: 7
  MIR: 301
  StrongCG: 1
  Flow cover: 609
  GUB cover: 3
  Inf proof: 4
  Mod-K: 1
  RLT: 14
  Relax-and-lift: 226

Explored 46169 nodes (6019961 simplex iterations) in 781.71 seconds
Thread count was 1 (of 4 available processors)

Solution count 10: 2.92434 2.92456 2.94222 ... 3.05697

Optimal solution found (tolerance 1.00e-04)
Best objective 2.924335611346e+00, best bound 2.924047193069e+00, gap 0.0099%
