Academic license - for non-commercial use only - expires 2022-11-10
Using license file /home/benedond/Apps/gurobi/gurobi950/gurobi.lic
Using gurobi.env file
Set parameter Threads to value 1
Changed value of parameter TimeLimit to 1200.0
   Prev: inf  Min: 0.0  Max: inf  Default: inf
Gurobi Optimizer version 9.1.2 build v9.1.2rc0 (linux64)
Thread count: 2 physical cores, 4 logical processors, using up to 1 threads
Optimize a model with 4256 rows, 2112 columns and 16510 nonzeros
Model fingerprint: 0x5cb9c64b
Variable types: 32 continuous, 2080 integer (2048 binary)
Coefficient statistics:
  Matrix range     [2e-01, 5e+03]
  Objective range  [8e-04, 2e-01]
  Bounds range     [1e+00, 1e+00]
  RHS range        [1e+00, 5e+03]

---------------------------------------------------------------------------
Multi-objectives: starting optimization with 1 objectives ... 
---------------------------------------------------------------------------
---------------------------------------------------------------------------

Multi-objectives: optimize objective 1 (min avg power cons) ...
---------------------------------------------------------------------------

Optimize a model with 4256 rows, 2112 columns and 16510 nonzeros
Model fingerprint: 0x8e0a6068
Variable types: 32 continuous, 2080 integer (2048 binary)
Coefficient statistics:
  Matrix range     [2e-01, 5e+03]
  Objective range  [8e-04, 2e-01]
  Bounds range     [1e+00, 1e+00]
  RHS range        [1e+00, 5e+03]
Presolve removed 2736 rows and 1341 columns
Presolve time: 0.15s
Presolved: 1520 rows, 771 columns, 5781 nonzeros
Variable types: 26 continuous, 745 integer (719 binary)

Root relaxation: objective 1.480794e+00, 371 iterations, 0.01 seconds

    Nodes    |    Current Node    |     Objective Bounds      |     Work
 Expl Unexpl |  Obj  Depth IntInf | Incumbent    BestBd   Gap | It/Node Time

     0     0    1.48079    0   76          -    1.48079      -     -    0s
     0     0    1.48079    0   90          -    1.48079      -     -    0s
H    0     0                       3.7729127    1.48079  60.8%     -    0s
H    0     0                       3.5631349    1.48079  58.4%     -    0s
     0     0    1.48079    0   81    3.56313    1.48079  58.4%     -    0s
     0     0    1.48781    0   80    3.56313    1.48781  58.2%     -    0s
     0     0    1.48853    0  109    3.56313    1.48853  58.2%     -    0s
     0     0    1.53998    0  140    3.56313    1.53998  56.8%     -    0s
H    0     0                       3.5226588    1.53998  56.3%     -    0s
     0     0    1.58359    0  138    3.52266    1.58359  55.0%     -    0s
     0     0    1.70793    0  104    3.52266    1.70793  51.5%     -    0s
     0     0    1.73195    0  105    3.52266    1.73195  50.8%     -    0s
     0     0    1.76568    0  167    3.52266    1.76568  49.9%     -    0s
H    0     0                       3.4164762    1.76568  48.3%     -    0s
     0     0    1.77851    0  123    3.41648    1.77851  47.9%     -    0s
     0     0    1.79546    0  105    3.41648    1.79546  47.4%     -    0s
H    0     0                       3.4155238    1.79546  47.4%     -    0s
     0     0    1.80775    0  137    3.41552    1.80775  47.1%     -    0s
     0     0    1.81372    0  140    3.41552    1.81372  46.9%     -    0s
     0     0    1.81487    0  142    3.41552    1.81487  46.9%     -    0s
     0     0    1.81505    0  138    3.41552    1.81505  46.9%     -    0s
     0     0    1.81506    0  140    3.41552    1.81506  46.9%     -    0s
     0     0    1.82547    0  136    3.41552    1.82547  46.6%     -    0s
     0     0    1.82815    0  126    3.41552    1.82815  46.5%     -    0s
     0     0    1.82886    0  149    3.41552    1.82886  46.5%     -    0s
     0     0    1.82887    0  147    3.41552    1.82887  46.5%     -    0s
     0     0    1.83438    0  167    3.41552    1.83438  46.3%     -    0s
     0     0    1.84507    0  135    3.41552    1.84507  46.0%     -    0s
     0     0    1.84796    0  174    3.41552    1.84796  45.9%     -    0s
     0     0    1.84898    0  138    3.41552    1.84898  45.9%     -    0s
     0     0    1.84968    0  140    3.41552    1.84968  45.8%     -    0s
     0     0    1.84994    0  143    3.41552    1.84994  45.8%     -    0s
     0     0    1.84995    0  186    3.41552    1.84995  45.8%     -    0s
     0     0    1.85871    0  121    3.41552    1.85871  45.6%     -    0s
H    0     0                       3.2963016    1.85871  43.6%     -    0s
     0     0    1.86493    0  149    3.29630    1.86493  43.4%     -    0s
     0     0    1.86653    0  152    3.29630    1.86653  43.4%     -    0s
     0     0    1.86701    0  155    3.29630    1.86701  43.4%     -    0s
     0     0    1.86722    0  156    3.29630    1.86722  43.4%     -    0s
     0     0    1.86744    0  153    3.29630    1.86744  43.3%     -    0s
     0     0    1.86752    0  150    3.29630    1.86752  43.3%     -    0s
     0     0    1.88784    0  163    3.29630    1.88784  42.7%     -    0s
H    0     0                       3.2695080    1.88784  42.3%     -    0s
     0     0    1.89357    0  163    3.26951    1.89357  42.1%     -    0s
     0     0    1.89468    0  174    3.26951    1.89468  42.1%     -    0s
     0     0    1.89528    0  165    3.26951    1.89528  42.0%     -    0s
     0     0    1.89548    0  169    3.26951    1.89548  42.0%     -    0s
     0     0    1.89554    0  171    3.26951    1.89554  42.0%     -    0s
     0     0    1.90019    0  144    3.26951    1.90019  41.9%     -    0s
H    0     0                       3.1211349    1.90019  39.1%     -    0s
     0     0    1.90517    0  188    3.12113    1.90517  39.0%     -    0s
     0     0    1.90598    0  167    3.12113    1.90598  38.9%     -    0s
     0     0    1.90627    0  160    3.12113    1.90627  38.9%     -    0s
     0     0    1.90650    0  158    3.12113    1.90650  38.9%     -    0s
     0     0    1.90673    0  158    3.12113    1.90673  38.9%     -    0s
     0     0    1.90694    0  158    3.12113    1.90694  38.9%     -    0s
     0     0    1.91076    0  156    3.12113    1.91076  38.8%     -    1s
H    0     0                       3.1122540    1.91076  38.6%     -    1s
     0     0    1.91265    0  173    3.11225    1.91265  38.5%     -    1s
     0     0    1.91280    0  161    3.11225    1.91280  38.5%     -    1s
     0     0    1.91467    0  165    3.11225    1.91467  38.5%     -    1s
H    0     0                       3.0841429    1.91467  37.9%     -    1s
     0     0    1.91530    0  171    3.08414    1.91530  37.9%     -    1s
     0     0    1.91551    0  161    3.08414    1.91551  37.9%     -    1s
     0     0    1.91612    0  173    3.08414    1.91612  37.9%     -    1s
     0     0    1.91612    0  169    3.08414    1.91612  37.9%     -    1s
H    0     0                       3.0621111    1.91650  37.4%     -    2s
H    0     0                       3.0595953    1.91650  37.4%     -    2s
     0     2    1.91650    0  169    3.05960    1.91650  37.4%     -    2s
H   26    26                       3.0192778    1.92064  36.4%   143    2s
H  132   116                       2.9708413    1.93287  34.9%   101    3s
H  158   142                       2.9440159    1.93287  34.3%  89.9    3s
H  262   221                       2.9415000    1.93302  34.3%  69.8    3s
H  397   334                       2.9375873    1.93474  34.1%  70.0    4s
   511   429    2.08236   27  169    2.93759    1.93474  34.1%  62.1    5s
H  527   417                       2.9189127    1.96062  32.8%  60.2    6s
H  529   397                       2.8730000    1.96252  31.7%  60.0    7s
H  531   378                       2.7799286    1.96432  29.3%  59.7    7s
H  533   360                       2.7710714    1.96542  29.1%  59.5    7s
   552   372    2.02737    9  180    2.77107    1.97585  28.7%  57.5   10s
   704   457    2.54851   87   72    2.77107    1.99900  27.9%   102   15s
  1114   575    2.34690   16  115    2.77107    2.08635  24.7%   110   20s
  1627   753    2.41838   85  100    2.77107    2.10577  24.0%   111   25s
  2133  1050    2.48483   63  147    2.77107    2.13695  22.9%   109   30s
  2712  1389    2.56437   33  134    2.77107    2.15420  22.3%   110   35s
  3212  1701    2.56379   44  130    2.77107    2.17368  21.6%   110   40s
  3630  1995    2.63766   31  178    2.77107    2.17795  21.4%   111   45s
  4069  2279    2.36953   46  154    2.77107    2.18782  21.0%   113   50s
H 4219  2378                       2.7698968    2.19366  20.8%   113   51s
  4527  2586    2.44187   52  103    2.76990    2.20233  20.5%   113   55s
  5005  2855    2.75422   48   72    2.76990    2.21200  20.1%   113   60s
  5468  3151    2.63913   47  112    2.76990    2.21898  19.9%   114   65s
  5827  3352    2.53551   25  111    2.76990    2.22465  19.7%   115   70s
  6422  3705    2.48241   30  167    2.76990    2.23496  19.3%   113   75s
  6854  3943    2.65689   39  179    2.76990    2.23910  19.2%   114   80s
  7209  4138    2.57966   52  117    2.76990    2.24205  19.1%   116   85s
  7683  4393    2.68669   55   84    2.76990    2.24599  18.9%   117   90s
  7873  4486    2.75173   58   91    2.76990    2.24779  18.8%   119   97s
  8091  4633    2.73024   56   66    2.76990    2.24967  18.8%   118  100s
  8560  4920    2.61866   63   51    2.76990    2.25256  18.7%   118  105s
  9019  5153    2.58946   39   94    2.76990    2.25659  18.5%   119  110s
  9508  5446    2.52159   28  127    2.76990    2.25960  18.4%   119  115s
  9999  5758    2.56060   27  146    2.76990    2.26489  18.2%   120  120s
 10203  5864    2.72125   75  169    2.76990    2.26669  18.2%   121  138s
 10210  5869    2.41963   34  192    2.76990    2.26669  18.2%   120  140s
 10230  5882    2.64726   65  209    2.76990    2.26669  18.2%   120  145s
 10247  5893    2.61048   43  197    2.76990    2.26669  18.2%   120  150s
 10266  5906    2.48983   29  181    2.76990    2.26669  18.2%   120  155s
 10282  5917    2.59915   49  216    2.76990    2.26669  18.2%   120  160s
 10300  5929    2.46875   40  227    2.76990    2.26669  18.2%   119  165s
 10318  5941    2.28765   29  245    2.76990    2.26669  18.2%   119  170s
 10336  5953    2.73271   36  235    2.76990    2.26669  18.2%   119  175s
 10353  5964    2.67392   51  220    2.76990    2.26669  18.2%   119  180s
 10371  5976    2.58624   36  223    2.76990    2.26669  18.2%   119  185s
 10389  5988    2.68803   33  216    2.76990    2.26669  18.2%   118  190s
 10404  5998    2.44533   33  222    2.76990    2.26669  18.2%   118  195s
 10408  6003    2.26669   22  172    2.76990    2.26669  18.2%   121  200s
 10417  6007    2.26669   26  113    2.76990    2.26669  18.2%   121  205s
 10464  6037    2.26669   50  129    2.76990    2.26669  18.2%   122  210s
 10684  6087    2.26669   34  144    2.76990    2.26669  18.2%   122  215s
 11023  6201    2.39609   45  111    2.76990    2.26669  18.2%   122  220s
 11431  6312    2.63095   74   91    2.76990    2.26669  18.2%   122  225s
 11805  6413    2.61821   56   93    2.76990    2.26669  18.2%   121  230s
 12093  6513    2.66724   53   89    2.76990    2.26669  18.2%   121  235s
 12446  6584    2.37752   46  137    2.76990    2.26669  18.2%   122  240s
 13019  6725    2.63766   48  136    2.76990    2.26669  18.2%   122  245s
 13562  6889    2.42145   48  192    2.76990    2.26669  18.2%   121  250s
 14177  7073    2.46503   46  119    2.76990    2.26669  18.2%   121  255s
 14611  7127    2.39288   47  105    2.76990    2.26669  18.2%   121  260s
 15216  7290    2.29327   41  162    2.76990    2.26669  18.2%   120  265s
 15874  7417     cutoff   42         2.76990    2.27256  18.0%   119  270s
 16352  7513    2.34885   36  108    2.76990    2.27808  17.8%   119  275s
 16710  7627    2.32019   32  126    2.76990    2.28221  17.6%   119  281s
 16744  7635    2.47052   45  147    2.76990    2.28236  17.6%   119  285s
 17119  7679 infeasible   68         2.76990    2.29116  17.3%   119  290s
 17557  7729    2.55861   49  132    2.76990    2.29795  17.0%   120  295s
 17983  7833     cutoff   43         2.76990    2.30251  16.9%   120  300s
 18590  7925    2.32324   49  171    2.76990    2.30960  16.6%   120  305s
 19036  8061     cutoff   55         2.76990    2.31088  16.6%   121  310s
 19678  8145    2.70697   70  124    2.76990    2.31686  16.4%   120  315s
 20432  8286    2.67896   48  122    2.76990    2.32297  16.1%   119  320s
 20837  8362     cutoff   68         2.76990    2.32794  16.0%   120  325s
 21369  8425 infeasible   52         2.76990    2.33336  15.8%   120  330s
 21762  8487    2.44250   48  103    2.76990    2.33746  15.6%   120  335s
 22206  8561    2.54948   63   77    2.76990    2.34221  15.4%   121  340s
 22675  8589    2.59867   56  145    2.76990    2.34766  15.2%   122  345s
 23053  8605     cutoff   45         2.76990    2.35051  15.1%   122  350s
 23544  8644    2.74362   44  167    2.76990    2.35516  15.0%   123  355s
 23971  8723    2.61121   43   83    2.76990    2.35815  14.9%   123  360s
 24406  8781    2.50966   44  221    2.76990    2.36134  14.7%   124  365s
 24762  8810    2.67655   50  113    2.76990    2.36464  14.6%   124  370s
 25117  8852    2.49119   54  148    2.76990    2.36661  14.6%   125  375s
 25513  8858     cutoff   40         2.76990    2.36901  14.5%   125  380s
 25977  8925    2.47145   41   90    2.76990    2.37207  14.4%   126  385s
 26485  8939    2.44953   45   87    2.76990    2.37614  14.2%   126  390s
 26954  8960    2.60723   58  115    2.76990    2.37832  14.1%   126  395s
 27522  9066     cutoff   57         2.76990    2.38042  14.1%   126  400s
 27999  9123    2.48811   39  195    2.76990    2.38346  14.0%   126  405s
 28453  9224    2.47269   37  117    2.76990    2.38480  13.9%   126  410s
 28922  9441    2.44859   38  132    2.76990    2.38673  13.8%   126  415s
 29461  9741    2.42794   52  147    2.76990    2.38851  13.8%   126  420s
 29824  9865    2.73047   47   84    2.76990    2.39033  13.7%   127  425s
 30223 10038    2.44105   39  111    2.76990    2.39253  13.6%   127  430s
 30695 10238    2.56123   55  136    2.76990    2.39453  13.6%   127  435s
 31110 10408    2.52604   56  105    2.76990    2.39652  13.5%   128  440s
 31597 10608    2.61339   59   81    2.76990    2.39810  13.4%   128  445s
 32099 10784    2.76730   34  150    2.76990    2.39976  13.4%   128  450s
 32550 10979     cutoff   43         2.76990    2.40136  13.3%   128  455s
 32944 11142    2.48267   41  131    2.76990    2.40286  13.3%   128  460s
 33327 11323    2.43303   46  205    2.76990    2.40405  13.2%   128  465s
 33766 11544    2.57960   39  108    2.76990    2.40550  13.2%   128  470s
 34198 11730    2.59515   47  115    2.76990    2.40731  13.1%   128  475s
 34574 11877    2.62521   52  101    2.76990    2.40847  13.0%   129  480s
 35128 12166    2.68380   56   90    2.76990    2.41025  13.0%   128  485s
 35477 12331    2.48875   39  116    2.76990    2.41127  12.9%   128  490s
 35915 12522    2.71505   61   62    2.76990    2.41336  12.9%   129  495s
 36380 12686    2.50403   38   82    2.76990    2.41455  12.8%   129  507s
 36515 12718    2.61221   52   96    2.76990    2.41517  12.8%   129  510s
 36992 12927    2.73135   49   98    2.76990    2.41673  12.8%   129  515s
 37570 13221    2.60658   63  114    2.76990    2.41876  12.7%   128  520s
 38015 13399    2.66044   68   81    2.76990    2.42038  12.6%   128  525s
 38475 13587    2.61123   51  116    2.76990    2.42171  12.6%   128  530s
 38848 13737    2.47614   52  144    2.76990    2.42301  12.5%   128  535s
 39364 13951    2.55241   42   89    2.76990    2.42448  12.5%   128  540s
 39714 14060    2.46518   60  154    2.76990    2.42547  12.4%   129  545s
 40020 14219    2.64302   57   83    2.76990    2.42623  12.4%   129  550s
 40468 14409    2.48976   41  121    2.76990    2.42771  12.4%   129  555s
 41086 14714     cutoff   58         2.76990    2.42893  12.3%   129  560s
 41502 14874     cutoff   43         2.76990    2.43025  12.3%   129  565s
 42113 15119     cutoff   56         2.76990    2.43180  12.2%   128  570s
 42532 15301    2.49226   47   90    2.76990    2.43294  12.2%   129  575s
 42861 15408    2.45957   47  138    2.76990    2.43372  12.1%   129  580s
 43266 15583    2.54073   53  119    2.76990    2.43454  12.1%   129  585s
 43666 15695     cutoff   56         2.76990    2.43574  12.1%   129  590s
 43994 15827    2.49366   46  109    2.76990    2.43642  12.0%   130  595s
 44375 15982    2.64876   67  132    2.76990    2.43758  12.0%   130  600s
 44952 16201    2.58962   43  110    2.76990    2.43895  11.9%   129  605s
 45371 16387    2.55015   53  139    2.76990    2.43979  11.9%   130  610s
 45883 16642    2.58410   43  123    2.76990    2.44083  11.9%   129  615s
 46377 16863    2.73468   40   99    2.76990    2.44195  11.8%   129  620s
 46889 17048    2.62898   40  154    2.76990    2.44326  11.8%   129  625s
 47426 17295    2.62382   49  149    2.76990    2.44392  11.8%   129  630s
 47824 17455    2.74433   68   50    2.76990    2.44426  11.8%   129  635s
 48379 17742    2.60039   45  140    2.76990    2.44500  11.7%   129  640s
 48814 17935    2.72631   53   85    2.76990    2.44593  11.7%   129  645s
 49317 18145    2.72132   60   33    2.76990    2.44658  11.7%   129  650s
 49762 18320 infeasible   51         2.76990    2.44787  11.6%   129  655s
 50147 18462    2.48877   43   88    2.76990    2.44866  11.6%   129  660s
 50751 18707    2.55935   50   81    2.76990    2.44947  11.6%   128  665s
 51231 18849    2.58506   41  106    2.76990    2.45037  11.5%   128  670s
 51651 19037    2.70061   51   87    2.76990    2.45100  11.5%   128  675s
 52196 19305    2.63954   58  181    2.76990    2.45165  11.5%   128  680s
 52622 19462    2.53904   50  165    2.76990    2.45223  11.5%   128  685s
 53160 19689    2.52034   49   84    2.76990    2.45295  11.4%   128  690s
 53647 19893    2.71266   68   57    2.76990    2.45390  11.4%   128  695s
 54099 20077    2.76174   63   70    2.76990    2.45440  11.4%   128  700s
 54583 20239    2.70976   49   96    2.76990    2.45526  11.4%   128  705s
 55102 20484     cutoff   55         2.76990    2.45591  11.3%   127  710s
 55583 20678    2.75873   62   65    2.76990    2.45644  11.3%   127  715s
 56032 20876    2.75287   53   47    2.76990    2.45724  11.3%   127  720s
 56040 20875    2.58179   42   74    2.76990    2.45730  11.3%   127  728s
 56151 20906    2.66246   46   96    2.76990    2.45756  11.3%   127  730s
 56590 21066 infeasible   40         2.76990    2.45814  11.3%   127  735s
 57049 21275    2.74916   67   77    2.76990    2.45888  11.2%   127  740s
 57533 21516     cutoff   40         2.76990    2.45948  11.2%   127  745s
 57960 21676    2.75808   61  116    2.76990    2.46020  11.2%   127  750s
 58431 21849    2.69157   58   81    2.76990    2.46083  11.2%   127  755s
 58956 22043    2.65660   62   75    2.76990    2.46154  11.1%   127  760s
 59516 22279     cutoff   64         2.76990    2.46188  11.1%   127  765s
 59913 22428     cutoff   56         2.76990    2.46253  11.1%   127  770s
 60354 22631    2.62707   50   72    2.76990    2.46317  11.1%   127  775s
 60822 22833    2.61203   41   92    2.76990    2.46381  11.1%   127  780s
 61280 23018    2.70791   34   79    2.76990    2.46443  11.0%   127  785s
 61723 23164    2.63914   47  109    2.76990    2.46528  11.0%   127  790s
 62378 23401    2.68379   63  149    2.76990    2.46613  11.0%   126  795s
 62734 23512    2.68016   58   63    2.76990    2.46692  10.9%   126  800s
 63320 23738     cutoff   68         2.76990    2.46757  10.9%   126  805s
 63706 23870    2.69715   47  136    2.76990    2.46824  10.9%   126  810s
 64232 24083    2.52063   52  120    2.76990    2.46907  10.9%   126  815s
 64822 24330    2.54648   52   67    2.76990    2.46980  10.8%   126  820s
 65191 24465    2.75680   73   66    2.76990    2.47029  10.8%   126  825s
 65587 24636    2.54158   42   97    2.76990    2.47069  10.8%   126  830s
 65973 24813     cutoff   60         2.76990    2.47109  10.8%   126  835s
 66351 24916    2.73111   45   90    2.76990    2.47150  10.8%   126  840s
 66895 25106    2.57112   42  115    2.76990    2.47213  10.8%   126  845s
 67368 25273    2.66957   47   85    2.76990    2.47287  10.7%   126  850s
 67733 25388    2.53869   60  132    2.76990    2.47359  10.7%   126  855s
 68180 25544    2.63667   62  100    2.76990    2.47419  10.7%   126  860s
 68654 25684    2.72739   44   68    2.76990    2.47487  10.7%   126  865s
 69143 25854    2.59543   52  120    2.76990    2.47552  10.6%   126  870s
 69567 26046    2.52438   44   84    2.76990    2.47620  10.6%   126  875s
 70047 26241    2.59913   45   78    2.76990    2.47690  10.6%   126  880s
 70477 26395    2.71332   67  149    2.76990    2.47751  10.6%   126  885s
 70982 26573    2.55242   46  109    2.76990    2.47817  10.5%   126  890s
 71579 26814    2.63450   53  110    2.76990    2.47879  10.5%   126  895s
 72025 26967    2.64432   35   90    2.76990    2.47934  10.5%   126  900s
 72496 27129    2.63421   49  114    2.76990    2.48018  10.5%   126  905s
 73120 27388    2.60003   60  109    2.76990    2.48083  10.4%   126  910s
 73639 27586    2.75390   48  163    2.76990    2.48167  10.4%   125  915s
 74218 27808    2.52787   46  140    2.76990    2.48257  10.4%   125  920s
 74634 27985    2.74228   49   87    2.76990    2.48303  10.4%   125  925s
 75139 28205    2.54903   46  104    2.76990    2.48373  10.3%   125  930s
 75638 28399     cutoff   59         2.76990    2.48427  10.3%   125  935s
 76080 28525    2.60624   57  139    2.76990    2.48501  10.3%   125  940s
 76422 28660    2.69689   72   70    2.76990    2.48541  10.3%   125  945s
 77044 28894    2.51503   53  115    2.76990    2.48600  10.2%   125  950s
 77516 29101    2.63598   67   81    2.76990    2.48624  10.2%   125  955s
 78086 29320    2.55415   56  105    2.76990    2.48668  10.2%   125  960s
 78483 29481     cutoff   50         2.76990    2.48712  10.2%   124  965s
 78932 29683     cutoff   58         2.76990    2.48745  10.2%   124  970s
 79368 29853    2.64212   54   73    2.76990    2.48785  10.2%   124  975s
 79818 29997    2.52680   49  109    2.76990    2.48833  10.2%   124  980s
 80162 30155    2.60182   43  118    2.76990    2.48863  10.2%   125  985s
 80754 30393    2.75096   60   69    2.76990    2.48917  10.1%   124  990s
 81217 30534    2.76321   57  139    2.76990    2.48984  10.1%   124  995s
 81586 30645    2.70803   63   97    2.76990    2.49044  10.1%   124 1000s
 82010 30780     cutoff   61         2.76990    2.49089  10.1%   124 1005s
 82384 30925    2.66001   67  114    2.76990    2.49136  10.1%   124 1010s
 82852 31108    2.55054   56  126    2.76990    2.49193  10.0%   124 1015s
 83338 31334    2.68769   68   58    2.76990    2.49225  10.0%   124 1020s
 83840 31479    2.75975   72   52    2.76990    2.49280  10.0%   124 1025s
 84428 31696    2.68546   51  121    2.76990    2.49341  10.0%   124 1030s
 84979 31897    2.61536   41  102    2.76990    2.49397  10.0%   124 1035s
 85494 32066 infeasible   57         2.76990    2.49465  9.94%   124 1040s
 85530 32086    2.69353   51   89    2.76990    2.49468  9.94%   124 1049s
 85593 32110    2.50673   52  109    2.76990    2.49472  9.93%   124 1050s
 86026 32300    2.49568   47  125    2.76990    2.49507  9.92%   124 1055s
 86501 32481    2.59058   58   62    2.76990    2.49545  9.91%   124 1060s
 87018 32702    2.61835   49   77    2.76990    2.49591  9.89%   124 1065s
 87417 32827    2.55486   49  134    2.76990    2.49636  9.88%   124 1070s
 87866 32992    2.60689   54   62    2.76990    2.49678  9.86%   124 1075s
 88545 33239     cutoff   53         2.76990    2.49755  9.83%   123 1080s
 88945 33371    2.58709   64  117    2.76990    2.49822  9.81%   123 1085s
 89357 33541    2.53088   56  122    2.76990    2.49858  9.80%   124 1090s
 89764 33703    2.72452   53   99    2.76990    2.49904  9.78%   124 1095s
 90373 33888    2.60758   63  136    2.76990    2.49972  9.75%   123 1100s
 90910 34117    2.69532   53  122    2.76990    2.50017  9.74%   123 1105s
 91384 34299     cutoff   60         2.76990    2.50043  9.73%   123 1110s
 91872 34478    2.65779   43  133    2.76990    2.50082  9.71%   123 1115s
 92318 34659    2.61006   48  115    2.76990    2.50120  9.70%   123 1120s
 92832 34826    2.71657   51   97    2.76990    2.50152  9.69%   123 1125s
 93236 34988 infeasible   54         2.76990    2.50178  9.68%   123 1130s
 93715 35171     cutoff   48         2.76990    2.50224  9.66%   123 1135s
 94128 35327    2.59096   55  104    2.76990    2.50274  9.64%   123 1140s
 94702 35526    2.75063   72   93    2.76990    2.50327  9.63%   123 1145s
 95088 35632    2.52034   53   84    2.76990    2.50374  9.61%   123 1150s
 95628 35787    2.64195   48  130    2.76990    2.50444  9.58%   123 1155s
 96127 35928    2.76407   49   53    2.76990    2.50480  9.57%   123 1160s
 96704 36083     cutoff   63         2.76990    2.50515  9.56%   123 1165s
 97184 36252    2.60276   73  111    2.76990    2.50550  9.55%   123 1170s
 97663 36398 infeasible   39         2.76990    2.50581  9.53%   123 1175s
 98115 36531    2.62574   36   95    2.76990    2.50619  9.52%   122 1180s
 98576 36672    2.59426   53   94    2.76990    2.50667  9.50%   122 1185s
 99152 36910    2.67682   57   60    2.76990    2.50691  9.49%   122 1190s
 99557 37036    2.52536   45   99    2.76990    2.50733  9.48%   122 1195s

Cutting planes:
  Gomory: 1
  Cover: 628
  Implied bound: 290
  Projected implied bound: 32
  Clique: 4
  MIR: 582
  Flow cover: 741
  GUB cover: 3
  RLT: 3
  Relax-and-lift: 492

Explored 99986 nodes (12245608 simplex iterations) in 1200.00 seconds
Thread count was 1 (of 4 available processors)

Solution count 10: 2.7699 2.77107 2.77993 ... 3.01928

Time limit reached
Best objective 2.769896837631e+00, best bound 2.507680467364e+00, gap 9.4666%

---------------------------------------------------------------------------
Multi-objectives: stopped in 1200.04 seconds, solution count 10
Time Limit reached

