Academic license - for non-commercial use only - expires 2022-11-10
Using license file /home/benedond/Apps/gurobi/gurobi950/gurobi.lic
Using gurobi.env file
Set parameter Threads to value 1
Changed value of parameter TimeLimit to 1200.0
   Prev: inf  Min: 0.0  Max: inf  Default: inf
Gurobi Optimizer version 9.1.2 build v9.1.2rc0 (linux64)
Thread count: 2 physical cores, 4 logical processors, using up to 1 threads
Optimize a model with 2663 rows, 2492 columns and 12072 nonzeros
Model fingerprint: 0x0dbbf31a
Variable types: 68 continuous, 2424 integer (2424 binary)
Coefficient statistics:
  Matrix range     [2e-01, 4e+02]
  Objective range  [6e-03, 3e-01]
  Bounds range     [1e+00, 1e+00]
  RHS range        [1e+00, 2e+03]
Presolve removed 217 rows and 91 columns
Presolve time: 0.04s
Presolved: 2446 rows, 2401 columns, 11541 nonzeros
Variable types: 67 continuous, 2334 integer (2334 binary)

Root relaxation: objective 1.809177e+00, 2202 iterations, 0.06 seconds

    Nodes    |    Current Node    |     Objective Bounds      |     Work
 Expl Unexpl |  Obj  Depth IntInf | Incumbent    BestBd   Gap | It/Node Time

     0     0    1.80918    0  131          -    1.80918      -     -    0s
     0     0    1.90075    0  136          -    1.90075      -     -    0s
     0     0    1.91835    0  148          -    1.91835      -     -    0s
     0     0    1.99551    0  110          -    1.99551      -     -    0s
     0     0    2.00777    0  114          -    2.00777      -     -    0s
     0     0    2.07646    0  123          -    2.07646      -     -    0s
     0     0    2.12891    0  121          -    2.12891      -     -    0s
     0     0    2.14552    0  141          -    2.14552      -     -    0s
H    0     0                       3.8711677    2.14552  44.6%     -    0s
H    0     0                       3.1672858    2.14552  32.3%     -    0s
H    0     0                       3.1494100    2.14552  31.9%     -    0s
     0     0    2.15918    0  121    3.14941    2.15918  31.4%     -    0s
     0     0    2.16070    0  139    3.14941    2.16070  31.4%     -    0s
     0     0    2.17453    0  153    3.14941    2.17453  31.0%     -    0s
     0     0    2.17529    0  157    3.14941    2.17529  30.9%     -    0s
     0     0    2.17544    0  159    3.14941    2.17544  30.9%     -    0s
     0     0    2.17584    0  142    3.14941    2.17584  30.9%     -    0s
     0     0    2.17593    0  154    3.14941    2.17593  30.9%     -    0s
     0     0    2.19051    0  157    3.14941    2.19051  30.4%     -    0s
H    0     0                       2.8027578    2.19051  21.8%     -    1s
     0     0    2.19298    0  142    2.80276    2.19298  21.8%     -    1s
     0     0    2.19394    0  158    2.80276    2.19394  21.7%     -    1s
     0     0    2.19431    0  149    2.80276    2.19431  21.7%     -    1s
     0     0    2.19431    0  151    2.80276    2.19431  21.7%     -    1s
     0     0    2.20172    0  137    2.80276    2.20172  21.4%     -    1s
     0     0    2.20258    0  162    2.80276    2.20258  21.4%     -    1s
     0     0    2.20283    0  164    2.80276    2.20283  21.4%     -    1s
     0     0    2.20298    0  153    2.80276    2.20298  21.4%     -    1s
     0     0    2.20891    0  156    2.80276    2.20891  21.2%     -    1s
     0     0    2.20989    0  143    2.80276    2.20989  21.2%     -    1s
     0     0    2.21053    0  158    2.80276    2.21053  21.1%     -    1s
     0     0    2.21053    0  159    2.80276    2.21053  21.1%     -    1s
     0     0    2.21426    0  149    2.80276    2.21426  21.0%     -    1s
     0     0    2.21462    0  151    2.80276    2.21462  21.0%     -    1s
     0     0    2.21464    0  150    2.80276    2.21464  21.0%     -    1s
     0     0    2.21660    0  146    2.80276    2.21660  20.9%     -    1s
     0     0    2.21660    0  141    2.80276    2.21660  20.9%     -    2s
     0     2    2.21748    0  138    2.80276    2.21748  20.9%     -    2s
H   26    26                       2.8027578    2.22736  20.5%   345    3s
H   52    52                       2.7880000    2.22736  20.1%   283    4s
   153   123    2.30998    3  131    2.78800    2.22950  20.0%   153    5s
H  208   148                       2.7359752    2.22950  18.5%   142    6s
H  458   337                       2.7359752    2.23165  18.4%   119    8s
H  510   364                       2.7050373    2.23165  17.5%   115    9s
   511   365    2.64722   49  141    2.70504    2.23165  17.5%   115   10s
H  513   347                       2.6950683    2.23165  17.2%   114   10s
H  515   332                       2.6751926    2.23165  16.6%   114   10s
H  547   334                       2.6461056    2.31525  12.5%   107   14s
   555   339    2.64611   55  165    2.64611    2.32094  12.3%   106   15s
H  555   322                       2.6461056    2.32185  12.3%   106   15s
H  587   327                       2.6449441    2.33489  11.7%   142   18s
H  589   313                       2.6449441    2.33489  11.7%   142   19s
   600   320    2.62198   46  168    2.64494    2.33636  11.7%   139   20s
H  601   304                       2.6374534    2.33702  11.4%   139   20s
   613   313    2.33983   28  175    2.63745    2.33901  11.3%   158   25s
H  660   323                       2.6339938    2.34139  11.1%   181   29s
   663   327    2.42856   53  164    2.63399    2.34139  11.1%   183   30s
H  744   314                       2.6140187    2.34139  10.4%   194   32s
H  762   311                       2.6127951    2.34140  10.4%   201   34s
   769   316    2.36819   43  217    2.61280    2.34140  10.4%   206   35s
H  798   316                       2.6065280    2.34140  10.2%   215   37s
H  814   304                       2.6053044    2.34140  10.1%   214   37s
   971   294    2.58314   40  127    2.60530    2.35425  9.64%   200   40s
H 1023   253                       2.5626087    2.35425  8.13%   200   41s
  1273   285    2.41611   46   88    2.56261    2.36050  7.89%   178   45s
  1579   476    2.45814   49  107    2.56261    2.38180  7.06%   168   50s
H 1585   475                       2.5603354    2.38180  6.97%   167   50s
  1859   610    2.43040   35  120    2.56034    2.39338  6.52%   166   55s
  2147   764    2.50352   52   86    2.56034    2.40139  6.21%   164   60s
  2527   956    2.45644   41  140    2.56034    2.40713  5.98%   157   65s
  2876  1156    2.55002   58  102    2.56034    2.41244  5.78%   155   70s
  3142  1313    2.41686   45  165    2.56034    2.41459  5.69%   153   75s
  3492  1464    2.49359   50   96    2.56034    2.41978  5.49%   152   80s
  3835  1639    2.49541   55  136    2.56034    2.42341  5.35%   149   85s
H 3943  1645                       2.5603354    2.42341  5.35%   147   89s
  3965  1648    2.52315   53   87    2.56034    2.42350  5.34%   147   90s
  4364  1833    2.45256   36  144    2.56034    2.42730  5.20%   144   95s
  4787  2011    2.53884   65   85    2.56034    2.43038  5.08%   141  100s
  5199  2231    2.50717   52   52    2.56034    2.43288  4.98%   139  105s
  5689  2462    2.51524   52  108    2.56034    2.43683  4.82%   136  110s
  6136  2619     cutoff   63         2.56034    2.44017  4.69%   135  115s
  6610  2829     cutoff   30         2.56034    2.44243  4.61%   134  120s
  7127  3062    2.51232   51   56    2.56034    2.44395  4.55%   131  125s
  7491  3245    2.47683   35   99    2.56034    2.44460  4.52%   130  130s
  8092  3505    2.46269   44  137    2.56034    2.44583  4.47%   126  135s
  8532  3719    2.47538   51   80    2.56034    2.44680  4.43%   125  140s
  8970  3866    2.55632   48  106    2.56034    2.44778  4.40%   124  145s
  9430  4053     cutoff   40         2.56034    2.44966  4.32%   123  150s
  9973  4280    2.45467   49  117    2.56034    2.45138  4.26%   121  155s
 10202  4360     cutoff   62         2.56034    2.45196  4.23%   121  178s
 10231  4363     cutoff   53         2.56034    2.45216  4.22%   121  180s
 10818  4645    2.50430   37   61    2.56034    2.45473  4.12%   120  185s
 11448  4955    2.52236   59   91    2.56034    2.45599  4.08%   118  190s
 11843  5093    2.51387   42   80    2.56034    2.45672  4.05%   117  195s
 12282  5293    2.54155   40   89    2.56034    2.45773  4.01%   117  200s
 12724  5478    2.53025   79   82    2.56034    2.45954  3.94%   118  205s
 13141  5641    2.50241   59   87    2.56034    2.46097  3.88%   118  210s
 13737  5889    2.54906   54   86    2.56034    2.46204  3.84%   117  215s
H13805  5921                       2.5598758    2.46216  3.82%   117  215s
*13807  5872              50       2.5570808    2.46216  3.71%   117  215s
 14264  5985    2.50174   60   44    2.55708    2.46303  3.68%   116  220s
 14702  6149    2.46890   43   84    2.55708    2.46393  3.64%   115  225s
 15100  6272    2.49662   62   55    2.55708    2.46475  3.61%   116  230s
 15460  6379    2.53971   68   36    2.55708    2.46587  3.57%   116  235s
 15798  6479    2.50063   35  163    2.55708    2.46651  3.54%   115  240s
 16140  6622    2.49928   46   90    2.55708    2.46704  3.52%   115  245s
 16632  6800     cutoff   70         2.55708    2.46806  3.48%   115  250s
 16993  6916    2.47769   44   66    2.55708    2.46880  3.45%   115  255s
 17572  7084     cutoff   69         2.55708    2.46987  3.41%   114  260s
 18109  7295    2.49375   76   48    2.55708    2.47059  3.38%   114  265s
 18632  7472    2.53192   84   66    2.55708    2.47144  3.35%   113  270s
 19032  7626    2.53132   62   46    2.55708    2.47207  3.32%   114  275s
 19643  7870     cutoff   53         2.55708    2.47292  3.29%   113  280s
 20119  8023    2.54061   58   70    2.55708    2.47376  3.26%   113  285s
 20487  8117    2.51059   46   70    2.55708    2.47444  3.23%   113  290s
 20783  8231     cutoff   52         2.55708    2.47482  3.22%   113  295s
 21211  8398    2.53767   54   62    2.55708    2.47506  3.21%   113  300s
 21640  8547    2.54376   58  118    2.55708    2.47530  3.20%   112  305s
 22059  8715    2.55022   55   82    2.55708    2.47577  3.18%   112  310s
 22560  8870     cutoff   50         2.55708    2.47625  3.16%   112  315s
 22946  9019    2.48997   55  144    2.55708    2.47664  3.15%   112  320s
 23335  9152    2.51758   41  120    2.55708    2.47703  3.13%   112  325s
H23601  9201                       2.5570807    2.47737  3.12%   112  334s
 23657  9225    2.49716   51  114    2.55708    2.47743  3.12%   112  335s
 24186  9423    2.52703   53   99    2.55708    2.47791  3.10%   112  340s
 24679  9567    2.53396   59   82    2.55708    2.47849  3.07%   111  345s
 24995  9631     cutoff   61         2.55708    2.47884  3.06%   112  350s
 25573  9809    2.48219   49   47    2.55708    2.47947  3.03%   111  355s
 26072  9953    2.50449   58   84    2.55708    2.47998  3.02%   111  360s
 26646 10132    2.52178   51   88    2.55708    2.48051  2.99%   110  365s
 27058 10234    2.50965   59   88    2.55708    2.48099  2.98%   110  370s
 27564 10363    2.51732   56   61    2.55708    2.48151  2.96%   110  375s
 28014 10499    2.52540   51   74    2.55708    2.48198  2.94%   110  380s
 28519 10609    2.54463   58   74    2.55708    2.48250  2.92%   110  385s
 28971 10715    2.52414   51   94    2.55708    2.48290  2.90%   110  390s
 29380 10841    2.54447   52   83    2.55708    2.48330  2.89%   110  395s
 29843 10945    2.48427   51   99    2.55708    2.48376  2.87%   110  400s
 30289 11094    2.52730   50  149    2.55708    2.48415  2.85%   110  405s
 30619 11162    2.51666   42  119    2.55708    2.48440  2.84%   110  410s
 31018 11274    2.50484   45   76    2.55708    2.48478  2.83%   110  415s
 31493 11404    2.52428   45   82    2.55708    2.48530  2.81%   110  420s
 31962 11485     cutoff   88         2.55708    2.48585  2.79%   110  425s
 32424 11575    2.51662   62   77    2.55708    2.48644  2.76%   109  430s
 32864 11690    2.54414   42  101    2.55708    2.48676  2.75%   109  435s
 33322 11802    2.54901   60   92    2.55708    2.48719  2.73%   109  440s
 33796 11914    2.48855   44   50    2.55708    2.48767  2.71%   109  445s
 34248 12041     cutoff   56         2.55708    2.48790  2.71%   109  450s
 34717 12175     cutoff   69         2.55708    2.48832  2.69%   109  455s
 35261 12317    2.51085   60   74    2.55708    2.48879  2.67%   109  460s
 35719 12420    2.50637   88   89    2.55708    2.48921  2.65%   109  465s
 35974 12479    2.53846   56   75    2.55708    2.48940  2.65%   109  470s
 36297 12536    2.53815   60   97    2.55708    2.48972  2.63%   109  475s
 36774 12636     cutoff   54         2.55708    2.49002  2.62%   109  480s
 37238 12760    2.54056   64   66    2.55708    2.49047  2.60%   109  485s
 37782 12881    2.54221   53   70    2.55708    2.49080  2.59%   108  490s
 38291 12996    2.49506   50   89    2.55708    2.49123  2.58%   108  495s
 38758 13109    2.54457   78  107    2.55708    2.49163  2.56%   108  500s
 39167 13195    2.54492   49   47    2.55708    2.49200  2.55%   108  505s
 39569 13301    2.52159   58   74    2.55708    2.49223  2.54%   108  510s
 40002 13378     cutoff   71         2.55708    2.49266  2.52%   108  515s
 40378 13467    2.49769   59  100    2.55708    2.49297  2.51%   108  520s
 40867 13545    2.49578   46   84    2.55708    2.49334  2.49%   108  525s
 41326 13654    2.53868   71  136    2.55708    2.49367  2.48%   108  530s
 41732 13759     cutoff   51         2.55708    2.49388  2.47%   108  535s
 42254 13852    2.55150   64  116    2.55708    2.49430  2.46%   108  540s
 42741 13953     cutoff   53         2.55708    2.49469  2.44%   108  545s
 43143 14000     cutoff   43         2.55708    2.49498  2.43%   108  550s
 43261 14029    2.52599   77   77    2.55708    2.49506  2.43%   107  557s
 43462 14075     cutoff   60         2.55708    2.49520  2.42%   107  560s
 43887 14132    2.55219   59   84    2.55708    2.49563  2.40%   107  565s
 44389 14214    2.52953   54   70    2.55708    2.49588  2.39%   107  570s
 44851 14323    2.50606   76  102    2.55708    2.49611  2.38%   107  575s
 45265 14392    2.54029   57  126    2.55708    2.49645  2.37%   107  580s
 45796 14539    2.51956   58   61    2.55708    2.49669  2.36%   107  585s
 46249 14588    2.54519   59  164    2.55708    2.49691  2.35%   107  590s
 46650 14630    2.54731   71   92    2.55708    2.49730  2.34%   107  595s
 47159 14753    2.51932   54  128    2.55708    2.49768  2.32%   107  600s
 47587 14814    2.54961   49   91    2.55708    2.49803  2.31%   107  605s
 48053 14865    2.50678   47  149    2.55708    2.49843  2.29%   107  610s
 48462 14936     cutoff   51         2.55708    2.49874  2.28%   107  615s
 48995 15030    2.55185   48   68    2.55708    2.49907  2.27%   107  620s
 49474 15093    2.50202   68  123    2.55708    2.49933  2.26%   107  625s
 49880 15157     cutoff   68         2.55708    2.49962  2.25%   107  630s
 50302 15207     cutoff   53         2.55708    2.49999  2.23%   107  635s
 50762 15313    2.55147   63   80    2.55708    2.50028  2.22%   107  640s
 51249 15353    2.55151   51  106    2.55708    2.50057  2.21%   107  645s
 51631 15435    2.55546   59   83    2.55708    2.50082  2.20%   107  650s
 52080 15503    2.54373   57   42    2.55708    2.50113  2.19%   107  655s
 52582 15608     cutoff   55         2.55708    2.50146  2.18%   106  660s
 53089 15689     cutoff   60         2.55708    2.50175  2.16%   106  665s
 53439 15688    2.55190   44   97    2.55708    2.50202  2.15%   106  670s
 53833 15748    2.51142   62  130    2.55708    2.50221  2.15%   106  675s
 54316 15872    2.53443   49   71    2.55708    2.50240  2.14%   106  680s
 54700 15893    2.50807   55   99    2.55708    2.50266  2.13%   106  685s
 55074 15915     cutoff   46         2.55708    2.50291  2.12%   106  690s
 55626 15999    2.54316   55  188    2.55708    2.50313  2.11%   106  695s
 56041 16103    2.51437   53   81    2.55708    2.50332  2.10%   106  700s
 56554 16199     cutoff   79         2.55708    2.50356  2.09%   105  705s
 57009 16281    2.54999   62   77    2.55708    2.50379  2.08%   105  710s
 57494 16320    2.54132   57  100    2.55708    2.50413  2.07%   105  715s
 57918 16412    2.55564   66  110    2.55708    2.50438  2.06%   105  720s
 58396 16426    2.52737   51  185    2.55708    2.50467  2.05%   105  725s
 58862 16497    2.54575   63  123    2.55708    2.50488  2.04%   105  730s
 59373 16570    2.52850   56   94    2.55708    2.50513  2.03%   105  735s
 59819 16606    2.53139   67   66    2.55708    2.50540  2.02%   105  740s
*59856 14134              71       2.5459441    2.50540  1.59%   105  740s
H59859 12849                       2.5421864    2.50540  1.45%   105  740s
H59859 10245                       2.5352733    2.50540  1.18%   105  740s
H59911  9945                       2.5344783    2.50551  1.14%   105  742s
H59941  9195                       2.5326398    2.50553  1.07%   105  743s
 59992  9196    2.52361   46   77    2.53264    2.50557  1.07%   105  745s
 60250  9171    2.50738   60   83    2.53264    2.50580  1.06%   105  750s
 60516  9109     cutoff   64         2.53264    2.50610  1.05%   105  755s
 60755  9033    2.52104   68   89    2.53264    2.50644  1.03%   105  760s
 61157  8949     cutoff   42         2.53264    2.50694  1.01%   105  765s
 61586  8867    2.52749   54   75    2.53264    2.50744  0.99%   105  770s
 61979  8731     cutoff   43         2.53264    2.50802  0.97%   105  775s
 62412  8630    2.51382   50   93    2.53264    2.50859  0.95%   105  780s
 62841  8557    2.53149   62  100    2.53264    2.50902  0.93%   105  785s
H62921  8518                       2.5326398    2.50913  0.93%   105  796s
 63231  8517     cutoff   52         2.53264    2.50935  0.92%   105  800s
 63529  8446    2.52753   55   75    2.53264    2.50964  0.91%   105  805s
 63934  8335    2.52760   56   81    2.53264    2.51014  0.89%   105  810s
 64351  8209    2.52863   59   95    2.53264    2.51069  0.87%   105  815s
 64829  8138     cutoff   47         2.53264    2.51115  0.85%   105  820s
 65228  7982    2.52858   62   91    2.53264    2.51167  0.83%   105  825s
 65700  7824     cutoff   81         2.53264    2.51225  0.81%   105  830s
 66125  7675    2.52841   65  118    2.53264    2.51283  0.78%   105  835s
 66560  7532    2.52186   68  139    2.53264    2.51339  0.76%   105  840s
 67010  7338    2.51959   45   70    2.53264    2.51401  0.74%   104  845s
*67318  5420              74       2.5281304    2.51440  0.54%   104  848s
 67543  5278    2.51521   49   88    2.52813    2.51489  0.52%   104  850s
 67988  5022    2.51714   61   96    2.52813    2.51563  0.49%   104  855s
 68492  4727    2.52689   62   75    2.52813    2.51642  0.46%   104  860s
 68943  4428    2.52791   54   95    2.52813    2.51721  0.43%   104  865s
 69530  4073     cutoff   54         2.52813    2.51817  0.39%   104  870s
 70048  3760     cutoff   64         2.52813    2.51903  0.36%   104  875s
 70676  3361     cutoff   72         2.52813    2.52013  0.32%   103  880s
 71259  2925    2.52612   54   88    2.52813    2.52117  0.28%   103  885s
 71843  2476     cutoff   66         2.52813    2.52226  0.23%   103  890s
 72536  1891     cutoff   52         2.52813    2.52365  0.18%   102  895s
 73440  1036     cutoff   58         2.52813    2.52565  0.10%   101  900s
 74295   198     cutoff   65         2.52813    2.52774  0.02%   101  905s

Cutting planes:
  Gomory: 18
  Cover: 737
  Implied bound: 38
  Projected implied bound: 2
  Clique: 13
  MIR: 359
  StrongCG: 4
  Flow cover: 855
  GUB cover: 7
  Inf proof: 5
  Zero half: 4
  Mod-K: 2
  RLT: 11
  Relax-and-lift: 427

Explored 74368 nodes (7485573 simplex iterations) in 905.31 seconds
Thread count was 1 (of 4 available processors)

Solution count 10: 2.52813 2.53264 2.53264 ... 2.55988

Optimal solution found (tolerance 1.00e-04)
Best objective 2.528130444884e+00, best bound 2.527878889379e+00, gap 0.0100%
