Academic license - for non-commercial use only - expires 2022-11-10
Using license file /home/benedond/Apps/gurobi/gurobi950/gurobi.lic
Using gurobi.env file
Set parameter Threads to value 1
Changed value of parameter TimeLimit to 1200.0
   Prev: inf  Min: 0.0  Max: inf  Default: inf
Gurobi Optimizer version 9.1.2 build v9.1.2rc0 (linux64)
Thread count: 2 physical cores, 4 logical processors, using up to 1 threads
Optimize a model with 2964 rows, 2783 columns and 13505 nonzeros
Model fingerprint: 0xbac017ac
Variable types: 72 continuous, 2711 integer (2711 binary)
Coefficient statistics:
  Matrix range     [2e-01, 5e+02]
  Objective range  [9e-03, 3e-01]
  Bounds range     [1e+00, 1e+00]
  RHS range        [1e+00, 2e+03]
Presolve removed 232 rows and 98 columns
Presolve time: 0.05s
Presolved: 2732 rows, 2685 columns, 12908 nonzeros
Variable types: 71 continuous, 2614 integer (2614 binary)

Root relaxation: objective 1.901448e+00, 2616 iterations, 0.08 seconds

    Nodes    |    Current Node    |     Objective Bounds      |     Work
 Expl Unexpl |  Obj  Depth IntInf | Incumbent    BestBd   Gap | It/Node Time

     0     0    1.90145    0  186          -    1.90145      -     -    0s
     0     0    2.00401    0  158          -    2.00401      -     -    0s
     0     0    2.00459    0  182          -    2.00459      -     -    0s
     0     0    2.10791    0  184          -    2.10791      -     -    0s
     0     0    2.10801    0  173          -    2.10801      -     -    0s
     0     0    2.20377    0  155          -    2.20377      -     -    0s
H    0     0                       3.7335432    2.20377  41.0%     -    0s
H    0     0                       3.7020679    2.20377  40.5%     -    0s
H    0     0                       2.8963210    2.20377  23.9%     -    1s
     0     0    2.22368    0  177    2.89632    2.22368  23.2%     -    1s
     0     0    2.23219    0  184    2.89632    2.23219  22.9%     -    1s
     0     0    2.23354    0  180    2.89632    2.23354  22.9%     -    1s
     0     0    2.23455    0  181    2.89632    2.23455  22.8%     -    1s
     0     0    2.23461    0  199    2.89632    2.23461  22.8%     -    1s
     0     0    2.25084    0  169    2.89632    2.25084  22.3%     -    1s
     0     0    2.26033    0  179    2.89632    2.26033  22.0%     -    1s
     0     0    2.26384    0  195    2.89632    2.26384  21.8%     -    1s
     0     0    2.26465    0  182    2.89632    2.26465  21.8%     -    1s
     0     0    2.26513    0  184    2.89632    2.26513  21.8%     -    1s
     0     0    2.26515    0  185    2.89632    2.26515  21.8%     -    1s
     0     0    2.27395    0  210    2.89632    2.27395  21.5%     -    1s
     0     0    2.27514    0  189    2.89632    2.27514  21.4%     -    1s
     0     0    2.27542    0  205    2.89632    2.27542  21.4%     -    1s
     0     0    2.27586    0  217    2.89632    2.27586  21.4%     -    1s
     0     0    2.27593    0  213    2.89632    2.27593  21.4%     -    1s
     0     0    2.29618    0  194    2.89632    2.29618  20.7%     -    2s
     0     0    2.29965    0  210    2.89632    2.29965  20.6%     -    2s
     0     0    2.30125    0  229    2.89632    2.30125  20.5%     -    2s
     0     0    2.30148    0  255    2.89632    2.30148  20.5%     -    2s
     0     0    2.31338    0  201    2.89632    2.31338  20.1%     -    2s
     0     0    2.31460    0  210    2.89632    2.31460  20.1%     -    2s
     0     0    2.31524    0  217    2.89632    2.31524  20.1%     -    2s
     0     0    2.31585    0  223    2.89632    2.31585  20.0%     -    2s
     0     0    2.31644    0  221    2.89632    2.31644  20.0%     -    2s
     0     0    2.31674    0  212    2.89632    2.31674  20.0%     -    2s
     0     0    2.31675    0  212    2.89632    2.31675  20.0%     -    2s
     0     0    2.32088    0  187    2.89632    2.32088  19.9%     -    2s
     0     0    2.32138    0  213    2.89632    2.32138  19.9%     -    2s
     0     0    2.32161    0  218    2.89632    2.32161  19.8%     -    2s
     0     0    2.32940    0  196    2.89632    2.32940  19.6%     -    2s
     0     0    2.33187    0  213    2.89632    2.33187  19.5%     -    2s
     0     0    2.33262    0  238    2.89632    2.33262  19.5%     -    2s
     0     0    2.33285    0  213    2.89632    2.33285  19.5%     -    2s
     0     0    2.33992    0  243    2.89632    2.33992  19.2%     -    2s
H    0     0                       2.8958148    2.33992  19.2%     -    2s
     0     0    2.34359    0  230    2.89581    2.34359  19.1%     -    2s
     0     0    2.34409    0  203    2.89581    2.34409  19.1%     -    2s
     0     0    2.34448    0  223    2.89581    2.34448  19.0%     -    2s
     0     0    2.34464    0  220    2.89581    2.34464  19.0%     -    2s
     0     0    2.34966    0  201    2.89581    2.34966  18.9%     -    2s
     0     0    2.35085    0  215    2.89581    2.35085  18.8%     -    2s
     0     0    2.35162    0  235    2.89581    2.35162  18.8%     -    2s
     0     0    2.35173    0  235    2.89581    2.35173  18.8%     -    2s
     0     0    2.35830    0  216    2.89581    2.35830  18.6%     -    3s
     0     0    2.36047    0  231    2.89581    2.36047  18.5%     -    3s
     0     0    2.36100    0  215    2.89581    2.36100  18.5%     -    3s
     0     0    2.36148    0  245    2.89581    2.36148  18.5%     -    3s
     0     0    2.36166    0  232    2.89581    2.36166  18.4%     -    3s
     0     0    2.36733    0  225    2.89581    2.36733  18.2%     -    3s
     0     0    2.36809    0  238    2.89581    2.36809  18.2%     -    3s
     0     0    2.36859    0  249    2.89581    2.36859  18.2%     -    3s
     0     0    2.36873    0  258    2.89581    2.36873  18.2%     -    3s
     0     0    2.37081    0  230    2.89581    2.37081  18.1%     -    3s
     0     0    2.37081    0  218    2.89581    2.37081  18.1%     -    3s
H    0     0                       2.8297346    2.37091  16.2%     -    4s
     0     2    2.37091    0  218    2.82973    2.37091  16.2%     -    4s
     1     3    2.38143    1  208    2.82973    2.38143  15.8%   798    5s
   158   159    2.54741  135  141    2.82973    2.38160  15.8%   201   10s
   481   423    2.79938   88   82    2.82973    2.38945  15.6%   168   15s
H  510   435                       2.8134383    2.39244  15.0%   172   16s
   532   450    2.59853   31  309    2.81344    2.40836  14.4%   164   20s
H  591   463                       2.8134383    2.45812  12.6%   148   24s
   601   470    2.58311   37  211    2.81344    2.46209  12.5%   146   25s
H  609   449                       2.8090618    2.46628  12.2%   144   26s
H  623   434                       2.7889939    2.47016  11.4%   140   27s
H  626   413                       2.7773272    2.47071  11.0%   140   28s
   630   415    2.59317   30  248    2.77733    2.47132  11.0%   139   31s
   633   419    2.47303   16  250    2.77733    2.47303  11.0%   192   35s
   638   423    2.50272   18  228    2.77733    2.47413  10.9%   200   40s
   666   440    2.50351   32  138    2.77733    2.48041  10.7%   215   45s
H  688   429                       2.7670926    2.48041  10.4%   220   46s
H  713   408                       2.7248272    2.48041  8.97%   216   47s
H  733   389                       2.7248025    2.48041  8.97%   213   47s
H  736   372                       2.7171296    2.48041  8.71%   212   47s
   853   371     cutoff   26         2.71713    2.48045  8.71%   197   50s
H  882   345                       2.6821420    2.48045  7.52%   200   52s
   994   324    2.50174   23  267    2.68214    2.48199  7.46%   197   55s
  1125   324    2.49659   36  368    2.68214    2.48203  7.46%   209   61s
  1219   378    2.66847  107  157    2.68214    2.48203  7.46%   217   65s
  1343   417    2.54709   37  212    2.68214    2.48574  7.32%   220   70s
  1511   476    2.62795   81  154    2.68214    2.49204  7.09%   217   75s
H 1678   563                       2.6755556    2.49247  6.84%   214   78s
H 1703   578                       2.6750679    2.49247  6.83%   212   79s
  1724   581     cutoff   36         2.67507    2.49328  6.80%   213   80s
  1836   655     cutoff   36         2.67507    2.49682  6.66%   218   85s
  1944   742    2.59704   63  170    2.67507    2.49789  6.62%   225   90s
  2072   814    2.51583   35  275    2.67507    2.49932  6.57%   226   95s
  2188   849    2.67025   53  155    2.67507    2.49939  6.57%   234  100s
  2309   908    2.55499   39  201    2.67507    2.50175  6.48%   241  105s
  2494  1047    2.62256   95  161    2.67507    2.50323  6.42%   234  110s
  2666  1182    2.65772   80  131    2.67507    2.50486  6.36%   234  115s
  2771  1224    2.54557   40  117    2.67507    2.50490  6.36%   238  120s
  2929  1309     cutoff   63         2.67507    2.50610  6.32%   237  125s
  3021  1341    2.57136   56  133    2.67507    2.50861  6.22%   240  130s
  3130  1420    2.58800   62  133    2.67507    2.51035  6.16%   241  135s
  3255  1475    2.53028   43  242    2.67507    2.51182  6.10%   245  140s
  3408  1530    2.65016   70   63    2.67507    2.51209  6.09%   247  145s
  3546  1614    2.61537   31  130    2.67507    2.51377  6.03%   248  150s
  3739  1722     cutoff   49         2.67507    2.51464  6.00%   249  155s
H 3800  1742                       2.6727161    2.51577  5.87%   251  157s
  3863  1797    2.64549   88  153    2.67272    2.51630  5.85%   252  160s
H 3947  1813                       2.6713765    2.51707  5.78%   256  164s
  3959  1817    2.62014   70   94    2.67138    2.51707  5.78%   256  165s
H 3975  1763                       2.6664259    2.51707  5.60%   256  165s
H 4057  1720                       2.6608642    2.51711  5.40%   254  167s
  4184  1777    2.53781   52  289    2.66086    2.51835  5.36%   252  170s
  4381  1905    2.53954   28  101    2.66086    2.51960  5.31%   251  175s
  4553  2021    2.56773   44  188    2.66086    2.52181  5.23%   252  180s
H 4748  1816                       2.6456667    2.52224  4.67%   250  184s
  4820  1843    2.53213   35  162    2.64567    2.52230  4.66%   247  185s
  4932  1891    2.60326   46  213    2.64567    2.52350  4.62%   248  190s
H 5036  1822                       2.6399753    2.52379  4.40%   250  194s
  5046  1834    2.56988   68  170    2.63998    2.52379  4.40%   250  195s
  5175  1889    2.61034   36  139    2.63998    2.52529  4.34%   252  200s
  5333  1976    2.53961   34  269    2.63998    2.52658  4.30%   251  205s
  5500  2065    2.56932   31  146    2.63998    2.52737  4.27%   250  210s
  5620  2106    2.62038   75   93    2.63998    2.52912  4.20%   251  215s
  5731  2150    2.56955   45  220    2.63998    2.53039  4.15%   253  220s
  5858  2196    2.61518   97   80    2.63998    2.53095  4.13%   255  225s
  6012  2226    2.54144   36  204    2.63998    2.53224  4.08%   256  230s
  6190  2310    2.58065   37  205    2.63998    2.53354  4.03%   255  235s
  6292  2337    2.58029   36   97    2.63998    2.53531  3.96%   257  240s
  6432  2422    2.61848   91  181    2.63998    2.53579  3.95%   257  245s
  6545  2456    2.56815   51  144    2.63998    2.53647  3.92%   260  250s
  6684  2516    2.61502   56  140    2.63998    2.53720  3.89%   262  255s
  6817  2566    2.59161   20  103    2.63998    2.53782  3.87%   261  260s
  6951  2620    2.62969   63  173    2.63998    2.53788  3.87%   261  265s
  7091  2667     cutoff   44         2.63998    2.53967  3.80%   263  270s
  7225  2734    2.54763   43  197    2.63998    2.54059  3.76%   264  275s
  7379  2805     cutoff   54         2.63998    2.54123  3.74%   265  280s
  7484  2855    2.61462   41  153    2.63998    2.54197  3.71%   267  285s
  7619  2898    2.59635   25  192    2.63998    2.54322  3.67%   267  290s
  7760  2969    2.61676   67   89    2.63998    2.54442  3.62%   268  295s
  7873  3013    2.61720   68  161    2.63998    2.54517  3.59%   268  300s
  8011  3079    2.60056   61  105    2.63998    2.54563  3.57%   268  305s
  8173  3151    2.63354   55  100    2.63998    2.54590  3.56%   267  310s
  8338  3242    2.63898   54  128    2.63998    2.54643  3.54%   266  315s
H 8510  3156                       2.6365926    2.54755  3.38%   266  319s
  8510  3157    2.58297   37  209    2.63659    2.54756  3.38%   266  320s
  8611  3178    2.60839   43  130    2.63659    2.54829  3.35%   267  325s
  8766  3240    2.58423   38  139    2.63659    2.54934  3.31%   267  330s
  8918  3294     cutoff   58         2.63659    2.55002  3.28%   267  335s
  9034  3326    2.62967   55  107    2.63659    2.55051  3.26%   268  340s
  9103  3324    2.56510   55  170    2.63659    2.55084  3.25%   270  345s
  9256  3363    2.63248   58  106    2.63659    2.55212  3.20%   270  350s
  9393  3406    2.55637   50  140    2.63659    2.55264  3.18%   271  355s
  9531  3437    2.63621   50  158    2.63659    2.55404  3.13%   272  360s
  9639  3468    2.62046   74  214    2.63659    2.55463  3.11%   273  365s
  9776  3507    2.60727   64   63    2.63659    2.55500  3.09%   274  370s
  9945  3595    2.63320   89   97    2.63659    2.55559  3.07%   272  375s
 10110  3664    2.62836   53  173    2.63659    2.55634  3.04%   273  380s
 10202  3707    2.60389   75   56    2.63659    2.55682  3.03%   272  393s
 10255  3711    2.59492   45   89    2.63659    2.55733  3.01%   272  395s
 10465  3770    2.56539   28  215    2.63659    2.55839  2.97%   272  400s
 10585  3815    2.60223   32  144    2.63659    2.55877  2.95%   272  405s
 10750  3841     cutoff   43         2.63659    2.55971  2.92%   273  410s
 10822  3861    2.57153   62   98    2.63659    2.56019  2.90%   273  416s
 10981  3922    2.57478   43  133    2.63659    2.56098  2.87%   272  420s
 11189  3998    2.59663   52  106    2.63659    2.56203  2.83%   271  425s
 11290  3988    2.62677   43  129    2.63659    2.56389  2.76%   273  430s
 11347  3981    2.61648   48   82    2.63659    2.56458  2.73%   274  435s
 11476  4002    2.59441   35   89    2.63659    2.56526  2.71%   275  440s
 11601  4019    2.62732   57   68    2.63659    2.56601  2.68%   276  445s
 11763  4031     cutoff   44         2.63659    2.56671  2.65%   276  450s
 11841  4030    2.61018   70  181    2.63659    2.56745  2.62%   277  455s
 11955  4060    2.61682   46   46    2.63659    2.56786  2.61%   277  460s
 12136  4062     cutoff   43         2.63659    2.56879  2.57%   277  465s
 12291  4090     cutoff   57         2.63659    2.56946  2.55%   277  470s
 12469  4126    2.59483   70   80    2.63659    2.57034  2.51%   277  475s
 12569  4134    2.63019   48  128    2.63659    2.57095  2.49%   278  480s
 12807  4166    2.61583   52  102    2.63659    2.57174  2.46%   277  485s
 12950  4142    2.58459   37  162    2.63659    2.57277  2.42%   277  490s
 13124  4182    2.63434   59  185    2.63659    2.57353  2.39%   278  495s
 13286  4186    2.58458   76   86    2.63659    2.57456  2.35%   278  500s
 13514  4245    2.62029   56  198    2.63659    2.57512  2.33%   277  505s
 13771  4329    2.61022   56  163    2.63659    2.57593  2.30%   275  510s
 14023  4388    2.61092   57  131    2.63659    2.57714  2.25%   273  515s
 14187  4395    2.63319   53  254    2.63659    2.57782  2.23%   274  520s
 14526  4484     cutoff   56         2.63659    2.57874  2.19%   271  525s
 14738  4513    2.60126   63   99    2.63659    2.57959  2.16%   271  530s
 14897  4542     cutoff   51         2.63659    2.58003  2.15%   270  535s
 15202  4612    2.62857   55  114    2.63659    2.58101  2.11%   268  540s
 15346  4612    2.62527   92  173    2.63659    2.58153  2.09%   269  545s
 15651  4675    2.59138   77   39    2.63659    2.58221  2.06%   266  550s
 15777  4722    2.62077  102   48    2.63659    2.58226  2.06%   265  555s
 16134  4809     cutoff   49         2.63659    2.58292  2.04%   262  560s
 16323  4832    2.62699   52  172    2.63659    2.58340  2.02%   262  565s
 16546  4857    2.58464   67   55    2.63659    2.58398  2.00%   261  570s
 16746  4875    2.60100   47  155    2.63659    2.58459  1.97%   261  575s
 17104  4965    2.58684   76   35    2.63659    2.58508  1.95%   258  580s
 17341  5003     cutoff   60         2.63659    2.58567  1.93%   257  585s
 17613  5028    2.59661   24  131    2.63659    2.58643  1.90%   256  590s
 17897  5085    2.63263   48  199    2.63659    2.58706  1.88%   254  595s
 18222  5154     cutoff   40         2.63659    2.58760  1.86%   252  600s
 18488  5193    2.62109   33   93    2.63659    2.58820  1.84%   251  605s
 18882  5236    2.60678   58  119    2.63659    2.58918  1.80%   249  610s
 19230  5304     cutoff   37         2.63659    2.58990  1.77%   247  615s
 19581  5351    2.63061   73   84    2.63659    2.59060  1.74%   245  620s
 19945  5384     cutoff   56         2.63659    2.59127  1.72%   243  625s
 20245  5405     cutoff   63         2.63659    2.59184  1.70%   242  630s
 20517  5404     cutoff   27         2.63659    2.59251  1.67%   241  635s
 20748  5419    2.63568   59   95    2.63659    2.59295  1.66%   241  640s
 20906  5432    2.61593   54  122    2.63659    2.59309  1.65%   240  645s
 21128  5465     cutoff   45         2.63659    2.59341  1.64%   239  650s
 21383  5435    2.59803   61  209    2.63659    2.59413  1.61%   239  655s
 21644  5406     cutoff   79         2.63659    2.59476  1.59%   237  660s
 22066  5446     cutoff   49         2.63659    2.59545  1.56%   235  665s
 22417  5474     cutoff   81         2.63659    2.59600  1.54%   234  670s
 22630  5462     cutoff   50         2.63659    2.59655  1.52%   234  675s
 23010  5498    2.61171   77   43    2.63659    2.59721  1.49%   232  680s
 23522  5527    2.60633   68   59    2.63659    2.59811  1.46%   229  685s
 23946  5572     cutoff   41         2.63659    2.59870  1.44%   227  690s
 24161  5528     cutoff   85         2.63659    2.59917  1.42%   227  695s
 24442  5536    2.62136  104   26    2.63659    2.59953  1.41%   226  700s
 24731  5485    2.62375   34  140    2.63659    2.60021  1.38%   225  705s
 25085  5508    2.60799   27  133    2.63659    2.60075  1.36%   224  710s
 25303  5497    2.62690   63  139    2.63659    2.60123  1.34%   224  715s
 25567  5497    2.60533   97   60    2.63659    2.60163  1.33%   223  723s
 25612  5506    2.63370   28  185    2.63659    2.60167  1.32%   223  725s
 25955  5503     cutoff   63         2.63659    2.60219  1.30%   222  730s
 26291  5511    2.63362   53  136    2.63659    2.60267  1.29%   221  735s
 26600  5439     cutoff   77         2.63659    2.60332  1.26%   220  740s
 26855  5403    2.60588   83   50    2.63659    2.60375  1.25%   220  745s
 27257  5336     cutoff   86         2.63659    2.60451  1.22%   218  750s
 27624  5317    2.63538   87   54    2.63659    2.60512  1.19%   217  755s
 28002  5294    2.63374   54   64    2.63659    2.60586  1.17%   216  760s
 28357  5244     cutoff   36         2.63659    2.60639  1.15%   215  765s
 28737  5225    2.62606   34  104    2.63659    2.60686  1.13%   214  770s
 29057  5170    2.62879   60   84    2.63659    2.60739  1.11%   214  775s
 29574  5160     cutoff   92         2.63659    2.60798  1.09%   212  780s
 29896  5105     cutoff   58         2.63659    2.60848  1.07%   211  785s
 30227  5024     cutoff   62         2.63659    2.60922  1.04%   210  790s
 30531  4953    2.62544   50  104    2.63659    2.60985  1.01%   210  795s
 30881  4868     cutoff   75         2.63659    2.61062  0.98%   209  800s
 31277  4774     cutoff   55         2.63659    2.61135  0.96%   208  805s
 31642  4687     cutoff   72         2.63659    2.61198  0.93%   208  810s
 31952  4578     cutoff   24         2.63659    2.61263  0.91%   207  815s
 32330  4429    2.61665   46   76    2.63659    2.61343  0.88%   206  820s
 32661  4338    2.62835   31  120    2.63659    2.61410  0.85%   206  825s
 32990  4240    2.63575   48   85    2.63659    2.61476  0.83%   205  830s
 33272  4129     cutoff   72         2.63659    2.61531  0.81%   205  835s
 33610  4037     cutoff   88         2.63659    2.61587  0.79%   204  840s
 33935  3905     cutoff   54         2.63659    2.61649  0.76%   204  845s
 34307  3750     cutoff   47         2.63659    2.61731  0.73%   203  850s
 34621  3649     cutoff   39         2.63659    2.61775  0.71%   202  855s
 34982  3516    2.63105   29  100    2.63659    2.61844  0.69%   202  860s
 35381  3314     cutoff   60         2.63659    2.61936  0.65%   201  865s
 35397  3308    2.62853   54  100    2.63659    2.61938  0.65%   201  870s
 35764  3163     cutoff   62         2.63659    2.61997  0.63%   200  875s
 36120  2984    2.62393   75   60    2.63659    2.62073  0.60%   199  880s
 36538  2789    2.62494   63   90    2.63659    2.62151  0.57%   198  885s
 36957  2599     cutoff   58         2.63659    2.62238  0.54%   197  890s
 37380  2413     cutoff   85         2.63659    2.62327  0.51%   196  895s
 37792  2203     cutoff   65         2.63659    2.62402  0.48%   196  900s
 38246  1909     cutoff   60         2.63659    2.62515  0.43%   195  905s
 38592  1683     cutoff   93         2.63659    2.62605  0.40%   194  910s
 39047  1400     cutoff   56         2.63659    2.62740  0.35%   193  915s
 39621   968     cutoff   56         2.63659    2.62920  0.28%   192  920s
 40148   548     cutoff   45         2.63659    2.63131  0.20%   190  925s
 40690    84     cutoff   98         2.63659    2.63518  0.05%   189  930s

Cutting planes:
  Gomory: 8
  Cover: 383
  Implied bound: 20
  Clique: 17
  MIR: 509
  StrongCG: 1
  Flow cover: 1131
  Inf proof: 5
  RLT: 38
  Relax-and-lift: 643

Explored 40767 nodes (7717812 simplex iterations) in 930.44 seconds
Thread count was 1 (of 4 available processors)

Solution count 10: 2.63659 2.63998 2.64567 ... 2.68214

Optimal solution found (tolerance 1.00e-04)
Best objective 2.636592598775e+00, best bound 2.636358220590e+00, gap 0.0089%
