{
    "assignmentCharacteristics": [
        {
            "command": "",
            "task": "task-0",
            "resourceAssignments": [
                {
                    "slope": 0.5482919376009792,
                    "intercept": 0.9976566153810691,
                    "length": 24,
                    "processors": [
                        {
                            "processingUnits": 1,
                            "processor": "A53"
                        }
                    ]
                },
                {
                    "slope": 0.40330746306891563,
                    "intercept": 0.6901710056934337,
                    "length": 38,
                    "processors": [
                        {
                            "processingUnits": 1,
                            "processor": "A72"
                        }
                    ]
                }
            ]
        },
        {
            "command": "",
            "task": "task-1",
            "resourceAssignments": [
                {
                    "slope": 0.5870761673422634,
                    "intercept": 0.030081717027794164,
                    "length": 97,
                    "processors": [
                        {
                            "processingUnits": 1,
                            "processor": "A53"
                        }
                    ]
                },
                {
                    "slope": 0.9723601169905971,
                    "intercept": 0.8709373879657997,
                    "length": 98,
                    "processors": [
                        {
                            "processingUnits": 1,
                            "processor": "A72"
                        }
                    ]
                }
            ]
        },
        {
            "command": "",
            "task": "task-2",
            "resourceAssignments": [
                {
                    "slope": 0.8353783327259582,
                    "intercept": 0.9023101951719432,
                    "length": 23,
                    "processors": [
                        {
                            "processingUnits": 1,
                            "processor": "A53"
                        }
                    ]
                },
                {
                    "slope": 0.0736140406037239,
                    "intercept": 0.4257455352252353,
                    "length": 21,
                    "processors": [
                        {
                            "processingUnits": 1,
                            "processor": "A72"
                        }
                    ]
                }
            ]
        },
        {
            "command": "",
            "task": "task-3",
            "resourceAssignments": [
                {
                    "slope": 0.9429518466110302,
                    "intercept": 0.8824836203188176,
                    "length": 89,
                    "processors": [
                        {
                            "processingUnits": 1,
                            "processor": "A53"
                        }
                    ]
                },
                {
                    "slope": 0.0036533374985894262,
                    "intercept": 0.12617754377000123,
                    "length": 88,
                    "processors": [
                        {
                            "processingUnits": 1,
                            "processor": "A72"
                        }
                    ]
                }
            ]
        },
        {
            "command": "",
            "task": "task-4",
            "resourceAssignments": [
                {
                    "slope": 0.7800374148570725,
                    "intercept": 0.20681917362520852,
                    "length": 32,
                    "processors": [
                        {
                            "processingUnits": 1,
                            "processor": "A53"
                        }
                    ]
                },
                {
                    "slope": 0.1951690632999573,
                    "intercept": 0.1743452075753693,
                    "length": 79,
                    "processors": [
                        {
                            "processingUnits": 1,
                            "processor": "A72"
                        }
                    ]
                }
            ]
        },
        {
            "command": "",
            "task": "task-5",
            "resourceAssignments": [
                {
                    "slope": 0.7831118424569038,
                    "intercept": 0.5452544733369709,
                    "length": 7,
                    "processors": [
                        {
                            "processingUnits": 1,
                            "processor": "A53"
                        }
                    ]
                },
                {
                    "slope": 0.31820742942324254,
                    "intercept": 0.6219069415358027,
                    "length": 48,
                    "processors": [
                        {
                            "processingUnits": 1,
                            "processor": "A72"
                        }
                    ]
                }
            ]
        },
        {
            "command": "",
            "task": "task-6",
            "resourceAssignments": [
                {
                    "slope": 0.6895897464973276,
                    "intercept": 0.7754332860093092,
                    "length": 66,
                    "processors": [
                        {
                            "processingUnits": 1,
                            "processor": "A53"
                        }
                    ]
                },
                {
                    "slope": 0.6556931574338303,
                    "intercept": 0.49054012088978216,
                    "length": 88,
                    "processors": [
                        {
                            "processingUnits": 1,
                            "processor": "A72"
                        }
                    ]
                }
            ]
        },
        {
            "command": "",
            "task": "task-7",
            "resourceAssignments": [
                {
                    "slope": 0.625000445047535,
                    "intercept": 0.08037206450009249,
                    "length": 39,
                    "processors": [
                        {
                            "processingUnits": 1,
                            "processor": "A53"
                        }
                    ]
                },
                {
                    "slope": 0.20470155168882143,
                    "intercept": 0.05001001494666446,
                    "length": 52,
                    "processors": [
                        {
                            "processingUnits": 1,
                            "processor": "A72"
                        }
                    ]
                }
            ]
        },
        {
            "command": "",
            "task": "task-8",
            "resourceAssignments": [
                {
                    "slope": 0.9329326557712864,
                    "intercept": 0.07370707386115516,
                    "length": 25,
                    "processors": [
                        {
                            "processingUnits": 1,
                            "processor": "A53"
                        }
                    ]
                },
                {
                    "slope": 0.7354583732076994,
                    "intercept": 0.5512341950175128,
                    "length": 72,
                    "processors": [
                        {
                            "processingUnits": 1,
                            "processor": "A72"
                        }
                    ]
                }
            ]
        },
        {
            "command": "",
            "task": "task-9",
            "resourceAssignments": [
                {
                    "slope": 0.5659741054179469,
                    "intercept": 0.0971900626245833,
                    "length": 81,
                    "processors": [
                        {
                            "processingUnits": 1,
                            "processor": "A53"
                        }
                    ]
                },
                {
                    "slope": 0.03616129402254509,
                    "intercept": 0.04810902712451548,
                    "length": 8,
                    "processors": [
                        {
                            "processingUnits": 1,
                            "processor": "A72"
                        }
                    ]
                }
            ]
        }
    ],
    "environment": {
        "majorFrameLength": 156,
        "problemVersion": 1,
        "processors": [
            {
                "name": "A53",
                "processingUnits": 4,
                "type": "main_processor"
            },
            {
                "name": "A72",
                "processingUnits": 3,
                "type": "main_processor"
            }
        ],
        "scPart": 1.0
    },
    "solution": {
        "feasible": true,
        "solutionTime": 37,
        "solverMetadata": {
            "objective": "1.6884759476973392"
        },
        "solverName": "ILP-Global2",
        "windows": [
            {
                "length": 52,
                "tasks": [
                    {
                        "length": 52,
                        "processingUnit": 0,
                        "processor": "A72",
                        "start": 0,
                        "task": "task-7"
                    },
                    {
                        "length": 25,
                        "processingUnit": 0,
                        "processor": "A53",
                        "start": 0,
                        "task": "task-8"
                    },
                    {
                        "length": 8,
                        "processingUnit": 1,
                        "processor": "A72",
                        "start": 0,
                        "task": "task-9"
                    }
                ]
            },
            {
                "length": 97,
                "tasks": [
                    {
                        "length": 38,
                        "processingUnit": 0,
                        "processor": "A72",
                        "start": 0,
                        "task": "task-0"
                    },
                    {
                        "length": 97,
                        "processingUnit": 0,
                        "processor": "A53",
                        "start": 0,
                        "task": "task-1"
                    },
                    {
                        "length": 21,
                        "processingUnit": 1,
                        "processor": "A72",
                        "start": 0,
                        "task": "task-2"
                    },
                    {
                        "length": 88,
                        "processingUnit": 2,
                        "processor": "A72",
                        "start": 0,
                        "task": "task-3"
                    },
                    {
                        "length": 32,
                        "processingUnit": 1,
                        "processor": "A53",
                        "start": 0,
                        "task": "task-4"
                    },
                    {
                        "length": 7,
                        "processingUnit": 2,
                        "processor": "A53",
                        "start": 0,
                        "task": "task-5"
                    },
                    {
                        "length": 66,
                        "processingUnit": 3,
                        "processor": "A53",
                        "start": 0,
                        "task": "task-6"
                    }
                ]
            }
        ]
    },
    "tasks": [
        {
            "assignmentIndex": 1,
            "command": "",
            "length": 52,
            "name": "task-7",
            "processors": [
                {
                    "processor": "A72",
                    "processingUnits": 1
                }
            ]
        },
        {
            "assignmentIndex": 0,
            "command": "",
            "length": 25,
            "name": "task-8",
            "processors": [
                {
                    "processor": "A53",
                    "processingUnits": 1
                }
            ]
        },
        {
            "assignmentIndex": 1,
            "command": "",
            "length": 8,
            "name": "task-9",
            "processors": [
                {
                    "processor": "A72",
                    "processingUnits": 1
                }
            ]
        },
        {
            "assignmentIndex": 1,
            "command": "",
            "length": 38,
            "name": "task-0",
            "processors": [
                {
                    "processor": "A72",
                    "processingUnits": 1
                }
            ]
        },
        {
            "assignmentIndex": 0,
            "command": "",
            "length": 97,
            "name": "task-1",
            "processors": [
                {
                    "processor": "A53",
                    "processingUnits": 1
                }
            ]
        },
        {
            "assignmentIndex": 1,
            "command": "",
            "length": 21,
            "name": "task-2",
            "processors": [
                {
                    "processor": "A72",
                    "processingUnits": 1
                }
            ]
        },
        {
            "assignmentIndex": 1,
            "command": "",
            "length": 88,
            "name": "task-3",
            "processors": [
                {
                    "processor": "A72",
                    "processingUnits": 1
                }
            ]
        },
        {
            "assignmentIndex": 0,
            "command": "",
            "length": 32,
            "name": "task-4",
            "processors": [
                {
                    "processor": "A53",
                    "processingUnits": 1
                }
            ]
        },
        {
            "assignmentIndex": 0,
            "command": "",
            "length": 7,
            "name": "task-5",
            "processors": [
                {
                    "processor": "A53",
                    "processingUnits": 1
                }
            ]
        },
        {
            "assignmentIndex": 0,
            "command": "",
            "length": 66,
            "name": "task-6",
            "processors": [
                {
                    "processor": "A53",
                    "processingUnits": 1
                }
            ]
        }
    ]
}