INFO:root:No path to initial data was provided.
INFO:root:timelimit was set to 600.000000
INFO:root:branching was set to: ON_TASKS
INFO:root:no init data provided, trying the RecoveryModel
INFO:root:initial objective 0.746502
INFO:root:INIT OBJ 0.7465016594944298
INFO:root:branching
fixed_task_mapping={}
INFO:root:PATTERNS 3
INFO:root:    {'cost': 135.37808247209762, 'length': 81, 'task_mapping': {'task-2': 1, 'task-3': 0, 'task-5': 1, 'task-8': 0}}
INFO:root:    {'cost': 44.56583916442184, 'length': 36, 'task_mapping': {'task-1': 0}}
INFO:root:    {'cost': 26.83703804343759, 'length': 17, 'task_mapping': {'task-0': 1, 'task-4': 0, 'task-6': 0, 'task-7': 1, 'task-9': 1}}
INFO:root:  found pattern {'cost': 89.45486767857966, 'length': 56, 'task_mapping': {'task-0': 1, 'task-1': 0, 'task-5': 1}}, -117.3260920013774
INFO:root:  found pattern {'cost': 62.75918470168963, 'length': 48, 'task_mapping': {'task-0': 1, 'task-1': 0, 'task-2': 1}}, -144.02177497826744
INFO:root:  found pattern {'cost': 85.46816032589672, 'length': 81, 'task_mapping': {'task-0': 1, 'task-1': 0, 'task-8': 0}}, -112.66910684789052
INFO:root:  found pattern {'cost': 85.51878690048761, 'length': 55, 'task_mapping': {'task-1': 0, 'task-3': 1, 'task-4': 0}}, -80.35985161799456
INFO:root:  found pattern {'cost': 146.69791233742288, 'length': 81, 'task_mapping': {'task-1': 0, 'task-2': 1, 'task-3': 1, 'task-5': 1, 'task-6': 1, 'task-8': 0}}, -50.52348686566554
INFO:root:  found pattern {'cost': 71.43628446932449, 'length': 91, 'task_mapping': {'task-5': 0, 'task-8': 0}}, -63.941798002773176
INFO:root:  found pattern {'cost': 107.68040213086456, 'length': 81, 'task_mapping': {'task-2': 1, 'task-3': 1, 'task-4': 0, 'task-8': 0}}, -54.53471838467064
INFO:root:  found pattern {'cost': 72.75293088183425, 'length': 81, 'task_mapping': {'task-2': 1, 'task-7': 1, 'task-8': 0}}, -49.26206612605913
INFO:root:  found pattern {'cost': 9.348200346820201, 'length': 7, 'task_mapping': {'task-4': 0}}, -15.28283271620937
INFO:root:  found pattern {'cost': 113.1365207330609, 'length': 81, 'task_mapping': {'task-1': 0, 'task-2': 1, 'task-3': 1, 'task-8': 0, 'task-9': 1}}, -36.69309843149575
INFO:root:  found pattern {'cost': 112.44717494390355, 'length': 81, 'task_mapping': {'task-1': 0, 'task-2': 1, 'task-3': 1, 'task-7': 1, 'task-8': 0}}, -27.526383832594938
INFO:root:  found pattern {'cost': 110.60605657123682, 'length': 91, 'task_mapping': {'task-2': 1, 'task-3': 1, 'task-5': 0, 'task-7': 1, 'task-8': 0, 'task-9': 1}}, -35.73709291396311
INFO:root:  found pattern {'cost': 78.45819382196166, 'length': 55, 'task_mapping': {'task-0': 1, 'task-1': 0, 'task-2': 1, 'task-3': 1, 'task-9': 1}}, -16.343478310952264
INFO:root:  found pattern {'cost': 111.69696322409453, 'length': 56, 'task_mapping': {'task-1': 0, 'task-2': 1, 'task-3': 1, 'task-5': 1, 'task-7': 1}}, -11.197343618434765
INFO:root:  found pattern {'cost': 67.09157964167784, 'length': 48, 'task_mapping': {'task-1': 0, 'task-2': 1, 'task-6': 1, 'task-7': 1, 'task-9': 1}}, -10.32660038969415
INFO:root:  found pattern {'cost': 97.24094547338538, 'length': 91, 'task_mapping': {'task-0': 1, 'task-2': 1, 'task-5': 0, 'task-6': 1, 'task-7': 1, 'task-8': 0}}, -9.662649772453143
INFO:root:  found pattern {'cost': 106.53623874789557, 'length': 81, 'task_mapping': {'task-0': 1, 'task-1': 0, 'task-3': 1, 'task-6': 1, 'task-7': 1, 'task-8': 0}}, -17.907483990881722
INFO:root:  found pattern {'cost': 52.99807183293851, 'length': 36, 'task_mapping': {'task-0': 1, 'task-1': 0, 'task-6': 1, 'task-7': 1, 'task-9': 1}}, -5.126665822524284
INFO:root:  found pattern {'cost': 110.60375744677133, 'length': 91, 'task_mapping': {'task-0': 1, 'task-2': 1, 'task-3': 1, 'task-5': 0, 'task-6': 1, 'task-8': 0}}, -7.2680978586733005
INFO:root:  found pattern {'cost': 113.37862496432601, 'length': 81, 'task_mapping': {'task-0': 1, 'task-1': 0, 'task-2': 1, 'task-3': 1, 'task-7': 1, 'task-8': 0}}, -2.707799899448098
INFO:root:  found pattern {'cost': 71.81961624551218, 'length': 91, 'task_mapping': {'task-5': 0, 'task-6': 1, 'task-8': 0}}, -3.116314734063728
INFO:root:  found pattern {'cost': 77.22072978856949, 'length': 55, 'task_mapping': {'task-1': 0, 'task-2': 1, 'task-3': 1, 'task-6': 1, 'task-7': 1}}, -5.47144642606024
INFO:root:  found pattern {'cost': 14.04404095130091, 'length': 10, 'task_mapping': {'task-0': 1, 'task-4': 0, 'task-9': 1}}, -4.0600258745949755
INFO:root:  found pattern {'cost': 113.45038829902005, 'length': 81, 'task_mapping': {'task-1': 0, 'task-2': 1, 'task-3': 1, 'task-7': 1, 'task-8': 0, 'task-9': 1}}, -4.005894652787816
INFO:root:  found pattern {'cost': 63.816433927152666, 'length': 48, 'task_mapping': {'task-0': 1, 'task-1': 0, 'task-2': 1, 'task-6': 1, 'task-7': 1}}, -1.2571446434447822
INFO:root:  found pattern {'cost': 77.84061136749833, 'length': 55, 'task_mapping': {'task-1': 0, 'task-2': 1, 'task-3': 1, 'task-7': 1, 'task-9': 1}}, -0.5980783009505615
INFO:root:  found pattern {'cost': 20.80065538479075, 'length': 17, 'task_mapping': {'task-0': 1, 'task-4': 0, 'task-7': 1, 'task-9': 1}}, -2.4914457531942737
INFO:root:  found pattern {'cost': 11.200042776889916, 'length': 8, 'task_mapping': {'task-0': 1, 'task-4': 0}}, -0.9087549305365332
INFO:root:  found pattern {'cost': 45.880620961031994, 'length': 36, 'task_mapping': {'task-0': 1, 'task-1': 0, 'task-6': 1}}, -1.5495039882263413
INFO:root:  found pattern {'cost': 146.62844812719436, 'length': 81, 'task_mapping': {'task-1': 0, 'task-2': 1, 'task-3': 1, 'task-5': 1, 'task-7': 1, 'task-8': 0}}, -0.387011197353786
INFO:root:  found pattern {'cost': 77.76884803280429, 'length': 55, 'task_mapping': {'task-0': 1, 'task-1': 0, 'task-2': 1, 'task-3': 1, 'task-7': 1}}, -0.09777523239167607
INFO:root:subproblem objective was non-negative; ending the iteration.
INFO:root:best objective was updated to: 0.580723
INFO:root:search ended
INFO:root:solution quality 0.580723
