INFO:root:No path to initial data was provided.
INFO:root:timelimit was set to 600.000000
INFO:root:branching was set to: ON_SUPPORTS
INFO:root:no init data provided, trying the RecoveryModel
INFO:root:initial objective 0.855026
INFO:root:INIT OBJ 0.8550261674432283
INFO:root:branching
supports={}, non supports=[]
INFO:root:PATTERNS 4
INFO:root:    {'cost': 109.87770873322754, 'length': 67, 'task_mapping': {'task-1': 1, 'task-5': 0, 'task-7': 1}}
INFO:root:    {'cost': 38.40792873890774, 'length': 26, 'task_mapping': {'task-2': 1, 'task-4': 0}}
INFO:root:    {'cost': 58.41643754545301, 'length': 52, 'task_mapping': {'task-0': 1, 'task-3': 0, 'task-6': 1, 'task-9': 0}}
INFO:root:    {'cost': 1.0692836711161946, 'length': 1, 'task_mapping': {'task-8': 0}}
INFO:root:  found pattern {'cost': 130.11892716125945, 'length': 67, 'task_mapping': {'task-2': 1, 'task-3': 0, 'task-5': 0}}, -76.58314785632884
INFO:root:  found pattern {'cost': 99.15478762653345, 'length': 67, 'task_mapping': {'task-4': 1, 'task-5': 0, 'task-9': 0}}, -87.30606896302292
INFO:root:  found pattern {'cost': 39.54762005800107, 'length': 24, 'task_mapping': {'task-1': 1, 'task-3': 0, 'task-4': 0}}, -95.45196534378087
INFO:root:  found pattern {'cost': 65.0276243766408, 'length': 67, 'task_mapping': {'task-5': 0, 'task-6': 1}}, -88.82170619325478
INFO:root:  found pattern {'cost': 131.0425806423184, 'length': 67, 'task_mapping': {'task-0': 1, 'task-2': 1, 'task-5': 0, 'task-7': 1, 'task-8': 0}}, -76.72877804638608
INFO:root:  found pattern {'cost': 58.11020126824758, 'length': 52, 'task_mapping': {'task-0': 1, 'task-4': 0, 'task-6': 1, 'task-7': 1, 'task-9': 0}}, -104.86505677094667
INFO:root:  found pattern {'cost': 93.61085725121825, 'length': 52, 'task_mapping': {'task-1': 1, 'task-2': 1, 'task-3': 0, 'task-7': 1, 'task-9': 0}}, -42.45489281393817
INFO:root:  found pattern {'cost': 54.49863020074404, 'length': 26, 'task_mapping': {'task-0': 1, 'task-1': 1, 'task-2': 1, 'task-4': 0, 'task-8': 0}}, -46.778422606158095
INFO:root:  found pattern {'cost': 50.12765892759442, 'length': 26, 'task_mapping': {'task-0': 1, 'task-2': 1, 'task-3': 0, 'task-4': 0}}, -33.4780294469055
INFO:root:  found pattern {'cost': 71.65237918800669, 'length': 52, 'task_mapping': {'task-0': 1, 'task-1': 1, 'task-3': 0, 'task-7': 1, 'task-9': 0}}, -26.00544213824196
INFO:root:  found pattern {'cost': 30.585615066705333, 'length': 89, 'task_mapping': {'task-7': 0, 'task-9': 0}}, -12.749438081501996
INFO:root:  found pattern {'cost': 88.59742958984549, 'length': 49, 'task_mapping': {'task-1': 1, 'task-2': 1, 'task-3': 0, 'task-6': 1, 'task-7': 1, 'task-8': 0}}, -11.841310570665122
INFO:root:  found pattern {'cost': 121.97652396761346, 'length': 67, 'task_mapping': {'task-0': 1, 'task-1': 1, 'task-3': 0, 'task-5': 0, 'task-7': 1}}, -8.620768264545084
INFO:root:  found pattern {'cost': 60.05148897931575, 'length': 26, 'task_mapping': {'task-0': 1, 'task-1': 1, 'task-2': 1, 'task-3': 0, 'task-8': 0}}, -8.365351543533045
INFO:root:  found pattern {'cost': 59.11581448040007, 'length': 26, 'task_mapping': {'task-1': 1, 'task-2': 1, 'task-3': 0, 'task-4': 0}}, -8.246462460740965
INFO:root:  found pattern {'cost': 67.5096520505475, 'length': 67, 'task_mapping': {'task-5': 0, 'task-9': 0}}, -10.568698687626533
INFO:root:  found pattern {'cost': 69.92702424910613, 'length': 49, 'task_mapping': {'task-0': 1, 'task-1': 1, 'task-3': 0, 'task-4': 0, 'task-6': 1, 'task-7': 1}}, -5.970645662434464
INFO:root:  found pattern {'cost': 83.17939324695145, 'length': 89, 'task_mapping': {'task-5': 0, 'task-7': 0}}, -3.8611040816873157
INFO:root:  found pattern {'cost': 67.21080537236182, 'length': 26, 'task_mapping': {'task-0': 1, 'task-1': 1, 'task-2': 1, 'task-3': 0, 'task-4': 0, 'task-6': 1}}, -3.6347194144145227
INFO:root:  found pattern {'cost': 18.354793334078117, 'length': 16, 'task_mapping': {'task-0': 1, 'task-6': 1}}, -4.279075215541704
INFO:root:  found pattern {'cost': 117.33763181430942, 'length': 67, 'task_mapping': {'task-1': 1, 'task-4': 0, 'task-5': 0, 'task-6': 1, 'task-7': 1}}, -0.7164763379858812
INFO:root:  found pattern {'cost': 55.791681871710985, 'length': 26, 'task_mapping': {'task-1': 1, 'task-2': 1, 'task-4': 0, 'task-6': 1, 'task-8': 0}}, -0.563775959559301
INFO:root:subproblem objective was non-negative; ending the iteration.
INFO:root:master model solution is not integer
WARNING:root:Master model reconstruction 0.674458 vs MM relaxation 0.653981
INFO:root:Solution reconstructed from patterns (0.674458) better that best so far 0.855026
INFO:root:branching
supports={'task-8': 1}, non supports=[]
INFO:root:PATTERNS 24
INFO:root:    {'cost': 109.87770873322754, 'length': 67, 'task_mapping': {'task-1': 1, 'task-5': 0, 'task-7': 1}}
INFO:root:    {'cost': 38.40792873890774, 'length': 26, 'task_mapping': {'task-2': 1, 'task-4': 0}}
INFO:root:    {'cost': 58.41643754545301, 'length': 52, 'task_mapping': {'task-0': 1, 'task-3': 0, 'task-6': 1, 'task-9': 0}}
INFO:root:    {'cost': 130.11892716125945, 'length': 67, 'task_mapping': {'task-2': 1, 'task-3': 0, 'task-5': 0}}
INFO:root:    {'cost': 99.15478762653345, 'length': 67, 'task_mapping': {'task-4': 1, 'task-5': 0, 'task-9': 0}}
INFO:root:    {'cost': 39.54762005800107, 'length': 24, 'task_mapping': {'task-1': 1, 'task-3': 0, 'task-4': 0}}
INFO:root:    {'cost': 65.0276243766408, 'length': 67, 'task_mapping': {'task-5': 0, 'task-6': 1}}
INFO:root:    {'cost': 58.11020126824758, 'length': 52, 'task_mapping': {'task-0': 1, 'task-4': 0, 'task-6': 1, 'task-7': 1, 'task-9': 0}}
INFO:root:    {'cost': 93.61085725121825, 'length': 52, 'task_mapping': {'task-1': 1, 'task-2': 1, 'task-3': 0, 'task-7': 1, 'task-9': 0}}
INFO:root:    {'cost': 50.12765892759442, 'length': 26, 'task_mapping': {'task-0': 1, 'task-2': 1, 'task-3': 0, 'task-4': 0}}
INFO:root:    {'cost': 71.65237918800669, 'length': 52, 'task_mapping': {'task-0': 1, 'task-1': 1, 'task-3': 0, 'task-7': 1, 'task-9': 0}}
INFO:root:    {'cost': 30.585615066705333, 'length': 89, 'task_mapping': {'task-7': 0, 'task-9': 0}}
INFO:root:    {'cost': 121.97652396761346, 'length': 67, 'task_mapping': {'task-0': 1, 'task-1': 1, 'task-3': 0, 'task-5': 0, 'task-7': 1}}
INFO:root:    {'cost': 59.11581448040007, 'length': 26, 'task_mapping': {'task-1': 1, 'task-2': 1, 'task-3': 0, 'task-4': 0}}
INFO:root:    {'cost': 67.5096520505475, 'length': 67, 'task_mapping': {'task-5': 0, 'task-9': 0}}
INFO:root:    {'cost': 69.92702424910613, 'length': 49, 'task_mapping': {'task-0': 1, 'task-1': 1, 'task-3': 0, 'task-4': 0, 'task-6': 1, 'task-7': 1}}
INFO:root:    {'cost': 83.17939324695145, 'length': 89, 'task_mapping': {'task-5': 0, 'task-7': 0}}
INFO:root:    {'cost': 67.21080537236182, 'length': 26, 'task_mapping': {'task-0': 1, 'task-1': 1, 'task-2': 1, 'task-3': 0, 'task-4': 0, 'task-6': 1}}
INFO:root:    {'cost': 18.354793334078117, 'length': 16, 'task_mapping': {'task-0': 1, 'task-6': 1}}
INFO:root:    {'cost': 117.33763181430942, 'length': 67, 'task_mapping': {'task-1': 1, 'task-4': 0, 'task-5': 0, 'task-6': 1, 'task-7': 1}}
INFO:root:    {'cost': 25.784333640966473, 'length': 21, 'task_mapping': {'task-0': 1, 'task-3': 0}}
INFO:root:    {'cost': 19.375972506364523, 'length': 39, 'task_mapping': {'task-8': 1}}
INFO:root:    {'cost': 230.4533464379724, 'length': 86, 'task_mapping': {'task-1': 0, 'task-2': 0, 'task-4': 1, 'task-6': 1, 'task-7': 1}}
INFO:root:    {'cost': 187.4017288899067, 'length': 96, 'task_mapping': {'task-5': 1, 'task-9': 1}}
INFO:root:  found pattern {'cost': 67.31851600696301, 'length': 39, 'task_mapping': {'task-0': 1, 'task-1': 1, 'task-2': 1, 'task-8': 1}}, -19.268261871763357
INFO:root:  found pattern {'cost': 57.902152029219906, 'length': 39, 'task_mapping': {'task-1': 1, 'task-3': 0, 'task-4': 0, 'task-6': 1, 'task-8': 1}}, -5.154084963978374
INFO:root:  found pattern {'cost': 76.93032825611922, 'length': 39, 'task_mapping': {'task-1': 1, 'task-2': 1, 'task-3': 0, 'task-6': 1, 'task-8': 1}}, -6.537367991889383
INFO:root:  found pattern {'cost': 78.40317838476982, 'length': 39, 'task_mapping': {'task-0': 1, 'task-1': 1, 'task-2': 1, 'task-3': 0, 'task-4': 0, 'task-8': 1}}, -6.09607250611996
INFO:root:  found pattern {'cost': 71.37746947754749, 'length': 39, 'task_mapping': {'task-1': 1, 'task-2': 1, 'task-4': 0, 'task-6': 1, 'task-8': 1}}, -7.365715180554105
INFO:root:  found pattern {'cost': 44.49276952384824, 'length': 39, 'task_mapping': {'task-1': 1, 'task-6': 1, 'task-8': 1}}, -2.3247201275648592
INFO:root:  found pattern {'cost': 79.69623005573676, 'length': 39, 'task_mapping': {'task-1': 1, 'task-2': 1, 'task-3': 0, 'task-4': 0, 'task-6': 1, 'task-8': 1}}, -1.162360063782458
INFO:root:  found pattern {'cost': 72.20367333201186, 'length': 67, 'task_mapping': {'task-5': 0, 'task-6': 1, 'task-9': 0}}, -0.28188797977986724
INFO:root:  found pattern {'cost': 24.069993787828874, 'length': 39, 'task_mapping': {'task-6': 1, 'task-8': 1}}, -0.5637759595592726
INFO:root:  found pattern {'cost': 87.8734145284158, 'length': 89, 'task_mapping': {'task-5': 0, 'task-6': 1, 'task-7': 0}}, -0.5637759595592868
INFO:root:Relaxation 0.7149569129561165 is worse than best obj 0.6744581419210871
INFO:root:subproblem objective was non-negative; ending the iteration.
INFO:root:master model solution (0.714957) is pruned by best-so-far solution (0.674458).
INFO:root:branching
supports={'task-8': 0}, non supports=[]
INFO:root:PATTERNS 24
INFO:root:    {'cost': 109.87770873322754, 'length': 67, 'task_mapping': {'task-1': 1, 'task-5': 0, 'task-7': 1}}
INFO:root:    {'cost': 38.40792873890774, 'length': 26, 'task_mapping': {'task-2': 1, 'task-4': 0}}
INFO:root:    {'cost': 58.41643754545301, 'length': 52, 'task_mapping': {'task-0': 1, 'task-3': 0, 'task-6': 1, 'task-9': 0}}
INFO:root:    {'cost': 1.0692836711161946, 'length': 1, 'task_mapping': {'task-8': 0}}
INFO:root:    {'cost': 130.11892716125945, 'length': 67, 'task_mapping': {'task-2': 1, 'task-3': 0, 'task-5': 0}}
INFO:root:    {'cost': 99.15478762653345, 'length': 67, 'task_mapping': {'task-4': 1, 'task-5': 0, 'task-9': 0}}
INFO:root:    {'cost': 39.54762005800107, 'length': 24, 'task_mapping': {'task-1': 1, 'task-3': 0, 'task-4': 0}}
INFO:root:    {'cost': 65.0276243766408, 'length': 67, 'task_mapping': {'task-5': 0, 'task-6': 1}}
INFO:root:    {'cost': 58.11020126824758, 'length': 52, 'task_mapping': {'task-0': 1, 'task-4': 0, 'task-6': 1, 'task-7': 1, 'task-9': 0}}
INFO:root:    {'cost': 93.61085725121825, 'length': 52, 'task_mapping': {'task-1': 1, 'task-2': 1, 'task-3': 0, 'task-7': 1, 'task-9': 0}}
INFO:root:    {'cost': 50.12765892759442, 'length': 26, 'task_mapping': {'task-0': 1, 'task-2': 1, 'task-3': 0, 'task-4': 0}}
INFO:root:    {'cost': 71.65237918800669, 'length': 52, 'task_mapping': {'task-0': 1, 'task-1': 1, 'task-3': 0, 'task-7': 1, 'task-9': 0}}
INFO:root:    {'cost': 30.585615066705333, 'length': 89, 'task_mapping': {'task-7': 0, 'task-9': 0}}
INFO:root:    {'cost': 121.97652396761346, 'length': 67, 'task_mapping': {'task-0': 1, 'task-1': 1, 'task-3': 0, 'task-5': 0, 'task-7': 1}}
INFO:root:    {'cost': 59.11581448040007, 'length': 26, 'task_mapping': {'task-1': 1, 'task-2': 1, 'task-3': 0, 'task-4': 0}}
INFO:root:    {'cost': 67.5096520505475, 'length': 67, 'task_mapping': {'task-5': 0, 'task-9': 0}}
INFO:root:    {'cost': 69.92702424910613, 'length': 49, 'task_mapping': {'task-0': 1, 'task-1': 1, 'task-3': 0, 'task-4': 0, 'task-6': 1, 'task-7': 1}}
INFO:root:    {'cost': 83.17939324695145, 'length': 89, 'task_mapping': {'task-5': 0, 'task-7': 0}}
INFO:root:    {'cost': 67.21080537236182, 'length': 26, 'task_mapping': {'task-0': 1, 'task-1': 1, 'task-2': 1, 'task-3': 0, 'task-4': 0, 'task-6': 1}}
INFO:root:    {'cost': 18.354793334078117, 'length': 16, 'task_mapping': {'task-0': 1, 'task-6': 1}}
INFO:root:    {'cost': 117.33763181430942, 'length': 67, 'task_mapping': {'task-1': 1, 'task-4': 0, 'task-5': 0, 'task-6': 1, 'task-7': 1}}
INFO:root:    {'cost': 25.784333640966473, 'length': 21, 'task_mapping': {'task-0': 1, 'task-3': 0}}
INFO:root:    {'cost': 230.4533464379724, 'length': 86, 'task_mapping': {'task-1': 0, 'task-2': 0, 'task-4': 1, 'task-6': 1, 'task-7': 1}}
INFO:root:    {'cost': 116.91829771408906, 'length': 96, 'task_mapping': {'task-5': 1, 'task-9': 0}}
INFO:root:  found pattern {'cost': 51.432121713090666, 'length': 26, 'task_mapping': {'task-0': 1, 'task-1': 1, 'task-2': 1}}, -15.778683659271437
INFO:root:  found pattern {'cost': 61.043933962246875, 'length': 26, 'task_mapping': {'task-1': 1, 'task-2': 1, 'task-3': 0, 'task-6': 1}}, -3.047789779397199
INFO:root:  found pattern {'cost': 120.45472729909596, 'length': 67, 'task_mapping': {'task-0': 1, 'task-1': 1, 'task-5': 0, 'task-7': 1, 'task-9': 0}}, -0.4082496616793989
INFO:root:  found pattern {'cost': 59.75088229127993, 'length': 26, 'task_mapping': {'task-0': 1, 'task-1': 1, 'task-2': 1, 'task-3': 0}}, -5.531803599235097
INFO:root:subproblem objective was non-negative; ending the iteration.
INFO:root:master model solution is not integer
WARNING:root:Master model reconstruction 0.674458 vs MM relaxation 0.653981
INFO:root:branching
supports={'task-8': 0, 'task-4': 1}, non supports=[]
INFO:root:PATTERNS 22
INFO:root:    {'cost': 109.87770873322754, 'length': 67, 'task_mapping': {'task-1': 1, 'task-5': 0, 'task-7': 1}}
INFO:root:    {'cost': 58.41643754545301, 'length': 52, 'task_mapping': {'task-0': 1, 'task-3': 0, 'task-6': 1, 'task-9': 0}}
INFO:root:    {'cost': 1.0692836711161946, 'length': 1, 'task_mapping': {'task-8': 0}}
INFO:root:    {'cost': 130.11892716125945, 'length': 67, 'task_mapping': {'task-2': 1, 'task-3': 0, 'task-5': 0}}
INFO:root:    {'cost': 99.15478762653345, 'length': 67, 'task_mapping': {'task-4': 1, 'task-5': 0, 'task-9': 0}}
INFO:root:    {'cost': 65.0276243766408, 'length': 67, 'task_mapping': {'task-5': 0, 'task-6': 1}}
INFO:root:    {'cost': 93.61085725121825, 'length': 52, 'task_mapping': {'task-1': 1, 'task-2': 1, 'task-3': 0, 'task-7': 1, 'task-9': 0}}
INFO:root:    {'cost': 71.65237918800669, 'length': 52, 'task_mapping': {'task-0': 1, 'task-1': 1, 'task-3': 0, 'task-7': 1, 'task-9': 0}}
INFO:root:    {'cost': 30.585615066705333, 'length': 89, 'task_mapping': {'task-7': 0, 'task-9': 0}}
INFO:root:    {'cost': 121.97652396761346, 'length': 67, 'task_mapping': {'task-0': 1, 'task-1': 1, 'task-3': 0, 'task-5': 0, 'task-7': 1}}
INFO:root:    {'cost': 67.5096520505475, 'length': 67, 'task_mapping': {'task-5': 0, 'task-9': 0}}
INFO:root:    {'cost': 83.17939324695145, 'length': 89, 'task_mapping': {'task-5': 0, 'task-7': 0}}
INFO:root:    {'cost': 18.354793334078117, 'length': 16, 'task_mapping': {'task-0': 1, 'task-6': 1}}
INFO:root:    {'cost': 25.784333640966473, 'length': 21, 'task_mapping': {'task-0': 1, 'task-3': 0}}
INFO:root:    {'cost': 116.91829771408906, 'length': 96, 'task_mapping': {'task-5': 1, 'task-9': 0}}
INFO:root:    {'cost': 51.432121713090666, 'length': 26, 'task_mapping': {'task-0': 1, 'task-1': 1, 'task-2': 1}}
INFO:root:    {'cost': 61.043933962246875, 'length': 26, 'task_mapping': {'task-1': 1, 'task-2': 1, 'task-3': 0, 'task-6': 1}}
INFO:root:    {'cost': 120.45472729909596, 'length': 67, 'task_mapping': {'task-0': 1, 'task-1': 1, 'task-5': 0, 'task-7': 1, 'task-9': 0}}
INFO:root:    {'cost': 59.75088229127993, 'length': 26, 'task_mapping': {'task-0': 1, 'task-1': 1, 'task-2': 1, 'task-3': 0}}
INFO:root:    {'cost': 93.0603307698222, 'length': 67, 'task_mapping': {'task-1': 1, 'task-4': 1, 'task-6': 1, 'task-7': 1}}
INFO:root:    {'cost': 100.64559143309803, 'length': 67, 'task_mapping': {'task-3': 0, 'task-5': 0}}
INFO:root:    {'cost': 177.69534062082727, 'length': 86, 'task_mapping': {'task-0': 1, 'task-2': 0, 'task-9': 0}}
INFO:root:  found pattern {'cost': 157.97767479230066, 'length': 67, 'task_mapping': {'task-2': 1, 'task-4': 1, 'task-5': 0, 'task-6': 1, 'task-7': 1}}, -18.398117530688765
INFO:root:  found pattern {'cost': 140.22406925282593, 'length': 67, 'task_mapping': {'task-0': 1, 'task-3': 0, 'task-4': 1, 'task-5': 0, 'task-6': 1, 'task-7': 1}}, -21.33922346411505
INFO:root:  found pattern {'cost': 135.82035790027868, 'length': 67, 'task_mapping': {'task-1': 1, 'task-4': 1, 'task-5': 0, 'task-7': 1}}, -8.104772223607242
INFO:root:  found pattern {'cost': 96.67275995262676, 'length': 67, 'task_mapping': {'task-4': 1, 'task-5': 0, 'task-6': 1}}, -4.211006500089127
INFO:root:  found pattern {'cost': 165.67277867413935, 'length': 67, 'task_mapping': {'task-1': 1, 'task-2': 1, 'task-4': 1, 'task-5': 0, 'task-7': 1}}, -5.468865518596857
INFO:root:  found pattern {'cost': 173.9915392523286, 'length': 67, 'task_mapping': {'task-1': 1, 'task-2': 1, 'task-3': 0, 'task-4': 1, 'task-5': 0, 'task-7': 1}}, -8.26453768093306
INFO:root:  found pattern {'cost': 91.9787386711624, 'length': 67, 'task_mapping': {'task-4': 1, 'task-5': 0}}, -0.7511072630166211
INFO:root:Relaxation 0.7739857653569063 is worse than best obj 0.6744581419210871
INFO:root:subproblem objective was non-negative; ending the iteration.
INFO:root:master model solution (0.773986) is pruned by best-so-far solution (0.674458).
INFO:root:branching
supports={'task-8': 0, 'task-4': 0}, non supports=[]
INFO:root:PATTERNS 21
INFO:root:    {'cost': 109.87770873322754, 'length': 67, 'task_mapping': {'task-1': 1, 'task-5': 0, 'task-7': 1}}
INFO:root:    {'cost': 58.41643754545301, 'length': 52, 'task_mapping': {'task-0': 1, 'task-3': 0, 'task-6': 1, 'task-9': 0}}
INFO:root:    {'cost': 1.0692836711161946, 'length': 1, 'task_mapping': {'task-8': 0}}
INFO:root:    {'cost': 130.11892716125945, 'length': 67, 'task_mapping': {'task-2': 1, 'task-3': 0, 'task-5': 0}}
INFO:root:    {'cost': 65.0276243766408, 'length': 67, 'task_mapping': {'task-5': 0, 'task-6': 1}}
INFO:root:    {'cost': 93.61085725121825, 'length': 52, 'task_mapping': {'task-1': 1, 'task-2': 1, 'task-3': 0, 'task-7': 1, 'task-9': 0}}
INFO:root:    {'cost': 71.65237918800669, 'length': 52, 'task_mapping': {'task-0': 1, 'task-1': 1, 'task-3': 0, 'task-7': 1, 'task-9': 0}}
INFO:root:    {'cost': 30.585615066705333, 'length': 89, 'task_mapping': {'task-7': 0, 'task-9': 0}}
INFO:root:    {'cost': 121.97652396761346, 'length': 67, 'task_mapping': {'task-0': 1, 'task-1': 1, 'task-3': 0, 'task-5': 0, 'task-7': 1}}
INFO:root:    {'cost': 67.5096520505475, 'length': 67, 'task_mapping': {'task-5': 0, 'task-9': 0}}
INFO:root:    {'cost': 83.17939324695145, 'length': 89, 'task_mapping': {'task-5': 0, 'task-7': 0}}
INFO:root:    {'cost': 18.354793334078117, 'length': 16, 'task_mapping': {'task-0': 1, 'task-6': 1}}
INFO:root:    {'cost': 25.784333640966473, 'length': 21, 'task_mapping': {'task-0': 1, 'task-3': 0}}
INFO:root:    {'cost': 116.91829771408906, 'length': 96, 'task_mapping': {'task-5': 1, 'task-9': 0}}
INFO:root:    {'cost': 51.432121713090666, 'length': 26, 'task_mapping': {'task-0': 1, 'task-1': 1, 'task-2': 1}}
INFO:root:    {'cost': 61.043933962246875, 'length': 26, 'task_mapping': {'task-1': 1, 'task-2': 1, 'task-3': 0, 'task-6': 1}}
INFO:root:    {'cost': 120.45472729909596, 'length': 67, 'task_mapping': {'task-0': 1, 'task-1': 1, 'task-5': 0, 'task-7': 1, 'task-9': 0}}
INFO:root:    {'cost': 59.75088229127993, 'length': 26, 'task_mapping': {'task-0': 1, 'task-1': 1, 'task-2': 1, 'task-3': 0}}
INFO:root:    {'cost': 22.40317043896021, 'length': 18, 'task_mapping': {'task-0': 1, 'task-4': 0, 'task-6': 1}}
INFO:root:    {'cost': 250.29250191690866, 'length': 86, 'task_mapping': {'task-1': 1, 'task-2': 0, 'task-5': 0, 'task-7': 1, 'task-9': 1}}
INFO:root:    {'cost': 123.8777929071839, 'length': 90, 'task_mapping': {'task-3': 1}}
INFO:root:  found pattern {'cost': 14.152927469022451, 'length': 18, 'task_mapping': {'task-4': 0}}, -8.25024296993804
INFO:root:  found pattern {'cost': 56.12614299455502, 'length': 26, 'task_mapping': {'task-0': 1, 'task-1': 1, 'task-2': 1, 'task-6': 1}}, -0.07762603898801501
INFO:root:  found pattern {'cost': 64.44490357274428, 'length': 26, 'task_mapping': {'task-0': 1, 'task-1': 1, 'task-2': 1, 'task-3': 0, 'task-6': 1}}, -0.07762603898801501
INFO:root:Relaxation 0.7008413370163995 is worse than best obj 0.6744581419210871
INFO:root:subproblem objective was non-negative; ending the iteration.
INFO:root:master model solution (0.700841) is pruned by best-so-far solution (0.674458).
INFO:root:branching
supports={'task-8': 0}, non supports=['task-4']
INFO:root:PATTERNS 30
INFO:root:    {'cost': 109.87770873322754, 'length': 67, 'task_mapping': {'task-1': 1, 'task-5': 0, 'task-7': 1}}
INFO:root:    {'cost': 38.40792873890774, 'length': 26, 'task_mapping': {'task-2': 1, 'task-4': 0}}
INFO:root:    {'cost': 58.41643754545301, 'length': 52, 'task_mapping': {'task-0': 1, 'task-3': 0, 'task-6': 1, 'task-9': 0}}
INFO:root:    {'cost': 1.0692836711161946, 'length': 1, 'task_mapping': {'task-8': 0}}
INFO:root:    {'cost': 130.11892716125945, 'length': 67, 'task_mapping': {'task-2': 1, 'task-3': 0, 'task-5': 0}}
INFO:root:    {'cost': 99.15478762653345, 'length': 67, 'task_mapping': {'task-4': 1, 'task-5': 0, 'task-9': 0}}
INFO:root:    {'cost': 39.54762005800107, 'length': 24, 'task_mapping': {'task-1': 1, 'task-3': 0, 'task-4': 0}}
INFO:root:    {'cost': 65.0276243766408, 'length': 67, 'task_mapping': {'task-5': 0, 'task-6': 1}}
INFO:root:    {'cost': 58.11020126824758, 'length': 52, 'task_mapping': {'task-0': 1, 'task-4': 0, 'task-6': 1, 'task-7': 1, 'task-9': 0}}
INFO:root:    {'cost': 93.61085725121825, 'length': 52, 'task_mapping': {'task-1': 1, 'task-2': 1, 'task-3': 0, 'task-7': 1, 'task-9': 0}}
INFO:root:    {'cost': 50.12765892759442, 'length': 26, 'task_mapping': {'task-0': 1, 'task-2': 1, 'task-3': 0, 'task-4': 0}}
INFO:root:    {'cost': 71.65237918800669, 'length': 52, 'task_mapping': {'task-0': 1, 'task-1': 1, 'task-3': 0, 'task-7': 1, 'task-9': 0}}
INFO:root:    {'cost': 30.585615066705333, 'length': 89, 'task_mapping': {'task-7': 0, 'task-9': 0}}
INFO:root:    {'cost': 121.97652396761346, 'length': 67, 'task_mapping': {'task-0': 1, 'task-1': 1, 'task-3': 0, 'task-5': 0, 'task-7': 1}}
INFO:root:    {'cost': 59.11581448040007, 'length': 26, 'task_mapping': {'task-1': 1, 'task-2': 1, 'task-3': 0, 'task-4': 0}}
INFO:root:    {'cost': 67.5096520505475, 'length': 67, 'task_mapping': {'task-5': 0, 'task-9': 0}}
INFO:root:    {'cost': 69.92702424910613, 'length': 49, 'task_mapping': {'task-0': 1, 'task-1': 1, 'task-3': 0, 'task-4': 0, 'task-6': 1, 'task-7': 1}}
INFO:root:    {'cost': 83.17939324695145, 'length': 89, 'task_mapping': {'task-5': 0, 'task-7': 0}}
INFO:root:    {'cost': 67.21080537236182, 'length': 26, 'task_mapping': {'task-0': 1, 'task-1': 1, 'task-2': 1, 'task-3': 0, 'task-4': 0, 'task-6': 1}}
INFO:root:    {'cost': 18.354793334078117, 'length': 16, 'task_mapping': {'task-0': 1, 'task-6': 1}}
INFO:root:    {'cost': 117.33763181430942, 'length': 67, 'task_mapping': {'task-1': 1, 'task-4': 0, 'task-5': 0, 'task-6': 1, 'task-7': 1}}
INFO:root:    {'cost': 25.784333640966473, 'length': 21, 'task_mapping': {'task-0': 1, 'task-3': 0}}
INFO:root:    {'cost': 230.4533464379724, 'length': 86, 'task_mapping': {'task-1': 0, 'task-2': 0, 'task-4': 1, 'task-6': 1, 'task-7': 1}}
INFO:root:    {'cost': 116.91829771408906, 'length': 96, 'task_mapping': {'task-5': 1, 'task-9': 0}}
INFO:root:    {'cost': 51.432121713090666, 'length': 26, 'task_mapping': {'task-0': 1, 'task-1': 1, 'task-2': 1}}
INFO:root:    {'cost': 61.043933962246875, 'length': 26, 'task_mapping': {'task-1': 1, 'task-2': 1, 'task-3': 0, 'task-6': 1}}
INFO:root:    {'cost': 120.45472729909596, 'length': 67, 'task_mapping': {'task-0': 1, 'task-1': 1, 'task-5': 0, 'task-7': 1, 'task-9': 0}}
INFO:root:    {'cost': 59.75088229127993, 'length': 26, 'task_mapping': {'task-0': 1, 'task-1': 1, 'task-2': 1, 'task-3': 0}}
INFO:root:    {'cost': 40.18268786888093, 'length': 24, 'task_mapping': {'task-0': 1, 'task-1': 1, 'task-3': 0}}
INFO:root:    {'cost': 180.11908289675566, 'length': 86, 'task_mapping': {'task-2': 0, 'task-4': 0, 'task-6': 1, 'task-7': 1}}
INFO:root:subproblem objective was non-negative; ending the iteration.
INFO:root:master model solution is not integer
WARNING:root:Master model reconstruction 0.674458 vs MM relaxation 0.653981
INFO:root:branching
supports={'task-8': 0, 'task-3': 1}, non supports=['task-4']
INFO:root:PATTERNS 19
INFO:root:    {'cost': 109.87770873322754, 'length': 67, 'task_mapping': {'task-1': 1, 'task-5': 0, 'task-7': 1}}
INFO:root:    {'cost': 38.40792873890774, 'length': 26, 'task_mapping': {'task-2': 1, 'task-4': 0}}
INFO:root:    {'cost': 1.0692836711161946, 'length': 1, 'task_mapping': {'task-8': 0}}
INFO:root:    {'cost': 99.15478762653345, 'length': 67, 'task_mapping': {'task-4': 1, 'task-5': 0, 'task-9': 0}}
INFO:root:    {'cost': 65.0276243766408, 'length': 67, 'task_mapping': {'task-5': 0, 'task-6': 1}}
INFO:root:    {'cost': 58.11020126824758, 'length': 52, 'task_mapping': {'task-0': 1, 'task-4': 0, 'task-6': 1, 'task-7': 1, 'task-9': 0}}
INFO:root:    {'cost': 30.585615066705333, 'length': 89, 'task_mapping': {'task-7': 0, 'task-9': 0}}
INFO:root:    {'cost': 67.5096520505475, 'length': 67, 'task_mapping': {'task-5': 0, 'task-9': 0}}
INFO:root:    {'cost': 83.17939324695145, 'length': 89, 'task_mapping': {'task-5': 0, 'task-7': 0}}
INFO:root:    {'cost': 18.354793334078117, 'length': 16, 'task_mapping': {'task-0': 1, 'task-6': 1}}
INFO:root:    {'cost': 117.33763181430942, 'length': 67, 'task_mapping': {'task-1': 1, 'task-4': 0, 'task-5': 0, 'task-6': 1, 'task-7': 1}}
INFO:root:    {'cost': 230.4533464379724, 'length': 86, 'task_mapping': {'task-1': 0, 'task-2': 0, 'task-4': 1, 'task-6': 1, 'task-7': 1}}
INFO:root:    {'cost': 116.91829771408906, 'length': 96, 'task_mapping': {'task-5': 1, 'task-9': 0}}
INFO:root:    {'cost': 51.432121713090666, 'length': 26, 'task_mapping': {'task-0': 1, 'task-1': 1, 'task-2': 1}}
INFO:root:    {'cost': 120.45472729909596, 'length': 67, 'task_mapping': {'task-0': 1, 'task-1': 1, 'task-5': 0, 'task-7': 1, 'task-9': 0}}
INFO:root:    {'cost': 180.11908289675566, 'length': 86, 'task_mapping': {'task-2': 0, 'task-4': 0, 'task-6': 1, 'task-7': 1}}
INFO:root:    {'cost': 51.078090668513255, 'length': 32, 'task_mapping': {'task-0': 1, 'task-1': 0}}
INFO:root:    {'cost': 167.1183220549588, 'length': 86, 'task_mapping': {'task-2': 0}}
INFO:root:    {'cost': 235.37090337531498, 'length': 90, 'task_mapping': {'task-3': 1, 'task-4': 0, 'task-5': 0, 'task-6': 1, 'task-7': 1, 'task-9': 1}}
INFO:root:  found pattern {'cost': 187.26664896926303, 'length': 90, 'task_mapping': {'task-1': 1, 'task-3': 1, 'task-5': 0}}, -92.95433876263868
INFO:root:  found pattern {'cost': 224.96536734474643, 'length': 90, 'task_mapping': {'task-0': 1, 'task-2': 1, 'task-3': 1, 'task-5': 0, 'task-7': 1}}, -37.21577256781312
INFO:root:  found pattern {'cost': 155.85677483951986, 'length': 90, 'task_mapping': {'task-0': 1, 'task-3': 1, 'task-4': 0, 'task-6': 1, 'task-7': 1, 'task-9': 0}}, -20.653258513781033
INFO:root:  found pattern {'cost': 205.1229298488753, 'length': 90, 'task_mapping': {'task-1': 1, 'task-3': 1, 'task-4': 0, 'task-5': 0, 'task-6': 1, 'task-7': 1}}, -22.71498969787927
INFO:root:  found pattern {'cost': 233.43446797108442, 'length': 90, 'task_mapping': {'task-2': 1, 'task-3': 1, 'task-5': 0, 'task-6': 1, 'task-7': 1, 'task-9': 0}}, -12.706042650203187
INFO:root:  found pattern {'cost': 160.15090911086116, 'length': 90, 'task_mapping': {'task-1': 1, 'task-3': 1, 'task-4': 0, 'task-7': 1, 'task-9': 0}}, -13.44917347236916
INFO:root:  found pattern {'cost': 178.50789027447578, 'length': 90, 'task_mapping': {'task-3': 1, 'task-5': 0, 'task-9': 0}}, -8.827202198251484
INFO:root:  found pattern {'cost': 195.85090017035878, 'length': 90, 'task_mapping': {'task-0': 1, 'task-3': 1, 'task-5': 0, 'task-7': 1, 'task-9': 0}}, -7.665189899891061
INFO:root:  found pattern {'cost': 7.52093811174522, 'length': 52, 'task_mapping': {'task-9': 0}}, -7.469308878975415
INFO:root:  found pattern {'cost': 46.502919630869506, 'length': 26, 'task_mapping': {'task-0': 1, 'task-2': 1, 'task-4': 0, 'task-6': 1}}, -9.792092996313826
INFO:root:  found pattern {'cost': 209.5330770046288, 'length': 90, 'task_mapping': {'task-1': 1, 'task-3': 1, 'task-5': 0, 'task-6': 1, 'task-7': 1, 'task-9': 0}}, -0.5242733361823468
INFO:root:Relaxation 0.694313403614581 is worse than best obj 0.6744581419210871
INFO:root:  found pattern {'cost': 54.19802351270822, 'length': 26, 'task_mapping': {'task-0': 1, 'task-1': 1, 'task-2': 1, 'task-4': 0}}, -0.3448891563742045
INFO:root:Relaxation 1.0387294610088484 is worse than best obj 0.6744581419210871
INFO:root:subproblem objective was non-negative; ending the iteration.
INFO:root:master model solution (1.038729) is pruned by best-so-far solution (0.674458).
INFO:root:branching
supports={'task-8': 0, 'task-3': 0}, non supports=['task-4']
INFO:root:PATTERNS 21
INFO:root:    {'cost': 109.87770873322754, 'length': 67, 'task_mapping': {'task-1': 1, 'task-5': 0, 'task-7': 1}}
INFO:root:    {'cost': 38.40792873890774, 'length': 26, 'task_mapping': {'task-2': 1, 'task-4': 0}}
INFO:root:    {'cost': 1.0692836711161946, 'length': 1, 'task_mapping': {'task-8': 0}}
INFO:root:    {'cost': 99.15478762653345, 'length': 67, 'task_mapping': {'task-4': 1, 'task-5': 0, 'task-9': 0}}
INFO:root:    {'cost': 65.0276243766408, 'length': 67, 'task_mapping': {'task-5': 0, 'task-6': 1}}
INFO:root:    {'cost': 58.11020126824758, 'length': 52, 'task_mapping': {'task-0': 1, 'task-4': 0, 'task-6': 1, 'task-7': 1, 'task-9': 0}}
INFO:root:    {'cost': 30.585615066705333, 'length': 89, 'task_mapping': {'task-7': 0, 'task-9': 0}}
INFO:root:    {'cost': 67.5096520505475, 'length': 67, 'task_mapping': {'task-5': 0, 'task-9': 0}}
INFO:root:    {'cost': 83.17939324695145, 'length': 89, 'task_mapping': {'task-5': 0, 'task-7': 0}}
INFO:root:    {'cost': 18.354793334078117, 'length': 16, 'task_mapping': {'task-0': 1, 'task-6': 1}}
INFO:root:    {'cost': 117.33763181430942, 'length': 67, 'task_mapping': {'task-1': 1, 'task-4': 0, 'task-5': 0, 'task-6': 1, 'task-7': 1}}
INFO:root:    {'cost': 25.784333640966473, 'length': 21, 'task_mapping': {'task-0': 1, 'task-3': 0}}
INFO:root:    {'cost': 230.4533464379724, 'length': 86, 'task_mapping': {'task-1': 0, 'task-2': 0, 'task-4': 1, 'task-6': 1, 'task-7': 1}}
INFO:root:    {'cost': 116.91829771408906, 'length': 96, 'task_mapping': {'task-5': 1, 'task-9': 0}}
INFO:root:    {'cost': 51.432121713090666, 'length': 26, 'task_mapping': {'task-0': 1, 'task-1': 1, 'task-2': 1}}
INFO:root:    {'cost': 120.45472729909596, 'length': 67, 'task_mapping': {'task-0': 1, 'task-1': 1, 'task-5': 0, 'task-7': 1, 'task-9': 0}}
INFO:root:    {'cost': 180.11908289675566, 'length': 86, 'task_mapping': {'task-2': 0, 'task-4': 0, 'task-6': 1, 'task-7': 1}}
INFO:root:    {'cost': 29.843287111550964, 'length': 21, 'task_mapping': {'task-3': 0, 'task-4': 0, 'task-6': 1}}
INFO:root:    {'cost': 51.078090668513255, 'length': 32, 'task_mapping': {'task-0': 1, 'task-1': 0}}
INFO:root:    {'cost': 97.48858356992446, 'length': 67, 'task_mapping': {'task-5': 0, 'task-7': 1}}
INFO:root:    {'cost': 174.29437101032985, 'length': 86, 'task_mapping': {'task-2': 0, 'task-9': 0}}
INFO:root:  found pattern {'cost': 25.149265830086613, 'length': 21, 'task_mapping': {'task-3': 0, 'task-4': 0}}, -4.69402128146444
INFO:root:  found pattern {'cost': 48.03115210259326, 'length': 26, 'task_mapping': {'task-1': 1, 'task-2': 1}}, -3.400969610497576
INFO:root:Relaxation 0.7118601756290533 is worse than best obj 0.6744581419210871
INFO:root:subproblem objective was non-negative; ending the iteration.
INFO:root:master model solution (0.711860) is pruned by best-so-far solution (0.674458).
INFO:root:branching
supports={'task-8': 0}, non supports=['task-4', 'task-3']
INFO:root:PATTERNS 30
INFO:root:    {'cost': 109.87770873322754, 'length': 67, 'task_mapping': {'task-1': 1, 'task-5': 0, 'task-7': 1}}
INFO:root:    {'cost': 38.40792873890774, 'length': 26, 'task_mapping': {'task-2': 1, 'task-4': 0}}
INFO:root:    {'cost': 58.41643754545301, 'length': 52, 'task_mapping': {'task-0': 1, 'task-3': 0, 'task-6': 1, 'task-9': 0}}
INFO:root:    {'cost': 1.0692836711161946, 'length': 1, 'task_mapping': {'task-8': 0}}
INFO:root:    {'cost': 130.11892716125945, 'length': 67, 'task_mapping': {'task-2': 1, 'task-3': 0, 'task-5': 0}}
INFO:root:    {'cost': 99.15478762653345, 'length': 67, 'task_mapping': {'task-4': 1, 'task-5': 0, 'task-9': 0}}
INFO:root:    {'cost': 39.54762005800107, 'length': 24, 'task_mapping': {'task-1': 1, 'task-3': 0, 'task-4': 0}}
INFO:root:    {'cost': 65.0276243766408, 'length': 67, 'task_mapping': {'task-5': 0, 'task-6': 1}}
INFO:root:    {'cost': 58.11020126824758, 'length': 52, 'task_mapping': {'task-0': 1, 'task-4': 0, 'task-6': 1, 'task-7': 1, 'task-9': 0}}
INFO:root:    {'cost': 93.61085725121825, 'length': 52, 'task_mapping': {'task-1': 1, 'task-2': 1, 'task-3': 0, 'task-7': 1, 'task-9': 0}}
INFO:root:    {'cost': 50.12765892759442, 'length': 26, 'task_mapping': {'task-0': 1, 'task-2': 1, 'task-3': 0, 'task-4': 0}}
INFO:root:    {'cost': 71.65237918800669, 'length': 52, 'task_mapping': {'task-0': 1, 'task-1': 1, 'task-3': 0, 'task-7': 1, 'task-9': 0}}
INFO:root:    {'cost': 30.585615066705333, 'length': 89, 'task_mapping': {'task-7': 0, 'task-9': 0}}
INFO:root:    {'cost': 121.97652396761346, 'length': 67, 'task_mapping': {'task-0': 1, 'task-1': 1, 'task-3': 0, 'task-5': 0, 'task-7': 1}}
INFO:root:    {'cost': 59.11581448040007, 'length': 26, 'task_mapping': {'task-1': 1, 'task-2': 1, 'task-3': 0, 'task-4': 0}}
INFO:root:    {'cost': 67.5096520505475, 'length': 67, 'task_mapping': {'task-5': 0, 'task-9': 0}}
INFO:root:    {'cost': 69.92702424910613, 'length': 49, 'task_mapping': {'task-0': 1, 'task-1': 1, 'task-3': 0, 'task-4': 0, 'task-6': 1, 'task-7': 1}}
INFO:root:    {'cost': 83.17939324695145, 'length': 89, 'task_mapping': {'task-5': 0, 'task-7': 0}}
INFO:root:    {'cost': 67.21080537236182, 'length': 26, 'task_mapping': {'task-0': 1, 'task-1': 1, 'task-2': 1, 'task-3': 0, 'task-4': 0, 'task-6': 1}}
INFO:root:    {'cost': 18.354793334078117, 'length': 16, 'task_mapping': {'task-0': 1, 'task-6': 1}}
INFO:root:    {'cost': 117.33763181430942, 'length': 67, 'task_mapping': {'task-1': 1, 'task-4': 0, 'task-5': 0, 'task-6': 1, 'task-7': 1}}
INFO:root:    {'cost': 230.4533464379724, 'length': 86, 'task_mapping': {'task-1': 0, 'task-2': 0, 'task-4': 1, 'task-6': 1, 'task-7': 1}}
INFO:root:    {'cost': 116.91829771408906, 'length': 96, 'task_mapping': {'task-5': 1, 'task-9': 0}}
INFO:root:    {'cost': 51.432121713090666, 'length': 26, 'task_mapping': {'task-0': 1, 'task-1': 1, 'task-2': 1}}
INFO:root:    {'cost': 61.043933962246875, 'length': 26, 'task_mapping': {'task-1': 1, 'task-2': 1, 'task-3': 0, 'task-6': 1}}
INFO:root:    {'cost': 120.45472729909596, 'length': 67, 'task_mapping': {'task-0': 1, 'task-1': 1, 'task-5': 0, 'task-7': 1, 'task-9': 0}}
INFO:root:    {'cost': 59.75088229127993, 'length': 26, 'task_mapping': {'task-0': 1, 'task-1': 1, 'task-2': 1, 'task-3': 0}}
INFO:root:    {'cost': 40.18268786888093, 'length': 24, 'task_mapping': {'task-0': 1, 'task-1': 1, 'task-3': 0}}
INFO:root:    {'cost': 180.11908289675566, 'length': 86, 'task_mapping': {'task-2': 0, 'task-4': 0, 'task-6': 1, 'task-7': 1}}
INFO:root:    {'cost': 115.2594799490808, 'length': 64, 'task_mapping': {'task-0': 0, 'task-1': 1, 'task-3': 0}}
INFO:root:subproblem objective was non-negative; ending the iteration.
INFO:root:master model solution is not integer
WARNING:root:Master model reconstruction 0.674458 vs MM relaxation 0.653981
INFO:root:branching
supports={'task-8': 0, 'task-1': 0}, non supports=['task-4', 'task-3']
INFO:root:PATTERNS 16
INFO:root:    {'cost': 38.40792873890774, 'length': 26, 'task_mapping': {'task-2': 1, 'task-4': 0}}
INFO:root:    {'cost': 58.41643754545301, 'length': 52, 'task_mapping': {'task-0': 1, 'task-3': 0, 'task-6': 1, 'task-9': 0}}
INFO:root:    {'cost': 1.0692836711161946, 'length': 1, 'task_mapping': {'task-8': 0}}
INFO:root:    {'cost': 130.11892716125945, 'length': 67, 'task_mapping': {'task-2': 1, 'task-3': 0, 'task-5': 0}}
INFO:root:    {'cost': 99.15478762653345, 'length': 67, 'task_mapping': {'task-4': 1, 'task-5': 0, 'task-9': 0}}
INFO:root:    {'cost': 65.0276243766408, 'length': 67, 'task_mapping': {'task-5': 0, 'task-6': 1}}
INFO:root:    {'cost': 58.11020126824758, 'length': 52, 'task_mapping': {'task-0': 1, 'task-4': 0, 'task-6': 1, 'task-7': 1, 'task-9': 0}}
INFO:root:    {'cost': 50.12765892759442, 'length': 26, 'task_mapping': {'task-0': 1, 'task-2': 1, 'task-3': 0, 'task-4': 0}}
INFO:root:    {'cost': 30.585615066705333, 'length': 89, 'task_mapping': {'task-7': 0, 'task-9': 0}}
INFO:root:    {'cost': 67.5096520505475, 'length': 67, 'task_mapping': {'task-5': 0, 'task-9': 0}}
INFO:root:    {'cost': 83.17939324695145, 'length': 89, 'task_mapping': {'task-5': 0, 'task-7': 0}}
INFO:root:    {'cost': 18.354793334078117, 'length': 16, 'task_mapping': {'task-0': 1, 'task-6': 1}}
INFO:root:    {'cost': 116.91829771408906, 'length': 96, 'task_mapping': {'task-5': 1, 'task-9': 0}}
INFO:root:    {'cost': 180.11908289675566, 'length': 86, 'task_mapping': {'task-2': 0, 'task-4': 0, 'task-6': 1, 'task-7': 1}}
INFO:root:    {'cost': 75.92347954515901, 'length': 32, 'task_mapping': {'task-1': 0, 'task-2': 1, 'task-4': 0, 'task-6': 1}}
INFO:root:    {'cost': 94.38107930907483, 'length': 69, 'task_mapping': {'task-0': 1, 'task-3': 0, 'task-9': 1}}
INFO:root:  found pattern {'cost': 56.908053441160675, 'length': 32, 'task_mapping': {'task-1': 0, 'task-3': 0}}, -69.14308503159276
INFO:root:  found pattern {'cost': 71.86452607457453, 'length': 32, 'task_mapping': {'task-0': 1, 'task-1': 0, 'task-2': 1}}, -22.4137468046626
INFO:root:  found pattern {'cost': 58.53801374959515, 'length': 32, 'task_mapping': {'task-0': 1, 'task-1': 0, 'task-4': 0, 'task-6': 1}}, -13.716963033427163
INFO:root:  found pattern {'cost': 84.87730793422814, 'length': 32, 'task_mapping': {'task-0': 1, 'task-1': 0, 'task-2': 1, 'task-3': 0, 'task-6': 1}}, -6.884182867956412
INFO:root:  found pattern {'cost': 44.070258648447435, 'length': 32, 'task_mapping': {'task-1': 0, 'task-6': 1}}, -1.1716028706021682
INFO:root:  found pattern {'cost': 74.63042787419207, 'length': 32, 'task_mapping': {'task-0': 1, 'task-1': 0, 'task-2': 1, 'task-4': 0}}, -6.150699351465345
INFO:root:  found pattern {'cost': 76.78231704226638, 'length': 32, 'task_mapping': {'task-1': 0, 'task-2': 1, 'task-3': 0}}, -2.6583476537921484
INFO:root:  found pattern {'cost': 50.16701916345385, 'length': 32, 'task_mapping': {'task-1': 0, 'task-4': 0}}, -2.517349326031166
INFO:root:  found pattern {'cost': 51.42071059856136, 'length': 26, 'task_mapping': {'task-2': 1, 'task-3': 0, 'task-4': 0, 'task-6': 1}}, -2.3158360939960083
INFO:root:  found pattern {'cost': 46.72668931709701, 'length': 26, 'task_mapping': {'task-2': 1, 'task-3': 0, 'task-4': 0}}, -0.4900573848857164
INFO:root:  found pattern {'cost': 39.37623736698309, 'length': 32, 'task_mapping': {'task-1': 0}}, -0.7350860773285923
INFO:root:Relaxation 0.7650392239887251 is worse than best obj 0.6744581419210871
INFO:root:subproblem objective was non-negative; ending the iteration.
INFO:root:master model solution (0.765039) is pruned by best-so-far solution (0.674458).
INFO:root:branching
supports={'task-8': 0, 'task-1': 1}, non supports=['task-4', 'task-3']
INFO:root:PATTERNS 19
INFO:root:    {'cost': 38.40792873890774, 'length': 26, 'task_mapping': {'task-2': 1, 'task-4': 0}}
INFO:root:    {'cost': 58.41643754545301, 'length': 52, 'task_mapping': {'task-0': 1, 'task-3': 0, 'task-6': 1, 'task-9': 0}}
INFO:root:    {'cost': 1.0692836711161946, 'length': 1, 'task_mapping': {'task-8': 0}}
INFO:root:    {'cost': 130.11892716125945, 'length': 67, 'task_mapping': {'task-2': 1, 'task-3': 0, 'task-5': 0}}
INFO:root:    {'cost': 99.15478762653345, 'length': 67, 'task_mapping': {'task-4': 1, 'task-5': 0, 'task-9': 0}}
INFO:root:    {'cost': 39.54762005800107, 'length': 24, 'task_mapping': {'task-1': 1, 'task-3': 0, 'task-4': 0}}
INFO:root:    {'cost': 65.0276243766408, 'length': 67, 'task_mapping': {'task-5': 0, 'task-6': 1}}
INFO:root:    {'cost': 58.11020126824758, 'length': 52, 'task_mapping': {'task-0': 1, 'task-4': 0, 'task-6': 1, 'task-7': 1, 'task-9': 0}}
INFO:root:    {'cost': 50.12765892759442, 'length': 26, 'task_mapping': {'task-0': 1, 'task-2': 1, 'task-3': 0, 'task-4': 0}}
INFO:root:    {'cost': 30.585615066705333, 'length': 89, 'task_mapping': {'task-7': 0, 'task-9': 0}}
INFO:root:    {'cost': 67.5096520505475, 'length': 67, 'task_mapping': {'task-5': 0, 'task-9': 0}}
INFO:root:    {'cost': 83.17939324695145, 'length': 89, 'task_mapping': {'task-5': 0, 'task-7': 0}}
INFO:root:    {'cost': 18.354793334078117, 'length': 16, 'task_mapping': {'task-0': 1, 'task-6': 1}}
INFO:root:    {'cost': 116.91829771408906, 'length': 96, 'task_mapping': {'task-5': 1, 'task-9': 0}}
INFO:root:    {'cost': 40.18268786888093, 'length': 24, 'task_mapping': {'task-0': 1, 'task-1': 1, 'task-3': 0}}
INFO:root:    {'cost': 180.11908289675566, 'length': 86, 'task_mapping': {'task-2': 0, 'task-4': 0, 'task-6': 1, 'task-7': 1}}
INFO:root:    {'cost': 44.24164133946543, 'length': 24, 'task_mapping': {'task-1': 1, 'task-3': 0, 'task-4': 0, 'task-6': 1}}
INFO:root:    {'cost': 80.56864935199926, 'length': 89, 'task_mapping': {'task-0': 0, 'task-7': 0}}
INFO:root:    {'cost': 263.5233876144217, 'length': 96, 'task_mapping': {'task-2': 0, 'task-5': 1, 'task-9': 0}}
INFO:root:  found pattern {'cost': 31.726381960080243, 'length': 24, 'task_mapping': {'task-1': 1, 'task-6': 1}}, -12.515259379385263
INFO:root:  found pattern {'cost': 43.96078751747946, 'length': 26, 'task_mapping': {'task-2': 1, 'task-3': 0}}, -5.5318035992351255
INFO:root:  found pattern {'cost': 27.032360678615888, 'length': 24, 'task_mapping': {'task-1': 1}}, -1.430597001578434
INFO:root:  found pattern {'cost': 46.72668931709701, 'length': 26, 'task_mapping': {'task-2': 1, 'task-3': 0, 'task-4': 0}}, -0.7152985007892134
INFO:root:Relaxation 0.7142413775345392 is worse than best obj 0.6744581419210871
INFO:root:subproblem objective was non-negative; ending the iteration.
INFO:root:master model solution (0.714241) is pruned by best-so-far solution (0.674458).
INFO:root:branching
supports={'task-8': 0}, non supports=['task-4', 'task-3', 'task-1']
INFO:root:PATTERNS 31
INFO:root:    {'cost': 109.87770873322754, 'length': 67, 'task_mapping': {'task-1': 1, 'task-5': 0, 'task-7': 1}}
INFO:root:    {'cost': 38.40792873890774, 'length': 26, 'task_mapping': {'task-2': 1, 'task-4': 0}}
INFO:root:    {'cost': 58.41643754545301, 'length': 52, 'task_mapping': {'task-0': 1, 'task-3': 0, 'task-6': 1, 'task-9': 0}}
INFO:root:    {'cost': 1.0692836711161946, 'length': 1, 'task_mapping': {'task-8': 0}}
INFO:root:    {'cost': 130.11892716125945, 'length': 67, 'task_mapping': {'task-2': 1, 'task-3': 0, 'task-5': 0}}
INFO:root:    {'cost': 99.15478762653345, 'length': 67, 'task_mapping': {'task-4': 1, 'task-5': 0, 'task-9': 0}}
INFO:root:    {'cost': 65.0276243766408, 'length': 67, 'task_mapping': {'task-5': 0, 'task-6': 1}}
INFO:root:    {'cost': 58.11020126824758, 'length': 52, 'task_mapping': {'task-0': 1, 'task-4': 0, 'task-6': 1, 'task-7': 1, 'task-9': 0}}
INFO:root:    {'cost': 93.61085725121825, 'length': 52, 'task_mapping': {'task-1': 1, 'task-2': 1, 'task-3': 0, 'task-7': 1, 'task-9': 0}}
INFO:root:    {'cost': 50.12765892759442, 'length': 26, 'task_mapping': {'task-0': 1, 'task-2': 1, 'task-3': 0, 'task-4': 0}}
INFO:root:    {'cost': 71.65237918800669, 'length': 52, 'task_mapping': {'task-0': 1, 'task-1': 1, 'task-3': 0, 'task-7': 1, 'task-9': 0}}
INFO:root:    {'cost': 30.585615066705333, 'length': 89, 'task_mapping': {'task-7': 0, 'task-9': 0}}
INFO:root:    {'cost': 121.97652396761346, 'length': 67, 'task_mapping': {'task-0': 1, 'task-1': 1, 'task-3': 0, 'task-5': 0, 'task-7': 1}}
INFO:root:    {'cost': 59.11581448040007, 'length': 26, 'task_mapping': {'task-1': 1, 'task-2': 1, 'task-3': 0, 'task-4': 0}}
INFO:root:    {'cost': 67.5096520505475, 'length': 67, 'task_mapping': {'task-5': 0, 'task-9': 0}}
INFO:root:    {'cost': 69.92702424910613, 'length': 49, 'task_mapping': {'task-0': 1, 'task-1': 1, 'task-3': 0, 'task-4': 0, 'task-6': 1, 'task-7': 1}}
INFO:root:    {'cost': 83.17939324695145, 'length': 89, 'task_mapping': {'task-5': 0, 'task-7': 0}}
INFO:root:    {'cost': 67.21080537236182, 'length': 26, 'task_mapping': {'task-0': 1, 'task-1': 1, 'task-2': 1, 'task-3': 0, 'task-4': 0, 'task-6': 1}}
INFO:root:    {'cost': 18.354793334078117, 'length': 16, 'task_mapping': {'task-0': 1, 'task-6': 1}}
INFO:root:    {'cost': 117.33763181430942, 'length': 67, 'task_mapping': {'task-1': 1, 'task-4': 0, 'task-5': 0, 'task-6': 1, 'task-7': 1}}
INFO:root:    {'cost': 230.4533464379724, 'length': 86, 'task_mapping': {'task-1': 0, 'task-2': 0, 'task-4': 1, 'task-6': 1, 'task-7': 1}}
INFO:root:    {'cost': 116.91829771408906, 'length': 96, 'task_mapping': {'task-5': 1, 'task-9': 0}}
INFO:root:    {'cost': 51.432121713090666, 'length': 26, 'task_mapping': {'task-0': 1, 'task-1': 1, 'task-2': 1}}
INFO:root:    {'cost': 61.043933962246875, 'length': 26, 'task_mapping': {'task-1': 1, 'task-2': 1, 'task-3': 0, 'task-6': 1}}
INFO:root:    {'cost': 120.45472729909596, 'length': 67, 'task_mapping': {'task-0': 1, 'task-1': 1, 'task-5': 0, 'task-7': 1, 'task-9': 0}}
INFO:root:    {'cost': 59.75088229127993, 'length': 26, 'task_mapping': {'task-0': 1, 'task-1': 1, 'task-2': 1, 'task-3': 0}}
INFO:root:    {'cost': 180.11908289675566, 'length': 86, 'task_mapping': {'task-2': 0, 'task-4': 0, 'task-6': 1, 'task-7': 1}}
INFO:root:    {'cost': 115.2594799490808, 'length': 64, 'task_mapping': {'task-0': 0, 'task-1': 1, 'task-3': 0}}
INFO:root:    {'cost': 40.33604822075455, 'length': 26, 'task_mapping': {'task-2': 1, 'task-6': 1}}
INFO:root:    {'cost': 102.87035478577772, 'length': 64, 'task_mapping': {'task-0': 0, 'task-3': 0}}
INFO:root:    {'cost': 222.86598462402236, 'length': 96, 'task_mapping': {'task-1': 0, 'task-4': 0, 'task-5': 1, 'task-7': 1, 'task-9': 1}}
INFO:root:subproblem objective was non-negative; ending the iteration.
INFO:root:master model solution is not integer
WARNING:root:Master model reconstruction 0.674458 vs MM relaxation 0.653981
INFO:root:branching
supports={'task-8': 0, 'task-9': 1}, non supports=['task-4', 'task-3', 'task-1']
INFO:root:PATTERNS 23
INFO:root:    {'cost': 109.87770873322754, 'length': 67, 'task_mapping': {'task-1': 1, 'task-5': 0, 'task-7': 1}}
INFO:root:    {'cost': 38.40792873890774, 'length': 26, 'task_mapping': {'task-2': 1, 'task-4': 0}}
INFO:root:    {'cost': 1.0692836711161946, 'length': 1, 'task_mapping': {'task-8': 0}}
INFO:root:    {'cost': 130.11892716125945, 'length': 67, 'task_mapping': {'task-2': 1, 'task-3': 0, 'task-5': 0}}
INFO:root:    {'cost': 65.0276243766408, 'length': 67, 'task_mapping': {'task-5': 0, 'task-6': 1}}
INFO:root:    {'cost': 50.12765892759442, 'length': 26, 'task_mapping': {'task-0': 1, 'task-2': 1, 'task-3': 0, 'task-4': 0}}
INFO:root:    {'cost': 121.97652396761346, 'length': 67, 'task_mapping': {'task-0': 1, 'task-1': 1, 'task-3': 0, 'task-5': 0, 'task-7': 1}}
INFO:root:    {'cost': 59.11581448040007, 'length': 26, 'task_mapping': {'task-1': 1, 'task-2': 1, 'task-3': 0, 'task-4': 0}}
INFO:root:    {'cost': 69.92702424910613, 'length': 49, 'task_mapping': {'task-0': 1, 'task-1': 1, 'task-3': 0, 'task-4': 0, 'task-6': 1, 'task-7': 1}}
INFO:root:    {'cost': 83.17939324695145, 'length': 89, 'task_mapping': {'task-5': 0, 'task-7': 0}}
INFO:root:    {'cost': 67.21080537236182, 'length': 26, 'task_mapping': {'task-0': 1, 'task-1': 1, 'task-2': 1, 'task-3': 0, 'task-4': 0, 'task-6': 1}}
INFO:root:    {'cost': 18.354793334078117, 'length': 16, 'task_mapping': {'task-0': 1, 'task-6': 1}}
INFO:root:    {'cost': 117.33763181430942, 'length': 67, 'task_mapping': {'task-1': 1, 'task-4': 0, 'task-5': 0, 'task-6': 1, 'task-7': 1}}
INFO:root:    {'cost': 230.4533464379724, 'length': 86, 'task_mapping': {'task-1': 0, 'task-2': 0, 'task-4': 1, 'task-6': 1, 'task-7': 1}}
INFO:root:    {'cost': 51.432121713090666, 'length': 26, 'task_mapping': {'task-0': 1, 'task-1': 1, 'task-2': 1}}
INFO:root:    {'cost': 61.043933962246875, 'length': 26, 'task_mapping': {'task-1': 1, 'task-2': 1, 'task-3': 0, 'task-6': 1}}
INFO:root:    {'cost': 59.75088229127993, 'length': 26, 'task_mapping': {'task-0': 1, 'task-1': 1, 'task-2': 1, 'task-3': 0}}
INFO:root:    {'cost': 180.11908289675566, 'length': 86, 'task_mapping': {'task-2': 0, 'task-4': 0, 'task-6': 1, 'task-7': 1}}
INFO:root:    {'cost': 115.2594799490808, 'length': 64, 'task_mapping': {'task-0': 0, 'task-1': 1, 'task-3': 0}}
INFO:root:    {'cost': 40.33604822075455, 'length': 26, 'task_mapping': {'task-2': 1, 'task-6': 1}}
INFO:root:    {'cost': 102.87035478577772, 'length': 64, 'task_mapping': {'task-0': 0, 'task-3': 0}}
INFO:root:    {'cost': 192.15737024435566, 'length': 69, 'task_mapping': {'task-0': 1, 'task-1': 0, 'task-4': 1, 'task-5': 0, 'task-7': 1, 'task-9': 1}}
INFO:root:    {'cost': 180.13110391461242, 'length': 86, 'task_mapping': {'task-2': 0, 'task-3': 0, 'task-6': 1}}
INFO:root:  found pattern {'cost': 143.12817939196262, 'length': 69, 'task_mapping': {'task-3': 0, 'task-5': 0, 'task-6': 1, 'task-9': 1}}, -110.07312481463993
INFO:root:  found pattern {'cost': 107.88388948639917, 'length': 69, 'task_mapping': {'task-2': 1, 'task-3': 0, 'task-7': 1, 'task-9': 1}}, -109.42904049901894
INFO:root:  found pattern {'cost': 162.17420428305132, 'length': 69, 'task_mapping': {'task-1': 1, 'task-2': 1, 'task-4': 0, 'task-5': 0, 'task-7': 1, 'task-9': 1}}, -39.70935710455895
INFO:root:  found pattern {'cost': 158.73890750881742, 'length': 69, 'task_mapping': {'task-0': 1, 'task-2': 1, 'task-3': 0, 'task-5': 0, 'task-7': 1, 'task-9': 1}}, -22.37385753267978
INFO:root:  found pattern {'cost': 158.91827416576308, 'length': 69, 'task_mapping': {'task-0': 1, 'task-1': 1, 'task-3': 0, 'task-5': 0, 'task-6': 1, 'task-9': 1}}, -24.33297449490368
INFO:root:  found pattern {'cost': 115.34381256748107, 'length': 69, 'task_mapping': {'task-2': 1, 'task-3': 0, 'task-4': 0, 'task-6': 1, 'task-7': 1, 'task-9': 1}}, -15.529197731835225
INFO:root:  found pattern {'cost': 146.5171279846033, 'length': 69, 'task_mapping': {'task-0': 1, 'task-4': 0, 'task-5': 0, 'task-6': 1, 'task-7': 1, 'task-9': 1}}, -17.06188798039767
INFO:root:  found pattern {'cost': 161.05814231598063, 'length': 69, 'task_mapping': {'task-1': 1, 'task-3': 0, 'task-5': 0, 'task-6': 1, 'task-7': 1, 'task-9': 1}}, -9.338699081463247
INFO:root:  found pattern {'cost': 51.42071059856136, 'length': 26, 'task_mapping': {'task-2': 1, 'task-3': 0, 'task-4': 0, 'task-6': 1}}, -0.4933414847759572
INFO:root:Relaxation 0.7892871682321411 is worse than best obj 0.6744581419210871
INFO:root:subproblem objective was non-negative; ending the iteration.
INFO:root:master model solution (0.789287) is pruned by best-so-far solution (0.674458).
INFO:root:branching
supports={'task-8': 0, 'task-9': 0}, non supports=['task-4', 'task-3', 'task-1']
INFO:root:PATTERNS 28
INFO:root:    {'cost': 109.87770873322754, 'length': 67, 'task_mapping': {'task-1': 1, 'task-5': 0, 'task-7': 1}}
INFO:root:    {'cost': 38.40792873890774, 'length': 26, 'task_mapping': {'task-2': 1, 'task-4': 0}}
INFO:root:    {'cost': 58.41643754545301, 'length': 52, 'task_mapping': {'task-0': 1, 'task-3': 0, 'task-6': 1, 'task-9': 0}}
INFO:root:    {'cost': 1.0692836711161946, 'length': 1, 'task_mapping': {'task-8': 0}}
INFO:root:    {'cost': 130.11892716125945, 'length': 67, 'task_mapping': {'task-2': 1, 'task-3': 0, 'task-5': 0}}
INFO:root:    {'cost': 65.0276243766408, 'length': 67, 'task_mapping': {'task-5': 0, 'task-6': 1}}
INFO:root:    {'cost': 58.11020126824758, 'length': 52, 'task_mapping': {'task-0': 1, 'task-4': 0, 'task-6': 1, 'task-7': 1, 'task-9': 0}}
INFO:root:    {'cost': 93.61085725121825, 'length': 52, 'task_mapping': {'task-1': 1, 'task-2': 1, 'task-3': 0, 'task-7': 1, 'task-9': 0}}
INFO:root:    {'cost': 50.12765892759442, 'length': 26, 'task_mapping': {'task-0': 1, 'task-2': 1, 'task-3': 0, 'task-4': 0}}
INFO:root:    {'cost': 71.65237918800669, 'length': 52, 'task_mapping': {'task-0': 1, 'task-1': 1, 'task-3': 0, 'task-7': 1, 'task-9': 0}}
INFO:root:    {'cost': 121.97652396761346, 'length': 67, 'task_mapping': {'task-0': 1, 'task-1': 1, 'task-3': 0, 'task-5': 0, 'task-7': 1}}
INFO:root:    {'cost': 59.11581448040007, 'length': 26, 'task_mapping': {'task-1': 1, 'task-2': 1, 'task-3': 0, 'task-4': 0}}
INFO:root:    {'cost': 69.92702424910613, 'length': 49, 'task_mapping': {'task-0': 1, 'task-1': 1, 'task-3': 0, 'task-4': 0, 'task-6': 1, 'task-7': 1}}
INFO:root:    {'cost': 83.17939324695145, 'length': 89, 'task_mapping': {'task-5': 0, 'task-7': 0}}
INFO:root:    {'cost': 67.21080537236182, 'length': 26, 'task_mapping': {'task-0': 1, 'task-1': 1, 'task-2': 1, 'task-3': 0, 'task-4': 0, 'task-6': 1}}
INFO:root:    {'cost': 18.354793334078117, 'length': 16, 'task_mapping': {'task-0': 1, 'task-6': 1}}
INFO:root:    {'cost': 117.33763181430942, 'length': 67, 'task_mapping': {'task-1': 1, 'task-4': 0, 'task-5': 0, 'task-6': 1, 'task-7': 1}}
INFO:root:    {'cost': 230.4533464379724, 'length': 86, 'task_mapping': {'task-1': 0, 'task-2': 0, 'task-4': 1, 'task-6': 1, 'task-7': 1}}
INFO:root:    {'cost': 51.432121713090666, 'length': 26, 'task_mapping': {'task-0': 1, 'task-1': 1, 'task-2': 1}}
INFO:root:    {'cost': 61.043933962246875, 'length': 26, 'task_mapping': {'task-1': 1, 'task-2': 1, 'task-3': 0, 'task-6': 1}}
INFO:root:    {'cost': 59.75088229127993, 'length': 26, 'task_mapping': {'task-0': 1, 'task-1': 1, 'task-2': 1, 'task-3': 0}}
INFO:root:    {'cost': 180.11908289675566, 'length': 86, 'task_mapping': {'task-2': 0, 'task-4': 0, 'task-6': 1, 'task-7': 1}}
INFO:root:    {'cost': 115.2594799490808, 'length': 64, 'task_mapping': {'task-0': 0, 'task-1': 1, 'task-3': 0}}
INFO:root:    {'cost': 40.33604822075455, 'length': 26, 'task_mapping': {'task-2': 1, 'task-6': 1}}
INFO:root:    {'cost': 102.87035478577772, 'length': 64, 'task_mapping': {'task-0': 0, 'task-3': 0}}
INFO:root:    {'cost': 51.37102767568812, 'length': 49, 'task_mapping': {'task-3': 0, 'task-6': 1, 'task-7': 1}}
INFO:root:    {'cost': 54.18898706810411, 'length': 52, 'task_mapping': {'task-1': 0, 'task-9': 0}}
INFO:root:    {'cost': 243.9159892444282, 'length': 86, 'task_mapping': {'task-0': 1, 'task-2': 0, 'task-4': 1, 'task-5': 0}}
INFO:root:  found pattern {'cost': 7.52093811174522, 'length': 52, 'task_mapping': {'task-9': 0}}, -30.85139737119543
INFO:root:subproblem objective was non-negative; ending the iteration.
INFO:root:best objective was updated to: 0.654240
INFO:root:branching
supports={'task-8': 0}, non supports=['task-4', 'task-3', 'task-1', 'task-9']
INFO:root:PATTERNS 30
INFO:root:    {'cost': 109.87770873322754, 'length': 67, 'task_mapping': {'task-1': 1, 'task-5': 0, 'task-7': 1}}
INFO:root:    {'cost': 38.40792873890774, 'length': 26, 'task_mapping': {'task-2': 1, 'task-4': 0}}
INFO:root:    {'cost': 1.0692836711161946, 'length': 1, 'task_mapping': {'task-8': 0}}
INFO:root:    {'cost': 130.11892716125945, 'length': 67, 'task_mapping': {'task-2': 1, 'task-3': 0, 'task-5': 0}}
INFO:root:    {'cost': 99.15478762653345, 'length': 67, 'task_mapping': {'task-4': 1, 'task-5': 0, 'task-9': 0}}
INFO:root:    {'cost': 65.0276243766408, 'length': 67, 'task_mapping': {'task-5': 0, 'task-6': 1}}
INFO:root:    {'cost': 50.12765892759442, 'length': 26, 'task_mapping': {'task-0': 1, 'task-2': 1, 'task-3': 0, 'task-4': 0}}
INFO:root:    {'cost': 30.585615066705333, 'length': 89, 'task_mapping': {'task-7': 0, 'task-9': 0}}
INFO:root:    {'cost': 121.97652396761346, 'length': 67, 'task_mapping': {'task-0': 1, 'task-1': 1, 'task-3': 0, 'task-5': 0, 'task-7': 1}}
INFO:root:    {'cost': 59.11581448040007, 'length': 26, 'task_mapping': {'task-1': 1, 'task-2': 1, 'task-3': 0, 'task-4': 0}}
INFO:root:    {'cost': 67.5096520505475, 'length': 67, 'task_mapping': {'task-5': 0, 'task-9': 0}}
INFO:root:    {'cost': 69.92702424910613, 'length': 49, 'task_mapping': {'task-0': 1, 'task-1': 1, 'task-3': 0, 'task-4': 0, 'task-6': 1, 'task-7': 1}}
INFO:root:    {'cost': 83.17939324695145, 'length': 89, 'task_mapping': {'task-5': 0, 'task-7': 0}}
INFO:root:    {'cost': 67.21080537236182, 'length': 26, 'task_mapping': {'task-0': 1, 'task-1': 1, 'task-2': 1, 'task-3': 0, 'task-4': 0, 'task-6': 1}}
INFO:root:    {'cost': 18.354793334078117, 'length': 16, 'task_mapping': {'task-0': 1, 'task-6': 1}}
INFO:root:    {'cost': 117.33763181430942, 'length': 67, 'task_mapping': {'task-1': 1, 'task-4': 0, 'task-5': 0, 'task-6': 1, 'task-7': 1}}
INFO:root:    {'cost': 230.4533464379724, 'length': 86, 'task_mapping': {'task-1': 0, 'task-2': 0, 'task-4': 1, 'task-6': 1, 'task-7': 1}}
INFO:root:    {'cost': 116.91829771408906, 'length': 96, 'task_mapping': {'task-5': 1, 'task-9': 0}}
INFO:root:    {'cost': 51.432121713090666, 'length': 26, 'task_mapping': {'task-0': 1, 'task-1': 1, 'task-2': 1}}
INFO:root:    {'cost': 61.043933962246875, 'length': 26, 'task_mapping': {'task-1': 1, 'task-2': 1, 'task-3': 0, 'task-6': 1}}
INFO:root:    {'cost': 120.45472729909596, 'length': 67, 'task_mapping': {'task-0': 1, 'task-1': 1, 'task-5': 0, 'task-7': 1, 'task-9': 0}}
INFO:root:    {'cost': 59.75088229127993, 'length': 26, 'task_mapping': {'task-0': 1, 'task-1': 1, 'task-2': 1, 'task-3': 0}}
INFO:root:    {'cost': 180.11908289675566, 'length': 86, 'task_mapping': {'task-2': 0, 'task-4': 0, 'task-6': 1, 'task-7': 1}}
INFO:root:    {'cost': 115.2594799490808, 'length': 64, 'task_mapping': {'task-0': 0, 'task-1': 1, 'task-3': 0}}
INFO:root:    {'cost': 40.33604822075455, 'length': 26, 'task_mapping': {'task-2': 1, 'task-6': 1}}
INFO:root:    {'cost': 102.87035478577772, 'length': 64, 'task_mapping': {'task-0': 0, 'task-3': 0}}
INFO:root:    {'cost': 222.86598462402236, 'length': 96, 'task_mapping': {'task-1': 0, 'task-4': 0, 'task-5': 1, 'task-7': 1, 'task-9': 1}}
INFO:root:    {'cost': 5.886518184072235, 'length': 11, 'task_mapping': {'task-6': 1}}
INFO:root:    {'cost': 125.96805412447695, 'length': 64, 'task_mapping': {'task-0': 0, 'task-2': 1, 'task-4': 0}}
INFO:root:    {'cost': 226.72629727523935, 'length': 96, 'task_mapping': {'task-1': 1, 'task-3': 0, 'task-5': 1, 'task-7': 0, 'task-9': 1}}
INFO:root:subproblem objective was non-negative; ending the iteration.
INFO:root:master model solution is not integer
WARNING:root:Master model reconstruction 0.674458 vs MM relaxation 0.653981
INFO:root:branching
supports={'task-8': 0, 'task-0': 0}, non supports=['task-4', 'task-3', 'task-1', 'task-9']
INFO:root:PATTERNS 24
INFO:root:    {'cost': 109.87770873322754, 'length': 67, 'task_mapping': {'task-1': 1, 'task-5': 0, 'task-7': 1}}
INFO:root:    {'cost': 38.40792873890774, 'length': 26, 'task_mapping': {'task-2': 1, 'task-4': 0}}
INFO:root:    {'cost': 1.0692836711161946, 'length': 1, 'task_mapping': {'task-8': 0}}
INFO:root:    {'cost': 130.11892716125945, 'length': 67, 'task_mapping': {'task-2': 1, 'task-3': 0, 'task-5': 0}}
INFO:root:    {'cost': 99.15478762653345, 'length': 67, 'task_mapping': {'task-4': 1, 'task-5': 0, 'task-9': 0}}
INFO:root:    {'cost': 65.0276243766408, 'length': 67, 'task_mapping': {'task-5': 0, 'task-6': 1}}
INFO:root:    {'cost': 30.585615066705333, 'length': 89, 'task_mapping': {'task-7': 0, 'task-9': 0}}
INFO:root:    {'cost': 59.11581448040007, 'length': 26, 'task_mapping': {'task-1': 1, 'task-2': 1, 'task-3': 0, 'task-4': 0}}
INFO:root:    {'cost': 67.5096520505475, 'length': 67, 'task_mapping': {'task-5': 0, 'task-9': 0}}
INFO:root:    {'cost': 83.17939324695145, 'length': 89, 'task_mapping': {'task-5': 0, 'task-7': 0}}
INFO:root:    {'cost': 117.33763181430942, 'length': 67, 'task_mapping': {'task-1': 1, 'task-4': 0, 'task-5': 0, 'task-6': 1, 'task-7': 1}}
INFO:root:    {'cost': 230.4533464379724, 'length': 86, 'task_mapping': {'task-1': 0, 'task-2': 0, 'task-4': 1, 'task-6': 1, 'task-7': 1}}
INFO:root:    {'cost': 116.91829771408906, 'length': 96, 'task_mapping': {'task-5': 1, 'task-9': 0}}
INFO:root:    {'cost': 61.043933962246875, 'length': 26, 'task_mapping': {'task-1': 1, 'task-2': 1, 'task-3': 0, 'task-6': 1}}
INFO:root:    {'cost': 180.11908289675566, 'length': 86, 'task_mapping': {'task-2': 0, 'task-4': 0, 'task-6': 1, 'task-7': 1}}
INFO:root:    {'cost': 115.2594799490808, 'length': 64, 'task_mapping': {'task-0': 0, 'task-1': 1, 'task-3': 0}}
INFO:root:    {'cost': 40.33604822075455, 'length': 26, 'task_mapping': {'task-2': 1, 'task-6': 1}}
INFO:root:    {'cost': 102.87035478577772, 'length': 64, 'task_mapping': {'task-0': 0, 'task-3': 0}}
INFO:root:    {'cost': 222.86598462402236, 'length': 96, 'task_mapping': {'task-1': 0, 'task-4': 0, 'task-5': 1, 'task-7': 1, 'task-9': 1}}
INFO:root:    {'cost': 5.886518184072235, 'length': 11, 'task_mapping': {'task-6': 1}}
INFO:root:    {'cost': 125.96805412447695, 'length': 64, 'task_mapping': {'task-0': 0, 'task-2': 1, 'task-4': 0}}
INFO:root:    {'cost': 226.72629727523935, 'length': 96, 'task_mapping': {'task-1': 1, 'task-3': 0, 'task-5': 1, 'task-7': 0, 'task-9': 1}}
INFO:root:    {'cost': 141.755771945228, 'length': 64, 'task_mapping': {'task-0': 0, 'task-2': 1, 'task-3': 0, 'task-6': 1, 'task-7': 1}}
INFO:root:    {'cost': 162.4178842427786, 'length': 96, 'task_mapping': {'task-1': 1, 'task-4': 0, 'task-5': 1, 'task-9': 0}}
INFO:root:  found pattern {'cost': 70.93891169809912, 'length': 64, 'task_mapping': {'task-0': 0, 'task-6': 1, 'task-9': 0}}, -36.51419597239998
INFO:root:  found pattern {'cost': 59.068841461263716, 'length': 64, 'task_mapping': {'task-0': 0}}, -11.870070236835403
INFO:root:  found pattern {'cost': 48.03115210259326, 'length': 26, 'task_mapping': {'task-1': 1, 'task-2': 1}}, -8.60064855796908
INFO:root:  found pattern {'cost': 56.34991268078252, 'length': 26, 'task_mapping': {'task-1': 1, 'task-2': 1, 'task-3': 0}}, -0.2818879797796754
INFO:root:  found pattern {'cost': 117.05375768859858, 'length': 67, 'task_mapping': {'task-1': 1, 'task-5': 0, 'task-7': 1, 'task-9': 0}}, -0.2818879797796754
INFO:root:  found pattern {'cost': 66.24489041663477, 'length': 64, 'task_mapping': {'task-0': 0, 'task-9': 0}}, -0.28188797977971447
INFO:root:Relaxation 0.8819070086278472 is worse than best obj 0.6542404131776736
INFO:root:subproblem objective was non-negative; ending the iteration.
INFO:root:master model solution (0.881907) is pruned by best-so-far solution (0.654240).
INFO:root:branching
supports={'task-8': 0, 'task-0': 1}, non supports=['task-4', 'task-3', 'task-1', 'task-9']
INFO:root:PATTERNS 23
INFO:root:    {'cost': 109.87770873322754, 'length': 67, 'task_mapping': {'task-1': 1, 'task-5': 0, 'task-7': 1}}
INFO:root:    {'cost': 38.40792873890774, 'length': 26, 'task_mapping': {'task-2': 1, 'task-4': 0}}
INFO:root:    {'cost': 1.0692836711161946, 'length': 1, 'task_mapping': {'task-8': 0}}
INFO:root:    {'cost': 130.11892716125945, 'length': 67, 'task_mapping': {'task-2': 1, 'task-3': 0, 'task-5': 0}}
INFO:root:    {'cost': 99.15478762653345, 'length': 67, 'task_mapping': {'task-4': 1, 'task-5': 0, 'task-9': 0}}
INFO:root:    {'cost': 65.0276243766408, 'length': 67, 'task_mapping': {'task-5': 0, 'task-6': 1}}
INFO:root:    {'cost': 30.585615066705333, 'length': 89, 'task_mapping': {'task-7': 0, 'task-9': 0}}
INFO:root:    {'cost': 59.11581448040007, 'length': 26, 'task_mapping': {'task-1': 1, 'task-2': 1, 'task-3': 0, 'task-4': 0}}
INFO:root:    {'cost': 67.5096520505475, 'length': 67, 'task_mapping': {'task-5': 0, 'task-9': 0}}
INFO:root:    {'cost': 83.17939324695145, 'length': 89, 'task_mapping': {'task-5': 0, 'task-7': 0}}
INFO:root:    {'cost': 18.354793334078117, 'length': 16, 'task_mapping': {'task-0': 1, 'task-6': 1}}
INFO:root:    {'cost': 117.33763181430942, 'length': 67, 'task_mapping': {'task-1': 1, 'task-4': 0, 'task-5': 0, 'task-6': 1, 'task-7': 1}}
INFO:root:    {'cost': 230.4533464379724, 'length': 86, 'task_mapping': {'task-1': 0, 'task-2': 0, 'task-4': 1, 'task-6': 1, 'task-7': 1}}
INFO:root:    {'cost': 116.91829771408906, 'length': 96, 'task_mapping': {'task-5': 1, 'task-9': 0}}
INFO:root:    {'cost': 61.043933962246875, 'length': 26, 'task_mapping': {'task-1': 1, 'task-2': 1, 'task-3': 0, 'task-6': 1}}
INFO:root:    {'cost': 180.11908289675566, 'length': 86, 'task_mapping': {'task-2': 0, 'task-4': 0, 'task-6': 1, 'task-7': 1}}
INFO:root:    {'cost': 40.33604822075455, 'length': 26, 'task_mapping': {'task-2': 1, 'task-6': 1}}
INFO:root:    {'cost': 222.86598462402236, 'length': 96, 'task_mapping': {'task-1': 0, 'task-4': 0, 'task-5': 1, 'task-7': 1, 'task-9': 1}}
INFO:root:    {'cost': 5.886518184072235, 'length': 11, 'task_mapping': {'task-6': 1}}
INFO:root:    {'cost': 226.72629727523935, 'length': 96, 'task_mapping': {'task-1': 1, 'task-3': 0, 'task-5': 1, 'task-7': 0, 'task-9': 1}}
INFO:root:    {'cost': 13.660772052613764, 'length': 16, 'task_mapping': {'task-0': 1}}
INFO:root:    {'cost': 118.57555435711606, 'length': 67, 'task_mapping': {'task-1': 1, 'task-3': 0, 'task-5': 0, 'task-7': 1}}
INFO:root:    {'cost': 148.39739673707012, 'length': 82, 'task_mapping': {'task-2': 1, 'task-4': 0, 'task-6': 0, 'task-9': 1}}
INFO:root:  found pattern {'cost': 48.03115210259326, 'length': 26, 'task_mapping': {'task-1': 1, 'task-2': 1}}, -8.318760578189448
INFO:root:  found pattern {'cost': 117.05375768859858, 'length': 67, 'task_mapping': {'task-1': 1, 'task-5': 0, 'task-7': 1, 'task-9': 0}}, -0.2818879797797962
INFO:root:Relaxation 0.6962025583032779 is worse than best obj 0.6542404131776736
INFO:root:subproblem objective was non-negative; ending the iteration.
INFO:root:master model solution (0.696203) is pruned by best-so-far solution (0.654240).
INFO:root:branching
supports={'task-8': 0}, non supports=['task-4', 'task-3', 'task-1', 'task-9', 'task-0']
INFO:root:PATTERNS 29
INFO:root:    {'cost': 109.87770873322754, 'length': 67, 'task_mapping': {'task-1': 1, 'task-5': 0, 'task-7': 1}}
INFO:root:    {'cost': 38.40792873890774, 'length': 26, 'task_mapping': {'task-2': 1, 'task-4': 0}}
INFO:root:    {'cost': 1.0692836711161946, 'length': 1, 'task_mapping': {'task-8': 0}}
INFO:root:    {'cost': 130.11892716125945, 'length': 67, 'task_mapping': {'task-2': 1, 'task-3': 0, 'task-5': 0}}
INFO:root:    {'cost': 99.15478762653345, 'length': 67, 'task_mapping': {'task-4': 1, 'task-5': 0, 'task-9': 0}}
INFO:root:    {'cost': 65.0276243766408, 'length': 67, 'task_mapping': {'task-5': 0, 'task-6': 1}}
INFO:root:    {'cost': 50.12765892759442, 'length': 26, 'task_mapping': {'task-0': 1, 'task-2': 1, 'task-3': 0, 'task-4': 0}}
INFO:root:    {'cost': 30.585615066705333, 'length': 89, 'task_mapping': {'task-7': 0, 'task-9': 0}}
INFO:root:    {'cost': 121.97652396761346, 'length': 67, 'task_mapping': {'task-0': 1, 'task-1': 1, 'task-3': 0, 'task-5': 0, 'task-7': 1}}
INFO:root:    {'cost': 59.11581448040007, 'length': 26, 'task_mapping': {'task-1': 1, 'task-2': 1, 'task-3': 0, 'task-4': 0}}
INFO:root:    {'cost': 67.5096520505475, 'length': 67, 'task_mapping': {'task-5': 0, 'task-9': 0}}
INFO:root:    {'cost': 69.92702424910613, 'length': 49, 'task_mapping': {'task-0': 1, 'task-1': 1, 'task-3': 0, 'task-4': 0, 'task-6': 1, 'task-7': 1}}
INFO:root:    {'cost': 83.17939324695145, 'length': 89, 'task_mapping': {'task-5': 0, 'task-7': 0}}
INFO:root:    {'cost': 67.21080537236182, 'length': 26, 'task_mapping': {'task-0': 1, 'task-1': 1, 'task-2': 1, 'task-3': 0, 'task-4': 0, 'task-6': 1}}
INFO:root:    {'cost': 117.33763181430942, 'length': 67, 'task_mapping': {'task-1': 1, 'task-4': 0, 'task-5': 0, 'task-6': 1, 'task-7': 1}}
INFO:root:    {'cost': 230.4533464379724, 'length': 86, 'task_mapping': {'task-1': 0, 'task-2': 0, 'task-4': 1, 'task-6': 1, 'task-7': 1}}
INFO:root:    {'cost': 116.91829771408906, 'length': 96, 'task_mapping': {'task-5': 1, 'task-9': 0}}
INFO:root:    {'cost': 51.432121713090666, 'length': 26, 'task_mapping': {'task-0': 1, 'task-1': 1, 'task-2': 1}}
INFO:root:    {'cost': 61.043933962246875, 'length': 26, 'task_mapping': {'task-1': 1, 'task-2': 1, 'task-3': 0, 'task-6': 1}}
INFO:root:    {'cost': 120.45472729909596, 'length': 67, 'task_mapping': {'task-0': 1, 'task-1': 1, 'task-5': 0, 'task-7': 1, 'task-9': 0}}
INFO:root:    {'cost': 59.75088229127993, 'length': 26, 'task_mapping': {'task-0': 1, 'task-1': 1, 'task-2': 1, 'task-3': 0}}
INFO:root:    {'cost': 180.11908289675566, 'length': 86, 'task_mapping': {'task-2': 0, 'task-4': 0, 'task-6': 1, 'task-7': 1}}
INFO:root:    {'cost': 40.33604822075455, 'length': 26, 'task_mapping': {'task-2': 1, 'task-6': 1}}
INFO:root:    {'cost': 222.86598462402236, 'length': 96, 'task_mapping': {'task-1': 0, 'task-4': 0, 'task-5': 1, 'task-7': 1, 'task-9': 1}}
INFO:root:    {'cost': 5.886518184072235, 'length': 11, 'task_mapping': {'task-6': 1}}
INFO:root:    {'cost': 226.72629727523935, 'length': 96, 'task_mapping': {'task-1': 1, 'task-3': 0, 'task-5': 1, 'task-7': 0, 'task-9': 1}}
INFO:root:    {'cost': 39.0429965497876, 'length': 26, 'task_mapping': {'task-0': 1, 'task-2': 1}}
INFO:root:    {'cost': 138.97736576345227, 'length': 67, 'task_mapping': {'task-1': 1, 'task-3': 0, 'task-4': 1, 'task-5': 0}}
INFO:root:    {'cost': 159.41644737900464, 'length': 89, 'task_mapping': {'task-6': 0, 'task-7': 0, 'task-9': 1}}
INFO:root:  found pattern {'cost': 62.516784090897474, 'length': 26, 'task_mapping': {'task-0': 1, 'task-1': 1, 'task-2': 1, 'task-3': 0, 'task-4': 0}}, -4.694021281464369
INFO:root:subproblem objective was non-negative; ending the iteration.
INFO:root:master model solution is not integer
WARNING:root:Master model reconstruction 0.655141 vs MM relaxation 0.653981
INFO:root:branching
supports={'task-8': 0, 'task-5': 1}, non supports=['task-4', 'task-3', 'task-1', 'task-9', 'task-0']
INFO:root:PATTERNS 22
INFO:root:    {'cost': 38.40792873890774, 'length': 26, 'task_mapping': {'task-2': 1, 'task-4': 0}}
INFO:root:    {'cost': 1.0692836711161946, 'length': 1, 'task_mapping': {'task-8': 0}}
INFO:root:    {'cost': 50.12765892759442, 'length': 26, 'task_mapping': {'task-0': 1, 'task-2': 1, 'task-3': 0, 'task-4': 0}}
INFO:root:    {'cost': 30.585615066705333, 'length': 89, 'task_mapping': {'task-7': 0, 'task-9': 0}}
INFO:root:    {'cost': 59.11581448040007, 'length': 26, 'task_mapping': {'task-1': 1, 'task-2': 1, 'task-3': 0, 'task-4': 0}}
INFO:root:    {'cost': 69.92702424910613, 'length': 49, 'task_mapping': {'task-0': 1, 'task-1': 1, 'task-3': 0, 'task-4': 0, 'task-6': 1, 'task-7': 1}}
INFO:root:    {'cost': 67.21080537236182, 'length': 26, 'task_mapping': {'task-0': 1, 'task-1': 1, 'task-2': 1, 'task-3': 0, 'task-4': 0, 'task-6': 1}}
INFO:root:    {'cost': 230.4533464379724, 'length': 86, 'task_mapping': {'task-1': 0, 'task-2': 0, 'task-4': 1, 'task-6': 1, 'task-7': 1}}
INFO:root:    {'cost': 116.91829771408906, 'length': 96, 'task_mapping': {'task-5': 1, 'task-9': 0}}
INFO:root:    {'cost': 51.432121713090666, 'length': 26, 'task_mapping': {'task-0': 1, 'task-1': 1, 'task-2': 1}}
INFO:root:    {'cost': 61.043933962246875, 'length': 26, 'task_mapping': {'task-1': 1, 'task-2': 1, 'task-3': 0, 'task-6': 1}}
INFO:root:    {'cost': 59.75088229127993, 'length': 26, 'task_mapping': {'task-0': 1, 'task-1': 1, 'task-2': 1, 'task-3': 0}}
INFO:root:    {'cost': 180.11908289675566, 'length': 86, 'task_mapping': {'task-2': 0, 'task-4': 0, 'task-6': 1, 'task-7': 1}}
INFO:root:    {'cost': 40.33604822075455, 'length': 26, 'task_mapping': {'task-2': 1, 'task-6': 1}}
INFO:root:    {'cost': 222.86598462402236, 'length': 96, 'task_mapping': {'task-1': 0, 'task-4': 0, 'task-5': 1, 'task-7': 1, 'task-9': 1}}
INFO:root:    {'cost': 5.886518184072235, 'length': 11, 'task_mapping': {'task-6': 1}}
INFO:root:    {'cost': 226.72629727523935, 'length': 96, 'task_mapping': {'task-1': 1, 'task-3': 0, 'task-5': 1, 'task-7': 0, 'task-9': 1}}
INFO:root:    {'cost': 39.0429965497876, 'length': 26, 'task_mapping': {'task-0': 1, 'task-2': 1}}
INFO:root:    {'cost': 159.41644737900464, 'length': 89, 'task_mapping': {'task-6': 0, 'task-7': 0, 'task-9': 1}}
INFO:root:    {'cost': 62.516784090897474, 'length': 26, 'task_mapping': {'task-0': 1, 'task-1': 1, 'task-2': 1, 'task-3': 0, 'task-4': 0}}
INFO:root:    {'cost': 201.3797318001992, 'length': 86, 'task_mapping': {'task-2': 0, 'task-3': 0, 'task-4': 1}}
INFO:root:    {'cost': 224.5962421793139, 'length': 96, 'task_mapping': {'task-0': 0, 'task-1': 1, 'task-5': 1, 'task-6': 1, 'task-7': 1, 'task-9': 0}}
INFO:root:  found pattern {'cost': 128.35893140255834, 'length': 96, 'task_mapping': {'task-5': 1, 'task-7': 0}}, -19.144981378236096
INFO:root:  found pattern {'cost': 135.53498035792938, 'length': 96, 'task_mapping': {'task-5': 1, 'task-7': 0, 'task-9': 0}}, -2.396441733747011
INFO:root:  found pattern {'cost': 50.470129677258996, 'length': 49, 'task_mapping': {'task-1': 1, 'task-7': 1}}, -0.27724130207873543
INFO:root:  found pattern {'cost': 53.8710992877564, 'length': 49, 'task_mapping': {'task-0': 1, 'task-1': 1, 'task-7': 1}}, -0.2772413020787212
INFO:root:Relaxation 0.8387451415695779 is worse than best obj 0.6542404131776736
INFO:root:subproblem objective was non-negative; ending the iteration.
INFO:root:master model solution (0.838745) is pruned by best-so-far solution (0.654240).
INFO:root:branching
supports={'task-8': 0, 'task-5': 0}, non supports=['task-4', 'task-3', 'task-1', 'task-9', 'task-0']
INFO:root:PATTERNS 28
INFO:root:    {'cost': 109.87770873322754, 'length': 67, 'task_mapping': {'task-1': 1, 'task-5': 0, 'task-7': 1}}
INFO:root:    {'cost': 38.40792873890774, 'length': 26, 'task_mapping': {'task-2': 1, 'task-4': 0}}
INFO:root:    {'cost': 1.0692836711161946, 'length': 1, 'task_mapping': {'task-8': 0}}
INFO:root:    {'cost': 130.11892716125945, 'length': 67, 'task_mapping': {'task-2': 1, 'task-3': 0, 'task-5': 0}}
INFO:root:    {'cost': 99.15478762653345, 'length': 67, 'task_mapping': {'task-4': 1, 'task-5': 0, 'task-9': 0}}
INFO:root:    {'cost': 65.0276243766408, 'length': 67, 'task_mapping': {'task-5': 0, 'task-6': 1}}
INFO:root:    {'cost': 50.12765892759442, 'length': 26, 'task_mapping': {'task-0': 1, 'task-2': 1, 'task-3': 0, 'task-4': 0}}
INFO:root:    {'cost': 30.585615066705333, 'length': 89, 'task_mapping': {'task-7': 0, 'task-9': 0}}
INFO:root:    {'cost': 121.97652396761346, 'length': 67, 'task_mapping': {'task-0': 1, 'task-1': 1, 'task-3': 0, 'task-5': 0, 'task-7': 1}}
INFO:root:    {'cost': 59.11581448040007, 'length': 26, 'task_mapping': {'task-1': 1, 'task-2': 1, 'task-3': 0, 'task-4': 0}}
INFO:root:    {'cost': 67.5096520505475, 'length': 67, 'task_mapping': {'task-5': 0, 'task-9': 0}}
INFO:root:    {'cost': 69.92702424910613, 'length': 49, 'task_mapping': {'task-0': 1, 'task-1': 1, 'task-3': 0, 'task-4': 0, 'task-6': 1, 'task-7': 1}}
INFO:root:    {'cost': 67.21080537236182, 'length': 26, 'task_mapping': {'task-0': 1, 'task-1': 1, 'task-2': 1, 'task-3': 0, 'task-4': 0, 'task-6': 1}}
INFO:root:    {'cost': 117.33763181430942, 'length': 67, 'task_mapping': {'task-1': 1, 'task-4': 0, 'task-5': 0, 'task-6': 1, 'task-7': 1}}
INFO:root:    {'cost': 230.4533464379724, 'length': 86, 'task_mapping': {'task-1': 0, 'task-2': 0, 'task-4': 1, 'task-6': 1, 'task-7': 1}}
INFO:root:    {'cost': 51.432121713090666, 'length': 26, 'task_mapping': {'task-0': 1, 'task-1': 1, 'task-2': 1}}
INFO:root:    {'cost': 61.043933962246875, 'length': 26, 'task_mapping': {'task-1': 1, 'task-2': 1, 'task-3': 0, 'task-6': 1}}
INFO:root:    {'cost': 120.45472729909596, 'length': 67, 'task_mapping': {'task-0': 1, 'task-1': 1, 'task-5': 0, 'task-7': 1, 'task-9': 0}}
INFO:root:    {'cost': 59.75088229127993, 'length': 26, 'task_mapping': {'task-0': 1, 'task-1': 1, 'task-2': 1, 'task-3': 0}}
INFO:root:    {'cost': 180.11908289675566, 'length': 86, 'task_mapping': {'task-2': 0, 'task-4': 0, 'task-6': 1, 'task-7': 1}}
INFO:root:    {'cost': 40.33604822075455, 'length': 26, 'task_mapping': {'task-2': 1, 'task-6': 1}}
INFO:root:    {'cost': 5.886518184072235, 'length': 11, 'task_mapping': {'task-6': 1}}
INFO:root:    {'cost': 39.0429965497876, 'length': 26, 'task_mapping': {'task-0': 1, 'task-2': 1}}
INFO:root:    {'cost': 138.97736576345227, 'length': 67, 'task_mapping': {'task-1': 1, 'task-3': 0, 'task-4': 1, 'task-5': 0}}
INFO:root:    {'cost': 159.41644737900464, 'length': 89, 'task_mapping': {'task-6': 0, 'task-7': 0, 'task-9': 1}}
INFO:root:    {'cost': 62.516784090897474, 'length': 26, 'task_mapping': {'task-0': 1, 'task-1': 1, 'task-2': 1, 'task-3': 0, 'task-4': 0}}
INFO:root:    {'cost': 166.2597708439038, 'length': 67, 'task_mapping': {'task-0': 0, 'task-1': 1, 'task-5': 0, 'task-6': 1, 'task-7': 1}}
INFO:root:    {'cost': 219.1699003262102, 'length': 86, 'task_mapping': {'task-2': 0, 'task-3': 0, 'task-4': 1, 'task-9': 1}}
INFO:root:  found pattern {'cost': 103.65545498003942, 'length': 67, 'task_mapping': {'task-0': 1, 'task-4': 0, 'task-5': 0, 'task-7': 1}}, -9.008957517229582
INFO:root:  found pattern {'cost': 23.409566111334282, 'length': 89, 'task_mapping': {'task-7': 0}}, -4.694021281464355
INFO:root:Relaxation 0.6551411819150609 is worse than best obj 0.6542404131776736
INFO:root:subproblem objective was non-negative; ending the iteration.
INFO:root:master model solution (0.655141) is pruned by best-so-far solution (0.654240).
INFO:root:branching
supports={'task-8': 0}, non supports=['task-4', 'task-3', 'task-1', 'task-9', 'task-0', 'task-5']
INFO:root:PATTERNS 20
INFO:root:    {'cost': 38.40792873890774, 'length': 26, 'task_mapping': {'task-2': 1, 'task-4': 0}}
INFO:root:    {'cost': 1.0692836711161946, 'length': 1, 'task_mapping': {'task-8': 0}}
INFO:root:    {'cost': 50.12765892759442, 'length': 26, 'task_mapping': {'task-0': 1, 'task-2': 1, 'task-3': 0, 'task-4': 0}}
INFO:root:    {'cost': 30.585615066705333, 'length': 89, 'task_mapping': {'task-7': 0, 'task-9': 0}}
INFO:root:    {'cost': 59.11581448040007, 'length': 26, 'task_mapping': {'task-1': 1, 'task-2': 1, 'task-3': 0, 'task-4': 0}}
INFO:root:    {'cost': 69.92702424910613, 'length': 49, 'task_mapping': {'task-0': 1, 'task-1': 1, 'task-3': 0, 'task-4': 0, 'task-6': 1, 'task-7': 1}}
INFO:root:    {'cost': 83.17939324695145, 'length': 89, 'task_mapping': {'task-5': 0, 'task-7': 0}}
INFO:root:    {'cost': 67.21080537236182, 'length': 26, 'task_mapping': {'task-0': 1, 'task-1': 1, 'task-2': 1, 'task-3': 0, 'task-4': 0, 'task-6': 1}}
INFO:root:    {'cost': 230.4533464379724, 'length': 86, 'task_mapping': {'task-1': 0, 'task-2': 0, 'task-4': 1, 'task-6': 1, 'task-7': 1}}
INFO:root:    {'cost': 51.432121713090666, 'length': 26, 'task_mapping': {'task-0': 1, 'task-1': 1, 'task-2': 1}}
INFO:root:    {'cost': 61.043933962246875, 'length': 26, 'task_mapping': {'task-1': 1, 'task-2': 1, 'task-3': 0, 'task-6': 1}}
INFO:root:    {'cost': 59.75088229127993, 'length': 26, 'task_mapping': {'task-0': 1, 'task-1': 1, 'task-2': 1, 'task-3': 0}}
INFO:root:    {'cost': 180.11908289675566, 'length': 86, 'task_mapping': {'task-2': 0, 'task-4': 0, 'task-6': 1, 'task-7': 1}}
INFO:root:    {'cost': 40.33604822075455, 'length': 26, 'task_mapping': {'task-2': 1, 'task-6': 1}}
INFO:root:    {'cost': 5.886518184072235, 'length': 11, 'task_mapping': {'task-6': 1}}
INFO:root:    {'cost': 39.0429965497876, 'length': 26, 'task_mapping': {'task-0': 1, 'task-2': 1}}
INFO:root:    {'cost': 159.41644737900464, 'length': 89, 'task_mapping': {'task-6': 0, 'task-7': 0, 'task-9': 1}}
INFO:root:    {'cost': 62.516784090897474, 'length': 26, 'task_mapping': {'task-0': 1, 'task-1': 1, 'task-2': 1, 'task-3': 0, 'task-4': 0}}
INFO:root:    {'cost': 274.0952829337423, 'length': 86, 'task_mapping': {'task-0': 1, 'task-1': 1, 'task-2': 0, 'task-4': 1, 'task-5': 0, 'task-9': 1}}
INFO:root:    {'cost': 86.54257213883443, 'length': 89, 'task_mapping': {'task-3': 0, 'task-7': 0}}
INFO:root:Relaxation 0.7491567792474684 is worse than best obj 0.6542404131776736
INFO:root:subproblem objective was non-negative; ending the iteration.
INFO:root:master model solution (0.749157) is pruned by best-so-far solution (0.654240).
INFO:root:branching
supports={}, non supports=['task-8']
INFO:root:PATTERNS 30
INFO:root:    {'cost': 109.87770873322754, 'length': 67, 'task_mapping': {'task-1': 1, 'task-5': 0, 'task-7': 1}}
INFO:root:    {'cost': 38.40792873890774, 'length': 26, 'task_mapping': {'task-2': 1, 'task-4': 0}}
INFO:root:    {'cost': 58.41643754545301, 'length': 52, 'task_mapping': {'task-0': 1, 'task-3': 0, 'task-6': 1, 'task-9': 0}}
INFO:root:    {'cost': 130.11892716125945, 'length': 67, 'task_mapping': {'task-2': 1, 'task-3': 0, 'task-5': 0}}
INFO:root:    {'cost': 99.15478762653345, 'length': 67, 'task_mapping': {'task-4': 1, 'task-5': 0, 'task-9': 0}}
INFO:root:    {'cost': 39.54762005800107, 'length': 24, 'task_mapping': {'task-1': 1, 'task-3': 0, 'task-4': 0}}
INFO:root:    {'cost': 65.0276243766408, 'length': 67, 'task_mapping': {'task-5': 0, 'task-6': 1}}
INFO:root:    {'cost': 131.0425806423184, 'length': 67, 'task_mapping': {'task-0': 1, 'task-2': 1, 'task-5': 0, 'task-7': 1, 'task-8': 0}}
INFO:root:    {'cost': 58.11020126824758, 'length': 52, 'task_mapping': {'task-0': 1, 'task-4': 0, 'task-6': 1, 'task-7': 1, 'task-9': 0}}
INFO:root:    {'cost': 93.61085725121825, 'length': 52, 'task_mapping': {'task-1': 1, 'task-2': 1, 'task-3': 0, 'task-7': 1, 'task-9': 0}}
INFO:root:    {'cost': 54.49863020074404, 'length': 26, 'task_mapping': {'task-0': 1, 'task-1': 1, 'task-2': 1, 'task-4': 0, 'task-8': 0}}
INFO:root:    {'cost': 50.12765892759442, 'length': 26, 'task_mapping': {'task-0': 1, 'task-2': 1, 'task-3': 0, 'task-4': 0}}
INFO:root:    {'cost': 71.65237918800669, 'length': 52, 'task_mapping': {'task-0': 1, 'task-1': 1, 'task-3': 0, 'task-7': 1, 'task-9': 0}}
INFO:root:    {'cost': 30.585615066705333, 'length': 89, 'task_mapping': {'task-7': 0, 'task-9': 0}}
INFO:root:    {'cost': 88.59742958984549, 'length': 49, 'task_mapping': {'task-1': 1, 'task-2': 1, 'task-3': 0, 'task-6': 1, 'task-7': 1, 'task-8': 0}}
INFO:root:    {'cost': 121.97652396761346, 'length': 67, 'task_mapping': {'task-0': 1, 'task-1': 1, 'task-3': 0, 'task-5': 0, 'task-7': 1}}
INFO:root:    {'cost': 60.05148897931575, 'length': 26, 'task_mapping': {'task-0': 1, 'task-1': 1, 'task-2': 1, 'task-3': 0, 'task-8': 0}}
INFO:root:    {'cost': 59.11581448040007, 'length': 26, 'task_mapping': {'task-1': 1, 'task-2': 1, 'task-3': 0, 'task-4': 0}}
INFO:root:    {'cost': 67.5096520505475, 'length': 67, 'task_mapping': {'task-5': 0, 'task-9': 0}}
INFO:root:    {'cost': 69.92702424910613, 'length': 49, 'task_mapping': {'task-0': 1, 'task-1': 1, 'task-3': 0, 'task-4': 0, 'task-6': 1, 'task-7': 1}}
INFO:root:    {'cost': 83.17939324695145, 'length': 89, 'task_mapping': {'task-5': 0, 'task-7': 0}}
INFO:root:    {'cost': 67.21080537236182, 'length': 26, 'task_mapping': {'task-0': 1, 'task-1': 1, 'task-2': 1, 'task-3': 0, 'task-4': 0, 'task-6': 1}}
INFO:root:    {'cost': 18.354793334078117, 'length': 16, 'task_mapping': {'task-0': 1, 'task-6': 1}}
INFO:root:    {'cost': 117.33763181430942, 'length': 67, 'task_mapping': {'task-1': 1, 'task-4': 0, 'task-5': 0, 'task-6': 1, 'task-7': 1}}
INFO:root:    {'cost': 55.791681871710985, 'length': 26, 'task_mapping': {'task-1': 1, 'task-2': 1, 'task-4': 0, 'task-6': 1, 'task-8': 0}}
INFO:root:    {'cost': 13.660772052613764, 'length': 16, 'task_mapping': {'task-0': 1}}
INFO:root:    {'cost': 35.6420269392902, 'length': 26, 'task_mapping': {'task-2': 1}}
INFO:root:    {'cost': 38.08100451395593, 'length': 49, 'task_mapping': {'task-7': 1}}
INFO:root:    {'cost': 106.13513666149805, 'length': 69, 'task_mapping': {'task-1': 1, 'task-3': 0, 'task-4': 0, 'task-9': 1}}
INFO:root:    {'cost': 163.93374543298756, 'length': 82, 'task_mapping': {'task-5': 0, 'task-6': 0, 'task-8': 1}}
INFO:root:  found pattern {'cost': 57.75129484200315, 'length': 49, 'task_mapping': {'task-3': 0, 'task-4': 0, 'task-6': 1, 'task-7': 1, 'task-8': 1}}, -36.11760290424736
INFO:root:  found pattern {'cost': 68.84736833433927, 'length': 49, 'task_mapping': {'task-0': 1, 'task-1': 1, 'task-3': 0, 'task-4': 0, 'task-7': 1, 'task-8': 1}}, -2.6797581225324123
INFO:root:  found pattern {'cost': 52.356385097477045, 'length': 26, 'task_mapping': {'task-0': 1, 'task-2': 1, 'task-3': 0, 'task-6': 1, 'task-8': 0}}, -0.2818879797796612
INFO:root:  found pattern {'cost': 61.344540650282696, 'length': 26, 'task_mapping': {'task-1': 1, 'task-2': 1, 'task-3': 0, 'task-6': 1, 'task-8': 0}}, -0.2818879797796612
INFO:root:  found pattern {'cost': 64.7455102607801, 'length': 26, 'task_mapping': {'task-0': 1, 'task-1': 1, 'task-2': 1, 'task-3': 0, 'task-6': 1, 'task-8': 0}}, -0.2818879797796576
INFO:root:  found pattern {'cost': 46.80352631890533, 'length': 26, 'task_mapping': {'task-0': 1, 'task-2': 1, 'task-4': 0, 'task-6': 1, 'task-8': 0}}, -0.2818879797796612
INFO:root:Relaxation 0.6762559027306461 is worse than best obj 0.6542404131776736
INFO:root:subproblem objective was non-negative; ending the iteration.
INFO:root:master model solution (0.676256) is pruned by best-so-far solution (0.654240).
INFO:root:search ended
INFO:root:solution quality 0.654240
