INFO:root:No path to initial data was provided.
INFO:root:timelimit was set to 600.000000
INFO:root:branching was set to: ON_TASKS
INFO:root:no init data provided, trying the RecoveryModel
INFO:root:initial objective 1.285287
INFO:root:INIT OBJ 1.2852870918288721
INFO:root:branching
fixed_task_mapping={}
INFO:root:PATTERNS 3
INFO:root:    {'cost': 66.03354655818171, 'length': 59, 'task_mapping': {'task-2': 1, 'task-4': 1, 'task-8': 1, 'task-9': 0}}
INFO:root:    {'cost': 102.68066918951887, 'length': 68, 'task_mapping': {'task-5': 1, 'task-6': 1, 'task-7': 0}}
INFO:root:    {'cost': 36.93171894491898, 'length': 24, 'task_mapping': {'task-0': 1, 'task-1': 0, 'task-3': 1}}
INFO:root:  found pattern {'cost': 47.92775492499838, 'length': 68, 'task_mapping': {'task-1': 0, 'task-5': 1, 'task-8': 1}}, -157.71817976762117
INFO:root:  found pattern {'cost': 102.25688729864689, 'length': 69, 'task_mapping': {'task-0': 1, 'task-4': 1, 'task-5': 1, 'task-6': 0}}, -103.38904739397267
INFO:root:  found pattern {'cost': 68.33452717046724, 'length': 69, 'task_mapping': {'task-2': 1, 'task-3': 1, 'task-5': 1, 'task-6': 0}}, -136.88762563128034
INFO:root:  found pattern {'cost': 137.24739076106601, 'length': 69, 'task_mapping': {'task-1': 0, 'task-2': 1, 'task-4': 1, 'task-5': 1, 'task-6': 0, 'task-7': 0}}, -68.39854393155355
INFO:root:  found pattern {'cost': 103.98073199453734, 'length': 68, 'task_mapping': {'task-0': 1, 'task-2': 0, 'task-4': 1, 'task-5': 1, 'task-7': 0, 'task-9': 0}}, -100.0464706467567
INFO:root:  found pattern {'cost': 49.197158437884674, 'length': 47, 'task_mapping': {'task-3': 1, 'task-7': 0, 'task-8': 1}}, -85.89805133780342
INFO:root:  found pattern {'cost': 132.49336568865058, 'length': 69, 'task_mapping': {'task-0': 1, 'task-4': 1, 'task-6': 0, 'task-7': 0, 'task-8': 1, 'task-9': 0}}, -54.0561477244644
INFO:root:  found pattern {'cost': 78.86441527119099, 'length': 47, 'task_mapping': {'task-1': 0, 'task-2': 1, 'task-3': 1, 'task-7': 0, 'task-8': 1, 'task-9': 0}}, -62.61577985425754
INFO:root:  found pattern {'cost': 110.63619375998138, 'length': 69, 'task_mapping': {'task-1': 0, 'task-3': 1, 'task-4': 1, 'task-5': 1, 'task-6': 0, 'task-9': 0}}, -52.59459791719075
INFO:root:  found pattern {'cost': 19.3944765702219, 'length': 12, 'task_mapping': {'task-0': 1, 'task-3': 1, 'task-8': 1}}, -19.695223956973553
INFO:root:  found pattern {'cost': 97.87822661576195, 'length': 69, 'task_mapping': {'task-1': 0, 'task-5': 1, 'task-6': 0, 'task-7': 0}}, -23.96300513944125
INFO:root:  found pattern {'cost': 45.22922812817057, 'length': 25, 'task_mapping': {'task-0': 1, 'task-1': 0, 'task-2': 1, 'task-9': 0}}, -23.41852251256173
INFO:root:  found pattern {'cost': 126.35030130679729, 'length': 69, 'task_mapping': {'task-2': 1, 'task-4': 1, 'task-5': 1, 'task-6': 0, 'task-7': 0, 'task-9': 0}}, -12.675310759204585
INFO:root:  found pattern {'cost': 103.93099068589306, 'length': 59, 'task_mapping': {'task-0': 1, 'task-1': 0, 'task-4': 1, 'task-7': 0, 'task-8': 1, 'task-9': 0}}, -17.811788357791308
INFO:root:  found pattern {'cost': 32.334754844634816, 'length': 24, 'task_mapping': {'task-1': 0, 'task-2': 1, 'task-8': 1}}, -11.464060692808971
INFO:root:  found pattern {'cost': 101.15160940166335, 'length': 68, 'task_mapping': {'task-1': 0, 'task-3': 1, 'task-4': 1, 'task-5': 1, 'task-7': 0, 'task-9': 0}}, -10.353236218161754
INFO:root:  found pattern {'cost': 37.35492399578976, 'length': 69, 'task_mapping': {'task-3': 1, 'task-6': 0}}, -10.3267036941977
INFO:root:  found pattern {'cost': 3.1131611981337204, 'length': 3, 'task_mapping': {'task-0': 1}}, -9.027259221144629
INFO:root:  found pattern {'cost': 126.82837556858752, 'length': 69, 'task_mapping': {'task-4': 1, 'task-5': 1, 'task-6': 0, 'task-7': 0, 'task-8': 1, 'task-9': 0}}, -13.854637419352557
INFO:root:  found pattern {'cost': 59.2868795072091, 'length': 68, 'task_mapping': {'task-2': 1, 'task-3': 1, 'task-5': 1, 'task-7': 0}}, -10.15042170100611
INFO:root:  found pattern {'cost': 17.288098858031674, 'length': 12, 'task_mapping': {'task-2': 1, 'task-3': 1, 'task-8': 1}}, -9.25460265661349
INFO:root:  found pattern {'cost': 110.9113741392448, 'length': 69, 'task_mapping': {'task-1': 0, 'task-2': 1, 'task-5': 1, 'task-6': 0, 'task-7': 0, 'task-8': 1}}, -2.6793546482135575
INFO:root:  found pattern {'cost': 25.170858827598163, 'length': 24, 'task_mapping': {'task-1': 0, 'task-3': 1, 'task-8': 1}}, -1.1222787484188084
INFO:root:  found pattern {'cost': 17.21493397094592, 'length': 24, 'task_mapping': {'task-1': 0}}, -1.2095743572859563
INFO:root:  found pattern {'cost': 106.22883206849399, 'length': 68, 'task_mapping': {'task-1': 0, 'task-2': 1, 'task-4': 1, 'task-5': 1, 'task-7': 0, 'task-9': 0}}, -0.7878621183167667
INFO:root:  found pattern {'cost': 1.2809567307432332, 'length': 12, 'task_mapping': {'task-3': 1}}, -0.6104082488552591
INFO:root:  found pattern {'cost': 115.71341642681202, 'length': 69, 'task_mapping': {'task-1': 0, 'task-2': 1, 'task-4': 1, 'task-5': 1, 'task-6': 0, 'task-9': 0}}, -1.1011504107476142
INFO:root:subproblem objective was non-negative; ending the iteration.
INFO:root:best objective was updated to: 0.966465
INFO:root:search ended
INFO:root:solution quality 0.966465
