{
    "assignmentCharacteristics": [
        {
            "command": "",
            "task": "task-0",
            "resourceAssignments": [
                {
                    "slope": 0.1281614834968341,
                    "intercept": 0.9296882028071727,
                    "length": 41,
                    "processors": [
                        {
                            "processingUnits": 1,
                            "processor": "A53"
                        }
                    ]
                },
                {
                    "slope": 0.656001585033805,
                    "intercept": 0.37404364524644707,
                    "length": 76,
                    "processors": [
                        {
                            "processingUnits": 1,
                            "processor": "A72"
                        }
                    ]
                }
            ]
        },
        {
            "command": "",
            "task": "task-1",
            "resourceAssignments": [
                {
                    "slope": 0.46068427137125867,
                    "intercept": 0.21029346859321985,
                    "length": 29,
                    "processors": [
                        {
                            "processingUnits": 1,
                            "processor": "A53"
                        }
                    ]
                },
                {
                    "slope": 0.8886057450390493,
                    "intercept": 0.45543330991007525,
                    "length": 88,
                    "processors": [
                        {
                            "processingUnits": 1,
                            "processor": "A72"
                        }
                    ]
                }
            ]
        },
        {
            "command": "",
            "task": "task-2",
            "resourceAssignments": [
                {
                    "slope": 0.14037226711010675,
                    "intercept": 0.9145282242623843,
                    "length": 71,
                    "processors": [
                        {
                            "processingUnits": 1,
                            "processor": "A53"
                        }
                    ]
                },
                {
                    "slope": 0.8594754281082233,
                    "intercept": 0.07206394350269685,
                    "length": 80,
                    "processors": [
                        {
                            "processingUnits": 1,
                            "processor": "A72"
                        }
                    ]
                }
            ]
        },
        {
            "command": "",
            "task": "task-3",
            "resourceAssignments": [
                {
                    "slope": 0.8798402821421872,
                    "intercept": 0.6724509777641675,
                    "length": 49,
                    "processors": [
                        {
                            "processingUnits": 1,
                            "processor": "A53"
                        }
                    ]
                },
                {
                    "slope": 0.42483777273049206,
                    "intercept": 0.17650277015736648,
                    "length": 63,
                    "processors": [
                        {
                            "processingUnits": 1,
                            "processor": "A72"
                        }
                    ]
                }
            ]
        },
        {
            "command": "",
            "task": "task-4",
            "resourceAssignments": [
                {
                    "slope": 0.040560191952338176,
                    "intercept": 0.3163941779689863,
                    "length": 38,
                    "processors": [
                        {
                            "processingUnits": 1,
                            "processor": "A53"
                        }
                    ]
                },
                {
                    "slope": 0.4013938036813691,
                    "intercept": 0.9081305410847367,
                    "length": 61,
                    "processors": [
                        {
                            "processingUnits": 1,
                            "processor": "A72"
                        }
                    ]
                }
            ]
        },
        {
            "command": "",
            "task": "task-5",
            "resourceAssignments": [
                {
                    "slope": 0.7410902858054322,
                    "intercept": 0.7794943754245315,
                    "length": 57,
                    "processors": [
                        {
                            "processingUnits": 1,
                            "processor": "A53"
                        }
                    ]
                },
                {
                    "slope": 0.38267881516789637,
                    "intercept": 0.9023460810748962,
                    "length": 96,
                    "processors": [
                        {
                            "processingUnits": 1,
                            "processor": "A72"
                        }
                    ]
                }
            ]
        },
        {
            "command": "",
            "task": "task-6",
            "resourceAssignments": [
                {
                    "slope": 0.3337637524505157,
                    "intercept": 0.23330745422135613,
                    "length": 39,
                    "processors": [
                        {
                            "processingUnits": 1,
                            "processor": "A53"
                        }
                    ]
                },
                {
                    "slope": 0.6398561885817275,
                    "intercept": 0.4961587947664139,
                    "length": 69,
                    "processors": [
                        {
                            "processingUnits": 1,
                            "processor": "A72"
                        }
                    ]
                }
            ]
        },
        {
            "command": "",
            "task": "task-7",
            "resourceAssignments": [
                {
                    "slope": 0.6793877732652415,
                    "intercept": 0.5894114016222427,
                    "length": 76,
                    "processors": [
                        {
                            "processingUnits": 1,
                            "processor": "A53"
                        }
                    ]
                },
                {
                    "slope": 0.35940994546272387,
                    "intercept": 0.06901077901762032,
                    "length": 46,
                    "processors": [
                        {
                            "processingUnits": 1,
                            "processor": "A72"
                        }
                    ]
                }
            ]
        },
        {
            "command": "",
            "task": "task-8",
            "resourceAssignments": [
                {
                    "slope": 0.973971114315413,
                    "intercept": 0.5769771035783404,
                    "length": 99,
                    "processors": [
                        {
                            "processingUnits": 1,
                            "processor": "A53"
                        }
                    ]
                },
                {
                    "slope": 0.2625210146585093,
                    "intercept": 0.7246273751136123,
                    "length": 97,
                    "processors": [
                        {
                            "processingUnits": 1,
                            "processor": "A72"
                        }
                    ]
                }
            ]
        },
        {
            "command": "",
            "task": "task-9",
            "resourceAssignments": [
                {
                    "slope": 0.610301281724184,
                    "intercept": 0.6169487843884013,
                    "length": 45,
                    "processors": [
                        {
                            "processingUnits": 1,
                            "processor": "A53"
                        }
                    ]
                },
                {
                    "slope": 0.7091799466478289,
                    "intercept": 0.9836271595348811,
                    "length": 58,
                    "processors": [
                        {
                            "processingUnits": 1,
                            "processor": "A72"
                        }
                    ]
                }
            ]
        }
    ],
    "environment": {
        "majorFrameLength": 458,
        "problemVersion": 1,
        "processors": [
            {
                "name": "A53",
                "processingUnits": 1,
                "type": "main_processor"
            },
            {
                "name": "A72",
                "processingUnits": 1,
                "type": "main_processor"
            }
        ],
        "scPart": 1.0
    },
    "solution": {
        "feasible": true,
        "solutionTime": 10,
        "solverMetadata": {
            "objective": "0.8900734987961283"
        },
        "solverName": "ILP-Global2",
        "windows": [
            {
                "length": 29,
                "tasks": [
                    {
                        "length": 29,
                        "processingUnit": 0,
                        "processor": "A53",
                        "start": 0,
                        "task": "task-1"
                    }
                ]
            },
            {
                "length": 41,
                "tasks": [
                    {
                        "length": 41,
                        "processingUnit": 0,
                        "processor": "A53",
                        "start": 0,
                        "task": "task-0"
                    }
                ]
            },
            {
                "length": 46,
                "tasks": [
                    {
                        "length": 38,
                        "processingUnit": 0,
                        "processor": "A53",
                        "start": 0,
                        "task": "task-4"
                    },
                    {
                        "length": 46,
                        "processingUnit": 0,
                        "processor": "A72",
                        "start": 0,
                        "task": "task-7"
                    }
                ]
            },
            {
                "length": 63,
                "tasks": [
                    {
                        "length": 63,
                        "processingUnit": 0,
                        "processor": "A72",
                        "start": 0,
                        "task": "task-3"
                    },
                    {
                        "length": 39,
                        "processingUnit": 0,
                        "processor": "A53",
                        "start": 0,
                        "task": "task-6"
                    }
                ]
            },
            {
                "length": 96,
                "tasks": [
                    {
                        "length": 71,
                        "processingUnit": 0,
                        "processor": "A53",
                        "start": 0,
                        "task": "task-2"
                    },
                    {
                        "length": 96,
                        "processingUnit": 0,
                        "processor": "A72",
                        "start": 0,
                        "task": "task-5"
                    }
                ]
            },
            {
                "length": 97,
                "tasks": [
                    {
                        "length": 97,
                        "processingUnit": 0,
                        "processor": "A72",
                        "start": 0,
                        "task": "task-8"
                    },
                    {
                        "length": 45,
                        "processingUnit": 0,
                        "processor": "A53",
                        "start": 0,
                        "task": "task-9"
                    }
                ]
            }
        ]
    },
    "tasks": [
        {
            "assignmentIndex": 0,
            "command": "",
            "length": 29,
            "name": "task-1",
            "processors": [
                {
                    "processor": "A53",
                    "processingUnits": 1
                }
            ]
        },
        {
            "assignmentIndex": 0,
            "command": "",
            "length": 41,
            "name": "task-0",
            "processors": [
                {
                    "processor": "A53",
                    "processingUnits": 1
                }
            ]
        },
        {
            "assignmentIndex": 0,
            "command": "",
            "length": 38,
            "name": "task-4",
            "processors": [
                {
                    "processor": "A53",
                    "processingUnits": 1
                }
            ]
        },
        {
            "assignmentIndex": 1,
            "command": "",
            "length": 46,
            "name": "task-7",
            "processors": [
                {
                    "processor": "A72",
                    "processingUnits": 1
                }
            ]
        },
        {
            "assignmentIndex": 1,
            "command": "",
            "length": 63,
            "name": "task-3",
            "processors": [
                {
                    "processor": "A72",
                    "processingUnits": 1
                }
            ]
        },
        {
            "assignmentIndex": 0,
            "command": "",
            "length": 39,
            "name": "task-6",
            "processors": [
                {
                    "processor": "A53",
                    "processingUnits": 1
                }
            ]
        },
        {
            "assignmentIndex": 0,
            "command": "",
            "length": 71,
            "name": "task-2",
            "processors": [
                {
                    "processor": "A53",
                    "processingUnits": 1
                }
            ]
        },
        {
            "assignmentIndex": 1,
            "command": "",
            "length": 96,
            "name": "task-5",
            "processors": [
                {
                    "processor": "A72",
                    "processingUnits": 1
                }
            ]
        },
        {
            "assignmentIndex": 1,
            "command": "",
            "length": 97,
            "name": "task-8",
            "processors": [
                {
                    "processor": "A72",
                    "processingUnits": 1
                }
            ]
        },
        {
            "assignmentIndex": 0,
            "command": "",
            "length": 45,
            "name": "task-9",
            "processors": [
                {
                    "processor": "A53",
                    "processingUnits": 1
                }
            ]
        }
    ]
}