INFO:root:No path to initial data was provided.
INFO:root:timelimit was set to 600.000000
INFO:root:branching was set to: ON_SUPPORTS
INFO:root:no init data provided, trying the RecoveryModel
INFO:root:initial objective 0.648335
INFO:root:INIT OBJ 0.6483346948120711
INFO:root:branching
supports={}, non supports=[]
INFO:root:PATTERNS 4
INFO:root:    {'cost': 113.85702495976349, 'length': 78, 'task_mapping': {'task-1': 0, 'task-3': 1, 'task-4': 0, 'task-6': 1, 'task-8': 1}}
INFO:root:    {'cost': 9.044143828192128, 'length': 16, 'task_mapping': {'task-9': 1}}
INFO:root:    {'cost': 53.17727490727084, 'length': 27, 'task_mapping': {'task-2': 0, 'task-5': 0, 'task-7': 1}}
INFO:root:    {'cost': 6.1036055469654915, 'length': 13, 'task_mapping': {'task-0': 1}}
INFO:root:  found pattern {'cost': 67.20038659506375, 'length': 69, 'task_mapping': {'task-0': 1, 'task-4': 0, 'task-7': 1, 'task-9': 1}}, -114.9816626471282
INFO:root:  found pattern {'cost': 122.47970241170195, 'length': 78, 'task_mapping': {'task-0': 1, 'task-1': 0, 'task-4': 0, 'task-5': 1, 'task-9': 1}}, -59.70234683049026
INFO:root:  found pattern {'cost': 95.0175418515115, 'length': 78, 'task_mapping': {'task-0': 1, 'task-1': 0, 'task-2': 1, 'task-4': 0, 'task-9': 1}}, -80.63943546746142
INFO:root:  found pattern {'cost': 65.08872709378664, 'length': 69, 'task_mapping': {'task-0': 1, 'task-4': 0, 'task-5': 0, 'task-6': 1, 'task-9': 1}}, -89.27616689195784
INFO:root:  found pattern {'cost': 43.761328832054716, 'length': 19, 'task_mapping': {'task-3': 1, 'task-5': 0, 'task-7': 1, 'task-9': 1}}, -52.4473223868179
INFO:root:  found pattern {'cost': 57.16119161619051, 'length': 51, 'task_mapping': {'task-0': 1, 'task-5': 0, 'task-7': 1, 'task-8': 0, 'task-9': 1}}, -45.15106514964757
INFO:root:  found pattern {'cost': 89.12155518646347, 'length': 78, 'task_mapping': {'task-1': 0, 'task-4': 0, 'task-6': 1, 'task-7': 1, 'task-9': 1}}, -61.200541368184446
INFO:root:  found pattern {'cost': 83.66057454204088, 'length': 51, 'task_mapping': {'task-2': 0, 'task-3': 1, 'task-6': 1, 'task-8': 0, 'task-9': 1}}, -37.091342488500345
INFO:root:  found pattern {'cost': 96.52643476075217, 'length': 78, 'task_mapping': {'task-1': 0, 'task-2': 1, 'task-5': 0, 'task-6': 1, 'task-9': 1}}, -44.66144381540161
INFO:root:  found pattern {'cost': 94.66847115065475, 'length': 78, 'task_mapping': {'task-0': 1, 'task-1': 0, 'task-2': 1, 'task-4': 0, 'task-6': 1}}, -14.556673786738273
INFO:root:  found pattern {'cost': 114.49042626432944, 'length': 69, 'task_mapping': {'task-2': 1, 'task-3': 1, 'task-4': 0, 'task-7': 1, 'task-8': 0}}, -32.9752932954941
INFO:root:  found pattern {'cost': 121.52279301169223, 'length': 78, 'task_mapping': {'task-1': 0, 'task-2': 1, 'task-3': 1, 'task-7': 1, 'task-8': 0}}, -36.79693441121377
INFO:root:  found pattern {'cost': 127.13007470295338, 'length': 78, 'task_mapping': {'task-1': 0, 'task-2': 1, 'task-3': 1, 'task-4': 0, 'task-8': 1}}, -17.43987518506401
INFO:root:  found pattern {'cost': 87.89251379252087, 'length': 69, 'task_mapping': {'task-3': 1, 'task-4': 0, 'task-6': 1, 'task-7': 1, 'task-8': 0}}, -13.324862728618669
INFO:root:  found pattern {'cost': 64.72165761661958, 'length': 51, 'task_mapping': {'task-3': 1, 'task-5': 0, 'task-6': 1, 'task-8': 0}}, -17.98983448743705
INFO:root:  found pattern {'cost': 99.12437879011728, 'length': 78, 'task_mapping': {'task-1': 0, 'task-2': 1, 'task-6': 1, 'task-8': 0, 'task-9': 1}}, -9.281469590279755
INFO:root:  found pattern {'cost': 21.558574703159557, 'length': 14, 'task_mapping': {'task-5': 0, 'task-7': 1}}, -8.298673703837228
INFO:root:  found pattern {'cost': 63.90436233454045, 'length': 69, 'task_mapping': {'task-4': 0, 'task-6': 1, 'task-8': 0, 'task-9': 1}}, -13.082324182723326
INFO:root:  found pattern {'cost': 60.76940727792683, 'length': 51, 'task_mapping': {'task-0': 1, 'task-3': 1, 'task-5': 0, 'task-8': 0, 'task-9': 1}}, -6.864220314017665
INFO:root:  found pattern {'cost': 92.82497029930568, 'length': 78, 'task_mapping': {'task-1': 0, 'task-2': 1, 'task-4': 0, 'task-6': 1, 'task-9': 1}}, -4.050020447446144
INFO:root:  found pattern {'cost': 60.6884952269981, 'length': 51, 'task_mapping': {'task-3': 1, 'task-7': 1, 'task-8': 0, 'task-9': 1}}, -3.0270864938829973
INFO:root:  found pattern {'cost': 111.95315838134454, 'length': 78, 'task_mapping': {'task-1': 0, 'task-2': 1, 'task-3': 1, 'task-6': 1, 'task-8': 0}}, -5.351703856898382
INFO:root:  found pattern {'cost': 113.95222441086938, 'length': 78, 'task_mapping': {'task-1': 0, 'task-2': 1, 'task-4': 0, 'task-6': 1, 'task-8': 1}}, -3.92260400051471
INFO:root:  found pattern {'cost': 25.340883491770857, 'length': 14, 'task_mapping': {'task-0': 1, 'task-5': 0, 'task-7': 1}}, -1.859795552570651
INFO:root:  found pattern {'cost': 105.65374989053294, 'length': 78, 'task_mapping': {'task-1': 0, 'task-2': 1, 'task-3': 1, 'task-4': 0, 'task-6': 1}}, -4.1015119987154804
INFO:root:  found pattern {'cost': 78.67194986302994, 'length': 69, 'task_mapping': {'task-3': 1, 'task-4': 0, 'task-6': 1, 'task-8': 0, 'task-9': 1}}, -1.2914034769985747
INFO:root:  found pattern {'cost': 53.31143214885624, 'length': 51, 'task_mapping': {'task-0': 1, 'task-3': 1, 'task-8': 0, 'task-9': 1}}, -0.8506829046871545
INFO:root:subproblem objective was non-negative; ending the iteration.
INFO:root:master model solution is not integer
WARNING:root:Master model reconstruction 0.579413 vs MM relaxation 0.574817
INFO:root:Solution reconstructed from patterns (0.579413) better that best so far 0.648335
INFO:root:branching
supports={'task-5': 1}, non supports=[]
INFO:root:PATTERNS 24
INFO:root:    {'cost': 113.85702495976349, 'length': 78, 'task_mapping': {'task-1': 0, 'task-3': 1, 'task-4': 0, 'task-6': 1, 'task-8': 1}}
INFO:root:    {'cost': 9.044143828192128, 'length': 16, 'task_mapping': {'task-9': 1}}
INFO:root:    {'cost': 6.1036055469654915, 'length': 13, 'task_mapping': {'task-0': 1}}
INFO:root:    {'cost': 67.20038659506375, 'length': 69, 'task_mapping': {'task-0': 1, 'task-4': 0, 'task-7': 1, 'task-9': 1}}
INFO:root:    {'cost': 95.0175418515115, 'length': 78, 'task_mapping': {'task-0': 1, 'task-1': 0, 'task-2': 1, 'task-4': 0, 'task-9': 1}}
INFO:root:    {'cost': 89.12155518646347, 'length': 78, 'task_mapping': {'task-1': 0, 'task-4': 0, 'task-6': 1, 'task-7': 1, 'task-9': 1}}
INFO:root:    {'cost': 83.66057454204088, 'length': 51, 'task_mapping': {'task-2': 0, 'task-3': 1, 'task-6': 1, 'task-8': 0, 'task-9': 1}}
INFO:root:    {'cost': 94.66847115065475, 'length': 78, 'task_mapping': {'task-0': 1, 'task-1': 0, 'task-2': 1, 'task-4': 0, 'task-6': 1}}
INFO:root:    {'cost': 114.49042626432944, 'length': 69, 'task_mapping': {'task-2': 1, 'task-3': 1, 'task-4': 0, 'task-7': 1, 'task-8': 0}}
INFO:root:    {'cost': 121.52279301169223, 'length': 78, 'task_mapping': {'task-1': 0, 'task-2': 1, 'task-3': 1, 'task-7': 1, 'task-8': 0}}
INFO:root:    {'cost': 127.13007470295338, 'length': 78, 'task_mapping': {'task-1': 0, 'task-2': 1, 'task-3': 1, 'task-4': 0, 'task-8': 1}}
INFO:root:    {'cost': 87.89251379252087, 'length': 69, 'task_mapping': {'task-3': 1, 'task-4': 0, 'task-6': 1, 'task-7': 1, 'task-8': 0}}
INFO:root:    {'cost': 99.12437879011728, 'length': 78, 'task_mapping': {'task-1': 0, 'task-2': 1, 'task-6': 1, 'task-8': 0, 'task-9': 1}}
INFO:root:    {'cost': 63.90436233454045, 'length': 69, 'task_mapping': {'task-4': 0, 'task-6': 1, 'task-8': 0, 'task-9': 1}}
INFO:root:    {'cost': 92.82497029930568, 'length': 78, 'task_mapping': {'task-1': 0, 'task-2': 1, 'task-4': 0, 'task-6': 1, 'task-9': 1}}
INFO:root:    {'cost': 60.6884952269981, 'length': 51, 'task_mapping': {'task-3': 1, 'task-7': 1, 'task-8': 0, 'task-9': 1}}
INFO:root:    {'cost': 111.95315838134454, 'length': 78, 'task_mapping': {'task-1': 0, 'task-2': 1, 'task-3': 1, 'task-6': 1, 'task-8': 0}}
INFO:root:    {'cost': 113.95222441086938, 'length': 78, 'task_mapping': {'task-1': 0, 'task-2': 1, 'task-4': 0, 'task-6': 1, 'task-8': 1}}
INFO:root:    {'cost': 105.65374989053294, 'length': 78, 'task_mapping': {'task-1': 0, 'task-2': 1, 'task-3': 1, 'task-4': 0, 'task-6': 1}}
INFO:root:    {'cost': 78.67194986302994, 'length': 69, 'task_mapping': {'task-3': 1, 'task-4': 0, 'task-6': 1, 'task-8': 0, 'task-9': 1}}
INFO:root:    {'cost': 53.31143214885624, 'length': 51, 'task_mapping': {'task-0': 1, 'task-3': 1, 'task-8': 0, 'task-9': 1}}
INFO:root:    {'cost': 57.14799400435786, 'length': 27, 'task_mapping': {'task-2': 0, 'task-3': 1, 'task-6': 1}}
INFO:root:    {'cost': 114.56500773596288, 'length': 62, 'task_mapping': {'task-0': 1, 'task-5': 1, 'task-7': 0, 'task-8': 1}}
INFO:root:    {'cost': 76.37244608330484, 'length': 78, 'task_mapping': {'task-1': 0, 'task-4': 0, 'task-9': 1}}
INFO:root:  found pattern {'cost': 42.90930123207745, 'length': 62, 'task_mapping': {'task-5': 1}}, -71.65570650388544
INFO:root:  found pattern {'cost': 17.882908362700267, 'length': 14, 'task_mapping': {'task-0': 1, 'task-7': 1}}, -6.169674690503369
INFO:root:Relaxation 0.7009781641734226 is worse than best obj 0.5794126032267738
INFO:root:subproblem objective was non-negative; ending the iteration.
INFO:root:master model solution (0.700978) is pruned by best-so-far solution (0.579413).
INFO:root:branching
supports={'task-5': 0}, non supports=[]
INFO:root:PATTERNS 26
INFO:root:    {'cost': 113.85702495976349, 'length': 78, 'task_mapping': {'task-1': 0, 'task-3': 1, 'task-4': 0, 'task-6': 1, 'task-8': 1}}
INFO:root:    {'cost': 9.044143828192128, 'length': 16, 'task_mapping': {'task-9': 1}}
INFO:root:    {'cost': 6.1036055469654915, 'length': 13, 'task_mapping': {'task-0': 1}}
INFO:root:    {'cost': 67.20038659506375, 'length': 69, 'task_mapping': {'task-0': 1, 'task-4': 0, 'task-7': 1, 'task-9': 1}}
INFO:root:    {'cost': 95.0175418515115, 'length': 78, 'task_mapping': {'task-0': 1, 'task-1': 0, 'task-2': 1, 'task-4': 0, 'task-9': 1}}
INFO:root:    {'cost': 89.12155518646347, 'length': 78, 'task_mapping': {'task-1': 0, 'task-4': 0, 'task-6': 1, 'task-7': 1, 'task-9': 1}}
INFO:root:    {'cost': 83.66057454204088, 'length': 51, 'task_mapping': {'task-2': 0, 'task-3': 1, 'task-6': 1, 'task-8': 0, 'task-9': 1}}
INFO:root:    {'cost': 94.66847115065475, 'length': 78, 'task_mapping': {'task-0': 1, 'task-1': 0, 'task-2': 1, 'task-4': 0, 'task-6': 1}}
INFO:root:    {'cost': 114.49042626432944, 'length': 69, 'task_mapping': {'task-2': 1, 'task-3': 1, 'task-4': 0, 'task-7': 1, 'task-8': 0}}
INFO:root:    {'cost': 121.52279301169223, 'length': 78, 'task_mapping': {'task-1': 0, 'task-2': 1, 'task-3': 1, 'task-7': 1, 'task-8': 0}}
INFO:root:    {'cost': 127.13007470295338, 'length': 78, 'task_mapping': {'task-1': 0, 'task-2': 1, 'task-3': 1, 'task-4': 0, 'task-8': 1}}
INFO:root:    {'cost': 87.89251379252087, 'length': 69, 'task_mapping': {'task-3': 1, 'task-4': 0, 'task-6': 1, 'task-7': 1, 'task-8': 0}}
INFO:root:    {'cost': 99.12437879011728, 'length': 78, 'task_mapping': {'task-1': 0, 'task-2': 1, 'task-6': 1, 'task-8': 0, 'task-9': 1}}
INFO:root:    {'cost': 63.90436233454045, 'length': 69, 'task_mapping': {'task-4': 0, 'task-6': 1, 'task-8': 0, 'task-9': 1}}
INFO:root:    {'cost': 92.82497029930568, 'length': 78, 'task_mapping': {'task-1': 0, 'task-2': 1, 'task-4': 0, 'task-6': 1, 'task-9': 1}}
INFO:root:    {'cost': 60.6884952269981, 'length': 51, 'task_mapping': {'task-3': 1, 'task-7': 1, 'task-8': 0, 'task-9': 1}}
INFO:root:    {'cost': 111.95315838134454, 'length': 78, 'task_mapping': {'task-1': 0, 'task-2': 1, 'task-3': 1, 'task-6': 1, 'task-8': 0}}
INFO:root:    {'cost': 113.95222441086938, 'length': 78, 'task_mapping': {'task-1': 0, 'task-2': 1, 'task-4': 0, 'task-6': 1, 'task-8': 1}}
INFO:root:    {'cost': 105.65374989053294, 'length': 78, 'task_mapping': {'task-1': 0, 'task-2': 1, 'task-3': 1, 'task-4': 0, 'task-6': 1}}
INFO:root:    {'cost': 78.67194986302994, 'length': 69, 'task_mapping': {'task-3': 1, 'task-4': 0, 'task-6': 1, 'task-8': 0, 'task-9': 1}}
INFO:root:    {'cost': 53.31143214885624, 'length': 51, 'task_mapping': {'task-0': 1, 'task-3': 1, 'task-8': 0, 'task-9': 1}}
INFO:root:    {'cost': 8.973347140182108, 'length': 12, 'task_mapping': {'task-5': 0}}
INFO:root:    {'cost': 34.878250215756296, 'length': 35, 'task_mapping': {'task-6': 0}}
INFO:root:    {'cost': 34.37191830547032, 'length': 50, 'task_mapping': {'task-0': 1, 'task-7': 0}}
INFO:root:    {'cost': 155.82591416196385, 'length': 88, 'task_mapping': {'task-1': 1, 'task-9': 0}}
INFO:root:    {'cost': 175.36628769142388, 'length': 89, 'task_mapping': {'task-2': 0, 'task-3': 0, 'task-4': 1, 'task-8': 1}}
INFO:root:  found pattern {'cost': 17.882908362700267, 'length': 14, 'task_mapping': {'task-0': 1, 'task-7': 1}}, -6.169674690503364
INFO:root:Relaxation 0.580209644273439 is worse than best obj 0.5794126032267738
INFO:root:subproblem objective was non-negative; ending the iteration.
INFO:root:master model solution (0.580210) is pruned by best-so-far solution (0.579413).
INFO:root:branching
supports={}, non supports=['task-5']
INFO:root:PATTERNS 36
INFO:root:    {'cost': 113.85702495976349, 'length': 78, 'task_mapping': {'task-1': 0, 'task-3': 1, 'task-4': 0, 'task-6': 1, 'task-8': 1}}
INFO:root:    {'cost': 9.044143828192128, 'length': 16, 'task_mapping': {'task-9': 1}}
INFO:root:    {'cost': 53.17727490727084, 'length': 27, 'task_mapping': {'task-2': 0, 'task-5': 0, 'task-7': 1}}
INFO:root:    {'cost': 6.1036055469654915, 'length': 13, 'task_mapping': {'task-0': 1}}
INFO:root:    {'cost': 67.20038659506375, 'length': 69, 'task_mapping': {'task-0': 1, 'task-4': 0, 'task-7': 1, 'task-9': 1}}
INFO:root:    {'cost': 122.47970241170195, 'length': 78, 'task_mapping': {'task-0': 1, 'task-1': 0, 'task-4': 0, 'task-5': 1, 'task-9': 1}}
INFO:root:    {'cost': 95.0175418515115, 'length': 78, 'task_mapping': {'task-0': 1, 'task-1': 0, 'task-2': 1, 'task-4': 0, 'task-9': 1}}
INFO:root:    {'cost': 65.08872709378664, 'length': 69, 'task_mapping': {'task-0': 1, 'task-4': 0, 'task-5': 0, 'task-6': 1, 'task-9': 1}}
INFO:root:    {'cost': 43.761328832054716, 'length': 19, 'task_mapping': {'task-3': 1, 'task-5': 0, 'task-7': 1, 'task-9': 1}}
INFO:root:    {'cost': 57.16119161619051, 'length': 51, 'task_mapping': {'task-0': 1, 'task-5': 0, 'task-7': 1, 'task-8': 0, 'task-9': 1}}
INFO:root:    {'cost': 89.12155518646347, 'length': 78, 'task_mapping': {'task-1': 0, 'task-4': 0, 'task-6': 1, 'task-7': 1, 'task-9': 1}}
INFO:root:    {'cost': 83.66057454204088, 'length': 51, 'task_mapping': {'task-2': 0, 'task-3': 1, 'task-6': 1, 'task-8': 0, 'task-9': 1}}
INFO:root:    {'cost': 96.52643476075217, 'length': 78, 'task_mapping': {'task-1': 0, 'task-2': 1, 'task-5': 0, 'task-6': 1, 'task-9': 1}}
INFO:root:    {'cost': 94.66847115065475, 'length': 78, 'task_mapping': {'task-0': 1, 'task-1': 0, 'task-2': 1, 'task-4': 0, 'task-6': 1}}
INFO:root:    {'cost': 114.49042626432944, 'length': 69, 'task_mapping': {'task-2': 1, 'task-3': 1, 'task-4': 0, 'task-7': 1, 'task-8': 0}}
INFO:root:    {'cost': 121.52279301169223, 'length': 78, 'task_mapping': {'task-1': 0, 'task-2': 1, 'task-3': 1, 'task-7': 1, 'task-8': 0}}
INFO:root:    {'cost': 127.13007470295338, 'length': 78, 'task_mapping': {'task-1': 0, 'task-2': 1, 'task-3': 1, 'task-4': 0, 'task-8': 1}}
INFO:root:    {'cost': 87.89251379252087, 'length': 69, 'task_mapping': {'task-3': 1, 'task-4': 0, 'task-6': 1, 'task-7': 1, 'task-8': 0}}
INFO:root:    {'cost': 64.72165761661958, 'length': 51, 'task_mapping': {'task-3': 1, 'task-5': 0, 'task-6': 1, 'task-8': 0}}
INFO:root:    {'cost': 99.12437879011728, 'length': 78, 'task_mapping': {'task-1': 0, 'task-2': 1, 'task-6': 1, 'task-8': 0, 'task-9': 1}}
INFO:root:    {'cost': 21.558574703159557, 'length': 14, 'task_mapping': {'task-5': 0, 'task-7': 1}}
INFO:root:    {'cost': 63.90436233454045, 'length': 69, 'task_mapping': {'task-4': 0, 'task-6': 1, 'task-8': 0, 'task-9': 1}}
INFO:root:    {'cost': 60.76940727792683, 'length': 51, 'task_mapping': {'task-0': 1, 'task-3': 1, 'task-5': 0, 'task-8': 0, 'task-9': 1}}
INFO:root:    {'cost': 92.82497029930568, 'length': 78, 'task_mapping': {'task-1': 0, 'task-2': 1, 'task-4': 0, 'task-6': 1, 'task-9': 1}}
INFO:root:    {'cost': 60.6884952269981, 'length': 51, 'task_mapping': {'task-3': 1, 'task-7': 1, 'task-8': 0, 'task-9': 1}}
INFO:root:    {'cost': 111.95315838134454, 'length': 78, 'task_mapping': {'task-1': 0, 'task-2': 1, 'task-3': 1, 'task-6': 1, 'task-8': 0}}
INFO:root:    {'cost': 113.95222441086938, 'length': 78, 'task_mapping': {'task-1': 0, 'task-2': 1, 'task-4': 0, 'task-6': 1, 'task-8': 1}}
INFO:root:    {'cost': 25.340883491770857, 'length': 14, 'task_mapping': {'task-0': 1, 'task-5': 0, 'task-7': 1}}
INFO:root:    {'cost': 105.65374989053294, 'length': 78, 'task_mapping': {'task-1': 0, 'task-2': 1, 'task-3': 1, 'task-4': 0, 'task-6': 1}}
INFO:root:    {'cost': 78.67194986302994, 'length': 69, 'task_mapping': {'task-3': 1, 'task-4': 0, 'task-6': 1, 'task-8': 0, 'task-9': 1}}
INFO:root:    {'cost': 53.31143214885624, 'length': 51, 'task_mapping': {'task-0': 1, 'task-3': 1, 'task-8': 0, 'task-9': 1}}
INFO:root:    {'cost': 38.38714637043611, 'length': 27, 'task_mapping': {'task-2': 0, 'task-9': 1}}
INFO:root:    {'cost': 46.03762208250945, 'length': 35, 'task_mapping': {'task-6': 0, 'task-7': 1}}
INFO:root:    {'cost': 47.590315422982734, 'length': 51, 'task_mapping': {'task-3': 1, 'task-8': 0}}
INFO:root:    {'cost': 50.31989800243708, 'length': 69, 'task_mapping': {'task-4': 0}}
INFO:root:    {'cost': 78.13510260748913, 'length': 78, 'task_mapping': {'task-1': 0, 'task-5': 0}}
INFO:root:subproblem objective was non-negative; ending the iteration.
INFO:root:master model solution is not integer
WARNING:root:Master model reconstruction 0.579413 vs MM relaxation 0.574817
INFO:root:branching
supports={'task-2': 1}, non supports=['task-5']
INFO:root:PATTERNS 27
INFO:root:    {'cost': 113.85702495976349, 'length': 78, 'task_mapping': {'task-1': 0, 'task-3': 1, 'task-4': 0, 'task-6': 1, 'task-8': 1}}
INFO:root:    {'cost': 9.044143828192128, 'length': 16, 'task_mapping': {'task-9': 1}}
INFO:root:    {'cost': 6.1036055469654915, 'length': 13, 'task_mapping': {'task-0': 1}}
INFO:root:    {'cost': 67.20038659506375, 'length': 69, 'task_mapping': {'task-0': 1, 'task-4': 0, 'task-7': 1, 'task-9': 1}}
INFO:root:    {'cost': 122.47970241170195, 'length': 78, 'task_mapping': {'task-0': 1, 'task-1': 0, 'task-4': 0, 'task-5': 1, 'task-9': 1}}
INFO:root:    {'cost': 65.08872709378664, 'length': 69, 'task_mapping': {'task-0': 1, 'task-4': 0, 'task-5': 0, 'task-6': 1, 'task-9': 1}}
INFO:root:    {'cost': 43.761328832054716, 'length': 19, 'task_mapping': {'task-3': 1, 'task-5': 0, 'task-7': 1, 'task-9': 1}}
INFO:root:    {'cost': 57.16119161619051, 'length': 51, 'task_mapping': {'task-0': 1, 'task-5': 0, 'task-7': 1, 'task-8': 0, 'task-9': 1}}
INFO:root:    {'cost': 89.12155518646347, 'length': 78, 'task_mapping': {'task-1': 0, 'task-4': 0, 'task-6': 1, 'task-7': 1, 'task-9': 1}}
INFO:root:    {'cost': 87.89251379252087, 'length': 69, 'task_mapping': {'task-3': 1, 'task-4': 0, 'task-6': 1, 'task-7': 1, 'task-8': 0}}
INFO:root:    {'cost': 64.72165761661958, 'length': 51, 'task_mapping': {'task-3': 1, 'task-5': 0, 'task-6': 1, 'task-8': 0}}
INFO:root:    {'cost': 21.558574703159557, 'length': 14, 'task_mapping': {'task-5': 0, 'task-7': 1}}
INFO:root:    {'cost': 63.90436233454045, 'length': 69, 'task_mapping': {'task-4': 0, 'task-6': 1, 'task-8': 0, 'task-9': 1}}
INFO:root:    {'cost': 60.76940727792683, 'length': 51, 'task_mapping': {'task-0': 1, 'task-3': 1, 'task-5': 0, 'task-8': 0, 'task-9': 1}}
INFO:root:    {'cost': 60.6884952269981, 'length': 51, 'task_mapping': {'task-3': 1, 'task-7': 1, 'task-8': 0, 'task-9': 1}}
INFO:root:    {'cost': 25.340883491770857, 'length': 14, 'task_mapping': {'task-0': 1, 'task-5': 0, 'task-7': 1}}
INFO:root:    {'cost': 78.67194986302994, 'length': 69, 'task_mapping': {'task-3': 1, 'task-4': 0, 'task-6': 1, 'task-8': 0, 'task-9': 1}}
INFO:root:    {'cost': 53.31143214885624, 'length': 51, 'task_mapping': {'task-0': 1, 'task-3': 1, 'task-8': 0, 'task-9': 1}}
INFO:root:    {'cost': 46.03762208250945, 'length': 35, 'task_mapping': {'task-6': 0, 'task-7': 1}}
INFO:root:    {'cost': 47.590315422982734, 'length': 51, 'task_mapping': {'task-3': 1, 'task-8': 0}}
INFO:root:    {'cost': 50.31989800243708, 'length': 69, 'task_mapping': {'task-4': 0}}
INFO:root:    {'cost': 78.13510260748913, 'length': 78, 'task_mapping': {'task-1': 0, 'task-5': 0}}
INFO:root:    {'cost': 12.826452616803426, 'length': 16, 'task_mapping': {'task-0': 1, 'task-9': 1}}
INFO:root:    {'cost': 79.49229864759494, 'length': 49, 'task_mapping': {'task-2': 1, 'task-3': 1, 'task-5': 0, 'task-6': 1}}
INFO:root:    {'cost': 46.03071782020262, 'length': 60, 'task_mapping': {'task-8': 1}}
INFO:root:    {'cost': 61.47926986919023, 'length': 69, 'task_mapping': {'task-4': 0, 'task-7': 1}}
INFO:root:    {'cost': 70.67712747841854, 'length': 78, 'task_mapping': {'task-1': 0}}
INFO:root:  found pattern {'cost': 70.61867940899384, 'length': 49, 'task_mapping': {'task-0': 1, 'task-2': 1, 'task-7': 1}}, -28.138282933529283
INFO:root:  found pattern {'cost': 65.07378181996219, 'length': 49, 'task_mapping': {'task-2': 1, 'task-5': 0, 'task-9': 1}}, -23.462660655824912
INFO:root:  found pattern {'cost': 103.22081692074204, 'length': 78, 'task_mapping': {'task-0': 1, 'task-1': 0, 'task-4': 0, 'task-8': 1, 'task-9': 1}}, -6.605523842577867
INFO:root:  found pattern {'cost': 76.23315368671535, 'length': 49, 'task_mapping': {'task-2': 1, 'task-5': 0, 'task-7': 1, 'task-9': 1}}, -2.6065202100564804
INFO:root:  found pattern {'cost': 59.20554392729708, 'length': 49, 'task_mapping': {'task-2': 1, 'task-6': 1, 'task-9': 1}}, -2.9056578232469263
INFO:root:  found pattern {'cost': 72.38339421938109, 'length': 49, 'task_mapping': {'task-2': 1, 'task-3': 1, 'task-9': 1}}, -2.9056578232468553
INFO:root:Relaxation 0.6951711789635516 is worse than best obj 0.5794126032267738
INFO:root:subproblem objective was non-negative; ending the iteration.
INFO:root:master model solution (0.695171) is pruned by best-so-far solution (0.579413).
INFO:root:branching
supports={'task-2': 0}, non supports=['task-5']
INFO:root:PATTERNS 28
INFO:root:    {'cost': 113.85702495976349, 'length': 78, 'task_mapping': {'task-1': 0, 'task-3': 1, 'task-4': 0, 'task-6': 1, 'task-8': 1}}
INFO:root:    {'cost': 9.044143828192128, 'length': 16, 'task_mapping': {'task-9': 1}}
INFO:root:    {'cost': 53.17727490727084, 'length': 27, 'task_mapping': {'task-2': 0, 'task-5': 0, 'task-7': 1}}
INFO:root:    {'cost': 6.1036055469654915, 'length': 13, 'task_mapping': {'task-0': 1}}
INFO:root:    {'cost': 67.20038659506375, 'length': 69, 'task_mapping': {'task-0': 1, 'task-4': 0, 'task-7': 1, 'task-9': 1}}
INFO:root:    {'cost': 122.47970241170195, 'length': 78, 'task_mapping': {'task-0': 1, 'task-1': 0, 'task-4': 0, 'task-5': 1, 'task-9': 1}}
INFO:root:    {'cost': 65.08872709378664, 'length': 69, 'task_mapping': {'task-0': 1, 'task-4': 0, 'task-5': 0, 'task-6': 1, 'task-9': 1}}
INFO:root:    {'cost': 43.761328832054716, 'length': 19, 'task_mapping': {'task-3': 1, 'task-5': 0, 'task-7': 1, 'task-9': 1}}
INFO:root:    {'cost': 57.16119161619051, 'length': 51, 'task_mapping': {'task-0': 1, 'task-5': 0, 'task-7': 1, 'task-8': 0, 'task-9': 1}}
INFO:root:    {'cost': 89.12155518646347, 'length': 78, 'task_mapping': {'task-1': 0, 'task-4': 0, 'task-6': 1, 'task-7': 1, 'task-9': 1}}
INFO:root:    {'cost': 87.89251379252087, 'length': 69, 'task_mapping': {'task-3': 1, 'task-4': 0, 'task-6': 1, 'task-7': 1, 'task-8': 0}}
INFO:root:    {'cost': 64.72165761661958, 'length': 51, 'task_mapping': {'task-3': 1, 'task-5': 0, 'task-6': 1, 'task-8': 0}}
INFO:root:    {'cost': 21.558574703159557, 'length': 14, 'task_mapping': {'task-5': 0, 'task-7': 1}}
INFO:root:    {'cost': 63.90436233454045, 'length': 69, 'task_mapping': {'task-4': 0, 'task-6': 1, 'task-8': 0, 'task-9': 1}}
INFO:root:    {'cost': 60.76940727792683, 'length': 51, 'task_mapping': {'task-0': 1, 'task-3': 1, 'task-5': 0, 'task-8': 0, 'task-9': 1}}
INFO:root:    {'cost': 60.6884952269981, 'length': 51, 'task_mapping': {'task-3': 1, 'task-7': 1, 'task-8': 0, 'task-9': 1}}
INFO:root:    {'cost': 25.340883491770857, 'length': 14, 'task_mapping': {'task-0': 1, 'task-5': 0, 'task-7': 1}}
INFO:root:    {'cost': 78.67194986302994, 'length': 69, 'task_mapping': {'task-3': 1, 'task-4': 0, 'task-6': 1, 'task-8': 0, 'task-9': 1}}
INFO:root:    {'cost': 53.31143214885624, 'length': 51, 'task_mapping': {'task-0': 1, 'task-3': 1, 'task-8': 0, 'task-9': 1}}
INFO:root:    {'cost': 38.38714637043611, 'length': 27, 'task_mapping': {'task-2': 0, 'task-9': 1}}
INFO:root:    {'cost': 46.03762208250945, 'length': 35, 'task_mapping': {'task-6': 0, 'task-7': 1}}
INFO:root:    {'cost': 47.590315422982734, 'length': 51, 'task_mapping': {'task-3': 1, 'task-8': 0}}
INFO:root:    {'cost': 50.31989800243708, 'length': 69, 'task_mapping': {'task-4': 0}}
INFO:root:    {'cost': 78.13510260748913, 'length': 78, 'task_mapping': {'task-1': 0, 'task-5': 0}}
INFO:root:    {'cost': 64.60596913342846, 'length': 27, 'task_mapping': {'task-2': 0, 'task-3': 1, 'task-5': 0, 'task-6': 1}}
INFO:root:    {'cost': 34.37191830547032, 'length': 50, 'task_mapping': {'task-0': 1, 'task-7': 0}}
INFO:root:    {'cost': 74.43363814604263, 'length': 78, 'task_mapping': {'task-1': 0, 'task-4': 0}}
INFO:root:    {'cost': 115.33922169487124, 'length': 88, 'task_mapping': {'task-8': 0, 'task-9': 0}}
INFO:root:  found pattern {'cost': 55.559498330812474, 'length': 27, 'task_mapping': {'task-0': 1, 'task-2': 0, 'task-5': 0, 'task-6': 1, 'task-9': 1}}, -17.16623142161624
INFO:root:  found pattern {'cost': 103.22081692074204, 'length': 78, 'task_mapping': {'task-0': 1, 'task-1': 0, 'task-4': 0, 'task-8': 1, 'task-9': 1}}, -9.136734896685724
INFO:root:  found pattern {'cost': 64.39501781660748, 'length': 27, 'task_mapping': {'task-0': 1, 'task-2': 0, 'task-3': 1, 'task-5': 0, 'task-9': 1}}, -9.17196903535164
INFO:root:  found pattern {'cost': 53.328827025800564, 'length': 27, 'task_mapping': {'task-0': 1, 'task-2': 0, 'task-7': 1, 'task-9': 1}}, -5.017244197118469
INFO:root:  found pattern {'cost': 101.02824536853622, 'length': 78, 'task_mapping': {'task-1': 0, 'task-4': 0, 'task-6': 1, 'task-8': 1, 'task-9': 1}}, -3.2128051121830623
INFO:root:  found pattern {'cost': 102.8717462198853, 'length': 78, 'task_mapping': {'task-0': 1, 'task-1': 0, 'task-4': 0, 'task-6': 1, 'task-8': 1}}, -2.4032439331119235
INFO:root:  found pattern {'cost': 72.37438881246545, 'length': 27, 'task_mapping': {'task-0': 1, 'task-2': 0, 'task-3': 1, 'task-5': 0, 'task-7': 1}}, -1.592131995502644
INFO:root:  found pattern {'cost': 38.34223670005839, 'length': 27, 'task_mapping': {'task-0': 1, 'task-2': 0}}, -1.8884105217267972
INFO:root:  found pattern {'cost': 45.80021182912898, 'length': 27, 'task_mapping': {'task-0': 1, 'task-2': 0, 'task-5': 0}}, -1.2411929336330303
INFO:root:  found pattern {'cost': 91.14003361179432, 'length': 78, 'task_mapping': {'task-1': 0, 'task-3': 1, 'task-4': 0, 'task-9': 1}}, -1.538180606402534
INFO:root:  found pattern {'cost': 114.20609566062024, 'length': 78, 'task_mapping': {'task-1': 0, 'task-3': 1, 'task-4': 0, 'task-8': 1, 'task-9': 1}}, -1.241192933633016
INFO:root:  found pattern {'cost': 92.72977084819979, 'length': 78, 'task_mapping': {'task-1': 0, 'task-3': 1, 'task-4': 0, 'task-6': 1, 'task-9': 1}}, -0.9442052608633986
INFO:root:  found pattern {'cost': 49.50160856681154, 'length': 27, 'task_mapping': {'task-0': 1, 'task-2': 0, 'task-7': 1}}, -0.3236087940469119
INFO:root:  found pattern {'cost': 49.974733028030414, 'length': 27, 'task_mapping': {'task-2': 0, 'task-3': 1}}, -0.2969876727695855
INFO:root:Relaxation 0.6170912248434223 is worse than best obj 0.5794126032267738
INFO:root:subproblem objective was non-negative; ending the iteration.
INFO:root:master model solution (0.617091) is pruned by best-so-far solution (0.579413).
INFO:root:branching
supports={}, non supports=['task-5', 'task-2']
INFO:root:PATTERNS 37
INFO:root:    {'cost': 113.85702495976349, 'length': 78, 'task_mapping': {'task-1': 0, 'task-3': 1, 'task-4': 0, 'task-6': 1, 'task-8': 1}}
INFO:root:    {'cost': 9.044143828192128, 'length': 16, 'task_mapping': {'task-9': 1}}
INFO:root:    {'cost': 6.1036055469654915, 'length': 13, 'task_mapping': {'task-0': 1}}
INFO:root:    {'cost': 67.20038659506375, 'length': 69, 'task_mapping': {'task-0': 1, 'task-4': 0, 'task-7': 1, 'task-9': 1}}
INFO:root:    {'cost': 122.47970241170195, 'length': 78, 'task_mapping': {'task-0': 1, 'task-1': 0, 'task-4': 0, 'task-5': 1, 'task-9': 1}}
INFO:root:    {'cost': 95.0175418515115, 'length': 78, 'task_mapping': {'task-0': 1, 'task-1': 0, 'task-2': 1, 'task-4': 0, 'task-9': 1}}
INFO:root:    {'cost': 65.08872709378664, 'length': 69, 'task_mapping': {'task-0': 1, 'task-4': 0, 'task-5': 0, 'task-6': 1, 'task-9': 1}}
INFO:root:    {'cost': 43.761328832054716, 'length': 19, 'task_mapping': {'task-3': 1, 'task-5': 0, 'task-7': 1, 'task-9': 1}}
INFO:root:    {'cost': 57.16119161619051, 'length': 51, 'task_mapping': {'task-0': 1, 'task-5': 0, 'task-7': 1, 'task-8': 0, 'task-9': 1}}
INFO:root:    {'cost': 89.12155518646347, 'length': 78, 'task_mapping': {'task-1': 0, 'task-4': 0, 'task-6': 1, 'task-7': 1, 'task-9': 1}}
INFO:root:    {'cost': 83.66057454204088, 'length': 51, 'task_mapping': {'task-2': 0, 'task-3': 1, 'task-6': 1, 'task-8': 0, 'task-9': 1}}
INFO:root:    {'cost': 96.52643476075217, 'length': 78, 'task_mapping': {'task-1': 0, 'task-2': 1, 'task-5': 0, 'task-6': 1, 'task-9': 1}}
INFO:root:    {'cost': 94.66847115065475, 'length': 78, 'task_mapping': {'task-0': 1, 'task-1': 0, 'task-2': 1, 'task-4': 0, 'task-6': 1}}
INFO:root:    {'cost': 114.49042626432944, 'length': 69, 'task_mapping': {'task-2': 1, 'task-3': 1, 'task-4': 0, 'task-7': 1, 'task-8': 0}}
INFO:root:    {'cost': 121.52279301169223, 'length': 78, 'task_mapping': {'task-1': 0, 'task-2': 1, 'task-3': 1, 'task-7': 1, 'task-8': 0}}
INFO:root:    {'cost': 127.13007470295338, 'length': 78, 'task_mapping': {'task-1': 0, 'task-2': 1, 'task-3': 1, 'task-4': 0, 'task-8': 1}}
INFO:root:    {'cost': 87.89251379252087, 'length': 69, 'task_mapping': {'task-3': 1, 'task-4': 0, 'task-6': 1, 'task-7': 1, 'task-8': 0}}
INFO:root:    {'cost': 64.72165761661958, 'length': 51, 'task_mapping': {'task-3': 1, 'task-5': 0, 'task-6': 1, 'task-8': 0}}
INFO:root:    {'cost': 99.12437879011728, 'length': 78, 'task_mapping': {'task-1': 0, 'task-2': 1, 'task-6': 1, 'task-8': 0, 'task-9': 1}}
INFO:root:    {'cost': 21.558574703159557, 'length': 14, 'task_mapping': {'task-5': 0, 'task-7': 1}}
INFO:root:    {'cost': 63.90436233454045, 'length': 69, 'task_mapping': {'task-4': 0, 'task-6': 1, 'task-8': 0, 'task-9': 1}}
INFO:root:    {'cost': 60.76940727792683, 'length': 51, 'task_mapping': {'task-0': 1, 'task-3': 1, 'task-5': 0, 'task-8': 0, 'task-9': 1}}
INFO:root:    {'cost': 92.82497029930568, 'length': 78, 'task_mapping': {'task-1': 0, 'task-2': 1, 'task-4': 0, 'task-6': 1, 'task-9': 1}}
INFO:root:    {'cost': 60.6884952269981, 'length': 51, 'task_mapping': {'task-3': 1, 'task-7': 1, 'task-8': 0, 'task-9': 1}}
INFO:root:    {'cost': 111.95315838134454, 'length': 78, 'task_mapping': {'task-1': 0, 'task-2': 1, 'task-3': 1, 'task-6': 1, 'task-8': 0}}
INFO:root:    {'cost': 113.95222441086938, 'length': 78, 'task_mapping': {'task-1': 0, 'task-2': 1, 'task-4': 0, 'task-6': 1, 'task-8': 1}}
INFO:root:    {'cost': 25.340883491770857, 'length': 14, 'task_mapping': {'task-0': 1, 'task-5': 0, 'task-7': 1}}
INFO:root:    {'cost': 105.65374989053294, 'length': 78, 'task_mapping': {'task-1': 0, 'task-2': 1, 'task-3': 1, 'task-4': 0, 'task-6': 1}}
INFO:root:    {'cost': 78.67194986302994, 'length': 69, 'task_mapping': {'task-3': 1, 'task-4': 0, 'task-6': 1, 'task-8': 0, 'task-9': 1}}
INFO:root:    {'cost': 53.31143214885624, 'length': 51, 'task_mapping': {'task-0': 1, 'task-3': 1, 'task-8': 0, 'task-9': 1}}
INFO:root:    {'cost': 46.03762208250945, 'length': 35, 'task_mapping': {'task-6': 0, 'task-7': 1}}
INFO:root:    {'cost': 47.590315422982734, 'length': 51, 'task_mapping': {'task-3': 1, 'task-8': 0}}
INFO:root:    {'cost': 50.31989800243708, 'length': 69, 'task_mapping': {'task-4': 0}}
INFO:root:    {'cost': 78.13510260748913, 'length': 78, 'task_mapping': {'task-1': 0, 'task-5': 0}}
INFO:root:    {'cost': 13.56158067603608, 'length': 13, 'task_mapping': {'task-0': 1, 'task-5': 0}}
INFO:root:    {'cost': 85.44471500690801, 'length': 78, 'task_mapping': {'task-1': 0, 'task-3': 1}}
INFO:root:    {'cost': 154.3240308581622, 'length': 89, 'task_mapping': {'task-2': 1, 'task-4': 1, 'task-8': 0, 'task-9': 1}}
INFO:root:subproblem objective was non-negative; ending the iteration.
INFO:root:master model solution is not integer
WARNING:root:Master model reconstruction 0.579413 vs MM relaxation 0.574817
INFO:root:branching
supports={'task-6': 0}, non supports=['task-5', 'task-2']
INFO:root:PATTERNS 27
INFO:root:    {'cost': 9.044143828192128, 'length': 16, 'task_mapping': {'task-9': 1}}
INFO:root:    {'cost': 6.1036055469654915, 'length': 13, 'task_mapping': {'task-0': 1}}
INFO:root:    {'cost': 67.20038659506375, 'length': 69, 'task_mapping': {'task-0': 1, 'task-4': 0, 'task-7': 1, 'task-9': 1}}
INFO:root:    {'cost': 122.47970241170195, 'length': 78, 'task_mapping': {'task-0': 1, 'task-1': 0, 'task-4': 0, 'task-5': 1, 'task-9': 1}}
INFO:root:    {'cost': 95.0175418515115, 'length': 78, 'task_mapping': {'task-0': 1, 'task-1': 0, 'task-2': 1, 'task-4': 0, 'task-9': 1}}
INFO:root:    {'cost': 43.761328832054716, 'length': 19, 'task_mapping': {'task-3': 1, 'task-5': 0, 'task-7': 1, 'task-9': 1}}
INFO:root:    {'cost': 57.16119161619051, 'length': 51, 'task_mapping': {'task-0': 1, 'task-5': 0, 'task-7': 1, 'task-8': 0, 'task-9': 1}}
INFO:root:    {'cost': 114.49042626432944, 'length': 69, 'task_mapping': {'task-2': 1, 'task-3': 1, 'task-4': 0, 'task-7': 1, 'task-8': 0}}
INFO:root:    {'cost': 121.52279301169223, 'length': 78, 'task_mapping': {'task-1': 0, 'task-2': 1, 'task-3': 1, 'task-7': 1, 'task-8': 0}}
INFO:root:    {'cost': 127.13007470295338, 'length': 78, 'task_mapping': {'task-1': 0, 'task-2': 1, 'task-3': 1, 'task-4': 0, 'task-8': 1}}
INFO:root:    {'cost': 21.558574703159557, 'length': 14, 'task_mapping': {'task-5': 0, 'task-7': 1}}
INFO:root:    {'cost': 60.76940727792683, 'length': 51, 'task_mapping': {'task-0': 1, 'task-3': 1, 'task-5': 0, 'task-8': 0, 'task-9': 1}}
INFO:root:    {'cost': 60.6884952269981, 'length': 51, 'task_mapping': {'task-3': 1, 'task-7': 1, 'task-8': 0, 'task-9': 1}}
INFO:root:    {'cost': 25.340883491770857, 'length': 14, 'task_mapping': {'task-0': 1, 'task-5': 0, 'task-7': 1}}
INFO:root:    {'cost': 53.31143214885624, 'length': 51, 'task_mapping': {'task-0': 1, 'task-3': 1, 'task-8': 0, 'task-9': 1}}
INFO:root:    {'cost': 46.03762208250945, 'length': 35, 'task_mapping': {'task-6': 0, 'task-7': 1}}
INFO:root:    {'cost': 47.590315422982734, 'length': 51, 'task_mapping': {'task-3': 1, 'task-8': 0}}
INFO:root:    {'cost': 50.31989800243708, 'length': 69, 'task_mapping': {'task-4': 0}}
INFO:root:    {'cost': 78.13510260748913, 'length': 78, 'task_mapping': {'task-1': 0, 'task-5': 0}}
INFO:root:    {'cost': 13.56158067603608, 'length': 13, 'task_mapping': {'task-0': 1, 'task-5': 0}}
INFO:root:    {'cost': 85.44471500690801, 'length': 78, 'task_mapping': {'task-1': 0, 'task-3': 1}}
INFO:root:    {'cost': 154.3240308581622, 'length': 89, 'task_mapping': {'task-2': 1, 'task-4': 1, 'task-8': 0, 'task-9': 1}}
INFO:root:    {'cost': 22.331741834560376, 'length': 19, 'task_mapping': {'task-3': 1}}
INFO:root:    {'cost': 59.336334332985956, 'length': 35, 'task_mapping': {'task-2': 0, 'task-6': 0}}
INFO:root:    {'cost': 34.37191830547032, 'length': 50, 'task_mapping': {'task-0': 1, 'task-7': 0}}
INFO:root:    {'cost': 60.37581716087277, 'length': 69, 'task_mapping': {'task-4': 0, 'task-8': 0}}
INFO:root:    {'cost': 198.15086170174968, 'length': 88, 'task_mapping': {'task-1': 1, 'task-5': 1, 'task-9': 0}}
INFO:root:  found pattern {'cost': 99.43850813213075, 'length': 78, 'task_mapping': {'task-1': 0, 'task-4': 0, 'task-8': 1, 'task-9': 1}}, -31.63099778431075
INFO:root:  found pattern {'cost': 59.042620810578576, 'length': 35, 'task_mapping': {'task-3': 1, 'task-5': 0, 'task-6': 0, 'task-9': 1}}, -30.044730018761967
INFO:root:  found pattern {'cost': 40.5993669416298, 'length': 35, 'task_mapping': {'task-0': 1, 'task-6': 0, 'task-9': 1}}, -7.118945327171446
INFO:root:  found pattern {'cost': 114.30129511172612, 'length': 78, 'task_mapping': {'task-1': 0, 'task-2': 1, 'task-4': 0, 'task-8': 1, 'task-9': 1}}, -7.7905612935225435
INFO:root:  found pattern {'cost': 57.27790600019134, 'length': 35, 'task_mapping': {'task-0': 1, 'task-5': 0, 'task-6': 0, 'task-7': 1}}, -2.3212967583542117
INFO:root:  found pattern {'cost': 88.24158449337762, 'length': 69, 'task_mapping': {'task-3': 1, 'task-4': 0, 'task-7': 1, 'task-8': 0, 'task-9': 1}}, -6.862864650450241
INFO:root:  found pattern {'cost': 62.74401754826114, 'length': 35, 'task_mapping': {'task-3': 1, 'task-6': 0, 'task-7': 1, 'task-9': 1}}, -3.921636943114436
INFO:root:  found pattern {'cost': 62.82492959918987, 'length': 35, 'task_mapping': {'task-0': 1, 'task-3': 1, 'task-5': 0, 'task-6': 0, 'task-9': 1}}, -1.740972568765656
INFO:root:  found pattern {'cost': 102.29940547854747, 'length': 78, 'task_mapping': {'task-1': 0, 'task-3': 1, 'task-4': 0, 'task-7': 1, 'task-9': 1}}, -2.2059207805018843
INFO:root:  found pattern {'cost': 70.20199267733173, 'length': 35, 'task_mapping': {'task-3': 1, 'task-5': 0, 'task-6': 0, 'task-7': 1, 'task-9': 1}}, -1.4706138536680093
INFO:root:  found pattern {'cost': 112.44138085023299, 'length': 78, 'task_mapping': {'task-0': 1, 'task-1': 0, 'task-4': 0, 'task-7': 1, 'task-8': 1}}, -1.4706138536679276
INFO:root:  found pattern {'cost': 77.25630575349943, 'length': 69, 'task_mapping': {'task-0': 1, 'task-4': 0, 'task-7': 1, 'task-8': 0, 'task-9': 1}}, -0.7353069268344612
INFO:root:  found pattern {'cost': 51.75873880838296, 'length': 35, 'task_mapping': {'task-0': 1, 'task-6': 0, 'task-7': 1, 'task-9': 1}}, -0.7353069268339709
INFO:root:  found pattern {'cost': 59.21671393745355, 'length': 35, 'task_mapping': {'task-0': 1, 'task-5': 0, 'task-6': 0, 'task-7': 1, 'task-9': 1}}, -0.5882455414671846
INFO:root:  found pattern {'cost': 59.21671393745355, 'length': 35, 'task_mapping': {'task-0': 1, 'task-5': 0, 'task-6': 0, 'task-7': 1, 'task-9': 1}}, -0.5882455414671846
INFO:root:  warning - task mapping of the last pattern is the same as the current one {'task-0': 1, 'task-5': 0, 'task-6': 0, 'task-7': 1, 'task-9': 1}
INFO:root:  found pattern {'cost': 72.04549352868082, 'length': 35, 'task_mapping': {'task-0': 1, 'task-3': 1, 'task-5': 0, 'task-6': 0, 'task-7': 1}}, -0.5882455414671703
INFO:root:Relaxation 0.6631558314605229 is worse than best obj 0.5794126032267738
INFO:root:subproblem objective was non-negative; ending the iteration.
INFO:root:master model solution (0.663156) is pruned by best-so-far solution (0.579413).
INFO:root:branching
supports={'task-6': 1}, non supports=['task-5', 'task-2']
INFO:root:PATTERNS 25
INFO:root:    {'cost': 9.044143828192128, 'length': 16, 'task_mapping': {'task-9': 1}}
INFO:root:    {'cost': 6.1036055469654915, 'length': 13, 'task_mapping': {'task-0': 1}}
INFO:root:    {'cost': 67.20038659506375, 'length': 69, 'task_mapping': {'task-0': 1, 'task-4': 0, 'task-7': 1, 'task-9': 1}}
INFO:root:    {'cost': 122.47970241170195, 'length': 78, 'task_mapping': {'task-0': 1, 'task-1': 0, 'task-4': 0, 'task-5': 1, 'task-9': 1}}
INFO:root:    {'cost': 95.0175418515115, 'length': 78, 'task_mapping': {'task-0': 1, 'task-1': 0, 'task-2': 1, 'task-4': 0, 'task-9': 1}}
INFO:root:    {'cost': 43.761328832054716, 'length': 19, 'task_mapping': {'task-3': 1, 'task-5': 0, 'task-7': 1, 'task-9': 1}}
INFO:root:    {'cost': 57.16119161619051, 'length': 51, 'task_mapping': {'task-0': 1, 'task-5': 0, 'task-7': 1, 'task-8': 0, 'task-9': 1}}
INFO:root:    {'cost': 114.49042626432944, 'length': 69, 'task_mapping': {'task-2': 1, 'task-3': 1, 'task-4': 0, 'task-7': 1, 'task-8': 0}}
INFO:root:    {'cost': 121.52279301169223, 'length': 78, 'task_mapping': {'task-1': 0, 'task-2': 1, 'task-3': 1, 'task-7': 1, 'task-8': 0}}
INFO:root:    {'cost': 127.13007470295338, 'length': 78, 'task_mapping': {'task-1': 0, 'task-2': 1, 'task-3': 1, 'task-4': 0, 'task-8': 1}}
INFO:root:    {'cost': 21.558574703159557, 'length': 14, 'task_mapping': {'task-5': 0, 'task-7': 1}}
INFO:root:    {'cost': 60.76940727792683, 'length': 51, 'task_mapping': {'task-0': 1, 'task-3': 1, 'task-5': 0, 'task-8': 0, 'task-9': 1}}
INFO:root:    {'cost': 60.6884952269981, 'length': 51, 'task_mapping': {'task-3': 1, 'task-7': 1, 'task-8': 0, 'task-9': 1}}
INFO:root:    {'cost': 25.340883491770857, 'length': 14, 'task_mapping': {'task-0': 1, 'task-5': 0, 'task-7': 1}}
INFO:root:    {'cost': 53.31143214885624, 'length': 51, 'task_mapping': {'task-0': 1, 'task-3': 1, 'task-8': 0, 'task-9': 1}}
INFO:root:    {'cost': 47.590315422982734, 'length': 51, 'task_mapping': {'task-3': 1, 'task-8': 0}}
INFO:root:    {'cost': 50.31989800243708, 'length': 69, 'task_mapping': {'task-4': 0}}
INFO:root:    {'cost': 78.13510260748913, 'length': 78, 'task_mapping': {'task-1': 0, 'task-5': 0}}
INFO:root:    {'cost': 13.56158067603608, 'length': 13, 'task_mapping': {'task-0': 1, 'task-5': 0}}
INFO:root:    {'cost': 85.44471500690801, 'length': 78, 'task_mapping': {'task-1': 0, 'task-3': 1}}
INFO:root:    {'cost': 154.3240308581622, 'length': 89, 'task_mapping': {'task-2': 1, 'task-4': 1, 'task-8': 0, 'task-9': 1}}
INFO:root:    {'cost': 24.170476367543877, 'length': 25, 'task_mapping': {'task-5': 0, 'task-6': 1}}
INFO:root:    {'cost': 34.37191830547032, 'length': 50, 'task_mapping': {'task-0': 1, 'task-7': 0}}
INFO:root:    {'cost': 46.03071782020262, 'length': 60, 'task_mapping': {'task-8': 1}}
INFO:root:    {'cost': 198.76073385775146, 'length': 88, 'task_mapping': {'task-1': 1, 'task-2': 1, 'task-3': 1, 'task-4': 0, 'task-9': 0}}
INFO:root:  found pattern {'cost': 31.654181893837738, 'length': 25, 'task_mapping': {'task-0': 1, 'task-6': 1, 'task-7': 1}}, -17.857177965476993
INFO:root:  found pattern {'cost': 85.14657934422777, 'length': 51, 'task_mapping': {'task-2': 0, 'task-3': 1, 'task-7': 1, 'task-8': 0, 'task-9': 1}}, -17.258782153596513
INFO:root:  found pattern {'cost': 110.5978799988839, 'length': 78, 'task_mapping': {'task-1': 0, 'task-4': 0, 'task-7': 1, 'task-8': 1, 'task-9': 1}}, -19.216919111338555
INFO:root:  found pattern {'cost': 88.24158449337762, 'length': 69, 'task_mapping': {'task-3': 1, 'task-4': 0, 'task-7': 1, 'task-8': 0, 'task-9': 1}}, -13.324862728618676
INFO:root:  found pattern {'cost': 40.87687183329557, 'length': 25, 'task_mapping': {'task-3': 1, 'task-5': 0, 'task-6': 1, 'task-9': 1}}, -5.590183612362843
INFO:root:  found pattern {'cost': 114.30129511172612, 'length': 78, 'task_mapping': {'task-1': 0, 'task-2': 1, 'task-4': 0, 'task-8': 1, 'task-9': 1}}, -8.205367637983016
INFO:root:  found pattern {'cost': 39.11215702290833, 'length': 25, 'task_mapping': {'task-0': 1, 'task-5': 0, 'task-6': 1, 'task-7': 1}}, -1.4706138536679596
INFO:root:  found pattern {'cost': 103.22081692074204, 'length': 78, 'task_mapping': {'task-0': 1, 'task-1': 0, 'task-4': 0, 'task-8': 1, 'task-9': 1}}, -1.701365809372561
INFO:root:Relaxation 0.6037425392056649 is worse than best obj 0.5794126032267738
INFO:root:subproblem objective was non-negative; ending the iteration.
INFO:root:master model solution (0.603743) is pruned by best-so-far solution (0.579413).
INFO:root:branching
supports={}, non supports=['task-5', 'task-2', 'task-6']
INFO:root:PATTERNS 39
INFO:root:    {'cost': 113.85702495976349, 'length': 78, 'task_mapping': {'task-1': 0, 'task-3': 1, 'task-4': 0, 'task-6': 1, 'task-8': 1}}
INFO:root:    {'cost': 9.044143828192128, 'length': 16, 'task_mapping': {'task-9': 1}}
INFO:root:    {'cost': 6.1036055469654915, 'length': 13, 'task_mapping': {'task-0': 1}}
INFO:root:    {'cost': 67.20038659506375, 'length': 69, 'task_mapping': {'task-0': 1, 'task-4': 0, 'task-7': 1, 'task-9': 1}}
INFO:root:    {'cost': 122.47970241170195, 'length': 78, 'task_mapping': {'task-0': 1, 'task-1': 0, 'task-4': 0, 'task-5': 1, 'task-9': 1}}
INFO:root:    {'cost': 95.0175418515115, 'length': 78, 'task_mapping': {'task-0': 1, 'task-1': 0, 'task-2': 1, 'task-4': 0, 'task-9': 1}}
INFO:root:    {'cost': 65.08872709378664, 'length': 69, 'task_mapping': {'task-0': 1, 'task-4': 0, 'task-5': 0, 'task-6': 1, 'task-9': 1}}
INFO:root:    {'cost': 43.761328832054716, 'length': 19, 'task_mapping': {'task-3': 1, 'task-5': 0, 'task-7': 1, 'task-9': 1}}
INFO:root:    {'cost': 57.16119161619051, 'length': 51, 'task_mapping': {'task-0': 1, 'task-5': 0, 'task-7': 1, 'task-8': 0, 'task-9': 1}}
INFO:root:    {'cost': 89.12155518646347, 'length': 78, 'task_mapping': {'task-1': 0, 'task-4': 0, 'task-6': 1, 'task-7': 1, 'task-9': 1}}
INFO:root:    {'cost': 83.66057454204088, 'length': 51, 'task_mapping': {'task-2': 0, 'task-3': 1, 'task-6': 1, 'task-8': 0, 'task-9': 1}}
INFO:root:    {'cost': 96.52643476075217, 'length': 78, 'task_mapping': {'task-1': 0, 'task-2': 1, 'task-5': 0, 'task-6': 1, 'task-9': 1}}
INFO:root:    {'cost': 94.66847115065475, 'length': 78, 'task_mapping': {'task-0': 1, 'task-1': 0, 'task-2': 1, 'task-4': 0, 'task-6': 1}}
INFO:root:    {'cost': 114.49042626432944, 'length': 69, 'task_mapping': {'task-2': 1, 'task-3': 1, 'task-4': 0, 'task-7': 1, 'task-8': 0}}
INFO:root:    {'cost': 121.52279301169223, 'length': 78, 'task_mapping': {'task-1': 0, 'task-2': 1, 'task-3': 1, 'task-7': 1, 'task-8': 0}}
INFO:root:    {'cost': 127.13007470295338, 'length': 78, 'task_mapping': {'task-1': 0, 'task-2': 1, 'task-3': 1, 'task-4': 0, 'task-8': 1}}
INFO:root:    {'cost': 87.89251379252087, 'length': 69, 'task_mapping': {'task-3': 1, 'task-4': 0, 'task-6': 1, 'task-7': 1, 'task-8': 0}}
INFO:root:    {'cost': 64.72165761661958, 'length': 51, 'task_mapping': {'task-3': 1, 'task-5': 0, 'task-6': 1, 'task-8': 0}}
INFO:root:    {'cost': 99.12437879011728, 'length': 78, 'task_mapping': {'task-1': 0, 'task-2': 1, 'task-6': 1, 'task-8': 0, 'task-9': 1}}
INFO:root:    {'cost': 21.558574703159557, 'length': 14, 'task_mapping': {'task-5': 0, 'task-7': 1}}
INFO:root:    {'cost': 63.90436233454045, 'length': 69, 'task_mapping': {'task-4': 0, 'task-6': 1, 'task-8': 0, 'task-9': 1}}
INFO:root:    {'cost': 60.76940727792683, 'length': 51, 'task_mapping': {'task-0': 1, 'task-3': 1, 'task-5': 0, 'task-8': 0, 'task-9': 1}}
INFO:root:    {'cost': 92.82497029930568, 'length': 78, 'task_mapping': {'task-1': 0, 'task-2': 1, 'task-4': 0, 'task-6': 1, 'task-9': 1}}
INFO:root:    {'cost': 60.6884952269981, 'length': 51, 'task_mapping': {'task-3': 1, 'task-7': 1, 'task-8': 0, 'task-9': 1}}
INFO:root:    {'cost': 111.95315838134454, 'length': 78, 'task_mapping': {'task-1': 0, 'task-2': 1, 'task-3': 1, 'task-6': 1, 'task-8': 0}}
INFO:root:    {'cost': 113.95222441086938, 'length': 78, 'task_mapping': {'task-1': 0, 'task-2': 1, 'task-4': 0, 'task-6': 1, 'task-8': 1}}
INFO:root:    {'cost': 25.340883491770857, 'length': 14, 'task_mapping': {'task-0': 1, 'task-5': 0, 'task-7': 1}}
INFO:root:    {'cost': 105.65374989053294, 'length': 78, 'task_mapping': {'task-1': 0, 'task-2': 1, 'task-3': 1, 'task-4': 0, 'task-6': 1}}
INFO:root:    {'cost': 78.67194986302994, 'length': 69, 'task_mapping': {'task-3': 1, 'task-4': 0, 'task-6': 1, 'task-8': 0, 'task-9': 1}}
INFO:root:    {'cost': 53.31143214885624, 'length': 51, 'task_mapping': {'task-0': 1, 'task-3': 1, 'task-8': 0, 'task-9': 1}}
INFO:root:    {'cost': 47.590315422982734, 'length': 51, 'task_mapping': {'task-3': 1, 'task-8': 0}}
INFO:root:    {'cost': 50.31989800243708, 'length': 69, 'task_mapping': {'task-4': 0}}
INFO:root:    {'cost': 78.13510260748913, 'length': 78, 'task_mapping': {'task-1': 0, 'task-5': 0}}
INFO:root:    {'cost': 13.56158067603608, 'length': 13, 'task_mapping': {'task-0': 1, 'task-5': 0}}
INFO:root:    {'cost': 85.44471500690801, 'length': 78, 'task_mapping': {'task-1': 0, 'task-3': 1}}
INFO:root:    {'cost': 154.3240308581622, 'length': 89, 'task_mapping': {'task-2': 1, 'task-4': 1, 'task-8': 0, 'task-9': 1}}
INFO:root:    {'cost': 54.48427295614383, 'length': 51, 'task_mapping': {'task-7': 0, 'task-8': 0}}
INFO:root:    {'cost': 121.64062730133051, 'length': 88, 'task_mapping': {'task-3': 1, 'task-6': 1, 'task-9': 0}}
INFO:root:    {'cost': 144.53486394722222, 'length': 89, 'task_mapping': {'task-1': 0, 'task-2': 1, 'task-4': 1}}
INFO:root:subproblem objective was non-negative; ending the iteration.
INFO:root:master model solution is not integer
WARNING:root:Master model reconstruction 0.579413 vs MM relaxation 0.574817
INFO:root:branching
supports={'task-7': 0}, non supports=['task-5', 'task-2', 'task-6']
INFO:root:PATTERNS 31
INFO:root:    {'cost': 113.85702495976349, 'length': 78, 'task_mapping': {'task-1': 0, 'task-3': 1, 'task-4': 0, 'task-6': 1, 'task-8': 1}}
INFO:root:    {'cost': 9.044143828192128, 'length': 16, 'task_mapping': {'task-9': 1}}
INFO:root:    {'cost': 6.1036055469654915, 'length': 13, 'task_mapping': {'task-0': 1}}
INFO:root:    {'cost': 122.47970241170195, 'length': 78, 'task_mapping': {'task-0': 1, 'task-1': 0, 'task-4': 0, 'task-5': 1, 'task-9': 1}}
INFO:root:    {'cost': 95.0175418515115, 'length': 78, 'task_mapping': {'task-0': 1, 'task-1': 0, 'task-2': 1, 'task-4': 0, 'task-9': 1}}
INFO:root:    {'cost': 65.08872709378664, 'length': 69, 'task_mapping': {'task-0': 1, 'task-4': 0, 'task-5': 0, 'task-6': 1, 'task-9': 1}}
INFO:root:    {'cost': 83.66057454204088, 'length': 51, 'task_mapping': {'task-2': 0, 'task-3': 1, 'task-6': 1, 'task-8': 0, 'task-9': 1}}
INFO:root:    {'cost': 96.52643476075217, 'length': 78, 'task_mapping': {'task-1': 0, 'task-2': 1, 'task-5': 0, 'task-6': 1, 'task-9': 1}}
INFO:root:    {'cost': 94.66847115065475, 'length': 78, 'task_mapping': {'task-0': 1, 'task-1': 0, 'task-2': 1, 'task-4': 0, 'task-6': 1}}
INFO:root:    {'cost': 127.13007470295338, 'length': 78, 'task_mapping': {'task-1': 0, 'task-2': 1, 'task-3': 1, 'task-4': 0, 'task-8': 1}}
INFO:root:    {'cost': 64.72165761661958, 'length': 51, 'task_mapping': {'task-3': 1, 'task-5': 0, 'task-6': 1, 'task-8': 0}}
INFO:root:    {'cost': 99.12437879011728, 'length': 78, 'task_mapping': {'task-1': 0, 'task-2': 1, 'task-6': 1, 'task-8': 0, 'task-9': 1}}
INFO:root:    {'cost': 63.90436233454045, 'length': 69, 'task_mapping': {'task-4': 0, 'task-6': 1, 'task-8': 0, 'task-9': 1}}
INFO:root:    {'cost': 60.76940727792683, 'length': 51, 'task_mapping': {'task-0': 1, 'task-3': 1, 'task-5': 0, 'task-8': 0, 'task-9': 1}}
INFO:root:    {'cost': 92.82497029930568, 'length': 78, 'task_mapping': {'task-1': 0, 'task-2': 1, 'task-4': 0, 'task-6': 1, 'task-9': 1}}
INFO:root:    {'cost': 111.95315838134454, 'length': 78, 'task_mapping': {'task-1': 0, 'task-2': 1, 'task-3': 1, 'task-6': 1, 'task-8': 0}}
INFO:root:    {'cost': 113.95222441086938, 'length': 78, 'task_mapping': {'task-1': 0, 'task-2': 1, 'task-4': 0, 'task-6': 1, 'task-8': 1}}
INFO:root:    {'cost': 105.65374989053294, 'length': 78, 'task_mapping': {'task-1': 0, 'task-2': 1, 'task-3': 1, 'task-4': 0, 'task-6': 1}}
INFO:root:    {'cost': 78.67194986302994, 'length': 69, 'task_mapping': {'task-3': 1, 'task-4': 0, 'task-6': 1, 'task-8': 0, 'task-9': 1}}
INFO:root:    {'cost': 53.31143214885624, 'length': 51, 'task_mapping': {'task-0': 1, 'task-3': 1, 'task-8': 0, 'task-9': 1}}
INFO:root:    {'cost': 47.590315422982734, 'length': 51, 'task_mapping': {'task-3': 1, 'task-8': 0}}
INFO:root:    {'cost': 50.31989800243708, 'length': 69, 'task_mapping': {'task-4': 0}}
INFO:root:    {'cost': 78.13510260748913, 'length': 78, 'task_mapping': {'task-1': 0, 'task-5': 0}}
INFO:root:    {'cost': 13.56158067603608, 'length': 13, 'task_mapping': {'task-0': 1, 'task-5': 0}}
INFO:root:    {'cost': 85.44471500690801, 'length': 78, 'task_mapping': {'task-1': 0, 'task-3': 1}}
INFO:root:    {'cost': 154.3240308581622, 'length': 89, 'task_mapping': {'task-2': 1, 'task-4': 1, 'task-8': 0, 'task-9': 1}}
INFO:root:    {'cost': 121.64062730133051, 'length': 88, 'task_mapping': {'task-3': 1, 'task-6': 1, 'task-9': 0}}
INFO:root:    {'cost': 144.53486394722222, 'length': 89, 'task_mapping': {'task-1': 0, 'task-2': 1, 'task-4': 1}}
INFO:root:    {'cost': 34.37191830547032, 'length': 50, 'task_mapping': {'task-0': 1, 'task-7': 0}}
INFO:root:    {'cost': 222.5615832014237, 'length': 88, 'task_mapping': {'task-1': 1, 'task-2': 1, 'task-5': 1, 'task-9': 0}}
INFO:root:    {'cost': 152.4979408105997, 'length': 89, 'task_mapping': {'task-3': 0, 'task-4': 1, 'task-6': 1, 'task-8': 1}}
INFO:root:  found pattern {'cost': 35.43357023701917, 'length': 50, 'task_mapping': {'task-5': 0, 'task-7': 0}}, -12.499928744487239
INFO:root:  found pattern {'cost': 25.94517894883126, 'length': 50, 'task_mapping': {'task-7': 0}}, -2.3231338096736147
INFO:root:Relaxation 0.6232110043642841 is worse than best obj 0.5794126032267738
INFO:root:subproblem objective was non-negative; ending the iteration.
INFO:root:master model solution (0.623211) is pruned by best-so-far solution (0.579413).
INFO:root:branching
supports={'task-7': 1}, non supports=['task-5', 'task-2', 'task-6']
INFO:root:PATTERNS 34
INFO:root:    {'cost': 113.85702495976349, 'length': 78, 'task_mapping': {'task-1': 0, 'task-3': 1, 'task-4': 0, 'task-6': 1, 'task-8': 1}}
INFO:root:    {'cost': 9.044143828192128, 'length': 16, 'task_mapping': {'task-9': 1}}
INFO:root:    {'cost': 6.1036055469654915, 'length': 13, 'task_mapping': {'task-0': 1}}
INFO:root:    {'cost': 122.47970241170195, 'length': 78, 'task_mapping': {'task-0': 1, 'task-1': 0, 'task-4': 0, 'task-5': 1, 'task-9': 1}}
INFO:root:    {'cost': 95.0175418515115, 'length': 78, 'task_mapping': {'task-0': 1, 'task-1': 0, 'task-2': 1, 'task-4': 0, 'task-9': 1}}
INFO:root:    {'cost': 65.08872709378664, 'length': 69, 'task_mapping': {'task-0': 1, 'task-4': 0, 'task-5': 0, 'task-6': 1, 'task-9': 1}}
INFO:root:    {'cost': 83.66057454204088, 'length': 51, 'task_mapping': {'task-2': 0, 'task-3': 1, 'task-6': 1, 'task-8': 0, 'task-9': 1}}
INFO:root:    {'cost': 96.52643476075217, 'length': 78, 'task_mapping': {'task-1': 0, 'task-2': 1, 'task-5': 0, 'task-6': 1, 'task-9': 1}}
INFO:root:    {'cost': 94.66847115065475, 'length': 78, 'task_mapping': {'task-0': 1, 'task-1': 0, 'task-2': 1, 'task-4': 0, 'task-6': 1}}
INFO:root:    {'cost': 127.13007470295338, 'length': 78, 'task_mapping': {'task-1': 0, 'task-2': 1, 'task-3': 1, 'task-4': 0, 'task-8': 1}}
INFO:root:    {'cost': 64.72165761661958, 'length': 51, 'task_mapping': {'task-3': 1, 'task-5': 0, 'task-6': 1, 'task-8': 0}}
INFO:root:    {'cost': 99.12437879011728, 'length': 78, 'task_mapping': {'task-1': 0, 'task-2': 1, 'task-6': 1, 'task-8': 0, 'task-9': 1}}
INFO:root:    {'cost': 21.558574703159557, 'length': 14, 'task_mapping': {'task-5': 0, 'task-7': 1}}
INFO:root:    {'cost': 63.90436233454045, 'length': 69, 'task_mapping': {'task-4': 0, 'task-6': 1, 'task-8': 0, 'task-9': 1}}
INFO:root:    {'cost': 60.76940727792683, 'length': 51, 'task_mapping': {'task-0': 1, 'task-3': 1, 'task-5': 0, 'task-8': 0, 'task-9': 1}}
INFO:root:    {'cost': 92.82497029930568, 'length': 78, 'task_mapping': {'task-1': 0, 'task-2': 1, 'task-4': 0, 'task-6': 1, 'task-9': 1}}
INFO:root:    {'cost': 111.95315838134454, 'length': 78, 'task_mapping': {'task-1': 0, 'task-2': 1, 'task-3': 1, 'task-6': 1, 'task-8': 0}}
INFO:root:    {'cost': 113.95222441086938, 'length': 78, 'task_mapping': {'task-1': 0, 'task-2': 1, 'task-4': 0, 'task-6': 1, 'task-8': 1}}
INFO:root:    {'cost': 25.340883491770857, 'length': 14, 'task_mapping': {'task-0': 1, 'task-5': 0, 'task-7': 1}}
INFO:root:    {'cost': 105.65374989053294, 'length': 78, 'task_mapping': {'task-1': 0, 'task-2': 1, 'task-3': 1, 'task-4': 0, 'task-6': 1}}
INFO:root:    {'cost': 78.67194986302994, 'length': 69, 'task_mapping': {'task-3': 1, 'task-4': 0, 'task-6': 1, 'task-8': 0, 'task-9': 1}}
INFO:root:    {'cost': 53.31143214885624, 'length': 51, 'task_mapping': {'task-0': 1, 'task-3': 1, 'task-8': 0, 'task-9': 1}}
INFO:root:    {'cost': 47.590315422982734, 'length': 51, 'task_mapping': {'task-3': 1, 'task-8': 0}}
INFO:root:    {'cost': 50.31989800243708, 'length': 69, 'task_mapping': {'task-4': 0}}
INFO:root:    {'cost': 78.13510260748913, 'length': 78, 'task_mapping': {'task-1': 0, 'task-5': 0}}
INFO:root:    {'cost': 13.56158067603608, 'length': 13, 'task_mapping': {'task-0': 1, 'task-5': 0}}
INFO:root:    {'cost': 85.44471500690801, 'length': 78, 'task_mapping': {'task-1': 0, 'task-3': 1}}
INFO:root:    {'cost': 154.3240308581622, 'length': 89, 'task_mapping': {'task-2': 1, 'task-4': 1, 'task-8': 0, 'task-9': 1}}
INFO:root:    {'cost': 121.64062730133051, 'length': 88, 'task_mapping': {'task-3': 1, 'task-6': 1, 'task-9': 0}}
INFO:root:    {'cost': 144.53486394722222, 'length': 89, 'task_mapping': {'task-1': 0, 'task-2': 1, 'task-4': 1}}
INFO:root:    {'cost': 14.100599574088967, 'length': 14, 'task_mapping': {'task-7': 1}}
INFO:root:    {'cost': 49.813026608813914, 'length': 60, 'task_mapping': {'task-0': 1, 'task-8': 1}}
INFO:root:    {'cost': 222.5615832014237, 'length': 88, 'task_mapping': {'task-1': 1, 'task-2': 1, 'task-5': 1, 'task-9': 0}}
INFO:root:    {'cost': 129.43187876177376, 'length': 89, 'task_mapping': {'task-3': 0, 'task-4': 1, 'task-6': 1}}
INFO:root:subproblem objective was non-negative; ending the iteration.
INFO:root:master model solution is not integer
WARNING:root:Master model reconstruction 0.589880 vs MM relaxation 0.578306
INFO:root:branching
supports={'task-7': 1, 'task-8': 1}, non supports=['task-5', 'task-2', 'task-6']
INFO:root:PATTERNS 23
INFO:root:    {'cost': 9.044143828192128, 'length': 16, 'task_mapping': {'task-9': 1}}
INFO:root:    {'cost': 6.1036055469654915, 'length': 13, 'task_mapping': {'task-0': 1}}
INFO:root:    {'cost': 122.47970241170195, 'length': 78, 'task_mapping': {'task-0': 1, 'task-1': 0, 'task-4': 0, 'task-5': 1, 'task-9': 1}}
INFO:root:    {'cost': 95.0175418515115, 'length': 78, 'task_mapping': {'task-0': 1, 'task-1': 0, 'task-2': 1, 'task-4': 0, 'task-9': 1}}
INFO:root:    {'cost': 65.08872709378664, 'length': 69, 'task_mapping': {'task-0': 1, 'task-4': 0, 'task-5': 0, 'task-6': 1, 'task-9': 1}}
INFO:root:    {'cost': 96.52643476075217, 'length': 78, 'task_mapping': {'task-1': 0, 'task-2': 1, 'task-5': 0, 'task-6': 1, 'task-9': 1}}
INFO:root:    {'cost': 94.66847115065475, 'length': 78, 'task_mapping': {'task-0': 1, 'task-1': 0, 'task-2': 1, 'task-4': 0, 'task-6': 1}}
INFO:root:    {'cost': 21.558574703159557, 'length': 14, 'task_mapping': {'task-5': 0, 'task-7': 1}}
INFO:root:    {'cost': 92.82497029930568, 'length': 78, 'task_mapping': {'task-1': 0, 'task-2': 1, 'task-4': 0, 'task-6': 1, 'task-9': 1}}
INFO:root:    {'cost': 25.340883491770857, 'length': 14, 'task_mapping': {'task-0': 1, 'task-5': 0, 'task-7': 1}}
INFO:root:    {'cost': 105.65374989053294, 'length': 78, 'task_mapping': {'task-1': 0, 'task-2': 1, 'task-3': 1, 'task-4': 0, 'task-6': 1}}
INFO:root:    {'cost': 50.31989800243708, 'length': 69, 'task_mapping': {'task-4': 0}}
INFO:root:    {'cost': 78.13510260748913, 'length': 78, 'task_mapping': {'task-1': 0, 'task-5': 0}}
INFO:root:    {'cost': 13.56158067603608, 'length': 13, 'task_mapping': {'task-0': 1, 'task-5': 0}}
INFO:root:    {'cost': 85.44471500690801, 'length': 78, 'task_mapping': {'task-1': 0, 'task-3': 1}}
INFO:root:    {'cost': 121.64062730133051, 'length': 88, 'task_mapping': {'task-3': 1, 'task-6': 1, 'task-9': 0}}
INFO:root:    {'cost': 144.53486394722222, 'length': 89, 'task_mapping': {'task-1': 0, 'task-2': 1, 'task-4': 1}}
INFO:root:    {'cost': 14.100599574088967, 'length': 14, 'task_mapping': {'task-7': 1}}
INFO:root:    {'cost': 49.813026608813914, 'length': 60, 'task_mapping': {'task-0': 1, 'task-8': 1}}
INFO:root:    {'cost': 222.5615832014237, 'length': 88, 'task_mapping': {'task-1': 1, 'task-2': 1, 'task-5': 1, 'task-9': 0}}
INFO:root:    {'cost': 129.43187876177376, 'length': 89, 'task_mapping': {'task-3': 0, 'task-4': 1, 'task-6': 1}}
INFO:root:    {'cost': 115.527991308433, 'length': 60, 'task_mapping': {'task-0': 1, 'task-2': 1, 'task-3': 0, 'task-8': 1}}
INFO:root:    {'cost': 179.20931603380416, 'length': 89, 'task_mapping': {'task-1': 1, 'task-4': 1, 'task-6': 0, 'task-9': 1}}
INFO:root:  found pattern {'cost': 91.14003361179432, 'length': 78, 'task_mapping': {'task-1': 0, 'task-3': 1, 'task-4': 0, 'task-9': 1}}, -23.557860106930747
INFO:root:  found pattern {'cost': 92.72977084819979, 'length': 78, 'task_mapping': {'task-1': 0, 'task-3': 1, 'task-4': 0, 'task-6': 1, 'task-9': 1}}, -21.96812287052532
INFO:root:  found pattern {'cost': 66.4174671055648, 'length': 60, 'task_mapping': {'task-3': 1, 'task-8': 1, 'task-9': 1}}, -14.312626750860652
INFO:root:  found pattern {'cost': 67.02629346818877, 'length': 69, 'task_mapping': {'task-3': 1, 'task-4': 0, 'task-9': 1}}, -1.840176909805237
INFO:root:  found pattern {'cost': 69.17842777818879, 'length': 60, 'task_mapping': {'task-3': 1, 'task-5': 0, 'task-8': 1}}, -2.7582065191843625
INFO:root:  found pattern {'cost': 106.00282059138968, 'length': 78, 'task_mapping': {'task-1': 0, 'task-2': 1, 'task-3': 1, 'task-4': 0, 'task-9': 1}}, -1.5341670400122212
INFO:root:  found pattern {'cost': 68.61603070459424, 'length': 69, 'task_mapping': {'task-3': 1, 'task-4': 0, 'task-6': 1, 'task-9': 1}}, -2.1461867795982883
INFO:root:  found pattern {'cost': 65.5027614377295, 'length': 60, 'task_mapping': {'task-0': 1, 'task-3': 1, 'task-8': 1}}, -1.224039479172177
INFO:root:Relaxation 0.6401647916021165 is worse than best obj 0.5794126032267738
INFO:root:subproblem objective was non-negative; ending the iteration.
INFO:root:master model solution (0.640165) is pruned by best-so-far solution (0.579413).
INFO:root:branching
supports={'task-7': 1, 'task-8': 0}, non supports=['task-5', 'task-2', 'task-6']
INFO:root:PATTERNS 28
INFO:root:    {'cost': 9.044143828192128, 'length': 16, 'task_mapping': {'task-9': 1}}
INFO:root:    {'cost': 6.1036055469654915, 'length': 13, 'task_mapping': {'task-0': 1}}
INFO:root:    {'cost': 122.47970241170195, 'length': 78, 'task_mapping': {'task-0': 1, 'task-1': 0, 'task-4': 0, 'task-5': 1, 'task-9': 1}}
INFO:root:    {'cost': 95.0175418515115, 'length': 78, 'task_mapping': {'task-0': 1, 'task-1': 0, 'task-2': 1, 'task-4': 0, 'task-9': 1}}
INFO:root:    {'cost': 65.08872709378664, 'length': 69, 'task_mapping': {'task-0': 1, 'task-4': 0, 'task-5': 0, 'task-6': 1, 'task-9': 1}}
INFO:root:    {'cost': 83.66057454204088, 'length': 51, 'task_mapping': {'task-2': 0, 'task-3': 1, 'task-6': 1, 'task-8': 0, 'task-9': 1}}
INFO:root:    {'cost': 96.52643476075217, 'length': 78, 'task_mapping': {'task-1': 0, 'task-2': 1, 'task-5': 0, 'task-6': 1, 'task-9': 1}}
INFO:root:    {'cost': 94.66847115065475, 'length': 78, 'task_mapping': {'task-0': 1, 'task-1': 0, 'task-2': 1, 'task-4': 0, 'task-6': 1}}
INFO:root:    {'cost': 64.72165761661958, 'length': 51, 'task_mapping': {'task-3': 1, 'task-5': 0, 'task-6': 1, 'task-8': 0}}
INFO:root:    {'cost': 21.558574703159557, 'length': 14, 'task_mapping': {'task-5': 0, 'task-7': 1}}
INFO:root:    {'cost': 60.76940727792683, 'length': 51, 'task_mapping': {'task-0': 1, 'task-3': 1, 'task-5': 0, 'task-8': 0, 'task-9': 1}}
INFO:root:    {'cost': 92.82497029930568, 'length': 78, 'task_mapping': {'task-1': 0, 'task-2': 1, 'task-4': 0, 'task-6': 1, 'task-9': 1}}
INFO:root:    {'cost': 25.340883491770857, 'length': 14, 'task_mapping': {'task-0': 1, 'task-5': 0, 'task-7': 1}}
INFO:root:    {'cost': 105.65374989053294, 'length': 78, 'task_mapping': {'task-1': 0, 'task-2': 1, 'task-3': 1, 'task-4': 0, 'task-6': 1}}
INFO:root:    {'cost': 53.31143214885624, 'length': 51, 'task_mapping': {'task-0': 1, 'task-3': 1, 'task-8': 0, 'task-9': 1}}
INFO:root:    {'cost': 47.590315422982734, 'length': 51, 'task_mapping': {'task-3': 1, 'task-8': 0}}
INFO:root:    {'cost': 50.31989800243708, 'length': 69, 'task_mapping': {'task-4': 0}}
INFO:root:    {'cost': 78.13510260748913, 'length': 78, 'task_mapping': {'task-1': 0, 'task-5': 0}}
INFO:root:    {'cost': 13.56158067603608, 'length': 13, 'task_mapping': {'task-0': 1, 'task-5': 0}}
INFO:root:    {'cost': 85.44471500690801, 'length': 78, 'task_mapping': {'task-1': 0, 'task-3': 1}}
INFO:root:    {'cost': 121.64062730133051, 'length': 88, 'task_mapping': {'task-3': 1, 'task-6': 1, 'task-9': 0}}
INFO:root:    {'cost': 144.53486394722222, 'length': 89, 'task_mapping': {'task-1': 0, 'task-2': 1, 'task-4': 1}}
INFO:root:    {'cost': 14.100599574088967, 'length': 14, 'task_mapping': {'task-7': 1}}
INFO:root:    {'cost': 222.5615832014237, 'length': 88, 'task_mapping': {'task-1': 1, 'task-2': 1, 'task-5': 1, 'task-9': 0}}
INFO:root:    {'cost': 129.43187876177376, 'length': 89, 'task_mapping': {'task-3': 0, 'task-4': 1, 'task-6': 1}}
INFO:root:    {'cost': 61.55956492583074, 'length': 51, 'task_mapping': {'task-0': 1, 'task-6': 0, 'task-8': 0}}
INFO:root:    {'cost': 120.05089006492504, 'length': 88, 'task_mapping': {'task-3': 1, 'task-9': 0}}
INFO:root:    {'cost': 186.5740123476341, 'length': 89, 'task_mapping': {'task-1': 1, 'task-2': 0, 'task-4': 1, 'task-5': 0}}
INFO:root:  found pattern {'cost': 74.43363814604263, 'length': 78, 'task_mapping': {'task-1': 0, 'task-4': 0}}, -14.862786979595413
INFO:root:Relaxation 0.589879605743983 is worse than best obj 0.5794126032267738
INFO:root:subproblem objective was non-negative; ending the iteration.
INFO:root:master model solution (0.589880) is pruned by best-so-far solution (0.579413).
INFO:root:branching
supports={'task-7': 1}, non supports=['task-5', 'task-2', 'task-6', 'task-8']
INFO:root:PATTERNS 30
INFO:root:    {'cost': 113.85702495976349, 'length': 78, 'task_mapping': {'task-1': 0, 'task-3': 1, 'task-4': 0, 'task-6': 1, 'task-8': 1}}
INFO:root:    {'cost': 9.044143828192128, 'length': 16, 'task_mapping': {'task-9': 1}}
INFO:root:    {'cost': 6.1036055469654915, 'length': 13, 'task_mapping': {'task-0': 1}}
INFO:root:    {'cost': 122.47970241170195, 'length': 78, 'task_mapping': {'task-0': 1, 'task-1': 0, 'task-4': 0, 'task-5': 1, 'task-9': 1}}
INFO:root:    {'cost': 95.0175418515115, 'length': 78, 'task_mapping': {'task-0': 1, 'task-1': 0, 'task-2': 1, 'task-4': 0, 'task-9': 1}}
INFO:root:    {'cost': 65.08872709378664, 'length': 69, 'task_mapping': {'task-0': 1, 'task-4': 0, 'task-5': 0, 'task-6': 1, 'task-9': 1}}
INFO:root:    {'cost': 96.52643476075217, 'length': 78, 'task_mapping': {'task-1': 0, 'task-2': 1, 'task-5': 0, 'task-6': 1, 'task-9': 1}}
INFO:root:    {'cost': 94.66847115065475, 'length': 78, 'task_mapping': {'task-0': 1, 'task-1': 0, 'task-2': 1, 'task-4': 0, 'task-6': 1}}
INFO:root:    {'cost': 127.13007470295338, 'length': 78, 'task_mapping': {'task-1': 0, 'task-2': 1, 'task-3': 1, 'task-4': 0, 'task-8': 1}}
INFO:root:    {'cost': 99.12437879011728, 'length': 78, 'task_mapping': {'task-1': 0, 'task-2': 1, 'task-6': 1, 'task-8': 0, 'task-9': 1}}
INFO:root:    {'cost': 21.558574703159557, 'length': 14, 'task_mapping': {'task-5': 0, 'task-7': 1}}
INFO:root:    {'cost': 63.90436233454045, 'length': 69, 'task_mapping': {'task-4': 0, 'task-6': 1, 'task-8': 0, 'task-9': 1}}
INFO:root:    {'cost': 92.82497029930568, 'length': 78, 'task_mapping': {'task-1': 0, 'task-2': 1, 'task-4': 0, 'task-6': 1, 'task-9': 1}}
INFO:root:    {'cost': 111.95315838134454, 'length': 78, 'task_mapping': {'task-1': 0, 'task-2': 1, 'task-3': 1, 'task-6': 1, 'task-8': 0}}
INFO:root:    {'cost': 113.95222441086938, 'length': 78, 'task_mapping': {'task-1': 0, 'task-2': 1, 'task-4': 0, 'task-6': 1, 'task-8': 1}}
INFO:root:    {'cost': 25.340883491770857, 'length': 14, 'task_mapping': {'task-0': 1, 'task-5': 0, 'task-7': 1}}
INFO:root:    {'cost': 105.65374989053294, 'length': 78, 'task_mapping': {'task-1': 0, 'task-2': 1, 'task-3': 1, 'task-4': 0, 'task-6': 1}}
INFO:root:    {'cost': 78.67194986302994, 'length': 69, 'task_mapping': {'task-3': 1, 'task-4': 0, 'task-6': 1, 'task-8': 0, 'task-9': 1}}
INFO:root:    {'cost': 50.31989800243708, 'length': 69, 'task_mapping': {'task-4': 0}}
INFO:root:    {'cost': 78.13510260748913, 'length': 78, 'task_mapping': {'task-1': 0, 'task-5': 0}}
INFO:root:    {'cost': 13.56158067603608, 'length': 13, 'task_mapping': {'task-0': 1, 'task-5': 0}}
INFO:root:    {'cost': 85.44471500690801, 'length': 78, 'task_mapping': {'task-1': 0, 'task-3': 1}}
INFO:root:    {'cost': 154.3240308581622, 'length': 89, 'task_mapping': {'task-2': 1, 'task-4': 1, 'task-8': 0, 'task-9': 1}}
INFO:root:    {'cost': 121.64062730133051, 'length': 88, 'task_mapping': {'task-3': 1, 'task-6': 1, 'task-9': 0}}
INFO:root:    {'cost': 144.53486394722222, 'length': 89, 'task_mapping': {'task-1': 0, 'task-2': 1, 'task-4': 1}}
INFO:root:    {'cost': 14.100599574088967, 'length': 14, 'task_mapping': {'task-7': 1}}
INFO:root:    {'cost': 222.5615832014237, 'length': 88, 'task_mapping': {'task-1': 1, 'task-2': 1, 'task-5': 1, 'task-9': 0}}
INFO:root:    {'cost': 129.43187876177376, 'length': 89, 'task_mapping': {'task-3': 0, 'task-4': 1, 'task-6': 1}}
INFO:root:    {'cost': 102.14761637790855, 'length': 68, 'task_mapping': {'task-0': 0, 'task-3': 1}}
INFO:root:    {'cost': 113.98692467224225, 'length': 89, 'task_mapping': {'task-4': 1, 'task-6': 1, 'task-8': 0}}
INFO:root:  found pattern {'cost': 105.26986233483849, 'length': 69, 'task_mapping': {'task-2': 1, 'task-3': 1, 'task-4': 0, 'task-8': 0, 'task-9': 1}}, -30.904356196307077
INFO:root:  found pattern {'cost': 32.60195696530156, 'length': 19, 'task_mapping': {'task-3': 1, 'task-5': 0, 'task-9': 1}}, -8.094382169734757
INFO:root:  found pattern {'cost': 28.926290624842267, 'length': 19, 'task_mapping': {'task-0': 1, 'task-3': 1, 'task-9': 1}}, -4.6425935167085015
INFO:root:  found pattern {'cost': 112.30222908220128, 'length': 78, 'task_mapping': {'task-1': 0, 'task-2': 1, 'task-3': 1, 'task-8': 0, 'task-9': 1}}, -0.18362145738852576
INFO:root:  found pattern {'cost': 36.38426575391286, 'length': 19, 'task_mapping': {'task-0': 1, 'task-3': 1, 'task-5': 0, 'task-9': 1}}, -0.22034574886629166
INFO:root:Relaxation 0.5844012241637186 is worse than best obj 0.5794126032267738
INFO:root:subproblem objective was non-negative; ending the iteration.
INFO:root:master model solution (0.584401) is pruned by best-so-far solution (0.579413).
INFO:root:branching
supports={}, non supports=['task-5', 'task-2', 'task-6', 'task-7']
INFO:root:PATTERNS 40
INFO:root:    {'cost': 113.85702495976349, 'length': 78, 'task_mapping': {'task-1': 0, 'task-3': 1, 'task-4': 0, 'task-6': 1, 'task-8': 1}}
INFO:root:    {'cost': 9.044143828192128, 'length': 16, 'task_mapping': {'task-9': 1}}
INFO:root:    {'cost': 6.1036055469654915, 'length': 13, 'task_mapping': {'task-0': 1}}
INFO:root:    {'cost': 67.20038659506375, 'length': 69, 'task_mapping': {'task-0': 1, 'task-4': 0, 'task-7': 1, 'task-9': 1}}
INFO:root:    {'cost': 122.47970241170195, 'length': 78, 'task_mapping': {'task-0': 1, 'task-1': 0, 'task-4': 0, 'task-5': 1, 'task-9': 1}}
INFO:root:    {'cost': 95.0175418515115, 'length': 78, 'task_mapping': {'task-0': 1, 'task-1': 0, 'task-2': 1, 'task-4': 0, 'task-9': 1}}
INFO:root:    {'cost': 65.08872709378664, 'length': 69, 'task_mapping': {'task-0': 1, 'task-4': 0, 'task-5': 0, 'task-6': 1, 'task-9': 1}}
INFO:root:    {'cost': 43.761328832054716, 'length': 19, 'task_mapping': {'task-3': 1, 'task-5': 0, 'task-7': 1, 'task-9': 1}}
INFO:root:    {'cost': 57.16119161619051, 'length': 51, 'task_mapping': {'task-0': 1, 'task-5': 0, 'task-7': 1, 'task-8': 0, 'task-9': 1}}
INFO:root:    {'cost': 89.12155518646347, 'length': 78, 'task_mapping': {'task-1': 0, 'task-4': 0, 'task-6': 1, 'task-7': 1, 'task-9': 1}}
INFO:root:    {'cost': 83.66057454204088, 'length': 51, 'task_mapping': {'task-2': 0, 'task-3': 1, 'task-6': 1, 'task-8': 0, 'task-9': 1}}
INFO:root:    {'cost': 96.52643476075217, 'length': 78, 'task_mapping': {'task-1': 0, 'task-2': 1, 'task-5': 0, 'task-6': 1, 'task-9': 1}}
INFO:root:    {'cost': 94.66847115065475, 'length': 78, 'task_mapping': {'task-0': 1, 'task-1': 0, 'task-2': 1, 'task-4': 0, 'task-6': 1}}
INFO:root:    {'cost': 114.49042626432944, 'length': 69, 'task_mapping': {'task-2': 1, 'task-3': 1, 'task-4': 0, 'task-7': 1, 'task-8': 0}}
INFO:root:    {'cost': 121.52279301169223, 'length': 78, 'task_mapping': {'task-1': 0, 'task-2': 1, 'task-3': 1, 'task-7': 1, 'task-8': 0}}
INFO:root:    {'cost': 127.13007470295338, 'length': 78, 'task_mapping': {'task-1': 0, 'task-2': 1, 'task-3': 1, 'task-4': 0, 'task-8': 1}}
INFO:root:    {'cost': 87.89251379252087, 'length': 69, 'task_mapping': {'task-3': 1, 'task-4': 0, 'task-6': 1, 'task-7': 1, 'task-8': 0}}
INFO:root:    {'cost': 64.72165761661958, 'length': 51, 'task_mapping': {'task-3': 1, 'task-5': 0, 'task-6': 1, 'task-8': 0}}
INFO:root:    {'cost': 99.12437879011728, 'length': 78, 'task_mapping': {'task-1': 0, 'task-2': 1, 'task-6': 1, 'task-8': 0, 'task-9': 1}}
INFO:root:    {'cost': 63.90436233454045, 'length': 69, 'task_mapping': {'task-4': 0, 'task-6': 1, 'task-8': 0, 'task-9': 1}}
INFO:root:    {'cost': 60.76940727792683, 'length': 51, 'task_mapping': {'task-0': 1, 'task-3': 1, 'task-5': 0, 'task-8': 0, 'task-9': 1}}
INFO:root:    {'cost': 92.82497029930568, 'length': 78, 'task_mapping': {'task-1': 0, 'task-2': 1, 'task-4': 0, 'task-6': 1, 'task-9': 1}}
INFO:root:    {'cost': 60.6884952269981, 'length': 51, 'task_mapping': {'task-3': 1, 'task-7': 1, 'task-8': 0, 'task-9': 1}}
INFO:root:    {'cost': 111.95315838134454, 'length': 78, 'task_mapping': {'task-1': 0, 'task-2': 1, 'task-3': 1, 'task-6': 1, 'task-8': 0}}
INFO:root:    {'cost': 113.95222441086938, 'length': 78, 'task_mapping': {'task-1': 0, 'task-2': 1, 'task-4': 0, 'task-6': 1, 'task-8': 1}}
INFO:root:    {'cost': 105.65374989053294, 'length': 78, 'task_mapping': {'task-1': 0, 'task-2': 1, 'task-3': 1, 'task-4': 0, 'task-6': 1}}
INFO:root:    {'cost': 78.67194986302994, 'length': 69, 'task_mapping': {'task-3': 1, 'task-4': 0, 'task-6': 1, 'task-8': 0, 'task-9': 1}}
INFO:root:    {'cost': 53.31143214885624, 'length': 51, 'task_mapping': {'task-0': 1, 'task-3': 1, 'task-8': 0, 'task-9': 1}}
INFO:root:    {'cost': 47.590315422982734, 'length': 51, 'task_mapping': {'task-3': 1, 'task-8': 0}}
INFO:root:    {'cost': 50.31989800243708, 'length': 69, 'task_mapping': {'task-4': 0}}
INFO:root:    {'cost': 78.13510260748913, 'length': 78, 'task_mapping': {'task-1': 0, 'task-5': 0}}
INFO:root:    {'cost': 13.56158067603608, 'length': 13, 'task_mapping': {'task-0': 1, 'task-5': 0}}
INFO:root:    {'cost': 85.44471500690801, 'length': 78, 'task_mapping': {'task-1': 0, 'task-3': 1}}
INFO:root:    {'cost': 154.3240308581622, 'length': 89, 'task_mapping': {'task-2': 1, 'task-4': 1, 'task-8': 0, 'task-9': 1}}
INFO:root:    {'cost': 54.48427295614383, 'length': 51, 'task_mapping': {'task-7': 0, 'task-8': 0}}
INFO:root:    {'cost': 121.64062730133051, 'length': 88, 'task_mapping': {'task-3': 1, 'task-6': 1, 'task-9': 0}}
INFO:root:    {'cost': 144.53486394722222, 'length': 89, 'task_mapping': {'task-1': 0, 'task-2': 1, 'task-4': 1}}
INFO:root:    {'cost': 112.20353553634423, 'length': 68, 'task_mapping': {'task-0': 0, 'task-3': 1, 'task-8': 0}}
INFO:root:    {'cost': 71.98144306408766, 'length': 69, 'task_mapping': {'task-4': 0, 'task-7': 0}}
INFO:root:    {'cost': 229.34558112305743, 'length': 88, 'task_mapping': {'task-1': 1, 'task-2': 1, 'task-5': 1, 'task-6': 0, 'task-9': 0}}
INFO:root:  found pattern {'cost': 123.52185904121706, 'length': 78, 'task_mapping': {'task-1': 0, 'task-2': 1, 'task-4': 0, 'task-7': 1, 'task-8': 1}}, -4.468308881130795
INFO:root:  found pattern {'cost': 108.34494271960821, 'length': 78, 'task_mapping': {'task-1': 0, 'task-2': 1, 'task-6': 1, 'task-7': 1, 'task-8': 0}}, -4.468308881130781
INFO:root:  found pattern {'cost': 102.04553422879661, 'length': 78, 'task_mapping': {'task-1': 0, 'task-2': 1, 'task-4': 0, 'task-6': 1, 'task-7': 1}}, -2.9788725874205966
INFO:root:  found pattern {'cost': 23.98582448355658, 'length': 16, 'task_mapping': {'task-0': 1, 'task-7': 1, 'task-9': 1}}, -0.0942937902581642
INFO:root:  found pattern {'cost': 31.44379961262717, 'length': 16, 'task_mapping': {'task-0': 1, 'task-5': 0, 'task-7': 1, 'task-9': 1}}, -0.2121634933205998
INFO:root:subproblem objective was non-negative; ending the iteration.
INFO:root:master model solution is not integer
WARNING:root:Master model reconstruction 0.579413 vs MM relaxation 0.578825
INFO:root:branching
supports={'task-8': 1}, non supports=['task-5', 'task-2', 'task-6', 'task-7']
INFO:root:PATTERNS 26
INFO:root:    {'cost': 9.044143828192128, 'length': 16, 'task_mapping': {'task-9': 1}}
INFO:root:    {'cost': 6.1036055469654915, 'length': 13, 'task_mapping': {'task-0': 1}}
INFO:root:    {'cost': 67.20038659506375, 'length': 69, 'task_mapping': {'task-0': 1, 'task-4': 0, 'task-7': 1, 'task-9': 1}}
INFO:root:    {'cost': 122.47970241170195, 'length': 78, 'task_mapping': {'task-0': 1, 'task-1': 0, 'task-4': 0, 'task-5': 1, 'task-9': 1}}
INFO:root:    {'cost': 95.0175418515115, 'length': 78, 'task_mapping': {'task-0': 1, 'task-1': 0, 'task-2': 1, 'task-4': 0, 'task-9': 1}}
INFO:root:    {'cost': 65.08872709378664, 'length': 69, 'task_mapping': {'task-0': 1, 'task-4': 0, 'task-5': 0, 'task-6': 1, 'task-9': 1}}
INFO:root:    {'cost': 43.761328832054716, 'length': 19, 'task_mapping': {'task-3': 1, 'task-5': 0, 'task-7': 1, 'task-9': 1}}
INFO:root:    {'cost': 89.12155518646347, 'length': 78, 'task_mapping': {'task-1': 0, 'task-4': 0, 'task-6': 1, 'task-7': 1, 'task-9': 1}}
INFO:root:    {'cost': 96.52643476075217, 'length': 78, 'task_mapping': {'task-1': 0, 'task-2': 1, 'task-5': 0, 'task-6': 1, 'task-9': 1}}
INFO:root:    {'cost': 94.66847115065475, 'length': 78, 'task_mapping': {'task-0': 1, 'task-1': 0, 'task-2': 1, 'task-4': 0, 'task-6': 1}}
INFO:root:    {'cost': 92.82497029930568, 'length': 78, 'task_mapping': {'task-1': 0, 'task-2': 1, 'task-4': 0, 'task-6': 1, 'task-9': 1}}
INFO:root:    {'cost': 105.65374989053294, 'length': 78, 'task_mapping': {'task-1': 0, 'task-2': 1, 'task-3': 1, 'task-4': 0, 'task-6': 1}}
INFO:root:    {'cost': 50.31989800243708, 'length': 69, 'task_mapping': {'task-4': 0}}
INFO:root:    {'cost': 78.13510260748913, 'length': 78, 'task_mapping': {'task-1': 0, 'task-5': 0}}
INFO:root:    {'cost': 13.56158067603608, 'length': 13, 'task_mapping': {'task-0': 1, 'task-5': 0}}
INFO:root:    {'cost': 85.44471500690801, 'length': 78, 'task_mapping': {'task-1': 0, 'task-3': 1}}
INFO:root:    {'cost': 121.64062730133051, 'length': 88, 'task_mapping': {'task-3': 1, 'task-6': 1, 'task-9': 0}}
INFO:root:    {'cost': 144.53486394722222, 'length': 89, 'task_mapping': {'task-1': 0, 'task-2': 1, 'task-4': 1}}
INFO:root:    {'cost': 71.98144306408766, 'length': 69, 'task_mapping': {'task-4': 0, 'task-7': 0}}
INFO:root:    {'cost': 229.34558112305743, 'length': 88, 'task_mapping': {'task-1': 1, 'task-2': 1, 'task-5': 1, 'task-6': 0, 'task-9': 0}}
INFO:root:    {'cost': 102.04553422879661, 'length': 78, 'task_mapping': {'task-1': 0, 'task-2': 1, 'task-4': 0, 'task-6': 1, 'task-7': 1}}
INFO:root:    {'cost': 23.98582448355658, 'length': 16, 'task_mapping': {'task-0': 1, 'task-7': 1, 'task-9': 1}}
INFO:root:    {'cost': 31.44379961262717, 'length': 16, 'task_mapping': {'task-0': 1, 'task-5': 0, 'task-7': 1, 'task-9': 1}}
INFO:root:    {'cost': 97.76950875595557, 'length': 60, 'task_mapping': {'task-2': 0, 'task-7': 0, 'task-8': 1, 'task-9': 1}}
INFO:root:    {'cost': 87.38002884941906, 'length': 68, 'task_mapping': {'task-0': 0}}
INFO:root:    {'cost': 195.26418801246598, 'length': 89, 'task_mapping': {'task-1': 0, 'task-3': 0, 'task-4': 1, 'task-5': 1, 'task-6': 1}}
INFO:root:  found pattern {'cost': 72.96073656680011, 'length': 60, 'task_mapping': {'task-0': 1, 'task-3': 1, 'task-5': 0, 'task-8': 1}}, -54.90254756926102
INFO:root:  found pattern {'cost': 72.87982451587138, 'length': 60, 'task_mapping': {'task-3': 1, 'task-7': 1, 'task-8': 1}}, -16.684106257452505
INFO:root:  found pattern {'cost': 64.64806481602636, 'length': 60, 'task_mapping': {'task-5': 0, 'task-7': 1, 'task-8': 1}}, -19.600768823675587
INFO:root:  found pattern {'cost': 85.64364046401252, 'length': 69, 'task_mapping': {'task-3': 1, 'task-4': 0, 'task-5': 0, 'task-7': 1, 'task-9': 1}}, -2.7982989158564067
INFO:root:  found pattern {'cost': 60.972398475567076, 'length': 60, 'task_mapping': {'task-0': 1, 'task-7': 1, 'task-8': 1}}, -0.9221473004263174
INFO:root:  found pattern {'cost': 102.39460492965335, 'length': 78, 'task_mapping': {'task-1': 0, 'task-2': 1, 'task-4': 0, 'task-7': 1, 'task-9': 1}}, -1.1606483791770899
INFO:root:  found pattern {'cost': 68.43037360463767, 'length': 60, 'task_mapping': {'task-0': 1, 'task-5': 0, 'task-7': 1, 'task-8': 1}}, -1.160648379177296
INFO:root:  found pattern {'cost': 102.29940547854747, 'length': 78, 'task_mapping': {'task-1': 0, 'task-3': 1, 'task-4': 0, 'task-7': 1, 'task-9': 1}}, -0.9221473004261043
INFO:root:  found pattern {'cost': 92.72977084819979, 'length': 78, 'task_mapping': {'task-1': 0, 'task-3': 1, 'task-4': 0, 'task-6': 1, 'task-9': 1}}, -0.9221473004261327
INFO:root:  found pattern {'cost': 68.61603070459424, 'length': 69, 'task_mapping': {'task-3': 1, 'task-4': 0, 'task-6': 1, 'task-9': 1}}, -0.9221473004263885
INFO:root:  found pattern {'cost': 106.00282059138968, 'length': 78, 'task_mapping': {'task-1': 0, 'task-2': 1, 'task-3': 1, 'task-4': 0, 'task-9': 1}}, -0.9221473004261043
INFO:root:  found pattern {'cost': 80.33779964494195, 'length': 60, 'task_mapping': {'task-3': 1, 'task-5': 0, 'task-7': 1, 'task-8': 1}}, -0.41010317912325434
INFO:root:Relaxation 0.6370325323713886 is worse than best obj 0.5794126032267738
INFO:root:subproblem objective was non-negative; ending the iteration.
INFO:root:master model solution (0.637033) is pruned by best-so-far solution (0.579413).
INFO:root:branching
supports={'task-8': 0}, non supports=['task-5', 'task-2', 'task-6', 'task-7']
INFO:root:PATTERNS 34
INFO:root:    {'cost': 9.044143828192128, 'length': 16, 'task_mapping': {'task-9': 1}}
INFO:root:    {'cost': 6.1036055469654915, 'length': 13, 'task_mapping': {'task-0': 1}}
INFO:root:    {'cost': 67.20038659506375, 'length': 69, 'task_mapping': {'task-0': 1, 'task-4': 0, 'task-7': 1, 'task-9': 1}}
INFO:root:    {'cost': 122.47970241170195, 'length': 78, 'task_mapping': {'task-0': 1, 'task-1': 0, 'task-4': 0, 'task-5': 1, 'task-9': 1}}
INFO:root:    {'cost': 95.0175418515115, 'length': 78, 'task_mapping': {'task-0': 1, 'task-1': 0, 'task-2': 1, 'task-4': 0, 'task-9': 1}}
INFO:root:    {'cost': 65.08872709378664, 'length': 69, 'task_mapping': {'task-0': 1, 'task-4': 0, 'task-5': 0, 'task-6': 1, 'task-9': 1}}
INFO:root:    {'cost': 43.761328832054716, 'length': 19, 'task_mapping': {'task-3': 1, 'task-5': 0, 'task-7': 1, 'task-9': 1}}
INFO:root:    {'cost': 57.16119161619051, 'length': 51, 'task_mapping': {'task-0': 1, 'task-5': 0, 'task-7': 1, 'task-8': 0, 'task-9': 1}}
INFO:root:    {'cost': 89.12155518646347, 'length': 78, 'task_mapping': {'task-1': 0, 'task-4': 0, 'task-6': 1, 'task-7': 1, 'task-9': 1}}
INFO:root:    {'cost': 83.66057454204088, 'length': 51, 'task_mapping': {'task-2': 0, 'task-3': 1, 'task-6': 1, 'task-8': 0, 'task-9': 1}}
INFO:root:    {'cost': 96.52643476075217, 'length': 78, 'task_mapping': {'task-1': 0, 'task-2': 1, 'task-5': 0, 'task-6': 1, 'task-9': 1}}
INFO:root:    {'cost': 94.66847115065475, 'length': 78, 'task_mapping': {'task-0': 1, 'task-1': 0, 'task-2': 1, 'task-4': 0, 'task-6': 1}}
INFO:root:    {'cost': 64.72165761661958, 'length': 51, 'task_mapping': {'task-3': 1, 'task-5': 0, 'task-6': 1, 'task-8': 0}}
INFO:root:    {'cost': 60.76940727792683, 'length': 51, 'task_mapping': {'task-0': 1, 'task-3': 1, 'task-5': 0, 'task-8': 0, 'task-9': 1}}
INFO:root:    {'cost': 92.82497029930568, 'length': 78, 'task_mapping': {'task-1': 0, 'task-2': 1, 'task-4': 0, 'task-6': 1, 'task-9': 1}}
INFO:root:    {'cost': 60.6884952269981, 'length': 51, 'task_mapping': {'task-3': 1, 'task-7': 1, 'task-8': 0, 'task-9': 1}}
INFO:root:    {'cost': 105.65374989053294, 'length': 78, 'task_mapping': {'task-1': 0, 'task-2': 1, 'task-3': 1, 'task-4': 0, 'task-6': 1}}
INFO:root:    {'cost': 53.31143214885624, 'length': 51, 'task_mapping': {'task-0': 1, 'task-3': 1, 'task-8': 0, 'task-9': 1}}
INFO:root:    {'cost': 47.590315422982734, 'length': 51, 'task_mapping': {'task-3': 1, 'task-8': 0}}
INFO:root:    {'cost': 50.31989800243708, 'length': 69, 'task_mapping': {'task-4': 0}}
INFO:root:    {'cost': 78.13510260748913, 'length': 78, 'task_mapping': {'task-1': 0, 'task-5': 0}}
INFO:root:    {'cost': 13.56158067603608, 'length': 13, 'task_mapping': {'task-0': 1, 'task-5': 0}}
INFO:root:    {'cost': 85.44471500690801, 'length': 78, 'task_mapping': {'task-1': 0, 'task-3': 1}}
INFO:root:    {'cost': 54.48427295614383, 'length': 51, 'task_mapping': {'task-7': 0, 'task-8': 0}}
INFO:root:    {'cost': 121.64062730133051, 'length': 88, 'task_mapping': {'task-3': 1, 'task-6': 1, 'task-9': 0}}
INFO:root:    {'cost': 144.53486394722222, 'length': 89, 'task_mapping': {'task-1': 0, 'task-2': 1, 'task-4': 1}}
INFO:root:    {'cost': 71.98144306408766, 'length': 69, 'task_mapping': {'task-4': 0, 'task-7': 0}}
INFO:root:    {'cost': 229.34558112305743, 'length': 88, 'task_mapping': {'task-1': 1, 'task-2': 1, 'task-5': 1, 'task-6': 0, 'task-9': 0}}
INFO:root:    {'cost': 102.04553422879661, 'length': 78, 'task_mapping': {'task-1': 0, 'task-2': 1, 'task-4': 0, 'task-6': 1, 'task-7': 1}}
INFO:root:    {'cost': 23.98582448355658, 'length': 16, 'task_mapping': {'task-0': 1, 'task-7': 1, 'task-9': 1}}
INFO:root:    {'cost': 31.44379961262717, 'length': 16, 'task_mapping': {'task-0': 1, 'task-5': 0, 'task-7': 1, 'task-9': 1}}
INFO:root:    {'cost': 32.822727894493255, 'length': 51, 'task_mapping': {'task-8': 0}}
INFO:root:    {'cost': 244.2231282630743, 'length': 88, 'task_mapping': {'task-1': 1, 'task-2': 1, 'task-5': 1, 'task-7': 0, 'task-9': 0}}
INFO:root:    {'cost': 133.21418755038508, 'length': 89, 'task_mapping': {'task-0': 1, 'task-3': 0, 'task-4': 1, 'task-6': 1}}
INFO:root:subproblem objective was non-negative; ending the iteration.
INFO:root:master model solution (0.579413) is pruned by best-so-far solution (0.579413).
INFO:root:branching
supports={}, non supports=['task-5', 'task-2', 'task-6', 'task-7', 'task-8']
INFO:root:PATTERNS 40
INFO:root:    {'cost': 113.85702495976349, 'length': 78, 'task_mapping': {'task-1': 0, 'task-3': 1, 'task-4': 0, 'task-6': 1, 'task-8': 1}}
INFO:root:    {'cost': 9.044143828192128, 'length': 16, 'task_mapping': {'task-9': 1}}
INFO:root:    {'cost': 6.1036055469654915, 'length': 13, 'task_mapping': {'task-0': 1}}
INFO:root:    {'cost': 67.20038659506375, 'length': 69, 'task_mapping': {'task-0': 1, 'task-4': 0, 'task-7': 1, 'task-9': 1}}
INFO:root:    {'cost': 122.47970241170195, 'length': 78, 'task_mapping': {'task-0': 1, 'task-1': 0, 'task-4': 0, 'task-5': 1, 'task-9': 1}}
INFO:root:    {'cost': 95.0175418515115, 'length': 78, 'task_mapping': {'task-0': 1, 'task-1': 0, 'task-2': 1, 'task-4': 0, 'task-9': 1}}
INFO:root:    {'cost': 65.08872709378664, 'length': 69, 'task_mapping': {'task-0': 1, 'task-4': 0, 'task-5': 0, 'task-6': 1, 'task-9': 1}}
INFO:root:    {'cost': 43.761328832054716, 'length': 19, 'task_mapping': {'task-3': 1, 'task-5': 0, 'task-7': 1, 'task-9': 1}}
INFO:root:    {'cost': 89.12155518646347, 'length': 78, 'task_mapping': {'task-1': 0, 'task-4': 0, 'task-6': 1, 'task-7': 1, 'task-9': 1}}
INFO:root:    {'cost': 96.52643476075217, 'length': 78, 'task_mapping': {'task-1': 0, 'task-2': 1, 'task-5': 0, 'task-6': 1, 'task-9': 1}}
INFO:root:    {'cost': 94.66847115065475, 'length': 78, 'task_mapping': {'task-0': 1, 'task-1': 0, 'task-2': 1, 'task-4': 0, 'task-6': 1}}
INFO:root:    {'cost': 114.49042626432944, 'length': 69, 'task_mapping': {'task-2': 1, 'task-3': 1, 'task-4': 0, 'task-7': 1, 'task-8': 0}}
INFO:root:    {'cost': 121.52279301169223, 'length': 78, 'task_mapping': {'task-1': 0, 'task-2': 1, 'task-3': 1, 'task-7': 1, 'task-8': 0}}
INFO:root:    {'cost': 127.13007470295338, 'length': 78, 'task_mapping': {'task-1': 0, 'task-2': 1, 'task-3': 1, 'task-4': 0, 'task-8': 1}}
INFO:root:    {'cost': 87.89251379252087, 'length': 69, 'task_mapping': {'task-3': 1, 'task-4': 0, 'task-6': 1, 'task-7': 1, 'task-8': 0}}
INFO:root:    {'cost': 99.12437879011728, 'length': 78, 'task_mapping': {'task-1': 0, 'task-2': 1, 'task-6': 1, 'task-8': 0, 'task-9': 1}}
INFO:root:    {'cost': 63.90436233454045, 'length': 69, 'task_mapping': {'task-4': 0, 'task-6': 1, 'task-8': 0, 'task-9': 1}}
INFO:root:    {'cost': 92.82497029930568, 'length': 78, 'task_mapping': {'task-1': 0, 'task-2': 1, 'task-4': 0, 'task-6': 1, 'task-9': 1}}
INFO:root:    {'cost': 111.95315838134454, 'length': 78, 'task_mapping': {'task-1': 0, 'task-2': 1, 'task-3': 1, 'task-6': 1, 'task-8': 0}}
INFO:root:    {'cost': 113.95222441086938, 'length': 78, 'task_mapping': {'task-1': 0, 'task-2': 1, 'task-4': 0, 'task-6': 1, 'task-8': 1}}
INFO:root:    {'cost': 105.65374989053294, 'length': 78, 'task_mapping': {'task-1': 0, 'task-2': 1, 'task-3': 1, 'task-4': 0, 'task-6': 1}}
INFO:root:    {'cost': 78.67194986302994, 'length': 69, 'task_mapping': {'task-3': 1, 'task-4': 0, 'task-6': 1, 'task-8': 0, 'task-9': 1}}
INFO:root:    {'cost': 50.31989800243708, 'length': 69, 'task_mapping': {'task-4': 0}}
INFO:root:    {'cost': 78.13510260748913, 'length': 78, 'task_mapping': {'task-1': 0, 'task-5': 0}}
INFO:root:    {'cost': 13.56158067603608, 'length': 13, 'task_mapping': {'task-0': 1, 'task-5': 0}}
INFO:root:    {'cost': 85.44471500690801, 'length': 78, 'task_mapping': {'task-1': 0, 'task-3': 1}}
INFO:root:    {'cost': 154.3240308581622, 'length': 89, 'task_mapping': {'task-2': 1, 'task-4': 1, 'task-8': 0, 'task-9': 1}}
INFO:root:    {'cost': 121.64062730133051, 'length': 88, 'task_mapping': {'task-3': 1, 'task-6': 1, 'task-9': 0}}
INFO:root:    {'cost': 144.53486394722222, 'length': 89, 'task_mapping': {'task-1': 0, 'task-2': 1, 'task-4': 1}}
INFO:root:    {'cost': 112.20353553634423, 'length': 68, 'task_mapping': {'task-0': 0, 'task-3': 1, 'task-8': 0}}
INFO:root:    {'cost': 71.98144306408766, 'length': 69, 'task_mapping': {'task-4': 0, 'task-7': 0}}
INFO:root:    {'cost': 229.34558112305743, 'length': 88, 'task_mapping': {'task-1': 1, 'task-2': 1, 'task-5': 1, 'task-6': 0, 'task-9': 0}}
INFO:root:    {'cost': 123.52185904121706, 'length': 78, 'task_mapping': {'task-1': 0, 'task-2': 1, 'task-4': 0, 'task-7': 1, 'task-8': 1}}
INFO:root:    {'cost': 108.34494271960821, 'length': 78, 'task_mapping': {'task-1': 0, 'task-2': 1, 'task-6': 1, 'task-7': 1, 'task-8': 0}}
INFO:root:    {'cost': 102.04553422879661, 'length': 78, 'task_mapping': {'task-1': 0, 'task-2': 1, 'task-4': 0, 'task-6': 1, 'task-7': 1}}
INFO:root:    {'cost': 23.98582448355658, 'length': 16, 'task_mapping': {'task-0': 1, 'task-7': 1, 'task-9': 1}}
INFO:root:    {'cost': 31.44379961262717, 'length': 16, 'task_mapping': {'task-0': 1, 'task-5': 0, 'task-7': 1, 'task-9': 1}}
INFO:root:    {'cost': 136.3730502934876, 'length': 68, 'task_mapping': {'task-0': 0, 'task-3': 1, 'task-7': 1, 'task-8': 1}}
INFO:root:    {'cost': 108.25126779459956, 'length': 69, 'task_mapping': {'task-4': 0, 'task-5': 1, 'task-6': 0}}
INFO:root:    {'cost': 131.89958422086755, 'length': 88, 'task_mapping': {'task-1': 0, 'task-2': 1, 'task-9': 0}}
INFO:root:  found pattern {'cost': 92.09201204275448, 'length': 69, 'task_mapping': {'task-2': 1, 'task-4': 0, 'task-6': 1, 'task-8': 0, 'task-9': 1}}, -3.8882745619402783
INFO:root:  found pattern {'cost': 104.92079163398175, 'length': 69, 'task_mapping': {'task-2': 1, 'task-3': 1, 'task-4': 0, 'task-6': 1, 'task-8': 0}}, -2.777338972814505
INFO:root:  found pattern {'cost': 28.926290624842267, 'length': 19, 'task_mapping': {'task-0': 1, 'task-3': 1, 'task-9': 1}}, -2.100951009487938
INFO:root:  found pattern {'cost': 113.95222441086938, 'length': 78, 'task_mapping': {'task-1': 0, 'task-2': 1, 'task-4': 0, 'task-6': 1, 'task-8': 1}}, -1.1553900760655864
INFO:root:  found pattern {'cost': 37.273422489924826, 'length': 19, 'task_mapping': {'task-0': 1, 'task-3': 1, 'task-7': 1}}, -0.7319864485410594
INFO:root:  found pattern {'cost': 36.38426575391286, 'length': 19, 'task_mapping': {'task-0': 1, 'task-3': 1, 'task-5': 0, 'task-9': 1}}, -0.18299661213527862
INFO:root:Relaxation 0.58211090144855 is worse than best obj 0.5794126032267738
INFO:root:subproblem objective was non-negative; ending the iteration.
INFO:root:master model solution (0.582111) is pruned by best-so-far solution (0.579413).
INFO:root:search ended
INFO:root:solution quality 0.579413
