{
    "assignmentCharacteristics": [
        {
            "command": "",
            "task": "task-0",
            "resourceAssignments": [
                {
                    "slope": 0.3581397563460481,
                    "intercept": 0.8996399331419901,
                    "length": 56,
                    "processors": [
                        {
                            "processingUnits": 1,
                            "processor": "A53"
                        }
                    ]
                },
                {
                    "slope": 0.9488463246428388,
                    "intercept": 0.8782734421182792,
                    "length": 85,
                    "processors": [
                        {
                            "processingUnits": 1,
                            "processor": "A72"
                        }
                    ]
                }
            ]
        },
        {
            "command": "",
            "task": "task-1",
            "resourceAssignments": [
                {
                    "slope": 0.6970414899618774,
                    "intercept": 0.8665109289237106,
                    "length": 15,
                    "processors": [
                        {
                            "processingUnits": 1,
                            "processor": "A53"
                        }
                    ]
                },
                {
                    "slope": 0.1177269735343236,
                    "intercept": 0.12368475638878462,
                    "length": 79,
                    "processors": [
                        {
                            "processingUnits": 1,
                            "processor": "A72"
                        }
                    ]
                }
            ]
        },
        {
            "command": "",
            "task": "task-2",
            "resourceAssignments": [
                {
                    "slope": 0.2804575774593716,
                    "intercept": 0.301911142884038,
                    "length": 16,
                    "processors": [
                        {
                            "processingUnits": 1,
                            "processor": "A53"
                        }
                    ]
                },
                {
                    "slope": 0.61843562210405,
                    "intercept": 0.8758381067020445,
                    "length": 23,
                    "processors": [
                        {
                            "processingUnits": 1,
                            "processor": "A72"
                        }
                    ]
                }
            ]
        },
        {
            "command": "",
            "task": "task-3",
            "resourceAssignments": [
                {
                    "slope": 0.47270240999155566,
                    "intercept": 0.6368231123544852,
                    "length": 12,
                    "processors": [
                        {
                            "processingUnits": 1,
                            "processor": "A53"
                        }
                    ]
                },
                {
                    "slope": 0.5364237240276495,
                    "intercept": 0.04840210849561566,
                    "length": 51,
                    "processors": [
                        {
                            "processingUnits": 1,
                            "processor": "A72"
                        }
                    ]
                }
            ]
        },
        {
            "command": "",
            "task": "task-4",
            "resourceAssignments": [
                {
                    "slope": 0.5253394263608457,
                    "intercept": 0.8880912264111341,
                    "length": 44,
                    "processors": [
                        {
                            "processingUnits": 1,
                            "processor": "A53"
                        }
                    ]
                },
                {
                    "slope": 0.22340956110952548,
                    "intercept": 0.35908289110800595,
                    "length": 28,
                    "processors": [
                        {
                            "processingUnits": 1,
                            "processor": "A72"
                        }
                    ]
                }
            ]
        },
        {
            "command": "",
            "task": "task-5",
            "resourceAssignments": [
                {
                    "slope": 0.6086679578853299,
                    "intercept": 0.9905793705661224,
                    "length": 55,
                    "processors": [
                        {
                            "processingUnits": 1,
                            "processor": "A53"
                        }
                    ]
                },
                {
                    "slope": 0.7119693594960289,
                    "intercept": 0.3445463619568999,
                    "length": 65,
                    "processors": [
                        {
                            "processingUnits": 1,
                            "processor": "A72"
                        }
                    ]
                }
            ]
        },
        {
            "command": "",
            "task": "task-6",
            "resourceAssignments": [
                {
                    "slope": 0.6594559957811893,
                    "intercept": 0.492066195095479,
                    "length": 48,
                    "processors": [
                        {
                            "processingUnits": 1,
                            "processor": "A53"
                        }
                    ]
                },
                {
                    "slope": 0.3656383265432527,
                    "intercept": 0.5896156750430724,
                    "length": 63,
                    "processors": [
                        {
                            "processingUnits": 1,
                            "processor": "A72"
                        }
                    ]
                }
            ]
        },
        {
            "command": "",
            "task": "task-7",
            "resourceAssignments": [
                {
                    "slope": 0.27832013519602705,
                    "intercept": 0.6784842482538915,
                    "length": 93,
                    "processors": [
                        {
                            "processingUnits": 1,
                            "processor": "A53"
                        }
                    ]
                },
                {
                    "slope": 0.9741610174626887,
                    "intercept": 0.1850691472744994,
                    "length": 93,
                    "processors": [
                        {
                            "processingUnits": 1,
                            "processor": "A72"
                        }
                    ]
                }
            ]
        },
        {
            "command": "",
            "task": "task-8",
            "resourceAssignments": [
                {
                    "slope": 0.16333931326848927,
                    "intercept": 0.27842186955118076,
                    "length": 74,
                    "processors": [
                        {
                            "processingUnits": 1,
                            "processor": "A53"
                        }
                    ]
                },
                {
                    "slope": 0.4535943224580652,
                    "intercept": 0.18315866257015168,
                    "length": 46,
                    "processors": [
                        {
                            "processingUnits": 1,
                            "processor": "A72"
                        }
                    ]
                }
            ]
        },
        {
            "command": "",
            "task": "task-9",
            "resourceAssignments": [
                {
                    "slope": 0.22026435218325813,
                    "intercept": 0.1679812849479756,
                    "length": 10,
                    "processors": [
                        {
                            "processingUnits": 1,
                            "processor": "A53"
                        }
                    ]
                },
                {
                    "slope": 0.11733923804268598,
                    "intercept": 0.9661579809794301,
                    "length": 75,
                    "processors": [
                        {
                            "processingUnits": 1,
                            "processor": "A72"
                        }
                    ]
                }
            ]
        }
    ],
    "environment": {
        "majorFrameLength": 183,
        "problemVersion": 1,
        "processors": [
            {
                "name": "A53",
                "processingUnits": 3,
                "type": "main_processor"
            },
            {
                "name": "A72",
                "processingUnits": 3,
                "type": "main_processor"
            }
        ],
        "scPart": 1.0
    },
    "solution": {
        "feasible": true,
        "solutionTime": 154,
        "solverMetadata": {
            "objective": "1.3968520015627568"
        },
        "solverName": "ILP-Global2",
        "windows": [
            {
                "length": 10,
                "tasks": [
                    {
                        "length": 10,
                        "processingUnit": 0,
                        "processor": "A53",
                        "start": 0,
                        "task": "task-9"
                    }
                ]
            },
            {
                "length": 16,
                "tasks": [
                    {
                        "length": 15,
                        "processingUnit": 0,
                        "processor": "A53",
                        "start": 0,
                        "task": "task-1"
                    },
                    {
                        "length": 16,
                        "processingUnit": 1,
                        "processor": "A53",
                        "start": 0,
                        "task": "task-2"
                    },
                    {
                        "length": 12,
                        "processingUnit": 2,
                        "processor": "A53",
                        "start": 0,
                        "task": "task-3"
                    }
                ]
            },
            {
                "length": 93,
                "tasks": [
                    {
                        "length": 56,
                        "processingUnit": 0,
                        "processor": "A53",
                        "start": 0,
                        "task": "task-0"
                    },
                    {
                        "length": 28,
                        "processingUnit": 0,
                        "processor": "A72",
                        "start": 0,
                        "task": "task-4"
                    },
                    {
                        "length": 65,
                        "processingUnit": 1,
                        "processor": "A72",
                        "start": 0,
                        "task": "task-5"
                    },
                    {
                        "length": 63,
                        "processingUnit": 2,
                        "processor": "A72",
                        "start": 0,
                        "task": "task-6"
                    },
                    {
                        "length": 93,
                        "processingUnit": 1,
                        "processor": "A53",
                        "start": 0,
                        "task": "task-7"
                    },
                    {
                        "length": 74,
                        "processingUnit": 2,
                        "processor": "A53",
                        "start": 0,
                        "task": "task-8"
                    }
                ]
            }
        ]
    },
    "tasks": [
        {
            "assignmentIndex": 0,
            "command": "",
            "length": 10,
            "name": "task-9",
            "processors": [
                {
                    "processor": "A53",
                    "processingUnits": 1
                }
            ]
        },
        {
            "assignmentIndex": 0,
            "command": "",
            "length": 15,
            "name": "task-1",
            "processors": [
                {
                    "processor": "A53",
                    "processingUnits": 1
                }
            ]
        },
        {
            "assignmentIndex": 0,
            "command": "",
            "length": 16,
            "name": "task-2",
            "processors": [
                {
                    "processor": "A53",
                    "processingUnits": 1
                }
            ]
        },
        {
            "assignmentIndex": 0,
            "command": "",
            "length": 12,
            "name": "task-3",
            "processors": [
                {
                    "processor": "A53",
                    "processingUnits": 1
                }
            ]
        },
        {
            "assignmentIndex": 0,
            "command": "",
            "length": 56,
            "name": "task-0",
            "processors": [
                {
                    "processor": "A53",
                    "processingUnits": 1
                }
            ]
        },
        {
            "assignmentIndex": 1,
            "command": "",
            "length": 28,
            "name": "task-4",
            "processors": [
                {
                    "processor": "A72",
                    "processingUnits": 1
                }
            ]
        },
        {
            "assignmentIndex": 1,
            "command": "",
            "length": 65,
            "name": "task-5",
            "processors": [
                {
                    "processor": "A72",
                    "processingUnits": 1
                }
            ]
        },
        {
            "assignmentIndex": 1,
            "command": "",
            "length": 63,
            "name": "task-6",
            "processors": [
                {
                    "processor": "A72",
                    "processingUnits": 1
                }
            ]
        },
        {
            "assignmentIndex": 0,
            "command": "",
            "length": 93,
            "name": "task-7",
            "processors": [
                {
                    "processor": "A53",
                    "processingUnits": 1
                }
            ]
        },
        {
            "assignmentIndex": 0,
            "command": "",
            "length": 74,
            "name": "task-8",
            "processors": [
                {
                    "processor": "A53",
                    "processingUnits": 1
                }
            ]
        }
    ]
}