NEW BRANCHES
supports={'task-5': 1}, non supports=[]
supports={'task-5': 0}, non supports=[]
supports={}, non supports=['task-5']

NEW BRANCHES
supports={'task-7': 1}, non supports=['task-5']
supports={'task-7': 0}, non supports=['task-5']
supports={}, non supports=['task-5', 'task-7']

NEW BRANCHES
supports={'task-9': 1}, non supports=['task-5', 'task-7']
supports={'task-9': 0}, non supports=['task-5', 'task-7']
supports={}, non supports=['task-5', 'task-7', 'task-9']

NEW BRANCHES
supports={'task-6': 1}, non supports=['task-5', 'task-7', 'task-9']
supports={'task-6': 0}, non supports=['task-5', 'task-7', 'task-9']
supports={}, non supports=['task-5', 'task-7', 'task-9', 'task-6']

NEW BRANCHES
supports={'task-6': 0, 'task-1': 1}, non supports=['task-5', 'task-7', 'task-9']
supports={'task-6': 0, 'task-1': 0}, non supports=['task-5', 'task-7', 'task-9']
supports={'task-6': 0}, non supports=['task-5', 'task-7', 'task-9', 'task-1']

NEW BRANCHES
supports={'task-6': 0, 'task-2': 0}, non supports=['task-5', 'task-7', 'task-9', 'task-1']
supports={'task-6': 0, 'task-2': 1}, non supports=['task-5', 'task-7', 'task-9', 'task-1']
supports={'task-6': 0}, non supports=['task-5', 'task-7', 'task-9', 'task-1', 'task-2']

NEW BRANCHES
supports={'task-6': 0, 'task-3': 0}, non supports=['task-5', 'task-7', 'task-9', 'task-1', 'task-2']
supports={'task-6': 0, 'task-3': 1}, non supports=['task-5', 'task-7', 'task-9', 'task-1', 'task-2']
supports={'task-6': 0}, non supports=['task-5', 'task-7', 'task-9', 'task-1', 'task-2', 'task-3']

NEW BRANCHES
supports={'task-6': 0, 'task-3': 1, 'task-4': 0}, non supports=['task-5', 'task-7', 'task-9', 'task-1', 'task-2']
supports={'task-6': 0, 'task-3': 1, 'task-4': 1}, non supports=['task-5', 'task-7', 'task-9', 'task-1', 'task-2']
supports={'task-6': 0, 'task-3': 1}, non supports=['task-5', 'task-7', 'task-9', 'task-1', 'task-2', 'task-4']

NEW BRANCHES
supports={'task-6': 0, 'task-3': 1, 'task-0': 0}, non supports=['task-5', 'task-7', 'task-9', 'task-1', 'task-2', 'task-4']
supports={'task-6': 0, 'task-3': 1, 'task-0': 1}, non supports=['task-5', 'task-7', 'task-9', 'task-1', 'task-2', 'task-4']
supports={'task-6': 0, 'task-3': 1}, non supports=['task-5', 'task-7', 'task-9', 'task-1', 'task-2', 'task-4', 'task-0']

NEW BRANCHES
supports={'task-1': 1}, non supports=['task-5', 'task-7', 'task-9', 'task-6']
supports={'task-1': 0}, non supports=['task-5', 'task-7', 'task-9', 'task-6']
supports={}, non supports=['task-5', 'task-7', 'task-9', 'task-6', 'task-1']

NEW BRANCHES
supports={'task-1': 0, 'task-2': 0}, non supports=['task-5', 'task-7', 'task-9', 'task-6']
supports={'task-1': 0, 'task-2': 1}, non supports=['task-5', 'task-7', 'task-9', 'task-6']
supports={'task-1': 0}, non supports=['task-5', 'task-7', 'task-9', 'task-6', 'task-2']

NEW BRANCHES
supports={'task-1': 0, 'task-3': 0}, non supports=['task-5', 'task-7', 'task-9', 'task-6', 'task-2']
supports={'task-1': 0, 'task-3': 1}, non supports=['task-5', 'task-7', 'task-9', 'task-6', 'task-2']
supports={'task-1': 0}, non supports=['task-5', 'task-7', 'task-9', 'task-6', 'task-2', 'task-3']

NEW BRANCHES
supports={'task-1': 0, 'task-3': 1, 'task-4': 0}, non supports=['task-5', 'task-7', 'task-9', 'task-6', 'task-2']
supports={'task-1': 0, 'task-3': 1, 'task-4': 1}, non supports=['task-5', 'task-7', 'task-9', 'task-6', 'task-2']
supports={'task-1': 0, 'task-3': 1}, non supports=['task-5', 'task-7', 'task-9', 'task-6', 'task-2', 'task-4']

NEW BRANCHES
supports={'task-1': 0, 'task-3': 1, 'task-0': 0}, non supports=['task-5', 'task-7', 'task-9', 'task-6', 'task-2', 'task-4']
supports={'task-1': 0, 'task-3': 1, 'task-0': 1}, non supports=['task-5', 'task-7', 'task-9', 'task-6', 'task-2', 'task-4']
supports={'task-1': 0, 'task-3': 1}, non supports=['task-5', 'task-7', 'task-9', 'task-6', 'task-2', 'task-4', 'task-0']

NEW BRANCHES
supports={'task-2': 0}, non supports=['task-5', 'task-7', 'task-9', 'task-6', 'task-1']
supports={'task-2': 1}, non supports=['task-5', 'task-7', 'task-9', 'task-6', 'task-1']
supports={}, non supports=['task-5', 'task-7', 'task-9', 'task-6', 'task-1', 'task-2']

NEW BRANCHES
supports={'task-3': 0}, non supports=['task-5', 'task-7', 'task-9', 'task-6', 'task-1', 'task-2']
supports={'task-3': 1}, non supports=['task-5', 'task-7', 'task-9', 'task-6', 'task-1', 'task-2']
supports={}, non supports=['task-5', 'task-7', 'task-9', 'task-6', 'task-1', 'task-2', 'task-3']

NEW BRANCHES
supports={'task-3': 1, 'task-4': 0}, non supports=['task-5', 'task-7', 'task-9', 'task-6', 'task-1', 'task-2']
supports={'task-3': 1, 'task-4': 1}, non supports=['task-5', 'task-7', 'task-9', 'task-6', 'task-1', 'task-2']
supports={'task-3': 1}, non supports=['task-5', 'task-7', 'task-9', 'task-6', 'task-1', 'task-2', 'task-4']

NEW BRANCHES
supports={'task-3': 1, 'task-0': 0}, non supports=['task-5', 'task-7', 'task-9', 'task-6', 'task-1', 'task-2', 'task-4']
supports={'task-3': 1, 'task-0': 1}, non supports=['task-5', 'task-7', 'task-9', 'task-6', 'task-1', 'task-2', 'task-4']
supports={'task-3': 1}, non supports=['task-5', 'task-7', 'task-9', 'task-6', 'task-1', 'task-2', 'task-4', 'task-0']

