INFO:root:No path to initial data was provided.
INFO:root:timelimit was set to 600.000000
INFO:root:branching was set to: ON_TASKS
INFO:root:no init data provided, trying the RecoveryModel
INFO:root:initial objective 0.404464
INFO:root:INIT OBJ 0.4044638945592204
INFO:root:branching
fixed_task_mapping={}
INFO:root:PATTERNS 6
INFO:root:    {'cost': 80.63569779168336, 'length': 53, 'task_mapping': {'task-1': 1, 'task-9': 0}}
INFO:root:    {'cost': 19.162692889794833, 'length': 27, 'task_mapping': {'task-4': 0}}
INFO:root:    {'cost': 65.0671204464694, 'length': 46, 'task_mapping': {'task-3': 1, 'task-5': 0, 'task-6': 1}}
INFO:root:    {'cost': 53.3733848948782, 'length': 51, 'task_mapping': {'task-7': 1}}
INFO:root:    {'cost': 75.30300553974827, 'length': 38, 'task_mapping': {'task-2': 0, 'task-8': 1}}
INFO:root:    {'cost': 9.806019356841226, 'length': 13, 'task_mapping': {'task-0': 1}}
INFO:root:  found pattern {'cost': 20.082125543121844, 'length': 27, 'task_mapping': {'task-0': 1, 'task-1': 1, 'task-5': 0}}, -135.42671205187213
INFO:root:  found pattern {'cost': 62.01334983686119, 'length': 47, 'task_mapping': {'task-6': 1, 'task-7': 0, 'task-9': 1}}, -137.06285329616995
INFO:root:  found pattern {'cost': 48.6740211681169, 'length': 46, 'task_mapping': {'task-1': 1, 'task-3': 1, 'task-7': 0}}, -89.84860971635254
INFO:root:  found pattern {'cost': 113.09626551406527, 'length': 47, 'task_mapping': {'task-2': 0, 'task-3': 1, 'task-9': 1}}, -72.89411103066118
INFO:root:  found pattern {'cost': 96.13522420123931, 'length': 65, 'task_mapping': {'task-3': 1, 'task-8': 0, 'task-9': 1}}, -75.21227165025621
INFO:root:  found pattern {'cost': 22.7150652340632, 'length': 13, 'task_mapping': {'task-0': 1, 'task-8': 1}}, -16.261936236239155
INFO:root:  found pattern {'cost': 81.30843425026352, 'length': 38, 'task_mapping': {'task-1': 1, 'task-2': 0, 'task-6': 1}}, -25.71075489735182
INFO:root:  found pattern {'cost': 32.5902690652717, 'length': 46, 'task_mapping': {'task-3': 1, 'task-7': 0}}, -16.083752102845438
INFO:root:  found pattern {'cost': 21.989961835160045, 'length': 13, 'task_mapping': {'task-5': 0, 'task-8': 1}}, -15.351881649258777
INFO:root:  found pattern {'cost': 87.16162580684517, 'length': 47, 'task_mapping': {'task-0': 1, 'task-2': 0, 'task-9': 1}}, -16.241404344389352
INFO:root:  found pattern {'cost': 32.336678362496286, 'length': 34, 'task_mapping': {'task-1': 1, 'task-5': 0, 'task-6': 1}}, -8.471330707739785
INFO:root:  found pattern {'cost': 85.66463539561401, 'length': 47, 'task_mapping': {'task-1': 1, 'task-2': 0, 'task-9': 1}}, -16.66581821399587
INFO:root:  found pattern {'cost': 100.4090151710929, 'length': 47, 'task_mapping': {'task-2': 0, 'task-6': 1, 'task-9': 1}}, -10.441767801301673
INFO:root:  found pattern {'cost': 24.08932258162812, 'length': 13, 'task_mapping': {'task-0': 1, 'task-5': 0, 'task-8': 1}}, -5.004433522992915
INFO:root:  found pattern {'cost': 48.61587171320867, 'length': 46, 'task_mapping': {'task-3': 1, 'task-4': 0}}, -3.137090241857882
INFO:root:  found pattern {'cost': 49.41590460791719, 'length': 34, 'task_mapping': {'task-1': 1, 'task-4': 0, 'task-6': 1}}, -0.7092092968090231
INFO:root:  found pattern {'cost': 1.8919193791700417, 'length': 2, 'task_mapping': {'task-5': 0}}, -0.19154726520392074
INFO:root:subproblem objective was non-negative; ending the iteration.
INFO:root:master model solution is not integer
WARNING:root:Master model reconstruction 0.254877 vs MM relaxation 0.245341
INFO:root:Solution reconstructed from patterns (0.254877) better that best so far 0.404464
INFO:root:branching
fixed_task_mapping={'task-5': 1}
INFO:root:PATTERNS 24
INFO:root:    {'cost': 80.63569779168336, 'length': 53, 'task_mapping': {'task-1': 1, 'task-9': 0}}
INFO:root:    {'cost': 19.162692889794833, 'length': 27, 'task_mapping': {'task-4': 0}}
INFO:root:    {'cost': 53.3733848948782, 'length': 51, 'task_mapping': {'task-7': 1}}
INFO:root:    {'cost': 75.30300553974827, 'length': 38, 'task_mapping': {'task-2': 0, 'task-8': 1}}
INFO:root:    {'cost': 9.806019356841226, 'length': 13, 'task_mapping': {'task-0': 1}}
INFO:root:    {'cost': 62.01334983686119, 'length': 47, 'task_mapping': {'task-6': 1, 'task-7': 0, 'task-9': 1}}
INFO:root:    {'cost': 48.6740211681169, 'length': 46, 'task_mapping': {'task-1': 1, 'task-3': 1, 'task-7': 0}}
INFO:root:    {'cost': 113.09626551406527, 'length': 47, 'task_mapping': {'task-2': 0, 'task-3': 1, 'task-9': 1}}
INFO:root:    {'cost': 96.13522420123931, 'length': 65, 'task_mapping': {'task-3': 1, 'task-8': 0, 'task-9': 1}}
INFO:root:    {'cost': 22.7150652340632, 'length': 13, 'task_mapping': {'task-0': 1, 'task-8': 1}}
INFO:root:    {'cost': 81.30843425026352, 'length': 38, 'task_mapping': {'task-1': 1, 'task-2': 0, 'task-6': 1}}
INFO:root:    {'cost': 32.5902690652717, 'length': 46, 'task_mapping': {'task-3': 1, 'task-7': 0}}
INFO:root:    {'cost': 87.16162580684517, 'length': 47, 'task_mapping': {'task-0': 1, 'task-2': 0, 'task-9': 1}}
INFO:root:    {'cost': 85.66463539561401, 'length': 47, 'task_mapping': {'task-1': 1, 'task-2': 0, 'task-9': 1}}
INFO:root:    {'cost': 100.4090151710929, 'length': 47, 'task_mapping': {'task-2': 0, 'task-6': 1, 'task-9': 1}}
INFO:root:    {'cost': 48.61587171320867, 'length': 46, 'task_mapping': {'task-3': 1, 'task-4': 0}}
INFO:root:    {'cost': 49.41590460791719, 'length': 34, 'task_mapping': {'task-1': 1, 'task-4': 0, 'task-6': 1}}
INFO:root:    {'cost': 48.81353427268027, 'length': 34, 'task_mapping': {'task-4': 0, 'task-6': 1}}
INFO:root:    {'cost': 44.23871878109653, 'length': 47, 'task_mapping': {'task-9': 1}}
INFO:root:    {'cost': 32.068913125651605, 'length': 65, 'task_mapping': {'task-8': 0}}
INFO:root:    {'cost': 73.82254326467228, 'length': 65, 'task_mapping': {'task-0': 1, 'task-3': 0}}
INFO:root:    {'cost': 109.64843585425871, 'length': 75, 'task_mapping': {'task-1': 0}}
INFO:root:    {'cost': 174.65817761543892, 'length': 90, 'task_mapping': {'task-2': 1}}
INFO:root:    {'cost': 124.95521051454622, 'length': 90, 'task_mapping': {'task-5': 1}}
INFO:root:  found pattern {'cost': 157.32466530317316, 'length': 90, 'task_mapping': {'task-5': 1, 'task-6': 0, 'task-9': 1}}, -26.506804806376408
INFO:root:  found pattern {'cost': 170.45766214522428, 'length': 90, 'task_mapping': {'task-1': 1, 'task-2': 0, 'task-5': 1}}, -21.799355797947243
INFO:root:  found pattern {'cost': 181.9579772024789, 'length': 90, 'task_mapping': {'task-2': 0, 'task-5': 1, 'task-9': 1}}, -5.148831878548123
INFO:root:  found pattern {'cost': 18.707868195556927, 'length': 27, 'task_mapping': {'task-0': 1, 'task-1': 1}}, -5.227116003667479
INFO:root:  found pattern {'cost': 185.20204192070318, 'length': 90, 'task_mapping': {'task-2': 0, 'task-5': 1, 'task-6': 1}}, -7.846229772069563
INFO:root:  found pattern {'cost': 30.16238812022285, 'length': 46, 'task_mapping': {'task-3': 1}}, -1.9062006272142007
INFO:root:  found pattern {'cost': 30.962421014931373, 'length': 34, 'task_mapping': {'task-1': 1, 'task-6': 1}}, -1.906200627214199
INFO:root:  found pattern {'cost': 147.32134065714968, 'length': 90, 'task_mapping': {'task-0': 1, 'task-5': 1, 'task-6': 0}}, -0.20000832588408457
INFO:root:Relaxation 0.38223895481297465 is worse than best obj 0.25487701508692545
INFO:root:subproblem objective was non-negative; ending the iteration.
INFO:root:master model solution (0.382239) is pruned by best-so-far solution (0.254877).
INFO:root:branching
fixed_task_mapping={'task-5': 0}
INFO:root:PATTERNS 28
INFO:root:    {'cost': 80.63569779168336, 'length': 53, 'task_mapping': {'task-1': 1, 'task-9': 0}}
INFO:root:    {'cost': 19.162692889794833, 'length': 27, 'task_mapping': {'task-4': 0}}
INFO:root:    {'cost': 65.0671204464694, 'length': 46, 'task_mapping': {'task-3': 1, 'task-5': 0, 'task-6': 1}}
INFO:root:    {'cost': 53.3733848948782, 'length': 51, 'task_mapping': {'task-7': 1}}
INFO:root:    {'cost': 75.30300553974827, 'length': 38, 'task_mapping': {'task-2': 0, 'task-8': 1}}
INFO:root:    {'cost': 9.806019356841226, 'length': 13, 'task_mapping': {'task-0': 1}}
INFO:root:    {'cost': 20.082125543121844, 'length': 27, 'task_mapping': {'task-0': 1, 'task-1': 1, 'task-5': 0}}
INFO:root:    {'cost': 62.01334983686119, 'length': 47, 'task_mapping': {'task-6': 1, 'task-7': 0, 'task-9': 1}}
INFO:root:    {'cost': 48.6740211681169, 'length': 46, 'task_mapping': {'task-1': 1, 'task-3': 1, 'task-7': 0}}
INFO:root:    {'cost': 113.09626551406527, 'length': 47, 'task_mapping': {'task-2': 0, 'task-3': 1, 'task-9': 1}}
INFO:root:    {'cost': 96.13522420123931, 'length': 65, 'task_mapping': {'task-3': 1, 'task-8': 0, 'task-9': 1}}
INFO:root:    {'cost': 22.7150652340632, 'length': 13, 'task_mapping': {'task-0': 1, 'task-8': 1}}
INFO:root:    {'cost': 81.30843425026352, 'length': 38, 'task_mapping': {'task-1': 1, 'task-2': 0, 'task-6': 1}}
INFO:root:    {'cost': 32.5902690652717, 'length': 46, 'task_mapping': {'task-3': 1, 'task-7': 0}}
INFO:root:    {'cost': 21.989961835160045, 'length': 13, 'task_mapping': {'task-5': 0, 'task-8': 1}}
INFO:root:    {'cost': 87.16162580684517, 'length': 47, 'task_mapping': {'task-0': 1, 'task-2': 0, 'task-9': 1}}
INFO:root:    {'cost': 32.336678362496286, 'length': 34, 'task_mapping': {'task-1': 1, 'task-5': 0, 'task-6': 1}}
INFO:root:    {'cost': 85.66463539561401, 'length': 47, 'task_mapping': {'task-1': 1, 'task-2': 0, 'task-9': 1}}
INFO:root:    {'cost': 100.4090151710929, 'length': 47, 'task_mapping': {'task-2': 0, 'task-6': 1, 'task-9': 1}}
INFO:root:    {'cost': 24.08932258162812, 'length': 13, 'task_mapping': {'task-0': 1, 'task-5': 0, 'task-8': 1}}
INFO:root:    {'cost': 48.61587171320867, 'length': 46, 'task_mapping': {'task-3': 1, 'task-4': 0}}
INFO:root:    {'cost': 49.41590460791719, 'length': 34, 'task_mapping': {'task-1': 1, 'task-4': 0, 'task-6': 1}}
INFO:root:    {'cost': 1.8919193791700417, 'length': 2, 'task_mapping': {'task-5': 0}}
INFO:root:    {'cost': 66.89302839570453, 'length': 65, 'task_mapping': {'task-3': 0}}
INFO:root:    {'cost': 32.068913125651605, 'length': 65, 'task_mapping': {'task-8': 0}}
INFO:root:    {'cost': 117.93691739009316, 'length': 66, 'task_mapping': {'task-4': 1}}
INFO:root:    {'cost': 222.10505844765797, 'length': 90, 'task_mapping': {'task-2': 1, 'task-5': 0, 'task-7': 1}}
INFO:root:    {'cost': 94.5089103360862, 'length': 90, 'task_mapping': {'task-1': 1, 'task-6': 0, 'task-9': 1}}
INFO:root:subproblem objective was non-negative; ending the iteration.
INFO:root:master model solution is not integer
WARNING:root:Master model reconstruction 0.254877 vs MM relaxation 0.245341
INFO:root:branching
fixed_task_mapping={'task-5': 0, 'task-4': 0}
INFO:root:PATTERNS 33
INFO:root:    {'cost': 80.63569779168336, 'length': 53, 'task_mapping': {'task-1': 1, 'task-9': 0}}
INFO:root:    {'cost': 19.162692889794833, 'length': 27, 'task_mapping': {'task-4': 0}}
INFO:root:    {'cost': 65.0671204464694, 'length': 46, 'task_mapping': {'task-3': 1, 'task-5': 0, 'task-6': 1}}
INFO:root:    {'cost': 53.3733848948782, 'length': 51, 'task_mapping': {'task-7': 1}}
INFO:root:    {'cost': 75.30300553974827, 'length': 38, 'task_mapping': {'task-2': 0, 'task-8': 1}}
INFO:root:    {'cost': 9.806019356841226, 'length': 13, 'task_mapping': {'task-0': 1}}
INFO:root:    {'cost': 20.082125543121844, 'length': 27, 'task_mapping': {'task-0': 1, 'task-1': 1, 'task-5': 0}}
INFO:root:    {'cost': 62.01334983686119, 'length': 47, 'task_mapping': {'task-6': 1, 'task-7': 0, 'task-9': 1}}
INFO:root:    {'cost': 48.6740211681169, 'length': 46, 'task_mapping': {'task-1': 1, 'task-3': 1, 'task-7': 0}}
INFO:root:    {'cost': 113.09626551406527, 'length': 47, 'task_mapping': {'task-2': 0, 'task-3': 1, 'task-9': 1}}
INFO:root:    {'cost': 96.13522420123931, 'length': 65, 'task_mapping': {'task-3': 1, 'task-8': 0, 'task-9': 1}}
INFO:root:    {'cost': 22.7150652340632, 'length': 13, 'task_mapping': {'task-0': 1, 'task-8': 1}}
INFO:root:    {'cost': 81.30843425026352, 'length': 38, 'task_mapping': {'task-1': 1, 'task-2': 0, 'task-6': 1}}
INFO:root:    {'cost': 32.5902690652717, 'length': 46, 'task_mapping': {'task-3': 1, 'task-7': 0}}
INFO:root:    {'cost': 21.989961835160045, 'length': 13, 'task_mapping': {'task-5': 0, 'task-8': 1}}
INFO:root:    {'cost': 87.16162580684517, 'length': 47, 'task_mapping': {'task-0': 1, 'task-2': 0, 'task-9': 1}}
INFO:root:    {'cost': 32.336678362496286, 'length': 34, 'task_mapping': {'task-1': 1, 'task-5': 0, 'task-6': 1}}
INFO:root:    {'cost': 85.66463539561401, 'length': 47, 'task_mapping': {'task-1': 1, 'task-2': 0, 'task-9': 1}}
INFO:root:    {'cost': 100.4090151710929, 'length': 47, 'task_mapping': {'task-2': 0, 'task-6': 1, 'task-9': 1}}
INFO:root:    {'cost': 24.08932258162812, 'length': 13, 'task_mapping': {'task-0': 1, 'task-5': 0, 'task-8': 1}}
INFO:root:    {'cost': 48.61587171320867, 'length': 46, 'task_mapping': {'task-3': 1, 'task-4': 0}}
INFO:root:    {'cost': 49.41590460791719, 'length': 34, 'task_mapping': {'task-1': 1, 'task-4': 0, 'task-6': 1}}
INFO:root:    {'cost': 1.8919193791700417, 'length': 2, 'task_mapping': {'task-5': 0}}
INFO:root:    {'cost': 66.89302839570453, 'length': 65, 'task_mapping': {'task-3': 0}}
INFO:root:    {'cost': 32.068913125651605, 'length': 65, 'task_mapping': {'task-8': 0}}
INFO:root:    {'cost': 222.10505844765797, 'length': 90, 'task_mapping': {'task-2': 1, 'task-5': 0, 'task-7': 1}}
INFO:root:    {'cost': 94.5089103360862, 'length': 90, 'task_mapping': {'task-1': 1, 'task-6': 0, 'task-9': 1}}
INFO:root:    {'cost': 71.82686848786403, 'length': 51, 'task_mapping': {'task-4': 0, 'task-7': 1}}
INFO:root:    {'cost': 80.03332745644644, 'length': 53, 'task_mapping': {'task-9': 0}}
INFO:root:    {'cost': 96.4936449625641, 'length': 65, 'task_mapping': {'task-3': 0, 'task-8': 1}}
INFO:root:    {'cost': 109.64843585425871, 'length': 75, 'task_mapping': {'task-1': 0}}
INFO:root:    {'cost': 77.71997385343724, 'length': 88, 'task_mapping': {'task-0': 0}}
INFO:root:    {'cost': 191.37918507371967, 'length': 90, 'task_mapping': {'task-2': 1, 'task-5': 0, 'task-6': 1}}
INFO:root:subproblem objective was non-negative; ending the iteration.
INFO:root:master model solution is not integer
WARNING:root:Master model reconstruction 0.254877 vs MM relaxation 0.245341
INFO:root:branching
fixed_task_mapping={'task-5': 0, 'task-4': 0, 'task-7': 0}
INFO:root:PATTERNS 34
INFO:root:    {'cost': 80.63569779168336, 'length': 53, 'task_mapping': {'task-1': 1, 'task-9': 0}}
INFO:root:    {'cost': 19.162692889794833, 'length': 27, 'task_mapping': {'task-4': 0}}
INFO:root:    {'cost': 65.0671204464694, 'length': 46, 'task_mapping': {'task-3': 1, 'task-5': 0, 'task-6': 1}}
INFO:root:    {'cost': 75.30300553974827, 'length': 38, 'task_mapping': {'task-2': 0, 'task-8': 1}}
INFO:root:    {'cost': 9.806019356841226, 'length': 13, 'task_mapping': {'task-0': 1}}
INFO:root:    {'cost': 20.082125543121844, 'length': 27, 'task_mapping': {'task-0': 1, 'task-1': 1, 'task-5': 0}}
INFO:root:    {'cost': 62.01334983686119, 'length': 47, 'task_mapping': {'task-6': 1, 'task-7': 0, 'task-9': 1}}
INFO:root:    {'cost': 48.6740211681169, 'length': 46, 'task_mapping': {'task-1': 1, 'task-3': 1, 'task-7': 0}}
INFO:root:    {'cost': 113.09626551406527, 'length': 47, 'task_mapping': {'task-2': 0, 'task-3': 1, 'task-9': 1}}
INFO:root:    {'cost': 96.13522420123931, 'length': 65, 'task_mapping': {'task-3': 1, 'task-8': 0, 'task-9': 1}}
INFO:root:    {'cost': 22.7150652340632, 'length': 13, 'task_mapping': {'task-0': 1, 'task-8': 1}}
INFO:root:    {'cost': 81.30843425026352, 'length': 38, 'task_mapping': {'task-1': 1, 'task-2': 0, 'task-6': 1}}
INFO:root:    {'cost': 32.5902690652717, 'length': 46, 'task_mapping': {'task-3': 1, 'task-7': 0}}
INFO:root:    {'cost': 21.989961835160045, 'length': 13, 'task_mapping': {'task-5': 0, 'task-8': 1}}
INFO:root:    {'cost': 87.16162580684517, 'length': 47, 'task_mapping': {'task-0': 1, 'task-2': 0, 'task-9': 1}}
INFO:root:    {'cost': 32.336678362496286, 'length': 34, 'task_mapping': {'task-1': 1, 'task-5': 0, 'task-6': 1}}
INFO:root:    {'cost': 85.66463539561401, 'length': 47, 'task_mapping': {'task-1': 1, 'task-2': 0, 'task-9': 1}}
INFO:root:    {'cost': 100.4090151710929, 'length': 47, 'task_mapping': {'task-2': 0, 'task-6': 1, 'task-9': 1}}
INFO:root:    {'cost': 24.08932258162812, 'length': 13, 'task_mapping': {'task-0': 1, 'task-5': 0, 'task-8': 1}}
INFO:root:    {'cost': 48.61587171320867, 'length': 46, 'task_mapping': {'task-3': 1, 'task-4': 0}}
INFO:root:    {'cost': 49.41590460791719, 'length': 34, 'task_mapping': {'task-1': 1, 'task-4': 0, 'task-6': 1}}
INFO:root:    {'cost': 1.8919193791700417, 'length': 2, 'task_mapping': {'task-5': 0}}
INFO:root:    {'cost': 66.89302839570453, 'length': 65, 'task_mapping': {'task-3': 0}}
INFO:root:    {'cost': 32.068913125651605, 'length': 65, 'task_mapping': {'task-8': 0}}
INFO:root:    {'cost': 94.5089103360862, 'length': 90, 'task_mapping': {'task-1': 1, 'task-6': 0, 'task-9': 1}}
INFO:root:    {'cost': 80.03332745644644, 'length': 53, 'task_mapping': {'task-9': 0}}
INFO:root:    {'cost': 96.4936449625641, 'length': 65, 'task_mapping': {'task-3': 0, 'task-8': 1}}
INFO:root:    {'cost': 109.64843585425871, 'length': 75, 'task_mapping': {'task-1': 0}}
INFO:root:    {'cost': 77.71997385343724, 'length': 88, 'task_mapping': {'task-0': 0}}
INFO:root:    {'cost': 191.37918507371967, 'length': 90, 'task_mapping': {'task-2': 1, 'task-5': 0, 'task-6': 1}}
INFO:root:    {'cost': 32.787931624743294, 'length': 34, 'task_mapping': {'task-6': 1, 'task-7': 0}}
INFO:root:    {'cost': 94.19368244359234, 'length': 46, 'task_mapping': {'task-3': 1, 'task-4': 0, 'task-8': 1}}
INFO:root:    {'cost': 44.84108911633345, 'length': 47, 'task_mapping': {'task-1': 1, 'task-9': 1}}
INFO:root:    {'cost': 176.03243496300382, 'length': 90, 'task_mapping': {'task-2': 1, 'task-5': 0}}
INFO:root:subproblem objective was non-negative; ending the iteration.
INFO:root:master model solution is not integer
WARNING:root:Master model reconstruction 0.254877 vs MM relaxation 0.245341
INFO:root:branching
fixed_task_mapping={'task-5': 0, 'task-4': 0, 'task-7': 0, 'task-2': 0}
INFO:root:PATTERNS 38
INFO:root:    {'cost': 80.63569779168336, 'length': 53, 'task_mapping': {'task-1': 1, 'task-9': 0}}
INFO:root:    {'cost': 19.162692889794833, 'length': 27, 'task_mapping': {'task-4': 0}}
INFO:root:    {'cost': 65.0671204464694, 'length': 46, 'task_mapping': {'task-3': 1, 'task-5': 0, 'task-6': 1}}
INFO:root:    {'cost': 75.30300553974827, 'length': 38, 'task_mapping': {'task-2': 0, 'task-8': 1}}
INFO:root:    {'cost': 9.806019356841226, 'length': 13, 'task_mapping': {'task-0': 1}}
INFO:root:    {'cost': 20.082125543121844, 'length': 27, 'task_mapping': {'task-0': 1, 'task-1': 1, 'task-5': 0}}
INFO:root:    {'cost': 62.01334983686119, 'length': 47, 'task_mapping': {'task-6': 1, 'task-7': 0, 'task-9': 1}}
INFO:root:    {'cost': 48.6740211681169, 'length': 46, 'task_mapping': {'task-1': 1, 'task-3': 1, 'task-7': 0}}
INFO:root:    {'cost': 113.09626551406527, 'length': 47, 'task_mapping': {'task-2': 0, 'task-3': 1, 'task-9': 1}}
INFO:root:    {'cost': 96.13522420123931, 'length': 65, 'task_mapping': {'task-3': 1, 'task-8': 0, 'task-9': 1}}
INFO:root:    {'cost': 22.7150652340632, 'length': 13, 'task_mapping': {'task-0': 1, 'task-8': 1}}
INFO:root:    {'cost': 81.30843425026352, 'length': 38, 'task_mapping': {'task-1': 1, 'task-2': 0, 'task-6': 1}}
INFO:root:    {'cost': 32.5902690652717, 'length': 46, 'task_mapping': {'task-3': 1, 'task-7': 0}}
INFO:root:    {'cost': 21.989961835160045, 'length': 13, 'task_mapping': {'task-5': 0, 'task-8': 1}}
INFO:root:    {'cost': 87.16162580684517, 'length': 47, 'task_mapping': {'task-0': 1, 'task-2': 0, 'task-9': 1}}
INFO:root:    {'cost': 32.336678362496286, 'length': 34, 'task_mapping': {'task-1': 1, 'task-5': 0, 'task-6': 1}}
INFO:root:    {'cost': 85.66463539561401, 'length': 47, 'task_mapping': {'task-1': 1, 'task-2': 0, 'task-9': 1}}
INFO:root:    {'cost': 100.4090151710929, 'length': 47, 'task_mapping': {'task-2': 0, 'task-6': 1, 'task-9': 1}}
INFO:root:    {'cost': 24.08932258162812, 'length': 13, 'task_mapping': {'task-0': 1, 'task-5': 0, 'task-8': 1}}
INFO:root:    {'cost': 48.61587171320867, 'length': 46, 'task_mapping': {'task-3': 1, 'task-4': 0}}
INFO:root:    {'cost': 49.41590460791719, 'length': 34, 'task_mapping': {'task-1': 1, 'task-4': 0, 'task-6': 1}}
INFO:root:    {'cost': 1.8919193791700417, 'length': 2, 'task_mapping': {'task-5': 0}}
INFO:root:    {'cost': 66.89302839570453, 'length': 65, 'task_mapping': {'task-3': 0}}
INFO:root:    {'cost': 32.068913125651605, 'length': 65, 'task_mapping': {'task-8': 0}}
INFO:root:    {'cost': 94.5089103360862, 'length': 90, 'task_mapping': {'task-1': 1, 'task-6': 0, 'task-9': 1}}
INFO:root:    {'cost': 80.03332745644644, 'length': 53, 'task_mapping': {'task-9': 0}}
INFO:root:    {'cost': 96.4936449625641, 'length': 65, 'task_mapping': {'task-3': 0, 'task-8': 1}}
INFO:root:    {'cost': 109.64843585425871, 'length': 75, 'task_mapping': {'task-1': 0}}
INFO:root:    {'cost': 77.71997385343724, 'length': 88, 'task_mapping': {'task-0': 0}}
INFO:root:    {'cost': 32.787931624743294, 'length': 34, 'task_mapping': {'task-6': 1, 'task-7': 0}}
INFO:root:    {'cost': 94.19368244359234, 'length': 46, 'task_mapping': {'task-3': 1, 'task-4': 0, 'task-8': 1}}
INFO:root:    {'cost': 44.84108911633345, 'length': 47, 'task_mapping': {'task-1': 1, 'task-9': 1}}
INFO:root:    {'cost': 10.938539350929533, 'length': 27, 'task_mapping': {'task-1': 1}}
INFO:root:    {'cost': 38.64114253195129, 'length': 32, 'task_mapping': {'task-7': 0, 'task-8': 1}}
INFO:root:    {'cost': 30.36005067969445, 'length': 34, 'task_mapping': {'task-6': 1}}
INFO:root:    {'cost': 65.35931380431077, 'length': 38, 'task_mapping': {'task-2': 0}}
INFO:root:    {'cost': 30.16238812022285, 'length': 46, 'task_mapping': {'task-3': 1}}
INFO:root:    {'cost': 44.23871878109653, 'length': 47, 'task_mapping': {'task-9': 1}}
INFO:root:subproblem objective was non-negative; ending the iteration.
INFO:root:master model solution is not integer
WARNING:root:Master model reconstruction 0.249586 vs MM relaxation 0.245341
INFO:root:Solution reconstructed from patterns (0.249586) better that best so far 0.254877
INFO:root:branching
fixed_task_mapping={'task-5': 0, 'task-4': 0, 'task-7': 0, 'task-2': 0, 'task-9': 1}
INFO:root:PATTERNS 36
INFO:root:    {'cost': 19.162692889794833, 'length': 27, 'task_mapping': {'task-4': 0}}
INFO:root:    {'cost': 65.0671204464694, 'length': 46, 'task_mapping': {'task-3': 1, 'task-5': 0, 'task-6': 1}}
INFO:root:    {'cost': 75.30300553974827, 'length': 38, 'task_mapping': {'task-2': 0, 'task-8': 1}}
INFO:root:    {'cost': 9.806019356841226, 'length': 13, 'task_mapping': {'task-0': 1}}
INFO:root:    {'cost': 20.082125543121844, 'length': 27, 'task_mapping': {'task-0': 1, 'task-1': 1, 'task-5': 0}}
INFO:root:    {'cost': 62.01334983686119, 'length': 47, 'task_mapping': {'task-6': 1, 'task-7': 0, 'task-9': 1}}
INFO:root:    {'cost': 48.6740211681169, 'length': 46, 'task_mapping': {'task-1': 1, 'task-3': 1, 'task-7': 0}}
INFO:root:    {'cost': 113.09626551406527, 'length': 47, 'task_mapping': {'task-2': 0, 'task-3': 1, 'task-9': 1}}
INFO:root:    {'cost': 96.13522420123931, 'length': 65, 'task_mapping': {'task-3': 1, 'task-8': 0, 'task-9': 1}}
INFO:root:    {'cost': 22.7150652340632, 'length': 13, 'task_mapping': {'task-0': 1, 'task-8': 1}}
INFO:root:    {'cost': 81.30843425026352, 'length': 38, 'task_mapping': {'task-1': 1, 'task-2': 0, 'task-6': 1}}
INFO:root:    {'cost': 32.5902690652717, 'length': 46, 'task_mapping': {'task-3': 1, 'task-7': 0}}
INFO:root:    {'cost': 21.989961835160045, 'length': 13, 'task_mapping': {'task-5': 0, 'task-8': 1}}
INFO:root:    {'cost': 87.16162580684517, 'length': 47, 'task_mapping': {'task-0': 1, 'task-2': 0, 'task-9': 1}}
INFO:root:    {'cost': 32.336678362496286, 'length': 34, 'task_mapping': {'task-1': 1, 'task-5': 0, 'task-6': 1}}
INFO:root:    {'cost': 85.66463539561401, 'length': 47, 'task_mapping': {'task-1': 1, 'task-2': 0, 'task-9': 1}}
INFO:root:    {'cost': 100.4090151710929, 'length': 47, 'task_mapping': {'task-2': 0, 'task-6': 1, 'task-9': 1}}
INFO:root:    {'cost': 24.08932258162812, 'length': 13, 'task_mapping': {'task-0': 1, 'task-5': 0, 'task-8': 1}}
INFO:root:    {'cost': 48.61587171320867, 'length': 46, 'task_mapping': {'task-3': 1, 'task-4': 0}}
INFO:root:    {'cost': 49.41590460791719, 'length': 34, 'task_mapping': {'task-1': 1, 'task-4': 0, 'task-6': 1}}
INFO:root:    {'cost': 1.8919193791700417, 'length': 2, 'task_mapping': {'task-5': 0}}
INFO:root:    {'cost': 66.89302839570453, 'length': 65, 'task_mapping': {'task-3': 0}}
INFO:root:    {'cost': 32.068913125651605, 'length': 65, 'task_mapping': {'task-8': 0}}
INFO:root:    {'cost': 94.5089103360862, 'length': 90, 'task_mapping': {'task-1': 1, 'task-6': 0, 'task-9': 1}}
INFO:root:    {'cost': 96.4936449625641, 'length': 65, 'task_mapping': {'task-3': 0, 'task-8': 1}}
INFO:root:    {'cost': 109.64843585425871, 'length': 75, 'task_mapping': {'task-1': 0}}
INFO:root:    {'cost': 77.71997385343724, 'length': 88, 'task_mapping': {'task-0': 0}}
INFO:root:    {'cost': 32.787931624743294, 'length': 34, 'task_mapping': {'task-6': 1, 'task-7': 0}}
INFO:root:    {'cost': 94.19368244359234, 'length': 46, 'task_mapping': {'task-3': 1, 'task-4': 0, 'task-8': 1}}
INFO:root:    {'cost': 44.84108911633345, 'length': 47, 'task_mapping': {'task-1': 1, 'task-9': 1}}
INFO:root:    {'cost': 10.938539350929533, 'length': 27, 'task_mapping': {'task-1': 1}}
INFO:root:    {'cost': 38.64114253195129, 'length': 32, 'task_mapping': {'task-7': 0, 'task-8': 1}}
INFO:root:    {'cost': 30.36005067969445, 'length': 34, 'task_mapping': {'task-6': 1}}
INFO:root:    {'cost': 65.35931380431077, 'length': 38, 'task_mapping': {'task-2': 0}}
INFO:root:    {'cost': 30.16238812022285, 'length': 46, 'task_mapping': {'task-3': 1}}
INFO:root:    {'cost': 44.23871878109653, 'length': 47, 'task_mapping': {'task-9': 1}}
INFO:root:subproblem objective was non-negative; ending the iteration.
INFO:root:master model solution is not integer
WARNING:root:Master model reconstruction 0.249586 vs MM relaxation 0.245341
INFO:root:branching
fixed_task_mapping={'task-5': 0, 'task-4': 0, 'task-7': 0, 'task-2': 0, 'task-9': 1, 'task-3': 0}
INFO:root:PATTERNS 29
INFO:root:    {'cost': 19.162692889794833, 'length': 27, 'task_mapping': {'task-4': 0}}
INFO:root:    {'cost': 75.30300553974827, 'length': 38, 'task_mapping': {'task-2': 0, 'task-8': 1}}
INFO:root:    {'cost': 9.806019356841226, 'length': 13, 'task_mapping': {'task-0': 1}}
INFO:root:    {'cost': 20.082125543121844, 'length': 27, 'task_mapping': {'task-0': 1, 'task-1': 1, 'task-5': 0}}
INFO:root:    {'cost': 62.01334983686119, 'length': 47, 'task_mapping': {'task-6': 1, 'task-7': 0, 'task-9': 1}}
INFO:root:    {'cost': 22.7150652340632, 'length': 13, 'task_mapping': {'task-0': 1, 'task-8': 1}}
INFO:root:    {'cost': 81.30843425026352, 'length': 38, 'task_mapping': {'task-1': 1, 'task-2': 0, 'task-6': 1}}
INFO:root:    {'cost': 21.989961835160045, 'length': 13, 'task_mapping': {'task-5': 0, 'task-8': 1}}
INFO:root:    {'cost': 87.16162580684517, 'length': 47, 'task_mapping': {'task-0': 1, 'task-2': 0, 'task-9': 1}}
INFO:root:    {'cost': 32.336678362496286, 'length': 34, 'task_mapping': {'task-1': 1, 'task-5': 0, 'task-6': 1}}
INFO:root:    {'cost': 85.66463539561401, 'length': 47, 'task_mapping': {'task-1': 1, 'task-2': 0, 'task-9': 1}}
INFO:root:    {'cost': 100.4090151710929, 'length': 47, 'task_mapping': {'task-2': 0, 'task-6': 1, 'task-9': 1}}
INFO:root:    {'cost': 24.08932258162812, 'length': 13, 'task_mapping': {'task-0': 1, 'task-5': 0, 'task-8': 1}}
INFO:root:    {'cost': 49.41590460791719, 'length': 34, 'task_mapping': {'task-1': 1, 'task-4': 0, 'task-6': 1}}
INFO:root:    {'cost': 1.8919193791700417, 'length': 2, 'task_mapping': {'task-5': 0}}
INFO:root:    {'cost': 66.89302839570453, 'length': 65, 'task_mapping': {'task-3': 0}}
INFO:root:    {'cost': 32.068913125651605, 'length': 65, 'task_mapping': {'task-8': 0}}
INFO:root:    {'cost': 94.5089103360862, 'length': 90, 'task_mapping': {'task-1': 1, 'task-6': 0, 'task-9': 1}}
INFO:root:    {'cost': 96.4936449625641, 'length': 65, 'task_mapping': {'task-3': 0, 'task-8': 1}}
INFO:root:    {'cost': 109.64843585425871, 'length': 75, 'task_mapping': {'task-1': 0}}
INFO:root:    {'cost': 77.71997385343724, 'length': 88, 'task_mapping': {'task-0': 0}}
INFO:root:    {'cost': 32.787931624743294, 'length': 34, 'task_mapping': {'task-6': 1, 'task-7': 0}}
INFO:root:    {'cost': 44.84108911633345, 'length': 47, 'task_mapping': {'task-1': 1, 'task-9': 1}}
INFO:root:    {'cost': 10.938539350929533, 'length': 27, 'task_mapping': {'task-1': 1}}
INFO:root:    {'cost': 38.64114253195129, 'length': 32, 'task_mapping': {'task-7': 0, 'task-8': 1}}
INFO:root:    {'cost': 30.36005067969445, 'length': 34, 'task_mapping': {'task-6': 1}}
INFO:root:    {'cost': 65.35931380431077, 'length': 38, 'task_mapping': {'task-2': 0}}
INFO:root:    {'cost': 44.23871878109653, 'length': 47, 'task_mapping': {'task-9': 1}}
INFO:root:    {'cost': 3.4557558710889147, 'length': 32, 'task_mapping': {'task-7': 0}}
INFO:root:  found pattern {'cost': 82.84214884165726, 'length': 65, 'task_mapping': {'task-1': 1, 'task-3': 0, 'task-6': 1}}, -14.304091272169806
INFO:root:  found pattern {'cost': 95.00595679581458, 'length': 47, 'task_mapping': {'task-2': 0, 'task-8': 1, 'task-9': 1}}, -10.67201275215767
INFO:root:  found pattern {'cost': 89.1692933753881, 'length': 65, 'task_mapping': {'task-0': 1, 'task-3': 0, 'task-6': 1}}, -5.3241965980528505
INFO:root:  found pattern {'cost': 77.40236628621633, 'length': 38, 'task_mapping': {'task-0': 1, 'task-2': 0, 'task-8': 1}}, -5.077175360276442
INFO:root:  found pattern {'cost': 90.33839562511636, 'length': 65, 'task_mapping': {'task-1': 1, 'task-3': 0, 'task-9': 1}}, -7.01430508244394
INFO:root:  found pattern {'cost': 91.8353860363475, 'length': 65, 'task_mapping': {'task-0': 1, 'task-3': 0, 'task-9': 1}}, -4.8301541224996924
INFO:root:  found pattern {'cost': 82.84214884165726, 'length': 65, 'task_mapping': {'task-1': 1, 'task-3': 0, 'task-6': 1}}, -3.1400456381085817
INFO:root:Relaxation 0.2793800131790266 is worse than best obj 0.24958645207828944
INFO:root:subproblem objective was non-negative; ending the iteration.
INFO:root:master model solution (0.279380) is pruned by best-so-far solution (0.249586).
INFO:root:branching
fixed_task_mapping={'task-5': 0, 'task-4': 0, 'task-7': 0, 'task-2': 0, 'task-9': 1, 'task-3': 1}
INFO:root:PATTERNS 35
INFO:root:    {'cost': 19.162692889794833, 'length': 27, 'task_mapping': {'task-4': 0}}
INFO:root:    {'cost': 65.0671204464694, 'length': 46, 'task_mapping': {'task-3': 1, 'task-5': 0, 'task-6': 1}}
INFO:root:    {'cost': 75.30300553974827, 'length': 38, 'task_mapping': {'task-2': 0, 'task-8': 1}}
INFO:root:    {'cost': 9.806019356841226, 'length': 13, 'task_mapping': {'task-0': 1}}
INFO:root:    {'cost': 20.082125543121844, 'length': 27, 'task_mapping': {'task-0': 1, 'task-1': 1, 'task-5': 0}}
INFO:root:    {'cost': 62.01334983686119, 'length': 47, 'task_mapping': {'task-6': 1, 'task-7': 0, 'task-9': 1}}
INFO:root:    {'cost': 48.6740211681169, 'length': 46, 'task_mapping': {'task-1': 1, 'task-3': 1, 'task-7': 0}}
INFO:root:    {'cost': 113.09626551406527, 'length': 47, 'task_mapping': {'task-2': 0, 'task-3': 1, 'task-9': 1}}
INFO:root:    {'cost': 96.13522420123931, 'length': 65, 'task_mapping': {'task-3': 1, 'task-8': 0, 'task-9': 1}}
INFO:root:    {'cost': 22.7150652340632, 'length': 13, 'task_mapping': {'task-0': 1, 'task-8': 1}}
INFO:root:    {'cost': 81.30843425026352, 'length': 38, 'task_mapping': {'task-1': 1, 'task-2': 0, 'task-6': 1}}
INFO:root:    {'cost': 32.5902690652717, 'length': 46, 'task_mapping': {'task-3': 1, 'task-7': 0}}
INFO:root:    {'cost': 21.989961835160045, 'length': 13, 'task_mapping': {'task-5': 0, 'task-8': 1}}
INFO:root:    {'cost': 87.16162580684517, 'length': 47, 'task_mapping': {'task-0': 1, 'task-2': 0, 'task-9': 1}}
INFO:root:    {'cost': 32.336678362496286, 'length': 34, 'task_mapping': {'task-1': 1, 'task-5': 0, 'task-6': 1}}
INFO:root:    {'cost': 85.66463539561401, 'length': 47, 'task_mapping': {'task-1': 1, 'task-2': 0, 'task-9': 1}}
INFO:root:    {'cost': 100.4090151710929, 'length': 47, 'task_mapping': {'task-2': 0, 'task-6': 1, 'task-9': 1}}
INFO:root:    {'cost': 24.08932258162812, 'length': 13, 'task_mapping': {'task-0': 1, 'task-5': 0, 'task-8': 1}}
INFO:root:    {'cost': 48.61587171320867, 'length': 46, 'task_mapping': {'task-3': 1, 'task-4': 0}}
INFO:root:    {'cost': 49.41590460791719, 'length': 34, 'task_mapping': {'task-1': 1, 'task-4': 0, 'task-6': 1}}
INFO:root:    {'cost': 1.8919193791700417, 'length': 2, 'task_mapping': {'task-5': 0}}
INFO:root:    {'cost': 32.068913125651605, 'length': 65, 'task_mapping': {'task-8': 0}}
INFO:root:    {'cost': 94.5089103360862, 'length': 90, 'task_mapping': {'task-1': 1, 'task-6': 0, 'task-9': 1}}
INFO:root:    {'cost': 109.64843585425871, 'length': 75, 'task_mapping': {'task-1': 0}}
INFO:root:    {'cost': 77.71997385343724, 'length': 88, 'task_mapping': {'task-0': 0}}
INFO:root:    {'cost': 32.787931624743294, 'length': 34, 'task_mapping': {'task-6': 1, 'task-7': 0}}
INFO:root:    {'cost': 94.19368244359234, 'length': 46, 'task_mapping': {'task-3': 1, 'task-4': 0, 'task-8': 1}}
INFO:root:    {'cost': 44.84108911633345, 'length': 47, 'task_mapping': {'task-1': 1, 'task-9': 1}}
INFO:root:    {'cost': 10.938539350929533, 'length': 27, 'task_mapping': {'task-1': 1}}
INFO:root:    {'cost': 38.64114253195129, 'length': 32, 'task_mapping': {'task-7': 0, 'task-8': 1}}
INFO:root:    {'cost': 30.36005067969445, 'length': 34, 'task_mapping': {'task-6': 1}}
INFO:root:    {'cost': 65.35931380431077, 'length': 38, 'task_mapping': {'task-2': 0}}
INFO:root:    {'cost': 30.16238812022285, 'length': 46, 'task_mapping': {'task-3': 1}}
INFO:root:    {'cost': 44.23871878109653, 'length': 47, 'task_mapping': {'task-9': 1}}
INFO:root:    {'cost': 3.4557558710889147, 'length': 32, 'task_mapping': {'task-7': 0}}
INFO:root:subproblem objective was non-negative; ending the iteration.
INFO:root:master model solution is not integer
WARNING:root:Master model reconstruction 0.249586 vs MM relaxation 0.245341
INFO:root:branching
fixed_task_mapping={'task-5': 0, 'task-4': 0, 'task-7': 0, 'task-2': 0, 'task-9': 1, 'task-3': 1, 'task-8': 0}
INFO:root:PATTERNS 29
INFO:root:    {'cost': 19.162692889794833, 'length': 27, 'task_mapping': {'task-4': 0}}
INFO:root:    {'cost': 65.0671204464694, 'length': 46, 'task_mapping': {'task-3': 1, 'task-5': 0, 'task-6': 1}}
INFO:root:    {'cost': 9.806019356841226, 'length': 13, 'task_mapping': {'task-0': 1}}
INFO:root:    {'cost': 20.082125543121844, 'length': 27, 'task_mapping': {'task-0': 1, 'task-1': 1, 'task-5': 0}}
INFO:root:    {'cost': 62.01334983686119, 'length': 47, 'task_mapping': {'task-6': 1, 'task-7': 0, 'task-9': 1}}
INFO:root:    {'cost': 48.6740211681169, 'length': 46, 'task_mapping': {'task-1': 1, 'task-3': 1, 'task-7': 0}}
INFO:root:    {'cost': 113.09626551406527, 'length': 47, 'task_mapping': {'task-2': 0, 'task-3': 1, 'task-9': 1}}
INFO:root:    {'cost': 96.13522420123931, 'length': 65, 'task_mapping': {'task-3': 1, 'task-8': 0, 'task-9': 1}}
INFO:root:    {'cost': 81.30843425026352, 'length': 38, 'task_mapping': {'task-1': 1, 'task-2': 0, 'task-6': 1}}
INFO:root:    {'cost': 32.5902690652717, 'length': 46, 'task_mapping': {'task-3': 1, 'task-7': 0}}
INFO:root:    {'cost': 87.16162580684517, 'length': 47, 'task_mapping': {'task-0': 1, 'task-2': 0, 'task-9': 1}}
INFO:root:    {'cost': 32.336678362496286, 'length': 34, 'task_mapping': {'task-1': 1, 'task-5': 0, 'task-6': 1}}
INFO:root:    {'cost': 85.66463539561401, 'length': 47, 'task_mapping': {'task-1': 1, 'task-2': 0, 'task-9': 1}}
INFO:root:    {'cost': 100.4090151710929, 'length': 47, 'task_mapping': {'task-2': 0, 'task-6': 1, 'task-9': 1}}
INFO:root:    {'cost': 48.61587171320867, 'length': 46, 'task_mapping': {'task-3': 1, 'task-4': 0}}
INFO:root:    {'cost': 49.41590460791719, 'length': 34, 'task_mapping': {'task-1': 1, 'task-4': 0, 'task-6': 1}}
INFO:root:    {'cost': 1.8919193791700417, 'length': 2, 'task_mapping': {'task-5': 0}}
INFO:root:    {'cost': 32.068913125651605, 'length': 65, 'task_mapping': {'task-8': 0}}
INFO:root:    {'cost': 94.5089103360862, 'length': 90, 'task_mapping': {'task-1': 1, 'task-6': 0, 'task-9': 1}}
INFO:root:    {'cost': 109.64843585425871, 'length': 75, 'task_mapping': {'task-1': 0}}
INFO:root:    {'cost': 77.71997385343724, 'length': 88, 'task_mapping': {'task-0': 0}}
INFO:root:    {'cost': 32.787931624743294, 'length': 34, 'task_mapping': {'task-6': 1, 'task-7': 0}}
INFO:root:    {'cost': 44.84108911633345, 'length': 47, 'task_mapping': {'task-1': 1, 'task-9': 1}}
INFO:root:    {'cost': 10.938539350929533, 'length': 27, 'task_mapping': {'task-1': 1}}
INFO:root:    {'cost': 30.36005067969445, 'length': 34, 'task_mapping': {'task-6': 1}}
INFO:root:    {'cost': 65.35931380431077, 'length': 38, 'task_mapping': {'task-2': 0}}
INFO:root:    {'cost': 30.16238812022285, 'length': 46, 'task_mapping': {'task-3': 1}}
INFO:root:    {'cost': 44.23871878109653, 'length': 47, 'task_mapping': {'task-9': 1}}
INFO:root:    {'cost': 3.4557558710889147, 'length': 32, 'task_mapping': {'task-7': 0}}
INFO:root:  found pattern {'cost': 56.20610651653968, 'length': 65, 'task_mapping': {'task-1': 1, 'task-6': 1, 'task-8': 0}}, -6.307565592438252
INFO:root:  found pattern {'cost': 60.10291357933977, 'length': 65, 'task_mapping': {'task-3': 1, 'task-8': 0}}, -1.4191783697262714
INFO:root:  found pattern {'cost': 65.07482856552855, 'length': 65, 'task_mapping': {'task-1': 1, 'task-3': 1, 'task-8': 0}}, -0.2747481917631127
INFO:root:  found pattern {'cost': 82.80542466149467, 'length': 38, 'task_mapping': {'task-0': 1, 'task-2': 0, 'task-6': 1}}, -0.5494963835263036
INFO:root:Relaxation 0.2626834848768285 is worse than best obj 0.24958645207828944
INFO:root:subproblem objective was non-negative; ending the iteration.
INFO:root:master model solution (0.262683) is pruned by best-so-far solution (0.249586).
INFO:root:branching
fixed_task_mapping={'task-5': 0, 'task-4': 0, 'task-7': 0, 'task-2': 0, 'task-9': 1, 'task-3': 1, 'task-8': 1}
INFO:root:PATTERNS 35
INFO:root:    {'cost': 19.162692889794833, 'length': 27, 'task_mapping': {'task-4': 0}}
INFO:root:    {'cost': 65.0671204464694, 'length': 46, 'task_mapping': {'task-3': 1, 'task-5': 0, 'task-6': 1}}
INFO:root:    {'cost': 75.30300553974827, 'length': 38, 'task_mapping': {'task-2': 0, 'task-8': 1}}
INFO:root:    {'cost': 9.806019356841226, 'length': 13, 'task_mapping': {'task-0': 1}}
INFO:root:    {'cost': 20.082125543121844, 'length': 27, 'task_mapping': {'task-0': 1, 'task-1': 1, 'task-5': 0}}
INFO:root:    {'cost': 62.01334983686119, 'length': 47, 'task_mapping': {'task-6': 1, 'task-7': 0, 'task-9': 1}}
INFO:root:    {'cost': 48.6740211681169, 'length': 46, 'task_mapping': {'task-1': 1, 'task-3': 1, 'task-7': 0}}
INFO:root:    {'cost': 113.09626551406527, 'length': 47, 'task_mapping': {'task-2': 0, 'task-3': 1, 'task-9': 1}}
INFO:root:    {'cost': 22.7150652340632, 'length': 13, 'task_mapping': {'task-0': 1, 'task-8': 1}}
INFO:root:    {'cost': 81.30843425026352, 'length': 38, 'task_mapping': {'task-1': 1, 'task-2': 0, 'task-6': 1}}
INFO:root:    {'cost': 32.5902690652717, 'length': 46, 'task_mapping': {'task-3': 1, 'task-7': 0}}
INFO:root:    {'cost': 21.989961835160045, 'length': 13, 'task_mapping': {'task-5': 0, 'task-8': 1}}
INFO:root:    {'cost': 87.16162580684517, 'length': 47, 'task_mapping': {'task-0': 1, 'task-2': 0, 'task-9': 1}}
INFO:root:    {'cost': 32.336678362496286, 'length': 34, 'task_mapping': {'task-1': 1, 'task-5': 0, 'task-6': 1}}
INFO:root:    {'cost': 85.66463539561401, 'length': 47, 'task_mapping': {'task-1': 1, 'task-2': 0, 'task-9': 1}}
INFO:root:    {'cost': 100.4090151710929, 'length': 47, 'task_mapping': {'task-2': 0, 'task-6': 1, 'task-9': 1}}
INFO:root:    {'cost': 24.08932258162812, 'length': 13, 'task_mapping': {'task-0': 1, 'task-5': 0, 'task-8': 1}}
INFO:root:    {'cost': 48.61587171320867, 'length': 46, 'task_mapping': {'task-3': 1, 'task-4': 0}}
INFO:root:    {'cost': 49.41590460791719, 'length': 34, 'task_mapping': {'task-1': 1, 'task-4': 0, 'task-6': 1}}
INFO:root:    {'cost': 1.8919193791700417, 'length': 2, 'task_mapping': {'task-5': 0}}
INFO:root:    {'cost': 94.5089103360862, 'length': 90, 'task_mapping': {'task-1': 1, 'task-6': 0, 'task-9': 1}}
INFO:root:    {'cost': 109.64843585425871, 'length': 75, 'task_mapping': {'task-1': 0}}
INFO:root:    {'cost': 77.71997385343724, 'length': 88, 'task_mapping': {'task-0': 0}}
INFO:root:    {'cost': 32.787931624743294, 'length': 34, 'task_mapping': {'task-6': 1, 'task-7': 0}}
INFO:root:    {'cost': 94.19368244359234, 'length': 46, 'task_mapping': {'task-3': 1, 'task-4': 0, 'task-8': 1}}
INFO:root:    {'cost': 44.84108911633345, 'length': 47, 'task_mapping': {'task-1': 1, 'task-9': 1}}
INFO:root:    {'cost': 10.938539350929533, 'length': 27, 'task_mapping': {'task-1': 1}}
INFO:root:    {'cost': 38.64114253195129, 'length': 32, 'task_mapping': {'task-7': 0, 'task-8': 1}}
INFO:root:    {'cost': 30.36005067969445, 'length': 34, 'task_mapping': {'task-6': 1}}
INFO:root:    {'cost': 65.35931380431077, 'length': 38, 'task_mapping': {'task-2': 0}}
INFO:root:    {'cost': 30.16238812022285, 'length': 46, 'task_mapping': {'task-3': 1}}
INFO:root:    {'cost': 44.23871878109653, 'length': 47, 'task_mapping': {'task-9': 1}}
INFO:root:    {'cost': 3.4557558710889147, 'length': 32, 'task_mapping': {'task-7': 0}}
INFO:root:    {'cost': 45.61297612866145, 'length': 47, 'task_mapping': {'task-5': 0, 'task-9': 1}}
INFO:root:    {'cost': 105.75397430712542, 'length': 88, 'task_mapping': {'task-0': 0, 'task-3': 1}}
INFO:root:subproblem objective was non-negative; ending the iteration.
INFO:root:master model solution is not integer
WARNING:root:Master model reconstruction 0.249586 vs MM relaxation 0.245341
INFO:root:branching
fixed_task_mapping={'task-5': 0, 'task-4': 0, 'task-7': 0, 'task-2': 0, 'task-9': 1, 'task-3': 1, 'task-8': 1, 'task-1': 1}
INFO:root:PATTERNS 34
INFO:root:    {'cost': 19.162692889794833, 'length': 27, 'task_mapping': {'task-4': 0}}
INFO:root:    {'cost': 65.0671204464694, 'length': 46, 'task_mapping': {'task-3': 1, 'task-5': 0, 'task-6': 1}}
INFO:root:    {'cost': 75.30300553974827, 'length': 38, 'task_mapping': {'task-2': 0, 'task-8': 1}}
INFO:root:    {'cost': 9.806019356841226, 'length': 13, 'task_mapping': {'task-0': 1}}
INFO:root:    {'cost': 20.082125543121844, 'length': 27, 'task_mapping': {'task-0': 1, 'task-1': 1, 'task-5': 0}}
INFO:root:    {'cost': 62.01334983686119, 'length': 47, 'task_mapping': {'task-6': 1, 'task-7': 0, 'task-9': 1}}
INFO:root:    {'cost': 48.6740211681169, 'length': 46, 'task_mapping': {'task-1': 1, 'task-3': 1, 'task-7': 0}}
INFO:root:    {'cost': 113.09626551406527, 'length': 47, 'task_mapping': {'task-2': 0, 'task-3': 1, 'task-9': 1}}
INFO:root:    {'cost': 22.7150652340632, 'length': 13, 'task_mapping': {'task-0': 1, 'task-8': 1}}
INFO:root:    {'cost': 81.30843425026352, 'length': 38, 'task_mapping': {'task-1': 1, 'task-2': 0, 'task-6': 1}}
INFO:root:    {'cost': 32.5902690652717, 'length': 46, 'task_mapping': {'task-3': 1, 'task-7': 0}}
INFO:root:    {'cost': 21.989961835160045, 'length': 13, 'task_mapping': {'task-5': 0, 'task-8': 1}}
INFO:root:    {'cost': 87.16162580684517, 'length': 47, 'task_mapping': {'task-0': 1, 'task-2': 0, 'task-9': 1}}
INFO:root:    {'cost': 32.336678362496286, 'length': 34, 'task_mapping': {'task-1': 1, 'task-5': 0, 'task-6': 1}}
INFO:root:    {'cost': 85.66463539561401, 'length': 47, 'task_mapping': {'task-1': 1, 'task-2': 0, 'task-9': 1}}
INFO:root:    {'cost': 100.4090151710929, 'length': 47, 'task_mapping': {'task-2': 0, 'task-6': 1, 'task-9': 1}}
INFO:root:    {'cost': 24.08932258162812, 'length': 13, 'task_mapping': {'task-0': 1, 'task-5': 0, 'task-8': 1}}
INFO:root:    {'cost': 48.61587171320867, 'length': 46, 'task_mapping': {'task-3': 1, 'task-4': 0}}
INFO:root:    {'cost': 49.41590460791719, 'length': 34, 'task_mapping': {'task-1': 1, 'task-4': 0, 'task-6': 1}}
INFO:root:    {'cost': 1.8919193791700417, 'length': 2, 'task_mapping': {'task-5': 0}}
INFO:root:    {'cost': 94.5089103360862, 'length': 90, 'task_mapping': {'task-1': 1, 'task-6': 0, 'task-9': 1}}
INFO:root:    {'cost': 77.71997385343724, 'length': 88, 'task_mapping': {'task-0': 0}}
INFO:root:    {'cost': 32.787931624743294, 'length': 34, 'task_mapping': {'task-6': 1, 'task-7': 0}}
INFO:root:    {'cost': 94.19368244359234, 'length': 46, 'task_mapping': {'task-3': 1, 'task-4': 0, 'task-8': 1}}
INFO:root:    {'cost': 44.84108911633345, 'length': 47, 'task_mapping': {'task-1': 1, 'task-9': 1}}
INFO:root:    {'cost': 10.938539350929533, 'length': 27, 'task_mapping': {'task-1': 1}}
INFO:root:    {'cost': 38.64114253195129, 'length': 32, 'task_mapping': {'task-7': 0, 'task-8': 1}}
INFO:root:    {'cost': 30.36005067969445, 'length': 34, 'task_mapping': {'task-6': 1}}
INFO:root:    {'cost': 65.35931380431077, 'length': 38, 'task_mapping': {'task-2': 0}}
INFO:root:    {'cost': 30.16238812022285, 'length': 46, 'task_mapping': {'task-3': 1}}
INFO:root:    {'cost': 44.23871878109653, 'length': 47, 'task_mapping': {'task-9': 1}}
INFO:root:    {'cost': 3.4557558710889147, 'length': 32, 'task_mapping': {'task-7': 0}}
INFO:root:    {'cost': 45.61297612866145, 'length': 47, 'task_mapping': {'task-5': 0, 'task-9': 1}}
INFO:root:    {'cost': 105.75397430712542, 'length': 88, 'task_mapping': {'task-0': 0, 'task-3': 1}}
INFO:root:subproblem objective was non-negative; ending the iteration.
INFO:root:master model solution is not integer
WARNING:root:Master model reconstruction 0.249586 vs MM relaxation 0.245341
INFO:root:branching
fixed_task_mapping={'task-5': 0, 'task-4': 0, 'task-7': 0, 'task-2': 0, 'task-9': 1, 'task-3': 1, 'task-8': 1, 'task-1': 1, 'task-0': 1}
INFO:root:PATTERNS 34
INFO:root:    {'cost': 19.162692889794833, 'length': 27, 'task_mapping': {'task-4': 0}}
INFO:root:    {'cost': 65.0671204464694, 'length': 46, 'task_mapping': {'task-3': 1, 'task-5': 0, 'task-6': 1}}
INFO:root:    {'cost': 75.30300553974827, 'length': 38, 'task_mapping': {'task-2': 0, 'task-8': 1}}
INFO:root:    {'cost': 9.806019356841226, 'length': 13, 'task_mapping': {'task-0': 1}}
INFO:root:    {'cost': 20.082125543121844, 'length': 27, 'task_mapping': {'task-0': 1, 'task-1': 1, 'task-5': 0}}
INFO:root:    {'cost': 62.01334983686119, 'length': 47, 'task_mapping': {'task-6': 1, 'task-7': 0, 'task-9': 1}}
INFO:root:    {'cost': 48.6740211681169, 'length': 46, 'task_mapping': {'task-1': 1, 'task-3': 1, 'task-7': 0}}
INFO:root:    {'cost': 113.09626551406527, 'length': 47, 'task_mapping': {'task-2': 0, 'task-3': 1, 'task-9': 1}}
INFO:root:    {'cost': 22.7150652340632, 'length': 13, 'task_mapping': {'task-0': 1, 'task-8': 1}}
INFO:root:    {'cost': 81.30843425026352, 'length': 38, 'task_mapping': {'task-1': 1, 'task-2': 0, 'task-6': 1}}
INFO:root:    {'cost': 32.5902690652717, 'length': 46, 'task_mapping': {'task-3': 1, 'task-7': 0}}
INFO:root:    {'cost': 21.989961835160045, 'length': 13, 'task_mapping': {'task-5': 0, 'task-8': 1}}
INFO:root:    {'cost': 87.16162580684517, 'length': 47, 'task_mapping': {'task-0': 1, 'task-2': 0, 'task-9': 1}}
INFO:root:    {'cost': 32.336678362496286, 'length': 34, 'task_mapping': {'task-1': 1, 'task-5': 0, 'task-6': 1}}
INFO:root:    {'cost': 85.66463539561401, 'length': 47, 'task_mapping': {'task-1': 1, 'task-2': 0, 'task-9': 1}}
INFO:root:    {'cost': 100.4090151710929, 'length': 47, 'task_mapping': {'task-2': 0, 'task-6': 1, 'task-9': 1}}
INFO:root:    {'cost': 24.08932258162812, 'length': 13, 'task_mapping': {'task-0': 1, 'task-5': 0, 'task-8': 1}}
INFO:root:    {'cost': 48.61587171320867, 'length': 46, 'task_mapping': {'task-3': 1, 'task-4': 0}}
INFO:root:    {'cost': 49.41590460791719, 'length': 34, 'task_mapping': {'task-1': 1, 'task-4': 0, 'task-6': 1}}
INFO:root:    {'cost': 1.8919193791700417, 'length': 2, 'task_mapping': {'task-5': 0}}
INFO:root:    {'cost': 94.5089103360862, 'length': 90, 'task_mapping': {'task-1': 1, 'task-6': 0, 'task-9': 1}}
INFO:root:    {'cost': 32.787931624743294, 'length': 34, 'task_mapping': {'task-6': 1, 'task-7': 0}}
INFO:root:    {'cost': 94.19368244359234, 'length': 46, 'task_mapping': {'task-3': 1, 'task-4': 0, 'task-8': 1}}
INFO:root:    {'cost': 44.84108911633345, 'length': 47, 'task_mapping': {'task-1': 1, 'task-9': 1}}
INFO:root:    {'cost': 10.938539350929533, 'length': 27, 'task_mapping': {'task-1': 1}}
INFO:root:    {'cost': 38.64114253195129, 'length': 32, 'task_mapping': {'task-7': 0, 'task-8': 1}}
INFO:root:    {'cost': 30.36005067969445, 'length': 34, 'task_mapping': {'task-6': 1}}
INFO:root:    {'cost': 65.35931380431077, 'length': 38, 'task_mapping': {'task-2': 0}}
INFO:root:    {'cost': 30.16238812022285, 'length': 46, 'task_mapping': {'task-3': 1}}
INFO:root:    {'cost': 44.23871878109653, 'length': 47, 'task_mapping': {'task-9': 1}}
INFO:root:    {'cost': 3.4557558710889147, 'length': 32, 'task_mapping': {'task-7': 0}}
INFO:root:    {'cost': 45.61297612866145, 'length': 47, 'task_mapping': {'task-5': 0, 'task-9': 1}}
INFO:root:    {'cost': 75.85655987600092, 'length': 46, 'task_mapping': {'task-0': 1, 'task-3': 1, 'task-4': 0}}
INFO:root:    {'cost': 104.695996674055, 'length': 90, 'task_mapping': {'task-1': 1, 'task-6': 0, 'task-8': 1}}
INFO:root:subproblem objective was non-negative; ending the iteration.
INFO:root:master model solution is not integer
WARNING:root:Master model reconstruction 0.249586 vs MM relaxation 0.245341
INFO:root:branching
fixed_task_mapping={'task-5': 0, 'task-4': 0, 'task-7': 0, 'task-2': 0, 'task-9': 1, 'task-3': 1, 'task-8': 1, 'task-1': 1, 'task-0': 1, 'task-6': 0}
INFO:root:PATTERNS 28
INFO:root:    {'cost': 19.162692889794833, 'length': 27, 'task_mapping': {'task-4': 0}}
INFO:root:    {'cost': 75.30300553974827, 'length': 38, 'task_mapping': {'task-2': 0, 'task-8': 1}}
INFO:root:    {'cost': 9.806019356841226, 'length': 13, 'task_mapping': {'task-0': 1}}
INFO:root:    {'cost': 20.082125543121844, 'length': 27, 'task_mapping': {'task-0': 1, 'task-1': 1, 'task-5': 0}}
INFO:root:    {'cost': 48.6740211681169, 'length': 46, 'task_mapping': {'task-1': 1, 'task-3': 1, 'task-7': 0}}
INFO:root:    {'cost': 113.09626551406527, 'length': 47, 'task_mapping': {'task-2': 0, 'task-3': 1, 'task-9': 1}}
INFO:root:    {'cost': 22.7150652340632, 'length': 13, 'task_mapping': {'task-0': 1, 'task-8': 1}}
INFO:root:    {'cost': 32.5902690652717, 'length': 46, 'task_mapping': {'task-3': 1, 'task-7': 0}}
INFO:root:    {'cost': 21.989961835160045, 'length': 13, 'task_mapping': {'task-5': 0, 'task-8': 1}}
INFO:root:    {'cost': 87.16162580684517, 'length': 47, 'task_mapping': {'task-0': 1, 'task-2': 0, 'task-9': 1}}
INFO:root:    {'cost': 85.66463539561401, 'length': 47, 'task_mapping': {'task-1': 1, 'task-2': 0, 'task-9': 1}}
INFO:root:    {'cost': 24.08932258162812, 'length': 13, 'task_mapping': {'task-0': 1, 'task-5': 0, 'task-8': 1}}
INFO:root:    {'cost': 48.61587171320867, 'length': 46, 'task_mapping': {'task-3': 1, 'task-4': 0}}
INFO:root:    {'cost': 1.8919193791700417, 'length': 2, 'task_mapping': {'task-5': 0}}
INFO:root:    {'cost': 94.5089103360862, 'length': 90, 'task_mapping': {'task-1': 1, 'task-6': 0, 'task-9': 1}}
INFO:root:    {'cost': 94.19368244359234, 'length': 46, 'task_mapping': {'task-3': 1, 'task-4': 0, 'task-8': 1}}
INFO:root:    {'cost': 44.84108911633345, 'length': 47, 'task_mapping': {'task-1': 1, 'task-9': 1}}
INFO:root:    {'cost': 10.938539350929533, 'length': 27, 'task_mapping': {'task-1': 1}}
INFO:root:    {'cost': 38.64114253195129, 'length': 32, 'task_mapping': {'task-7': 0, 'task-8': 1}}
INFO:root:    {'cost': 65.35931380431077, 'length': 38, 'task_mapping': {'task-2': 0}}
INFO:root:    {'cost': 30.16238812022285, 'length': 46, 'task_mapping': {'task-3': 1}}
INFO:root:    {'cost': 44.23871878109653, 'length': 47, 'task_mapping': {'task-9': 1}}
INFO:root:    {'cost': 3.4557558710889147, 'length': 32, 'task_mapping': {'task-7': 0}}
INFO:root:    {'cost': 45.61297612866145, 'length': 47, 'task_mapping': {'task-5': 0, 'task-9': 1}}
INFO:root:    {'cost': 75.85655987600092, 'length': 46, 'task_mapping': {'task-0': 1, 'task-3': 1, 'task-4': 0}}
INFO:root:    {'cost': 104.695996674055, 'length': 90, 'task_mapping': {'task-1': 1, 'task-6': 0, 'task-8': 1}}
INFO:root:    {'cost': 57.40307628301509, 'length': 46, 'task_mapping': {'task-0': 1, 'task-3': 1}}
INFO:root:    {'cost': 62.69220237408235, 'length': 47, 'task_mapping': {'task-4': 0, 'task-9': 1}}
INFO:root:  found pattern {'cost': 56.54177907610534, 'length': 90, 'task_mapping': {'task-3': 1, 'task-6': 0}}, -67.4203100833947
INFO:root:  found pattern {'cost': 28.507778622417177, 'length': 90, 'task_mapping': {'task-6': 0}}, -28.03400045368817
INFO:root:  found pattern {'cost': 95.00595679581458, 'length': 47, 'task_mapping': {'task-2': 0, 'task-8': 1, 'task-9': 1}}, -10.672012752157755
INFO:root:  found pattern {'cost': 75.9053758749852, 'length': 38, 'task_mapping': {'task-1': 1, 'task-2': 0, 'task-8': 1}}, -5.336006376078828
INFO:root:Relaxation 0.25188558108564163 is worse than best obj 0.24958645207828944
INFO:root:subproblem objective was non-negative; ending the iteration.
INFO:root:master model solution (0.251886) is pruned by best-so-far solution (0.249586).
INFO:root:branching
fixed_task_mapping={'task-5': 0, 'task-4': 0, 'task-7': 0, 'task-2': 0, 'task-9': 1, 'task-3': 1, 'task-8': 1, 'task-1': 1, 'task-0': 1, 'task-6': 1}
INFO:root:PATTERNS 35
INFO:root:    {'cost': 19.162692889794833, 'length': 27, 'task_mapping': {'task-4': 0}}
INFO:root:    {'cost': 65.0671204464694, 'length': 46, 'task_mapping': {'task-3': 1, 'task-5': 0, 'task-6': 1}}
INFO:root:    {'cost': 75.30300553974827, 'length': 38, 'task_mapping': {'task-2': 0, 'task-8': 1}}
INFO:root:    {'cost': 9.806019356841226, 'length': 13, 'task_mapping': {'task-0': 1}}
INFO:root:    {'cost': 20.082125543121844, 'length': 27, 'task_mapping': {'task-0': 1, 'task-1': 1, 'task-5': 0}}
INFO:root:    {'cost': 62.01334983686119, 'length': 47, 'task_mapping': {'task-6': 1, 'task-7': 0, 'task-9': 1}}
INFO:root:    {'cost': 48.6740211681169, 'length': 46, 'task_mapping': {'task-1': 1, 'task-3': 1, 'task-7': 0}}
INFO:root:    {'cost': 113.09626551406527, 'length': 47, 'task_mapping': {'task-2': 0, 'task-3': 1, 'task-9': 1}}
INFO:root:    {'cost': 22.7150652340632, 'length': 13, 'task_mapping': {'task-0': 1, 'task-8': 1}}
INFO:root:    {'cost': 81.30843425026352, 'length': 38, 'task_mapping': {'task-1': 1, 'task-2': 0, 'task-6': 1}}
INFO:root:    {'cost': 32.5902690652717, 'length': 46, 'task_mapping': {'task-3': 1, 'task-7': 0}}
INFO:root:    {'cost': 21.989961835160045, 'length': 13, 'task_mapping': {'task-5': 0, 'task-8': 1}}
INFO:root:    {'cost': 87.16162580684517, 'length': 47, 'task_mapping': {'task-0': 1, 'task-2': 0, 'task-9': 1}}
INFO:root:    {'cost': 32.336678362496286, 'length': 34, 'task_mapping': {'task-1': 1, 'task-5': 0, 'task-6': 1}}
INFO:root:    {'cost': 85.66463539561401, 'length': 47, 'task_mapping': {'task-1': 1, 'task-2': 0, 'task-9': 1}}
INFO:root:    {'cost': 100.4090151710929, 'length': 47, 'task_mapping': {'task-2': 0, 'task-6': 1, 'task-9': 1}}
INFO:root:    {'cost': 24.08932258162812, 'length': 13, 'task_mapping': {'task-0': 1, 'task-5': 0, 'task-8': 1}}
INFO:root:    {'cost': 48.61587171320867, 'length': 46, 'task_mapping': {'task-3': 1, 'task-4': 0}}
INFO:root:    {'cost': 49.41590460791719, 'length': 34, 'task_mapping': {'task-1': 1, 'task-4': 0, 'task-6': 1}}
INFO:root:    {'cost': 1.8919193791700417, 'length': 2, 'task_mapping': {'task-5': 0}}
INFO:root:    {'cost': 32.787931624743294, 'length': 34, 'task_mapping': {'task-6': 1, 'task-7': 0}}
INFO:root:    {'cost': 94.19368244359234, 'length': 46, 'task_mapping': {'task-3': 1, 'task-4': 0, 'task-8': 1}}
INFO:root:    {'cost': 44.84108911633345, 'length': 47, 'task_mapping': {'task-1': 1, 'task-9': 1}}
INFO:root:    {'cost': 10.938539350929533, 'length': 27, 'task_mapping': {'task-1': 1}}
INFO:root:    {'cost': 38.64114253195129, 'length': 32, 'task_mapping': {'task-7': 0, 'task-8': 1}}
INFO:root:    {'cost': 30.36005067969445, 'length': 34, 'task_mapping': {'task-6': 1}}
INFO:root:    {'cost': 65.35931380431077, 'length': 38, 'task_mapping': {'task-2': 0}}
INFO:root:    {'cost': 30.16238812022285, 'length': 46, 'task_mapping': {'task-3': 1}}
INFO:root:    {'cost': 44.23871878109653, 'length': 47, 'task_mapping': {'task-9': 1}}
INFO:root:    {'cost': 3.4557558710889147, 'length': 32, 'task_mapping': {'task-7': 0}}
INFO:root:    {'cost': 45.61297612866145, 'length': 47, 'task_mapping': {'task-5': 0, 'task-9': 1}}
INFO:root:    {'cost': 75.85655987600092, 'length': 46, 'task_mapping': {'task-0': 1, 'task-3': 1, 'task-4': 0}}
INFO:root:    {'cost': 67.45867455077885, 'length': 38, 'task_mapping': {'task-0': 1, 'task-2': 0}}
INFO:root:    {'cost': 46.24614022306805, 'length': 46, 'task_mapping': {'task-1': 1, 'task-3': 1}}
INFO:root:    {'cost': 79.08329144025399, 'length': 47, 'task_mapping': {'task-4': 0, 'task-8': 1, 'task-9': 1}}
INFO:root:subproblem objective was non-negative; ending the iteration.
INFO:root:master model solution is not integer
INFO:root:leaf solution was reached, but MP was not integer, use global model instead
INFO:root:best objective was updated to (by global): 0.248641
INFO:root:branching
fixed_task_mapping={'task-5': 0, 'task-4': 0, 'task-7': 0, 'task-2': 0, 'task-9': 1, 'task-3': 1, 'task-8': 1, 'task-1': 1, 'task-0': 0}
INFO:root:PATTERNS 30
INFO:root:    {'cost': 19.162692889794833, 'length': 27, 'task_mapping': {'task-4': 0}}
INFO:root:    {'cost': 65.0671204464694, 'length': 46, 'task_mapping': {'task-3': 1, 'task-5': 0, 'task-6': 1}}
INFO:root:    {'cost': 75.30300553974827, 'length': 38, 'task_mapping': {'task-2': 0, 'task-8': 1}}
INFO:root:    {'cost': 62.01334983686119, 'length': 47, 'task_mapping': {'task-6': 1, 'task-7': 0, 'task-9': 1}}
INFO:root:    {'cost': 48.6740211681169, 'length': 46, 'task_mapping': {'task-1': 1, 'task-3': 1, 'task-7': 0}}
INFO:root:    {'cost': 113.09626551406527, 'length': 47, 'task_mapping': {'task-2': 0, 'task-3': 1, 'task-9': 1}}
INFO:root:    {'cost': 81.30843425026352, 'length': 38, 'task_mapping': {'task-1': 1, 'task-2': 0, 'task-6': 1}}
INFO:root:    {'cost': 32.5902690652717, 'length': 46, 'task_mapping': {'task-3': 1, 'task-7': 0}}
INFO:root:    {'cost': 21.989961835160045, 'length': 13, 'task_mapping': {'task-5': 0, 'task-8': 1}}
INFO:root:    {'cost': 32.336678362496286, 'length': 34, 'task_mapping': {'task-1': 1, 'task-5': 0, 'task-6': 1}}
INFO:root:    {'cost': 85.66463539561401, 'length': 47, 'task_mapping': {'task-1': 1, 'task-2': 0, 'task-9': 1}}
INFO:root:    {'cost': 100.4090151710929, 'length': 47, 'task_mapping': {'task-2': 0, 'task-6': 1, 'task-9': 1}}
INFO:root:    {'cost': 48.61587171320867, 'length': 46, 'task_mapping': {'task-3': 1, 'task-4': 0}}
INFO:root:    {'cost': 49.41590460791719, 'length': 34, 'task_mapping': {'task-1': 1, 'task-4': 0, 'task-6': 1}}
INFO:root:    {'cost': 1.8919193791700417, 'length': 2, 'task_mapping': {'task-5': 0}}
INFO:root:    {'cost': 94.5089103360862, 'length': 90, 'task_mapping': {'task-1': 1, 'task-6': 0, 'task-9': 1}}
INFO:root:    {'cost': 77.71997385343724, 'length': 88, 'task_mapping': {'task-0': 0}}
INFO:root:    {'cost': 32.787931624743294, 'length': 34, 'task_mapping': {'task-6': 1, 'task-7': 0}}
INFO:root:    {'cost': 94.19368244359234, 'length': 46, 'task_mapping': {'task-3': 1, 'task-4': 0, 'task-8': 1}}
INFO:root:    {'cost': 44.84108911633345, 'length': 47, 'task_mapping': {'task-1': 1, 'task-9': 1}}
INFO:root:    {'cost': 10.938539350929533, 'length': 27, 'task_mapping': {'task-1': 1}}
INFO:root:    {'cost': 38.64114253195129, 'length': 32, 'task_mapping': {'task-7': 0, 'task-8': 1}}
INFO:root:    {'cost': 30.36005067969445, 'length': 34, 'task_mapping': {'task-6': 1}}
INFO:root:    {'cost': 65.35931380431077, 'length': 38, 'task_mapping': {'task-2': 0}}
INFO:root:    {'cost': 30.16238812022285, 'length': 46, 'task_mapping': {'task-3': 1}}
INFO:root:    {'cost': 44.23871878109653, 'length': 47, 'task_mapping': {'task-9': 1}}
INFO:root:    {'cost': 3.4557558710889147, 'length': 32, 'task_mapping': {'task-7': 0}}
INFO:root:    {'cost': 45.61297612866145, 'length': 47, 'task_mapping': {'task-5': 0, 'task-9': 1}}
INFO:root:    {'cost': 105.75397430712542, 'length': 88, 'task_mapping': {'task-0': 0, 'task-3': 1}}
INFO:root:    {'cost': 20.615704487595128, 'length': 13, 'task_mapping': {'task-8': 1}}
INFO:root:  found pattern {'cost': 96.59278535727474, 'length': 88, 'task_mapping': {'task-0': 0, 'task-1': 1, 'task-9': 1}}, -15.73660135963543
INFO:root:  found pattern {'cost': 111.33716513275363, 'length': 88, 'task_mapping': {'task-0': 0, 'task-6': 1, 'task-9': 1}}, -14.151424316424112
INFO:root:  found pattern {'cost': 93.66909429938997, 'length': 88, 'task_mapping': {'task-0': 0, 'task-1': 1, 'task-6': 1}}, -9.053837980057963
INFO:root:  found pattern {'cost': 90.64975565046409, 'length': 38, 'task_mapping': {'task-2': 0, 'task-6': 1, 'task-8': 1}}, -5.077175360276314
INFO:root:  found pattern {'cost': 124.02441547572599, 'length': 88, 'task_mapping': {'task-0': 0, 'task-3': 1, 'task-9': 1}}, -1.1005127404946577
INFO:root:  found pattern {'cost': 75.9053758749852, 'length': 38, 'task_mapping': {'task-1': 1, 'task-2': 0, 'task-8': 1}}, -1.1005127404947928
INFO:root:Relaxation 0.32118322978930053 is worse than best obj 0.24864083968254236
INFO:root:subproblem objective was non-negative; ending the iteration.
INFO:root:master model solution (0.321183) is pruned by best-so-far solution (0.248641).
INFO:root:branching
fixed_task_mapping={'task-5': 0, 'task-4': 0, 'task-7': 0, 'task-2': 0, 'task-9': 1, 'task-3': 1, 'task-8': 1, 'task-1': 0}
INFO:root:PATTERNS 28
INFO:root:    {'cost': 19.162692889794833, 'length': 27, 'task_mapping': {'task-4': 0}}
INFO:root:    {'cost': 65.0671204464694, 'length': 46, 'task_mapping': {'task-3': 1, 'task-5': 0, 'task-6': 1}}
INFO:root:    {'cost': 75.30300553974827, 'length': 38, 'task_mapping': {'task-2': 0, 'task-8': 1}}
INFO:root:    {'cost': 9.806019356841226, 'length': 13, 'task_mapping': {'task-0': 1}}
INFO:root:    {'cost': 62.01334983686119, 'length': 47, 'task_mapping': {'task-6': 1, 'task-7': 0, 'task-9': 1}}
INFO:root:    {'cost': 113.09626551406527, 'length': 47, 'task_mapping': {'task-2': 0, 'task-3': 1, 'task-9': 1}}
INFO:root:    {'cost': 22.7150652340632, 'length': 13, 'task_mapping': {'task-0': 1, 'task-8': 1}}
INFO:root:    {'cost': 32.5902690652717, 'length': 46, 'task_mapping': {'task-3': 1, 'task-7': 0}}
INFO:root:    {'cost': 21.989961835160045, 'length': 13, 'task_mapping': {'task-5': 0, 'task-8': 1}}
INFO:root:    {'cost': 87.16162580684517, 'length': 47, 'task_mapping': {'task-0': 1, 'task-2': 0, 'task-9': 1}}
INFO:root:    {'cost': 100.4090151710929, 'length': 47, 'task_mapping': {'task-2': 0, 'task-6': 1, 'task-9': 1}}
INFO:root:    {'cost': 24.08932258162812, 'length': 13, 'task_mapping': {'task-0': 1, 'task-5': 0, 'task-8': 1}}
INFO:root:    {'cost': 48.61587171320867, 'length': 46, 'task_mapping': {'task-3': 1, 'task-4': 0}}
INFO:root:    {'cost': 1.8919193791700417, 'length': 2, 'task_mapping': {'task-5': 0}}
INFO:root:    {'cost': 109.64843585425871, 'length': 75, 'task_mapping': {'task-1': 0}}
INFO:root:    {'cost': 77.71997385343724, 'length': 88, 'task_mapping': {'task-0': 0}}
INFO:root:    {'cost': 32.787931624743294, 'length': 34, 'task_mapping': {'task-6': 1, 'task-7': 0}}
INFO:root:    {'cost': 94.19368244359234, 'length': 46, 'task_mapping': {'task-3': 1, 'task-4': 0, 'task-8': 1}}
INFO:root:    {'cost': 38.64114253195129, 'length': 32, 'task_mapping': {'task-7': 0, 'task-8': 1}}
INFO:root:    {'cost': 30.36005067969445, 'length': 34, 'task_mapping': {'task-6': 1}}
INFO:root:    {'cost': 65.35931380431077, 'length': 38, 'task_mapping': {'task-2': 0}}
INFO:root:    {'cost': 30.16238812022285, 'length': 46, 'task_mapping': {'task-3': 1}}
INFO:root:    {'cost': 44.23871878109653, 'length': 47, 'task_mapping': {'task-9': 1}}
INFO:root:    {'cost': 3.4557558710889147, 'length': 32, 'task_mapping': {'task-7': 0}}
INFO:root:    {'cost': 45.61297612866145, 'length': 47, 'task_mapping': {'task-5': 0, 'task-9': 1}}
INFO:root:    {'cost': 105.75397430712542, 'length': 88, 'task_mapping': {'task-0': 0, 'task-3': 1}}
INFO:root:    {'cost': 121.75112124675023, 'length': 75, 'task_mapping': {'task-1': 0, 'task-9': 1}}
INFO:root:    {'cost': 28.507778622417177, 'length': 90, 'task_mapping': {'task-6': 0}}
INFO:root:  found pattern {'cost': 127.0945467114426, 'length': 75, 'task_mapping': {'task-0': 1, 'task-1': 0, 'task-6': 1}}, -18.272278615732446
INFO:root:  found pattern {'cost': 131.69481298218773, 'length': 75, 'task_mapping': {'task-1': 0, 'task-8': 1, 'task-9': 1}}, -5.715696574520692
INFO:root:  found pattern {'cost': 82.80542466149467, 'length': 38, 'task_mapping': {'task-0': 1, 'task-2': 0, 'task-6': 1}}, -6.591029662255536
INFO:root:  found pattern {'cost': 153.02918641866268, 'length': 75, 'task_mapping': {'task-1': 0, 'task-3': 1, 'task-6': 1}}, -3.5185391161937645
INFO:root:  found pattern {'cost': 80.70606391502659, 'length': 38, 'task_mapping': {'task-2': 0, 'task-6': 1}}, -2.099360746468136
INFO:root:  found pattern {'cost': 149.7851217004384, 'length': 75, 'task_mapping': {'task-1': 0, 'task-3': 1, 'task-9': 1}}, -1.4191783697256852
INFO:root:  found pattern {'cost': 90.64975565046409, 'length': 38, 'task_mapping': {'task-2': 0, 'task-6': 1, 'task-8': 1}}, -1.1005127404946862
INFO:root:  found pattern {'cost': 139.78179705441494, 'length': 75, 'task_mapping': {'task-0': 1, 'task-1': 0, 'task-3': 1}}, -1.1005127404946222
INFO:root:  found pattern {'cost': 77.40236628621633, 'length': 38, 'task_mapping': {'task-0': 1, 'task-2': 0, 'task-8': 1}}, -1.100512740494814
INFO:root:Relaxation 0.35752682530389196 is worse than best obj 0.24864083968254236
INFO:root:subproblem objective was non-negative; ending the iteration.
INFO:root:master model solution (0.357527) is pruned by best-so-far solution (0.248641).
INFO:root:branching
fixed_task_mapping={'task-5': 0, 'task-4': 0, 'task-7': 0, 'task-2': 0, 'task-9': 0}
INFO:root:PATTERNS 31
INFO:root:    {'cost': 80.63569779168336, 'length': 53, 'task_mapping': {'task-1': 1, 'task-9': 0}}
INFO:root:    {'cost': 19.162692889794833, 'length': 27, 'task_mapping': {'task-4': 0}}
INFO:root:    {'cost': 65.0671204464694, 'length': 46, 'task_mapping': {'task-3': 1, 'task-5': 0, 'task-6': 1}}
INFO:root:    {'cost': 75.30300553974827, 'length': 38, 'task_mapping': {'task-2': 0, 'task-8': 1}}
INFO:root:    {'cost': 9.806019356841226, 'length': 13, 'task_mapping': {'task-0': 1}}
INFO:root:    {'cost': 20.082125543121844, 'length': 27, 'task_mapping': {'task-0': 1, 'task-1': 1, 'task-5': 0}}
INFO:root:    {'cost': 48.6740211681169, 'length': 46, 'task_mapping': {'task-1': 1, 'task-3': 1, 'task-7': 0}}
INFO:root:    {'cost': 22.7150652340632, 'length': 13, 'task_mapping': {'task-0': 1, 'task-8': 1}}
INFO:root:    {'cost': 81.30843425026352, 'length': 38, 'task_mapping': {'task-1': 1, 'task-2': 0, 'task-6': 1}}
INFO:root:    {'cost': 32.5902690652717, 'length': 46, 'task_mapping': {'task-3': 1, 'task-7': 0}}
INFO:root:    {'cost': 21.989961835160045, 'length': 13, 'task_mapping': {'task-5': 0, 'task-8': 1}}
INFO:root:    {'cost': 32.336678362496286, 'length': 34, 'task_mapping': {'task-1': 1, 'task-5': 0, 'task-6': 1}}
INFO:root:    {'cost': 24.08932258162812, 'length': 13, 'task_mapping': {'task-0': 1, 'task-5': 0, 'task-8': 1}}
INFO:root:    {'cost': 48.61587171320867, 'length': 46, 'task_mapping': {'task-3': 1, 'task-4': 0}}
INFO:root:    {'cost': 49.41590460791719, 'length': 34, 'task_mapping': {'task-1': 1, 'task-4': 0, 'task-6': 1}}
INFO:root:    {'cost': 1.8919193791700417, 'length': 2, 'task_mapping': {'task-5': 0}}
INFO:root:    {'cost': 66.89302839570453, 'length': 65, 'task_mapping': {'task-3': 0}}
INFO:root:    {'cost': 32.068913125651605, 'length': 65, 'task_mapping': {'task-8': 0}}
INFO:root:    {'cost': 80.03332745644644, 'length': 53, 'task_mapping': {'task-9': 0}}
INFO:root:    {'cost': 96.4936449625641, 'length': 65, 'task_mapping': {'task-3': 0, 'task-8': 1}}
INFO:root:    {'cost': 109.64843585425871, 'length': 75, 'task_mapping': {'task-1': 0}}
INFO:root:    {'cost': 77.71997385343724, 'length': 88, 'task_mapping': {'task-0': 0}}
INFO:root:    {'cost': 32.787931624743294, 'length': 34, 'task_mapping': {'task-6': 1, 'task-7': 0}}
INFO:root:    {'cost': 94.19368244359234, 'length': 46, 'task_mapping': {'task-3': 1, 'task-4': 0, 'task-8': 1}}
INFO:root:    {'cost': 10.938539350929533, 'length': 27, 'task_mapping': {'task-1': 1}}
INFO:root:    {'cost': 38.64114253195129, 'length': 32, 'task_mapping': {'task-7': 0, 'task-8': 1}}
INFO:root:    {'cost': 30.36005067969445, 'length': 34, 'task_mapping': {'task-6': 1}}
INFO:root:    {'cost': 65.35931380431077, 'length': 38, 'task_mapping': {'task-2': 0}}
INFO:root:    {'cost': 30.16238812022285, 'length': 46, 'task_mapping': {'task-3': 1}}
INFO:root:    {'cost': 3.4557558710889147, 'length': 32, 'task_mapping': {'task-7': 0}}
INFO:root:    {'cost': 108.06732791013462, 'length': 53, 'task_mapping': {'task-3': 1, 'task-9': 0}}
INFO:root:  found pattern {'cost': 97.47943831363034, 'length': 53, 'task_mapping': {'task-0': 1, 'task-6': 1, 'task-9': 0}}, -11.27438308739493
INFO:root:  found pattern {'cost': 68.06104488601576, 'length': 38, 'task_mapping': {'task-0': 1, 'task-1': 1, 'task-2': 0}}, -10.336141860470121
INFO:root:  found pattern {'cost': 90.57938952712085, 'length': 53, 'task_mapping': {'task-1': 1, 'task-8': 1, 'task-9': 0}}, -7.615763040415118
INFO:root:  found pattern {'cost': 77.40236628621633, 'length': 38, 'task_mapping': {'task-0': 1, 'task-2': 0, 'task-8': 1}}, -4.061740288221024
INFO:root:  found pattern {'cost': 105.32376930259974, 'length': 53, 'task_mapping': {'task-6': 1, 'task-8': 1, 'task-9': 0}}, -1.1005127404946293
INFO:root:  found pattern {'cost': 108.66969824537153, 'length': 53, 'task_mapping': {'task-1': 1, 'task-3': 1, 'task-9': 0}}, -0.5502563702473537
INFO:root:Relaxation 0.3027062606971361 is worse than best obj 0.24864083968254236
INFO:root:subproblem objective was non-negative; ending the iteration.
INFO:root:master model solution (0.302706) is pruned by best-so-far solution (0.248641).
INFO:root:branching
fixed_task_mapping={'task-5': 0, 'task-4': 0, 'task-7': 0, 'task-2': 1}
INFO:root:PATTERNS 34
INFO:root:    {'cost': 80.63569779168336, 'length': 53, 'task_mapping': {'task-1': 1, 'task-9': 0}}
INFO:root:    {'cost': 19.162692889794833, 'length': 27, 'task_mapping': {'task-4': 0}}
INFO:root:    {'cost': 65.0671204464694, 'length': 46, 'task_mapping': {'task-3': 1, 'task-5': 0, 'task-6': 1}}
INFO:root:    {'cost': 9.806019356841226, 'length': 13, 'task_mapping': {'task-0': 1}}
INFO:root:    {'cost': 20.082125543121844, 'length': 27, 'task_mapping': {'task-0': 1, 'task-1': 1, 'task-5': 0}}
INFO:root:    {'cost': 62.01334983686119, 'length': 47, 'task_mapping': {'task-6': 1, 'task-7': 0, 'task-9': 1}}
INFO:root:    {'cost': 48.6740211681169, 'length': 46, 'task_mapping': {'task-1': 1, 'task-3': 1, 'task-7': 0}}
INFO:root:    {'cost': 96.13522420123931, 'length': 65, 'task_mapping': {'task-3': 1, 'task-8': 0, 'task-9': 1}}
INFO:root:    {'cost': 22.7150652340632, 'length': 13, 'task_mapping': {'task-0': 1, 'task-8': 1}}
INFO:root:    {'cost': 32.5902690652717, 'length': 46, 'task_mapping': {'task-3': 1, 'task-7': 0}}
INFO:root:    {'cost': 21.989961835160045, 'length': 13, 'task_mapping': {'task-5': 0, 'task-8': 1}}
INFO:root:    {'cost': 32.336678362496286, 'length': 34, 'task_mapping': {'task-1': 1, 'task-5': 0, 'task-6': 1}}
INFO:root:    {'cost': 24.08932258162812, 'length': 13, 'task_mapping': {'task-0': 1, 'task-5': 0, 'task-8': 1}}
INFO:root:    {'cost': 48.61587171320867, 'length': 46, 'task_mapping': {'task-3': 1, 'task-4': 0}}
INFO:root:    {'cost': 49.41590460791719, 'length': 34, 'task_mapping': {'task-1': 1, 'task-4': 0, 'task-6': 1}}
INFO:root:    {'cost': 1.8919193791700417, 'length': 2, 'task_mapping': {'task-5': 0}}
INFO:root:    {'cost': 66.89302839570453, 'length': 65, 'task_mapping': {'task-3': 0}}
INFO:root:    {'cost': 32.068913125651605, 'length': 65, 'task_mapping': {'task-8': 0}}
INFO:root:    {'cost': 94.5089103360862, 'length': 90, 'task_mapping': {'task-1': 1, 'task-6': 0, 'task-9': 1}}
INFO:root:    {'cost': 80.03332745644644, 'length': 53, 'task_mapping': {'task-9': 0}}
INFO:root:    {'cost': 96.4936449625641, 'length': 65, 'task_mapping': {'task-3': 0, 'task-8': 1}}
INFO:root:    {'cost': 109.64843585425871, 'length': 75, 'task_mapping': {'task-1': 0}}
INFO:root:    {'cost': 77.71997385343724, 'length': 88, 'task_mapping': {'task-0': 0}}
INFO:root:    {'cost': 191.37918507371967, 'length': 90, 'task_mapping': {'task-2': 1, 'task-5': 0, 'task-6': 1}}
INFO:root:    {'cost': 32.787931624743294, 'length': 34, 'task_mapping': {'task-6': 1, 'task-7': 0}}
INFO:root:    {'cost': 94.19368244359234, 'length': 46, 'task_mapping': {'task-3': 1, 'task-4': 0, 'task-8': 1}}
INFO:root:    {'cost': 44.84108911633345, 'length': 47, 'task_mapping': {'task-1': 1, 'task-9': 1}}
INFO:root:    {'cost': 176.03243496300382, 'length': 90, 'task_mapping': {'task-2': 1, 'task-5': 0}}
INFO:root:    {'cost': 10.938539350929533, 'length': 27, 'task_mapping': {'task-1': 1}}
INFO:root:    {'cost': 38.64114253195129, 'length': 32, 'task_mapping': {'task-7': 0, 'task-8': 1}}
INFO:root:    {'cost': 30.16238812022285, 'length': 46, 'task_mapping': {'task-3': 1}}
INFO:root:    {'cost': 44.23871878109653, 'length': 47, 'task_mapping': {'task-9': 1}}
INFO:root:    {'cost': 174.65817761543892, 'length': 90, 'task_mapping': {'task-2': 1}}
INFO:root:    {'cost': 28.507778622417177, 'length': 90, 'task_mapping': {'task-6': 0}}
INFO:root:  found pattern {'cost': 198.31595093194056, 'length': 90, 'task_mapping': {'task-2': 1, 'task-8': 0, 'task-9': 1}}, -31.406524697442876
INFO:root:  found pattern {'cost': 207.02763240406586, 'length': 90, 'task_mapping': {'task-2': 1, 'task-6': 0, 'task-9': 1}}, -16.407879339282843
INFO:root:  found pattern {'cost': 195.52731734681123, 'length': 90, 'task_mapping': {'task-1': 1, 'task-2': 1, 'task-6': 0}}, -3.1100947481185983
INFO:root:  found pattern {'cost': 37.161351788542746, 'length': 27, 'task_mapping': {'task-0': 1, 'task-1': 1, 'task-4': 0}}, -0.5745270618387295
INFO:root:Relaxation 0.34981314418085174 is worse than best obj 0.24864083968254236
INFO:root:  found pattern {'cost': 11.180276704406143, 'length': 13, 'task_mapping': {'task-0': 1, 'task-5': 0}}, -0.038908602368353584
INFO:root:Relaxation 0.38866986841271417 is worse than best obj 0.24864083968254236
INFO:root:subproblem objective was non-negative; ending the iteration.
INFO:root:master model solution (0.388670) is pruned by best-so-far solution (0.248641).
INFO:root:branching
fixed_task_mapping={'task-5': 0, 'task-4': 0, 'task-7': 1}
INFO:root:PATTERNS 34
INFO:root:    {'cost': 80.63569779168336, 'length': 53, 'task_mapping': {'task-1': 1, 'task-9': 0}}
INFO:root:    {'cost': 19.162692889794833, 'length': 27, 'task_mapping': {'task-4': 0}}
INFO:root:    {'cost': 65.0671204464694, 'length': 46, 'task_mapping': {'task-3': 1, 'task-5': 0, 'task-6': 1}}
INFO:root:    {'cost': 53.3733848948782, 'length': 51, 'task_mapping': {'task-7': 1}}
INFO:root:    {'cost': 75.30300553974827, 'length': 38, 'task_mapping': {'task-2': 0, 'task-8': 1}}
INFO:root:    {'cost': 9.806019356841226, 'length': 13, 'task_mapping': {'task-0': 1}}
INFO:root:    {'cost': 20.082125543121844, 'length': 27, 'task_mapping': {'task-0': 1, 'task-1': 1, 'task-5': 0}}
INFO:root:    {'cost': 113.09626551406527, 'length': 47, 'task_mapping': {'task-2': 0, 'task-3': 1, 'task-9': 1}}
INFO:root:    {'cost': 96.13522420123931, 'length': 65, 'task_mapping': {'task-3': 1, 'task-8': 0, 'task-9': 1}}
INFO:root:    {'cost': 22.7150652340632, 'length': 13, 'task_mapping': {'task-0': 1, 'task-8': 1}}
INFO:root:    {'cost': 81.30843425026352, 'length': 38, 'task_mapping': {'task-1': 1, 'task-2': 0, 'task-6': 1}}
INFO:root:    {'cost': 21.989961835160045, 'length': 13, 'task_mapping': {'task-5': 0, 'task-8': 1}}
INFO:root:    {'cost': 87.16162580684517, 'length': 47, 'task_mapping': {'task-0': 1, 'task-2': 0, 'task-9': 1}}
INFO:root:    {'cost': 32.336678362496286, 'length': 34, 'task_mapping': {'task-1': 1, 'task-5': 0, 'task-6': 1}}
INFO:root:    {'cost': 85.66463539561401, 'length': 47, 'task_mapping': {'task-1': 1, 'task-2': 0, 'task-9': 1}}
INFO:root:    {'cost': 100.4090151710929, 'length': 47, 'task_mapping': {'task-2': 0, 'task-6': 1, 'task-9': 1}}
INFO:root:    {'cost': 24.08932258162812, 'length': 13, 'task_mapping': {'task-0': 1, 'task-5': 0, 'task-8': 1}}
INFO:root:    {'cost': 48.61587171320867, 'length': 46, 'task_mapping': {'task-3': 1, 'task-4': 0}}
INFO:root:    {'cost': 49.41590460791719, 'length': 34, 'task_mapping': {'task-1': 1, 'task-4': 0, 'task-6': 1}}
INFO:root:    {'cost': 1.8919193791700417, 'length': 2, 'task_mapping': {'task-5': 0}}
INFO:root:    {'cost': 66.89302839570453, 'length': 65, 'task_mapping': {'task-3': 0}}
INFO:root:    {'cost': 32.068913125651605, 'length': 65, 'task_mapping': {'task-8': 0}}
INFO:root:    {'cost': 222.10505844765797, 'length': 90, 'task_mapping': {'task-2': 1, 'task-5': 0, 'task-7': 1}}
INFO:root:    {'cost': 94.5089103360862, 'length': 90, 'task_mapping': {'task-1': 1, 'task-6': 0, 'task-9': 1}}
INFO:root:    {'cost': 71.82686848786403, 'length': 51, 'task_mapping': {'task-4': 0, 'task-7': 1}}
INFO:root:    {'cost': 80.03332745644644, 'length': 53, 'task_mapping': {'task-9': 0}}
INFO:root:    {'cost': 96.4936449625641, 'length': 65, 'task_mapping': {'task-3': 0, 'task-8': 1}}
INFO:root:    {'cost': 109.64843585425871, 'length': 75, 'task_mapping': {'task-1': 0}}
INFO:root:    {'cost': 77.71997385343724, 'length': 88, 'task_mapping': {'task-0': 0}}
INFO:root:    {'cost': 191.37918507371967, 'length': 90, 'task_mapping': {'task-2': 1, 'task-5': 0, 'task-6': 1}}
INFO:root:    {'cost': 111.49980742372414, 'length': 51, 'task_mapping': {'task-4': 0, 'task-7': 1, 'task-9': 1}}
INFO:root:    {'cost': 111.74779660072679, 'length': 75, 'task_mapping': {'task-0': 1, 'task-1': 0}}
INFO:root:    {'cost': 28.507778622417177, 'length': 90, 'task_mapping': {'task-6': 0}}
INFO:root:    {'cost': 176.03243496300382, 'length': 90, 'task_mapping': {'task-2': 1, 'task-5': 0}}
INFO:root:  found pattern {'cost': 81.40738534856638, 'length': 51, 'task_mapping': {'task-3': 1, 'task-7': 1}}, -7.506650284489382
INFO:root:  found pattern {'cost': 99.86086894155218, 'length': 51, 'task_mapping': {'task-3': 1, 'task-4': 0, 'task-7': 1}}, -1.419178369725743
INFO:root:Relaxation 0.30995763641866597 is worse than best obj 0.24864083968254236
INFO:root:subproblem objective was non-negative; ending the iteration.
INFO:root:master model solution (0.309958) is pruned by best-so-far solution (0.248641).
INFO:root:branching
fixed_task_mapping={'task-5': 0, 'task-4': 1}
INFO:root:PATTERNS 29
INFO:root:    {'cost': 80.63569779168336, 'length': 53, 'task_mapping': {'task-1': 1, 'task-9': 0}}
INFO:root:    {'cost': 65.0671204464694, 'length': 46, 'task_mapping': {'task-3': 1, 'task-5': 0, 'task-6': 1}}
INFO:root:    {'cost': 53.3733848948782, 'length': 51, 'task_mapping': {'task-7': 1}}
INFO:root:    {'cost': 75.30300553974827, 'length': 38, 'task_mapping': {'task-2': 0, 'task-8': 1}}
INFO:root:    {'cost': 9.806019356841226, 'length': 13, 'task_mapping': {'task-0': 1}}
INFO:root:    {'cost': 20.082125543121844, 'length': 27, 'task_mapping': {'task-0': 1, 'task-1': 1, 'task-5': 0}}
INFO:root:    {'cost': 62.01334983686119, 'length': 47, 'task_mapping': {'task-6': 1, 'task-7': 0, 'task-9': 1}}
INFO:root:    {'cost': 48.6740211681169, 'length': 46, 'task_mapping': {'task-1': 1, 'task-3': 1, 'task-7': 0}}
INFO:root:    {'cost': 113.09626551406527, 'length': 47, 'task_mapping': {'task-2': 0, 'task-3': 1, 'task-9': 1}}
INFO:root:    {'cost': 96.13522420123931, 'length': 65, 'task_mapping': {'task-3': 1, 'task-8': 0, 'task-9': 1}}
INFO:root:    {'cost': 22.7150652340632, 'length': 13, 'task_mapping': {'task-0': 1, 'task-8': 1}}
INFO:root:    {'cost': 81.30843425026352, 'length': 38, 'task_mapping': {'task-1': 1, 'task-2': 0, 'task-6': 1}}
INFO:root:    {'cost': 32.5902690652717, 'length': 46, 'task_mapping': {'task-3': 1, 'task-7': 0}}
INFO:root:    {'cost': 21.989961835160045, 'length': 13, 'task_mapping': {'task-5': 0, 'task-8': 1}}
INFO:root:    {'cost': 87.16162580684517, 'length': 47, 'task_mapping': {'task-0': 1, 'task-2': 0, 'task-9': 1}}
INFO:root:    {'cost': 32.336678362496286, 'length': 34, 'task_mapping': {'task-1': 1, 'task-5': 0, 'task-6': 1}}
INFO:root:    {'cost': 85.66463539561401, 'length': 47, 'task_mapping': {'task-1': 1, 'task-2': 0, 'task-9': 1}}
INFO:root:    {'cost': 100.4090151710929, 'length': 47, 'task_mapping': {'task-2': 0, 'task-6': 1, 'task-9': 1}}
INFO:root:    {'cost': 24.08932258162812, 'length': 13, 'task_mapping': {'task-0': 1, 'task-5': 0, 'task-8': 1}}
INFO:root:    {'cost': 1.8919193791700417, 'length': 2, 'task_mapping': {'task-5': 0}}
INFO:root:    {'cost': 66.89302839570453, 'length': 65, 'task_mapping': {'task-3': 0}}
INFO:root:    {'cost': 32.068913125651605, 'length': 65, 'task_mapping': {'task-8': 0}}
INFO:root:    {'cost': 117.93691739009316, 'length': 66, 'task_mapping': {'task-4': 1}}
INFO:root:    {'cost': 222.10505844765797, 'length': 90, 'task_mapping': {'task-2': 1, 'task-5': 0, 'task-7': 1}}
INFO:root:    {'cost': 94.5089103360862, 'length': 90, 'task_mapping': {'task-1': 1, 'task-6': 0, 'task-9': 1}}
INFO:root:    {'cost': 80.03332745644644, 'length': 53, 'task_mapping': {'task-9': 0}}
INFO:root:    {'cost': 74.42491359990919, 'length': 65, 'task_mapping': {'task-0': 1, 'task-1': 1, 'task-3': 0}}
INFO:root:    {'cost': 205.72710077579876, 'length': 90, 'task_mapping': {'task-4': 1, 'task-6': 0, 'task-7': 1}}
INFO:root:    {'cost': 176.03243496300382, 'length': 90, 'task_mapping': {'task-2': 1, 'task-5': 0}}
INFO:root:  found pattern {'cost': 163.30890516291302, 'length': 66, 'task_mapping': {'task-2': 0, 'task-4': 1, 'task-9': 1}}, -32.18362700306818
INFO:root:  found pattern {'cost': 166.5529698811373, 'length': 66, 'task_mapping': {'task-2': 0, 'task-4': 1, 'task-6': 1}}, -29.09261364427224
INFO:root:  found pattern {'cost': 144.8387554248191, 'length': 66, 'task_mapping': {'task-4': 1, 'task-6': 1, 'task-8': 0}}, -18.34388620499238
INFO:root:  found pattern {'cost': 56.54177907610534, 'length': 90, 'task_mapping': {'task-3': 1, 'task-6': 0}}, -8.385168351663175
INFO:root:  found pattern {'cost': 30.16238812022285, 'length': 46, 'task_mapping': {'task-3': 1}}, -2.427880945048866
INFO:root:  found pattern {'cost': 30.962421014931373, 'length': 34, 'task_mapping': {'task-1': 1, 'task-6': 1}}, -1.374257347565642
INFO:root:Relaxation 0.3346012237663256 is worse than best obj 0.24864083968254236
INFO:root:subproblem objective was non-negative; ending the iteration.
INFO:root:master model solution (0.334601) is pruned by best-so-far solution (0.248641).
INFO:root:search ended
INFO:root:solution quality 0.248641
