{
    "assignmentCharacteristics": [
        {
            "command": "",
            "task": "task-0",
            "resourceAssignments": [
                {
                    "slope": 0.4216057888533111,
                    "intercept": 0.3762799487592068,
                    "length": 68,
                    "processors": [
                        {
                            "processingUnits": 1,
                            "processor": "A53"
                        }
                    ]
                },
                {
                    "slope": 0.3590781373107358,
                    "intercept": 0.3360546016351259,
                    "length": 18,
                    "processors": [
                        {
                            "processingUnits": 1,
                            "processor": "A72"
                        }
                    ]
                }
            ]
        },
        {
            "command": "",
            "task": "task-1",
            "resourceAssignments": [
                {
                    "slope": 0.05931450235676783,
                    "intercept": 0.2296673106970064,
                    "length": 42,
                    "processors": [
                        {
                            "processingUnits": 1,
                            "processor": "A53"
                        }
                    ]
                },
                {
                    "slope": 0.4413453604919739,
                    "intercept": 0.2615867636502994,
                    "length": 34,
                    "processors": [
                        {
                            "processingUnits": 1,
                            "processor": "A72"
                        }
                    ]
                }
            ]
        },
        {
            "command": "",
            "task": "task-2",
            "resourceAssignments": [
                {
                    "slope": 0.8640498966921983,
                    "intercept": 0.6493695920046758,
                    "length": 82,
                    "processors": [
                        {
                            "processingUnits": 1,
                            "processor": "A53"
                        }
                    ]
                },
                {
                    "slope": 0.2080182021264323,
                    "intercept": 0.6910243299102496,
                    "length": 11,
                    "processors": [
                        {
                            "processingUnits": 1,
                            "processor": "A72"
                        }
                    ]
                }
            ]
        },
        {
            "command": "",
            "task": "task-3",
            "resourceAssignments": [
                {
                    "slope": 0.0940419263189387,
                    "intercept": 0.35846897466496763,
                    "length": 45,
                    "processors": [
                        {
                            "processingUnits": 1,
                            "processor": "A53"
                        }
                    ]
                },
                {
                    "slope": 0.7463418949839608,
                    "intercept": 0.0574848526829711,
                    "length": 63,
                    "processors": [
                        {
                            "processingUnits": 1,
                            "processor": "A72"
                        }
                    ]
                }
            ]
        },
        {
            "command": "",
            "task": "task-4",
            "resourceAssignments": [
                {
                    "slope": 0.2280392008662151,
                    "intercept": 0.2767623830687673,
                    "length": 45,
                    "processors": [
                        {
                            "processingUnits": 1,
                            "processor": "A53"
                        }
                    ]
                },
                {
                    "slope": 0.5068292829195337,
                    "intercept": 0.5764918036983572,
                    "length": 39,
                    "processors": [
                        {
                            "processingUnits": 1,
                            "processor": "A72"
                        }
                    ]
                }
            ]
        },
        {
            "command": "",
            "task": "task-5",
            "resourceAssignments": [
                {
                    "slope": 0.1632466224951652,
                    "intercept": 0.2358117983958865,
                    "length": 81,
                    "processors": [
                        {
                            "processingUnits": 1,
                            "processor": "A53"
                        }
                    ]
                },
                {
                    "slope": 0.6421734730922363,
                    "intercept": 0.6354393377432588,
                    "length": 89,
                    "processors": [
                        {
                            "processingUnits": 1,
                            "processor": "A72"
                        }
                    ]
                }
            ]
        },
        {
            "command": "",
            "task": "task-6",
            "resourceAssignments": [
                {
                    "slope": 0.7917403691469247,
                    "intercept": 0.363880858122794,
                    "length": 53,
                    "processors": [
                        {
                            "processingUnits": 1,
                            "processor": "A53"
                        }
                    ]
                },
                {
                    "slope": 0.6491409605714491,
                    "intercept": 0.5388577702656387,
                    "length": 91,
                    "processors": [
                        {
                            "processingUnits": 1,
                            "processor": "A72"
                        }
                    ]
                }
            ]
        },
        {
            "command": "",
            "task": "task-7",
            "resourceAssignments": [
                {
                    "slope": 0.15340502258063382,
                    "intercept": 0.48738129048726064,
                    "length": 76,
                    "processors": [
                        {
                            "processingUnits": 1,
                            "processor": "A53"
                        }
                    ]
                },
                {
                    "slope": 0.6468538993480945,
                    "intercept": 0.610111894888931,
                    "length": 37,
                    "processors": [
                        {
                            "processingUnits": 1,
                            "processor": "A72"
                        }
                    ]
                }
            ]
        },
        {
            "command": "",
            "task": "task-8",
            "resourceAssignments": [
                {
                    "slope": 0.9394004689260018,
                    "intercept": 0.9305633446996631,
                    "length": 41,
                    "processors": [
                        {
                            "processingUnits": 1,
                            "processor": "A53"
                        }
                    ]
                },
                {
                    "slope": 0.23391102115274454,
                    "intercept": 0.800261921446589,
                    "length": 11,
                    "processors": [
                        {
                            "processingUnits": 1,
                            "processor": "A72"
                        }
                    ]
                }
            ]
        },
        {
            "command": "",
            "task": "task-9",
            "resourceAssignments": [
                {
                    "slope": 0.7895549010504143,
                    "intercept": 0.6753204408091412,
                    "length": 32,
                    "processors": [
                        {
                            "processingUnits": 1,
                            "processor": "A53"
                        }
                    ]
                },
                {
                    "slope": 0.13040322576239338,
                    "intercept": 0.15979276318165925,
                    "length": 17,
                    "processors": [
                        {
                            "processingUnits": 1,
                            "processor": "A72"
                        }
                    ]
                }
            ]
        }
    ],
    "environment": {
        "majorFrameLength": 249,
        "problemVersion": 1,
        "processors": [
            {
                "name": "A53",
                "processingUnits": 3,
                "type": "main_processor"
            },
            {
                "name": "A72",
                "processingUnits": 4,
                "type": "main_processor"
            }
        ],
        "scPart": 1.0
    },
    "solution": {
        "feasible": true,
        "solutionTime": 692,
        "solverMetadata": {
            "objective": "0.6497277502661395",
            "number_of_nodes": "1",
            "time_masters_init": "0.02",
            "time_masters_solving": "0.01",
            "time_sub_init": "0.08",
            "time_sub_solving": "0.52",
            "time_global": "0.00",
            "time_get_pair": "0.00",
            "time_recovery": "0.05",
            "master_relaxation": "0.649728",
            "patterns_generated_avg": "27.00",
            "optimal": "True"
        },
        "solverName": "BAP_ON_TASKS",
        "windows": [
            {
                "length": 81,
                "tasks": [
                    {
                        "length": 18,
                        "processingUnit": 0,
                        "processor": "A72",
                        "start": 0,
                        "task": "task-0"
                    },
                    {
                        "length": 81,
                        "processingUnit": 0,
                        "processor": "A53",
                        "start": 0,
                        "task": "task-5"
                    },
                    {
                        "length": 53,
                        "processingUnit": 1,
                        "processor": "A53",
                        "start": 0,
                        "task": "task-6"
                    },
                    {
                        "length": 76,
                        "processingUnit": 2,
                        "processor": "A53",
                        "start": 0,
                        "task": "task-7"
                    }
                ]
            },
            {
                "length": 11,
                "tasks": [
                    {
                        "length": 11,
                        "processingUnit": 0,
                        "processor": "A72",
                        "start": 0,
                        "task": "task-2"
                    },
                    {
                        "length": 11,
                        "processingUnit": 1,
                        "processor": "A72",
                        "start": 0,
                        "task": "task-8"
                    }
                ]
            },
            {
                "length": 45,
                "tasks": [
                    {
                        "length": 42,
                        "processingUnit": 0,
                        "processor": "A53",
                        "start": 0,
                        "task": "task-1"
                    },
                    {
                        "length": 45,
                        "processingUnit": 1,
                        "processor": "A53",
                        "start": 0,
                        "task": "task-3"
                    },
                    {
                        "length": 45,
                        "processingUnit": 2,
                        "processor": "A53",
                        "start": 0,
                        "task": "task-4"
                    },
                    {
                        "length": 17,
                        "processingUnit": 0,
                        "processor": "A72",
                        "start": 0,
                        "task": "task-9"
                    }
                ]
            }
        ]
    },
    "tasks": [
        {
            "assignmentIndex": 1,
            "command": "",
            "length": 18,
            "name": "task-0",
            "processors": [
                {
                    "processor": "A72",
                    "processingUnits": 1
                }
            ]
        },
        {
            "assignmentIndex": 0,
            "command": "",
            "length": 81,
            "name": "task-5",
            "processors": [
                {
                    "processor": "A53",
                    "processingUnits": 1
                }
            ]
        },
        {
            "assignmentIndex": 0,
            "command": "",
            "length": 53,
            "name": "task-6",
            "processors": [
                {
                    "processor": "A53",
                    "processingUnits": 1
                }
            ]
        },
        {
            "assignmentIndex": 0,
            "command": "",
            "length": 76,
            "name": "task-7",
            "processors": [
                {
                    "processor": "A53",
                    "processingUnits": 1
                }
            ]
        },
        {
            "assignmentIndex": 1,
            "command": "",
            "length": 11,
            "name": "task-2",
            "processors": [
                {
                    "processor": "A72",
                    "processingUnits": 1
                }
            ]
        },
        {
            "assignmentIndex": 1,
            "command": "",
            "length": 11,
            "name": "task-8",
            "processors": [
                {
                    "processor": "A72",
                    "processingUnits": 1
                }
            ]
        },
        {
            "assignmentIndex": 0,
            "command": "",
            "length": 42,
            "name": "task-1",
            "processors": [
                {
                    "processor": "A53",
                    "processingUnits": 1
                }
            ]
        },
        {
            "assignmentIndex": 0,
            "command": "",
            "length": 45,
            "name": "task-3",
            "processors": [
                {
                    "processor": "A53",
                    "processingUnits": 1
                }
            ]
        },
        {
            "assignmentIndex": 0,
            "command": "",
            "length": 45,
            "name": "task-4",
            "processors": [
                {
                    "processor": "A53",
                    "processingUnits": 1
                }
            ]
        },
        {
            "assignmentIndex": 1,
            "command": "",
            "length": 17,
            "name": "task-9",
            "processors": [
                {
                    "processor": "A72",
                    "processingUnits": 1
                }
            ]
        }
    ]
}