NEW BRANCHES
supports={'task-1': 1}, non supports=[]
supports={'task-1': 0}, non supports=[]
supports={}, non supports=['task-1']

NEW BRANCHES
supports={'task-1': 0, 'task-0': 1}, non supports=[]
supports={'task-1': 0, 'task-0': 0}, non supports=[]
supports={'task-1': 0}, non supports=['task-0']

NEW BRANCHES
supports={'task-1': 0, 'task-0': 0, 'task-2': 1}, non supports=[]
supports={'task-1': 0, 'task-0': 0, 'task-2': 0}, non supports=[]
supports={'task-1': 0, 'task-0': 0}, non supports=['task-2']

NEW BRANCHES
supports={'task-1': 0, 'task-0': 0, 'task-5': 0}, non supports=['task-2']
supports={'task-1': 0, 'task-0': 0, 'task-5': 1}, non supports=['task-2']
supports={'task-1': 0, 'task-0': 0}, non supports=['task-2', 'task-5']

NEW BRANCHES
supports={'task-1': 0, 'task-0': 0, 'task-7': 0}, non supports=['task-2', 'task-5']
supports={'task-1': 0, 'task-0': 0, 'task-7': 1}, non supports=['task-2', 'task-5']
supports={'task-1': 0, 'task-0': 0}, non supports=['task-2', 'task-5', 'task-7']

NEW BRANCHES
supports={'task-1': 0, 'task-0': 0, 'task-7': 1, 'task-9': 1}, non supports=['task-2', 'task-5']
supports={'task-1': 0, 'task-0': 0, 'task-7': 1, 'task-9': 0}, non supports=['task-2', 'task-5']
supports={'task-1': 0, 'task-0': 0, 'task-7': 1}, non supports=['task-2', 'task-5', 'task-9']

NEW BRANCHES
supports={'task-1': 0, 'task-0': 0, 'task-7': 1, 'task-4': 0}, non supports=['task-2', 'task-5', 'task-9']
supports={'task-1': 0, 'task-0': 0, 'task-7': 1, 'task-4': 1}, non supports=['task-2', 'task-5', 'task-9']
supports={'task-1': 0, 'task-0': 0, 'task-7': 1}, non supports=['task-2', 'task-5', 'task-9', 'task-4']

NEW BRANCHES
supports={'task-1': 0, 'task-0': 0, 'task-7': 1, 'task-6': 0}, non supports=['task-2', 'task-5', 'task-9', 'task-4']
supports={'task-1': 0, 'task-0': 0, 'task-7': 1, 'task-6': 1}, non supports=['task-2', 'task-5', 'task-9', 'task-4']
supports={'task-1': 0, 'task-0': 0, 'task-7': 1}, non supports=['task-2', 'task-5', 'task-9', 'task-4', 'task-6']

NEW BRANCHES
supports={'task-1': 0, 'task-0': 0, 'task-7': 1, 'task-3': 0}, non supports=['task-2', 'task-5', 'task-9', 'task-4', 'task-6']
supports={'task-1': 0, 'task-0': 0, 'task-7': 1, 'task-3': 1}, non supports=['task-2', 'task-5', 'task-9', 'task-4', 'task-6']
supports={'task-1': 0, 'task-0': 0, 'task-7': 1}, non supports=['task-2', 'task-5', 'task-9', 'task-4', 'task-6', 'task-3']

NEW BRANCHES
supports={'task-1': 0, 'task-0': 0, 'task-9': 1}, non supports=['task-2', 'task-5', 'task-7']
supports={'task-1': 0, 'task-0': 0, 'task-9': 0}, non supports=['task-2', 'task-5', 'task-7']
supports={'task-1': 0, 'task-0': 0}, non supports=['task-2', 'task-5', 'task-7', 'task-9']

NEW BRANCHES
supports={'task-1': 0, 'task-0': 0, 'task-4': 0}, non supports=['task-2', 'task-5', 'task-7', 'task-9']
supports={'task-1': 0, 'task-0': 0, 'task-4': 1}, non supports=['task-2', 'task-5', 'task-7', 'task-9']
supports={'task-1': 0, 'task-0': 0}, non supports=['task-2', 'task-5', 'task-7', 'task-9', 'task-4']

NEW BRANCHES
supports={'task-1': 0, 'task-0': 0, 'task-6': 0}, non supports=['task-2', 'task-5', 'task-7', 'task-9', 'task-4']
supports={'task-1': 0, 'task-0': 0, 'task-6': 1}, non supports=['task-2', 'task-5', 'task-7', 'task-9', 'task-4']
supports={'task-1': 0, 'task-0': 0}, non supports=['task-2', 'task-5', 'task-7', 'task-9', 'task-4', 'task-6']

NEW BRANCHES
supports={'task-1': 0, 'task-0': 0, 'task-3': 0}, non supports=['task-2', 'task-5', 'task-7', 'task-9', 'task-4', 'task-6']
supports={'task-1': 0, 'task-0': 0, 'task-3': 1}, non supports=['task-2', 'task-5', 'task-7', 'task-9', 'task-4', 'task-6']
supports={'task-1': 0, 'task-0': 0}, non supports=['task-2', 'task-5', 'task-7', 'task-9', 'task-4', 'task-6', 'task-3']

NEW BRANCHES
supports={'task-1': 0, 'task-2': 1}, non supports=['task-0']
supports={'task-1': 0, 'task-2': 0}, non supports=['task-0']
supports={'task-1': 0}, non supports=['task-0', 'task-2']

NEW BRANCHES
supports={'task-1': 0, 'task-5': 0}, non supports=['task-0', 'task-2']
supports={'task-1': 0, 'task-5': 1}, non supports=['task-0', 'task-2']
supports={'task-1': 0}, non supports=['task-0', 'task-2', 'task-5']

NEW BRANCHES
supports={'task-1': 0, 'task-7': 0}, non supports=['task-0', 'task-2', 'task-5']
supports={'task-1': 0, 'task-7': 1}, non supports=['task-0', 'task-2', 'task-5']
supports={'task-1': 0}, non supports=['task-0', 'task-2', 'task-5', 'task-7']

NEW BRANCHES
supports={'task-1': 0, 'task-7': 1, 'task-9': 1}, non supports=['task-0', 'task-2', 'task-5']
supports={'task-1': 0, 'task-7': 1, 'task-9': 0}, non supports=['task-0', 'task-2', 'task-5']
supports={'task-1': 0, 'task-7': 1}, non supports=['task-0', 'task-2', 'task-5', 'task-9']

NEW BRANCHES
supports={'task-1': 0, 'task-7': 1, 'task-4': 0}, non supports=['task-0', 'task-2', 'task-5', 'task-9']
supports={'task-1': 0, 'task-7': 1, 'task-4': 1}, non supports=['task-0', 'task-2', 'task-5', 'task-9']
supports={'task-1': 0, 'task-7': 1}, non supports=['task-0', 'task-2', 'task-5', 'task-9', 'task-4']

NEW BRANCHES
supports={'task-1': 0, 'task-7': 1, 'task-6': 0}, non supports=['task-0', 'task-2', 'task-5', 'task-9', 'task-4']
supports={'task-1': 0, 'task-7': 1, 'task-6': 1}, non supports=['task-0', 'task-2', 'task-5', 'task-9', 'task-4']
supports={'task-1': 0, 'task-7': 1}, non supports=['task-0', 'task-2', 'task-5', 'task-9', 'task-4', 'task-6']

NEW BRANCHES
supports={'task-1': 0, 'task-7': 1, 'task-3': 0}, non supports=['task-0', 'task-2', 'task-5', 'task-9', 'task-4', 'task-6']
supports={'task-1': 0, 'task-7': 1, 'task-3': 1}, non supports=['task-0', 'task-2', 'task-5', 'task-9', 'task-4', 'task-6']
supports={'task-1': 0, 'task-7': 1}, non supports=['task-0', 'task-2', 'task-5', 'task-9', 'task-4', 'task-6', 'task-3']

NEW BRANCHES
supports={'task-1': 0, 'task-9': 1}, non supports=['task-0', 'task-2', 'task-5', 'task-7']
supports={'task-1': 0, 'task-9': 0}, non supports=['task-0', 'task-2', 'task-5', 'task-7']
supports={'task-1': 0}, non supports=['task-0', 'task-2', 'task-5', 'task-7', 'task-9']

NEW BRANCHES
supports={'task-1': 0, 'task-4': 0}, non supports=['task-0', 'task-2', 'task-5', 'task-7', 'task-9']
supports={'task-1': 0, 'task-4': 1}, non supports=['task-0', 'task-2', 'task-5', 'task-7', 'task-9']
supports={'task-1': 0}, non supports=['task-0', 'task-2', 'task-5', 'task-7', 'task-9', 'task-4']

NEW BRANCHES
supports={'task-1': 0, 'task-6': 0}, non supports=['task-0', 'task-2', 'task-5', 'task-7', 'task-9', 'task-4']
supports={'task-1': 0, 'task-6': 1}, non supports=['task-0', 'task-2', 'task-5', 'task-7', 'task-9', 'task-4']
supports={'task-1': 0}, non supports=['task-0', 'task-2', 'task-5', 'task-7', 'task-9', 'task-4', 'task-6']

NEW BRANCHES
supports={'task-1': 0, 'task-3': 0}, non supports=['task-0', 'task-2', 'task-5', 'task-7', 'task-9', 'task-4', 'task-6']
supports={'task-1': 0, 'task-3': 1}, non supports=['task-0', 'task-2', 'task-5', 'task-7', 'task-9', 'task-4', 'task-6']
supports={'task-1': 0}, non supports=['task-0', 'task-2', 'task-5', 'task-7', 'task-9', 'task-4', 'task-6', 'task-3']

NEW BRANCHES
supports={'task-0': 1}, non supports=['task-1']
supports={'task-0': 0}, non supports=['task-1']
supports={}, non supports=['task-1', 'task-0']

NEW BRANCHES
supports={'task-0': 0, 'task-2': 1}, non supports=['task-1']
supports={'task-0': 0, 'task-2': 0}, non supports=['task-1']
supports={'task-0': 0}, non supports=['task-1', 'task-2']

NEW BRANCHES
supports={'task-0': 0, 'task-5': 0}, non supports=['task-1', 'task-2']
supports={'task-0': 0, 'task-5': 1}, non supports=['task-1', 'task-2']
supports={'task-0': 0}, non supports=['task-1', 'task-2', 'task-5']

NEW BRANCHES
supports={'task-0': 0, 'task-7': 0}, non supports=['task-1', 'task-2', 'task-5']
supports={'task-0': 0, 'task-7': 1}, non supports=['task-1', 'task-2', 'task-5']
supports={'task-0': 0}, non supports=['task-1', 'task-2', 'task-5', 'task-7']

NEW BRANCHES
supports={'task-0': 0, 'task-7': 1, 'task-9': 1}, non supports=['task-1', 'task-2', 'task-5']
supports={'task-0': 0, 'task-7': 1, 'task-9': 0}, non supports=['task-1', 'task-2', 'task-5']
supports={'task-0': 0, 'task-7': 1}, non supports=['task-1', 'task-2', 'task-5', 'task-9']

NEW BRANCHES
supports={'task-0': 0, 'task-7': 1, 'task-4': 0}, non supports=['task-1', 'task-2', 'task-5', 'task-9']
supports={'task-0': 0, 'task-7': 1, 'task-4': 1}, non supports=['task-1', 'task-2', 'task-5', 'task-9']
supports={'task-0': 0, 'task-7': 1}, non supports=['task-1', 'task-2', 'task-5', 'task-9', 'task-4']

NEW BRANCHES
supports={'task-0': 0, 'task-7': 1, 'task-6': 0}, non supports=['task-1', 'task-2', 'task-5', 'task-9', 'task-4']
supports={'task-0': 0, 'task-7': 1, 'task-6': 1}, non supports=['task-1', 'task-2', 'task-5', 'task-9', 'task-4']
supports={'task-0': 0, 'task-7': 1}, non supports=['task-1', 'task-2', 'task-5', 'task-9', 'task-4', 'task-6']

NEW BRANCHES
supports={'task-0': 0, 'task-7': 1, 'task-3': 0}, non supports=['task-1', 'task-2', 'task-5', 'task-9', 'task-4', 'task-6']
supports={'task-0': 0, 'task-7': 1, 'task-3': 1}, non supports=['task-1', 'task-2', 'task-5', 'task-9', 'task-4', 'task-6']
supports={'task-0': 0, 'task-7': 1}, non supports=['task-1', 'task-2', 'task-5', 'task-9', 'task-4', 'task-6', 'task-3']

NEW BRANCHES
supports={'task-0': 0, 'task-9': 1}, non supports=['task-1', 'task-2', 'task-5', 'task-7']
supports={'task-0': 0, 'task-9': 0}, non supports=['task-1', 'task-2', 'task-5', 'task-7']
supports={'task-0': 0}, non supports=['task-1', 'task-2', 'task-5', 'task-7', 'task-9']

NEW BRANCHES
supports={'task-0': 0, 'task-4': 0}, non supports=['task-1', 'task-2', 'task-5', 'task-7', 'task-9']
supports={'task-0': 0, 'task-4': 1}, non supports=['task-1', 'task-2', 'task-5', 'task-7', 'task-9']
supports={'task-0': 0}, non supports=['task-1', 'task-2', 'task-5', 'task-7', 'task-9', 'task-4']

NEW BRANCHES
supports={'task-0': 0, 'task-6': 0}, non supports=['task-1', 'task-2', 'task-5', 'task-7', 'task-9', 'task-4']
supports={'task-0': 0, 'task-6': 1}, non supports=['task-1', 'task-2', 'task-5', 'task-7', 'task-9', 'task-4']
supports={'task-0': 0}, non supports=['task-1', 'task-2', 'task-5', 'task-7', 'task-9', 'task-4', 'task-6']

NEW BRANCHES
supports={'task-0': 0, 'task-3': 0}, non supports=['task-1', 'task-2', 'task-5', 'task-7', 'task-9', 'task-4', 'task-6']
supports={'task-0': 0, 'task-3': 1}, non supports=['task-1', 'task-2', 'task-5', 'task-7', 'task-9', 'task-4', 'task-6']
supports={'task-0': 0}, non supports=['task-1', 'task-2', 'task-5', 'task-7', 'task-9', 'task-4', 'task-6', 'task-3']

NEW BRANCHES
supports={'task-2': 1}, non supports=['task-1', 'task-0']
supports={'task-2': 0}, non supports=['task-1', 'task-0']
supports={}, non supports=['task-1', 'task-0', 'task-2']

NEW BRANCHES
supports={'task-5': 0}, non supports=['task-1', 'task-0', 'task-2']
supports={'task-5': 1}, non supports=['task-1', 'task-0', 'task-2']
supports={}, non supports=['task-1', 'task-0', 'task-2', 'task-5']

NEW BRANCHES
supports={'task-7': 0}, non supports=['task-1', 'task-0', 'task-2', 'task-5']
supports={'task-7': 1}, non supports=['task-1', 'task-0', 'task-2', 'task-5']
supports={}, non supports=['task-1', 'task-0', 'task-2', 'task-5', 'task-7']

NEW BRANCHES
supports={'task-7': 1, 'task-9': 1}, non supports=['task-1', 'task-0', 'task-2', 'task-5']
supports={'task-7': 1, 'task-9': 0}, non supports=['task-1', 'task-0', 'task-2', 'task-5']
supports={'task-7': 1}, non supports=['task-1', 'task-0', 'task-2', 'task-5', 'task-9']

NEW BRANCHES
supports={'task-7': 1, 'task-4': 0}, non supports=['task-1', 'task-0', 'task-2', 'task-5', 'task-9']
supports={'task-7': 1, 'task-4': 1}, non supports=['task-1', 'task-0', 'task-2', 'task-5', 'task-9']
supports={'task-7': 1}, non supports=['task-1', 'task-0', 'task-2', 'task-5', 'task-9', 'task-4']

NEW BRANCHES
supports={'task-7': 1, 'task-6': 0}, non supports=['task-1', 'task-0', 'task-2', 'task-5', 'task-9', 'task-4']
supports={'task-7': 1, 'task-6': 1}, non supports=['task-1', 'task-0', 'task-2', 'task-5', 'task-9', 'task-4']
supports={'task-7': 1}, non supports=['task-1', 'task-0', 'task-2', 'task-5', 'task-9', 'task-4', 'task-6']

NEW BRANCHES
supports={'task-7': 1, 'task-3': 0}, non supports=['task-1', 'task-0', 'task-2', 'task-5', 'task-9', 'task-4', 'task-6']
supports={'task-7': 1, 'task-3': 1}, non supports=['task-1', 'task-0', 'task-2', 'task-5', 'task-9', 'task-4', 'task-6']
supports={'task-7': 1}, non supports=['task-1', 'task-0', 'task-2', 'task-5', 'task-9', 'task-4', 'task-6', 'task-3']

NEW BRANCHES
supports={'task-9': 1}, non supports=['task-1', 'task-0', 'task-2', 'task-5', 'task-7']
supports={'task-9': 0}, non supports=['task-1', 'task-0', 'task-2', 'task-5', 'task-7']
supports={}, non supports=['task-1', 'task-0', 'task-2', 'task-5', 'task-7', 'task-9']

NEW BRANCHES
supports={'task-4': 0}, non supports=['task-1', 'task-0', 'task-2', 'task-5', 'task-7', 'task-9']
supports={'task-4': 1}, non supports=['task-1', 'task-0', 'task-2', 'task-5', 'task-7', 'task-9']
supports={}, non supports=['task-1', 'task-0', 'task-2', 'task-5', 'task-7', 'task-9', 'task-4']

NEW BRANCHES
supports={'task-6': 0}, non supports=['task-1', 'task-0', 'task-2', 'task-5', 'task-7', 'task-9', 'task-4']
supports={'task-6': 1}, non supports=['task-1', 'task-0', 'task-2', 'task-5', 'task-7', 'task-9', 'task-4']
supports={}, non supports=['task-1', 'task-0', 'task-2', 'task-5', 'task-7', 'task-9', 'task-4', 'task-6']

NEW BRANCHES
supports={'task-6': 1, 'task-3': 0}, non supports=['task-1', 'task-0', 'task-2', 'task-5', 'task-7', 'task-9', 'task-4']
supports={'task-6': 1, 'task-3': 1}, non supports=['task-1', 'task-0', 'task-2', 'task-5', 'task-7', 'task-9', 'task-4']
supports={'task-6': 1}, non supports=['task-1', 'task-0', 'task-2', 'task-5', 'task-7', 'task-9', 'task-4', 'task-3']

NEW BRANCHES
supports={'task-6': 1, 'task-8': 0}, non supports=['task-1', 'task-0', 'task-2', 'task-5', 'task-7', 'task-9', 'task-4', 'task-3']
supports={'task-6': 1, 'task-8': 1}, non supports=['task-1', 'task-0', 'task-2', 'task-5', 'task-7', 'task-9', 'task-4', 'task-3']
supports={'task-6': 1}, non supports=['task-1', 'task-0', 'task-2', 'task-5', 'task-7', 'task-9', 'task-4', 'task-3', 'task-8']

{(0, 0, 'task-6'): <gurobi.Var x[0,0,task-6] (value 0.0)>, (0, 0, 'task-8'): <gurobi.Var x[0,0,task-8] (value 1.0)>, (1, 0, 'task-6'): <gurobi.Var x[1,0,task-6] (value 1.0)>, (1, 0, 'task-8'): <gurobi.Var x[1,0,task-8] (value 0.0)>, (1, 1, 'task-6'): <gurobi.Var x[1,1,task-6] (value 0.0)>, (1, 1, 'task-8'): <gurobi.Var x[1,1,task-8] (value 0.0)>, (2, 0, 'task-6'): <gurobi.Var x[2,0,task-6] (value 1.0)>, (2, 0, 'task-8'): <gurobi.Var x[2,0,task-8] (value 0.0)>, (3, 1, 'task-8'): <gurobi.Var x[3,1,task-8] (value 1.0)>, (4, 1, 'task-6'): <gurobi.Var x[4,1,task-6] (value 0.0)>, (4, 1, 'task-8'): <gurobi.Var x[4,1,task-8] (value 1.0)>, (5, 0, 'task-8'): <gurobi.Var x[5,0,task-8] (value 0.0)>, (5, 1, 'task-8'): <gurobi.Var x[5,1,task-8] (value 1.0)>, (7, 0, 'task-8'): <gurobi.Var x[7,0,task-8] (value 0.0)>, (7, 1, 'task-6'): <gurobi.Var x[7,1,task-6] (value 1.0)>, (7, 1, 'task-8'): <gurobi.Var x[7,1,task-8] (value 0.0)>, (9, 0, 'task-8'): <gurobi.Var x[9,0,task-8] (value 1.0)>}
