INFO:root:No path to initial data was provided.
INFO:root:timelimit was set to 600.000000
INFO:root:branching was set to: ON_SUPPORTS
INFO:root:no init data provided, trying the RecoveryModel
INFO:root:initial objective 0.924663
INFO:root:INIT OBJ 0.9246630722358187
INFO:root:branching
supports={}, non supports=[]
INFO:root:PATTERNS 5
INFO:root:    {'cost': 75.46811907136632, 'length': 49, 'task_mapping': {'task-0': 1, 'task-1': 1, 'task-7': 0}}
INFO:root:    {'cost': 60.02048555655916, 'length': 67, 'task_mapping': {'task-2': 0, 'task-3': 1}}
INFO:root:    {'cost': 62.17510445989557, 'length': 50, 'task_mapping': {'task-8': 0}}
INFO:root:    {'cost': 171.6566491392767, 'length': 64, 'task_mapping': {'task-4': 0, 'task-6': 1, 'task-9': 1}}
INFO:root:    {'cost': 18.11346903971025, 'length': 48, 'task_mapping': {'task-5': 0}}
INFO:root:  found pattern {'cost': 94.22235828022107, 'length': 75, 'task_mapping': {'task-0': 1, 'task-2': 0, 'task-4': 1}}, -212.9228954869811
INFO:root:  found pattern {'cost': 77.99855348609073, 'length': 62, 'task_mapping': {'task-1': 1, 'task-2': 0, 'task-6': 1}}, -194.94482755745003
INFO:root:  found pattern {'cost': 48.51860790338197, 'length': 46, 'task_mapping': {'task-0': 1, 'task-6': 1, 'task-9': 0}}, -179.8519210984063
INFO:root:  found pattern {'cost': 70.53590717657798, 'length': 75, 'task_mapping': {'task-3': 1, 'task-4': 1, 'task-5': 0}}, -101.82040569991253
INFO:root:  found pattern {'cost': 64.13835927988319, 'length': 81, 'task_mapping': {'task-4': 1, 'task-7': 1, 'task-9': 0}}, -76.0721724889957
INFO:root:  found pattern {'cost': 23.756540166802388, 'length': 37, 'task_mapping': {'task-0': 1, 'task-1': 1, 'task-9': 0}}, -64.52911378754673
INFO:root:  found pattern {'cost': 47.26851035250138, 'length': 81, 'task_mapping': {'task-3': 1, 'task-5': 0, 'task-7': 1}}, -62.552195353321245
INFO:root:  found pattern {'cost': 65.59759462903855, 'length': 50, 'task_mapping': {'task-0': 1, 'task-1': 1, 'task-8': 0}}, -20.334049997659406
INFO:root:  found pattern {'cost': 2.1397690502078515, 'length': 2, 'task_mapping': {'task-9': 0}}, -10.125890763005234
INFO:root:  found pattern {'cost': 81.29879624229403, 'length': 62, 'task_mapping': {'task-0': 1, 'task-2': 0, 'task-6': 1}}, -6.6845823040111085
INFO:root:  found pattern {'cost': 113.94811881238027, 'length': 67, 'task_mapping': {'task-3': 1, 'task-6': 1, 'task-8': 0}}, -16.34498620545557
INFO:root:  found pattern {'cost': 92.96778689900606, 'length': 50, 'task_mapping': {'task-6': 1, 'task-8': 0}}, -4.052296848662721
INFO:root:  found pattern {'cost': 101.98257105684971, 'length': 81, 'task_mapping': {'task-2': 0, 'task-4': 1, 'task-7': 1}}, -7.16076651333605
INFO:root:  found pattern {'cost': 90.81316799566966, 'length': 67, 'task_mapping': {'task-2': 0, 'task-3': 1, 'task-6': 1}}, -4.7738443422240024
INFO:root:  found pattern {'cost': 74.45748802427102, 'length': 75, 'task_mapping': {'task-4': 1, 'task-6': 1}}, -3.7420322839394693
INFO:root:  found pattern {'cost': 87.64380777734664, 'length': 75, 'task_mapping': {'task-4': 1, 'task-5': 0, 'task-6': 1}}, -2.126813712279514
INFO:root:  found pattern {'cost': 96.3291533616792, 'length': 50, 'task_mapping': {'task-0': 1, 'task-6': 1, 'task-8': 0}}, -1.6722390420335103
INFO:root:  found pattern {'cost': 72.12545077640243, 'length': 81, 'task_mapping': {'task-4': 1, 'task-5': 0, 'task-7': 1}}, -0.9154098191115843
INFO:root:  found pattern {'cost': 90.81316799566966, 'length': 67, 'task_mapping': {'task-2': 0, 'task-3': 1, 'task-6': 1}}, -1.3199316302581536
INFO:root:  found pattern {'cost': 60.081609263029, 'length': 67, 'task_mapping': {'task-1': 1, 'task-2': 0, 'task-3': 1}}, -2.639863260516279
INFO:root:  found pattern {'cost': 63.3818520192323, 'length': 67, 'task_mapping': {'task-0': 1, 'task-2': 0, 'task-3': 1}}, -2.639863260516286
INFO:root:subproblem objective was non-negative; ending the iteration.
INFO:root:best objective was updated to: 0.550539
INFO:root:search ended
INFO:root:solution quality 0.550539
