INFO:root:No path to initial data was provided.
INFO:root:timelimit was set to 600.000000
INFO:root:branching was set to: ON_SUPPORTS
INFO:root:no init data provided, trying the RecoveryModel
INFO:root:initial objective 0.773394
INFO:root:INIT OBJ 0.773393629508931
INFO:root:branching
supports={}, non supports=[]
INFO:root:PATTERNS 5
INFO:root:    {'cost': 153.78339143947227, 'length': 94, 'task_mapping': {'task-0': 1, 'task-2': 0, 'task-4': 1, 'task-6': 0, 'task-8': 1}}
INFO:root:    {'cost': 90.78842179946983, 'length': 75, 'task_mapping': {'task-1': 1, 'task-9': 1}}
INFO:root:    {'cost': 1.8346524356870288, 'length': 2, 'task_mapping': {'task-3': 0}}
INFO:root:    {'cost': 2.840603021467281, 'length': 2, 'task_mapping': {'task-5': 1}}
INFO:root:    {'cost': 2.1058608943061676, 'length': 3, 'task_mapping': {'task-7': 1}}
INFO:root:  found pattern {'cost': 84.38518930617545, 'length': 62, 'task_mapping': {'task-0': 1, 'task-1': 1, 'task-3': 0, 'task-7': 1}}, -164.12713726275987
INFO:root:  found pattern {'cost': 37.57496682962078, 'length': 94, 'task_mapping': {'task-2': 0, 'task-7': 1, 'task-9': 1}}, -209.1027073036275
INFO:root:  found pattern {'cost': 130.5869892302059, 'length': 94, 'task_mapping': {'task-1': 1, 'task-2': 0, 'task-6': 0, 'task-7': 1}}, -105.74693907975478
INFO:root:  found pattern {'cost': 151.4966225065329, 'length': 84, 'task_mapping': {'task-1': 1, 'task-3': 0, 'task-4': 1, 'task-6': 0, 'task-9': 1}}, -94.90984316809629
INFO:root:  found pattern {'cost': 160.20488074888237, 'length': 84, 'task_mapping': {'task-1': 1, 'task-3': 0, 'task-6': 0, 'task-8': 1, 'task-9': 1}}, -79.05745282556256
INFO:root:  found pattern {'cost': 107.21661739464258, 'length': 62, 'task_mapping': {'task-1': 1, 'task-4': 1, 'task-8': 1}}, -101.8860899089849
INFO:root:  found pattern {'cost': 114.52243041445561, 'length': 54, 'task_mapping': {'task-0': 1, 'task-3': 0, 'task-4': 1, 'task-8': 1, 'task-9': 0}}, -35.601073923393365
INFO:root:  found pattern {'cost': 154.13476212705984, 'length': 94, 'task_mapping': {'task-0': 1, 'task-1': 1, 'task-2': 0, 'task-4': 1, 'task-6': 0}}, -15.46353668133466
INFO:root:  found pattern {'cost': 57.86491392936891, 'length': 34, 'task_mapping': {'task-0': 1, 'task-3': 0, 'task-5': 1, 'task-8': 1}}, -26.903646816380082
INFO:root:  found pattern {'cost': 153.9114912093455, 'length': 84, 'task_mapping': {'task-1': 1, 'task-4': 1, 'task-6': 0, 'task-8': 1}}, -11.444245160545009
INFO:root:  found pattern {'cost': 144.5184198768332, 'length': 84, 'task_mapping': {'task-0': 1, 'task-1': 1, 'task-6': 0, 'task-9': 1}}, -8.920762027741759
INFO:root:  found pattern {'cost': 167.91544021043524, 'length': 84, 'task_mapping': {'task-0': 1, 'task-4': 1, 'task-6': 0, 'task-8': 1, 'task-9': 0}}, -7.299434088150406
INFO:root:  found pattern {'cost': 79.23023839468607, 'length': 46, 'task_mapping': {'task-0': 1, 'task-4': 1, 'task-8': 1}}, -6.812055846477314
INFO:root:  found pattern {'cost': 2.1663147206812825, 'length': 94, 'task_mapping': {'task-2': 0}}, -7.356119410853596
INFO:root:  found pattern {'cost': 32.74188192166192, 'length': 18, 'task_mapping': {'task-5': 1, 'task-7': 1, 'task-8': 1}}, -6.339367803666185
INFO:root:  found pattern {'cost': 144.5159095762437, 'length': 84, 'task_mapping': {'task-0': 1, 'task-1': 1, 'task-3': 0, 'task-4': 1, 'task-6': 0}}, -6.580451160292824
INFO:root:  found pattern {'cost': 169.23162642067217, 'length': 84, 'task_mapping': {'task-0': 1, 'task-1': 1, 'task-4': 1, 'task-6': 0, 'task-9': 0}}, -3.5759787475661824
INFO:root:  found pattern {'cost': 31.42907070922614, 'length': 18, 'task_mapping': {'task-3': 0, 'task-8': 1}}, -3.1474636481228124
INFO:root:  found pattern {'cost': 169.23162642067217, 'length': 84, 'task_mapping': {'task-0': 1, 'task-1': 1, 'task-4': 1, 'task-6': 0, 'task-9': 0}}, -2.676478613740869
INFO:root:  found pattern {'cost': 32.31026285385724, 'length': 18, 'task_mapping': {'task-3': 0, 'task-5': 1, 'task-8': 1}}, -1.9594108768361806
INFO:root:  found pattern {'cost': 145.811199608188, 'length': 84, 'task_mapping': {'task-0': 1, 'task-1': 1, 'task-3': 0, 'task-6': 0, 'task-9': 1}}, -0.38146209514670204
INFO:root:  found pattern {'cost': 33.153469508385626, 'length': 18, 'task_mapping': {'task-3': 0, 'task-7': 1, 'task-8': 1}}, -0.3814620951466843
INFO:root:  found pattern {'cost': 139.49207493183934, 'length': 84, 'task_mapping': {'task-0': 1, 'task-3': 0, 'task-4': 1, 'task-6': 0, 'task-9': 1}}, -1.205472145076044
INFO:root:  found pattern {'cost': 80.52301812604085, 'length': 46, 'task_mapping': {'task-0': 1, 'task-3': 0, 'task-4': 1, 'task-8': 1}}, -0.38146209514669494
INFO:root:  found pattern {'cost': 34.03466165301673, 'length': 18, 'task_mapping': {'task-3': 0, 'task-5': 1, 'task-7': 1, 'task-8': 1}}, -0.38146209514668783
INFO:root:subproblem objective was non-negative; ending the iteration.
INFO:root:best objective was updated to: 0.632100
INFO:root:search ended
INFO:root:solution quality 0.632100
