INFO:root:No path to initial data was provided.
INFO:root:timelimit was set to 600.000000
INFO:root:branching was set to: ON_SUPPORTS
INFO:root:no init data provided, trying the RecoveryModel
INFO:root:initial objective 1.626364
INFO:root:INIT OBJ 1.626363965512743
INFO:root:branching
supports={}, non supports=[]
INFO:root:PATTERNS 4
INFO:root:    {'cost': 181.96457181595025, 'length': 90, 'task_mapping': {'task-4': 0, 'task-5': 1, 'task-6': 0}}
INFO:root:    {'cost': 76.18687824049513, 'length': 44, 'task_mapping': {'task-0': 1, 'task-2': 0, 'task-3': 0, 'task-8': 0}}
INFO:root:    {'cost': 66.50981999490018, 'length': 41, 'task_mapping': {'task-9': 0}}
INFO:root:    {'cost': 46.149714085559864, 'length': 40, 'task_mapping': {'task-1': 1, 'task-7': 0}}
INFO:root:  found pattern {'cost': 136.94106437750827, 'length': 71, 'task_mapping': {'task-1': 0, 'task-3': 0, 'task-5': 0, 'task-9': 1}}, -233.8699197593972
INFO:root:  found pattern {'cost': 97.29953803991565, 'length': 49, 'task_mapping': {'task-2': 0, 'task-6': 0, 'task-7': 0, 'task-9': 1}}, -203.08020171438173
INFO:root:  found pattern {'cost': 124.12453606139789, 'length': 90, 'task_mapping': {'task-1': 0, 'task-2': 0, 'task-4': 0, 'task-9': 1}}, -177.00775758297968
INFO:root:  found pattern {'cost': 155.70534933658303, 'length': 90, 'task_mapping': {'task-4': 0, 'task-5': 0, 'task-8': 0, 'task-9': 1}}, -138.13017848371436
INFO:root:  found pattern {'cost': 210.9428987842373, 'length': 90, 'task_mapping': {'task-0': 1, 'task-4': 0, 'task-5': 0, 'task-6': 0}}, -47.208551272208126
INFO:root:  found pattern {'cost': 118.03443645700648, 'length': 90, 'task_mapping': {'task-3': 0, 'task-4': 0, 'task-6': 1, 'task-7': 0}}, -89.14246816743002
INFO:root:  found pattern {'cost': 136.12727927340973, 'length': 58, 'task_mapping': {'task-1': 1, 'task-2': 0, 'task-5': 0, 'task-6': 0}}, -62.325292624606426
INFO:root:  found pattern {'cost': 16.878988310612392, 'length': 20, 'task_mapping': {'task-3': 0, 'task-9': 1}}, -30.347217593461714
INFO:root:  found pattern {'cost': 137.04496123938625, 'length': 90, 'task_mapping': {'task-1': 0, 'task-4': 0, 'task-6': 1, 'task-8': 0}}, -43.45656761251344
INFO:root:  found pattern {'cost': 153.1895129912444, 'length': 90, 'task_mapping': {'task-2': 0, 'task-4': 0, 'task-5': 0, 'task-6': 1}}, -21.82747061778312
INFO:root:  found pattern {'cost': 5.94668096069007, 'length': 12, 'task_mapping': {'task-8': 1}}, -12.486811486812961
INFO:root:  found pattern {'cost': 142.11484534037783, 'length': 90, 'task_mapping': {'task-0': 1, 'task-2': 0, 'task-4': 0, 'task-7': 0}}, -32.09336121387638
INFO:root:  found pattern {'cost': 53.07819972217226, 'length': 35, 'task_mapping': {'task-0': 1, 'task-2': 0}}, -17.16199755763288
INFO:root:  found pattern {'cost': 55.80779212877524, 'length': 78, 'task_mapping': {'task-4': 1}}, -16.685918357495297
INFO:root:  found pattern {'cost': 175.45658837198667, 'length': 90, 'task_mapping': {'task-0': 1, 'task-3': 0, 'task-4': 0, 'task-5': 0}}, -44.25926803669093
INFO:root:  found pattern {'cost': 16.210462419290387, 'length': 20, 'task_mapping': {'task-1': 1}}, -22.5350959916502
INFO:root:  found pattern {'cost': 139.7366775408162, 'length': 58, 'task_mapping': {'task-0': 1, 'task-5': 0, 'task-7': 0}}, -40.796026886713726
INFO:root:  found pattern {'cost': 170.73682888250028, 'length': 90, 'task_mapping': {'task-4': 0, 'task-5': 0, 'task-6': 1, 'task-7': 0}}, -8.204384750947128
INFO:root:  found pattern {'cost': 90.79689932546447, 'length': 90, 'task_mapping': {'task-4': 0, 'task-6': 1}}, -9.69022124028615
INFO:root:  found pattern {'cost': 47.77975572637192, 'length': 35, 'task_mapping': {'task-0': 1}}, -5.298443995800344
INFO:root:  found pattern {'cost': 3.3416375388222086, 'length': 3, 'task_mapping': {'task-3': 1}}, -1.0501397056635935
INFO:root:  found pattern {'cost': 12.487211066126594, 'length': 20, 'task_mapping': {'task-9': 1}}, -4.391777244485805
INFO:root:subproblem objective was non-negative; ending the iteration.
INFO:root:best objective was updated to: 1.148250
INFO:root:search ended
INFO:root:solution quality 1.148250
