INFO:root:No path to initial data was provided.
INFO:root:timelimit was set to 600.000000
INFO:root:branching was set to: ON_SUPPORTS
INFO:root:no init data provided, trying the RecoveryModel
INFO:root:initial objective 0.901128
INFO:root:INIT OBJ 0.901127958945243
INFO:root:branching
supports={}, non supports=[]
INFO:root:PATTERNS 4
INFO:root:    {'cost': 149.62179247122288, 'length': 97, 'task_mapping': {'task-0': 1, 'task-1': 1, 'task-2': 0, 'task-4': 0, 'task-5': 0, 'task-6': 1}}
INFO:root:    {'cost': 6.903461342147328, 'length': 8, 'task_mapping': {'task-7': 0}}
INFO:root:    {'cost': 27.46960295589796, 'length': 17, 'task_mapping': {'task-8': 1, 'task-9': 1}}
INFO:root:    {'cost': 2.538630732397134, 'length': 4, 'task_mapping': {'task-3': 1}}
INFO:root:  found pattern {'cost': 53.75571125687155, 'length': 31, 'task_mapping': {'task-0': 0, 'task-3': 1, 'task-7': 0, 'task-8': 1}}, -132.77777624479376
INFO:root:  found pattern {'cost': 52.281659144777365, 'length': 36, 'task_mapping': {'task-3': 1, 'task-5': 1, 'task-7': 0, 'task-8': 1}}, -134.25182835688793
INFO:root:  found pattern {'cost': 34.40273987043859, 'length': 30, 'task_mapping': {'task-2': 0, 'task-3': 1, 'task-7': 0, 'task-8': 1}}, -152.1307476312267
INFO:root:  found pattern {'cost': 104.00995748546933, 'length': 97, 'task_mapping': {'task-3': 1, 'task-4': 0, 'task-7': 0, 'task-8': 1, 'task-9': 0}}, -82.52353001619615
INFO:root:  found pattern {'cost': 109.01395833708659, 'length': 97, 'task_mapping': {'task-1': 1, 'task-3': 1, 'task-4': 0, 'task-7': 0, 'task-8': 1, 'task-9': 0}}, -77.51952916457871
INFO:root:  found pattern {'cost': 120.54102456964645, 'length': 97, 'task_mapping': {'task-3': 1, 'task-4': 0, 'task-6': 1, 'task-7': 0, 'task-8': 1, 'task-9': 0}}, -60.98846208040213
INFO:root:  found pattern {'cost': 70.24421381165521, 'length': 56, 'task_mapping': {'task-1': 1, 'task-3': 1, 'task-6': 1, 'task-7': 0, 'task-8': 1, 'task-9': 0}}, -110.17947331538474
INFO:root:  found pattern {'cost': 144.29721677661746, 'length': 97, 'task_mapping': {'task-0': 1, 'task-4': 0, 'task-5': 1, 'task-6': 1, 'task-7': 0, 'task-8': 1, 'task-9': 0}}, -28.794913718324253
INFO:root:  found pattern {'cost': 55.928555208944765, 'length': 45, 'task_mapping': {'task-1': 1, 'task-2': 0, 'task-3': 1, 'task-5': 1, 'task-7': 0, 'task-9': 0}}, -57.60287202704491
INFO:root:  found pattern {'cost': 132.8131659213434, 'length': 97, 'task_mapping': {'task-0': 1, 'task-1': 1, 'task-2': 0, 'task-4': 0, 'task-6': 1, 'task-8': 1, 'task-9': 0}}, -44.2782295057775
INFO:root:  found pattern {'cost': 137.4909072846396, 'length': 97, 'task_mapping': {'task-1': 1, 'task-4': 0, 'task-5': 1, 'task-6': 1, 'task-8': 1}}, -27.759246302614628
INFO:root:  found pattern {'cost': 129.18515927029415, 'length': 97, 'task_mapping': {'task-0': 1, 'task-2': 0, 'task-3': 1, 'task-4': 0, 'task-5': 1, 'task-8': 1}}, -33.88643626073066
INFO:root:  found pattern {'cost': 41.811476682267134, 'length': 56, 'task_mapping': {'task-2': 0, 'task-5': 1, 'task-6': 1}}, -40.74769526638433
INFO:root:  found pattern {'cost': 131.71802801650526, 'length': 97, 'task_mapping': {'task-0': 1, 'task-1': 1, 'task-4': 0, 'task-5': 1, 'task-7': 0, 'task-8': 1}}, -20.01953694321061
INFO:root:  found pattern {'cost': 126.86076503775132, 'length': 97, 'task_mapping': {'task-0': 1, 'task-1': 1, 'task-2': 0, 'task-3': 1, 'task-4': 0, 'task-5': 1, 'task-9': 0}}, -18.355197410683672
INFO:root:  found pattern {'cost': 63.98053079999301, 'length': 45, 'task_mapping': {'task-1': 1, 'task-3': 1, 'task-5': 1, 'task-7': 0, 'task-8': 1, 'task-9': 0}}, -8.84135556476322
INFO:root:  found pattern {'cost': 140.92070001652226, 'length': 97, 'task_mapping': {'task-0': 1, 'task-1': 1, 'task-4': 0, 'task-5': 1, 'task-6': 1, 'task-7': 0, 'task-9': 0}}, -11.074313856557268
INFO:root:  found pattern {'cost': 132.7701505440576, 'length': 97, 'task_mapping': {'task-0': 1, 'task-1': 1, 'task-4': 0, 'task-5': 1, 'task-7': 0, 'task-8': 1, 'task-9': 0}}, -7.219116950544461
INFO:root:  found pattern {'cost': 127.53989221330778, 'length': 97, 'task_mapping': {'task-1': 1, 'task-2': 0, 'task-3': 1, 'task-4': 0, 'task-6': 1, 'task-7': 0, 'task-8': 1}}, -4.80092029707653
INFO:root:  found pattern {'cost': 125.54502542126372, 'length': 97, 'task_mapping': {'task-1': 1, 'task-3': 1, 'task-4': 0, 'task-6': 1, 'task-7': 0, 'task-8': 1, 'task-9': 0}}, -7.8479096166734195
INFO:root:  found pattern {'cost': 3.6981935014475344, 'length': 30, 'task_mapping': {'task-2': 0}}, -3.643742664467184
INFO:root:  found pattern {'cost': 134.1320080103743, 'length': 97, 'task_mapping': {'task-0': 1, 'task-1': 1, 'task-2': 0, 'task-4': 0, 'task-6': 1, 'task-7': 0, 'task-8': 1}}, -3.8812925437129735
INFO:root:  found pattern {'cost': 132.1371412183302, 'length': 97, 'task_mapping': {'task-0': 1, 'task-1': 1, 'task-4': 0, 'task-6': 1, 'task-7': 0, 'task-8': 1, 'task-9': 0}}, -3.8812925437129735
INFO:root:  found pattern {'cost': 140.9139944287752, 'length': 97, 'task_mapping': {'task-1': 1, 'task-4': 0, 'task-5': 1, 'task-6': 1, 'task-7': 0, 'task-8': 1, 'task-9': 0}}, -1.4655465133648704
INFO:root:  found pattern {'cost': 21.200168486338214, 'length': 56, 'task_mapping': {'task-2': 0, 'task-6': 1}}, -1.2381619426554402
INFO:root:  found pattern {'cost': 141.9262521600342, 'length': 97, 'task_mapping': {'task-0': 1, 'task-4': 0, 'task-5': 1, 'task-6': 1, 'task-8': 1, 'task-9': 0}}, -1.8251197034597766
INFO:root:  found pattern {'cost': 138.54302981219197, 'length': 97, 'task_mapping': {'task-1': 1, 'task-4': 0, 'task-5': 1, 'task-6': 1, 'task-8': 1, 'task-9': 0}}, -1.8251197034597482
INFO:root:  found pattern {'cost': 137.49761287238667, 'length': 97, 'task_mapping': {'task-0': 1, 'task-1': 1, 'task-4': 0, 'task-5': 1, 'task-6': 1}}, -1.8251197034597482
INFO:root:  found pattern {'cost': 2.538630732397134, 'length': 4, 'task_mapping': {'task-3': 1}}, -4.528828159480046
INFO:root:  found pattern {'cost': 132.3940527195184, 'length': 97, 'task_mapping': {'task-0': 1, 'task-1': 1, 'task-2': 0, 'task-4': 0, 'task-5': 1, 'task-8': 1}}, -2.264414079740007
INFO:root:  found pattern {'cost': 133.44617524707078, 'length': 97, 'task_mapping': {'task-0': 1, 'task-1': 1, 'task-2': 0, 'task-4': 0, 'task-5': 1, 'task-8': 1, 'task-9': 0}}, -2.4763238853108476
INFO:root:subproblem objective was non-negative; ending the iteration.
INFO:root:best objective was updated to: 0.756082
INFO:root:search ended
INFO:root:solution quality 0.756082
