{
    "assignmentCharacteristics": [
        {
            "command": "",
            "task": "task-0",
            "resourceAssignments": [
                {
                    "slope": 0.6707598462067821,
                    "intercept": 0.36084658228893385,
                    "length": 81,
                    "processors": [
                        {
                            "processingUnits": 1,
                            "processor": "A53"
                        }
                    ]
                },
                {
                    "slope": 0.184351125874459,
                    "intercept": 0.8598086937888142,
                    "length": 81,
                    "processors": [
                        {
                            "processingUnits": 1,
                            "processor": "A72"
                        }
                    ]
                }
            ]
        },
        {
            "command": "",
            "task": "task-1",
            "resourceAssignments": [
                {
                    "slope": 0.2934109293741979,
                    "intercept": 0.4990692145192043,
                    "length": 17,
                    "processors": [
                        {
                            "processingUnits": 1,
                            "processor": "A53"
                        }
                    ]
                },
                {
                    "slope": 0.5641689021580131,
                    "intercept": 0.7232537097896717,
                    "length": 67,
                    "processors": [
                        {
                            "processingUnits": 1,
                            "processor": "A72"
                        }
                    ]
                }
            ]
        },
        {
            "command": "",
            "task": "task-2",
            "resourceAssignments": [
                {
                    "slope": 0.7823083439001106,
                    "intercept": 0.7639143622655828,
                    "length": 91,
                    "processors": [
                        {
                            "processingUnits": 1,
                            "processor": "A53"
                        }
                    ]
                },
                {
                    "slope": 0.8764917127744969,
                    "intercept": 0.6657306620101114,
                    "length": 70,
                    "processors": [
                        {
                            "processingUnits": 1,
                            "processor": "A72"
                        }
                    ]
                }
            ]
        },
        {
            "command": "",
            "task": "task-3",
            "resourceAssignments": [
                {
                    "slope": 0.6703656262437996,
                    "intercept": 0.0678445911758555,
                    "length": 74,
                    "processors": [
                        {
                            "processingUnits": 1,
                            "processor": "A53"
                        }
                    ]
                },
                {
                    "slope": 0.11946424087989427,
                    "intercept": 0.9094109769497742,
                    "length": 17,
                    "processors": [
                        {
                            "processingUnits": 1,
                            "processor": "A72"
                        }
                    ]
                }
            ]
        },
        {
            "command": "",
            "task": "task-4",
            "resourceAssignments": [
                {
                    "slope": 0.7346745781725725,
                    "intercept": 0.41866957650941516,
                    "length": 42,
                    "processors": [
                        {
                            "processingUnits": 1,
                            "processor": "A53"
                        }
                    ]
                },
                {
                    "slope": 0.8253011025666507,
                    "intercept": 0.7417064471487448,
                    "length": 89,
                    "processors": [
                        {
                            "processingUnits": 1,
                            "processor": "A72"
                        }
                    ]
                }
            ]
        },
        {
            "command": "",
            "task": "task-5",
            "resourceAssignments": [
                {
                    "slope": 0.5558463241076034,
                    "intercept": 0.19255728836325858,
                    "length": 82,
                    "processors": [
                        {
                            "processingUnits": 1,
                            "processor": "A53"
                        }
                    ]
                },
                {
                    "slope": 0.5815568604232609,
                    "intercept": 0.16110822441271266,
                    "length": 34,
                    "processors": [
                        {
                            "processingUnits": 1,
                            "processor": "A72"
                        }
                    ]
                }
            ]
        },
        {
            "command": "",
            "task": "task-6",
            "resourceAssignments": [
                {
                    "slope": 0.61369043016407,
                    "intercept": 0.5573699597616508,
                    "length": 3,
                    "processors": [
                        {
                            "processingUnits": 1,
                            "processor": "A53"
                        }
                    ]
                },
                {
                    "slope": 0.012153570427685279,
                    "intercept": 0.9013885600216955,
                    "length": 99,
                    "processors": [
                        {
                            "processingUnits": 1,
                            "processor": "A72"
                        }
                    ]
                }
            ]
        },
        {
            "command": "",
            "task": "task-7",
            "resourceAssignments": [
                {
                    "slope": 0.8369048836447768,
                    "intercept": 0.7879007120957902,
                    "length": 83,
                    "processors": [
                        {
                            "processingUnits": 1,
                            "processor": "A53"
                        }
                    ]
                },
                {
                    "slope": 0.5876127807641578,
                    "intercept": 0.43410051271814476,
                    "length": 8,
                    "processors": [
                        {
                            "processingUnits": 1,
                            "processor": "A72"
                        }
                    ]
                }
            ]
        },
        {
            "command": "",
            "task": "task-8",
            "resourceAssignments": [
                {
                    "slope": 0.37120686058405683,
                    "intercept": 0.6858016340402768,
                    "length": 83,
                    "processors": [
                        {
                            "processingUnits": 1,
                            "processor": "A53"
                        }
                    ]
                },
                {
                    "slope": 0.6970329434076876,
                    "intercept": 0.8573935117782318,
                    "length": 13,
                    "processors": [
                        {
                            "processingUnits": 1,
                            "processor": "A72"
                        }
                    ]
                }
            ]
        },
        {
            "command": "",
            "task": "task-9",
            "resourceAssignments": [
                {
                    "slope": 0.4792216810630163,
                    "intercept": 0.5035450461055346,
                    "length": 39,
                    "processors": [
                        {
                            "processingUnits": 1,
                            "processor": "A53"
                        }
                    ]
                },
                {
                    "slope": 0.3936583041208035,
                    "intercept": 0.755460396867238,
                    "length": 33,
                    "processors": [
                        {
                            "processingUnits": 1,
                            "processor": "A72"
                        }
                    ]
                }
            ]
        }
    ],
    "environment": {
        "majorFrameLength": 297,
        "problemVersion": 1,
        "processors": [
            {
                "name": "A53",
                "processingUnits": 3,
                "type": "main_processor"
            },
            {
                "name": "A72",
                "processingUnits": 3,
                "type": "main_processor"
            }
        ],
        "scPart": 1.0
    },
    "solution": {
        "feasible": true,
        "solutionTime": 34,
        "solverMetadata": {
            "objective": "0.8522266019998946"
        },
        "solverName": "ILP-Global2",
        "windows": [
            {
                "length": 17,
                "tasks": [
                    {
                        "length": 17,
                        "processingUnit": 0,
                        "processor": "A53",
                        "start": 0,
                        "task": "task-1"
                    },
                    {
                        "length": 17,
                        "processingUnit": 0,
                        "processor": "A72",
                        "start": 0,
                        "task": "task-3"
                    },
                    {
                        "length": 3,
                        "processingUnit": 1,
                        "processor": "A53",
                        "start": 0,
                        "task": "task-6"
                    },
                    {
                        "length": 8,
                        "processingUnit": 1,
                        "processor": "A72",
                        "start": 0,
                        "task": "task-7"
                    },
                    {
                        "length": 13,
                        "processingUnit": 2,
                        "processor": "A72",
                        "start": 0,
                        "task": "task-8"
                    }
                ]
            },
            {
                "length": 34,
                "tasks": [
                    {
                        "length": 34,
                        "processingUnit": 0,
                        "processor": "A72",
                        "start": 0,
                        "task": "task-5"
                    }
                ]
            },
            {
                "length": 81,
                "tasks": [
                    {
                        "length": 81,
                        "processingUnit": 0,
                        "processor": "A72",
                        "start": 0,
                        "task": "task-0"
                    },
                    {
                        "length": 70,
                        "processingUnit": 1,
                        "processor": "A72",
                        "start": 0,
                        "task": "task-2"
                    },
                    {
                        "length": 42,
                        "processingUnit": 0,
                        "processor": "A53",
                        "start": 0,
                        "task": "task-4"
                    },
                    {
                        "length": 33,
                        "processingUnit": 2,
                        "processor": "A72",
                        "start": 0,
                        "task": "task-9"
                    }
                ]
            }
        ]
    },
    "tasks": [
        {
            "assignmentIndex": 0,
            "command": "",
            "length": 17,
            "name": "task-1",
            "processors": [
                {
                    "processor": "A53",
                    "processingUnits": 1
                }
            ]
        },
        {
            "assignmentIndex": 1,
            "command": "",
            "length": 17,
            "name": "task-3",
            "processors": [
                {
                    "processor": "A72",
                    "processingUnits": 1
                }
            ]
        },
        {
            "assignmentIndex": 0,
            "command": "",
            "length": 3,
            "name": "task-6",
            "processors": [
                {
                    "processor": "A53",
                    "processingUnits": 1
                }
            ]
        },
        {
            "assignmentIndex": 1,
            "command": "",
            "length": 8,
            "name": "task-7",
            "processors": [
                {
                    "processor": "A72",
                    "processingUnits": 1
                }
            ]
        },
        {
            "assignmentIndex": 1,
            "command": "",
            "length": 13,
            "name": "task-8",
            "processors": [
                {
                    "processor": "A72",
                    "processingUnits": 1
                }
            ]
        },
        {
            "assignmentIndex": 1,
            "command": "",
            "length": 34,
            "name": "task-5",
            "processors": [
                {
                    "processor": "A72",
                    "processingUnits": 1
                }
            ]
        },
        {
            "assignmentIndex": 1,
            "command": "",
            "length": 81,
            "name": "task-0",
            "processors": [
                {
                    "processor": "A72",
                    "processingUnits": 1
                }
            ]
        },
        {
            "assignmentIndex": 1,
            "command": "",
            "length": 70,
            "name": "task-2",
            "processors": [
                {
                    "processor": "A72",
                    "processingUnits": 1
                }
            ]
        },
        {
            "assignmentIndex": 0,
            "command": "",
            "length": 42,
            "name": "task-4",
            "processors": [
                {
                    "processor": "A53",
                    "processingUnits": 1
                }
            ]
        },
        {
            "assignmentIndex": 1,
            "command": "",
            "length": 33,
            "name": "task-9",
            "processors": [
                {
                    "processor": "A72",
                    "processingUnits": 1
                }
            ]
        }
    ]
}