INFO:root:No path to initial data was provided.
INFO:root:timelimit was set to 600.000000
INFO:root:branching was set to: ON_SUPPORTS
INFO:root:no init data provided, trying the RecoveryModel
INFO:root:initial objective 0.640468
INFO:root:INIT OBJ 0.6404683814831929
INFO:root:branching
supports={}, non supports=[]
INFO:root:PATTERNS 6
INFO:root:    {'cost': 69.45864702201487, 'length': 53, 'task_mapping': {'task-2': 1, 'task-5': 0, 'task-7': 1}}
INFO:root:    {'cost': 40.532760104129935, 'length': 32, 'task_mapping': {'task-1': 1, 'task-3': 1}}
INFO:root:    {'cost': 0.9101243053859039, 'length': 1, 'task_mapping': {'task-9': 0}}
INFO:root:    {'cost': 21.441710765765983, 'length': 18, 'task_mapping': {'task-4': 0}}
INFO:root:    {'cost': 8.994506494552574, 'length': 21, 'task_mapping': {'task-0': 0}}
INFO:root:    {'cost': 20.060283441915306, 'length': 21, 'task_mapping': {'task-6': 1, 'task-8': 1}}
INFO:root:  found pattern {'cost': 82.30574936248772, 'length': 53, 'task_mapping': {'task-1': 1, 'task-4': 0, 'task-5': 0, 'task-6': 1}}, -69.1876519713384
INFO:root:  found pattern {'cost': 87.13828846793189, 'length': 53, 'task_mapping': {'task-3': 1, 'task-4': 0, 'task-5': 0, 'task-8': 1}}, -55.76050444060106
INFO:root:  found pattern {'cost': 45.776195767345996, 'length': 29, 'task_mapping': {'task-0': 0, 'task-3': 1, 'task-4': 0, 'task-6': 1}}, -37.43309626063257
INFO:root:  found pattern {'cost': 66.045243448219, 'length': 53, 'task_mapping': {'task-0': 0, 'task-1': 1, 'task-2': 1, 'task-5': 0}}, -40.288162288648984
INFO:root:  found pattern {'cost': 25.783788447485392, 'length': 21, 'task_mapping': {'task-0': 0, 'task-4': 0, 'task-7': 1, 'task-8': 1}}, -72.19166924602462
INFO:root:  found pattern {'cost': 75.63251103439444, 'length': 53, 'task_mapping': {'task-3': 1, 'task-5': 0, 'task-7': 1, 'task-9': 0}}, -19.87250554360933
INFO:root:  found pattern {'cost': 78.85335477478412, 'length': 53, 'task_mapping': {'task-2': 1, 'task-3': 1, 'task-5': 0, 'task-9': 0}}, -22.09369352198045
INFO:root:  found pattern {'cost': 1.6980480344664655, 'length': 1, 'task_mapping': {'task-7': 1, 'task-9': 0}}, -16.942866386190683
INFO:root:  found pattern {'cost': 6.841860497700903, 'length': 6, 'task_mapping': {'task-7': 1, 'task-8': 1, 'task-9': 0}}, -7.603850514579921
INFO:root:  found pattern {'cost': 77.37687002046871, 'length': 53, 'task_mapping': {'task-1': 1, 'task-3': 1, 'task-5': 0}}, -11.742375800048237
INFO:root:  found pattern {'cost': 88.58279975688434, 'length': 53, 'task_mapping': {'task-3': 1, 'task-4': 0, 'task-5': 0, 'task-6': 1}}, -6.5310609321686
INFO:root:  found pattern {'cost': 83.09558493065396, 'length': 53, 'task_mapping': {'task-2': 1, 'task-4': 0, 'task-5': 0, 'task-6': 1}}, -15.917742958345983
INFO:root:  found pattern {'cost': 93.37341085945732, 'length': 53, 'task_mapping': {'task-2': 1, 'task-3': 1, 'task-4': 0, 'task-5': 0}}, -4.421871865111285
INFO:root:  found pattern {'cost': 27.33695829940421, 'length': 21, 'task_mapping': {'task-4': 0, 'task-6': 1, 'task-8': 1}}, -2.816067125438142
INFO:root:  found pattern {'cost': 78.16670558863495, 'length': 53, 'task_mapping': {'task-2': 1, 'task-3': 1, 'task-5': 0}}, -0.6866491861491966
INFO:root:  found pattern {'cost': 1.01139884831728, 'length': 1, 'task_mapping': {'task-7': 1}}, -0.6866491861491923
INFO:root:  found pattern {'cost': 65.84413870489418, 'length': 53, 'task_mapping': {'task-1': 1, 'task-2': 1, 'task-5': 0}}, -0.20110474332481942
INFO:root:subproblem objective was non-negative; ending the iteration.
INFO:root:best objective was updated to: 0.470088
INFO:root:search ended
INFO:root:solution quality 0.470088
