{
    "assignmentCharacteristics": [
        {
            "command": "",
            "task": "task-0",
            "resourceAssignments": [
                {
                    "slope": 0.7422689022342447,
                    "intercept": 0.9407910281321847,
                    "length": 60,
                    "processors": [
                        {
                            "processingUnits": 1,
                            "processor": "A53"
                        }
                    ]
                },
                {
                    "slope": 0.8939740569094636,
                    "intercept": 0.43678570286197216,
                    "length": 19,
                    "processors": [
                        {
                            "processingUnits": 1,
                            "processor": "A72"
                        }
                    ]
                }
            ]
        },
        {
            "command": "",
            "task": "task-1",
            "resourceAssignments": [
                {
                    "slope": 0.36618645421220086,
                    "intercept": 0.17635756756121013,
                    "length": 30,
                    "processors": [
                        {
                            "processingUnits": 1,
                            "processor": "A53"
                        }
                    ]
                },
                {
                    "slope": 0.4194054399728543,
                    "intercept": 0.423624944139416,
                    "length": 62,
                    "processors": [
                        {
                            "processingUnits": 1,
                            "processor": "A72"
                        }
                    ]
                }
            ]
        },
        {
            "command": "",
            "task": "task-2",
            "resourceAssignments": [
                {
                    "slope": 0.5381973373767096,
                    "intercept": 0.7531781056405589,
                    "length": 72,
                    "processors": [
                        {
                            "processingUnits": 1,
                            "processor": "A53"
                        }
                    ]
                },
                {
                    "slope": 0.24195037869353997,
                    "intercept": 0.38885865690883126,
                    "length": 17,
                    "processors": [
                        {
                            "processingUnits": 1,
                            "processor": "A72"
                        }
                    ]
                }
            ]
        },
        {
            "command": "",
            "task": "task-3",
            "resourceAssignments": [
                {
                    "slope": 0.7569518881873518,
                    "intercept": 0.2806340950238416,
                    "length": 52,
                    "processors": [
                        {
                            "processingUnits": 1,
                            "processor": "A53"
                        }
                    ]
                },
                {
                    "slope": 0.8995812265837909,
                    "intercept": 0.3075112172507817,
                    "length": 19,
                    "processors": [
                        {
                            "processingUnits": 1,
                            "processor": "A72"
                        }
                    ]
                }
            ]
        },
        {
            "command": "",
            "task": "task-4",
            "resourceAssignments": [
                {
                    "slope": 0.8702548061937873,
                    "intercept": 0.2839897244987718,
                    "length": 59,
                    "processors": [
                        {
                            "processingUnits": 1,
                            "processor": "A53"
                        }
                    ]
                },
                {
                    "slope": 0.9241434840188713,
                    "intercept": 0.20030316762993516,
                    "length": 80,
                    "processors": [
                        {
                            "processingUnits": 1,
                            "processor": "A72"
                        }
                    ]
                }
            ]
        },
        {
            "command": "",
            "task": "task-5",
            "resourceAssignments": [
                {
                    "slope": 0.24861573070658238,
                    "intercept": 0.07258187796337168,
                    "length": 88,
                    "processors": [
                        {
                            "processingUnits": 1,
                            "processor": "A53"
                        }
                    ]
                },
                {
                    "slope": 0.7686367877978041,
                    "intercept": 0.7279271835777958,
                    "length": 62,
                    "processors": [
                        {
                            "processingUnits": 1,
                            "processor": "A72"
                        }
                    ]
                }
            ]
        },
        {
            "command": "",
            "task": "task-6",
            "resourceAssignments": [
                {
                    "slope": 0.9586417846273794,
                    "intercept": 0.5991254438429799,
                    "length": 76,
                    "processors": [
                        {
                            "processingUnits": 1,
                            "processor": "A53"
                        }
                    ]
                },
                {
                    "slope": 0.10069386377169232,
                    "intercept": 0.14972955259972165,
                    "length": 88,
                    "processors": [
                        {
                            "processingUnits": 1,
                            "processor": "A72"
                        }
                    ]
                }
            ]
        },
        {
            "command": "",
            "task": "task-7",
            "resourceAssignments": [
                {
                    "slope": 0.2671826184289089,
                    "intercept": 0.279167614025861,
                    "length": 74,
                    "processors": [
                        {
                            "processingUnits": 1,
                            "processor": "A53"
                        }
                    ]
                },
                {
                    "slope": 0.579317062412598,
                    "intercept": 0.08374863077758388,
                    "length": 13,
                    "processors": [
                        {
                            "processingUnits": 1,
                            "processor": "A72"
                        }
                    ]
                }
            ]
        },
        {
            "command": "",
            "task": "task-8",
            "resourceAssignments": [
                {
                    "slope": 0.39699767761246707,
                    "intercept": 0.7430716909206296,
                    "length": 7,
                    "processors": [
                        {
                            "processingUnits": 1,
                            "processor": "A53"
                        }
                    ]
                },
                {
                    "slope": 0.1727191120399243,
                    "intercept": 0.13020677964002758,
                    "length": 95,
                    "processors": [
                        {
                            "processingUnits": 1,
                            "processor": "A72"
                        }
                    ]
                }
            ]
        },
        {
            "command": "",
            "task": "task-9",
            "resourceAssignments": [
                {
                    "slope": 0.9901621780201801,
                    "intercept": 0.6560574317327557,
                    "length": 41,
                    "processors": [
                        {
                            "processingUnits": 1,
                            "processor": "A53"
                        }
                    ]
                },
                {
                    "slope": 0.08552068661126111,
                    "intercept": 0.8747858090657268,
                    "length": 75,
                    "processors": [
                        {
                            "processingUnits": 1,
                            "processor": "A72"
                        }
                    ]
                }
            ]
        }
    ],
    "environment": {
        "majorFrameLength": 549,
        "problemVersion": 1,
        "processors": [
            {
                "name": "A53",
                "processingUnits": 1,
                "type": "main_processor"
            },
            {
                "name": "A72",
                "processingUnits": 1,
                "type": "main_processor"
            }
        ],
        "scPart": 1.0
    },
    "solution": {
        "feasible": true,
        "solutionTime": 19,
        "solverMetadata": {
            "objective": "0.4684789941077493"
        },
        "solverName": "ILP-Global2",
        "windows": [
            {
                "length": 7,
                "tasks": [
                    {
                        "length": 7,
                        "processingUnit": 0,
                        "processor": "A53",
                        "start": 0,
                        "task": "task-8"
                    }
                ]
            },
            {
                "length": 13,
                "tasks": [
                    {
                        "length": 13,
                        "processingUnit": 0,
                        "processor": "A72",
                        "start": 0,
                        "task": "task-7"
                    }
                ]
            },
            {
                "length": 17,
                "tasks": [
                    {
                        "length": 17,
                        "processingUnit": 0,
                        "processor": "A72",
                        "start": 0,
                        "task": "task-2"
                    }
                ]
            },
            {
                "length": 19,
                "tasks": [
                    {
                        "length": 19,
                        "processingUnit": 0,
                        "processor": "A72",
                        "start": 0,
                        "task": "task-0"
                    }
                ]
            },
            {
                "length": 30,
                "tasks": [
                    {
                        "length": 30,
                        "processingUnit": 0,
                        "processor": "A53",
                        "start": 0,
                        "task": "task-1"
                    },
                    {
                        "length": 19,
                        "processingUnit": 0,
                        "processor": "A72",
                        "start": 0,
                        "task": "task-3"
                    }
                ]
            },
            {
                "length": 75,
                "tasks": [
                    {
                        "length": 59,
                        "processingUnit": 0,
                        "processor": "A53",
                        "start": 0,
                        "task": "task-4"
                    },
                    {
                        "length": 75,
                        "processingUnit": 0,
                        "processor": "A72",
                        "start": 0,
                        "task": "task-9"
                    }
                ]
            },
            {
                "length": 88,
                "tasks": [
                    {
                        "length": 88,
                        "processingUnit": 0,
                        "processor": "A53",
                        "start": 0,
                        "task": "task-5"
                    },
                    {
                        "length": 88,
                        "processingUnit": 0,
                        "processor": "A72",
                        "start": 0,
                        "task": "task-6"
                    }
                ]
            }
        ]
    },
    "tasks": [
        {
            "assignmentIndex": 0,
            "command": "",
            "length": 7,
            "name": "task-8",
            "processors": [
                {
                    "processor": "A53",
                    "processingUnits": 1
                }
            ]
        },
        {
            "assignmentIndex": 1,
            "command": "",
            "length": 13,
            "name": "task-7",
            "processors": [
                {
                    "processor": "A72",
                    "processingUnits": 1
                }
            ]
        },
        {
            "assignmentIndex": 1,
            "command": "",
            "length": 17,
            "name": "task-2",
            "processors": [
                {
                    "processor": "A72",
                    "processingUnits": 1
                }
            ]
        },
        {
            "assignmentIndex": 1,
            "command": "",
            "length": 19,
            "name": "task-0",
            "processors": [
                {
                    "processor": "A72",
                    "processingUnits": 1
                }
            ]
        },
        {
            "assignmentIndex": 0,
            "command": "",
            "length": 30,
            "name": "task-1",
            "processors": [
                {
                    "processor": "A53",
                    "processingUnits": 1
                }
            ]
        },
        {
            "assignmentIndex": 1,
            "command": "",
            "length": 19,
            "name": "task-3",
            "processors": [
                {
                    "processor": "A72",
                    "processingUnits": 1
                }
            ]
        },
        {
            "assignmentIndex": 0,
            "command": "",
            "length": 59,
            "name": "task-4",
            "processors": [
                {
                    "processor": "A53",
                    "processingUnits": 1
                }
            ]
        },
        {
            "assignmentIndex": 1,
            "command": "",
            "length": 75,
            "name": "task-9",
            "processors": [
                {
                    "processor": "A72",
                    "processingUnits": 1
                }
            ]
        },
        {
            "assignmentIndex": 0,
            "command": "",
            "length": 88,
            "name": "task-5",
            "processors": [
                {
                    "processor": "A53",
                    "processingUnits": 1
                }
            ]
        },
        {
            "assignmentIndex": 1,
            "command": "",
            "length": 88,
            "name": "task-6",
            "processors": [
                {
                    "processor": "A72",
                    "processingUnits": 1
                }
            ]
        }
    ]
}