INFO:root:No path to initial data was provided.
INFO:root:timelimit was set to 600.000000
INFO:root:branching was set to: ON_TASKS
INFO:root:no init data provided, trying the RecoveryModel
INFO:root:initial objective 0.908006
INFO:root:INIT OBJ 0.9080057809253712
INFO:root:branching
fixed_task_mapping={}
INFO:root:PATTERNS 7
INFO:root:    {'cost': 101.66271456946787, 'length': 71, 'task_mapping': {'task-2': 0, 'task-3': 1}}
INFO:root:    {'cost': 143.31763912896457, 'length': 97, 'task_mapping': {'task-5': 0, 'task-8': 1}}
INFO:root:    {'cost': 43.37183713846428, 'length': 41, 'task_mapping': {'task-0': 0}}
INFO:root:    {'cost': 72.37605925074004, 'length': 46, 'task_mapping': {'task-7': 1, 'task-9': 0}}
INFO:root:    {'cost': 13.564266057010329, 'length': 38, 'task_mapping': {'task-4': 0}}
INFO:root:    {'cost': 19.45835445896988, 'length': 29, 'task_mapping': {'task-1': 0}}
INFO:root:    {'cost': 22.115777060203, 'length': 39, 'task_mapping': {'task-6': 0}}
INFO:root:  found pattern {'cost': 118.11507162467612, 'length': 63, 'task_mapping': {'task-3': 1, 'task-5': 0}}, -126.86528207375633
INFO:root:  found pattern {'cost': 124.14020714014426, 'length': 97, 'task_mapping': {'task-2': 0, 'task-8': 1}}, -120.84014655828818
INFO:root:  found pattern {'cost': 103.20618318139323, 'length': 57, 'task_mapping': {'task-5': 0, 'task-7': 1}}, -87.28494769402302
INFO:root:  found pattern {'cost': 134.49830675012453, 'length': 96, 'task_mapping': {'task-2': 0, 'task-5': 1}}, -55.46170255745368
INFO:root:  found pattern {'cost': 54.47993564353655, 'length': 63, 'task_mapping': {'task-3': 1, 'task-6': 0}}, -10.275581138676182
INFO:root:  found pattern {'cost': 53.37311207316035, 'length': 63, 'task_mapping': {'task-1': 0, 'task-3': 1}}, -7.362444641013205
INFO:root:  found pattern {'cost': 32.628276972047516, 'length': 46, 'task_mapping': {'task-4': 0, 'task-7': 1}}, -7.304302896883637
INFO:root:subproblem objective was non-negative; ending the iteration.
INFO:root:master model solution is not integer
WARNING:root:Master model reconstruction 0.902056 vs MM relaxation 0.882595
INFO:root:Solution reconstructed from patterns (0.902056) better that best so far 0.908006
INFO:root:branching
fixed_task_mapping={'task-1': 0}
INFO:root:PATTERNS 18
INFO:root:    {'cost': 101.66271456946787, 'length': 71, 'task_mapping': {'task-2': 0, 'task-3': 1}}
INFO:root:    {'cost': 143.31763912896457, 'length': 97, 'task_mapping': {'task-5': 0, 'task-8': 1}}
INFO:root:    {'cost': 43.37183713846428, 'length': 41, 'task_mapping': {'task-0': 0}}
INFO:root:    {'cost': 72.37605925074004, 'length': 46, 'task_mapping': {'task-7': 1, 'task-9': 0}}
INFO:root:    {'cost': 13.564266057010329, 'length': 38, 'task_mapping': {'task-4': 0}}
INFO:root:    {'cost': 19.45835445896988, 'length': 29, 'task_mapping': {'task-1': 0}}
INFO:root:    {'cost': 22.115777060203, 'length': 39, 'task_mapping': {'task-6': 0}}
INFO:root:    {'cost': 118.11507162467612, 'length': 63, 'task_mapping': {'task-3': 1, 'task-5': 0}}
INFO:root:    {'cost': 124.14020714014426, 'length': 97, 'task_mapping': {'task-2': 0, 'task-8': 1}}
INFO:root:    {'cost': 103.20618318139323, 'length': 57, 'task_mapping': {'task-5': 0, 'task-7': 1}}
INFO:root:    {'cost': 134.49830675012453, 'length': 96, 'task_mapping': {'task-2': 0, 'task-5': 1}}
INFO:root:    {'cost': 54.47993564353655, 'length': 63, 'task_mapping': {'task-3': 1, 'task-6': 0}}
INFO:root:    {'cost': 53.37311207316035, 'length': 63, 'task_mapping': {'task-1': 0, 'task-3': 1}}
INFO:root:    {'cost': 32.628276972047516, 'length': 46, 'task_mapping': {'task-4': 0, 'task-7': 1}}
INFO:root:    {'cost': 55.22625297506633, 'length': 45, 'task_mapping': {'task-9': 0}}
INFO:root:    {'cost': 91.43079237873216, 'length': 71, 'task_mapping': {'task-2': 0, 'task-7': 1}}
INFO:root:    {'cost': 136.3791763848782, 'length': 96, 'task_mapping': {'task-5': 1, 'task-6': 0}}
INFO:root:    {'cost': 95.75339380789579, 'length': 97, 'task_mapping': {'task-8': 1}}
INFO:root:subproblem objective was non-negative; ending the iteration.
INFO:root:master model solution is not integer
WARNING:root:Master model reconstruction 0.902056 vs MM relaxation 0.882595
INFO:root:branching
fixed_task_mapping={'task-1': 0, 'task-4': 0}
INFO:root:PATTERNS 23
INFO:root:    {'cost': 101.66271456946787, 'length': 71, 'task_mapping': {'task-2': 0, 'task-3': 1}}
INFO:root:    {'cost': 143.31763912896457, 'length': 97, 'task_mapping': {'task-5': 0, 'task-8': 1}}
INFO:root:    {'cost': 43.37183713846428, 'length': 41, 'task_mapping': {'task-0': 0}}
INFO:root:    {'cost': 72.37605925074004, 'length': 46, 'task_mapping': {'task-7': 1, 'task-9': 0}}
INFO:root:    {'cost': 13.564266057010329, 'length': 38, 'task_mapping': {'task-4': 0}}
INFO:root:    {'cost': 19.45835445896988, 'length': 29, 'task_mapping': {'task-1': 0}}
INFO:root:    {'cost': 22.115777060203, 'length': 39, 'task_mapping': {'task-6': 0}}
INFO:root:    {'cost': 118.11507162467612, 'length': 63, 'task_mapping': {'task-3': 1, 'task-5': 0}}
INFO:root:    {'cost': 124.14020714014426, 'length': 97, 'task_mapping': {'task-2': 0, 'task-8': 1}}
INFO:root:    {'cost': 103.20618318139323, 'length': 57, 'task_mapping': {'task-5': 0, 'task-7': 1}}
INFO:root:    {'cost': 134.49830675012453, 'length': 96, 'task_mapping': {'task-2': 0, 'task-5': 1}}
INFO:root:    {'cost': 54.47993564353655, 'length': 63, 'task_mapping': {'task-3': 1, 'task-6': 0}}
INFO:root:    {'cost': 53.37311207316035, 'length': 63, 'task_mapping': {'task-1': 0, 'task-3': 1}}
INFO:root:    {'cost': 32.628276972047516, 'length': 46, 'task_mapping': {'task-4': 0, 'task-7': 1}}
INFO:root:    {'cost': 55.22625297506633, 'length': 45, 'task_mapping': {'task-9': 0}}
INFO:root:    {'cost': 91.43079237873216, 'length': 71, 'task_mapping': {'task-2': 0, 'task-7': 1}}
INFO:root:    {'cost': 136.3791763848782, 'length': 96, 'task_mapping': {'task-5': 1, 'task-6': 0}}
INFO:root:    {'cost': 95.75339380789579, 'length': 97, 'task_mapping': {'task-8': 1}}
INFO:root:    {'cost': 39.56620091633991, 'length': 46, 'task_mapping': {'task-1': 0, 'task-7': 1}}
INFO:root:    {'cost': 76.06227173541137, 'length': 49, 'task_mapping': {'task-3': 0}}
INFO:root:    {'cost': 140.42495844950682, 'length': 58, 'task_mapping': {'task-5': 0, 'task-9': 1}}
INFO:root:    {'cost': 148.38771129660188, 'length': 80, 'task_mapping': {'task-0': 0, 'task-2': 1}}
INFO:root:    {'cost': 97.29468110208464, 'length': 97, 'task_mapping': {'task-4': 0, 'task-8': 1}}
INFO:root:subproblem objective was non-negative; ending the iteration.
INFO:root:master model solution is not integer
WARNING:root:Master model reconstruction 0.902056 vs MM relaxation 0.882595
INFO:root:branching
fixed_task_mapping={'task-1': 0, 'task-4': 0, 'task-6': 0}
INFO:root:PATTERNS 26
INFO:root:    {'cost': 101.66271456946787, 'length': 71, 'task_mapping': {'task-2': 0, 'task-3': 1}}
INFO:root:    {'cost': 143.31763912896457, 'length': 97, 'task_mapping': {'task-5': 0, 'task-8': 1}}
INFO:root:    {'cost': 43.37183713846428, 'length': 41, 'task_mapping': {'task-0': 0}}
INFO:root:    {'cost': 72.37605925074004, 'length': 46, 'task_mapping': {'task-7': 1, 'task-9': 0}}
INFO:root:    {'cost': 13.564266057010329, 'length': 38, 'task_mapping': {'task-4': 0}}
INFO:root:    {'cost': 19.45835445896988, 'length': 29, 'task_mapping': {'task-1': 0}}
INFO:root:    {'cost': 22.115777060203, 'length': 39, 'task_mapping': {'task-6': 0}}
INFO:root:    {'cost': 118.11507162467612, 'length': 63, 'task_mapping': {'task-3': 1, 'task-5': 0}}
INFO:root:    {'cost': 124.14020714014426, 'length': 97, 'task_mapping': {'task-2': 0, 'task-8': 1}}
INFO:root:    {'cost': 103.20618318139323, 'length': 57, 'task_mapping': {'task-5': 0, 'task-7': 1}}
INFO:root:    {'cost': 134.49830675012453, 'length': 96, 'task_mapping': {'task-2': 0, 'task-5': 1}}
INFO:root:    {'cost': 54.47993564353655, 'length': 63, 'task_mapping': {'task-3': 1, 'task-6': 0}}
INFO:root:    {'cost': 53.37311207316035, 'length': 63, 'task_mapping': {'task-1': 0, 'task-3': 1}}
INFO:root:    {'cost': 32.628276972047516, 'length': 46, 'task_mapping': {'task-4': 0, 'task-7': 1}}
INFO:root:    {'cost': 55.22625297506633, 'length': 45, 'task_mapping': {'task-9': 0}}
INFO:root:    {'cost': 91.43079237873216, 'length': 71, 'task_mapping': {'task-2': 0, 'task-7': 1}}
INFO:root:    {'cost': 136.3791763848782, 'length': 96, 'task_mapping': {'task-5': 1, 'task-6': 0}}
INFO:root:    {'cost': 95.75339380789579, 'length': 97, 'task_mapping': {'task-8': 1}}
INFO:root:    {'cost': 39.56620091633991, 'length': 46, 'task_mapping': {'task-1': 0, 'task-7': 1}}
INFO:root:    {'cost': 76.06227173541137, 'length': 49, 'task_mapping': {'task-3': 0}}
INFO:root:    {'cost': 140.42495844950682, 'length': 58, 'task_mapping': {'task-5': 0, 'task-9': 1}}
INFO:root:    {'cost': 148.38771129660188, 'length': 80, 'task_mapping': {'task-0': 0, 'task-2': 1}}
INFO:root:    {'cost': 97.29468110208464, 'length': 97, 'task_mapping': {'task-4': 0, 'task-8': 1}}
INFO:root:    {'cost': 100.43941693193646, 'length': 80, 'task_mapping': {'task-2': 1, 'task-6': 0}}
INFO:root:    {'cost': 136.7222339090746, 'length': 96, 'task_mapping': {'task-1': 0, 'task-5': 1}}
INFO:root:    {'cost': 138.86556763286296, 'length': 97, 'task_mapping': {'task-3': 0, 'task-8': 1}}
INFO:root:subproblem objective was non-negative; ending the iteration.
INFO:root:master model solution is not integer
WARNING:root:Master model reconstruction 0.902056 vs MM relaxation 0.882595
INFO:root:branching
fixed_task_mapping={'task-1': 0, 'task-4': 0, 'task-6': 0, 'task-0': 0}
INFO:root:PATTERNS 26
INFO:root:    {'cost': 101.66271456946787, 'length': 71, 'task_mapping': {'task-2': 0, 'task-3': 1}}
INFO:root:    {'cost': 143.31763912896457, 'length': 97, 'task_mapping': {'task-5': 0, 'task-8': 1}}
INFO:root:    {'cost': 43.37183713846428, 'length': 41, 'task_mapping': {'task-0': 0}}
INFO:root:    {'cost': 72.37605925074004, 'length': 46, 'task_mapping': {'task-7': 1, 'task-9': 0}}
INFO:root:    {'cost': 13.564266057010329, 'length': 38, 'task_mapping': {'task-4': 0}}
INFO:root:    {'cost': 19.45835445896988, 'length': 29, 'task_mapping': {'task-1': 0}}
INFO:root:    {'cost': 22.115777060203, 'length': 39, 'task_mapping': {'task-6': 0}}
INFO:root:    {'cost': 118.11507162467612, 'length': 63, 'task_mapping': {'task-3': 1, 'task-5': 0}}
INFO:root:    {'cost': 124.14020714014426, 'length': 97, 'task_mapping': {'task-2': 0, 'task-8': 1}}
INFO:root:    {'cost': 103.20618318139323, 'length': 57, 'task_mapping': {'task-5': 0, 'task-7': 1}}
INFO:root:    {'cost': 134.49830675012453, 'length': 96, 'task_mapping': {'task-2': 0, 'task-5': 1}}
INFO:root:    {'cost': 54.47993564353655, 'length': 63, 'task_mapping': {'task-3': 1, 'task-6': 0}}
INFO:root:    {'cost': 53.37311207316035, 'length': 63, 'task_mapping': {'task-1': 0, 'task-3': 1}}
INFO:root:    {'cost': 32.628276972047516, 'length': 46, 'task_mapping': {'task-4': 0, 'task-7': 1}}
INFO:root:    {'cost': 55.22625297506633, 'length': 45, 'task_mapping': {'task-9': 0}}
INFO:root:    {'cost': 91.43079237873216, 'length': 71, 'task_mapping': {'task-2': 0, 'task-7': 1}}
INFO:root:    {'cost': 136.3791763848782, 'length': 96, 'task_mapping': {'task-5': 1, 'task-6': 0}}
INFO:root:    {'cost': 95.75339380789579, 'length': 97, 'task_mapping': {'task-8': 1}}
INFO:root:    {'cost': 39.56620091633991, 'length': 46, 'task_mapping': {'task-1': 0, 'task-7': 1}}
INFO:root:    {'cost': 76.06227173541137, 'length': 49, 'task_mapping': {'task-3': 0}}
INFO:root:    {'cost': 140.42495844950682, 'length': 58, 'task_mapping': {'task-5': 0, 'task-9': 1}}
INFO:root:    {'cost': 148.38771129660188, 'length': 80, 'task_mapping': {'task-0': 0, 'task-2': 1}}
INFO:root:    {'cost': 97.29468110208464, 'length': 97, 'task_mapping': {'task-4': 0, 'task-8': 1}}
INFO:root:    {'cost': 100.43941693193646, 'length': 80, 'task_mapping': {'task-2': 1, 'task-6': 0}}
INFO:root:    {'cost': 136.7222339090746, 'length': 96, 'task_mapping': {'task-1': 0, 'task-5': 1}}
INFO:root:    {'cost': 138.86556763286296, 'length': 97, 'task_mapping': {'task-3': 0, 'task-8': 1}}
INFO:root:subproblem objective was non-negative; ending the iteration.
INFO:root:master model solution is not integer
WARNING:root:Master model reconstruction 0.902056 vs MM relaxation 0.882595
INFO:root:branching
fixed_task_mapping={'task-1': 0, 'task-4': 0, 'task-6': 0, 'task-0': 0, 'task-9': 0}
INFO:root:PATTERNS 27
INFO:root:    {'cost': 101.66271456946787, 'length': 71, 'task_mapping': {'task-2': 0, 'task-3': 1}}
INFO:root:    {'cost': 143.31763912896457, 'length': 97, 'task_mapping': {'task-5': 0, 'task-8': 1}}
INFO:root:    {'cost': 43.37183713846428, 'length': 41, 'task_mapping': {'task-0': 0}}
INFO:root:    {'cost': 72.37605925074004, 'length': 46, 'task_mapping': {'task-7': 1, 'task-9': 0}}
INFO:root:    {'cost': 13.564266057010329, 'length': 38, 'task_mapping': {'task-4': 0}}
INFO:root:    {'cost': 19.45835445896988, 'length': 29, 'task_mapping': {'task-1': 0}}
INFO:root:    {'cost': 22.115777060203, 'length': 39, 'task_mapping': {'task-6': 0}}
INFO:root:    {'cost': 118.11507162467612, 'length': 63, 'task_mapping': {'task-3': 1, 'task-5': 0}}
INFO:root:    {'cost': 124.14020714014426, 'length': 97, 'task_mapping': {'task-2': 0, 'task-8': 1}}
INFO:root:    {'cost': 103.20618318139323, 'length': 57, 'task_mapping': {'task-5': 0, 'task-7': 1}}
INFO:root:    {'cost': 134.49830675012453, 'length': 96, 'task_mapping': {'task-2': 0, 'task-5': 1}}
INFO:root:    {'cost': 54.47993564353655, 'length': 63, 'task_mapping': {'task-3': 1, 'task-6': 0}}
INFO:root:    {'cost': 53.37311207316035, 'length': 63, 'task_mapping': {'task-1': 0, 'task-3': 1}}
INFO:root:    {'cost': 32.628276972047516, 'length': 46, 'task_mapping': {'task-4': 0, 'task-7': 1}}
INFO:root:    {'cost': 55.22625297506633, 'length': 45, 'task_mapping': {'task-9': 0}}
INFO:root:    {'cost': 91.43079237873216, 'length': 71, 'task_mapping': {'task-2': 0, 'task-7': 1}}
INFO:root:    {'cost': 136.3791763848782, 'length': 96, 'task_mapping': {'task-5': 1, 'task-6': 0}}
INFO:root:    {'cost': 95.75339380789579, 'length': 97, 'task_mapping': {'task-8': 1}}
INFO:root:    {'cost': 39.56620091633991, 'length': 46, 'task_mapping': {'task-1': 0, 'task-7': 1}}
INFO:root:    {'cost': 76.06227173541137, 'length': 49, 'task_mapping': {'task-3': 0}}
INFO:root:    {'cost': 148.38771129660188, 'length': 80, 'task_mapping': {'task-0': 0, 'task-2': 1}}
INFO:root:    {'cost': 97.29468110208464, 'length': 97, 'task_mapping': {'task-4': 0, 'task-8': 1}}
INFO:root:    {'cost': 100.43941693193646, 'length': 80, 'task_mapping': {'task-2': 1, 'task-6': 0}}
INFO:root:    {'cost': 136.7222339090746, 'length': 96, 'task_mapping': {'task-1': 0, 'task-5': 1}}
INFO:root:    {'cost': 138.86556763286296, 'length': 97, 'task_mapping': {'task-3': 0, 'task-8': 1}}
INFO:root:    {'cost': 74.89793488744687, 'length': 71, 'task_mapping': {'task-2': 0}}
INFO:root:    {'cost': 123.1935169734698, 'length': 76, 'task_mapping': {'task-3': 1, 'task-7': 0}}
INFO:root:subproblem objective was non-negative; ending the iteration.
INFO:root:master model solution is not integer
WARNING:root:Master model reconstruction 0.902056 vs MM relaxation 0.882595
INFO:root:branching
fixed_task_mapping={'task-1': 0, 'task-4': 0, 'task-6': 0, 'task-0': 0, 'task-9': 0, 'task-3': 1}
INFO:root:PATTERNS 26
INFO:root:    {'cost': 101.66271456946787, 'length': 71, 'task_mapping': {'task-2': 0, 'task-3': 1}}
INFO:root:    {'cost': 143.31763912896457, 'length': 97, 'task_mapping': {'task-5': 0, 'task-8': 1}}
INFO:root:    {'cost': 43.37183713846428, 'length': 41, 'task_mapping': {'task-0': 0}}
INFO:root:    {'cost': 72.37605925074004, 'length': 46, 'task_mapping': {'task-7': 1, 'task-9': 0}}
INFO:root:    {'cost': 13.564266057010329, 'length': 38, 'task_mapping': {'task-4': 0}}
INFO:root:    {'cost': 19.45835445896988, 'length': 29, 'task_mapping': {'task-1': 0}}
INFO:root:    {'cost': 22.115777060203, 'length': 39, 'task_mapping': {'task-6': 0}}
INFO:root:    {'cost': 118.11507162467612, 'length': 63, 'task_mapping': {'task-3': 1, 'task-5': 0}}
INFO:root:    {'cost': 124.14020714014426, 'length': 97, 'task_mapping': {'task-2': 0, 'task-8': 1}}
INFO:root:    {'cost': 103.20618318139323, 'length': 57, 'task_mapping': {'task-5': 0, 'task-7': 1}}
INFO:root:    {'cost': 134.49830675012453, 'length': 96, 'task_mapping': {'task-2': 0, 'task-5': 1}}
INFO:root:    {'cost': 54.47993564353655, 'length': 63, 'task_mapping': {'task-3': 1, 'task-6': 0}}
INFO:root:    {'cost': 53.37311207316035, 'length': 63, 'task_mapping': {'task-1': 0, 'task-3': 1}}
INFO:root:    {'cost': 32.628276972047516, 'length': 46, 'task_mapping': {'task-4': 0, 'task-7': 1}}
INFO:root:    {'cost': 55.22625297506633, 'length': 45, 'task_mapping': {'task-9': 0}}
INFO:root:    {'cost': 91.43079237873216, 'length': 71, 'task_mapping': {'task-2': 0, 'task-7': 1}}
INFO:root:    {'cost': 136.3791763848782, 'length': 96, 'task_mapping': {'task-5': 1, 'task-6': 0}}
INFO:root:    {'cost': 95.75339380789579, 'length': 97, 'task_mapping': {'task-8': 1}}
INFO:root:    {'cost': 39.56620091633991, 'length': 46, 'task_mapping': {'task-1': 0, 'task-7': 1}}
INFO:root:    {'cost': 148.38771129660188, 'length': 80, 'task_mapping': {'task-0': 0, 'task-2': 1}}
INFO:root:    {'cost': 97.29468110208464, 'length': 97, 'task_mapping': {'task-4': 0, 'task-8': 1}}
INFO:root:    {'cost': 100.43941693193646, 'length': 80, 'task_mapping': {'task-2': 1, 'task-6': 0}}
INFO:root:    {'cost': 136.7222339090746, 'length': 96, 'task_mapping': {'task-1': 0, 'task-5': 1}}
INFO:root:    {'cost': 74.89793488744687, 'length': 71, 'task_mapping': {'task-2': 0}}
INFO:root:    {'cost': 123.1935169734698, 'length': 76, 'task_mapping': {'task-3': 1, 'task-7': 0}}
INFO:root:    {'cost': 174.99586080746644, 'length': 96, 'task_mapping': {'task-5': 1, 'task-7': 0}}
INFO:root:subproblem objective was non-negative; ending the iteration.
INFO:root:master model solution is not integer
WARNING:root:Master model reconstruction 0.902056 vs MM relaxation 0.882595
INFO:root:branching
fixed_task_mapping={'task-1': 0, 'task-4': 0, 'task-6': 0, 'task-0': 0, 'task-9': 0, 'task-3': 1, 'task-5': 1}
INFO:root:PATTERNS 23
INFO:root:    {'cost': 101.66271456946787, 'length': 71, 'task_mapping': {'task-2': 0, 'task-3': 1}}
INFO:root:    {'cost': 43.37183713846428, 'length': 41, 'task_mapping': {'task-0': 0}}
INFO:root:    {'cost': 72.37605925074004, 'length': 46, 'task_mapping': {'task-7': 1, 'task-9': 0}}
INFO:root:    {'cost': 13.564266057010329, 'length': 38, 'task_mapping': {'task-4': 0}}
INFO:root:    {'cost': 19.45835445896988, 'length': 29, 'task_mapping': {'task-1': 0}}
INFO:root:    {'cost': 22.115777060203, 'length': 39, 'task_mapping': {'task-6': 0}}
INFO:root:    {'cost': 124.14020714014426, 'length': 97, 'task_mapping': {'task-2': 0, 'task-8': 1}}
INFO:root:    {'cost': 134.49830675012453, 'length': 96, 'task_mapping': {'task-2': 0, 'task-5': 1}}
INFO:root:    {'cost': 54.47993564353655, 'length': 63, 'task_mapping': {'task-3': 1, 'task-6': 0}}
INFO:root:    {'cost': 53.37311207316035, 'length': 63, 'task_mapping': {'task-1': 0, 'task-3': 1}}
INFO:root:    {'cost': 32.628276972047516, 'length': 46, 'task_mapping': {'task-4': 0, 'task-7': 1}}
INFO:root:    {'cost': 55.22625297506633, 'length': 45, 'task_mapping': {'task-9': 0}}
INFO:root:    {'cost': 91.43079237873216, 'length': 71, 'task_mapping': {'task-2': 0, 'task-7': 1}}
INFO:root:    {'cost': 136.3791763848782, 'length': 96, 'task_mapping': {'task-5': 1, 'task-6': 0}}
INFO:root:    {'cost': 95.75339380789579, 'length': 97, 'task_mapping': {'task-8': 1}}
INFO:root:    {'cost': 39.56620091633991, 'length': 46, 'task_mapping': {'task-1': 0, 'task-7': 1}}
INFO:root:    {'cost': 148.38771129660188, 'length': 80, 'task_mapping': {'task-0': 0, 'task-2': 1}}
INFO:root:    {'cost': 97.29468110208464, 'length': 97, 'task_mapping': {'task-4': 0, 'task-8': 1}}
INFO:root:    {'cost': 100.43941693193646, 'length': 80, 'task_mapping': {'task-2': 1, 'task-6': 0}}
INFO:root:    {'cost': 136.7222339090746, 'length': 96, 'task_mapping': {'task-1': 0, 'task-5': 1}}
INFO:root:    {'cost': 74.89793488744687, 'length': 71, 'task_mapping': {'task-2': 0}}
INFO:root:    {'cost': 123.1935169734698, 'length': 76, 'task_mapping': {'task-3': 1, 'task-7': 0}}
INFO:root:    {'cost': 174.99586080746644, 'length': 96, 'task_mapping': {'task-5': 1, 'task-7': 0}}
INFO:root:  found pattern {'cost': 131.24185454897685, 'length': 96, 'task_mapping': {'task-0': 0, 'task-5': 1}}, -27.943980945019632
INFO:root:  found pattern {'cost': 123.21695148548406, 'length': 97, 'task_mapping': {'task-8': 1, 'task-9': 0}}, -13.825511895293303
INFO:root:subproblem objective was non-negative; ending the iteration.
INFO:root:best objective was updated to: 0.890073
INFO:root:branching
fixed_task_mapping={'task-1': 0, 'task-4': 0, 'task-6': 0, 'task-0': 0, 'task-9': 0, 'task-3': 1, 'task-5': 0}
INFO:root:PATTERNS 24
INFO:root:    {'cost': 101.66271456946787, 'length': 71, 'task_mapping': {'task-2': 0, 'task-3': 1}}
INFO:root:    {'cost': 143.31763912896457, 'length': 97, 'task_mapping': {'task-5': 0, 'task-8': 1}}
INFO:root:    {'cost': 43.37183713846428, 'length': 41, 'task_mapping': {'task-0': 0}}
INFO:root:    {'cost': 72.37605925074004, 'length': 46, 'task_mapping': {'task-7': 1, 'task-9': 0}}
INFO:root:    {'cost': 13.564266057010329, 'length': 38, 'task_mapping': {'task-4': 0}}
INFO:root:    {'cost': 19.45835445896988, 'length': 29, 'task_mapping': {'task-1': 0}}
INFO:root:    {'cost': 22.115777060203, 'length': 39, 'task_mapping': {'task-6': 0}}
INFO:root:    {'cost': 118.11507162467612, 'length': 63, 'task_mapping': {'task-3': 1, 'task-5': 0}}
INFO:root:    {'cost': 124.14020714014426, 'length': 97, 'task_mapping': {'task-2': 0, 'task-8': 1}}
INFO:root:    {'cost': 103.20618318139323, 'length': 57, 'task_mapping': {'task-5': 0, 'task-7': 1}}
INFO:root:    {'cost': 54.47993564353655, 'length': 63, 'task_mapping': {'task-3': 1, 'task-6': 0}}
INFO:root:    {'cost': 53.37311207316035, 'length': 63, 'task_mapping': {'task-1': 0, 'task-3': 1}}
INFO:root:    {'cost': 32.628276972047516, 'length': 46, 'task_mapping': {'task-4': 0, 'task-7': 1}}
INFO:root:    {'cost': 55.22625297506633, 'length': 45, 'task_mapping': {'task-9': 0}}
INFO:root:    {'cost': 91.43079237873216, 'length': 71, 'task_mapping': {'task-2': 0, 'task-7': 1}}
INFO:root:    {'cost': 95.75339380789579, 'length': 97, 'task_mapping': {'task-8': 1}}
INFO:root:    {'cost': 39.56620091633991, 'length': 46, 'task_mapping': {'task-1': 0, 'task-7': 1}}
INFO:root:    {'cost': 148.38771129660188, 'length': 80, 'task_mapping': {'task-0': 0, 'task-2': 1}}
INFO:root:    {'cost': 97.29468110208464, 'length': 97, 'task_mapping': {'task-4': 0, 'task-8': 1}}
INFO:root:    {'cost': 100.43941693193646, 'length': 80, 'task_mapping': {'task-2': 1, 'task-6': 0}}
INFO:root:    {'cost': 74.89793488744687, 'length': 71, 'task_mapping': {'task-2': 0}}
INFO:root:    {'cost': 123.1935169734698, 'length': 76, 'task_mapping': {'task-3': 1, 'task-7': 0}}
INFO:root:    {'cost': 86.67332569010793, 'length': 57, 'task_mapping': {'task-5': 0}}
INFO:root:    {'cost': 93.09611077607856, 'length': 63, 'task_mapping': {'task-3': 1, 'task-9': 0}}
INFO:root:Relaxation 0.9020558356554756 is worse than best obj 0.8900734987961283
INFO:root:subproblem objective was non-negative; ending the iteration.
INFO:root:master model solution (0.902056) is pruned by best-so-far solution (0.890073).
INFO:root:branching
fixed_task_mapping={'task-1': 0, 'task-4': 0, 'task-6': 0, 'task-0': 0, 'task-9': 0, 'task-3': 0}
INFO:root:PATTERNS 24
INFO:root:    {'cost': 143.31763912896457, 'length': 97, 'task_mapping': {'task-5': 0, 'task-8': 1}}
INFO:root:    {'cost': 43.37183713846428, 'length': 41, 'task_mapping': {'task-0': 0}}
INFO:root:    {'cost': 72.37605925074004, 'length': 46, 'task_mapping': {'task-7': 1, 'task-9': 0}}
INFO:root:    {'cost': 13.564266057010329, 'length': 38, 'task_mapping': {'task-4': 0}}
INFO:root:    {'cost': 19.45835445896988, 'length': 29, 'task_mapping': {'task-1': 0}}
INFO:root:    {'cost': 22.115777060203, 'length': 39, 'task_mapping': {'task-6': 0}}
INFO:root:    {'cost': 124.14020714014426, 'length': 97, 'task_mapping': {'task-2': 0, 'task-8': 1}}
INFO:root:    {'cost': 103.20618318139323, 'length': 57, 'task_mapping': {'task-5': 0, 'task-7': 1}}
INFO:root:    {'cost': 134.49830675012453, 'length': 96, 'task_mapping': {'task-2': 0, 'task-5': 1}}
INFO:root:    {'cost': 32.628276972047516, 'length': 46, 'task_mapping': {'task-4': 0, 'task-7': 1}}
INFO:root:    {'cost': 55.22625297506633, 'length': 45, 'task_mapping': {'task-9': 0}}
INFO:root:    {'cost': 91.43079237873216, 'length': 71, 'task_mapping': {'task-2': 0, 'task-7': 1}}
INFO:root:    {'cost': 136.3791763848782, 'length': 96, 'task_mapping': {'task-5': 1, 'task-6': 0}}
INFO:root:    {'cost': 95.75339380789579, 'length': 97, 'task_mapping': {'task-8': 1}}
INFO:root:    {'cost': 39.56620091633991, 'length': 46, 'task_mapping': {'task-1': 0, 'task-7': 1}}
INFO:root:    {'cost': 76.06227173541137, 'length': 49, 'task_mapping': {'task-3': 0}}
INFO:root:    {'cost': 148.38771129660188, 'length': 80, 'task_mapping': {'task-0': 0, 'task-2': 1}}
INFO:root:    {'cost': 97.29468110208464, 'length': 97, 'task_mapping': {'task-4': 0, 'task-8': 1}}
INFO:root:    {'cost': 100.43941693193646, 'length': 80, 'task_mapping': {'task-2': 1, 'task-6': 0}}
INFO:root:    {'cost': 136.7222339090746, 'length': 96, 'task_mapping': {'task-1': 0, 'task-5': 1}}
INFO:root:    {'cost': 138.86556763286296, 'length': 97, 'task_mapping': {'task-3': 0, 'task-8': 1}}
INFO:root:    {'cost': 74.89793488744687, 'length': 71, 'task_mapping': {'task-2': 0}}
INFO:root:    {'cost': 92.59512922669668, 'length': 49, 'task_mapping': {'task-3': 0, 'task-7': 1}}
INFO:root:    {'cost': 173.35973057353004, 'length': 80, 'task_mapping': {'task-2': 1, 'task-5': 0}}
INFO:root:Relaxation 0.9699785335117358 is worse than best obj 0.8900734987961283
INFO:root:subproblem objective was non-negative; ending the iteration.
INFO:root:master model solution (0.969979) is pruned by best-so-far solution (0.890073).
INFO:root:branching
fixed_task_mapping={'task-1': 0, 'task-4': 0, 'task-6': 0, 'task-0': 0, 'task-9': 1}
INFO:root:PATTERNS 27
INFO:root:    {'cost': 101.66271456946787, 'length': 71, 'task_mapping': {'task-2': 0, 'task-3': 1}}
INFO:root:    {'cost': 143.31763912896457, 'length': 97, 'task_mapping': {'task-5': 0, 'task-8': 1}}
INFO:root:    {'cost': 43.37183713846428, 'length': 41, 'task_mapping': {'task-0': 0}}
INFO:root:    {'cost': 13.564266057010329, 'length': 38, 'task_mapping': {'task-4': 0}}
INFO:root:    {'cost': 19.45835445896988, 'length': 29, 'task_mapping': {'task-1': 0}}
INFO:root:    {'cost': 22.115777060203, 'length': 39, 'task_mapping': {'task-6': 0}}
INFO:root:    {'cost': 118.11507162467612, 'length': 63, 'task_mapping': {'task-3': 1, 'task-5': 0}}
INFO:root:    {'cost': 124.14020714014426, 'length': 97, 'task_mapping': {'task-2': 0, 'task-8': 1}}
INFO:root:    {'cost': 103.20618318139323, 'length': 57, 'task_mapping': {'task-5': 0, 'task-7': 1}}
INFO:root:    {'cost': 134.49830675012453, 'length': 96, 'task_mapping': {'task-2': 0, 'task-5': 1}}
INFO:root:    {'cost': 54.47993564353655, 'length': 63, 'task_mapping': {'task-3': 1, 'task-6': 0}}
INFO:root:    {'cost': 53.37311207316035, 'length': 63, 'task_mapping': {'task-1': 0, 'task-3': 1}}
INFO:root:    {'cost': 32.628276972047516, 'length': 46, 'task_mapping': {'task-4': 0, 'task-7': 1}}
INFO:root:    {'cost': 91.43079237873216, 'length': 71, 'task_mapping': {'task-2': 0, 'task-7': 1}}
INFO:root:    {'cost': 136.3791763848782, 'length': 96, 'task_mapping': {'task-5': 1, 'task-6': 0}}
INFO:root:    {'cost': 95.75339380789579, 'length': 97, 'task_mapping': {'task-8': 1}}
INFO:root:    {'cost': 39.56620091633991, 'length': 46, 'task_mapping': {'task-1': 0, 'task-7': 1}}
INFO:root:    {'cost': 76.06227173541137, 'length': 49, 'task_mapping': {'task-3': 0}}
INFO:root:    {'cost': 140.42495844950682, 'length': 58, 'task_mapping': {'task-5': 0, 'task-9': 1}}
INFO:root:    {'cost': 148.38771129660188, 'length': 80, 'task_mapping': {'task-0': 0, 'task-2': 1}}
INFO:root:    {'cost': 97.29468110208464, 'length': 97, 'task_mapping': {'task-4': 0, 'task-8': 1}}
INFO:root:    {'cost': 100.43941693193646, 'length': 80, 'task_mapping': {'task-2': 1, 'task-6': 0}}
INFO:root:    {'cost': 136.7222339090746, 'length': 96, 'task_mapping': {'task-1': 0, 'task-5': 1}}
INFO:root:    {'cost': 138.86556763286296, 'length': 97, 'task_mapping': {'task-3': 0, 'task-8': 1}}
INFO:root:    {'cost': 92.59512922669668, 'length': 49, 'task_mapping': {'task-3': 0, 'task-7': 1}}
INFO:root:    {'cost': 98.18281215859719, 'length': 58, 'task_mapping': {'task-9': 1}}
INFO:root:    {'cost': 124.90367733349694, 'length': 96, 'task_mapping': {'task-4': 0, 'task-5': 1}}
INFO:root:  found pattern {'cost': 120.93639619736821, 'length': 71, 'task_mapping': {'task-2': 0, 'task-9': 1}}, -20.486169412568984
INFO:root:  found pattern {'cost': 103.43743298196738, 'length': 58, 'task_mapping': {'task-0': 0, 'task-9': 1}}, -3.210362973213016
INFO:root:  found pattern {'cost': 19.707353326095834, 'length': 46, 'task_mapping': {'task-7': 1}}, -0.4004931312741995
INFO:root:Relaxation 0.8973407785286855 is worse than best obj 0.8900734987961283
INFO:root:subproblem objective was non-negative; ending the iteration.
INFO:root:master model solution (0.897341) is pruned by best-so-far solution (0.890073).
INFO:root:branching
fixed_task_mapping={'task-1': 0, 'task-4': 0, 'task-6': 0, 'task-0': 1}
INFO:root:PATTERNS 27
INFO:root:    {'cost': 101.66271456946787, 'length': 71, 'task_mapping': {'task-2': 0, 'task-3': 1}}
INFO:root:    {'cost': 143.31763912896457, 'length': 97, 'task_mapping': {'task-5': 0, 'task-8': 1}}
INFO:root:    {'cost': 72.37605925074004, 'length': 46, 'task_mapping': {'task-7': 1, 'task-9': 0}}
INFO:root:    {'cost': 13.564266057010329, 'length': 38, 'task_mapping': {'task-4': 0}}
INFO:root:    {'cost': 19.45835445896988, 'length': 29, 'task_mapping': {'task-1': 0}}
INFO:root:    {'cost': 22.115777060203, 'length': 39, 'task_mapping': {'task-6': 0}}
INFO:root:    {'cost': 118.11507162467612, 'length': 63, 'task_mapping': {'task-3': 1, 'task-5': 0}}
INFO:root:    {'cost': 124.14020714014426, 'length': 97, 'task_mapping': {'task-2': 0, 'task-8': 1}}
INFO:root:    {'cost': 103.20618318139323, 'length': 57, 'task_mapping': {'task-5': 0, 'task-7': 1}}
INFO:root:    {'cost': 134.49830675012453, 'length': 96, 'task_mapping': {'task-2': 0, 'task-5': 1}}
INFO:root:    {'cost': 54.47993564353655, 'length': 63, 'task_mapping': {'task-3': 1, 'task-6': 0}}
INFO:root:    {'cost': 53.37311207316035, 'length': 63, 'task_mapping': {'task-1': 0, 'task-3': 1}}
INFO:root:    {'cost': 32.628276972047516, 'length': 46, 'task_mapping': {'task-4': 0, 'task-7': 1}}
INFO:root:    {'cost': 55.22625297506633, 'length': 45, 'task_mapping': {'task-9': 0}}
INFO:root:    {'cost': 91.43079237873216, 'length': 71, 'task_mapping': {'task-2': 0, 'task-7': 1}}
INFO:root:    {'cost': 136.3791763848782, 'length': 96, 'task_mapping': {'task-5': 1, 'task-6': 0}}
INFO:root:    {'cost': 95.75339380789579, 'length': 97, 'task_mapping': {'task-8': 1}}
INFO:root:    {'cost': 39.56620091633991, 'length': 46, 'task_mapping': {'task-1': 0, 'task-7': 1}}
INFO:root:    {'cost': 76.06227173541137, 'length': 49, 'task_mapping': {'task-3': 0}}
INFO:root:    {'cost': 140.42495844950682, 'length': 58, 'task_mapping': {'task-5': 0, 'task-9': 1}}
INFO:root:    {'cost': 97.29468110208464, 'length': 97, 'task_mapping': {'task-4': 0, 'task-8': 1}}
INFO:root:    {'cost': 100.43941693193646, 'length': 80, 'task_mapping': {'task-2': 1, 'task-6': 0}}
INFO:root:    {'cost': 136.7222339090746, 'length': 96, 'task_mapping': {'task-1': 0, 'task-5': 1}}
INFO:root:    {'cost': 138.86556763286296, 'length': 97, 'task_mapping': {'task-3': 0, 'task-8': 1}}
INFO:root:    {'cost': 98.18281215859719, 'length': 58, 'task_mapping': {'task-9': 1}}
INFO:root:    {'cost': 167.54441714659563, 'length': 80, 'task_mapping': {'task-2': 1, 'task-7': 0}}
INFO:root:    {'cost': 203.39999403405076, 'length': 99, 'task_mapping': {'task-0': 1, 'task-8': 0}}
INFO:root:  found pattern {'cost': 129.32669647132798, 'length': 76, 'task_mapping': {'task-0': 1, 'task-2': 0}}, -143.37185354885713
INFO:root:  found pattern {'cost': 79.82472479548801, 'length': 76, 'task_mapping': {'task-0': 1, 'task-4': 0}}, -53.40912025049882
INFO:root:  found pattern {'cost': 91.30022384686927, 'length': 76, 'task_mapping': {'task-0': 1, 'task-6': 0}}, -0.9312132731526752
INFO:root:  found pattern {'cost': 19.707353326095834, 'length': 46, 'task_mapping': {'task-7': 1}}, -0.4004931312742048
INFO:root:Relaxation 0.9325701979439982 is worse than best obj 0.8900734987961283
INFO:root:subproblem objective was non-negative; ending the iteration.
INFO:root:master model solution (0.932570) is pruned by best-so-far solution (0.890073).
INFO:root:branching
fixed_task_mapping={'task-1': 0, 'task-4': 0, 'task-6': 1}
INFO:root:PATTERNS 22
INFO:root:    {'cost': 101.66271456946787, 'length': 71, 'task_mapping': {'task-2': 0, 'task-3': 1}}
INFO:root:    {'cost': 143.31763912896457, 'length': 97, 'task_mapping': {'task-5': 0, 'task-8': 1}}
INFO:root:    {'cost': 43.37183713846428, 'length': 41, 'task_mapping': {'task-0': 0}}
INFO:root:    {'cost': 72.37605925074004, 'length': 46, 'task_mapping': {'task-7': 1, 'task-9': 0}}
INFO:root:    {'cost': 13.564266057010329, 'length': 38, 'task_mapping': {'task-4': 0}}
INFO:root:    {'cost': 19.45835445896988, 'length': 29, 'task_mapping': {'task-1': 0}}
INFO:root:    {'cost': 118.11507162467612, 'length': 63, 'task_mapping': {'task-3': 1, 'task-5': 0}}
INFO:root:    {'cost': 124.14020714014426, 'length': 97, 'task_mapping': {'task-2': 0, 'task-8': 1}}
INFO:root:    {'cost': 103.20618318139323, 'length': 57, 'task_mapping': {'task-5': 0, 'task-7': 1}}
INFO:root:    {'cost': 134.49830675012453, 'length': 96, 'task_mapping': {'task-2': 0, 'task-5': 1}}
INFO:root:    {'cost': 53.37311207316035, 'length': 63, 'task_mapping': {'task-1': 0, 'task-3': 1}}
INFO:root:    {'cost': 32.628276972047516, 'length': 46, 'task_mapping': {'task-4': 0, 'task-7': 1}}
INFO:root:    {'cost': 55.22625297506633, 'length': 45, 'task_mapping': {'task-9': 0}}
INFO:root:    {'cost': 91.43079237873216, 'length': 71, 'task_mapping': {'task-2': 0, 'task-7': 1}}
INFO:root:    {'cost': 95.75339380789579, 'length': 97, 'task_mapping': {'task-8': 1}}
INFO:root:    {'cost': 39.56620091633991, 'length': 46, 'task_mapping': {'task-1': 0, 'task-7': 1}}
INFO:root:    {'cost': 76.06227173541137, 'length': 49, 'task_mapping': {'task-3': 0}}
INFO:root:    {'cost': 140.42495844950682, 'length': 58, 'task_mapping': {'task-5': 0, 'task-9': 1}}
INFO:root:    {'cost': 148.38771129660188, 'length': 80, 'task_mapping': {'task-0': 0, 'task-2': 1}}
INFO:root:    {'cost': 97.29468110208464, 'length': 97, 'task_mapping': {'task-4': 0, 'task-8': 1}}
INFO:root:    {'cost': 103.43743298196738, 'length': 58, 'task_mapping': {'task-0': 0, 'task-9': 1}}
INFO:root:    {'cost': 140.578814303588, 'length': 76, 'task_mapping': {'task-6': 1, 'task-7': 0}}
INFO:root:  found pattern {'cost': 114.18310081252716, 'length': 69, 'task_mapping': {'task-6': 1, 'task-9': 0}}, -81.62196646612719
INFO:root:  found pattern {'cost': 119.04801189958607, 'length': 71, 'task_mapping': {'task-2': 0, 'task-6': 1}}, -52.7955262935935
INFO:root:  found pattern {'cost': 48.23890018825598, 'length': 63, 'task_mapping': {'task-3': 1, 'task-4': 0}}, -6.086046081848387
INFO:root:  found pattern {'cost': 53.37311207316035, 'length': 63, 'task_mapping': {'task-1': 0, 'task-3': 1}}, -1.2763985591648357
INFO:root:Relaxation 0.9705991342921746 is worse than best obj 0.8900734987961283
INFO:root:subproblem objective was non-negative; ending the iteration.
INFO:root:master model solution (0.970599) is pruned by best-so-far solution (0.890073).
INFO:root:branching
fixed_task_mapping={'task-1': 0, 'task-4': 1}
INFO:root:PATTERNS 22
INFO:root:    {'cost': 101.66271456946787, 'length': 71, 'task_mapping': {'task-2': 0, 'task-3': 1}}
INFO:root:    {'cost': 143.31763912896457, 'length': 97, 'task_mapping': {'task-5': 0, 'task-8': 1}}
INFO:root:    {'cost': 43.37183713846428, 'length': 41, 'task_mapping': {'task-0': 0}}
INFO:root:    {'cost': 72.37605925074004, 'length': 46, 'task_mapping': {'task-7': 1, 'task-9': 0}}
INFO:root:    {'cost': 19.45835445896988, 'length': 29, 'task_mapping': {'task-1': 0}}
INFO:root:    {'cost': 22.115777060203, 'length': 39, 'task_mapping': {'task-6': 0}}
INFO:root:    {'cost': 118.11507162467612, 'length': 63, 'task_mapping': {'task-3': 1, 'task-5': 0}}
INFO:root:    {'cost': 124.14020714014426, 'length': 97, 'task_mapping': {'task-2': 0, 'task-8': 1}}
INFO:root:    {'cost': 103.20618318139323, 'length': 57, 'task_mapping': {'task-5': 0, 'task-7': 1}}
INFO:root:    {'cost': 134.49830675012453, 'length': 96, 'task_mapping': {'task-2': 0, 'task-5': 1}}
INFO:root:    {'cost': 54.47993564353655, 'length': 63, 'task_mapping': {'task-3': 1, 'task-6': 0}}
INFO:root:    {'cost': 53.37311207316035, 'length': 63, 'task_mapping': {'task-1': 0, 'task-3': 1}}
INFO:root:    {'cost': 55.22625297506633, 'length': 45, 'task_mapping': {'task-9': 0}}
INFO:root:    {'cost': 91.43079237873216, 'length': 71, 'task_mapping': {'task-2': 0, 'task-7': 1}}
INFO:root:    {'cost': 136.3791763848782, 'length': 96, 'task_mapping': {'task-5': 1, 'task-6': 0}}
INFO:root:    {'cost': 95.75339380789579, 'length': 97, 'task_mapping': {'task-8': 1}}
INFO:root:    {'cost': 76.06227173541137, 'length': 49, 'task_mapping': {'task-3': 0}}
INFO:root:    {'cost': 86.67332569010793, 'length': 57, 'task_mapping': {'task-5': 0}}
INFO:root:    {'cost': 107.34454270832072, 'length': 61, 'task_mapping': {'task-4': 1, 'task-9': 0}}
INFO:root:    {'cost': 140.578814303588, 'length': 76, 'task_mapping': {'task-6': 1, 'task-7': 0}}
INFO:root:    {'cost': 129.32669647132798, 'length': 76, 'task_mapping': {'task-0': 1, 'task-2': 0}}
INFO:root:    {'cost': 109.11323767766228, 'length': 97, 'task_mapping': {'task-1': 0, 'task-8': 1}}
INFO:root:  found pattern {'cost': 86.45062321917125, 'length': 61, 'task_mapping': {'task-0': 0, 'task-4': 1}}, -115.73529203902561
INFO:root:  found pattern {'cost': 19.707353326095834, 'length': 46, 'task_mapping': {'task-7': 1}}, -6.660960485824969
INFO:root:  found pattern {'cost': 54.47993564353655, 'length': 63, 'task_mapping': {'task-3': 1, 'task-6': 0}}, -1.5505990308569242
INFO:root:  found pattern {'cost': 40.28178673103779, 'length': 46, 'task_mapping': {'task-6': 0, 'task-7': 1}}, -1.541343655261043
INFO:root:  found pattern {'cost': 99.38295691201039, 'length': 71, 'task_mapping': {'task-2': 0, 'task-4': 1}}, -1.3562665493487458
INFO:root:  found pattern {'cost': 143.31763912896457, 'length': 97, 'task_mapping': {'task-5': 0, 'task-8': 1}}, -2.712533098697307
INFO:root:  found pattern {'cost': 43.37183713846428, 'length': 41, 'task_mapping': {'task-0': 0}}, -1.356266549348696
INFO:root:  found pattern {'cost': 99.38295691201039, 'length': 71, 'task_mapping': {'task-2': 0, 'task-4': 1}}, -1.3562665493487458
INFO:root:Relaxation 0.9440759443945103 is worse than best obj 0.8900734987961283
INFO:root:subproblem objective was non-negative; ending the iteration.
INFO:root:master model solution (0.944076) is pruned by best-so-far solution (0.890073).
INFO:root:branching
fixed_task_mapping={'task-1': 1}
INFO:root:PATTERNS 17
INFO:root:    {'cost': 101.66271456946787, 'length': 71, 'task_mapping': {'task-2': 0, 'task-3': 1}}
INFO:root:    {'cost': 143.31763912896457, 'length': 97, 'task_mapping': {'task-5': 0, 'task-8': 1}}
INFO:root:    {'cost': 43.37183713846428, 'length': 41, 'task_mapping': {'task-0': 0}}
INFO:root:    {'cost': 72.37605925074004, 'length': 46, 'task_mapping': {'task-7': 1, 'task-9': 0}}
INFO:root:    {'cost': 13.564266057010329, 'length': 38, 'task_mapping': {'task-4': 0}}
INFO:root:    {'cost': 22.115777060203, 'length': 39, 'task_mapping': {'task-6': 0}}
INFO:root:    {'cost': 118.11507162467612, 'length': 63, 'task_mapping': {'task-3': 1, 'task-5': 0}}
INFO:root:    {'cost': 124.14020714014426, 'length': 97, 'task_mapping': {'task-2': 0, 'task-8': 1}}
INFO:root:    {'cost': 103.20618318139323, 'length': 57, 'task_mapping': {'task-5': 0, 'task-7': 1}}
INFO:root:    {'cost': 134.49830675012453, 'length': 96, 'task_mapping': {'task-2': 0, 'task-5': 1}}
INFO:root:    {'cost': 54.47993564353655, 'length': 63, 'task_mapping': {'task-3': 1, 'task-6': 0}}
INFO:root:    {'cost': 32.628276972047516, 'length': 46, 'task_mapping': {'task-4': 0, 'task-7': 1}}
INFO:root:    {'cost': 64.55313564378544, 'length': 46, 'task_mapping': {'task-0': 0, 'task-7': 1}}
INFO:root:    {'cost': 37.884454201935085, 'length': 63, 'task_mapping': {'task-3': 1}}
INFO:root:    {'cost': 114.18310081252716, 'length': 69, 'task_mapping': {'task-6': 1, 'task-9': 0}}
INFO:root:    {'cost': 173.35973057353004, 'length': 80, 'task_mapping': {'task-2': 1, 'task-5': 0}}
INFO:root:    {'cost': 231.74117913491793, 'length': 99, 'task_mapping': {'task-1': 1, 'task-8': 0}}
INFO:root:  found pattern {'cost': 168.64222026334375, 'length': 88, 'task_mapping': {'task-1': 1, 'task-2': 0}}, -132.3975148577086
INFO:root:  found pattern {'cost': 119.81672412971182, 'length': 88, 'task_mapping': {'task-1': 1, 'task-4': 0}}, -31.869138056357244
INFO:root:  found pattern {'cost': 159.95235626720392, 'length': 88, 'task_mapping': {'task-1': 1, 'task-9': 0}}, -2.2241873609065976
INFO:root:  found pattern {'cost': 19.707353326095834, 'length': 46, 'task_mapping': {'task-7': 1}}, -1.4739451792253284
INFO:root:  found pattern {'cost': 48.23890018825598, 'length': 63, 'task_mapping': {'task-3': 1, 'task-4': 0}}, -2.1786278008312188
INFO:root:Relaxation 1.0721018180612867 is worse than best obj 0.8900734987961283
INFO:root:subproblem objective was non-negative; ending the iteration.
INFO:root:master model solution (1.072102) is pruned by best-so-far solution (0.890073).
INFO:root:search ended
INFO:root:solution quality 0.890073
