INFO:root:No path to initial data was provided.
INFO:root:timelimit was set to 600.000000
INFO:root:branching was set to: ON_SUPPORTS
INFO:root:no init data provided, trying the RecoveryModel
INFO:root:initial objective 0.969576
INFO:root:INIT OBJ 0.9695763130038304
INFO:root:branching
supports={}, non supports=[]
INFO:root:PATTERNS 6
INFO:root:    {'cost': 168.38485792638693, 'length': 76, 'task_mapping': {'task-1': 0, 'task-3': 1, 'task-5': 0}}
INFO:root:    {'cost': 53.678040112848336, 'length': 54, 'task_mapping': {'task-0': 1, 'task-2': 0, 'task-4': 0}}
INFO:root:    {'cost': 22.359922779510523, 'length': 13, 'task_mapping': {'task-9': 1}}
INFO:root:    {'cost': 4.37748786356727, 'length': 3, 'task_mapping': {'task-8': 1}}
INFO:root:    {'cost': 5.055079471869735, 'length': 3, 'task_mapping': {'task-7': 1}}
INFO:root:    {'cost': 9.86936898285906, 'length': 7, 'task_mapping': {'task-6': 0}}
INFO:root:  found pattern {'cost': 48.5157502047696, 'length': 43, 'task_mapping': {'task-2': 0, 'task-5': 0}}, -173.54714783446568
INFO:root:  found pattern {'cost': 94.62852629709352, 'length': 54, 'task_mapping': {'task-0': 1, 'task-1': 0, 'task-6': 0}}, -137.30374072500078
INFO:root:  found pattern {'cost': 55.66672428562445, 'length': 54, 'task_mapping': {'task-0': 1, 'task-3': 0}}, -166.3961737536109
INFO:root:  found pattern {'cost': 104.24088834784203, 'length': 52, 'task_mapping': {'task-1': 0, 'task-4': 0, 'task-9': 1}}, -35.99945798050972
INFO:root:  found pattern {'cost': 122.33451669015518, 'length': 52, 'task_mapping': {'task-1': 0, 'task-3': 0, 'task-6': 1}}, -27.96073389256282
INFO:root:  found pattern {'cost': 35.60355604303184, 'length': 54, 'task_mapping': {'task-0': 1, 'task-4': 0, 'task-5': 0}}, -54.119083901230184
INFO:root:  found pattern {'cost': 116.65794620482126, 'length': 52, 'task_mapping': {'task-1': 0, 'task-2': 0, 'task-9': 1}}, -14.475503251039939
INFO:root:  found pattern {'cost': 59.548609149811654, 'length': 51, 'task_mapping': {'task-3': 0, 'task-4': 0}}, -16.501038111368068
INFO:root:  found pattern {'cost': 34.48126680224599, 'length': 13, 'task_mapping': {'task-4': 0, 'task-6': 0, 'task-9': 1}}, -8.531750150216126
INFO:root:  found pattern {'cost': 77.91827361873055, 'length': 54, 'task_mapping': {'task-0': 1, 'task-2': 0, 'task-3': 0}}, -11.043567804186935
INFO:root:  found pattern {'cost': 128.48112185372423, 'length': 52, 'task_mapping': {'task-1': 0, 'task-3': 0, 'task-9': 1}}, -13.42281712399744
INFO:root:  found pattern {'cost': 12.842711251310739, 'length': 7, 'task_mapping': {'task-6': 0, 'task-7': 1}}, -2.081737203418056
INFO:root:  found pattern {'cost': 22.59307115606488, 'length': 9, 'task_mapping': {'task-4': 0, 'task-6': 0, 'task-7': 1}}, -3.0090381750408106
INFO:root:  found pattern {'cost': 66.1496203025125, 'length': 54, 'task_mapping': {'task-0': 1, 'task-3': 0, 'task-5': 0}}, -1.1126354967746401
INFO:root:  found pattern {'cost': 10.41077530531166, 'length': 9, 'task_mapping': {'task-4': 0}}, -1.0085378446044926
INFO:root:  found pattern {'cost': 110.5113410412522, 'length': 52, 'task_mapping': {'task-1': 0, 'task-2': 0, 'task-6': 1}}, -1.0085378446045254
INFO:root:subproblem objective was non-negative; ending the iteration.
INFO:root:best objective was updated to: 0.771243
INFO:root:search ended
INFO:root:solution quality 0.771243
