INFO:root:No path to initial data was provided.
INFO:root:timelimit was set to 600.000000
INFO:root:branching was set to: ON_TASKS
INFO:root:no init data provided, trying the RecoveryModel
INFO:root:initial objective 1.034331
INFO:root:INIT OBJ 1.0343306931291327
INFO:root:branching
fixed_task_mapping={}
INFO:root:PATTERNS 6
INFO:root:    {'cost': 14.97292074082727, 'length': 8, 'task_mapping': {'task-0': 1, 'task-7': 1}}
INFO:root:    {'cost': 153.47952666793242, 'length': 95, 'task_mapping': {'task-4': 1, 'task-5': 0}}
INFO:root:    {'cost': 111.9986502771497, 'length': 73, 'task_mapping': {'task-1': 0}}
INFO:root:    {'cost': 92.51576144648583, 'length': 43, 'task_mapping': {'task-3': 1, 'task-9': 0}}
INFO:root:    {'cost': 2.3908258245739686, 'length': 2, 'task_mapping': {'task-8': 1}}
INFO:root:    {'cost': 19.75663981835942, 'length': 24, 'task_mapping': {'task-2': 1, 'task-6': 1}}
INFO:root:  found pattern {'cost': 215.17540364459992, 'length': 94, 'task_mapping': {'task-1': 1, 'task-2': 1, 'task-3': 0, 'task-5': 0}}, -162.5751745653275
INFO:root:  found pattern {'cost': 229.19790726715485, 'length': 95, 'task_mapping': {'task-1': 1, 'task-4': 1, 'task-5': 0, 'task-9': 0}}, -128.79603112441336
INFO:root:  found pattern {'cost': 159.26847836662043, 'length': 95, 'task_mapping': {'task-1': 1, 'task-3': 0, 'task-4': 1}}, -115.50392874812903
INFO:root:  found pattern {'cost': 117.29802214133024, 'length': 77, 'task_mapping': {'task-3': 1, 'task-5': 1}}, -51.03498309107943
INFO:root:  found pattern {'cost': 178.3415658067852, 'length': 94, 'task_mapping': {'task-1': 1, 'task-3': 0, 'task-6': 1, 'task-9': 0}}, -31.80821696132989
INFO:root:  found pattern {'cost': 99.88802366809944, 'length': 43, 'task_mapping': {'task-3': 1, 'task-6': 1, 'task-9': 0}}, -12.384377596745827
INFO:root:  found pattern {'cost': 9.128958979754287, 'length': 6, 'task_mapping': {'task-0': 1, 'task-8': 1}}, -8.234787585646952
INFO:root:  found pattern {'cost': 52.49189898666381, 'length': 43, 'task_mapping': {'task-2': 1, 'task-3': 1}}, -6.520596839175886
INFO:root:  found pattern {'cost': 152.9239557541474, 'length': 95, 'task_mapping': {'task-1': 1, 'task-4': 1, 'task-9': 0}}, -3.9738983909770837
INFO:root:  found pattern {'cost': 17.01843674062575, 'length': 22, 'task_mapping': {'task-6': 1, 'task-7': 1}}, -10.97299066338061
INFO:root:  found pattern {'cost': 154.20542672721385, 'length': 94, 'task_mapping': {'task-1': 1, 'task-5': 1}}, -8.972915625682894
INFO:root:  found pattern {'cost': 146.25997752417607, 'length': 95, 'task_mapping': {'task-4': 1, 'task-5': 1}}, -7.219549143756382
INFO:root:  found pattern {'cost': 81.57499150134238, 'length': 77, 'task_mapping': {'task-2': 1, 'task-5': 1}}, -5.177112980085303
INFO:root:  found pattern {'cost': 113.18707744677951, 'length': 95, 'task_mapping': {'task-1': 1, 'task-4': 1}}, -1.973936106515076
INFO:root:  found pattern {'cost': 152.9239557541474, 'length': 95, 'task_mapping': {'task-1': 1, 'task-4': 1, 'task-9': 0}}, -3.0833941850034066
INFO:root:  found pattern {'cost': 8.137898879280815, 'length': 6, 'task_mapping': {'task-0': 1}}, -0.9910601004734723
INFO:root:subproblem objective was non-negative; ending the iteration.
INFO:root:master model solution is not integer
WARNING:root:Master model reconstruction 0.804561 vs MM relaxation 0.797785
INFO:root:Solution reconstructed from patterns (0.804561) better that best so far 1.034331
INFO:root:branching
fixed_task_mapping={'task-9': 1}
INFO:root:PATTERNS 20
INFO:root:    {'cost': 14.97292074082727, 'length': 8, 'task_mapping': {'task-0': 1, 'task-7': 1}}
INFO:root:    {'cost': 153.47952666793242, 'length': 95, 'task_mapping': {'task-4': 1, 'task-5': 0}}
INFO:root:    {'cost': 111.9986502771497, 'length': 73, 'task_mapping': {'task-1': 0}}
INFO:root:    {'cost': 2.3908258245739686, 'length': 2, 'task_mapping': {'task-8': 1}}
INFO:root:    {'cost': 19.75663981835942, 'length': 24, 'task_mapping': {'task-2': 1, 'task-6': 1}}
INFO:root:    {'cost': 215.17540364459992, 'length': 94, 'task_mapping': {'task-1': 1, 'task-2': 1, 'task-3': 0, 'task-5': 0}}
INFO:root:    {'cost': 159.26847836662043, 'length': 95, 'task_mapping': {'task-1': 1, 'task-3': 0, 'task-4': 1}}
INFO:root:    {'cost': 117.29802214133024, 'length': 77, 'task_mapping': {'task-3': 1, 'task-5': 1}}
INFO:root:    {'cost': 9.128958979754287, 'length': 6, 'task_mapping': {'task-0': 1, 'task-8': 1}}
INFO:root:    {'cost': 52.49189898666381, 'length': 43, 'task_mapping': {'task-2': 1, 'task-3': 1}}
INFO:root:    {'cost': 17.01843674062575, 'length': 22, 'task_mapping': {'task-6': 1, 'task-7': 1}}
INFO:root:    {'cost': 154.20542672721385, 'length': 94, 'task_mapping': {'task-1': 1, 'task-5': 1}}
INFO:root:    {'cost': 146.25997752417607, 'length': 95, 'task_mapping': {'task-4': 1, 'task-5': 1}}
INFO:root:    {'cost': 81.57499150134238, 'length': 77, 'task_mapping': {'task-2': 1, 'task-5': 1}}
INFO:root:    {'cost': 113.18707744677951, 'length': 95, 'task_mapping': {'task-1': 1, 'task-4': 1}}
INFO:root:    {'cost': 8.137898879280815, 'length': 6, 'task_mapping': {'task-0': 1}}
INFO:root:    {'cost': 153.3191131499351, 'length': 73, 'task_mapping': {'task-1': 0, 'task-3': 1, 'task-8': 1}}
INFO:root:    {'cost': 94.50143116470655, 'length': 83, 'task_mapping': {'task-2': 0}}
INFO:root:    {'cost': 118.16443859802385, 'length': 95, 'task_mapping': {'task-4': 1, 'task-6': 0}}
INFO:root:    {'cost': 159.4730287447687, 'length': 97, 'task_mapping': {'task-5': 1, 'task-9': 1}}
INFO:root:  found pattern {'cost': 152.9926164564495, 'length': 97, 'task_mapping': {'task-1': 1, 'task-9': 1}}, -18.25259657255443
INFO:root:  found pattern {'cost': 97.79088859713127, 'length': 97, 'task_mapping': {'task-6': 1, 'task-9': 1}}, -3.8116606776846247
INFO:root:Relaxation 0.91963193952511 is worse than best obj 0.8045611630346553
INFO:root:subproblem objective was non-negative; ending the iteration.
INFO:root:master model solution (0.919632) is pruned by best-so-far solution (0.804561).
INFO:root:branching
fixed_task_mapping={'task-9': 0}
INFO:root:PATTERNS 26
INFO:root:    {'cost': 14.97292074082727, 'length': 8, 'task_mapping': {'task-0': 1, 'task-7': 1}}
INFO:root:    {'cost': 153.47952666793242, 'length': 95, 'task_mapping': {'task-4': 1, 'task-5': 0}}
INFO:root:    {'cost': 111.9986502771497, 'length': 73, 'task_mapping': {'task-1': 0}}
INFO:root:    {'cost': 92.51576144648583, 'length': 43, 'task_mapping': {'task-3': 1, 'task-9': 0}}
INFO:root:    {'cost': 2.3908258245739686, 'length': 2, 'task_mapping': {'task-8': 1}}
INFO:root:    {'cost': 19.75663981835942, 'length': 24, 'task_mapping': {'task-2': 1, 'task-6': 1}}
INFO:root:    {'cost': 215.17540364459992, 'length': 94, 'task_mapping': {'task-1': 1, 'task-2': 1, 'task-3': 0, 'task-5': 0}}
INFO:root:    {'cost': 229.19790726715485, 'length': 95, 'task_mapping': {'task-1': 1, 'task-4': 1, 'task-5': 0, 'task-9': 0}}
INFO:root:    {'cost': 159.26847836662043, 'length': 95, 'task_mapping': {'task-1': 1, 'task-3': 0, 'task-4': 1}}
INFO:root:    {'cost': 117.29802214133024, 'length': 77, 'task_mapping': {'task-3': 1, 'task-5': 1}}
INFO:root:    {'cost': 178.3415658067852, 'length': 94, 'task_mapping': {'task-1': 1, 'task-3': 0, 'task-6': 1, 'task-9': 0}}
INFO:root:    {'cost': 99.88802366809944, 'length': 43, 'task_mapping': {'task-3': 1, 'task-6': 1, 'task-9': 0}}
INFO:root:    {'cost': 9.128958979754287, 'length': 6, 'task_mapping': {'task-0': 1, 'task-8': 1}}
INFO:root:    {'cost': 52.49189898666381, 'length': 43, 'task_mapping': {'task-2': 1, 'task-3': 1}}
INFO:root:    {'cost': 152.9239557541474, 'length': 95, 'task_mapping': {'task-1': 1, 'task-4': 1, 'task-9': 0}}
INFO:root:    {'cost': 17.01843674062575, 'length': 22, 'task_mapping': {'task-6': 1, 'task-7': 1}}
INFO:root:    {'cost': 154.20542672721385, 'length': 94, 'task_mapping': {'task-1': 1, 'task-5': 1}}
INFO:root:    {'cost': 146.25997752417607, 'length': 95, 'task_mapping': {'task-4': 1, 'task-5': 1}}
INFO:root:    {'cost': 81.57499150134238, 'length': 77, 'task_mapping': {'task-2': 1, 'task-5': 1}}
INFO:root:    {'cost': 113.18707744677951, 'length': 95, 'task_mapping': {'task-1': 1, 'task-4': 1}}
INFO:root:    {'cost': 152.9239557541474, 'length': 95, 'task_mapping': {'task-1': 1, 'task-4': 1, 'task-9': 0}}
INFO:root:    {'cost': 8.137898879280815, 'length': 6, 'task_mapping': {'task-0': 1}}
INFO:root:    {'cost': 107.42942257807289, 'length': 48, 'task_mapping': {'task-3': 1, 'task-6': 0}}
INFO:root:    {'cost': 200.56765187208376, 'length': 78, 'task_mapping': {'task-5': 0, 'task-7': 1, 'task-8': 0}}
INFO:root:    {'cost': 149.9866978869349, 'length': 83, 'task_mapping': {'task-1': 0, 'task-2': 0}}
INFO:root:    {'cost': 139.5247291300057, 'length': 95, 'task_mapping': {'task-0': 0, 'task-4': 1, 'task-9': 0}}
INFO:root:subproblem objective was non-negative; ending the iteration.
INFO:root:master model solution is not integer
WARNING:root:Master model reconstruction 0.804561 vs MM relaxation 0.797785
INFO:root:branching
fixed_task_mapping={'task-9': 0, 'task-6': 1}
INFO:root:PATTERNS 29
INFO:root:    {'cost': 14.97292074082727, 'length': 8, 'task_mapping': {'task-0': 1, 'task-7': 1}}
INFO:root:    {'cost': 153.47952666793242, 'length': 95, 'task_mapping': {'task-4': 1, 'task-5': 0}}
INFO:root:    {'cost': 111.9986502771497, 'length': 73, 'task_mapping': {'task-1': 0}}
INFO:root:    {'cost': 92.51576144648583, 'length': 43, 'task_mapping': {'task-3': 1, 'task-9': 0}}
INFO:root:    {'cost': 2.3908258245739686, 'length': 2, 'task_mapping': {'task-8': 1}}
INFO:root:    {'cost': 19.75663981835942, 'length': 24, 'task_mapping': {'task-2': 1, 'task-6': 1}}
INFO:root:    {'cost': 215.17540364459992, 'length': 94, 'task_mapping': {'task-1': 1, 'task-2': 1, 'task-3': 0, 'task-5': 0}}
INFO:root:    {'cost': 229.19790726715485, 'length': 95, 'task_mapping': {'task-1': 1, 'task-4': 1, 'task-5': 0, 'task-9': 0}}
INFO:root:    {'cost': 159.26847836662043, 'length': 95, 'task_mapping': {'task-1': 1, 'task-3': 0, 'task-4': 1}}
INFO:root:    {'cost': 117.29802214133024, 'length': 77, 'task_mapping': {'task-3': 1, 'task-5': 1}}
INFO:root:    {'cost': 178.3415658067852, 'length': 94, 'task_mapping': {'task-1': 1, 'task-3': 0, 'task-6': 1, 'task-9': 0}}
INFO:root:    {'cost': 99.88802366809944, 'length': 43, 'task_mapping': {'task-3': 1, 'task-6': 1, 'task-9': 0}}
INFO:root:    {'cost': 9.128958979754287, 'length': 6, 'task_mapping': {'task-0': 1, 'task-8': 1}}
INFO:root:    {'cost': 52.49189898666381, 'length': 43, 'task_mapping': {'task-2': 1, 'task-3': 1}}
INFO:root:    {'cost': 152.9239557541474, 'length': 95, 'task_mapping': {'task-1': 1, 'task-4': 1, 'task-9': 0}}
INFO:root:    {'cost': 17.01843674062575, 'length': 22, 'task_mapping': {'task-6': 1, 'task-7': 1}}
INFO:root:    {'cost': 154.20542672721385, 'length': 94, 'task_mapping': {'task-1': 1, 'task-5': 1}}
INFO:root:    {'cost': 146.25997752417607, 'length': 95, 'task_mapping': {'task-4': 1, 'task-5': 1}}
INFO:root:    {'cost': 81.57499150134238, 'length': 77, 'task_mapping': {'task-2': 1, 'task-5': 1}}
INFO:root:    {'cost': 113.18707744677951, 'length': 95, 'task_mapping': {'task-1': 1, 'task-4': 1}}
INFO:root:    {'cost': 152.9239557541474, 'length': 95, 'task_mapping': {'task-1': 1, 'task-4': 1, 'task-9': 0}}
INFO:root:    {'cost': 8.137898879280815, 'length': 6, 'task_mapping': {'task-0': 1}}
INFO:root:    {'cost': 200.56765187208376, 'length': 78, 'task_mapping': {'task-5': 0, 'task-7': 1, 'task-8': 0}}
INFO:root:    {'cost': 149.9866978869349, 'length': 83, 'task_mapping': {'task-1': 0, 'task-2': 0}}
INFO:root:    {'cost': 139.5247291300057, 'length': 95, 'task_mapping': {'task-0': 0, 'task-4': 1, 'task-9': 0}}
INFO:root:    {'cost': 117.84899775804013, 'length': 76, 'task_mapping': {'task-8': 0}}
INFO:root:    {'cost': 142.6238776720755, 'length': 77, 'task_mapping': {'task-5': 1, 'task-6': 1, 'task-7': 0}}
INFO:root:    {'cost': 165.4501919689244, 'length': 93, 'task_mapping': {'task-0': 0, 'task-2': 0, 'task-3': 1}}
INFO:root:    {'cost': 193.4039522025579, 'length': 95, 'task_mapping': {'task-1': 0, 'task-4': 1, 'task-9': 0}}
INFO:root:subproblem objective was non-negative; ending the iteration.
INFO:root:master model solution is not integer
WARNING:root:Master model reconstruction 0.804561 vs MM relaxation 0.797785
INFO:root:branching
fixed_task_mapping={'task-9': 0, 'task-6': 1, 'task-7': 0}
INFO:root:PATTERNS 26
INFO:root:    {'cost': 153.47952666793242, 'length': 95, 'task_mapping': {'task-4': 1, 'task-5': 0}}
INFO:root:    {'cost': 111.9986502771497, 'length': 73, 'task_mapping': {'task-1': 0}}
INFO:root:    {'cost': 92.51576144648583, 'length': 43, 'task_mapping': {'task-3': 1, 'task-9': 0}}
INFO:root:    {'cost': 2.3908258245739686, 'length': 2, 'task_mapping': {'task-8': 1}}
INFO:root:    {'cost': 19.75663981835942, 'length': 24, 'task_mapping': {'task-2': 1, 'task-6': 1}}
INFO:root:    {'cost': 215.17540364459992, 'length': 94, 'task_mapping': {'task-1': 1, 'task-2': 1, 'task-3': 0, 'task-5': 0}}
INFO:root:    {'cost': 229.19790726715485, 'length': 95, 'task_mapping': {'task-1': 1, 'task-4': 1, 'task-5': 0, 'task-9': 0}}
INFO:root:    {'cost': 159.26847836662043, 'length': 95, 'task_mapping': {'task-1': 1, 'task-3': 0, 'task-4': 1}}
INFO:root:    {'cost': 117.29802214133024, 'length': 77, 'task_mapping': {'task-3': 1, 'task-5': 1}}
INFO:root:    {'cost': 178.3415658067852, 'length': 94, 'task_mapping': {'task-1': 1, 'task-3': 0, 'task-6': 1, 'task-9': 0}}
INFO:root:    {'cost': 99.88802366809944, 'length': 43, 'task_mapping': {'task-3': 1, 'task-6': 1, 'task-9': 0}}
INFO:root:    {'cost': 9.128958979754287, 'length': 6, 'task_mapping': {'task-0': 1, 'task-8': 1}}
INFO:root:    {'cost': 52.49189898666381, 'length': 43, 'task_mapping': {'task-2': 1, 'task-3': 1}}
INFO:root:    {'cost': 152.9239557541474, 'length': 95, 'task_mapping': {'task-1': 1, 'task-4': 1, 'task-9': 0}}
INFO:root:    {'cost': 154.20542672721385, 'length': 94, 'task_mapping': {'task-1': 1, 'task-5': 1}}
INFO:root:    {'cost': 146.25997752417607, 'length': 95, 'task_mapping': {'task-4': 1, 'task-5': 1}}
INFO:root:    {'cost': 81.57499150134238, 'length': 77, 'task_mapping': {'task-2': 1, 'task-5': 1}}
INFO:root:    {'cost': 113.18707744677951, 'length': 95, 'task_mapping': {'task-1': 1, 'task-4': 1}}
INFO:root:    {'cost': 152.9239557541474, 'length': 95, 'task_mapping': {'task-1': 1, 'task-4': 1, 'task-9': 0}}
INFO:root:    {'cost': 8.137898879280815, 'length': 6, 'task_mapping': {'task-0': 1}}
INFO:root:    {'cost': 149.9866978869349, 'length': 83, 'task_mapping': {'task-1': 0, 'task-2': 0}}
INFO:root:    {'cost': 139.5247291300057, 'length': 95, 'task_mapping': {'task-0': 0, 'task-4': 1, 'task-9': 0}}
INFO:root:    {'cost': 117.84899775804013, 'length': 76, 'task_mapping': {'task-8': 0}}
INFO:root:    {'cost': 142.6238776720755, 'length': 77, 'task_mapping': {'task-5': 1, 'task-6': 1, 'task-7': 0}}
INFO:root:    {'cost': 165.4501919689244, 'length': 93, 'task_mapping': {'task-0': 0, 'task-2': 0, 'task-3': 1}}
INFO:root:    {'cost': 193.4039522025579, 'length': 95, 'task_mapping': {'task-1': 0, 'task-4': 1, 'task-9': 0}}
INFO:root:  found pattern {'cost': 202.40822822277468, 'length': 94, 'task_mapping': {'task-1': 1, 'task-3': 1, 'task-7': 0, 'task-9': 0}}, -50.68933514423529
INFO:root:  found pattern {'cost': 150.21077053269494, 'length': 95, 'task_mapping': {'task-1': 1, 'task-4': 1, 'task-7': 0}}, -32.40962725815592
INFO:root:  found pattern {'cost': 230.96599812049723, 'length': 94, 'task_mapping': {'task-1': 1, 'task-5': 1, 'task-7': 0, 'task-9': 0}}, -13.491549880791567
INFO:root:  found pattern {'cost': 11.694667069324185, 'length': 22, 'task_mapping': {'task-6': 1}}, -6.160652207615298
INFO:root:  found pattern {'cost': 182.36075597944344, 'length': 77, 'task_mapping': {'task-5': 1, 'task-6': 1, 'task-7': 0, 'task-9': 0}}, -13.713730341806318
INFO:root:  found pattern {'cost': 189.94764884006287, 'length': 95, 'task_mapping': {'task-1': 1, 'task-4': 1, 'task-7': 0, 'task-9': 0}}, -7.432407663084689
INFO:root:Relaxation 0.879924789998709 is worse than best obj 0.8045611630346553
INFO:root:subproblem objective was non-negative; ending the iteration.
INFO:root:master model solution (0.879925) is pruned by best-so-far solution (0.804561).
INFO:root:branching
fixed_task_mapping={'task-9': 0, 'task-6': 1, 'task-7': 1}
INFO:root:PATTERNS 32
INFO:root:    {'cost': 14.97292074082727, 'length': 8, 'task_mapping': {'task-0': 1, 'task-7': 1}}
INFO:root:    {'cost': 153.47952666793242, 'length': 95, 'task_mapping': {'task-4': 1, 'task-5': 0}}
INFO:root:    {'cost': 111.9986502771497, 'length': 73, 'task_mapping': {'task-1': 0}}
INFO:root:    {'cost': 92.51576144648583, 'length': 43, 'task_mapping': {'task-3': 1, 'task-9': 0}}
INFO:root:    {'cost': 2.3908258245739686, 'length': 2, 'task_mapping': {'task-8': 1}}
INFO:root:    {'cost': 19.75663981835942, 'length': 24, 'task_mapping': {'task-2': 1, 'task-6': 1}}
INFO:root:    {'cost': 215.17540364459992, 'length': 94, 'task_mapping': {'task-1': 1, 'task-2': 1, 'task-3': 0, 'task-5': 0}}
INFO:root:    {'cost': 229.19790726715485, 'length': 95, 'task_mapping': {'task-1': 1, 'task-4': 1, 'task-5': 0, 'task-9': 0}}
INFO:root:    {'cost': 159.26847836662043, 'length': 95, 'task_mapping': {'task-1': 1, 'task-3': 0, 'task-4': 1}}
INFO:root:    {'cost': 117.29802214133024, 'length': 77, 'task_mapping': {'task-3': 1, 'task-5': 1}}
INFO:root:    {'cost': 178.3415658067852, 'length': 94, 'task_mapping': {'task-1': 1, 'task-3': 0, 'task-6': 1, 'task-9': 0}}
INFO:root:    {'cost': 99.88802366809944, 'length': 43, 'task_mapping': {'task-3': 1, 'task-6': 1, 'task-9': 0}}
INFO:root:    {'cost': 9.128958979754287, 'length': 6, 'task_mapping': {'task-0': 1, 'task-8': 1}}
INFO:root:    {'cost': 52.49189898666381, 'length': 43, 'task_mapping': {'task-2': 1, 'task-3': 1}}
INFO:root:    {'cost': 152.9239557541474, 'length': 95, 'task_mapping': {'task-1': 1, 'task-4': 1, 'task-9': 0}}
INFO:root:    {'cost': 17.01843674062575, 'length': 22, 'task_mapping': {'task-6': 1, 'task-7': 1}}
INFO:root:    {'cost': 154.20542672721385, 'length': 94, 'task_mapping': {'task-1': 1, 'task-5': 1}}
INFO:root:    {'cost': 146.25997752417607, 'length': 95, 'task_mapping': {'task-4': 1, 'task-5': 1}}
INFO:root:    {'cost': 81.57499150134238, 'length': 77, 'task_mapping': {'task-2': 1, 'task-5': 1}}
INFO:root:    {'cost': 113.18707744677951, 'length': 95, 'task_mapping': {'task-1': 1, 'task-4': 1}}
INFO:root:    {'cost': 152.9239557541474, 'length': 95, 'task_mapping': {'task-1': 1, 'task-4': 1, 'task-9': 0}}
INFO:root:    {'cost': 8.137898879280815, 'length': 6, 'task_mapping': {'task-0': 1}}
INFO:root:    {'cost': 200.56765187208376, 'length': 78, 'task_mapping': {'task-5': 0, 'task-7': 1, 'task-8': 0}}
INFO:root:    {'cost': 149.9866978869349, 'length': 83, 'task_mapping': {'task-1': 0, 'task-2': 0}}
INFO:root:    {'cost': 139.5247291300057, 'length': 95, 'task_mapping': {'task-0': 0, 'task-4': 1, 'task-9': 0}}
INFO:root:    {'cost': 117.84899775804013, 'length': 76, 'task_mapping': {'task-8': 0}}
INFO:root:    {'cost': 165.4501919689244, 'length': 93, 'task_mapping': {'task-0': 0, 'task-2': 0, 'task-3': 1}}
INFO:root:    {'cost': 193.4039522025579, 'length': 95, 'task_mapping': {'task-1': 0, 'task-4': 1, 'task-9': 0}}
INFO:root:    {'cost': 74.32169051593432, 'length': 41, 'task_mapping': {'task-0': 1, 'task-9': 0}}
INFO:root:    {'cost': 189.8941147745888, 'length': 76, 'task_mapping': {'task-1': 0, 'task-8': 0}}
INFO:root:    {'cost': 170.77538267771396, 'length': 83, 'task_mapping': {'task-2': 0, 'task-5': 0}}
INFO:root:    {'cost': 123.2869760747659, 'length': 95, 'task_mapping': {'task-3': 0, 'task-4': 1}}
INFO:root:subproblem objective was non-negative; ending the iteration.
INFO:root:master model solution is not integer
WARNING:root:Master model reconstruction 0.804561 vs MM relaxation 0.797785
INFO:root:branching
fixed_task_mapping={'task-9': 0, 'task-6': 1, 'task-7': 1, 'task-1': 1}
INFO:root:PATTERNS 32
INFO:root:    {'cost': 14.97292074082727, 'length': 8, 'task_mapping': {'task-0': 1, 'task-7': 1}}
INFO:root:    {'cost': 153.47952666793242, 'length': 95, 'task_mapping': {'task-4': 1, 'task-5': 0}}
INFO:root:    {'cost': 92.51576144648583, 'length': 43, 'task_mapping': {'task-3': 1, 'task-9': 0}}
INFO:root:    {'cost': 2.3908258245739686, 'length': 2, 'task_mapping': {'task-8': 1}}
INFO:root:    {'cost': 19.75663981835942, 'length': 24, 'task_mapping': {'task-2': 1, 'task-6': 1}}
INFO:root:    {'cost': 215.17540364459992, 'length': 94, 'task_mapping': {'task-1': 1, 'task-2': 1, 'task-3': 0, 'task-5': 0}}
INFO:root:    {'cost': 229.19790726715485, 'length': 95, 'task_mapping': {'task-1': 1, 'task-4': 1, 'task-5': 0, 'task-9': 0}}
INFO:root:    {'cost': 159.26847836662043, 'length': 95, 'task_mapping': {'task-1': 1, 'task-3': 0, 'task-4': 1}}
INFO:root:    {'cost': 117.29802214133024, 'length': 77, 'task_mapping': {'task-3': 1, 'task-5': 1}}
INFO:root:    {'cost': 178.3415658067852, 'length': 94, 'task_mapping': {'task-1': 1, 'task-3': 0, 'task-6': 1, 'task-9': 0}}
INFO:root:    {'cost': 99.88802366809944, 'length': 43, 'task_mapping': {'task-3': 1, 'task-6': 1, 'task-9': 0}}
INFO:root:    {'cost': 9.128958979754287, 'length': 6, 'task_mapping': {'task-0': 1, 'task-8': 1}}
INFO:root:    {'cost': 52.49189898666381, 'length': 43, 'task_mapping': {'task-2': 1, 'task-3': 1}}
INFO:root:    {'cost': 152.9239557541474, 'length': 95, 'task_mapping': {'task-1': 1, 'task-4': 1, 'task-9': 0}}
INFO:root:    {'cost': 17.01843674062575, 'length': 22, 'task_mapping': {'task-6': 1, 'task-7': 1}}
INFO:root:    {'cost': 154.20542672721385, 'length': 94, 'task_mapping': {'task-1': 1, 'task-5': 1}}
INFO:root:    {'cost': 146.25997752417607, 'length': 95, 'task_mapping': {'task-4': 1, 'task-5': 1}}
INFO:root:    {'cost': 81.57499150134238, 'length': 77, 'task_mapping': {'task-2': 1, 'task-5': 1}}
INFO:root:    {'cost': 113.18707744677951, 'length': 95, 'task_mapping': {'task-1': 1, 'task-4': 1}}
INFO:root:    {'cost': 152.9239557541474, 'length': 95, 'task_mapping': {'task-1': 1, 'task-4': 1, 'task-9': 0}}
INFO:root:    {'cost': 8.137898879280815, 'length': 6, 'task_mapping': {'task-0': 1}}
INFO:root:    {'cost': 200.56765187208376, 'length': 78, 'task_mapping': {'task-5': 0, 'task-7': 1, 'task-8': 0}}
INFO:root:    {'cost': 139.5247291300057, 'length': 95, 'task_mapping': {'task-0': 0, 'task-4': 1, 'task-9': 0}}
INFO:root:    {'cost': 117.84899775804013, 'length': 76, 'task_mapping': {'task-8': 0}}
INFO:root:    {'cost': 165.4501919689244, 'length': 93, 'task_mapping': {'task-0': 0, 'task-2': 0, 'task-3': 1}}
INFO:root:    {'cost': 74.32169051593432, 'length': 41, 'task_mapping': {'task-0': 1, 'task-9': 0}}
INFO:root:    {'cost': 170.77538267771396, 'length': 83, 'task_mapping': {'task-2': 0, 'task-5': 0}}
INFO:root:    {'cost': 123.2869760747659, 'length': 95, 'task_mapping': {'task-3': 0, 'task-4': 1}}
INFO:root:    {'cost': 136.28527196597588, 'length': 76, 'task_mapping': {'task-0': 1, 'task-8': 0}}
INFO:root:    {'cost': 73.90596464755356, 'length': 77, 'task_mapping': {'task-5': 1}}
INFO:root:    {'cost': 138.90145213159252, 'length': 94, 'task_mapping': {'task-1': 1, 'task-2': 1, 'task-3': 0}}
INFO:root:    {'cost': 116.94245346229292, 'length': 95, 'task_mapping': {'task-4': 1, 'task-9': 0}}
INFO:root:subproblem objective was non-negative; ending the iteration.
INFO:root:master model solution is not integer
WARNING:root:Master model reconstruction 0.799658 vs MM relaxation 0.797785
INFO:root:Solution reconstructed from patterns (0.799658) better that best so far 0.804561
INFO:root:branching
fixed_task_mapping={'task-9': 0, 'task-6': 1, 'task-7': 1, 'task-1': 1, 'task-8': 1}
INFO:root:PATTERNS 32
INFO:root:    {'cost': 14.97292074082727, 'length': 8, 'task_mapping': {'task-0': 1, 'task-7': 1}}
INFO:root:    {'cost': 153.47952666793242, 'length': 95, 'task_mapping': {'task-4': 1, 'task-5': 0}}
INFO:root:    {'cost': 92.51576144648583, 'length': 43, 'task_mapping': {'task-3': 1, 'task-9': 0}}
INFO:root:    {'cost': 2.3908258245739686, 'length': 2, 'task_mapping': {'task-8': 1}}
INFO:root:    {'cost': 19.75663981835942, 'length': 24, 'task_mapping': {'task-2': 1, 'task-6': 1}}
INFO:root:    {'cost': 215.17540364459992, 'length': 94, 'task_mapping': {'task-1': 1, 'task-2': 1, 'task-3': 0, 'task-5': 0}}
INFO:root:    {'cost': 229.19790726715485, 'length': 95, 'task_mapping': {'task-1': 1, 'task-4': 1, 'task-5': 0, 'task-9': 0}}
INFO:root:    {'cost': 159.26847836662043, 'length': 95, 'task_mapping': {'task-1': 1, 'task-3': 0, 'task-4': 1}}
INFO:root:    {'cost': 117.29802214133024, 'length': 77, 'task_mapping': {'task-3': 1, 'task-5': 1}}
INFO:root:    {'cost': 178.3415658067852, 'length': 94, 'task_mapping': {'task-1': 1, 'task-3': 0, 'task-6': 1, 'task-9': 0}}
INFO:root:    {'cost': 99.88802366809944, 'length': 43, 'task_mapping': {'task-3': 1, 'task-6': 1, 'task-9': 0}}
INFO:root:    {'cost': 9.128958979754287, 'length': 6, 'task_mapping': {'task-0': 1, 'task-8': 1}}
INFO:root:    {'cost': 52.49189898666381, 'length': 43, 'task_mapping': {'task-2': 1, 'task-3': 1}}
INFO:root:    {'cost': 152.9239557541474, 'length': 95, 'task_mapping': {'task-1': 1, 'task-4': 1, 'task-9': 0}}
INFO:root:    {'cost': 17.01843674062575, 'length': 22, 'task_mapping': {'task-6': 1, 'task-7': 1}}
INFO:root:    {'cost': 154.20542672721385, 'length': 94, 'task_mapping': {'task-1': 1, 'task-5': 1}}
INFO:root:    {'cost': 146.25997752417607, 'length': 95, 'task_mapping': {'task-4': 1, 'task-5': 1}}
INFO:root:    {'cost': 81.57499150134238, 'length': 77, 'task_mapping': {'task-2': 1, 'task-5': 1}}
INFO:root:    {'cost': 113.18707744677951, 'length': 95, 'task_mapping': {'task-1': 1, 'task-4': 1}}
INFO:root:    {'cost': 152.9239557541474, 'length': 95, 'task_mapping': {'task-1': 1, 'task-4': 1, 'task-9': 0}}
INFO:root:    {'cost': 8.137898879280815, 'length': 6, 'task_mapping': {'task-0': 1}}
INFO:root:    {'cost': 139.5247291300057, 'length': 95, 'task_mapping': {'task-0': 0, 'task-4': 1, 'task-9': 0}}
INFO:root:    {'cost': 165.4501919689244, 'length': 93, 'task_mapping': {'task-0': 0, 'task-2': 0, 'task-3': 1}}
INFO:root:    {'cost': 74.32169051593432, 'length': 41, 'task_mapping': {'task-0': 1, 'task-9': 0}}
INFO:root:    {'cost': 170.77538267771396, 'length': 83, 'task_mapping': {'task-2': 0, 'task-5': 0}}
INFO:root:    {'cost': 123.2869760747659, 'length': 95, 'task_mapping': {'task-3': 0, 'task-4': 1}}
INFO:root:    {'cost': 73.90596464755356, 'length': 77, 'task_mapping': {'task-5': 1}}
INFO:root:    {'cost': 138.90145213159252, 'length': 94, 'task_mapping': {'task-1': 1, 'task-2': 1, 'task-3': 0}}
INFO:root:    {'cost': 116.94245346229292, 'length': 95, 'task_mapping': {'task-4': 1, 'task-9': 0}}
INFO:root:    {'cost': 75.01086447410279, 'length': 43, 'task_mapping': {'task-3': 1, 'task-8': 1}}
INFO:root:    {'cost': 91.5550815578517, 'length': 77, 'task_mapping': {'task-5': 1, 'task-6': 1}}
INFO:root:    {'cost': 144.46354105933682, 'length': 94, 'task_mapping': {'task-1': 1, 'task-2': 0, 'task-7': 1}}
INFO:root:subproblem objective was non-negative; ending the iteration.
INFO:root:master model solution is not integer
WARNING:root:Master model reconstruction 0.799658 vs MM relaxation 0.797785
INFO:root:branching
fixed_task_mapping={'task-9': 0, 'task-6': 1, 'task-7': 1, 'task-1': 1, 'task-8': 1, 'task-5': 1}
INFO:root:PATTERNS 30
INFO:root:    {'cost': 14.97292074082727, 'length': 8, 'task_mapping': {'task-0': 1, 'task-7': 1}}
INFO:root:    {'cost': 92.51576144648583, 'length': 43, 'task_mapping': {'task-3': 1, 'task-9': 0}}
INFO:root:    {'cost': 2.3908258245739686, 'length': 2, 'task_mapping': {'task-8': 1}}
INFO:root:    {'cost': 19.75663981835942, 'length': 24, 'task_mapping': {'task-2': 1, 'task-6': 1}}
INFO:root:    {'cost': 159.26847836662043, 'length': 95, 'task_mapping': {'task-1': 1, 'task-3': 0, 'task-4': 1}}
INFO:root:    {'cost': 117.29802214133024, 'length': 77, 'task_mapping': {'task-3': 1, 'task-5': 1}}
INFO:root:    {'cost': 178.3415658067852, 'length': 94, 'task_mapping': {'task-1': 1, 'task-3': 0, 'task-6': 1, 'task-9': 0}}
INFO:root:    {'cost': 99.88802366809944, 'length': 43, 'task_mapping': {'task-3': 1, 'task-6': 1, 'task-9': 0}}
INFO:root:    {'cost': 9.128958979754287, 'length': 6, 'task_mapping': {'task-0': 1, 'task-8': 1}}
INFO:root:    {'cost': 52.49189898666381, 'length': 43, 'task_mapping': {'task-2': 1, 'task-3': 1}}
INFO:root:    {'cost': 152.9239557541474, 'length': 95, 'task_mapping': {'task-1': 1, 'task-4': 1, 'task-9': 0}}
INFO:root:    {'cost': 17.01843674062575, 'length': 22, 'task_mapping': {'task-6': 1, 'task-7': 1}}
INFO:root:    {'cost': 154.20542672721385, 'length': 94, 'task_mapping': {'task-1': 1, 'task-5': 1}}
INFO:root:    {'cost': 146.25997752417607, 'length': 95, 'task_mapping': {'task-4': 1, 'task-5': 1}}
INFO:root:    {'cost': 81.57499150134238, 'length': 77, 'task_mapping': {'task-2': 1, 'task-5': 1}}
INFO:root:    {'cost': 113.18707744677951, 'length': 95, 'task_mapping': {'task-1': 1, 'task-4': 1}}
INFO:root:    {'cost': 152.9239557541474, 'length': 95, 'task_mapping': {'task-1': 1, 'task-4': 1, 'task-9': 0}}
INFO:root:    {'cost': 8.137898879280815, 'length': 6, 'task_mapping': {'task-0': 1}}
INFO:root:    {'cost': 139.5247291300057, 'length': 95, 'task_mapping': {'task-0': 0, 'task-4': 1, 'task-9': 0}}
INFO:root:    {'cost': 165.4501919689244, 'length': 93, 'task_mapping': {'task-0': 0, 'task-2': 0, 'task-3': 1}}
INFO:root:    {'cost': 74.32169051593432, 'length': 41, 'task_mapping': {'task-0': 1, 'task-9': 0}}
INFO:root:    {'cost': 123.2869760747659, 'length': 95, 'task_mapping': {'task-3': 0, 'task-4': 1}}
INFO:root:    {'cost': 73.90596464755356, 'length': 77, 'task_mapping': {'task-5': 1}}
INFO:root:    {'cost': 138.90145213159252, 'length': 94, 'task_mapping': {'task-1': 1, 'task-2': 1, 'task-3': 0}}
INFO:root:    {'cost': 116.94245346229292, 'length': 95, 'task_mapping': {'task-4': 1, 'task-9': 0}}
INFO:root:    {'cost': 75.01086447410279, 'length': 43, 'task_mapping': {'task-3': 1, 'task-8': 1}}
INFO:root:    {'cost': 91.5550815578517, 'length': 77, 'task_mapping': {'task-5': 1, 'task-6': 1}}
INFO:root:    {'cost': 144.46354105933682, 'length': 94, 'task_mapping': {'task-1': 1, 'task-2': 0, 'task-7': 1}}
INFO:root:    {'cost': 111.15204367709839, 'length': 82, 'task_mapping': {'task-3': 0, 'task-8': 1}}
INFO:root:    {'cost': 92.8200512117516, 'length': 94, 'task_mapping': {'task-1': 1, 'task-2': 1}}
INFO:root:subproblem objective was non-negative; ending the iteration.
INFO:root:master model solution is not integer
WARNING:root:Master model reconstruction 0.799658 vs MM relaxation 0.797785
INFO:root:branching
fixed_task_mapping={'task-9': 0, 'task-6': 1, 'task-7': 1, 'task-1': 1, 'task-8': 1, 'task-5': 1, 'task-3': 0}
INFO:root:PATTERNS 27
INFO:root:    {'cost': 14.97292074082727, 'length': 8, 'task_mapping': {'task-0': 1, 'task-7': 1}}
INFO:root:    {'cost': 2.3908258245739686, 'length': 2, 'task_mapping': {'task-8': 1}}
INFO:root:    {'cost': 19.75663981835942, 'length': 24, 'task_mapping': {'task-2': 1, 'task-6': 1}}
INFO:root:    {'cost': 159.26847836662043, 'length': 95, 'task_mapping': {'task-1': 1, 'task-3': 0, 'task-4': 1}}
INFO:root:    {'cost': 178.3415658067852, 'length': 94, 'task_mapping': {'task-1': 1, 'task-3': 0, 'task-6': 1, 'task-9': 0}}
INFO:root:    {'cost': 9.128958979754287, 'length': 6, 'task_mapping': {'task-0': 1, 'task-8': 1}}
INFO:root:    {'cost': 152.9239557541474, 'length': 95, 'task_mapping': {'task-1': 1, 'task-4': 1, 'task-9': 0}}
INFO:root:    {'cost': 17.01843674062575, 'length': 22, 'task_mapping': {'task-6': 1, 'task-7': 1}}
INFO:root:    {'cost': 154.20542672721385, 'length': 94, 'task_mapping': {'task-1': 1, 'task-5': 1}}
INFO:root:    {'cost': 146.25997752417607, 'length': 95, 'task_mapping': {'task-4': 1, 'task-5': 1}}
INFO:root:    {'cost': 81.57499150134238, 'length': 77, 'task_mapping': {'task-2': 1, 'task-5': 1}}
INFO:root:    {'cost': 113.18707744677951, 'length': 95, 'task_mapping': {'task-1': 1, 'task-4': 1}}
INFO:root:    {'cost': 152.9239557541474, 'length': 95, 'task_mapping': {'task-1': 1, 'task-4': 1, 'task-9': 0}}
INFO:root:    {'cost': 8.137898879280815, 'length': 6, 'task_mapping': {'task-0': 1}}
INFO:root:    {'cost': 139.5247291300057, 'length': 95, 'task_mapping': {'task-0': 0, 'task-4': 1, 'task-9': 0}}
INFO:root:    {'cost': 74.32169051593432, 'length': 41, 'task_mapping': {'task-0': 1, 'task-9': 0}}
INFO:root:    {'cost': 123.2869760747659, 'length': 95, 'task_mapping': {'task-3': 0, 'task-4': 1}}
INFO:root:    {'cost': 73.90596464755356, 'length': 77, 'task_mapping': {'task-5': 1}}
INFO:root:    {'cost': 138.90145213159252, 'length': 94, 'task_mapping': {'task-1': 1, 'task-2': 1, 'task-3': 0}}
INFO:root:    {'cost': 116.94245346229292, 'length': 95, 'task_mapping': {'task-4': 1, 'task-9': 0}}
INFO:root:    {'cost': 91.5550815578517, 'length': 77, 'task_mapping': {'task-5': 1, 'task-6': 1}}
INFO:root:    {'cost': 144.46354105933682, 'length': 94, 'task_mapping': {'task-1': 1, 'task-2': 0, 'task-7': 1}}
INFO:root:    {'cost': 111.15204367709839, 'length': 82, 'task_mapping': {'task-3': 0, 'task-8': 1}}
INFO:root:    {'cost': 92.8200512117516, 'length': 94, 'task_mapping': {'task-1': 1, 'task-2': 1}}
INFO:root:    {'cost': 116.47581334839995, 'length': 82, 'task_mapping': {'task-3': 0, 'task-7': 1, 'task-8': 1}}
INFO:root:    {'cost': 110.61449754191051, 'length': 94, 'task_mapping': {'task-0': 1, 'task-1': 1}}
INFO:root:    {'cost': 124.61148031608172, 'length': 95, 'task_mapping': {'task-2': 1, 'task-4': 1, 'task-9': 0}}
INFO:root:  found pattern {'cost': 183.61841765711796, 'length': 82, 'task_mapping': {'task-3': 0, 'task-5': 1, 'task-7': 1, 'task-9': 0}}, -32.09874893603452
INFO:root:  found pattern {'cost': 199.00535667398833, 'length': 95, 'task_mapping': {'task-1': 1, 'task-3': 0, 'task-4': 1, 'task-9': 0}}, -9.481675003150237
INFO:root:  found pattern {'cost': 11.694667069324185, 'length': 22, 'task_mapping': {'task-6': 1}}, -0.39294589524640067
INFO:root:Relaxation 0.8029522091510753 is worse than best obj 0.7996576311747248
INFO:root:subproblem objective was non-negative; ending the iteration.
INFO:root:master model solution (0.802952) is pruned by best-so-far solution (0.799658).
INFO:root:branching
fixed_task_mapping={'task-9': 0, 'task-6': 1, 'task-7': 1, 'task-1': 1, 'task-8': 1, 'task-5': 1, 'task-3': 1}
INFO:root:PATTERNS 27
INFO:root:    {'cost': 14.97292074082727, 'length': 8, 'task_mapping': {'task-0': 1, 'task-7': 1}}
INFO:root:    {'cost': 92.51576144648583, 'length': 43, 'task_mapping': {'task-3': 1, 'task-9': 0}}
INFO:root:    {'cost': 2.3908258245739686, 'length': 2, 'task_mapping': {'task-8': 1}}
INFO:root:    {'cost': 19.75663981835942, 'length': 24, 'task_mapping': {'task-2': 1, 'task-6': 1}}
INFO:root:    {'cost': 117.29802214133024, 'length': 77, 'task_mapping': {'task-3': 1, 'task-5': 1}}
INFO:root:    {'cost': 99.88802366809944, 'length': 43, 'task_mapping': {'task-3': 1, 'task-6': 1, 'task-9': 0}}
INFO:root:    {'cost': 9.128958979754287, 'length': 6, 'task_mapping': {'task-0': 1, 'task-8': 1}}
INFO:root:    {'cost': 52.49189898666381, 'length': 43, 'task_mapping': {'task-2': 1, 'task-3': 1}}
INFO:root:    {'cost': 152.9239557541474, 'length': 95, 'task_mapping': {'task-1': 1, 'task-4': 1, 'task-9': 0}}
INFO:root:    {'cost': 17.01843674062575, 'length': 22, 'task_mapping': {'task-6': 1, 'task-7': 1}}
INFO:root:    {'cost': 154.20542672721385, 'length': 94, 'task_mapping': {'task-1': 1, 'task-5': 1}}
INFO:root:    {'cost': 146.25997752417607, 'length': 95, 'task_mapping': {'task-4': 1, 'task-5': 1}}
INFO:root:    {'cost': 81.57499150134238, 'length': 77, 'task_mapping': {'task-2': 1, 'task-5': 1}}
INFO:root:    {'cost': 113.18707744677951, 'length': 95, 'task_mapping': {'task-1': 1, 'task-4': 1}}
INFO:root:    {'cost': 152.9239557541474, 'length': 95, 'task_mapping': {'task-1': 1, 'task-4': 1, 'task-9': 0}}
INFO:root:    {'cost': 8.137898879280815, 'length': 6, 'task_mapping': {'task-0': 1}}
INFO:root:    {'cost': 139.5247291300057, 'length': 95, 'task_mapping': {'task-0': 0, 'task-4': 1, 'task-9': 0}}
INFO:root:    {'cost': 165.4501919689244, 'length': 93, 'task_mapping': {'task-0': 0, 'task-2': 0, 'task-3': 1}}
INFO:root:    {'cost': 74.32169051593432, 'length': 41, 'task_mapping': {'task-0': 1, 'task-9': 0}}
INFO:root:    {'cost': 73.90596464755356, 'length': 77, 'task_mapping': {'task-5': 1}}
INFO:root:    {'cost': 116.94245346229292, 'length': 95, 'task_mapping': {'task-4': 1, 'task-9': 0}}
INFO:root:    {'cost': 75.01086447410279, 'length': 43, 'task_mapping': {'task-3': 1, 'task-8': 1}}
INFO:root:    {'cost': 91.5550815578517, 'length': 77, 'task_mapping': {'task-5': 1, 'task-6': 1}}
INFO:root:    {'cost': 144.46354105933682, 'length': 94, 'task_mapping': {'task-1': 1, 'task-2': 0, 'task-7': 1}}
INFO:root:    {'cost': 92.8200512117516, 'length': 94, 'task_mapping': {'task-1': 1, 'task-2': 1}}
INFO:root:    {'cost': 138.60220594478122, 'length': 83, 'task_mapping': {'task-0': 1, 'task-2': 0, 'task-3': 1}}
INFO:root:    {'cost': 137.2873490925819, 'length': 95, 'task_mapping': {'task-4': 1, 'task-8': 1, 'task-9': 0}}
INFO:root:subproblem objective was non-negative; ending the iteration.
INFO:root:master model solution is not integer
WARNING:root:Master model reconstruction 0.799658 vs MM relaxation 0.797785
INFO:root:branching
fixed_task_mapping={'task-9': 0, 'task-6': 1, 'task-7': 1, 'task-1': 1, 'task-8': 1, 'task-5': 1, 'task-3': 1, 'task-2': 1}
INFO:root:PATTERNS 27
INFO:root:    {'cost': 14.97292074082727, 'length': 8, 'task_mapping': {'task-0': 1, 'task-7': 1}}
INFO:root:    {'cost': 92.51576144648583, 'length': 43, 'task_mapping': {'task-3': 1, 'task-9': 0}}
INFO:root:    {'cost': 2.3908258245739686, 'length': 2, 'task_mapping': {'task-8': 1}}
INFO:root:    {'cost': 19.75663981835942, 'length': 24, 'task_mapping': {'task-2': 1, 'task-6': 1}}
INFO:root:    {'cost': 117.29802214133024, 'length': 77, 'task_mapping': {'task-3': 1, 'task-5': 1}}
INFO:root:    {'cost': 99.88802366809944, 'length': 43, 'task_mapping': {'task-3': 1, 'task-6': 1, 'task-9': 0}}
INFO:root:    {'cost': 9.128958979754287, 'length': 6, 'task_mapping': {'task-0': 1, 'task-8': 1}}
INFO:root:    {'cost': 52.49189898666381, 'length': 43, 'task_mapping': {'task-2': 1, 'task-3': 1}}
INFO:root:    {'cost': 152.9239557541474, 'length': 95, 'task_mapping': {'task-1': 1, 'task-4': 1, 'task-9': 0}}
INFO:root:    {'cost': 17.01843674062575, 'length': 22, 'task_mapping': {'task-6': 1, 'task-7': 1}}
INFO:root:    {'cost': 154.20542672721385, 'length': 94, 'task_mapping': {'task-1': 1, 'task-5': 1}}
INFO:root:    {'cost': 146.25997752417607, 'length': 95, 'task_mapping': {'task-4': 1, 'task-5': 1}}
INFO:root:    {'cost': 81.57499150134238, 'length': 77, 'task_mapping': {'task-2': 1, 'task-5': 1}}
INFO:root:    {'cost': 113.18707744677951, 'length': 95, 'task_mapping': {'task-1': 1, 'task-4': 1}}
INFO:root:    {'cost': 152.9239557541474, 'length': 95, 'task_mapping': {'task-1': 1, 'task-4': 1, 'task-9': 0}}
INFO:root:    {'cost': 8.137898879280815, 'length': 6, 'task_mapping': {'task-0': 1}}
INFO:root:    {'cost': 139.5247291300057, 'length': 95, 'task_mapping': {'task-0': 0, 'task-4': 1, 'task-9': 0}}
INFO:root:    {'cost': 74.32169051593432, 'length': 41, 'task_mapping': {'task-0': 1, 'task-9': 0}}
INFO:root:    {'cost': 73.90596464755356, 'length': 77, 'task_mapping': {'task-5': 1}}
INFO:root:    {'cost': 116.94245346229292, 'length': 95, 'task_mapping': {'task-4': 1, 'task-9': 0}}
INFO:root:    {'cost': 75.01086447410279, 'length': 43, 'task_mapping': {'task-3': 1, 'task-8': 1}}
INFO:root:    {'cost': 91.5550815578517, 'length': 77, 'task_mapping': {'task-5': 1, 'task-6': 1}}
INFO:root:    {'cost': 92.8200512117516, 'length': 94, 'task_mapping': {'task-1': 1, 'task-2': 1}}
INFO:root:    {'cost': 137.2873490925819, 'length': 95, 'task_mapping': {'task-4': 1, 'task-8': 1, 'task-9': 0}}
INFO:root:    {'cost': 136.76802572474278, 'length': 93, 'task_mapping': {'task-0': 0, 'task-3': 1, 'task-8': 1}}
INFO:root:    {'cost': 90.47479402926433, 'length': 94, 'task_mapping': {'task-1': 1, 'task-7': 1}}
INFO:root:    {'cost': 185.996855831544, 'length': 95, 'task_mapping': {'task-4': 1, 'task-5': 1, 'task-9': 0}}
INFO:root:subproblem objective was non-negative; ending the iteration.
INFO:root:master model solution is not integer
WARNING:root:Master model reconstruction 0.799658 vs MM relaxation 0.797785
INFO:root:branching
fixed_task_mapping={'task-9': 0, 'task-6': 1, 'task-7': 1, 'task-1': 1, 'task-8': 1, 'task-5': 1, 'task-3': 1, 'task-2': 1, 'task-0': 0}
INFO:root:PATTERNS 29
INFO:root:    {'cost': 92.51576144648583, 'length': 43, 'task_mapping': {'task-3': 1, 'task-9': 0}}
INFO:root:    {'cost': 2.3908258245739686, 'length': 2, 'task_mapping': {'task-8': 1}}
INFO:root:    {'cost': 19.75663981835942, 'length': 24, 'task_mapping': {'task-2': 1, 'task-6': 1}}
INFO:root:    {'cost': 117.29802214133024, 'length': 77, 'task_mapping': {'task-3': 1, 'task-5': 1}}
INFO:root:    {'cost': 99.88802366809944, 'length': 43, 'task_mapping': {'task-3': 1, 'task-6': 1, 'task-9': 0}}
INFO:root:    {'cost': 52.49189898666381, 'length': 43, 'task_mapping': {'task-2': 1, 'task-3': 1}}
INFO:root:    {'cost': 152.9239557541474, 'length': 95, 'task_mapping': {'task-1': 1, 'task-4': 1, 'task-9': 0}}
INFO:root:    {'cost': 17.01843674062575, 'length': 22, 'task_mapping': {'task-6': 1, 'task-7': 1}}
INFO:root:    {'cost': 154.20542672721385, 'length': 94, 'task_mapping': {'task-1': 1, 'task-5': 1}}
INFO:root:    {'cost': 146.25997752417607, 'length': 95, 'task_mapping': {'task-4': 1, 'task-5': 1}}
INFO:root:    {'cost': 81.57499150134238, 'length': 77, 'task_mapping': {'task-2': 1, 'task-5': 1}}
INFO:root:    {'cost': 113.18707744677951, 'length': 95, 'task_mapping': {'task-1': 1, 'task-4': 1}}
INFO:root:    {'cost': 152.9239557541474, 'length': 95, 'task_mapping': {'task-1': 1, 'task-4': 1, 'task-9': 0}}
INFO:root:    {'cost': 139.5247291300057, 'length': 95, 'task_mapping': {'task-0': 0, 'task-4': 1, 'task-9': 0}}
INFO:root:    {'cost': 73.90596464755356, 'length': 77, 'task_mapping': {'task-5': 1}}
INFO:root:    {'cost': 116.94245346229292, 'length': 95, 'task_mapping': {'task-4': 1, 'task-9': 0}}
INFO:root:    {'cost': 75.01086447410279, 'length': 43, 'task_mapping': {'task-3': 1, 'task-8': 1}}
INFO:root:    {'cost': 91.5550815578517, 'length': 77, 'task_mapping': {'task-5': 1, 'task-6': 1}}
INFO:root:    {'cost': 92.8200512117516, 'length': 94, 'task_mapping': {'task-1': 1, 'task-2': 1}}
INFO:root:    {'cost': 137.2873490925819, 'length': 95, 'task_mapping': {'task-4': 1, 'task-8': 1, 'task-9': 0}}
INFO:root:    {'cost': 136.76802572474278, 'length': 93, 'task_mapping': {'task-0': 0, 'task-3': 1, 'task-8': 1}}
INFO:root:    {'cost': 90.47479402926433, 'length': 94, 'task_mapping': {'task-1': 1, 'task-7': 1}}
INFO:root:    {'cost': 185.996855831544, 'length': 95, 'task_mapping': {'task-4': 1, 'task-5': 1, 'task-9': 0}}
INFO:root:    {'cost': 8.78677116312938, 'length': 24, 'task_mapping': {'task-2': 1}}
INFO:root:    {'cost': 56.77163117334773, 'length': 41, 'task_mapping': {'task-7': 1, 'task-9': 0}}
INFO:root:    {'cost': 44.82287213287499, 'length': 43, 'task_mapping': {'task-3': 1}}
INFO:root:    {'cost': 130.20755656821584, 'length': 77, 'task_mapping': {'task-5': 1, 'task-8': 1}}
INFO:root:    {'cost': 85.15102435796277, 'length': 94, 'task_mapping': {'task-1': 1}}
INFO:root:    {'cost': 107.1601130442514, 'length': 95, 'task_mapping': {'task-0': 0, 'task-4': 1, 'task-6': 1}}
INFO:root:  found pattern {'cost': 187.96681080457202, 'length': 94, 'task_mapping': {'task-0': 0, 'task-1': 1, 'task-3': 1, 'task-9': 0}}, -68.77920133022974
INFO:root:  found pattern {'cost': 135.7693531144923, 'length': 95, 'task_mapping': {'task-0': 0, 'task-1': 1, 'task-4': 1}}, -30.15160708376935
INFO:root:  found pattern {'cost': 175.50623142186024, 'length': 95, 'task_mapping': {'task-0': 0, 'task-1': 1, 'task-4': 1, 'task-9': 0}}, -8.029998336379876
INFO:root:  found pattern {'cost': 179.39684442346936, 'length': 93, 'task_mapping': {'task-0': 0, 'task-5': 1, 'task-6': 1, 'task-9': 0}}, -8.372287346563944
INFO:root:  found pattern {'cost': 137.61147356578937, 'length': 93, 'task_mapping': {'task-0': 0, 'task-5': 1, 'task-7': 1}}, -19.066929290937914
INFO:root:  found pattern {'cost': 172.78433636601636, 'length': 93, 'task_mapping': {'task-0': 0, 'task-3': 1, 'task-5': 1}}, -1.449629917942012
INFO:root:  found pattern {'cost': 6.659887389654353, 'length': 8, 'task_mapping': {'task-7': 1}}, -2.2747146234444715
INFO:root:  found pattern {'cost': 176.78770239492664, 'length': 94, 'task_mapping': {'task-0': 0, 'task-1': 1, 'task-5': 1}}, -0.5253226169560463
INFO:root:Relaxation 0.8392616500045239 is worse than best obj 0.7996576311747248
INFO:root:subproblem objective was non-negative; ending the iteration.
INFO:root:master model solution (0.839262) is pruned by best-so-far solution (0.799658).
INFO:root:branching
fixed_task_mapping={'task-9': 0, 'task-6': 1, 'task-7': 1, 'task-1': 1, 'task-8': 1, 'task-5': 1, 'task-3': 1, 'task-2': 1, 'task-0': 1}
INFO:root:PATTERNS 28
INFO:root:    {'cost': 14.97292074082727, 'length': 8, 'task_mapping': {'task-0': 1, 'task-7': 1}}
INFO:root:    {'cost': 92.51576144648583, 'length': 43, 'task_mapping': {'task-3': 1, 'task-9': 0}}
INFO:root:    {'cost': 2.3908258245739686, 'length': 2, 'task_mapping': {'task-8': 1}}
INFO:root:    {'cost': 19.75663981835942, 'length': 24, 'task_mapping': {'task-2': 1, 'task-6': 1}}
INFO:root:    {'cost': 117.29802214133024, 'length': 77, 'task_mapping': {'task-3': 1, 'task-5': 1}}
INFO:root:    {'cost': 99.88802366809944, 'length': 43, 'task_mapping': {'task-3': 1, 'task-6': 1, 'task-9': 0}}
INFO:root:    {'cost': 9.128958979754287, 'length': 6, 'task_mapping': {'task-0': 1, 'task-8': 1}}
INFO:root:    {'cost': 52.49189898666381, 'length': 43, 'task_mapping': {'task-2': 1, 'task-3': 1}}
INFO:root:    {'cost': 152.9239557541474, 'length': 95, 'task_mapping': {'task-1': 1, 'task-4': 1, 'task-9': 0}}
INFO:root:    {'cost': 17.01843674062575, 'length': 22, 'task_mapping': {'task-6': 1, 'task-7': 1}}
INFO:root:    {'cost': 154.20542672721385, 'length': 94, 'task_mapping': {'task-1': 1, 'task-5': 1}}
INFO:root:    {'cost': 146.25997752417607, 'length': 95, 'task_mapping': {'task-4': 1, 'task-5': 1}}
INFO:root:    {'cost': 81.57499150134238, 'length': 77, 'task_mapping': {'task-2': 1, 'task-5': 1}}
INFO:root:    {'cost': 113.18707744677951, 'length': 95, 'task_mapping': {'task-1': 1, 'task-4': 1}}
INFO:root:    {'cost': 152.9239557541474, 'length': 95, 'task_mapping': {'task-1': 1, 'task-4': 1, 'task-9': 0}}
INFO:root:    {'cost': 8.137898879280815, 'length': 6, 'task_mapping': {'task-0': 1}}
INFO:root:    {'cost': 74.32169051593432, 'length': 41, 'task_mapping': {'task-0': 1, 'task-9': 0}}
INFO:root:    {'cost': 73.90596464755356, 'length': 77, 'task_mapping': {'task-5': 1}}
INFO:root:    {'cost': 116.94245346229292, 'length': 95, 'task_mapping': {'task-4': 1, 'task-9': 0}}
INFO:root:    {'cost': 75.01086447410279, 'length': 43, 'task_mapping': {'task-3': 1, 'task-8': 1}}
INFO:root:    {'cost': 91.5550815578517, 'length': 77, 'task_mapping': {'task-5': 1, 'task-6': 1}}
INFO:root:    {'cost': 92.8200512117516, 'length': 94, 'task_mapping': {'task-1': 1, 'task-2': 1}}
INFO:root:    {'cost': 137.2873490925819, 'length': 95, 'task_mapping': {'task-4': 1, 'task-8': 1, 'task-9': 0}}
INFO:root:    {'cost': 90.47479402926433, 'length': 94, 'task_mapping': {'task-1': 1, 'task-7': 1}}
INFO:root:    {'cost': 185.996855831544, 'length': 95, 'task_mapping': {'task-4': 1, 'task-5': 1, 'task-9': 0}}
INFO:root:    {'cost': 80.35314174041392, 'length': 41, 'task_mapping': {'task-2': 1, 'task-8': 1, 'task-9': 0}}
INFO:root:    {'cost': 184.14211621737286, 'length': 93, 'task_mapping': {'task-4': 0, 'task-5': 1}}
INFO:root:    {'cost': 125.6476568294913, 'length': 94, 'task_mapping': {'task-1': 1, 'task-3': 1}}
INFO:root:subproblem objective was non-negative; ending the iteration.
INFO:root:master model solution is not integer
WARNING:root:Master model reconstruction 0.799658 vs MM relaxation 0.797785
INFO:root:branching
fixed_task_mapping={'task-9': 0, 'task-6': 1, 'task-7': 1, 'task-1': 1, 'task-8': 1, 'task-5': 1, 'task-3': 1, 'task-2': 1, 'task-0': 1, 'task-4': 1}
INFO:root:PATTERNS 32
INFO:root:    {'cost': 14.97292074082727, 'length': 8, 'task_mapping': {'task-0': 1, 'task-7': 1}}
INFO:root:    {'cost': 92.51576144648583, 'length': 43, 'task_mapping': {'task-3': 1, 'task-9': 0}}
INFO:root:    {'cost': 2.3908258245739686, 'length': 2, 'task_mapping': {'task-8': 1}}
INFO:root:    {'cost': 19.75663981835942, 'length': 24, 'task_mapping': {'task-2': 1, 'task-6': 1}}
INFO:root:    {'cost': 117.29802214133024, 'length': 77, 'task_mapping': {'task-3': 1, 'task-5': 1}}
INFO:root:    {'cost': 99.88802366809944, 'length': 43, 'task_mapping': {'task-3': 1, 'task-6': 1, 'task-9': 0}}
INFO:root:    {'cost': 9.128958979754287, 'length': 6, 'task_mapping': {'task-0': 1, 'task-8': 1}}
INFO:root:    {'cost': 52.49189898666381, 'length': 43, 'task_mapping': {'task-2': 1, 'task-3': 1}}
INFO:root:    {'cost': 152.9239557541474, 'length': 95, 'task_mapping': {'task-1': 1, 'task-4': 1, 'task-9': 0}}
INFO:root:    {'cost': 17.01843674062575, 'length': 22, 'task_mapping': {'task-6': 1, 'task-7': 1}}
INFO:root:    {'cost': 154.20542672721385, 'length': 94, 'task_mapping': {'task-1': 1, 'task-5': 1}}
INFO:root:    {'cost': 146.25997752417607, 'length': 95, 'task_mapping': {'task-4': 1, 'task-5': 1}}
INFO:root:    {'cost': 81.57499150134238, 'length': 77, 'task_mapping': {'task-2': 1, 'task-5': 1}}
INFO:root:    {'cost': 113.18707744677951, 'length': 95, 'task_mapping': {'task-1': 1, 'task-4': 1}}
INFO:root:    {'cost': 152.9239557541474, 'length': 95, 'task_mapping': {'task-1': 1, 'task-4': 1, 'task-9': 0}}
INFO:root:    {'cost': 8.137898879280815, 'length': 6, 'task_mapping': {'task-0': 1}}
INFO:root:    {'cost': 74.32169051593432, 'length': 41, 'task_mapping': {'task-0': 1, 'task-9': 0}}
INFO:root:    {'cost': 73.90596464755356, 'length': 77, 'task_mapping': {'task-5': 1}}
INFO:root:    {'cost': 116.94245346229292, 'length': 95, 'task_mapping': {'task-4': 1, 'task-9': 0}}
INFO:root:    {'cost': 75.01086447410279, 'length': 43, 'task_mapping': {'task-3': 1, 'task-8': 1}}
INFO:root:    {'cost': 91.5550815578517, 'length': 77, 'task_mapping': {'task-5': 1, 'task-6': 1}}
INFO:root:    {'cost': 92.8200512117516, 'length': 94, 'task_mapping': {'task-1': 1, 'task-2': 1}}
INFO:root:    {'cost': 137.2873490925819, 'length': 95, 'task_mapping': {'task-4': 1, 'task-8': 1, 'task-9': 0}}
INFO:root:    {'cost': 90.47479402926433, 'length': 94, 'task_mapping': {'task-1': 1, 'task-7': 1}}
INFO:root:    {'cost': 185.996855831544, 'length': 95, 'task_mapping': {'task-4': 1, 'task-5': 1, 'task-9': 0}}
INFO:root:    {'cost': 80.35314174041392, 'length': 41, 'task_mapping': {'task-2': 1, 'task-8': 1, 'task-9': 0}}
INFO:root:    {'cost': 125.6476568294913, 'length': 94, 'task_mapping': {'task-1': 1, 'task-3': 1}}
INFO:root:    {'cost': 8.78677116312938, 'length': 24, 'task_mapping': {'task-2': 1}}
INFO:root:    {'cost': 58.820123723659776, 'length': 41, 'task_mapping': {'task-6': 1, 'task-9': 0}}
INFO:root:    {'cost': 76.59269687033982, 'length': 43, 'task_mapping': {'task-0': 1, 'task-3': 1}}
INFO:root:    {'cost': 85.15102435796277, 'length': 94, 'task_mapping': {'task-1': 1}}
INFO:root:    {'cost': 82.52934482622656, 'length': 95, 'task_mapping': {'task-4': 1, 'task-7': 1}}
INFO:root:subproblem objective was non-negative; ending the iteration.
INFO:root:master model solution is not integer
INFO:root:leaf solution was reached, but MP was not integer, use global model instead
INFO:root:best objective was updated to (by global): 0.798838
INFO:root:branching
fixed_task_mapping={'task-9': 0, 'task-6': 1, 'task-7': 1, 'task-1': 1, 'task-8': 1, 'task-5': 1, 'task-3': 1, 'task-2': 1, 'task-0': 1, 'task-4': 0}
INFO:root:PATTERNS 25
INFO:root:    {'cost': 14.97292074082727, 'length': 8, 'task_mapping': {'task-0': 1, 'task-7': 1}}
INFO:root:    {'cost': 92.51576144648583, 'length': 43, 'task_mapping': {'task-3': 1, 'task-9': 0}}
INFO:root:    {'cost': 2.3908258245739686, 'length': 2, 'task_mapping': {'task-8': 1}}
INFO:root:    {'cost': 19.75663981835942, 'length': 24, 'task_mapping': {'task-2': 1, 'task-6': 1}}
INFO:root:    {'cost': 117.29802214133024, 'length': 77, 'task_mapping': {'task-3': 1, 'task-5': 1}}
INFO:root:    {'cost': 99.88802366809944, 'length': 43, 'task_mapping': {'task-3': 1, 'task-6': 1, 'task-9': 0}}
INFO:root:    {'cost': 9.128958979754287, 'length': 6, 'task_mapping': {'task-0': 1, 'task-8': 1}}
INFO:root:    {'cost': 52.49189898666381, 'length': 43, 'task_mapping': {'task-2': 1, 'task-3': 1}}
INFO:root:    {'cost': 17.01843674062575, 'length': 22, 'task_mapping': {'task-6': 1, 'task-7': 1}}
INFO:root:    {'cost': 154.20542672721385, 'length': 94, 'task_mapping': {'task-1': 1, 'task-5': 1}}
INFO:root:    {'cost': 81.57499150134238, 'length': 77, 'task_mapping': {'task-2': 1, 'task-5': 1}}
INFO:root:    {'cost': 8.137898879280815, 'length': 6, 'task_mapping': {'task-0': 1}}
INFO:root:    {'cost': 74.32169051593432, 'length': 41, 'task_mapping': {'task-0': 1, 'task-9': 0}}
INFO:root:    {'cost': 73.90596464755356, 'length': 77, 'task_mapping': {'task-5': 1}}
INFO:root:    {'cost': 75.01086447410279, 'length': 43, 'task_mapping': {'task-3': 1, 'task-8': 1}}
INFO:root:    {'cost': 91.5550815578517, 'length': 77, 'task_mapping': {'task-5': 1, 'task-6': 1}}
INFO:root:    {'cost': 92.8200512117516, 'length': 94, 'task_mapping': {'task-1': 1, 'task-2': 1}}
INFO:root:    {'cost': 90.47479402926433, 'length': 94, 'task_mapping': {'task-1': 1, 'task-7': 1}}
INFO:root:    {'cost': 80.35314174041392, 'length': 41, 'task_mapping': {'task-2': 1, 'task-8': 1, 'task-9': 0}}
INFO:root:    {'cost': 184.14211621737286, 'length': 93, 'task_mapping': {'task-4': 0, 'task-5': 1}}
INFO:root:    {'cost': 125.6476568294913, 'length': 94, 'task_mapping': {'task-1': 1, 'task-3': 1}}
INFO:root:    {'cost': 8.78677116312938, 'length': 24, 'task_mapping': {'task-2': 1}}
INFO:root:    {'cost': 44.82287213287499, 'length': 43, 'task_mapping': {'task-3': 1}}
INFO:root:    {'cost': 120.41148351942334, 'length': 93, 'task_mapping': {'task-4': 0, 'task-7': 1}}
INFO:root:    {'cost': 132.2601648869443, 'length': 94, 'task_mapping': {'task-1': 1, 'task-6': 1, 'task-9': 0}}
INFO:root:  found pattern {'cost': 260.6561659548573, 'length': 94, 'task_mapping': {'task-1': 1, 'task-4': 0, 'task-5': 1, 'task-9': 0}}, -54.23911289142383
INFO:root:  found pattern {'cost': 159.23714749985191, 'length': 94, 'task_mapping': {'task-1': 1, 'task-4': 0, 'task-6': 1}}, -41.03148141112074
INFO:root:  found pattern {'cost': 198.97402580721985, 'length': 94, 'task_mapping': {'task-1': 1, 'task-4': 0, 'task-6': 1, 'task-9': 0}}, -1.2946031037528059
INFO:root:  found pattern {'cost': 155.46902758678442, 'length': 94, 'task_mapping': {'task-0': 1, 'task-1': 1, 'task-4': 0}}, -0.46570737965409137
INFO:root:Relaxation 0.8882080122039298 is worse than best obj 0.7988380753376622
INFO:root:subproblem objective was non-negative; ending the iteration.
INFO:root:master model solution (0.888208) is pruned by best-so-far solution (0.798838).
INFO:root:branching
fixed_task_mapping={'task-9': 0, 'task-6': 1, 'task-7': 1, 'task-1': 1, 'task-8': 1, 'task-5': 1, 'task-3': 1, 'task-2': 0}
INFO:root:PATTERNS 25
INFO:root:    {'cost': 14.97292074082727, 'length': 8, 'task_mapping': {'task-0': 1, 'task-7': 1}}
INFO:root:    {'cost': 92.51576144648583, 'length': 43, 'task_mapping': {'task-3': 1, 'task-9': 0}}
INFO:root:    {'cost': 2.3908258245739686, 'length': 2, 'task_mapping': {'task-8': 1}}
INFO:root:    {'cost': 117.29802214133024, 'length': 77, 'task_mapping': {'task-3': 1, 'task-5': 1}}
INFO:root:    {'cost': 99.88802366809944, 'length': 43, 'task_mapping': {'task-3': 1, 'task-6': 1, 'task-9': 0}}
INFO:root:    {'cost': 9.128958979754287, 'length': 6, 'task_mapping': {'task-0': 1, 'task-8': 1}}
INFO:root:    {'cost': 152.9239557541474, 'length': 95, 'task_mapping': {'task-1': 1, 'task-4': 1, 'task-9': 0}}
INFO:root:    {'cost': 17.01843674062575, 'length': 22, 'task_mapping': {'task-6': 1, 'task-7': 1}}
INFO:root:    {'cost': 154.20542672721385, 'length': 94, 'task_mapping': {'task-1': 1, 'task-5': 1}}
INFO:root:    {'cost': 146.25997752417607, 'length': 95, 'task_mapping': {'task-4': 1, 'task-5': 1}}
INFO:root:    {'cost': 113.18707744677951, 'length': 95, 'task_mapping': {'task-1': 1, 'task-4': 1}}
INFO:root:    {'cost': 152.9239557541474, 'length': 95, 'task_mapping': {'task-1': 1, 'task-4': 1, 'task-9': 0}}
INFO:root:    {'cost': 8.137898879280815, 'length': 6, 'task_mapping': {'task-0': 1}}
INFO:root:    {'cost': 139.5247291300057, 'length': 95, 'task_mapping': {'task-0': 0, 'task-4': 1, 'task-9': 0}}
INFO:root:    {'cost': 165.4501919689244, 'length': 93, 'task_mapping': {'task-0': 0, 'task-2': 0, 'task-3': 1}}
INFO:root:    {'cost': 74.32169051593432, 'length': 41, 'task_mapping': {'task-0': 1, 'task-9': 0}}
INFO:root:    {'cost': 73.90596464755356, 'length': 77, 'task_mapping': {'task-5': 1}}
INFO:root:    {'cost': 116.94245346229292, 'length': 95, 'task_mapping': {'task-4': 1, 'task-9': 0}}
INFO:root:    {'cost': 75.01086447410279, 'length': 43, 'task_mapping': {'task-3': 1, 'task-8': 1}}
INFO:root:    {'cost': 91.5550815578517, 'length': 77, 'task_mapping': {'task-5': 1, 'task-6': 1}}
INFO:root:    {'cost': 144.46354105933682, 'length': 94, 'task_mapping': {'task-1': 1, 'task-2': 0, 'task-7': 1}}
INFO:root:    {'cost': 138.60220594478122, 'length': 83, 'task_mapping': {'task-0': 1, 'task-2': 0, 'task-3': 1}}
INFO:root:    {'cost': 137.2873490925819, 'length': 95, 'task_mapping': {'task-4': 1, 'task-8': 1, 'task-9': 0}}
INFO:root:    {'cost': 11.694667069324185, 'length': 22, 'task_mapping': {'task-6': 1}}
INFO:root:    {'cost': 201.95799273829627, 'length': 95, 'task_mapping': {'task-1': 1, 'task-2': 0, 'task-4': 1, 'task-9': 0}}
INFO:root:  found pattern {'cost': 162.22111443092837, 'length': 95, 'task_mapping': {'task-1': 1, 'task-2': 0, 'task-4': 1}}, -39.43797831167541
INFO:root:  found pattern {'cost': 208.1941737572863, 'length': 94, 'task_mapping': {'task-1': 1, 'task-2': 0, 'task-5': 1}}, -4.851562278302495
INFO:root:Relaxation 0.9041974099476611 is worse than best obj 0.7988380753376622
INFO:root:subproblem objective was non-negative; ending the iteration.
INFO:root:master model solution (0.904197) is pruned by best-so-far solution (0.798838).
INFO:root:branching
fixed_task_mapping={'task-9': 0, 'task-6': 1, 'task-7': 1, 'task-1': 1, 'task-8': 1, 'task-5': 0}
INFO:root:PATTERNS 29
INFO:root:    {'cost': 14.97292074082727, 'length': 8, 'task_mapping': {'task-0': 1, 'task-7': 1}}
INFO:root:    {'cost': 153.47952666793242, 'length': 95, 'task_mapping': {'task-4': 1, 'task-5': 0}}
INFO:root:    {'cost': 92.51576144648583, 'length': 43, 'task_mapping': {'task-3': 1, 'task-9': 0}}
INFO:root:    {'cost': 2.3908258245739686, 'length': 2, 'task_mapping': {'task-8': 1}}
INFO:root:    {'cost': 19.75663981835942, 'length': 24, 'task_mapping': {'task-2': 1, 'task-6': 1}}
INFO:root:    {'cost': 215.17540364459992, 'length': 94, 'task_mapping': {'task-1': 1, 'task-2': 1, 'task-3': 0, 'task-5': 0}}
INFO:root:    {'cost': 229.19790726715485, 'length': 95, 'task_mapping': {'task-1': 1, 'task-4': 1, 'task-5': 0, 'task-9': 0}}
INFO:root:    {'cost': 159.26847836662043, 'length': 95, 'task_mapping': {'task-1': 1, 'task-3': 0, 'task-4': 1}}
INFO:root:    {'cost': 178.3415658067852, 'length': 94, 'task_mapping': {'task-1': 1, 'task-3': 0, 'task-6': 1, 'task-9': 0}}
INFO:root:    {'cost': 99.88802366809944, 'length': 43, 'task_mapping': {'task-3': 1, 'task-6': 1, 'task-9': 0}}
INFO:root:    {'cost': 9.128958979754287, 'length': 6, 'task_mapping': {'task-0': 1, 'task-8': 1}}
INFO:root:    {'cost': 52.49189898666381, 'length': 43, 'task_mapping': {'task-2': 1, 'task-3': 1}}
INFO:root:    {'cost': 152.9239557541474, 'length': 95, 'task_mapping': {'task-1': 1, 'task-4': 1, 'task-9': 0}}
INFO:root:    {'cost': 17.01843674062575, 'length': 22, 'task_mapping': {'task-6': 1, 'task-7': 1}}
INFO:root:    {'cost': 113.18707744677951, 'length': 95, 'task_mapping': {'task-1': 1, 'task-4': 1}}
INFO:root:    {'cost': 152.9239557541474, 'length': 95, 'task_mapping': {'task-1': 1, 'task-4': 1, 'task-9': 0}}
INFO:root:    {'cost': 8.137898879280815, 'length': 6, 'task_mapping': {'task-0': 1}}
INFO:root:    {'cost': 139.5247291300057, 'length': 95, 'task_mapping': {'task-0': 0, 'task-4': 1, 'task-9': 0}}
INFO:root:    {'cost': 165.4501919689244, 'length': 93, 'task_mapping': {'task-0': 0, 'task-2': 0, 'task-3': 1}}
INFO:root:    {'cost': 74.32169051593432, 'length': 41, 'task_mapping': {'task-0': 1, 'task-9': 0}}
INFO:root:    {'cost': 170.77538267771396, 'length': 83, 'task_mapping': {'task-2': 0, 'task-5': 0}}
INFO:root:    {'cost': 123.2869760747659, 'length': 95, 'task_mapping': {'task-3': 0, 'task-4': 1}}
INFO:root:    {'cost': 138.90145213159252, 'length': 94, 'task_mapping': {'task-1': 1, 'task-2': 1, 'task-3': 0}}
INFO:root:    {'cost': 116.94245346229292, 'length': 95, 'task_mapping': {'task-4': 1, 'task-9': 0}}
INFO:root:    {'cost': 75.01086447410279, 'length': 43, 'task_mapping': {'task-3': 1, 'task-8': 1}}
INFO:root:    {'cost': 144.46354105933682, 'length': 94, 'task_mapping': {'task-1': 1, 'task-2': 0, 'task-7': 1}}
INFO:root:    {'cost': 193.24460421273656, 'length': 82, 'task_mapping': {'task-0': 1, 'task-3': 0, 'task-5': 0, 'task-7': 1}}
INFO:root:    {'cost': 101.87369338632016, 'length': 83, 'task_mapping': {'task-2': 0, 'task-6': 1}}
INFO:root:    {'cost': 85.15102435796277, 'length': 94, 'task_mapping': {'task-1': 1}}
INFO:root:  found pattern {'cost': 147.5027262684161, 'length': 78, 'task_mapping': {'task-3': 1, 'task-5': 0, 'task-6': 1}}, -39.350421458397406
INFO:root:  found pattern {'cost': 214.8786390124247, 'length': 94, 'task_mapping': {'task-1': 1, 'task-3': 0, 'task-5': 0, 'task-6': 1}}, -11.077629394677167
INFO:root:  found pattern {'cost': 56.317231440940084, 'length': 43, 'task_mapping': {'task-3': 1, 'task-6': 1}}, -8.120245139791534
INFO:root:  found pattern {'cost': 189.46102895978692, 'length': 95, 'task_mapping': {'task-1': 1, 'task-4': 1, 'task-5': 0}}, -14.911543314468986
INFO:root:  found pattern {'cost': 168.7972380925838, 'length': 94, 'task_mapping': {'task-1': 1, 'task-5': 0, 'task-6': 1}}, -1.5551556152186805
INFO:root:  found pattern {'cost': 160.85178888954604, 'length': 95, 'task_mapping': {'task-4': 1, 'task-5': 0, 'task-6': 1}}, -4.418723914704515
INFO:root:  found pattern {'cost': 11.694667069324185, 'length': 22, 'task_mapping': {'task-6': 1}}, -0.09631906699403281
INFO:root:Relaxation 0.8058565496706773 is worse than best obj 0.7988380753376622
INFO:root:subproblem objective was non-negative; ending the iteration.
INFO:root:master model solution (0.805857) is pruned by best-so-far solution (0.798838).
INFO:root:branching
fixed_task_mapping={'task-9': 0, 'task-6': 1, 'task-7': 1, 'task-1': 1, 'task-8': 0}
INFO:root:PATTERNS 33
INFO:root:    {'cost': 14.97292074082727, 'length': 8, 'task_mapping': {'task-0': 1, 'task-7': 1}}
INFO:root:    {'cost': 153.47952666793242, 'length': 95, 'task_mapping': {'task-4': 1, 'task-5': 0}}
INFO:root:    {'cost': 92.51576144648583, 'length': 43, 'task_mapping': {'task-3': 1, 'task-9': 0}}
INFO:root:    {'cost': 19.75663981835942, 'length': 24, 'task_mapping': {'task-2': 1, 'task-6': 1}}
INFO:root:    {'cost': 215.17540364459992, 'length': 94, 'task_mapping': {'task-1': 1, 'task-2': 1, 'task-3': 0, 'task-5': 0}}
INFO:root:    {'cost': 229.19790726715485, 'length': 95, 'task_mapping': {'task-1': 1, 'task-4': 1, 'task-5': 0, 'task-9': 0}}
INFO:root:    {'cost': 159.26847836662043, 'length': 95, 'task_mapping': {'task-1': 1, 'task-3': 0, 'task-4': 1}}
INFO:root:    {'cost': 117.29802214133024, 'length': 77, 'task_mapping': {'task-3': 1, 'task-5': 1}}
INFO:root:    {'cost': 178.3415658067852, 'length': 94, 'task_mapping': {'task-1': 1, 'task-3': 0, 'task-6': 1, 'task-9': 0}}
INFO:root:    {'cost': 99.88802366809944, 'length': 43, 'task_mapping': {'task-3': 1, 'task-6': 1, 'task-9': 0}}
INFO:root:    {'cost': 52.49189898666381, 'length': 43, 'task_mapping': {'task-2': 1, 'task-3': 1}}
INFO:root:    {'cost': 152.9239557541474, 'length': 95, 'task_mapping': {'task-1': 1, 'task-4': 1, 'task-9': 0}}
INFO:root:    {'cost': 17.01843674062575, 'length': 22, 'task_mapping': {'task-6': 1, 'task-7': 1}}
INFO:root:    {'cost': 154.20542672721385, 'length': 94, 'task_mapping': {'task-1': 1, 'task-5': 1}}
INFO:root:    {'cost': 146.25997752417607, 'length': 95, 'task_mapping': {'task-4': 1, 'task-5': 1}}
INFO:root:    {'cost': 81.57499150134238, 'length': 77, 'task_mapping': {'task-2': 1, 'task-5': 1}}
INFO:root:    {'cost': 113.18707744677951, 'length': 95, 'task_mapping': {'task-1': 1, 'task-4': 1}}
INFO:root:    {'cost': 152.9239557541474, 'length': 95, 'task_mapping': {'task-1': 1, 'task-4': 1, 'task-9': 0}}
INFO:root:    {'cost': 8.137898879280815, 'length': 6, 'task_mapping': {'task-0': 1}}
INFO:root:    {'cost': 200.56765187208376, 'length': 78, 'task_mapping': {'task-5': 0, 'task-7': 1, 'task-8': 0}}
INFO:root:    {'cost': 139.5247291300057, 'length': 95, 'task_mapping': {'task-0': 0, 'task-4': 1, 'task-9': 0}}
INFO:root:    {'cost': 117.84899775804013, 'length': 76, 'task_mapping': {'task-8': 0}}
INFO:root:    {'cost': 165.4501919689244, 'length': 93, 'task_mapping': {'task-0': 0, 'task-2': 0, 'task-3': 1}}
INFO:root:    {'cost': 74.32169051593432, 'length': 41, 'task_mapping': {'task-0': 1, 'task-9': 0}}
INFO:root:    {'cost': 170.77538267771396, 'length': 83, 'task_mapping': {'task-2': 0, 'task-5': 0}}
INFO:root:    {'cost': 123.2869760747659, 'length': 95, 'task_mapping': {'task-3': 0, 'task-4': 1}}
INFO:root:    {'cost': 136.28527196597588, 'length': 76, 'task_mapping': {'task-0': 1, 'task-8': 0}}
INFO:root:    {'cost': 73.90596464755356, 'length': 77, 'task_mapping': {'task-5': 1}}
INFO:root:    {'cost': 138.90145213159252, 'length': 94, 'task_mapping': {'task-1': 1, 'task-2': 1, 'task-3': 0}}
INFO:root:    {'cost': 116.94245346229292, 'length': 95, 'task_mapping': {'task-4': 1, 'task-9': 0}}
INFO:root:    {'cost': 169.75497759283041, 'length': 83, 'task_mapping': {'task-2': 0, 'task-8': 0}}
INFO:root:    {'cost': 131.23242527780369, 'length': 94, 'task_mapping': {'task-1': 1, 'task-3': 0}}
INFO:root:    {'cost': 137.41985742894178, 'length': 95, 'task_mapping': {'task-0': 1, 'task-4': 1, 'task-9': 0}}
INFO:root:  found pattern {'cost': 188.4406238749034, 'length': 95, 'task_mapping': {'task-1': 1, 'task-4': 1, 'task-8': 0}}, -42.59545132991625
INFO:root:  found pattern {'cost': 272.71017709412536, 'length': 94, 'task_mapping': {'task-1': 1, 'task-5': 1, 'task-8': 0, 'task-9': 0}}, -13.413405718288388
INFO:root:  found pattern {'cost': 228.17750218227133, 'length': 95, 'task_mapping': {'task-1': 1, 'task-4': 1, 'task-8': 0, 'task-9': 0}}, -9.386825645341268
INFO:root:Relaxation 0.9921892516147804 is worse than best obj 0.7988380753376622
INFO:root:subproblem objective was non-negative; ending the iteration.
INFO:root:master model solution (0.992189) is pruned by best-so-far solution (0.798838).
INFO:root:branching
fixed_task_mapping={'task-9': 0, 'task-6': 1, 'task-7': 1, 'task-1': 0}
INFO:root:PATTERNS 26
INFO:root:    {'cost': 14.97292074082727, 'length': 8, 'task_mapping': {'task-0': 1, 'task-7': 1}}
INFO:root:    {'cost': 153.47952666793242, 'length': 95, 'task_mapping': {'task-4': 1, 'task-5': 0}}
INFO:root:    {'cost': 111.9986502771497, 'length': 73, 'task_mapping': {'task-1': 0}}
INFO:root:    {'cost': 92.51576144648583, 'length': 43, 'task_mapping': {'task-3': 1, 'task-9': 0}}
INFO:root:    {'cost': 2.3908258245739686, 'length': 2, 'task_mapping': {'task-8': 1}}
INFO:root:    {'cost': 19.75663981835942, 'length': 24, 'task_mapping': {'task-2': 1, 'task-6': 1}}
INFO:root:    {'cost': 117.29802214133024, 'length': 77, 'task_mapping': {'task-3': 1, 'task-5': 1}}
INFO:root:    {'cost': 99.88802366809944, 'length': 43, 'task_mapping': {'task-3': 1, 'task-6': 1, 'task-9': 0}}
INFO:root:    {'cost': 9.128958979754287, 'length': 6, 'task_mapping': {'task-0': 1, 'task-8': 1}}
INFO:root:    {'cost': 52.49189898666381, 'length': 43, 'task_mapping': {'task-2': 1, 'task-3': 1}}
INFO:root:    {'cost': 17.01843674062575, 'length': 22, 'task_mapping': {'task-6': 1, 'task-7': 1}}
INFO:root:    {'cost': 146.25997752417607, 'length': 95, 'task_mapping': {'task-4': 1, 'task-5': 1}}
INFO:root:    {'cost': 81.57499150134238, 'length': 77, 'task_mapping': {'task-2': 1, 'task-5': 1}}
INFO:root:    {'cost': 8.137898879280815, 'length': 6, 'task_mapping': {'task-0': 1}}
INFO:root:    {'cost': 200.56765187208376, 'length': 78, 'task_mapping': {'task-5': 0, 'task-7': 1, 'task-8': 0}}
INFO:root:    {'cost': 149.9866978869349, 'length': 83, 'task_mapping': {'task-1': 0, 'task-2': 0}}
INFO:root:    {'cost': 139.5247291300057, 'length': 95, 'task_mapping': {'task-0': 0, 'task-4': 1, 'task-9': 0}}
INFO:root:    {'cost': 117.84899775804013, 'length': 76, 'task_mapping': {'task-8': 0}}
INFO:root:    {'cost': 165.4501919689244, 'length': 93, 'task_mapping': {'task-0': 0, 'task-2': 0, 'task-3': 1}}
INFO:root:    {'cost': 193.4039522025579, 'length': 95, 'task_mapping': {'task-1': 0, 'task-4': 1, 'task-9': 0}}
INFO:root:    {'cost': 74.32169051593432, 'length': 41, 'task_mapping': {'task-0': 1, 'task-9': 0}}
INFO:root:    {'cost': 189.8941147745888, 'length': 76, 'task_mapping': {'task-1': 0, 'task-8': 0}}
INFO:root:    {'cost': 170.77538267771396, 'length': 83, 'task_mapping': {'task-2': 0, 'task-5': 0}}
INFO:root:    {'cost': 123.2869760747659, 'length': 95, 'task_mapping': {'task-3': 0, 'task-4': 1}}
INFO:root:    {'cost': 201.16728393692375, 'length': 76, 'task_mapping': {'task-0': 1, 'task-1': 0, 'task-2': 1, 'task-8': 0}}
INFO:root:    {'cost': 233.71303744682888, 'length': 95, 'task_mapping': {'task-3': 1, 'task-4': 1, 'task-5': 0, 'task-9': 0}}
INFO:root:  found pattern {'cost': 157.27121620373615, 'length': 95, 'task_mapping': {'task-0': 1, 'task-1': 0, 'task-4': 1}}, -35.93475314886604
INFO:root:  found pattern {'cost': 199.60442327765975, 'length': 73, 'task_mapping': {'task-1': 0, 'task-3': 1, 'task-6': 1, 'task-9': 0}}, -10.744766611839282
INFO:root:  found pattern {'cost': 262.45835457180897, 'length': 95, 'task_mapping': {'task-1': 0, 'task-4': 1, 'task-5': 1, 'task-9': 0}}, -4.136154958753323
INFO:root:  found pattern {'cost': 200.7762144241715, 'length': 95, 'task_mapping': {'task-1': 0, 'task-4': 1, 'task-6': 1, 'task-9': 0}}, -3.646214474323429
INFO:root:  found pattern {'cost': 159.86754497029182, 'length': 73, 'task_mapping': {'task-1': 0, 'task-3': 1, 'task-6': 1}}, -0.9340583444464272
INFO:root:  found pattern {'cost': 222.72147626444107, 'length': 95, 'task_mapping': {'task-1': 0, 'task-4': 1, 'task-5': 1}}, -0.934058344446413
INFO:root:  found pattern {'cost': 122.97505480730945, 'length': 73, 'task_mapping': {'task-0': 1, 'task-1': 0, 'task-6': 1}}, -0.38911108161053676
INFO:root:Relaxation 0.8929257834524944 is worse than best obj 0.7988380753376622
INFO:root:subproblem objective was non-negative; ending the iteration.
INFO:root:master model solution (0.892926) is pruned by best-so-far solution (0.798838).
INFO:root:branching
fixed_task_mapping={'task-9': 0, 'task-6': 0}
INFO:root:PATTERNS 26
INFO:root:    {'cost': 14.97292074082727, 'length': 8, 'task_mapping': {'task-0': 1, 'task-7': 1}}
INFO:root:    {'cost': 153.47952666793242, 'length': 95, 'task_mapping': {'task-4': 1, 'task-5': 0}}
INFO:root:    {'cost': 111.9986502771497, 'length': 73, 'task_mapping': {'task-1': 0}}
INFO:root:    {'cost': 92.51576144648583, 'length': 43, 'task_mapping': {'task-3': 1, 'task-9': 0}}
INFO:root:    {'cost': 2.3908258245739686, 'length': 2, 'task_mapping': {'task-8': 1}}
INFO:root:    {'cost': 215.17540364459992, 'length': 94, 'task_mapping': {'task-1': 1, 'task-2': 1, 'task-3': 0, 'task-5': 0}}
INFO:root:    {'cost': 229.19790726715485, 'length': 95, 'task_mapping': {'task-1': 1, 'task-4': 1, 'task-5': 0, 'task-9': 0}}
INFO:root:    {'cost': 159.26847836662043, 'length': 95, 'task_mapping': {'task-1': 1, 'task-3': 0, 'task-4': 1}}
INFO:root:    {'cost': 117.29802214133024, 'length': 77, 'task_mapping': {'task-3': 1, 'task-5': 1}}
INFO:root:    {'cost': 9.128958979754287, 'length': 6, 'task_mapping': {'task-0': 1, 'task-8': 1}}
INFO:root:    {'cost': 52.49189898666381, 'length': 43, 'task_mapping': {'task-2': 1, 'task-3': 1}}
INFO:root:    {'cost': 152.9239557541474, 'length': 95, 'task_mapping': {'task-1': 1, 'task-4': 1, 'task-9': 0}}
INFO:root:    {'cost': 154.20542672721385, 'length': 94, 'task_mapping': {'task-1': 1, 'task-5': 1}}
INFO:root:    {'cost': 146.25997752417607, 'length': 95, 'task_mapping': {'task-4': 1, 'task-5': 1}}
INFO:root:    {'cost': 81.57499150134238, 'length': 77, 'task_mapping': {'task-2': 1, 'task-5': 1}}
INFO:root:    {'cost': 113.18707744677951, 'length': 95, 'task_mapping': {'task-1': 1, 'task-4': 1}}
INFO:root:    {'cost': 152.9239557541474, 'length': 95, 'task_mapping': {'task-1': 1, 'task-4': 1, 'task-9': 0}}
INFO:root:    {'cost': 8.137898879280815, 'length': 6, 'task_mapping': {'task-0': 1}}
INFO:root:    {'cost': 107.42942257807289, 'length': 48, 'task_mapping': {'task-3': 1, 'task-6': 0}}
INFO:root:    {'cost': 200.56765187208376, 'length': 78, 'task_mapping': {'task-5': 0, 'task-7': 1, 'task-8': 0}}
INFO:root:    {'cost': 149.9866978869349, 'length': 83, 'task_mapping': {'task-1': 0, 'task-2': 0}}
INFO:root:    {'cost': 139.5247291300057, 'length': 95, 'task_mapping': {'task-0': 0, 'task-4': 1, 'task-9': 0}}
INFO:root:    {'cost': 44.82287213287499, 'length': 43, 'task_mapping': {'task-3': 1}}
INFO:root:    {'cost': 136.28527196597588, 'length': 76, 'task_mapping': {'task-0': 1, 'task-8': 0}}
INFO:root:    {'cost': 167.00112238558785, 'length': 78, 'task_mapping': {'task-5': 0, 'task-6': 0, 'task-7': 1}}
INFO:root:    {'cost': 94.50143116470655, 'length': 83, 'task_mapping': {'task-2': 0}}
INFO:root:  found pattern {'cost': 154.14594088987837, 'length': 95, 'task_mapping': {'task-1': 1, 'task-4': 1, 'task-6': 0}}, -25.44648850665135
INFO:root:  found pattern {'cost': 240.02717675361077, 'length': 94, 'task_mapping': {'task-1': 1, 'task-5': 1, 'task-6': 0, 'task-9': 0}}, -18.383616745660305
INFO:root:  found pattern {'cost': 193.88281919724628, 'length': 95, 'task_mapping': {'task-1': 1, 'task-4': 1, 'task-6': 0, 'task-9': 0}}, -8.67141832579209
INFO:root:  found pattern {'cost': 6.659887389654353, 'length': 8, 'task_mapping': {'task-7': 1}}, -1.5749001959926199
INFO:root:Relaxation 0.8778903714170763 is worse than best obj 0.7988380753376622
INFO:root:subproblem objective was non-negative; ending the iteration.
INFO:root:master model solution (0.877890) is pruned by best-so-far solution (0.798838).
INFO:root:search ended
INFO:root:solution quality 0.798838
