Tasks lengths
[42, 48, 52, 63, 67, 68, 70, 86, 86, 87, 95, 100, 114, 119, 130, 133, 133, 137, 138, 159, 159, 160, 160, 176, 177, 177, 182, 197, 206, 230, 238, 259, 272, 273, 275, 303, 316, 322, 344, 380]
12
Using license file /home/benedond/gurobi.lic
Using gurobi.env file
Set parameter Threads to value 1
Academic license - for non-commercial use only
Changed value of parameter TimeLimit to 300.0
   Prev: inf  Min: 0.0  Max: inf  Default: inf
Gurobi Optimizer version 9.0.1 build v9.0.1rc0 (linux64)
Optimize a model with 536 rows, 492 columns and 1954 nonzeros
Model fingerprint: 0x1356d3dd
Model has 480 quadratic objective terms
Variable types: 12 continuous, 480 integer (480 binary)
Coefficient statistics:
  Matrix range     [1e+00, 4e+02]
  Objective range  [0e+00, 0e+00]
  QObjective range [6e-04, 5e-03]
  Bounds range     [1e+00, 1e+00]
  RHS range        [1e+00, 1e+03]
Presolve removed 223 rows and 216 columns
Presolve time: 0.05s
Presolved: 577 rows, 540 columns, 1872 nonzeros
Variable types: 0 continuous, 540 integer (264 binary)

Root relaxation: objective 0.000000e+00, 130 iterations, 0.00 seconds

    Nodes    |    Current Node    |     Objective Bounds      |     Work
 Expl Unexpl |  Obj  Depth IntInf | Incumbent    BestBd   Gap | It/Node Time

     0     0    0.00000    0   46          -    0.00000      -     -    0s
     0     0    0.00000    0   59          -    0.00000      -     -    0s
     0     0    0.00000    0   48          -    0.00000      -     -    0s
     0     0    0.00000    0   48          -    0.00000      -     -    0s
H    0     0                       5.5161848    0.00000   100%     -    0s
     0     2    0.00119    0   44    5.51618    0.00119   100%     -    0s
H  135   116                       5.2483476    0.07767  98.5%  13.9    0s
H  189   146                       5.2398362    0.12805  97.6%  16.6    0s
H  247   175                       5.1619998    0.16109  96.9%  16.4    0s
H  274   197                       4.8168817    0.16109  96.7%  16.7    0s
H  358   244                       4.6424816    0.17559  96.2%  17.1    0s
*  414   274              63       4.3107924    0.17559  95.9%  15.4    0s
*  418   270              66       4.3101004    0.17559  95.9%  15.3    0s
H  576   366                       4.3087171    1.12267  73.9%  22.6    0s
H  603   365                       4.0521131    1.12267  72.3%  23.1    0s
H  657   381                       3.8990485    1.12267  71.2%  23.1    1s
H  712   388                       3.8951938    1.12267  71.2%  21.9    1s
H  739   371                       3.6957498    1.24141  66.4%  22.1    1s
H  928   443                       3.6913874    1.26187  65.8%  23.1    1s
H 1036   471                       3.6155165    1.28301  64.5%  22.3    1s
H 1117   492                       3.5899142    1.28883  64.1%  21.9    1s
H 1198   520                       3.5794011    1.34760  62.4%  21.4    1s
H 1716   890                       3.5752837    1.46682  59.0%  19.4    1s
H 2239  1261                       3.5732701    1.52205  57.4%  19.2    2s
H 2508  1451                       3.5433236    1.54626  56.4%  18.7    2s
H 2815  1633                       3.4612354    1.55567  55.1%  18.5    2s
  5262  3298    1.85381   25  109    3.46124    1.64984  52.3%  20.0    5s
* 5841  3404              88       3.4177365    1.64984  51.7%  20.7    5s
H 6232  3402                       3.3886355    1.64984  51.3%  20.6    6s
 12990  5909    2.13525   40   51    3.38864    1.77718  47.6%  19.2   10s
 15314  7190    2.99320   60  138    3.38864    2.99320  11.7%  18.8   15s
 17026  7539    3.19468   41   71    3.38864    3.06928  9.42%  19.2   20s
 21854  8145    3.19674   51   71    3.38864    3.10068  8.50%  18.9   25s
 27664  8565    3.13638   51   75    3.38864    3.12362  7.82%  18.2   30s
*31287  8163              76       3.3726786    3.13275  7.11%  17.8   33s
H31290  7574                       3.3514326    3.13275  6.53%  17.8   33s
H31317  6783                       3.3277880    3.13277  5.86%  17.8   33s
H31344  6136                       3.3124725    3.13297  5.42%  17.8   33s
H31399  5588                       3.3024259    3.13330  5.12%  17.8   33s
 32925  5653     cutoff   60         3.30243    3.13969  4.93%  17.8   35s
 38434  6622    3.24859   52   97    3.30243    3.15670  4.41%  17.7   40s
 44572  7262    3.18755   48   58    3.30243    3.17609  3.83%  17.6   45s
 51698  7394    3.28254   55   54    3.30243    3.19669  3.20%  17.5   50s
 59099  6905 infeasible   54         3.30243    3.21600  2.62%  17.3   55s
 66588  5799     cutoff   51         3.30243    3.23481  2.05%  17.2   60s
H68249  3498                       3.2719701    3.23881  1.01%  17.1   61s

Cutting planes:
  Gomory: 20
  Cover: 19
  Implied bound: 251
  Projected implied bound: 13
  Clique: 1
  MIR: 33
  StrongCG: 2
  Flow cover: 67
  GUB cover: 5
  Zero half: 5
  Relax-and-lift: 19

Explored 72671 nodes (1225482 simplex iterations) in 64.28 seconds
Thread count was 1 (of 4 available processors)

Solution count 10: 3.27197 3.30243 3.31247 ... 3.54332

Optimal solution found (tolerance 1.00e-04)
Best objective 3.271970077858e+00, best bound 3.271652623584e+00, gap 0.0097%
