Academic license - for non-commercial use only - expires 2022-11-10
Using license file /home/benedond/Apps/gurobi/gurobi950/gurobi.lic
Using gurobi.env file
Set parameter Threads to value 1
Changed value of parameter TimeLimit to 1200.0
   Prev: inf  Min: 0.0  Max: inf  Default: inf
Gurobi Optimizer version 9.1.2 build v9.1.2rc0 (linux64)
Thread count: 2 physical cores, 4 logical processors, using up to 1 threads
Optimize a model with 1615 rows, 1484 columns and 7112 nonzeros
Model fingerprint: 0xe6bffa00
Variable types: 52 continuous, 1432 integer (1432 binary)
Coefficient statistics:
  Matrix range     [2e-01, 5e+02]
  Objective range  [1e-02, 4e-01]
  Bounds range     [1e+00, 1e+00]
  RHS range        [1e+00, 1e+03]
Found heuristic solution: objective 4.7634917
Presolve removed 189 rows and 103 columns
Presolve time: 0.03s
Presolved: 1426 rows, 1381 columns, 6463 nonzeros
Found heuristic solution: objective 4.6219917
Variable types: 51 continuous, 1330 integer (1330 binary)

Root relaxation: objective 2.091880e+00, 1644 iterations, 0.04 seconds

    Nodes    |    Current Node    |     Objective Bounds      |     Work
 Expl Unexpl |  Obj  Depth IntInf | Incumbent    BestBd   Gap | It/Node Time

     0     0    2.09188    0  130    4.62199    2.09188  54.7%     -    0s
H    0     0                       3.9716250    2.09188  47.3%     -    0s
H    0     0                       3.7631083    2.09188  44.4%     -    0s
     0     0    2.19906    0  119    3.76311    2.19906  41.6%     -    0s
H    0     0                       3.4716083    2.19906  36.7%     -    0s
     0     0    2.20860    0  115    3.47161    2.20860  36.4%     -    0s
     0     0    2.32590    0  143    3.47161    2.32590  33.0%     -    0s
H    0     0                       3.3396083    2.32590  30.4%     -    0s
     0     0    2.34086    0  121    3.33961    2.34086  29.9%     -    0s
     0     0    2.40132    0  124    3.33961    2.40132  28.1%     -    0s
     0     0    2.44391    0  110    3.33961    2.44391  26.8%     -    0s
     0     0    2.45102    0  138    3.33961    2.45102  26.6%     -    0s
     0     0    2.45257    0  152    3.33961    2.45257  26.6%     -    0s
     0     0    2.45283    0  155    3.33961    2.45283  26.6%     -    0s
     0     0    2.45285    0  155    3.33961    2.45285  26.6%     -    0s
     0     0    2.48948    0  131    3.33961    2.48948  25.5%     -    0s
     0     0    2.50407    0  140    3.33961    2.50407  25.0%     -    0s
     0     0    2.51067    0  134    3.33961    2.51067  24.8%     -    0s
     0     0    2.51192    0  137    3.33961    2.51192  24.8%     -    0s
     0     0    2.51245    0  136    3.33961    2.51245  24.8%     -    0s
     0     0    2.51269    0  155    3.33961    2.51269  24.8%     -    0s
     0     0    2.51275    0  154    3.33961    2.51275  24.8%     -    0s
     0     0    2.52622    0  110    3.33961    2.52622  24.4%     -    0s
     0     0    2.52761    0  123    3.33961    2.52761  24.3%     -    0s
     0     0    2.52911    0  157    3.33961    2.52911  24.3%     -    0s
     0     0    2.52956    0  158    3.33961    2.52956  24.3%     -    0s
     0     0    2.52982    0  156    3.33961    2.52982  24.2%     -    0s
     0     0    2.53739    0  152    3.33961    2.53739  24.0%     -    0s
     0     0    2.53989    0  141    3.33961    2.53989  23.9%     -    0s
     0     0    2.54299    0  149    3.33961    2.54299  23.9%     -    0s
     0     0    2.54330    0  161    3.33961    2.54330  23.8%     -    0s
     0     0    2.54349    0  166    3.33961    2.54349  23.8%     -    0s
     0     0    2.55077    0  124    3.33961    2.55077  23.6%     -    0s
H    0     0                       3.1531750    2.55077  19.1%     -    0s
     0     0    2.55262    0  138    3.15318    2.55262  19.0%     -    0s
     0     0    2.55347    0  144    3.15318    2.55347  19.0%     -    0s
     0     0    2.55384    0  134    3.15318    2.55384  19.0%     -    0s
     0     0    2.55400    0  132    3.15318    2.55400  19.0%     -    0s
     0     0    2.56232    0  169    3.15318    2.56232  18.7%     -    0s
     0     0    2.56544    0  160    3.15318    2.56544  18.6%     -    0s
     0     0    2.56921    0  176    3.15318    2.56921  18.5%     -    0s
     0     0    2.56974    0  178    3.15318    2.56974  18.5%     -    0s
     0     0    2.57016    0  170    3.15318    2.57016  18.5%     -    0s
     0     0    2.57017    0  171    3.15318    2.57017  18.5%     -    0s
     0     0    2.57535    0  161    3.15318    2.57535  18.3%     -    0s
     0     0    2.57642    0  144    3.15318    2.57642  18.3%     -    0s
     0     0    2.57691    0  167    3.15318    2.57691  18.3%     -    0s
     0     0    2.57776    0  160    3.15318    2.57776  18.2%     -    0s
     0     0    2.57781    0  165    3.15318    2.57781  18.2%     -    0s
     0     0    2.58090    0  146    3.15318    2.58090  18.1%     -    0s
     0     0    2.58283    0  145    3.15318    2.58283  18.1%     -    0s
     0     0    2.58302    0  157    3.15318    2.58302  18.1%     -    0s
     0     0    2.58620    0  169    3.15318    2.58620  18.0%     -    0s
     0     0    2.58772    0  181    3.15318    2.58772  17.9%     -    1s
     0     0    2.58831    0  172    3.15318    2.58831  17.9%     -    1s
     0     0    2.58852    0  195    3.15318    2.58852  17.9%     -    1s
     0     0    2.59223    0  143    3.15318    2.59223  17.8%     -    1s
H    0     0                       3.1521167    2.59223  17.8%     -    1s
     0     0    2.59311    0  150    3.15212    2.59311  17.7%     -    1s
     0     0    2.59323    0  153    3.15212    2.59323  17.7%     -    1s
     0     0    2.59487    0  136    3.15212    2.59487  17.7%     -    1s
     0     0    2.59487    0  136    3.15212    2.59487  17.7%     -    1s
     0     2    2.59763    0  136    3.15212    2.59763  17.6%     -    1s
H   26    25                       3.0505917    2.60358  14.7%   180    2s
H   27    26                       3.0440833    2.60358  14.5%   176    2s
H   78    75                       3.0354167    2.60358  14.2%   116    2s
H   81    78                       3.0286417    2.60358  14.0%   117    2s
H  108    98                       3.0260167    2.60358  14.0%   102    2s
   478   380    2.97332   62   57    3.02602    2.63802  12.8%  85.4    5s
   620   471    2.91237   42  210    3.02602    2.69548  10.9%  70.4   10s
H  661   471                       3.0183334    2.70840  10.3%  99.5   14s
   671   475     cutoff   33         3.01833    2.70840  10.3%   103   15s
H  687   457                       2.9634667    2.70840  8.61%   107   15s
H  739   445                       2.9414167    2.70840  7.92%   118   16s
   887   458    2.75201   31  156    2.94142    2.72318  7.42%   137   20s
  1233   471     cutoff   35         2.94142    2.76436  6.02%   145   25s
  1692   465     cutoff   56         2.94142    2.78836  5.20%   144   30s
  2091   554    2.90830   56   69    2.94142    2.80821  4.53%   143   35s
  2575   674    2.89128   41   50    2.94142    2.82699  3.89%   142   40s
  3101   801    2.84532   24  189    2.94142    2.84032  3.44%   137   45s
  3584   875    2.86869   28  106    2.94142    2.85223  3.03%   134   50s
  4084   899    2.92512   30  103    2.94142    2.86365  2.64%   134   55s
  4723   821     cutoff   37         2.94142    2.88029  2.08%   131   60s
  5312   697     cutoff   40         2.94142    2.89362  1.63%   129   65s
  6156   237     cutoff   58         2.94142    2.91970  0.74%   122   70s

Cutting planes:
  Gomory: 8
  Cover: 48
  Implied bound: 4
  Clique: 1
  MIR: 238
  StrongCG: 3
  Flow cover: 450
  GUB cover: 2
  Inf proof: 2
  RLT: 9
  Relax-and-lift: 163

Explored 6439 nodes (771689 simplex iterations) in 70.91 seconds
Thread count was 1 (of 4 available processors)

Solution count 10: 2.94142 2.96347 3.01833 ... 3.15318

Optimal solution found (tolerance 1.00e-04)
Best objective 2.941416691852e+00, best bound 2.941416691852e+00, gap 0.0000%
