Academic license - for non-commercial use only - expires 2022-11-10
Using license file /home/benedond/Apps/gurobi/gurobi950/gurobi.lic
Using gurobi.env file
Set parameter Threads to value 1
Changed value of parameter TimeLimit to 1200.0
   Prev: inf  Min: 0.0  Max: inf  Default: inf
Gurobi Optimizer version 9.1.2 build v9.1.2rc0 (linux64)
Thread count: 2 physical cores, 4 logical processors, using up to 1 threads
Optimize a model with 4794 rows, 2380 columns and 18630 nonzeros
Model fingerprint: 0x3d2784ec
Variable types: 34 continuous, 2346 integer (2312 binary)
Coefficient statistics:
  Matrix range     [2e-01, 5e+03]
  Objective range  [6e-04, 2e-01]
  Bounds range     [1e+00, 1e+00]
  RHS range        [1e+00, 5e+03]

---------------------------------------------------------------------------
Multi-objectives: starting optimization with 1 objectives ... 
---------------------------------------------------------------------------
---------------------------------------------------------------------------

Multi-objectives: optimize objective 1 (min avg power cons) ...
---------------------------------------------------------------------------

Optimize a model with 4794 rows, 2380 columns and 18630 nonzeros
Model fingerprint: 0x3d9b2cb0
Variable types: 34 continuous, 2346 integer (2312 binary)
Coefficient statistics:
  Matrix range     [2e-01, 5e+03]
  Objective range  [6e-04, 2e-01]
  Bounds range     [1e+00, 1e+00]
  RHS range        [1e+00, 5e+03]
Presolve removed 2882 rows and 1417 columns
Presolve time: 0.19s
Presolved: 1912 rows, 963 columns, 7235 nonzeros
Variable types: 31 continuous, 932 integer (901 binary)

Root relaxation: objective 1.409295e+00, 427 iterations, 0.01 seconds

    Nodes    |    Current Node    |     Objective Bounds      |     Work
 Expl Unexpl |  Obj  Depth IntInf | Incumbent    BestBd   Gap | It/Node Time

     0     0    1.40929    0   80          -    1.40929      -     -    0s
     0     0    1.42721    0  143          -    1.42721      -     -    0s
H    0     0                       3.9201218    1.42721  63.6%     -    0s
H    0     0                       3.6773718    1.42721  61.2%     -    0s
     0     0    1.42721    0  105    3.67737    1.42721  61.2%     -    0s
     0     0    1.50423    0  100    3.67737    1.50423  59.1%     -    0s
H    0     0                       3.6337564    1.50423  58.6%     -    0s
     0     0    1.50423    0  100    3.63376    1.50423  58.6%     -    0s
     0     0    1.55764    0  130    3.63376    1.55764  57.1%     -    0s
H    0     0                       3.2786731    1.55764  52.5%     -    0s
     0     0    1.55837    0  120    3.27867    1.55837  52.5%     -    0s
     0     0    1.61375    0  165    3.27867    1.61375  50.8%     -    0s
H    0     0                       3.2716731    1.61375  50.7%     -    0s
     0     0    1.63079    0  107    3.27167    1.63079  50.2%     -    0s
     0     0    1.68787    0  133    3.27167    1.68787  48.4%     -    0s
H    0     0                       3.2623269    1.68787  48.3%     -    0s
     0     0    1.69869    0  166    3.26233    1.69869  47.9%     -    0s
     0     0    1.72255    0  151    3.26233    1.72255  47.2%     -    0s
     0     0    1.72989    0  170    3.26233    1.72989  47.0%     -    0s
     0     0    1.73183    0  176    3.26233    1.73183  46.9%     -    0s
     0     0    1.73233    0  169    3.26233    1.73233  46.9%     -    0s
     0     0    1.73239    0  171    3.26233    1.73239  46.9%     -    0s
     0     0    1.75252    0  141    3.26233    1.75252  46.3%     -    0s
     0     0    1.75971    0  189    3.26233    1.75971  46.1%     -    0s
     0     0    1.76241    0  146    3.26233    1.76241  46.0%     -    0s
     0     0    1.76433    0  138    3.26233    1.76433  45.9%     -    0s
     0     0    1.76527    0  145    3.26233    1.76527  45.9%     -    0s
     0     0    1.76587    0  141    3.26233    1.76587  45.9%     -    0s
     0     0    1.76619    0  145    3.26233    1.76619  45.9%     -    0s
     0     0    1.76626    0  179    3.26233    1.76626  45.9%     -    0s
     0     0    1.78458    0  157    3.26233    1.78458  45.3%     -    0s
     0     0    1.78661    0  156    3.26233    1.78661  45.2%     -    0s
     0     0    1.78669    0  159    3.26233    1.78669  45.2%     -    0s
     0     0    1.79510    0  218    3.26233    1.79510  45.0%     -    0s
H    0     0                       3.2050192    1.79510  44.0%     -    0s
     0     0    1.79742    0  155    3.20502    1.79742  43.9%     -    0s
     0     0    1.79825    0  229    3.20502    1.79825  43.9%     -    0s
     0     0    1.79835    0  167    3.20502    1.79835  43.9%     -    0s
     0     0    1.80654    0  212    3.20502    1.80654  43.6%     -    1s
     0     0    1.80787    0  229    3.20502    1.80787  43.6%     -    1s
     0     0    1.80848    0  224    3.20502    1.80848  43.6%     -    1s
     0     0    1.80862    0  222    3.20502    1.80862  43.6%     -    1s
     0     0    1.81285    0  149    3.20502    1.81285  43.4%     -    1s
     0     0    1.81487    0  189    3.20502    1.81487  43.4%     -    1s
     0     0    1.81527    0  191    3.20502    1.81527  43.4%     -    1s
     0     0    1.81541    0  195    3.20502    1.81541  43.4%     -    1s
     0     0    1.81854    0  193    3.20502    1.81854  43.3%     -    1s
     0     0    1.82030    0  171    3.20502    1.82030  43.2%     -    1s
     0     0    1.82057    0  170    3.20502    1.82057  43.2%     -    1s
     0     0    1.82068    0  172    3.20502    1.82068  43.2%     -    1s
     0     0    1.82288    0  179    3.20502    1.82288  43.1%     -    1s
     0     0    1.82417    0  195    3.20502    1.82417  43.1%     -    1s
     0     0    1.82435    0  192    3.20502    1.82435  43.1%     -    1s
     0     0    1.82600    0  157    3.20502    1.82600  43.0%     -    1s
     0     0    1.82640    0  179    3.20502    1.82640  43.0%     -    1s
     0     0    1.82683    0  191    3.20502    1.82683  43.0%     -    1s
     0     0    1.82694    0  166    3.20502    1.82694  43.0%     -    1s
     0     0    1.82759    0  178    3.20502    1.82759  43.0%     -    1s
     0     0    1.82759    0  174    3.20502    1.82759  43.0%     -    1s
H    0     0                       3.1697308    1.82759  42.3%     -    1s
     0     2    1.82759    0  172    3.16973    1.82759  42.3%     -    1s
H  108    84                       3.1351346    1.82975  41.6%  66.5    2s
H  130    92                       3.1225064    1.82975  41.4%  61.2    2s
H  135    95                       3.1195449    1.83362  41.2%  68.2    2s
H  162   116                       3.1081218    1.83362  41.0%  63.9    2s
H  189   129                       3.0762949    1.83362  40.4%  60.5    2s
   525   378    2.63480   14  225    3.07629    1.86844  39.3%  51.4    5s
H  534   364                       3.0754615    1.86844  39.2%  50.6    5s
H  542   351                       3.0707885    1.86844  39.2%  49.8    6s
   557   363    1.88100   10  120    3.07079    1.86855  39.2%  63.3   10s
H  607   375                       3.0683526    1.87907  38.8%  84.1   12s
H  688   411                       3.0609744    1.87907  38.6%  90.7   14s
   778   435    2.10788   24  118    3.06097    1.87999  38.6%  90.7   15s
   998   543    2.14293   49  109    3.06097    1.88362  38.5%   102   20s
  1748   904    2.08326   33  145    3.06097    1.91571  37.4%   100   25s
  2279  1298    2.13641   25  129    3.06097    1.94078  36.6%   104   30s
  2958  1760    2.16918   20  116    3.06097    1.97607  35.4%   101   36s
  3637  2228    2.46833   41  108    3.06097    1.98675  35.1%  95.2   40s
H 4143  2574                       3.0428782    2.00817  34.0%  93.7   43s
  4448  2794    2.16665   24  110    3.04288    2.01968  33.6%  92.9   45s
  5177  3304    2.39419   50  118    3.04288    2.03966  33.0%  91.5   50s
  5736  3733    3.02499   81   64    3.04288    2.05069  32.6%  91.4   55s
  6156  4057    2.31048   20  170    3.04288    2.06451  32.2%  94.4   60s
  6814  4522    2.54313   48  140    3.04288    2.07932  31.7%  95.5   65s
  7262  4833    2.50965   64  115    3.04288    2.08922  31.3%  97.1   70s
  7847  5199    2.29278   30   93    3.04288    2.10314  30.9%  99.1   75s
  8307  5537    2.18126   46  138    3.04288    2.10782  30.7%   100   81s
  8597  5770    2.88558  105   76    3.04288    2.11084  30.6%   101   85s
  9357  6285    2.97258   45   96    3.04288    2.12056  30.3%   101   90s
  9945  6661    2.57601   23  168    3.04288    2.12770  30.1%   103   95s
H10202  6814                       3.0379487    2.13111  29.9%   104  122s
 10222  6828    2.60909   71  178    3.03795    2.13111  29.9%   104  125s
 10243  6842    2.90346   54  194    3.03795    2.13111  29.9%   104  130s
 10260  6853    2.77965   67  217    3.03795    2.13111  29.9%   103  135s
H10266  6513                       3.0173718    2.13111  29.4%   103  137s
H10268  6187                       3.0063846    2.13111  29.1%   103  138s
 10275  6192    2.90716   33  187    3.00638    2.13111  29.1%   103  140s
 10291  6203    2.94693   32  176    3.00638    2.13111  29.1%   103  145s
 10307  6213    2.54850   63  216    3.00638    2.13111  29.1%   103  150s
 10322  6223    2.60909   71  236    3.00638    2.13111  29.1%   103  155s
H10327  5913                       2.9898334    2.13111  28.7%   103  157s
H10331  5617                       2.9745962    2.13111  28.4%   103  159s
 10335  5620    2.66560   31  200    2.97460    2.13111  28.4%   103  160s
 10350  5630    2.73188   70  192    2.97460    2.13111  28.4%   103  165s
 10365  5640    2.97460   40  187    2.97460    2.13111  28.4%   102  170s
 10380  5650    2.53691   74  202    2.97460    2.13111  28.4%   102  175s
 10394  5659    2.65311   35  211    2.97460    2.13111  28.4%   102  180s
 10408  5669    2.17462   34  215    2.97460    2.13111  28.4%   102  185s
 10422  5678    2.60909   71  208    2.97460    2.13111  28.4%   102  190s
 10425  5680    2.64407   26  217    2.97460    2.13111  28.4%   102  196s
 10428  5684    2.13111   26  180    2.97460    2.13111  28.4%   106  200s
 10433  5687    2.13111   28  148    2.97460    2.13111  28.4%   106  205s
 10445  5695    2.27328   34  171    2.97460    2.13111  28.4%   106  210s
 10482  5720    2.13111   53  184    2.97460    2.13111  28.4%   108  215s
 10567  5753    2.13111   29  137    2.97460    2.13111  28.4%   108  220s
 10733  5823    2.13111   42  174    2.97460    2.13111  28.4%   110  225s
 10822  5880    2.66804   86  129    2.97460    2.13111  28.4%   112  230s
 11077  5999    2.79738   64  108    2.97460    2.13111  28.4%   112  235s
 11320  6071    2.61656   59  132    2.97460    2.13111  28.4%   112  240s
 11746  6215    2.43825   78  144    2.97460    2.13111  28.4%   112  245s
 11818  6238    2.32550   48  116    2.97460    2.13111  28.4%   112  250s
 12071  6332    2.52198   76  118    2.97460    2.13111  28.4%   113  255s
 12372  6422    2.19871   47  181    2.97460    2.13111  28.4%   113  260s
 12680  6557    2.30247   44  134    2.97460    2.13111  28.4%   115  265s
 13040  6677    2.40989   55   95    2.97460    2.13111  28.4%   116  270s
 13373  6794    2.60272   42   86    2.97460    2.13111  28.4%   117  275s
 13660  6902    2.83260   44  164    2.97460    2.13111  28.4%   118  280s
 13928  6968    2.17007   38  164    2.97460    2.13111  28.4%   119  285s
 14240  7081    2.85633   54  117    2.97460    2.13111  28.4%   119  290s
 14419  7136    2.92862   55  127    2.97460    2.13111  28.4%   121  295s
 14495  7152    2.47604   61  139    2.97460    2.13111  28.4%   123  300s
 14815  7268    2.66436   41   94    2.97460    2.13442  28.2%   124  305s
 15026  7365    2.75834   39  184    2.97460    2.13934  28.1%   125  310s
 15169  7424    2.40184   43  141    2.97460    2.14457  27.9%   126  315s
 15427  7519    2.39692   39  109    2.97460    2.14642  27.8%   127  320s
 15792  7645    2.60300   38  152    2.97460    2.14944  27.7%   127  325s
 16036  7722    2.50057   37  105    2.97460    2.15222  27.6%   129  330s
 16115  7759    2.77457   57  141    2.97460    2.15263  27.6%   130  335s
 16333  7799    2.67705   58  134    2.97460    2.15604  27.5%   132  340s
 16629  7912    2.95511   59   69    2.97460    2.15925  27.4%   132  345s
 16720  7926    2.66548   41  110    2.97460    2.16029  27.4%   133  355s
 16830  7959    2.89837   71   65    2.97460    2.16055  27.4%   134  360s
 16994  7998    2.85057   44  187    2.97460    2.16320  27.3%   135  365s
 17247  8049    2.68457   37  158    2.97460    2.16394  27.3%   135  370s
 17408  8100    2.32315   39  223    2.97460    2.16514  27.2%   137  375s
 17552  8156    2.80690   61  168    2.97460    2.16545  27.2%   138  380s
 17769  8211    2.31199   53  135    2.97460    2.16821  27.1%   139  385s
 17953  8266    2.45153   51  138    2.97460    2.17003  27.0%   140  390s
 18163  8325    2.57187   41  216    2.97460    2.17191  27.0%   141  395s
 18325  8358    2.36667   38  159    2.97460    2.17259  27.0%   143  400s
 18530  8438    2.35532   52  149    2.97460    2.17329  26.9%   143  405s
 18664  8498    2.39023   42  198    2.97460    2.17403  26.9%   144  410s
 18901  8560    2.40498   41  120    2.97460    2.17548  26.9%   145  415s
 19132  8619    2.85602   38  263    2.97460    2.17642  26.8%   146  420s
 19405  8694    2.51281   50  144    2.97460    2.18036  26.7%   147  425s
 19624  8773    2.51515   46  141    2.97460    2.18224  26.6%   148  430s
 19898  8862    2.44827   51  149    2.97460    2.18440  26.6%   148  435s
 20126  8961    2.62725   38  142    2.97460    2.18535  26.5%   149  440s
 20286  8984    2.92454   74  110    2.97460    2.18565  26.5%   151  445s
 20446  9021    2.56770   51  187    2.97460    2.18803  26.4%   152  450s
 20563  9069    2.61577   62  135    2.97460    2.18831  26.4%   153  455s
 20857  9160    2.71560   74  138    2.97460    2.18938  26.4%   153  460s
 21020  9197    2.51087   47   84    2.97460    2.19095  26.3%   154  465s
 21222  9259    2.41879   51  169    2.97460    2.19235  26.3%   155  470s
 21415  9325    2.61021   51  177    2.97460    2.19408  26.2%   156  475s
 21631  9404    2.44887   53  152    2.97460    2.19749  26.1%   157  480s
 21942  9467    2.43738   51  107    2.97460    2.20018  26.0%   157  485s
 22238  9584    2.58290   67  170    2.97460    2.20198  26.0%   157  490s
 22405  9648    2.96607   56  119    2.97460    2.20340  25.9%   158  495s
 22640  9717    2.84043   45  172    2.97460    2.20479  25.9%   159  500s
 22743  9753    2.45803   71  129    2.97460    2.20584  25.8%   159  505s
 22911  9805    2.81368   43  186    2.97460    2.20650  25.8%   160  510s
 23118  9870    2.92722   81  105    2.97460    2.20911  25.7%   160  515s
 23416  9972    2.40621   51  157    2.97460    2.21133  25.7%   161  520s
 23678 10028    2.83014   62  140    2.97460    2.21291  25.6%   161  525s
 23939 10128    2.74048   58  149    2.97460    2.21656  25.5%   162  530s
 24144 10189     cutoff   56         2.97460    2.21723  25.5%   163  535s
 24433 10270    2.67888   70  121    2.97460    2.22047  25.4%   163  540s
 24698 10345    2.96047   76  118    2.97460    2.22441  25.2%   164  545s
 24888 10386    2.52786   37  201    2.97460    2.22813  25.1%   165  550s
 25105 10389    2.82868   36  106    2.97460    2.23249  24.9%   165  555s
 25270 10430    2.85711   59  104    2.97460    2.23310  24.9%   166  560s
 25559 10503    2.56585   45  189    2.97460    2.23488  24.9%   167  565s
 25783 10557    2.46957   49  260    2.97460    2.23648  24.8%   167  570s
 26041 10629    2.70149   49  154    2.97460    2.23876  24.7%   168  575s
 26337 10714    2.67996   38  120    2.97460    2.23985  24.7%   168  580s
 26552 10771    2.53882   54   98    2.97460    2.24147  24.6%   169  585s
 26854 10842    2.42767   47  109    2.97460    2.24300  24.6%   169  590s
 27115 10910    2.64444   47  162    2.97460    2.24448  24.5%   169  595s
 27358 10968    2.51713   58   79    2.97460    2.24561  24.5%   169  600s
 27609 11076    2.57993   49  181    2.97460    2.24666  24.5%   170  605s
 27824 11195    2.76394   84  106    2.97460    2.24853  24.4%   170  610s
 28009 11284    2.83766   56  114    2.97460    2.25108  24.3%   171  615s
 28252 11431    2.34809   38  115    2.97460    2.25300  24.3%   171  620s
 28450 11562    2.89150   68  107    2.97460    2.25417  24.2%   172  625s
 28613 11673    2.62406   72  129    2.97460    2.25504  24.2%   173  630s
 28925 11825    2.63726   39  138    2.97460    2.25902  24.1%   172  635s
 29145 11954    2.64738   61  151    2.97460    2.26099  24.0%   173  640s
 29398 12092    2.37157   59  145    2.97460    2.26208  24.0%   173  645s
 29669 12247    2.35321   56  105    2.97460    2.26321  23.9%   173  650s
 29783 12299    2.37388   35  138    2.97460    2.26357  23.9%   174  655s
 29915 12389    2.75865   49  140    2.97460    2.26519  23.8%   175  660s
 30084 12470    2.47493   60  155    2.97460    2.26576  23.8%   176  665s
 30295 12593    2.48424   57  134    2.97460    2.26760  23.8%   176  670s
 30577 12753    2.57842   55   98    2.97460    2.26897  23.7%   176  675s
 30825 12914     cutoff   64         2.97460    2.27212  23.6%   176  680s
 30950 12987    2.93158   45   85    2.97460    2.27356  23.6%   177  685s
 31008 13036     cutoff   74         2.97460    2.27356  23.6%   178  690s
 31201 13141    2.56633   45  123    2.97460    2.27411  23.5%   178  695s
 31465 13300    2.49088   46  115    2.97460    2.27552  23.5%   178  714s
 31485 13312    2.31109   46  129    2.97460    2.27573  23.5%   178  715s
 31691 13438    2.93853   52  192    2.97460    2.27731  23.4%   179  720s
 31892 13569    2.49859   44  206    2.97460    2.27848  23.4%   179  725s
 32184 13756    2.77441   41  130    2.97460    2.28025  23.3%   179  730s
 32352 13846     cutoff   45         2.97460    2.28254  23.3%   179  735s
 32515 13937    2.52582   43   89    2.97460    2.28297  23.3%   180  740s
 32727 14058    2.49733   48  194    2.97460    2.28540  23.2%   180  745s
 32905 14145    2.71202   41  237    2.97460    2.28603  23.1%   181  750s
 33078 14238    2.66399   73   91    2.97460    2.28669  23.1%   181  755s
 33422 14407    2.56490   66  131    2.97460    2.29003  23.0%   181  760s
 33717 14602    2.89250   77  104    2.97460    2.29279  22.9%   181  765s
 33996 14737    2.43073   53  126    2.97460    2.29506  22.8%   181  770s
 34223 14841    2.45333   60  142    2.97460    2.29598  22.8%   181  775s
 34560 15023    2.38333   47  109    2.97460    2.29731  22.8%   181  780s
 34734 15128    2.44906   60  129    2.97460    2.29805  22.7%   181  785s
 34848 15195    2.31800   42  180    2.97460    2.29913  22.7%   181  790s
 35213 15403     cutoff   44         2.97460    2.30145  22.6%   181  795s
 35383 15473    2.63226   53  151    2.97460    2.30276  22.6%   181  800s
 35515 15540    2.76460   54  129    2.97460    2.30369  22.6%   182  805s
 35790 15711    2.39885   43  197    2.97460    2.30589  22.5%   182  810s
 35976 15818    2.74341   78  143    2.97460    2.30600  22.5%   182  815s
 36173 15918    2.86794   52  165    2.97460    2.30623  22.5%   183  820s
 36375 16046    2.54257   60  167    2.97460    2.30691  22.4%   183  825s
 36502 16109    2.66238   52  103    2.97460    2.30801  22.4%   184  830s
 36862 16300    2.85971   57  100    2.97460    2.31025  22.3%   184  835s
 37182 16458    2.95515   67  109    2.97460    2.31245  22.3%   183  840s
 37395 16592    2.61923   53  119    2.97460    2.31338  22.2%   184  845s
 37527 16645     cutoff   42         2.97460    2.31408  22.2%   184  850s
 37596 16688    2.82463   54  108    2.97460    2.31411  22.2%   185  855s
 37810 16813    2.91841   65   84    2.97460    2.31515  22.2%   185  860s
 38074 16967    2.61393   71  142    2.97460    2.31650  22.1%   185  865s
 38212 17063    2.91795   59  150    2.97460    2.31700  22.1%   186  870s
 38511 17213    2.67180   43  158    2.97460    2.31880  22.0%   186  875s
 38692 17329    2.92697   54  114    2.97460    2.31934  22.0%   186  880s
 38960 17459    2.61767   63  126    2.97460    2.32150  22.0%   186  885s
 39190 17596    2.62193   36  131    2.97460    2.32247  21.9%   186  890s
 39461 17748    2.44541   56  132    2.97460    2.32350  21.9%   186  895s
 39624 17848    2.57774   40  129    2.97460    2.32406  21.9%   187  900s
 39896 18005    2.77701   43  148    2.97460    2.32508  21.8%   187  905s
 40065 18096    2.82943   44   92    2.97460    2.32600  21.8%   187  911s
 40289 18201    2.45237   47  120    2.97460    2.32672  21.8%   187  915s
 40488 18304    2.43674   49  174    2.97460    2.32811  21.7%   187  920s
 40613 18397     cutoff   66         2.97460    2.32814  21.7%   188  925s
 40823 18494    2.65500   33  229    2.97460    2.32931  21.7%   188  930s
 41035 18623    2.65494   68  161    2.97460    2.32955  21.7%   188  935s
 41275 18755     cutoff   75         2.97460    2.33023  21.7%   188  940s
 41559 18915    2.80231   68   77    2.97460    2.33078  21.6%   188  945s
 41884 19077    2.67278   56  155    2.97460    2.33298  21.6%   188  950s
 42088 19194    2.67896   39  108    2.97460    2.33350  21.6%   188  955s
 42365 19328    2.68013   42   96    2.97460    2.33468  21.5%   188  960s
 42683 19502    2.38767   56  156    2.97460    2.33557  21.5%   188  965s
 42899 19597    2.72859   66  102    2.97460    2.33606  21.5%   188  970s
 43167 19740    2.70792   46  212    2.97460    2.33744  21.4%   188  975s
 43359 19853     cutoff   38         2.97460    2.33770  21.4%   189  980s
 43561 20019    2.90915   76   73    2.97460    2.33824  21.4%   189  985s
 43918 20196    2.62254   46  221    2.97460    2.33941  21.4%   188  990s
 44085 20291    2.92697   76  101    2.97460    2.34031  21.3%   189  995s
 44281 20417     cutoff   58         2.97460    2.34065  21.3%   189 1000s
 44526 20583    2.84599   67  128    2.97460    2.34174  21.3%   189 1005s
 44725 20678    2.95732   72  170    2.97460    2.34242  21.3%   189 1010s
 44976 20821    2.82902   50  148    2.97460    2.34345  21.2%   189 1015s
 45250 20965    2.63545   42  172    2.97460    2.34467  21.2%   189 1020s
 45564 21116    2.36217   55  183    2.97460    2.34571  21.1%   189 1025s
 45842 21292    2.63513   39  242    2.97460    2.34635  21.1%   189 1030s
 46021 21405    2.44937   67  105    2.97460    2.34671  21.1%   189 1035s
 46347 21604    2.77370   49  149    2.97460    2.34765  21.1%   189 1040s
 46463 21657    2.40868   48  170    2.97460    2.34820  21.1%   189 1045s
 46714 21818    2.89562   73   62    2.97460    2.34873  21.0%   189 1050s
 46887 21901    2.38800   51  178    2.97460    2.34911  21.0%   189 1055s
 47151 22075    2.57948   47  119    2.97460    2.34941  21.0%   189 1060s
 47342 22170    2.76999   56  158    2.97460    2.34973  21.0%   189 1065s
 47514 22263    2.69156   70  110    2.97460    2.35024  21.0%   190 1070s
 47714 22389    2.35462   54  161    2.97460    2.35077  21.0%   190 1075s
 47918 22541    2.48599   69   84    2.97460    2.35107  21.0%   190 1080s
 48196 22685    2.45848   35  232    2.97460    2.35133  21.0%   190 1085s
 48329 22771    2.87450   66   98    2.97460    2.35156  20.9%   190 1090s
 48576 22902    2.88481   77   66    2.97460    2.35245  20.9%   190 1095s
 48849 23072    2.60055   50  147    2.97460    2.35290  20.9%   190 1100s
 49100 23254    2.84201   43  121    2.97460    2.35336  20.9%   190 1105s
 49375 23430    2.81247   62  141    2.97460    2.35427  20.9%   190 1110s
 49560 23507    2.49067   56  101    2.97460    2.35501  20.8%   190 1115s
 49810 23639    2.37205   48  132    2.97460    2.35579  20.8%   190 1120s
 50070 23790    2.79036   40  173    2.97460    2.35606  20.8%   190 1125s
 50197 23863 infeasible   68         2.97460    2.35621  20.8%   190 1130s
 50403 23988     cutoff   80         2.97460    2.35666  20.8%   191 1135s
 50564 24089    2.55968   63  117    2.97460    2.35725  20.8%   191 1140s
 50781 24188    2.89701   60  107    2.97460    2.35780  20.7%   191 1145s
 51029 24324    2.53543   48  107    2.97460    2.35838  20.7%   191 1150s
 51378 24563    2.48980   60  134    2.97460    2.35889  20.7%   191 1155s
 51646 24689     cutoff   56         2.97460    2.35928  20.7%   191 1160s
 51816 24768    2.54507   68   85    2.97460    2.35990  20.7%   191 1165s
 52112 24905    2.61561   46  109    2.97460    2.36044  20.6%   191 1170s
 52398 25060    2.56390   70  120    2.97460    2.36078  20.6%   190 1175s
 52602 25195     cutoff   51         2.97460    2.36114  20.6%   190 1180s
 52818 25314     cutoff   69         2.97460    2.36166  20.6%   191 1185s
 53088 25457    2.60502   75  111    2.97460    2.36217  20.6%   190 1190s
 53268 25558    2.72834   44  218    2.97460    2.36268  20.6%   191 1195s

Cutting planes:
  Gomory: 3
  Cover: 188
  Implied bound: 283
  Projected implied bound: 31
  Clique: 2
  MIR: 612
  Flow cover: 671
  GUB cover: 14
  RLT: 7
  Relax-and-lift: 780

Explored 53487 nodes (10209937 simplex iterations) in 1200.00 seconds
Thread count was 1 (of 4 available processors)

Solution count 10: 2.9746 2.98983 3.00638 ... 3.07546

Time limit reached
Best objective 2.974596166620e+00, best bound 2.363392574103e+00, gap 20.5474%

---------------------------------------------------------------------------
Multi-objectives: stopped in 1200.02 seconds, solution count 10
Time Limit reached

