Academic license - for non-commercial use only - expires 2022-11-10
Using license file /home/benedond/Apps/gurobi/gurobi950/gurobi.lic
Using gurobi.env file
Set parameter Threads to value 1
Changed value of parameter TimeLimit to 1200.0
   Prev: inf  Min: 0.0  Max: inf  Default: inf
Gurobi Optimizer version 9.1.2 build v9.1.2rc0 (linux64)
Thread count: 2 physical cores, 4 logical processors, using up to 1 threads
Optimize a model with 4256 rows, 2112 columns and 16510 nonzeros
Model fingerprint: 0x8acb3488
Variable types: 32 continuous, 2080 integer (2048 binary)
Coefficient statistics:
  Matrix range     [2e-01, 5e+03]
  Objective range  [7e-04, 2e-01]
  Bounds range     [1e+00, 1e+00]
  RHS range        [1e+00, 5e+03]

---------------------------------------------------------------------------
Multi-objectives: starting optimization with 1 objectives ... 
---------------------------------------------------------------------------
---------------------------------------------------------------------------

Multi-objectives: optimize objective 1 (min avg power cons) ...
---------------------------------------------------------------------------

Optimize a model with 4256 rows, 2112 columns and 16510 nonzeros
Model fingerprint: 0x0367f607
Variable types: 32 continuous, 2080 integer (2048 binary)
Coefficient statistics:
  Matrix range     [2e-01, 5e+03]
  Objective range  [7e-04, 2e-01]
  Bounds range     [1e+00, 1e+00]
  RHS range        [1e+00, 5e+03]
Presolve removed 2694 rows and 1325 columns
Presolve time: 0.15s
Presolved: 1562 rows, 787 columns, 5911 nonzeros
Variable types: 27 continuous, 760 integer (733 binary)

Root relaxation: objective 1.435671e+00, 364 iterations, 0.01 seconds

    Nodes    |    Current Node    |     Objective Bounds      |     Work
 Expl Unexpl |  Obj  Depth IntInf | Incumbent    BestBd   Gap | It/Node Time

     0     0    1.43567    0   74          -    1.43567      -     -    0s
H    0     0                       3.9359571    1.43567  63.5%     -    0s
     0     0    1.44954    0  120    3.93596    1.44954  63.2%     -    0s
     0     0    1.44954    0   77    3.93596    1.44954  63.2%     -    0s
     0     0    1.51259    0  134    3.93596    1.51259  61.6%     -    0s
H    0     0                       3.5020571    1.51259  56.8%     -    0s
     0     0    1.56093    0  117    3.50206    1.56093  55.4%     -    0s
     0     0    1.60463    0   91    3.50206    1.60463  54.2%     -    0s
H    0     0                       3.4002786    1.60463  52.8%     -    0s
     0     0    1.62258    0  109    3.40028    1.62258  52.3%     -    0s
     0     0    1.68297    0  101    3.40028    1.68297  50.5%     -    0s
H    0     0                       3.3983429    1.68297  50.5%     -    0s
     0     0    1.71380    0  111    3.39834    1.71380  49.6%     -    0s
     0     0    1.73348    0  103    3.39834    1.73348  49.0%     -    0s
H    0     0                       3.3768000    1.73348  48.7%     -    0s
     0     0    1.73923    0  109    3.37680    1.73923  48.5%     -    0s
     0     0    1.75204    0  148    3.37680    1.75204  48.1%     -    0s
H    0     0                       3.2626572    1.75204  46.3%     -    0s
     0     0    1.75751    0  156    3.26266    1.75751  46.1%     -    0s
     0     0    1.75854    0  158    3.26266    1.75854  46.1%     -    0s
     0     0    1.75886    0  156    3.26266    1.75886  46.1%     -    0s
     0     0    1.75900    0  158    3.26266    1.75900  46.1%     -    0s
     0     0    1.75902    0  161    3.26266    1.75902  46.1%     -    0s
     0     0    1.77456    0  121    3.26266    1.77456  45.6%     -    0s
H    0     0                       3.2453000    1.77456  45.3%     -    0s
     0     0    1.77876    0  133    3.24530    1.77876  45.2%     -    0s
     0     0    1.78015    0  126    3.24530    1.78015  45.1%     -    0s
     0     0    1.78083    0  130    3.24530    1.78083  45.1%     -    0s
     0     0    1.78140    0  141    3.24530    1.78140  45.1%     -    0s
     0     0    1.78184    0  143    3.24530    1.78184  45.1%     -    0s
     0     0    1.78196    0  142    3.24530    1.78196  45.1%     -    0s
     0     0    1.79432    0  142    3.24530    1.79432  44.7%     -    0s
     0     0    1.79698    0  145    3.24530    1.79698  44.6%     -    0s
     0     0    1.79939    0  150    3.24530    1.79939  44.6%     -    0s
     0     0    1.79995    0  173    3.24530    1.79995  44.5%     -    0s
     0     0    1.80021    0  146    3.24530    1.80021  44.5%     -    0s
     0     0    1.80024    0  168    3.24530    1.80024  44.5%     -    0s
     0     0    1.80486    0  159    3.24530    1.80486  44.4%     -    0s
     0     0    1.80624    0  145    3.24530    1.80624  44.3%     -    0s
     0     0    1.80676    0  162    3.24530    1.80676  44.3%     -    0s
     0     0    1.80697    0  144    3.24530    1.80697  44.3%     -    0s
     0     0    1.80701    0  151    3.24530    1.80701  44.3%     -    0s
     0     0    1.81062    0  168    3.24530    1.81062  44.2%     -    0s
     0     0    1.81134    0  163    3.24530    1.81134  44.2%     -    0s
     0     0    1.81145    0  167    3.24530    1.81145  44.2%     -    0s
     0     0    1.81334    0  152    3.24530    1.81334  44.1%     -    0s
     0     0    1.81460    0  136    3.24530    1.81460  44.1%     -    0s
     0     0    1.81479    0  149    3.24530    1.81479  44.1%     -    0s
     0     0    1.81486    0  152    3.24530    1.81486  44.1%     -    0s
     0     0    1.81783    0  137    3.24530    1.81783  44.0%     -    0s
     0     0    1.81875    0  138    3.24530    1.81875  44.0%     -    0s
     0     0    1.81886    0  142    3.24530    1.81886  44.0%     -    0s
     0     0    1.81945    0  147    3.24530    1.81945  43.9%     -    0s
     0     0    1.81945    0  146    3.24530    1.81945  43.9%     -    0s
H    0     0                       3.2205714    1.81982  43.5%     -    1s
H    0     0                       3.1557857    1.81982  42.3%     -    1s
     0     2    1.81982    0  145    3.15579    1.81982  42.3%     -    1s
H   52    52                       3.1283929    1.82048  41.8%   141    1s
H  108   108                       3.0940000    1.82048  41.2%  95.9    1s
H  130   130                       3.0620357    1.82048  40.5%  90.0    1s
H  300   260                       3.0132143    1.82306  39.5%  66.6    2s
H  312   262                       2.9894572    1.82647  38.9%  68.6    2s
H  325   259                       2.9807429    1.82647  38.7%  67.4    2s
H  364   286                       2.9776572    1.82688  38.6%  71.5    2s
H  379   301                       2.9528929    1.82688  38.1%  71.8    3s
H  460   346                       2.9333143    1.82722  37.7%  73.5    3s
H  468   342                       2.9132143    1.82722  37.3%  73.3    3s
   518   379    1.96788   37  188    2.91321    1.84674  36.6%  69.5    5s
H  547   377                       2.8980929    1.88625  34.9%  65.8    8s
   563   389    2.16931   65  180    2.89809    1.88680  34.9%  82.1   10s
H  585   383                       2.8962929    1.89203  34.7%  79.0   14s
   588   387    2.09210   24  105    2.89629    1.89274  34.6%  91.3   15s
H  591   367                       2.8920929    1.89780  34.4%  92.3   15s
H  716   423                       2.8650500    1.93758  32.4%   117   18s
   874   487    2.38830   73   65    2.86505    1.93888  32.3%   111   20s
  1970  1060    2.20109   52   85    2.86505    1.97583  31.0%  81.0   25s
  3079  1923    2.29063   38  108    2.86505    2.01088  29.8%  76.2   30s
H 3980  2519                       2.8557929    2.03046  28.9%  77.8   34s
  4007  2548    2.59467   68  116    2.85579    2.03046  28.9%  77.7   35s
H 4527  2895                       2.8518357    2.03999  28.5%  79.1   38s
  4754  3026    2.49811   57   60    2.85184    2.04165  28.4%  79.0   40s
  5283  3390    2.14603   41  161    2.85184    2.04845  28.2%  84.6   45s
  5956  3861 infeasible   29         2.85184    2.05938  27.8%  87.1   50s
  6559  4327    2.82869   86   80    2.85184    2.06872  27.5%  91.0   55s
  6867  4504    2.53575   59  177    2.85184    2.07798  27.1%  92.8   60s
  6892  4528    2.37322   72  119    2.85184    2.07798  27.1%  93.7   65s
  7408  4856     cutoff   40         2.85184    2.08543  26.9%  96.2   70s
H 7409  4819                       2.8377857    2.08543  26.5%  96.2   70s
  8061  5257    2.24030   64  131    2.83779    2.09701  26.1%  97.5   75s
  8621  5586    2.32086   38  125    2.83779    2.10251  25.9%   100   80s
  9152  5916    2.57999   45  100    2.83779    2.10851  25.7%   103   85s
  9886  6374    2.50704   39  122    2.83779    2.11446  25.5%   103   90s
 10203  6593    2.78727   70  146    2.83779    2.11520  25.5%   104  114s
 10208  6596    2.36767   60  186    2.83779    2.11520  25.5%   103  115s
 10225  6608    2.28946  107  211    2.83779    2.11520  25.5%   103  120s
 10242  6619    2.73839   63  208    2.83779    2.11520  25.5%   103  125s
 10260  6631    2.50201   47  203    2.83779    2.11520  25.5%   103  130s
 10278  6643    2.29195   65  196    2.83779    2.11520  25.5%   103  135s
 10295  6654    2.31137   52  196    2.83779    2.11520  25.5%   103  140s
 10312  6666    2.76673   75  212    2.83779    2.11520  25.5%   102  145s
 10330  6678    2.68698   79  206    2.83779    2.11520  25.5%   102  150s
 10346  6688    2.37557   85  209    2.83779    2.11520  25.5%   102  155s
 10362  6699    2.22317   72  201    2.83779    2.11520  25.5%   102  160s
 10380  6711    2.74753  110  200    2.83779    2.11520  25.5%   102  165s
 10399  6724    2.76565   50  203    2.83779    2.11520  25.5%   102  170s
 10406  6730    2.11520   33  175    2.83779    2.11520  25.5%   105  175s
 10414  6732    2.11520   37  171    2.83779    2.11520  25.5%   105  180s
 10437  6747    2.11520   48  143    2.83779    2.11520  25.5%   106  185s
 10605  6823    2.25043   46  112    2.83779    2.11520  25.5%   107  190s
 10903  6956    2.35956   71   70    2.83779    2.11520  25.5%   108  195s
 11241  7124    2.58786  108   74    2.83779    2.11520  25.5%   109  200s
 11706  7297    2.19695   45  169    2.83779    2.11520  25.5%   108  205s
H11809  6929                       2.8315643    2.11520  25.3%   108  209s
 11860  6957    2.23720   48  140    2.83156    2.11520  25.3%   108  210s
 12710  7233    2.61570   76   72    2.83156    2.11520  25.3%   107  215s
 13160  7445    2.44382   81   76    2.83156    2.11520  25.3%   108  220s
 13615  7572    2.35851   38  150    2.83156    2.11520  25.3%   109  225s
 14024  7738    2.72704  110   73    2.83156    2.11520  25.3%   110  230s
H14244  7475                       2.8287572    2.11520  25.2%   110  232s
 14599  7587    2.29984   50  105    2.82876    2.11520  25.2%   110  235s
 14974  7696    2.82525   80   74    2.82876    2.11520  25.2%   111  240s
 15422  7875    2.71440  107  115    2.82876    2.11520  25.2%   112  245s
 15975  8058    2.47798   43  106    2.82876    2.11520  25.2%   113  250s
 16300  8175    2.53057   84   85    2.82876    2.11520  25.2%   114  255s
 16601  8303    2.62262   92   86    2.82876    2.11520  25.2%   115  260s
 17046  8407    2.31858   67  129    2.82876    2.11520  25.2%   116  265s
 17583  8616    2.29347   46  155    2.82876    2.11743  25.1%   116  270s
 17819  8702    2.38431   65  139    2.82876    2.12021  25.0%   118  275s
 18378  8851    2.74208   60   47    2.82876    2.12491  24.9%   118  280s
 18709  8933    2.33215   51  126    2.82876    2.12827  24.8%   118  285s
 19103  9074    2.50856   71  127    2.82876    2.13076  24.7%   119  290s
 19624  9198    2.14617   44  163    2.82876    2.13504  24.5%   119  295s
 19859  9274    2.24666   61  119    2.82876    2.13654  24.5%   120  300s
 20208  9370    2.28315   58  129    2.82876    2.13871  24.4%   121  305s
 20665  9495    2.28245   54  106    2.82876    2.14150  24.3%   121  310s
 21073  9627    2.62767   49   92    2.82876    2.14398  24.2%   122  315s
 21413  9723    2.63674   82   76    2.82876    2.14632  24.1%   122  320s
 21896  9861    2.22320   60  129    2.82876    2.15061  24.0%   122  325s
 22238  9949    2.61488   54  101    2.82876    2.15307  23.9%   123  330s
 22618 10098    2.63548   81  127    2.82876    2.15572  23.8%   123  335s
 23037 10180    2.35676   58  103    2.82876    2.15832  23.7%   123  340s
 23349 10267    2.29848   57  211    2.82876    2.16200  23.6%   124  345s
 23746 10382    2.51874   81   86    2.82876    2.16640  23.4%   124  350s
 24122 10500    2.67015   74  113    2.82876    2.17050  23.3%   125  355s
 24451 10570    2.44336   62  115    2.82876    2.17346  23.2%   126  360s
 24933 10649    2.40490   70  131    2.82876    2.17731  23.0%   126  365s
 25388 10766    2.27932   59  130    2.82876    2.17974  22.9%   127  370s
 25891 10898    2.77977   81  135    2.82876    2.18401  22.8%   127  375s
 26269 11005    2.53867   56  219    2.82876    2.18701  22.7%   128  380s
 26550 11085    2.39909   62  147    2.82876    2.18812  22.6%   128  394s
 26606 11088    2.32198   54  128    2.82876    2.18850  22.6%   128  395s
 26854 11134    2.46822   69  115    2.82876    2.19030  22.6%   128  400s
 27161 11231    2.81093   71  127    2.82876    2.19200  22.5%   129  405s
 27440 11327    2.75957   65  100    2.82876    2.19376  22.4%   130  410s
 27954 11384     cutoff   61         2.82876    2.19728  22.3%   130  415s
 28389 11495     cutoff   64         2.82876    2.19999  22.2%   130  420s
 28840 11683    2.73461   80   86    2.82876    2.20280  22.1%   131  425s
 29248 11917    2.56143   72   90    2.82876    2.20455  22.1%   131  430s
 29744 12196    2.35312   68  107    2.82876    2.20664  22.0%   131  435s
 30219 12465    2.40876   63  140    2.82876    2.21038  21.9%   131  440s
 30524 12639    2.78756   65   66    2.82876    2.21229  21.8%   132  445s
 30839 12796    2.40635   60  156    2.82876    2.21406  21.7%   132  450s
 31315 13058    2.36611   55  133    2.82876    2.21551  21.7%   132  455s
 31716 13299    2.68657   84   62    2.82876    2.21763  21.6%   132  460s
 32101 13519    2.49391   48  128    2.82876    2.22042  21.5%   133  465s
 32509 13738    2.63859   61  115    2.82876    2.22301  21.4%   133  470s
 32952 13998    2.65976  112  100    2.82876    2.22595  21.3%   133  475s
 33422 14221    2.26651   60  180    2.82876    2.22761  21.3%   133  480s
 33854 14471    2.38207   66   94    2.82876    2.22945  21.2%   133  485s
 34308 14724    2.29386   57  145    2.82876    2.23111  21.1%   133  490s
 34641 14940    2.76328   65   80    2.82876    2.23302  21.1%   134  495s
 35069 15183    2.47692   64  107    2.82876    2.23454  21.0%   134  500s
 35328 15333    2.54341   65  134    2.82876    2.23532  21.0%   135  505s
 35707 15483     cutoff   42         2.82876    2.23719  20.9%   135  510s
 36110 15713    2.28619   43  113    2.82876    2.23916  20.8%   135  515s
 36514 15914    2.43181   63   83    2.82876    2.24054  20.8%   136  520s
 36977 16147    2.38144   69  133    2.82876    2.24278  20.7%   136  525s
 37417 16411    2.60977   74  151    2.82876    2.24520  20.6%   136  530s
 37865 16669    2.26440   55  128    2.82876    2.24752  20.5%   136  535s
 38155 16843    2.49742   69  122    2.82876    2.24798  20.5%   136  540s
 38511 17032    2.44087   62  146    2.82876    2.24906  20.5%   136  545s
 38856 17230    2.31582   51  104    2.82876    2.25040  20.4%   137  550s
 39309 17456    2.48035   62   96    2.82876    2.25220  20.4%   137  555s
 39693 17667    2.82844   99   63    2.82876    2.25345  20.3%   137  560s
 40003 17812    2.50407   70  119    2.82876    2.25431  20.3%   137  565s
 40396 18004    2.53669   74  135    2.82876    2.25537  20.3%   137  570s
 40892 18291     cutoff   76         2.82876    2.25702  20.2%   137  575s
 41342 18506    2.71697   66   84    2.82876    2.25871  20.2%   137  580s
 41694 18718    2.55269   69  113    2.82876    2.25962  20.1%   137  585s
 42049 18908    2.49300   68  126    2.82876    2.26120  20.1%   137  590s
 42415 19118    2.48101   79  112    2.82876    2.26252  20.0%   138  595s
 42720 19259    2.72841   57  158    2.82876    2.26373  20.0%   138  600s
 43004 19415    2.73579   71   67    2.82876    2.26552  19.9%   138  605s
 43444 19618    2.69983   73   72    2.82876    2.26720  19.9%   138  610s
 43927 19876    2.50638   74  143    2.82876    2.26844  19.8%   138  615s
 44230 20037    2.46386   59  138    2.82876    2.26917  19.8%   138  620s
 44538 20202    2.48581   71  105    2.82876    2.27003  19.8%   139  625s
 45078 20457    2.39128   62  113    2.82876    2.27093  19.7%   138  630s
 45486 20631    2.47427   45  146    2.82876    2.27170  19.7%   138  635s
 45800 20797    2.56763   71  151    2.82876    2.27282  19.7%   139  640s
 46102 20963    2.77646   64  103    2.82876    2.27347  19.6%   139  645s
 46427 21124    2.58962   69  118    2.82876    2.27431  19.6%   139  650s
 46885 21386    2.76273   88  119    2.82876    2.27551  19.6%   139  655s
 47254 21578    2.37502   52   99    2.82876    2.27702  19.5%   139  660s
 47584 21754    2.71233   88   68    2.82876    2.27807  19.5%   139  665s
 47885 21909    2.67366   78  104    2.82876    2.27877  19.4%   140  670s
 48241 22065    2.62338   54   75    2.82876    2.27985  19.4%   140  675s
 48583 22215    2.81196   68   63    2.82876    2.28096  19.4%   140  680s
 48851 22349     cutoff   57         2.82876    2.28141  19.3%   140  685s
 49172 22503    2.56078   59  113    2.82876    2.28244  19.3%   140  690s
 49468 22673    2.62515   65  147    2.82876    2.28304  19.3%   141  695s
 49728 22813    2.61279   86   66    2.82876    2.28335  19.3%   141  700s
 50031 22970    2.52493   57  106    2.82876    2.28432  19.2%   141  705s
 50405 23165    2.46002   54  101    2.82876    2.28523  19.2%   141  710s
 50634 23305    2.49142   52   99    2.82876    2.28579  19.2%   141  715s
 51027 23505    2.82631   57   69    2.82876    2.28643  19.2%   141  720s
 51367 23656     cutoff   65         2.82876    2.28715  19.1%   142  725s
 51696 23836    2.63272   66  124    2.82876    2.28794  19.1%   142  730s
 51993 23971    2.67272   64   99    2.82876    2.28907  19.1%   142  735s
 52276 24139    2.45086   68  116    2.82876    2.28936  19.1%   142  740s
 52603 24320    2.55947   58   71    2.82876    2.29008  19.0%   142  745s
 52872 24456    2.64488   46  165    2.82876    2.29054  19.0%   142  750s
 53186 24609    2.74953  120   87    2.82876    2.29109  19.0%   143  755s
 53506 24753     cutoff   79         2.82876    2.29192  19.0%   143  760s
 53846 24934    2.63708   45  118    2.82876    2.29282  18.9%   143  765s
 54138 25057    2.77881   71   85    2.82876    2.29357  18.9%   143  770s
 54431 25194    2.59884   67  137    2.82876    2.29415  18.9%   143  775s
 54756 25373    2.61308   76  103    2.82876    2.29506  18.9%   143  780s
 55136 25566    2.31743   41  154    2.82876    2.29584  18.8%   143  785s
 55369 25711     cutoff   67         2.82876    2.29620  18.8%   144  790s
 55812 25919     cutoff   75         2.82876    2.29735  18.8%   144  795s
 56210 26101    2.64112   71   88    2.82876    2.29809  18.8%   143  800s
 56467 26236    2.38793   62  180    2.82876    2.29890  18.7%   144  805s
 56716 26397    2.43684   57   96    2.82876    2.29912  18.7%   144  810s
 57193 26663    2.47087   60  111    2.82876    2.29959  18.7%   144  815s
 57579 26819    2.75296   60  101    2.82876    2.30047  18.7%   144  820s
 57850 26947    2.57706   72   91    2.82876    2.30079  18.7%   144  825s
 58140 27077    2.47127   56  125    2.82876    2.30115  18.7%   144  830s
 58463 27257    2.45312   51  124    2.82876    2.30158  18.6%   144  835s
 58767 27422    2.44222   47   98    2.82876    2.30192  18.6%   144  840s
 59068 27578    2.57788   93  145    2.82876    2.30279  18.6%   145  845s
 59453 27770    2.56880   70   82    2.82876    2.30361  18.6%   145  850s
 59907 27930    2.45833   61  135    2.82876    2.30502  18.5%   144  855s
 60289 28168    2.42484   55  108    2.82876    2.30532  18.5%   144  860s
 60554 28286    2.44156   59  114    2.82876    2.30597  18.5%   145  865s
 60767 28389     cutoff   51         2.82876    2.30640  18.5%   145  870s
 61029 28512    2.30778   58  206    2.82876    2.30675  18.5%   145  875s
 61328 28666    2.39474   55   79    2.82876    2.30748  18.4%   145  880s
 61572 28801    2.64704   64   86    2.82876    2.30787  18.4%   146  885s
 61862 28954    2.59541   75  117    2.82876    2.30822  18.4%   146  890s
 62203 29132    2.76129   67   62    2.82876    2.30882  18.4%   146  895s
 62530 29297    2.41080   60  124    2.82876    2.30934  18.4%   146  900s
 62865 29481    2.74317   72   80    2.82876    2.30993  18.3%   146  905s
 63077 29560     cutoff   65         2.82876    2.31027  18.3%   146  910s
 63395 29725    2.31419   63  130    2.82876    2.31090  18.3%   146  915s
 63680 29872    2.48521   59  115    2.82876    2.31120  18.3%   146  920s
 64056 30085    2.66092   59   91    2.82876    2.31177  18.3%   146  925s
 64379 30228    2.73044   61  142    2.82876    2.31235  18.3%   146  930s
 64601 30318    2.50324   75   79    2.82876    2.31269  18.2%   147  935s
 64929 30489    2.43748   67  123    2.82876    2.31345  18.2%   147  940s
 65234 30625    2.70379   77   69    2.82876    2.31452  18.2%   147  945s
 65507 30751    2.76809   84   98    2.82876    2.31533  18.2%   147  950s
 65780 30889    2.61151   74  101    2.82876    2.31581  18.1%   147  955s
 66093 31017    2.73405   72  136    2.82876    2.31665  18.1%   147  960s
 66424 31159    2.42191   75  111    2.82876    2.31705  18.1%   147  965s
 66686 31301    2.33310   42  123    2.82876    2.31749  18.1%   147  970s
 67077 31500    2.81265  102   49    2.82876    2.31808  18.1%   147  975s
 67320 31625    2.66947   57  102    2.82876    2.31897  18.0%   147  980s
 67726 31808    2.58767   69   91    2.82876    2.31960  18.0%   147  985s
 68006 31936    2.39913   56  219    2.82876    2.32019  18.0%   147  990s
 68369 32113    2.62068   56   64    2.82876    2.32054  18.0%   147  995s
 68678 32306    2.60918   72   79    2.82876    2.32094  18.0%   147 1000s
 68947 32446    2.37925   57  134    2.82876    2.32141  17.9%   148 1005s
 69273 32623    2.65853   73   57    2.82876    2.32182  17.9%   148 1010s
 69538 32765     cutoff   91         2.82876    2.32213  17.9%   148 1015s
 69842 32892    2.40599   58  137    2.82876    2.32261  17.9%   148 1020s
 70128 33022    2.40045   56   98    2.82876    2.32292  17.9%   148 1025s
 70376 33139     cutoff   55         2.82876    2.32352  17.9%   148 1030s
 70707 33294    2.73459   77   80    2.82876    2.32416  17.8%   148 1035s
 70957 33397    2.60416   61  154    2.82876    2.32481  17.8%   149 1040s
 71322 33585    2.67567   75  138    2.82876    2.32535  17.8%   149 1045s
 71547 33708    2.59521   78   76    2.82876    2.32571  17.8%   149 1050s
 71749 33807     cutoff   75         2.82876    2.32610  17.8%   149 1055s
 71964 33912    2.54448   73  112    2.82876    2.32660  17.8%   149 1060s
 72269 34040    2.52343   55  121    2.82876    2.32725  17.7%   149 1065s
 72603 34174    2.65928   61  113    2.82876    2.32780  17.7%   149 1070s
 72835 34293    2.59630   92  147    2.82876    2.32821  17.7%   150 1075s
 73128 34432    2.53877   79   86    2.82876    2.32866  17.7%   150 1080s
 73490 34597    2.64513   80  106    2.82876    2.32921  17.7%   150 1085s
 73854 34764    2.69612   80   67    2.82876    2.32956  17.6%   150 1090s
 74232 34921    2.58114   56  101    2.82876    2.33015  17.6%   150 1095s
 74520 35073    2.66621   56   96    2.82876    2.33049  17.6%   150 1100s
 74868 35252    2.67235   83  141    2.82876    2.33078  17.6%   150 1105s
 75271 35468     cutoff  107         2.82876    2.33139  17.6%   149 1110s
 75633 35653    2.53670   61  138    2.82876    2.33194  17.6%   149 1115s
 75904 35773    2.73891   75  109    2.82876    2.33236  17.5%   150 1120s
 76219 35909    2.61765   56   81    2.82876    2.33286  17.5%   150 1125s
 76600 36036    2.52527   70   98    2.82876    2.33361  17.5%   150 1130s
 76912 36191     cutoff   79         2.82876    2.33400  17.5%   150 1135s
 77232 36354    2.58519   67   75    2.82876    2.33427  17.5%   150 1140s
 77650 36565    2.80852   79   87    2.82876    2.33493  17.5%   150 1145s
 77883 36660    2.70195   70  146    2.82876    2.33521  17.4%   150 1150s
 77965 36709     cutoff  111         2.82876    2.33521  17.4%   150 1155s
 78249 36829     cutoff   47         2.82876    2.33590  17.4%   150 1160s
 78623 37039    2.72249   94  148    2.82876    2.33649  17.4%   150 1165s
 78939 37198    2.79270   69   91    2.82876    2.33708  17.4%   150 1170s
 79345 37392    2.60196   74   80    2.82876    2.33746  17.4%   150 1175s
 79815 37628    2.63750   89   66    2.82876    2.33820  17.3%   150 1180s
 80187 37771     cutoff   92         2.82876    2.33866  17.3%   150 1185s
 80588 37957    2.66070   70  120    2.82876    2.33932  17.3%   150 1190s
 80893 38125     cutoff   87         2.82876    2.33958  17.3%   150 1195s

Cutting planes:
  Gomory: 1
  Cover: 433
  Implied bound: 265
  Projected implied bound: 41
  MIR: 747
  Flow cover: 701
  GUB cover: 8
  RLT: 8
  Relax-and-lift: 561

Explored 81243 nodes (12168103 simplex iterations) in 1200.00 seconds
Thread count was 1 (of 4 available processors)

Solution count 10: 2.82876 2.83156 2.83779 ... 2.93331

Time limit reached
Best objective 2.828757151301e+00, best bound 2.339940208539e+00, gap 17.2803%

---------------------------------------------------------------------------
Multi-objectives: stopped in 1200.04 seconds, solution count 10
Time Limit reached

