Academic license - for non-commercial use only - expires 2022-11-10
Using license file /home/benedond/Apps/gurobi/gurobi950/gurobi.lic
Using gurobi.env file
Set parameter Threads to value 1
Changed value of parameter TimeLimit to 1200.0
   Prev: inf  Min: 0.0  Max: inf  Default: inf
Gurobi Optimizer version 9.1.2 build v9.1.2rc0 (linux64)
Thread count: 2 physical cores, 4 logical processors, using up to 1 threads
Optimize a model with 4794 rows, 2380 columns and 18630 nonzeros
Model fingerprint: 0xd5c2d291
Variable types: 34 continuous, 2346 integer (2312 binary)
Coefficient statistics:
  Matrix range     [2e-01, 5e+03]
  Objective range  [6e-04, 2e-01]
  Bounds range     [1e+00, 1e+00]
  RHS range        [1e+00, 5e+03]

---------------------------------------------------------------------------
Multi-objectives: starting optimization with 1 objectives ... 
---------------------------------------------------------------------------
---------------------------------------------------------------------------

Multi-objectives: optimize objective 1 (min avg power cons) ...
---------------------------------------------------------------------------

Optimize a model with 4794 rows, 2380 columns and 18630 nonzeros
Model fingerprint: 0x5d3e68dd
Variable types: 34 continuous, 2346 integer (2312 binary)
Coefficient statistics:
  Matrix range     [2e-01, 5e+03]
  Objective range  [6e-04, 2e-01]
  Bounds range     [1e+00, 1e+00]
  RHS range        [1e+00, 5e+03]
Presolve removed 2906 rows and 1429 columns
Presolve time: 0.19s
Presolved: 1888 rows, 951 columns, 7167 nonzeros
Variable types: 30 continuous, 921 integer (891 binary)

Root relaxation: objective 1.552969e+00, 337 iterations, 0.01 seconds

    Nodes    |    Current Node    |     Objective Bounds      |     Work
 Expl Unexpl |  Obj  Depth IntInf | Incumbent    BestBd   Gap | It/Node Time

     0     0    1.55297    0   79          -    1.55297      -     -    0s
     0     0    1.57118    0  110          -    1.57118      -     -    0s
H    0     0                       3.9013333    1.57118  59.7%     -    0s
H    0     0                       3.7800556    1.57118  58.4%     -    0s
     0     0    1.57118    0  104    3.78006    1.57118  58.4%     -    0s
     0     0    1.64493    0   99    3.78006    1.64493  56.5%     -    0s
     0     0    1.64493    0   98    3.78006    1.64493  56.5%     -    0s
     0     0    1.72546    0  128    3.78006    1.72546  54.4%     -    0s
H    0     0                       3.7532346    1.72546  54.0%     -    0s
     0     0    1.73384    0  124    3.75323    1.73384  53.8%     -    0s
     0     0    1.77989    0  182    3.75323    1.77989  52.6%     -    0s
H    0     0                       3.7131296    1.77989  52.1%     -    0s
     0     0    1.80769    0  184    3.71313    1.80769  51.3%     -    0s
     0     0    1.84370    0  141    3.71313    1.84370  50.3%     -    0s
H    0     0                       3.7000494    1.84370  50.2%     -    0s
     0     0    1.86568    0  140    3.70005    1.86568  49.6%     -    0s
     0     0    1.91863    0  119    3.70005    1.91863  48.1%     -    0s
H    0     0                       3.6257531    1.91863  47.1%     -    0s
     0     0    1.93111    0  155    3.62575    1.93111  46.7%     -    0s
     0     0    1.93301    0  144    3.62575    1.93301  46.7%     -    0s
     0     0    1.94302    0  147    3.62575    1.94302  46.4%     -    0s
     0     0    1.94744    0  170    3.62575    1.94744  46.3%     -    0s
     0     0    1.94861    0  176    3.62575    1.94861  46.3%     -    0s
     0     0    1.94892    0  187    3.62575    1.94892  46.2%     -    0s
     0     0    1.94921    0  177    3.62575    1.94921  46.2%     -    0s
     0     0    1.94926    0  186    3.62575    1.94926  46.2%     -    0s
     0     0    1.97674    0  137    3.62575    1.97674  45.5%     -    0s
H    0     0                       3.6051111    1.97674  45.2%     -    0s
     0     0    1.98468    0  165    3.60511    1.98468  44.9%     -    0s
     0     0    1.98689    0  166    3.60511    1.98689  44.9%     -    0s
     0     0    1.98701    0  163    3.60511    1.98701  44.9%     -    0s
     0     0    2.00188    0  146    3.60511    2.00188  44.5%     -    0s
H    0     0                       3.5606420    2.00188  43.8%     -    0s
     0     0    2.00554    0  176    3.56064    2.00554  43.7%     -    0s
     0     0    2.00771    0  163    3.56064    2.00771  43.6%     -    0s
     0     0    2.00804    0  182    3.56064    2.00804  43.6%     -    0s
     0     0    2.00815    0  181    3.56064    2.00815  43.6%     -    0s
     0     0    2.01687    0  196    3.56064    2.01687  43.4%     -    0s
H    0     0                       3.4787593    2.01687  42.0%     -    0s
     0     0    2.02057    0  194    3.47876    2.02057  41.9%     -    1s
     0     0    2.02097    0  208    3.47876    2.02097  41.9%     -    1s
     0     0    2.02129    0  213    3.47876    2.02129  41.9%     -    1s
     0     0    2.02167    0  207    3.47876    2.02167  41.9%     -    1s
     0     0    2.02180    0  209    3.47876    2.02180  41.9%     -    1s
     0     0    2.02808    0  172    3.47876    2.02808  41.7%     -    1s
     0     0    2.03040    0  163    3.47876    2.03040  41.6%     -    1s
     0     0    2.03110    0  168    3.47876    2.03110  41.6%     -    1s
     0     0    2.03136    0  164    3.47876    2.03136  41.6%     -    1s
     0     0    2.03149    0  163    3.47876    2.03149  41.6%     -    1s
     0     0    2.03730    0  176    3.47876    2.03730  41.4%     -    1s
     0     0    2.03916    0  156    3.47876    2.03916  41.4%     -    1s
     0     0    2.03944    0  162    3.47876    2.03944  41.4%     -    1s
     0     0    2.03953    0  192    3.47876    2.03953  41.4%     -    1s
     0     0    2.04427    0  162    3.47876    2.04427  41.2%     -    1s
     0     0    2.04547    0  190    3.47876    2.04547  41.2%     -    1s
     0     0    2.04560    0  189    3.47876    2.04560  41.2%     -    1s
     0     0    2.04788    0  181    3.47876    2.04788  41.1%     -    1s
H    0     0                       3.4687469    2.04788  41.0%     -    1s
     0     0    2.04859    0  199    3.46875    2.04859  40.9%     -    1s
     0     0    2.04885    0  201    3.46875    2.04885  40.9%     -    1s
     0     0    2.04952    0  203    3.46875    2.04952  40.9%     -    1s
     0     0    2.04997    0  164    3.46875    2.04997  40.9%     -    1s
     0     0    2.05011    0  168    3.46875    2.05011  40.9%     -    1s
     0     0    2.05085    0  157    3.46875    2.05085  40.9%     -    1s
     0     0    2.05143    0  200    3.46875    2.05143  40.9%     -    1s
     0     0    2.05176    0  165    3.46875    2.05176  40.9%     -    1s
     0     0    2.05182    0  160    3.46875    2.05182  40.8%     -    1s
     0     0    2.05246    0  165    3.46875    2.05246  40.8%     -    1s
     0     0    2.05246    0  162    3.46875    2.05246  40.8%     -    1s
H    0     0                       3.4481914    2.05246  40.5%     -    1s
     0     2    2.05246    0  162    3.44819    2.05246  40.5%     -    1s
H   26    20                       3.4461358    2.05250  40.4%   117    2s
H   81    56                       3.3935556    2.05475  39.5%  73.2    2s
H  130    87                       3.3269815    2.05475  38.2%  74.1    2s
H  135    90                       3.3192037    2.05475  38.1%  73.8    2s
H  182   127                       3.2736728    2.06487  36.9%  73.6    2s
H  277   177                       3.2686173    2.07298  36.6%  81.4    3s
H  397   229                       3.2634321    2.10620  35.5%  72.9    3s
H  423   253                       3.2409877    2.10620  35.0%  74.3    3s
H  450   276                       3.2233642    2.10620  34.7%  71.2    3s
H  477   303                       3.2180432    2.10620  34.6%  68.5    3s
H  510   334                       3.2054321    2.10620  34.3%  65.0    4s
H  513   319                       3.1968580    2.10620  34.1%  64.6    4s
   515   321    2.84996   77  180    3.19686    2.10620  34.1%  64.4    5s
H  559   331                       3.1899383    2.10865  33.9%  59.3   10s
H  560   315                       3.1850000    2.10865  33.8%  74.9   10s
   648   371    2.60456   53   66    3.18500    2.16879  31.9%   103   15s
H  785   414                       3.1689506    2.16931  31.5%  98.5   17s
H  821   419                       3.1290185    2.16931  30.7%  98.9   17s
H  873   428                       3.0900062    2.16931  29.8%  97.7   18s
  1228   541     cutoff   25         3.09001    2.18208  29.4%  87.1   20s
H 1229   525                       3.0794938    2.18208  29.1%  87.1   20s
  1833   858    2.34493   23  121    3.07949    2.23573  27.4%  84.5   25s
  2402  1264    2.42492   20  160    3.07949    2.28270  25.9%  84.8   30s
  2819  1579    2.60756   33  108    3.07949    2.29669  25.4%  90.7   35s
  3440  1993    2.41027   16  201    3.07949    2.31338  24.9%  87.8   40s
  3852  2303    2.43723   27  130    3.07949    2.32364  24.5%  91.9   45s
H 4317  2603                       3.0710679    2.32931  24.2%  92.9   51s
  4594  2797     cutoff   67         3.07107    2.33232  24.1%  94.6   55s
  5200  3206    2.71903   31  135    3.07107    2.33763  23.9%  93.4   60s
  5587  3468 infeasible   39         3.07107    2.34786  23.5%  96.0   65s
  5907  3654    2.84947   58  109    3.07107    2.35593  23.3%  96.8   72s
  6099  3765    2.67998   21  154    3.07107    2.35684  23.3%  97.7   75s
  6511  4044    2.80661   44  117    3.07107    2.36127  23.1%  98.9   80s
  6948  4329    2.41384   28  146    3.07107    2.36707  22.9%  98.9   85s
  7497  4687    2.83195   23   89    3.07107    2.37179  22.8%  99.3   90s
  8078  5010    2.84232   46  122    3.07107    2.37759  22.6%  99.3   95s
  8678  5366    2.51776   28  140    3.07107    2.38513  22.3%  98.5  100s
  9262  5760    2.89004   47  103    3.07107    2.38963  22.2%  98.1  105s
  9747  6082    2.68305   38  183    3.07107    2.39506  22.0%  98.8  110s
H 9845  6069                       3.0464753    2.39536  21.4%  98.4  110s
* 9856  6066             122       3.0456111    2.39536  21.4%  98.3  110s
H10202  6266                       3.0426111    2.40343  21.0%   100  143s
 10219  6278    2.47920   33  212    3.04261    2.40343  21.0%  99.4  145s
 10238  6290    2.74130   46  223    3.04261    2.40343  21.0%  99.3  150s
 10257  6303    2.80376   39  197    3.04261    2.40343  21.0%  99.1  155s
 10277  6316    2.90302   66  192    3.04261    2.40343  21.0%  98.9  160s
 10292  6326    2.84735   43  216    3.04261    2.40343  21.0%  98.7  165s
H10299  6012                       3.0349938    2.40343  20.8%  98.7  167s
H10303  5713                       3.0005000    2.40343  19.9%  98.6  169s
 10306  5715    2.89043   52  183    3.00050    2.40343  19.9%  98.6  170s
 10321  5725    2.75504   41  204    3.00050    2.40343  19.9%  98.5  175s
 10335  5734    2.97389   28  209    3.00050    2.40343  19.9%  98.3  180s
 10349  5743    2.59417   48  200    3.00050    2.40343  19.9%  98.2  185s
 10363  5753    2.57728   32  203    3.00050    2.40343  19.9%  98.1  190s
 10377  5762    2.90302   66  202    3.00050    2.40343  19.9%  97.9  195s
 10391  5771    2.78329   63  196    3.00050    2.40343  19.9%  97.8  200s
 10406  5781    2.89043   52  205    3.00050    2.40343  19.9%  97.7  205s
 10420  5791    2.96598   71  202    3.00050    2.40343  19.9%  97.5  210s
 10432  5799    2.84187   55  200    3.00050    2.40343  19.9%  97.4  215s
 10434  5802    2.40343   23  198    3.00050    2.40343  19.9%   101  220s
 10439  5805    2.40343   25  176    3.00050    2.40343  19.9%   102  225s
 10448  5811    2.40343   30  159    3.00050    2.40343  19.9%   102  230s
 10512  5848    2.46490   62  107    3.00050    2.40343  19.9%   103  235s
 10642  5881    2.45976   49   97    3.00050    2.40343  19.9%   104  240s
 10887  5955    2.93933   99   56    3.00050    2.40343  19.9%   105  245s
 11238  6088    2.40343   33  164    3.00050    2.40343  19.9%   105  250s
 11760  6270    2.40343   33  173    3.00050    2.40343  19.9%   103  255s
 11938  6370    2.82329   81   76    3.00050    2.40343  19.9%   105  260s
 12323  6508    2.89157   43  106    3.00050    2.40343  19.9%   105  265s
 12706  6662    2.40343   30  164    3.00050    2.40343  19.9%   105  270s
 12788  6695    2.85522   72   67    3.00050    2.40343  19.9%   106  277s
 12978  6736    2.55469   29  130    3.00050    2.40343  19.9%   106  280s
 13358  6847    2.40634   34  128    3.00050    2.40343  19.9%   107  285s
 13677  6982    2.46907   40  168    3.00050    2.40343  19.9%   108  290s
 14196  7157    2.67474   45  112    3.00050    2.40343  19.9%   107  295s
 14445  7222    2.40343   28  162    3.00050    2.40343  19.9%   108  300s
 14873  7347    2.48654   35   82    3.00050    2.40343  19.9%   108  305s
 15093  7432    2.51306   44  144    3.00050    2.40343  19.9%   109  310s
 15408  7541    2.71145   43  165    3.00050    2.40343  19.9%   109  315s
 15775  7665    2.76132   44  137    3.00050    2.40343  19.9%   110  320s
 16071  7742    2.67333   44  185    3.00050    2.40343  19.9%   111  325s
 16341  7830    2.93218   43   66    3.00050    2.40343  19.9%   111  330s
 16639  7905    2.82285   80  148    3.00050    2.40343  19.9%   111  335s
 16956  8006    2.40343   38  154    3.00050    2.40343  19.9%   112  340s
 17269  8081    2.76875   58   88    3.00050    2.40343  19.9%   113  345s
 17478  8158    2.57849   63  176    3.00050    2.40343  19.9%   114  350s
 17799  8258    2.75615   52  178    3.00050    2.40343  19.9%   114  355s
 17994  8290    2.88529   53  125    3.00050    2.40343  19.9%   115  360s
 18319  8399    2.60293   40  139    3.00050    2.40343  19.9%   115  365s
 18598  8462    2.52067   41  126    3.00050    2.40343  19.9%   116  370s
 18961  8572    2.61857   47  187    3.00050    2.40343  19.9%   116  375s
 19246  8656    2.78356   39  221    3.00050    2.40343  19.9%   116  380s
 19480  8731    2.72880   67  101    3.00050    2.40343  19.9%   117  385s
 19669  8801    2.85318   50  111    3.00050    2.40343  19.9%   118  390s
 19888  8843     cutoff   72         3.00050    2.40343  19.9%   119  395s
 20140  8904     cutoff   58         3.00050    2.40343  19.9%   119  400s
 20531  9021    2.63115   48  115    3.00050    2.40343  19.9%   119  405s
 20779  9054    2.69011   57  144    3.00050    2.40343  19.9%   120  410s
 21093  9156    2.45053   56  136    3.00050    2.40343  19.9%   120  415s
 21428  9260    2.72886   47  143    3.00050    2.40343  19.9%   120  420s
 21667  9308    2.53925   46  210    3.00050    2.40343  19.9%   121  425s
 22043  9366    2.76675   48  119    3.00050    2.40592  19.8%   121  430s
 22361  9442    2.66630   60  143    3.00050    2.40767  19.8%   121  435s
 22605  9518    2.81988   56  123    3.00050    2.40821  19.7%   122  440s
 22618  9526    2.94907   59   95    3.00050    2.40821  19.7%   122  448s
 22682  9518    2.54892   57  109    3.00050    2.40844  19.7%   122  450s
 22825  9561     cutoff   46         3.00050    2.40951  19.7%   122  455s
 23160  9674    2.69537   38  123    3.00050    2.41215  19.6%   123  460s
 23578  9765    2.43256   45  156    3.00050    2.41575  19.5%   123  465s
 23780  9814    2.77020   48  102    3.00050    2.41647  19.5%   123  470s
 24133  9907    2.84444   50  106    3.00050    2.41802  19.4%   124  475s
 24281  9926    2.82462   79  118    3.00050    2.41923  19.4%   125  480s
 24637 10006    2.56998   38  124    3.00050    2.42112  19.3%   125  485s
 24995 10095    2.63425   46  183    3.00050    2.42260  19.3%   125  490s
 25258 10159    2.96844   62   89    3.00050    2.42478  19.2%   125  495s
 25558 10249    2.53611   48  152    3.00050    2.42707  19.1%   126  500s
 25865 10288     cutoff   61         3.00050    2.43032  19.0%   126  505s
 26072 10329    2.56318   49  141    3.00050    2.43199  18.9%   127  510s
 26392 10422     cutoff   45         3.00050    2.43403  18.9%   127  515s
 26668 10491    2.74882   65  142    3.00050    2.43556  18.8%   127  520s
 26958 10541    2.57218   46   84    3.00050    2.43750  18.8%   128  525s
 27286 10603    2.92830   62  104    3.00050    2.43989  18.7%   128  530s
 27530 10655    2.52240   52  110    3.00050    2.44154  18.6%   129  535s
 27805 10716    2.93111   73  152    3.00050    2.44241  18.6%   129  540s
 28132 10897    2.86343   65   93    3.00050    2.44431  18.5%   129  545s
 28359 11034    2.70724   57  230    3.00050    2.44534  18.5%   130  550s
 28676 11185    2.80279   50   71    3.00050    2.44770  18.4%   130  555s
 29099 11394    2.85949   52  107    3.00050    2.44927  18.4%   130  560s
 29434 11556    2.53834   43  192    3.00050    2.45063  18.3%   130  565s
 29730 11723     cutoff   62         3.00050    2.45173  18.3%   130  570s
 30070 11897    2.51421   39  109    3.00050    2.45290  18.3%   130  575s
 30364 12078    2.66771   50  182    3.00050    2.45446  18.2%   130  580s
 30642 12248    2.90736   61   70    3.00050    2.45593  18.1%   131  585s
 30956 12409    2.90542   58   90    3.00050    2.45780  18.1%   131  590s
 31184 12506    2.98528   68   94    3.00050    2.45930  18.0%   132  595s
 31475 12695    2.60547   55  140    3.00050    2.46062  18.0%   132  600s
 31752 12850 infeasible   47         3.00050    2.46200  17.9%   132  605s
 32093 13053     cutoff   55         3.00050    2.46397  17.9%   132  610s
 32320 13161    2.71232   51  158    3.00050    2.46511  17.8%   133  615s
 32543 13315    2.94165   43   84    3.00050    2.46592  17.8%   133  620s
 32854 13466    2.68776   68   82    3.00050    2.46724  17.8%   133  625s
 33204 13603    2.58180   38  116    3.00050    2.47038  17.7%   133  630s
 33487 13762    2.62832   47  133    3.00050    2.47186  17.6%   134  635s
 33919 13964    2.60963   38  135    3.00050    2.47471  17.5%   133  640s
 34123 14062    2.65225   51  135    3.00050    2.47631  17.5%   134  645s
 34297 14143    2.60826   43  243    3.00050    2.47749  17.4%   134  650s
 34644 14325    2.66418   62  123    3.00050    2.47985  17.4%   134  655s
 34919 14486    2.87269   59  158    3.00050    2.48108  17.3%   134  660s
 35156 14588    2.76131   48  112    3.00050    2.48276  17.3%   135  665s
 35432 14699    2.70952   66  139    3.00050    2.48362  17.2%   135  670s
 35707 14863    2.91398   63   88    3.00050    2.48486  17.2%   135  675s
 36022 14985    2.92662   51   78    3.00050    2.48663  17.1%   135  680s
 36288 15104    2.71319   59  121    3.00050    2.48726  17.1%   135  685s
 36611 15235    2.64515   52   79    3.00050    2.48880  17.1%   135  690s
 36874 15371    2.88121   78   59    3.00050    2.48963  17.0%   136  695s
 37091 15473    2.98556   47  173    3.00050    2.49061  17.0%   136  700s
 37363 15605    2.96175   52   58    3.00050    2.49176  17.0%   136  716s
 37579 15698    2.65364   48  121    3.00050    2.49279  16.9%   136  720s
 37800 15796    2.69530   46  108    3.00050    2.49373  16.9%   137  725s
 38035 15933     cutoff   48         3.00050    2.49425  16.9%   137  730s
 38336 16034    2.66303   58   74    3.00050    2.49611  16.8%   137  735s
 38616 16158    2.60794   66  121    3.00050    2.49709  16.8%   137  740s
 38838 16303    2.59722   31  187    3.00050    2.49790  16.8%   137  745s
 39071 16418    2.90821   65  151    3.00050    2.49867  16.7%   138  750s
 39353 16580    2.84073   62  104    3.00050    2.49962  16.7%   138  755s
 39561 16670    2.88358   48   86    3.00050    2.50088  16.7%   138  760s
 39757 16762    2.90453   49  132    3.00050    2.50129  16.6%   138  765s
 39975 16864    2.69724   46  160    3.00050    2.50201  16.6%   139  770s
 40230 17014    2.86960   67   88    3.00050    2.50276  16.6%   139  775s
 40558 17190    2.65486   43  118    3.00050    2.50419  16.5%   139  780s
 40789 17318     cutoff   55         3.00050    2.50522  16.5%   139  785s
 41099 17486    2.83828   61  119    3.00050    2.50615  16.5%   139  790s
 41378 17615    2.61237   54  153    3.00050    2.50732  16.4%   139  795s
 41751 17800    2.80844   62  157    3.00050    2.50796  16.4%   139  800s
 42063 17912    2.68954   40  132    3.00050    2.50902  16.4%   139  805s
 42332 18042    2.86787   58  109    3.00050    2.51057  16.3%   139  810s
 42644 18149    2.96607   69   81    3.00050    2.51194  16.3%   139  815s
 42945 18300    2.79873   57  165    3.00050    2.51276  16.3%   139  820s
 43215 18412    2.83622   61   99    3.00050    2.51463  16.2%   139  825s
 43486 18525    2.88432   60   71    3.00050    2.51526  16.2%   139  830s
 43733 18634    2.64035   58   95    3.00050    2.51639  16.1%   139  836s
 43964 18741    2.78293   50  101    3.00050    2.51746  16.1%   139  840s
 44127 18826     cutoff   43         3.00050    2.51797  16.1%   140  845s
 44401 18944    2.57464   36  189    3.00050    2.51860  16.1%   140  850s
 44509 18996    2.78469   46   90    3.00050    2.51873  16.1%   140  855s
 44798 19128    2.73465   45  110    3.00050    2.51976  16.0%   140  860s
 45020 19212     cutoff   57         3.00050    2.52073  16.0%   141  865s
 45171 19303    2.85705   50  179    3.00050    2.52177  16.0%   141  870s
 45406 19411     cutoff   69         3.00050    2.52275  15.9%   142  875s
 45618 19512    2.73740   55  185    3.00050    2.52330  15.9%   142  880s
 45880 19627    2.84193   52   69    3.00050    2.52377  15.9%   142  885s
 46272 19798    2.69934   46  151    3.00050    2.52496  15.8%   142  890s
 46513 19927    2.78899   61   98    3.00050    2.52573  15.8%   142  895s
 46796 20061    2.74281   58  148    3.00050    2.52718  15.8%   142  900s
 47063 20187    2.97472   51  200    3.00050    2.52787  15.8%   142  905s
 47256 20255    2.61556   45  132    3.00050    2.52844  15.7%   142  910s
 47540 20386    2.88609   66   84    3.00050    2.52929  15.7%   143  915s
 47818 20518    2.62430   59  103    3.00050    2.53023  15.7%   143  920s
 48129 20695    2.71306   43  120    3.00050    2.53089  15.7%   143  925s
 48329 20792    2.94421   48  124    3.00050    2.53134  15.6%   143  930s
 48610 20933    2.77841   66  121    3.00050    2.53184  15.6%   143  935s
 48898 21035     cutoff   51         3.00050    2.53291  15.6%   143  940s
 49175 21176    2.81144   56  198    3.00050    2.53385  15.6%   143  945s
 49572 21361    2.96825   64   64    3.00050    2.53468  15.5%   143  950s
 49817 21492    2.75813   48   99    3.00050    2.53531  15.5%   143  955s
 50147 21644    2.84042   59  139    3.00050    2.53675  15.5%   143  960s
 50389 21758    2.85818   32  128    3.00050    2.53726  15.4%   143  965s
 50558 21821    2.72715   53  184    3.00050    2.53801  15.4%   143  970s
 50808 21924    2.72067   61  103    3.00050    2.53950  15.4%   143  975s
 51126 22083    2.77391   52   88    3.00050    2.53988  15.4%   143  980s
 51383 22174     cutoff   63         3.00050    2.54075  15.3%   143  985s
 51610 22275    2.80219   34   97    3.00050    2.54128  15.3%   143  990s
 51829 22387    2.59149   61  116    3.00050    2.54183  15.3%   144  995s
 52044 22510    2.77012   57  114    3.00050    2.54275  15.3%   144 1000s
 52287 22601    2.62919   42  129    3.00050    2.54338  15.2%   144 1005s
 52574 22734    2.92742   57  121    3.00050    2.54407  15.2%   144 1010s
 52857 22844    2.87859   71  130    3.00050    2.54498  15.2%   144 1015s
 53084 22951    2.75252   52  110    3.00050    2.54551  15.2%   144 1020s
 53325 23045    2.79421   51  130    3.00050    2.54592  15.2%   144 1025s
 53599 23165    2.72964   55   88    3.00050    2.54664  15.1%   144 1030s
 53911 23308    2.71167   50  111    3.00050    2.54706  15.1%   144 1035s
 54144 23402    2.75122   54  121    3.00050    2.54769  15.1%   144 1040s
 54304 23470    2.82736   43  178    3.00050    2.54801  15.1%   144 1045s
 54387 23512     cutoff   73         3.00050    2.54815  15.1%   145 1050s
 54593 23627     cutoff   58         3.00050    2.54884  15.1%   145 1055s
 54861 23728     cutoff   50         3.00050    2.54941  15.0%   145 1060s
 55134 23839    2.88869   72   95    3.00050    2.55044  15.0%   145 1065s
 55306 23915    2.58094   39  210    3.00050    2.55067  15.0%   145 1070s
 55525 24004    2.83646   45  104    3.00050    2.55130  15.0%   145 1075s
 55753 24106    2.98080   54  107    3.00050    2.55173  15.0%   146 1080s
 55873 24166    2.83493   67  163    3.00050    2.55233  14.9%   146 1085s
 56058 24238    2.77021   52  166    3.00050    2.55266  14.9%   146 1090s
 56356 24377    2.74699   48  173    3.00050    2.55321  14.9%   146 1095s
 56587 24493     cutoff   82         3.00050    2.55355  14.9%   146 1100s
 56833 24578    2.60753   59  164    3.00050    2.55443  14.9%   146 1105s
 57047 24670    2.86138   64  149    3.00050    2.55486  14.9%   146 1110s
 57268 24753    2.90409   50  129    3.00050    2.55550  14.8%   146 1115s
 57529 24878    2.58419   40  206    3.00050    2.55644  14.8%   146 1120s
 57734 24957    2.82661   57  139    3.00050    2.55672  14.8%   146 1125s
 57985 25086    2.74647   52  201    3.00050    2.55725  14.8%   146 1130s
 58176 25153    2.81477   45   99    3.00050    2.55749  14.8%   147 1135s
 58419 25265    2.67269   54   94    3.00050    2.55794  14.7%   147 1140s
 58614 25346    2.85574   39  104    3.00050    2.55838  14.7%   147 1145s
 58888 25453    2.83163   55  124    3.00050    2.55884  14.7%   147 1150s
 59128 25574    2.89827   68   87    3.00050    2.55944  14.7%   147 1155s
 59303 25634    2.71203   55  154    3.00050    2.55989  14.7%   147 1160s
 59583 25734    2.64831   42  160    3.00050    2.56051  14.7%   147 1165s
 59750 25841    2.85870   62   87    3.00050    2.56074  14.7%   147 1170s
 59959 25935     cutoff   54         3.00050    2.56107  14.6%   147 1175s
 60096 25997     cutoff   63         3.00050    2.56144  14.6%   148 1180s
 60298 26089    2.99430   64  134    3.00050    2.56223  14.6%   148 1185s
 60703 26266     cutoff   49         3.00050    2.56279  14.6%   148 1190s
 60920 26351     cutoff   71         3.00050    2.56325  14.6%   148 1195s
 61132 26420    2.65582   41  109    3.00050    2.56408  14.5%   148 1200s

Cutting planes:
  Gomory: 1
  Cover: 207
  Implied bound: 291
  Projected implied bound: 18
  MIR: 500
  Flow cover: 648
  GUB cover: 16
  RLT: 1
  Relax-and-lift: 541

Explored 61133 nodes (9047215 simplex iterations) in 1200.01 seconds
Thread count was 1 (of 4 available processors)

Solution count 10: 3.0005 3.03499 3.04261 ... 3.16895

Time limit reached
Best objective 3.000500007029e+00, best bound 2.564075547821e+00, gap 14.5451%

---------------------------------------------------------------------------
Multi-objectives: stopped in 1200.03 seconds, solution count 10
Time Limit reached

