Academic license - for non-commercial use only - expires 2022-11-10
Using license file /home/benedond/Apps/gurobi/gurobi950/gurobi.lic
Using gurobi.env file
Set parameter Threads to value 1
Changed value of parameter TimeLimit to 1200.0
   Prev: inf  Min: 0.0  Max: inf  Default: inf
Gurobi Optimizer version 9.1.2 build v9.1.2rc0 (linux64)
Thread count: 2 physical cores, 4 logical processors, using up to 1 threads
Optimize a model with 3750 rows, 1860 columns and 14518 nonzeros
Model fingerprint: 0x85e1240e
Variable types: 30 continuous, 1830 integer (1800 binary)
Coefficient statistics:
  Matrix range     [2e-01, 4e+03]
  Objective range  [8e-04, 2e-01]
  Bounds range     [1e+00, 1e+00]
  RHS range        [1e+00, 4e+03]

---------------------------------------------------------------------------
Multi-objectives: starting optimization with 1 objectives ... 
---------------------------------------------------------------------------
---------------------------------------------------------------------------

Multi-objectives: optimize objective 1 (min avg power cons) ...
---------------------------------------------------------------------------

Optimize a model with 3750 rows, 1860 columns and 14518 nonzeros
Model fingerprint: 0x3342d8af
Variable types: 30 continuous, 1830 integer (1800 binary)
Coefficient statistics:
  Matrix range     [2e-01, 4e+03]
  Objective range  [8e-04, 2e-01]
  Bounds range     [1e+00, 1e+00]
  RHS range        [1e+00, 4e+03]
Presolve removed 2387 rows and 1175 columns
Presolve time: 0.12s
Presolved: 1363 rows, 685 columns, 5147 nonzeros
Variable types: 25 continuous, 660 integer (635 binary)

Root relaxation: objective 1.682566e+00, 316 iterations, 0.01 seconds

    Nodes    |    Current Node    |     Objective Bounds      |     Work
 Expl Unexpl |  Obj  Depth IntInf | Incumbent    BestBd   Gap | It/Node Time

     0     0    1.68257    0   71          -    1.68257      -     -    0s
H    0     0                       4.2776435    1.68257  60.7%     -    0s
H    0     0                       4.1799768    1.68257  59.7%     -    0s
     0     0    1.76841    0   93    4.17998    1.76841  57.7%     -    0s
H    0     0                       3.9584109    1.76841  55.3%     -    0s
     0     0    1.76841    0   86    3.95841    1.76841  55.3%     -    0s
     0     0    1.85706    0  119    3.95841    1.85706  53.1%     -    0s
H    0     0                       3.9226202    1.85706  52.7%     -    0s
     0     0    1.85730    0  118    3.92262    1.85730  52.7%     -    0s
     0     0    1.98419    0   82    3.92262    1.98419  49.4%     -    0s
     0     0    1.98982    0   94    3.92262    1.98982  49.3%     -    0s
     0     0    2.03250    0  116    3.92262    2.03250  48.2%     -    0s
H    0     0                       3.8330543    2.03250  47.0%     -    0s
     0     0    2.04018    0  143    3.83305    2.04018  46.8%     -    0s
     0     0    2.13311    0  104    3.83305    2.13311  44.3%     -    0s
H    0     0                       3.7538140    2.13311  43.2%     -    0s
     0     0    2.14423    0  119    3.75381    2.14423  42.9%     -    0s
     0     0    2.15074    0  129    3.75381    2.15074  42.7%     -    0s
     0     0    2.15582    0  120    3.75381    2.15582  42.6%     -    0s
     0     0    2.15604    0  117    3.75381    2.15604  42.6%     -    0s
     0     0    2.15627    0  121    3.75381    2.15627  42.6%     -    0s
     0     0    2.15628    0  122    3.75381    2.15628  42.6%     -    0s
     0     0    2.17442    0  109    3.75381    2.17442  42.1%     -    0s
H    0     0                       3.6162558    2.17442  39.9%     -    0s
     0     0    2.18611    0  133    3.61626    2.18611  39.5%     -    0s
     0     0    2.18726    0  121    3.61626    2.18726  39.5%     -    0s
     0     0    2.18766    0  136    3.61626    2.18766  39.5%     -    0s
     0     0    2.18772    0  125    3.61626    2.18772  39.5%     -    0s
     0     0    2.20293    0  146    3.61626    2.20293  39.1%     -    0s
H    0     0                       3.6042868    2.20293  38.9%     -    0s
     0     0    2.20757    0  146    3.60429    2.20757  38.8%     -    0s
     0     0    2.20774    0  145    3.60429    2.20774  38.7%     -    0s
     0     0    2.21579    0  132    3.60429    2.21579  38.5%     -    0s
     0     0    2.21807    0  137    3.60429    2.21807  38.5%     -    0s
     0     0    2.21877    0  137    3.60429    2.21877  38.4%     -    0s
     0     0    2.21888    0  135    3.60429    2.21888  38.4%     -    0s
     0     0    2.22285    0  138    3.60429    2.22285  38.3%     -    0s
H    0     0                       3.5298760    2.22285  37.0%     -    0s
     0     0    2.22352    0  139    3.52988    2.22352  37.0%     -    0s
     0     0    2.22425    0  154    3.52988    2.22425  37.0%     -    0s
     0     0    2.22441    0  157    3.52988    2.22441  37.0%     -    0s
     0     0    2.22765    0  133    3.52988    2.22765  36.9%     -    0s
     0     0    2.22976    0  137    3.52988    2.22976  36.8%     -    0s
     0     0    2.23025    0  139    3.52988    2.23025  36.8%     -    0s
     0     0    2.23040    0  136    3.52988    2.23040  36.8%     -    0s
     0     0    2.23206    0  150    3.52988    2.23206  36.8%     -    0s
     0     0    2.23269    0  155    3.52988    2.23269  36.7%     -    0s
     0     0    2.23328    0  145    3.52988    2.23328  36.7%     -    0s
     0     0    2.23352    0  145    3.52988    2.23352  36.7%     -    0s
     0     0    2.23361    0  149    3.52988    2.23361  36.7%     -    0s
     0     0    2.23590    0  152    3.52988    2.23590  36.7%     -    0s
     0     0    2.23715    0  149    3.52988    2.23715  36.6%     -    0s
     0     0    2.23737    0  156    3.52988    2.23737  36.6%     -    0s
     0     0    2.23745    0  161    3.52988    2.23745  36.6%     -    0s
     0     0    2.23780    0  141    3.52988    2.23780  36.6%     -    0s
     0     0    2.23780    0  139    3.52988    2.23780  36.6%     -    0s
     0     2    2.23792    0  137    3.52988    2.23792  36.6%     -    0s
H   26    26                       3.5218760    2.23792  36.5%   128    1s
H  341   289                       3.4632016    2.38064  31.3%  41.1    1s
H  523   384                       3.4194806    2.39134  30.1%  33.9    2s
H  641   441                       3.4184806    2.39134  30.0%  58.0    4s
   688   468    3.06799   89   68    3.41848    2.39134  30.0%  59.9    5s
H  772   449                       3.4140310    2.39134  30.0%  56.1    5s
H  824   459                       3.3818605    2.39134  29.3%  58.2    5s
H  876   468                       3.3182093    2.39134  27.9%  58.4    5s
H  879   453                       3.3171240    2.39134  27.9%  58.4    5s
H  972   459                       3.3152093    2.39134  27.9%  59.5    6s
H  988   454                       3.3115349    2.39134  27.8%  60.8    6s
H 1258   560                       3.3023334    2.39134  27.6%  58.7    7s
H 1290   568                       3.2974109    2.39134  27.5%  58.1    7s
H 1328   587                       3.2773101    2.39134  27.0%  57.1    7s
H 1415   647                       3.2608605    2.39134  26.7%  56.1    8s
  1975   982    2.78192   50   91    3.26086    2.46611  24.4%  50.4   10s
H 2690  1418                       3.2565969    2.49886  23.3%  48.8   12s
  3188  1763    2.75311   23  122    3.25660    2.51540  22.8%  52.8   15s
  4459  2638    3.05536   67   42    3.25660    2.54776  21.8%  53.2   20s
  5662  3348    3.08068   40   48    3.25660    2.59044  20.5%  54.7   25s
  7144  4226    2.64199   31  122    3.25660    2.61876  19.6%  53.9   30s
  8365  4875    3.05315   48   48    3.25660    2.64001  18.9%  54.4   35s
H 9256  5316                       3.2488062    2.65231  18.4%  54.6   38s
  9510  5465    2.97188   49  124    3.24881    2.65691  18.2%  55.0   40s
 10203  5826    3.06326   47  139    3.24881    2.67149  17.8%  55.6   52s
 10222  5839    3.19371   31  160    3.24881    2.67149  17.8%  55.5   55s
 10243  5853    3.13532   36  167    3.24881    2.67149  17.8%  55.4   60s
 10264  5867    3.00362   79  176    3.24881    2.67149  17.8%  55.3   65s
 10285  5881    2.87073   47  175    3.24881    2.67149  17.8%  55.1   70s
 10307  5895    2.73054   30  173    3.24881    2.67149  17.8%  55.0   75s
H10308  5599                       3.2457132    2.67149  17.7%  55.0   75s
 10327  5612    2.79504   20  175    3.24571    2.67149  17.7%  54.9   80s
 10359  5633    2.80069   40  172    3.24571    2.67149  17.7%  54.7   85s
 10400  5660    2.88868   33  170    3.24571    2.67149  17.7%  54.5   90s
 10414  5672    2.67149   24  165    3.24571    2.67149  17.7%  57.1   95s
 10446  5692    2.67149   40  127    3.24571    2.67149  17.7%  57.9  100s
 10754  5803    2.93389   43   74    3.24571    2.67149  17.7%  60.1  105s
 11498  5985    2.67149   29  155    3.24571    2.67149  17.7%  61.2  110s
 12052  6135    2.67149   38  132    3.24571    2.67149  17.7%  63.8  115s
 12788  6313    3.22639   53   40    3.24571    2.67149  17.7%  65.8  120s
 13664  6615    3.04665   50   88    3.24571    2.67149  17.7%  67.2  125s
 13771  6647    3.12236   66   86    3.24571    2.67149  17.7%  67.4  130s
 14280  6769    2.81790   43   46    3.24571    2.67149  17.7%  68.5  135s
 15143  6939    2.77216   38  128    3.24571    2.67149  17.7%  69.5  140s
 15758  7100    2.86476   45   95    3.24571    2.67149  17.7%  71.5  145s
 16820  7426    3.20124   39   88    3.24571    2.67149  17.7%  71.4  150s
 17444  7535    3.10735   44   78    3.24571    2.67149  17.7%  73.0  155s
 18143  7634    2.77924   34  126    3.24571    2.67149  17.7%  74.1  160s
 18717  7744    2.83679   34   94    3.24571    2.67149  17.7%  75.4  165s
 19355  7866    3.00675   51   91    3.24571    2.67149  17.7%  76.6  170s
 20026  7989     cutoff   53         3.24571    2.67149  17.7%  77.8  175s
 20766  8144    3.21418   51   64    3.24571    2.67839  17.5%  78.7  180s
 21583  8281    2.81815   42  103    3.24571    2.69219  17.1%  79.5  185s
 22147  8389    2.74609   35  113    3.24571    2.69999  16.8%  80.7  190s
 22676  8480    3.05378   53   47    3.24571    2.70941  16.5%  81.5  195s
 23385  8538    3.08070   43   66    3.24571    2.71678  16.3%  81.9  200s
 24060  8693    2.82091   44   98    3.24571    2.72797  16.0%  82.7  205s
 24939  8826    2.78687   38  110    3.24571    2.73479  15.7%  83.0  210s
 25804  8995    2.99727   38   88    3.24571    2.73928  15.6%  83.2  215s
 26664  9150    3.12439   44   70    3.24571    2.74942  15.3%  83.2  220s
 27438  9300    2.91561   45   73    3.24571    2.75526  15.1%  83.5  225s
 28176  9672    2.98843   45  113    3.24571    2.75974  15.0%  84.0  230s
 28925 10061    3.10453   43  100    3.24571    2.76403  14.8%  84.4  235s
 29926 10535    2.93579   51  120    3.24571    2.76849  14.7%  84.3  240s
 30735 10954    3.06477   50  122    3.24571    2.77200  14.6%  84.4  245s
 31439 11274    2.90411   29  118    3.24571    2.77551  14.5%  84.9  250s
 32206 11632    2.89984   37  104    3.24571    2.77859  14.4%  85.2  255s
 32913 12021    3.07284   35  113    3.24571    2.78107  14.3%  85.3  260s
 33814 12464     cutoff   52         3.24571    2.78383  14.2%  85.3  265s
 34696 12896    2.94356   44   96    3.24571    2.78694  14.1%  85.0  270s
 35500 13272    3.16278   47  111    3.24571    2.78943  14.1%  85.2  275s
 36220 13579    3.17287   62   83    3.24571    2.79133  14.0%  85.6  280s
 37009 13923    3.17661   47   83    3.24571    2.79403  13.9%  85.8  285s
 37638 14177    3.13237   36  141    3.24571    2.79661  13.8%  86.1  290s
 38272 14494    3.05201   63   70    3.24571    2.79883  13.8%  86.4  295s
 38346 14558    3.14069   81   82    3.24571    2.79896  13.8%  86.3  302s
 38598 14671     cutoff   41         3.24571    2.79981  13.7%  86.7  305s
 39231 14996    3.04536   38   86    3.24571    2.80100  13.7%  86.8  310s
 39997 15393    2.96533   65   41    3.24571    2.80378  13.6%  86.8  315s
 40872 15814    3.18266   64   38    3.24571    2.80647  13.5%  86.8  320s
 41676 16145    3.15287   44  102    3.24571    2.80913  13.5%  86.8  325s
 42451 16518     cutoff   43         3.24571    2.81116  13.4%  87.0  330s
 43206 16858    3.10548   47   57    3.24571    2.81357  13.3%  87.2  335s
 44051 17187    2.90164   43  153    3.24571    2.81644  13.2%  87.3  340s
 44616 17503    3.12988   43   68    3.24571    2.81736  13.2%  87.3  345s
 45291 17808    3.22079   50   69    3.24571    2.81871  13.2%  87.5  350s
 46095 18174     cutoff   62         3.24571    2.82045  13.1%  87.5  355s
 46881 18555    2.94394   54   86    3.24571    2.82240  13.0%  87.6  360s
 47592 18847    3.19884   41   62    3.24571    2.82395  13.0%  87.8  365s
 48420 19170     cutoff   38         3.24571    2.82741  12.9%  87.8  370s
 49239 19513    3.07979   59   62    3.24571    2.82925  12.8%  87.8  375s
 50036 19856    2.97689   49   88    3.24571    2.83183  12.8%  87.6  380s
 50847 20189    3.03854   58   62    3.24571    2.83366  12.7%  87.7  385s
 51713 20550    3.12749   58  117    3.24571    2.83583  12.6%  87.6  390s
 52476 20928     cutoff   56         3.24571    2.83767  12.6%  87.7  395s
 53258 21224    2.94012   37  107    3.24571    2.83997  12.5%  87.9  400s
 54129 21572    3.00632   37   72    3.24571    2.84229  12.4%  87.9  405s
 54830 21863    3.14088   41   78    3.24571    2.84423  12.4%  88.0  410s
 55751 22244    3.17462   49   72    3.24571    2.84665  12.3%  87.9  415s
 56488 22543    3.02875   41  105    3.24571    2.84854  12.2%  88.0  420s
 57250 22780    3.06297   51   92    3.24571    2.85061  12.2%  88.2  425s
 58109 23116     cutoff   47         3.24571    2.85294  12.1%  88.2  430s
 58844 23415     cutoff   44         3.24571    2.85468  12.0%  88.2  435s
 59612 23752    3.20260   84   47    3.24571    2.85618  12.0%  88.3  440s
 60420 24072    3.04798   39  104    3.24571    2.85765  12.0%  88.2  445s
 61292 24467    3.04571   34   95    3.24571    2.85937  11.9%  88.1  450s
 62041 24761    3.07420   54   68    3.24571    2.86041  11.9%  88.2  455s
 62867 25065    3.11766   43   72    3.24571    2.86220  11.8%  88.2  460s
 63458 25294    3.01508   42   99    3.24571    2.86372  11.8%  88.4  465s
 64307 25638    3.12217   68   72    3.24571    2.86594  11.7%  88.4  470s
 65078 26000    3.12181   55   77    3.24571    2.86697  11.7%  88.3  475s
 65902 26371    3.14939   39   73    3.24571    2.86823  11.6%  88.3  480s
 66662 26703    3.11353   62   90    3.24571    2.86929  11.6%  88.4  485s
 67556 26988    2.91146   55   95    3.24571    2.87166  11.5%  88.3  490s
 68338 27338     cutoff   47         3.24571    2.87309  11.5%  88.3  495s
 69018 27602 infeasible   35         3.24571    2.87427  11.4%  88.5  500s
 69739 27892    3.10319   77   66    3.24571    2.87551  11.4%  88.6  505s
 70560 28193    3.11880   56   70    3.24571    2.87692  11.4%  88.6  510s
 71223 28488    3.02069   56   87    3.24571    2.87808  11.3%  88.6  515s
 72106 28867    3.11040   41   86    3.24571    2.87941  11.3%  88.5  520s
 72815 29139    3.13442   58   92    3.24571    2.88055  11.3%  88.6  525s
 73481 29377 infeasible   44         3.24571    2.88205  11.2%  88.8  530s
 74185 29610    3.14976   58  110    3.24571    2.88374  11.2%  88.9  535s
 74884 29924     cutoff   45         3.24571    2.88506  11.1%  88.9  540s
 75711 30282     cutoff   48         3.24571    2.88627  11.1%  88.8  545s
 76441 30582    3.23179   42   64    3.24571    2.88764  11.0%  88.9  550s
 77211 30846    3.03197   28   94    3.24571    2.88912  11.0%  88.9  555s
 77869 31104    3.00382   38   80    3.24571    2.89009  11.0%  89.1  560s
 78455 31368    3.06381   44   81    3.24571    2.89111  10.9%  89.2  565s
 79333 31733    3.06076   58   61    3.24571    2.89220  10.9%  89.1  570s
 79922 32013    3.17715   64   49    3.24571    2.89339  10.9%  89.0  575s
 80715 32311    3.05452   44   97    3.24571    2.89472  10.8%  89.1  580s
 81494 32614     cutoff   52         3.24571    2.89583  10.8%  89.1  585s
 82107 32811    3.23657   36   84    3.24571    2.89717  10.7%  89.3  590s
 82932 33053    2.97966   41  106    3.24571    2.89865  10.7%  89.2  595s
 83674 33343    3.06348   49  103    3.24571    2.90012  10.6%  89.3  600s
 84530 33665    3.04931   55  118    3.24571    2.90148  10.6%  89.2  605s
 85324 33953     cutoff   76         3.24571    2.90249  10.6%  89.1  610s
 86005 34232    3.04615   48  135    3.24571    2.90357  10.5%  89.3  615s
 86770 34509    3.15816   61   64    3.24571    2.90440  10.5%  89.2  620s
 87465 34784    2.98047   51   91    3.24571    2.90505  10.5%  89.3  625s
 88244 35072    3.07016   55   94    3.24571    2.90618  10.5%  89.3  630s
 89008 35324    2.96701   57   75    3.24571    2.90758  10.4%  89.3  635s
 89767 35605    3.09240   40  138    3.24571    2.90877  10.4%  89.4  640s
 90510 35930     cutoff   47         3.24571    2.90962  10.4%  89.4  645s
 91353 36268    3.19193   55   68    3.24571    2.91083  10.3%  89.3  650s
 91889 36474    2.98697   49  107    3.24571    2.91161  10.3%  89.5  655s
 92525 36699    3.06942   50   92    3.24571    2.91279  10.3%  89.6  660s
 93402 37038    3.10612   49   94    3.24571    2.91406  10.2%  89.5  665s
 94271 37392     cutoff   48         3.24571    2.91501  10.2%  89.4  670s
 95008 37641    2.97738   58   71    3.24571    2.91616  10.2%  89.4  675s
 95844 37970    3.18743   71   57    3.24571    2.91717  10.1%  89.4  680s
 96603 38276    3.22216   45  138    3.24571    2.91793  10.1%  89.4  685s
 97213 38511     cutoff   53         3.24571    2.91862  10.1%  89.4  690s
 98226 38855    3.19008   70   78    3.24571    2.91993  10.0%  89.3  695s
 99260 39350    3.19734   42   67    3.24571    2.92071  10.0%  89.0  700s
 100093 39670    3.21915   44   56    3.24571    2.92193  10.0%  88.9  705s
 100754 39930    3.21797   55   80    3.24571    2.92278  9.95%  88.9  710s
 101524 40147    3.06785   64   82    3.24571    2.92401  9.91%  89.0  715s
 102421 40432    3.02104   42   63    3.24571    2.92518  9.88%  88.9  720s
 103273 40781     cutoff   48         3.24571    2.92615  9.85%  88.9  725s
 104009 41043    3.13977   49   86    3.24571    2.92681  9.83%  88.9  730s
 104724 41312    3.18067   50   73    3.24571    2.92769  9.80%  88.8  735s
 105528 41575 infeasible   55         3.24571    2.92873  9.77%  88.7  740s
 106305 41801    3.02640   49   84    3.24571    2.92956  9.74%  88.8  745s
 107045 42102     cutoff   61         3.24571    2.93029  9.72%  88.8  750s
 107892 42398     cutoff   49         3.24571    2.93120  9.69%  88.8  755s
 108799 42762    3.18900   48   51    3.24571    2.93208  9.66%  88.7  760s
 109467 43012     cutoff   52         3.24571    2.93296  9.64%  88.6  765s
 110384 43301     cutoff   61         3.24571    2.93403  9.60%  88.5  770s
 111240 43631    3.07391   38   82    3.24571    2.93508  9.57%  88.5  775s
 112037 43958    3.17496   42  115    3.24571    2.93575  9.55%  88.5  780s
 113088 44345    3.05457   55   64    3.24571    2.93668  9.52%  88.2  785s
 113931 44653    2.96984   60   63    3.24571    2.93768  9.49%  88.2  790s
 114903 45057    3.04225   58   97    3.24571    2.93837  9.47%  88.0  795s
 115897 45432    3.12512   69   91    3.24571    2.93912  9.45%  87.9  800s
 116633 45693    3.22091   89   63    3.24571    2.93968  9.43%  87.9  805s
 117521 45990    3.10778   32  113    3.24571    2.94071  9.40%  87.8  810s
 118272 46237    3.18601   59   78    3.24571    2.94125  9.38%  87.8  815s
 119280 46689     cutoff   46         3.24571    2.94202  9.36%  87.7  820s
 120163 47046    3.17685   55   73    3.24571    2.94269  9.34%  87.5  825s
 121078 47358    3.05602   62   81    3.24571    2.94344  9.31%  87.5  830s
 122079 47847    3.19327   62   35    3.24571    2.94436  9.28%  87.3  835s
 122964 48191     cutoff   42         3.24571    2.94505  9.26%  87.2  840s
 123897 48510    3.10499   43  100    3.24571    2.94600  9.23%  87.2  845s
 124798 48877    3.09994   39   89    3.24571    2.94667  9.21%  87.1  850s
 125630 49119 infeasible   44         3.24571    2.94759  9.19%  87.0  855s
 126596 49483    3.21992   55   69    3.24571    2.94827  9.16%  86.9  860s
 127383 49753     cutoff   46         3.24571    2.94896  9.14%  86.9  865s
 128174 49987    3.20076   50   52    3.24571    2.94959  9.12%  86.9  870s
 129037 50365    3.04132   69   56    3.24571    2.95025  9.10%  86.9  875s
 129859 50679    3.19446   59   73    3.24571    2.95092  9.08%  86.8  880s
 130621 50985    3.23802   57  104    3.24571    2.95175  9.06%  86.8  885s
 131216 51168    3.11541   58   50    3.24571    2.95228  9.04%  86.8  890s
 131992 51474    3.13133   71   58    3.24571    2.95279  9.02%  86.8  895s
 133018 51858    2.96157   43  121    3.24571    2.95337  9.01%  86.7  900s
 133724 52131    2.96621   37   68    3.24571    2.95399  8.99%  86.7  905s
 134638 52551     cutoff   76         3.24571    2.95464  8.97%  86.6  910s
 135601 52865    3.00118   45   99    3.24571    2.95542  8.94%  86.5  915s
 136269 53079    3.19221   52  134    3.24571    2.95589  8.93%  86.5  920s
 137109 53386     cutoff   55         3.24571    2.95645  8.91%  86.5  925s
 138249 53922    2.99769   46   59    3.24571    2.95703  8.89%  86.2  930s
 139178 54266    3.10063   45   86    3.24571    2.95756  8.88%  86.2  935s
 140130 54672    3.15726   84   50    3.24571    2.95818  8.86%  86.0  940s
 140944 54953     cutoff   48         3.24571    2.95870  8.84%  85.9  945s
 141907 55250    3.16572   76   51    3.24571    2.95941  8.82%  85.8  950s
 142875 55586     cutoff   52         3.24571    2.96009  8.80%  85.7  955s
 143600 55797     cutoff   40         3.24571    2.96069  8.78%  85.8  960s
 144743 56273    3.10210   51   86    3.24571    2.96134  8.76%  85.6  965s
 145646 56659    2.99415   56   96    3.24571    2.96187  8.75%  85.5  970s
 146357 56881    3.03804   37   90    3.24571    2.96234  8.73%  85.5  975s
 147093 57110    3.18957   50   57    3.24571    2.96282  8.72%  85.5  980s
 147881 57379    3.04585   53   94    3.24571    2.96332  8.70%  85.5  985s
 148746 57683    3.23618   54   64    3.24571    2.96373  8.69%  85.5  990s
 149600 57959    3.04333   40  123    3.24571    2.96440  8.67%  85.5  995s
 150535 58291    3.08477   77   52    3.24571    2.96491  8.65%  85.3 1000s
 151298 58612     cutoff   50         3.24571    2.96534  8.64%  85.3 1005s
 152239 58909    3.23395   57   71    3.24571    2.96594  8.62%  85.3 1010s
 152942 59129    3.06696   40  108    3.24571    2.96638  8.61%  85.3 1015s
 153656 59400    3.09723   52   98    3.24571    2.96664  8.60%  85.4 1020s
 154715 59846    3.11804   54   55    3.24571    2.96719  8.58%  85.2 1025s
 155535 60115    3.21695   51   60    3.24571    2.96757  8.57%  85.2 1030s
 156441 60395    3.10774   35  102    3.24571    2.96832  8.55%  85.1 1035s
 157249 60743    3.21783   44   68    3.24571    2.96879  8.53%  85.1 1040s
 158289 61204    2.98777   53   74    3.24571    2.96917  8.52%  84.9 1045s
 159068 61507    3.19307   76   70    3.24571    2.96945  8.51%  84.9 1050s
 160047 61927    3.22759   83   69    3.24571    2.96983  8.50%  84.8 1055s
 160919 62222    3.18944   60   53    3.24571    2.97032  8.48%  84.7 1060s
 161921 62547    3.11205   54   85    3.24571    2.97092  8.47%  84.6 1065s
 162836 62892    3.12874   47  101    3.24571    2.97135  8.45%  84.5 1070s
 163766 63253    3.10082   49   48    3.24571    2.97175  8.44%  84.5 1075s
 164631 63562    3.15279   45   87    3.24571    2.97228  8.42%  84.4 1080s
 165591 63872    3.22232   64   62    3.24571    2.97279  8.41%  84.3 1085s
 166467 64152    3.06590   44   98    3.24571    2.97318  8.40%  84.3 1090s
 167252 64477     cutoff   51         3.24571    2.97348  8.39%  84.2 1095s
 168201 64808    3.02703   45  107    3.24571    2.97397  8.37%  84.2 1100s
 168911 65121    3.17556   88   84    3.24571    2.97421  8.36%  84.1 1105s
 169924 65461     cutoff   56         3.24571    2.97466  8.35%  84.0 1110s
 170851 65867    3.14502   60   82    3.24571    2.97500  8.34%  84.0 1115s
 171935 66228     cutoff   58         3.24571    2.97563  8.32%  83.8 1120s
 172794 66589    3.18646   51   49    3.24571    2.97594  8.31%  83.7 1125s
 173847 66973     cutoff   42         3.24571    2.97640  8.30%  83.6 1130s
 174865 67379    3.13794   51   80    3.24571    2.97677  8.29%  83.5 1135s
 175762 67686    3.03063   47   73    3.24571    2.97719  8.27%  83.5 1140s
 176696 68024     cutoff   59         3.24571    2.97761  8.26%  83.4 1145s
 177557 68302     cutoff   51         3.24571    2.97796  8.25%  83.4 1150s
 178538 68669    3.08120   40   87    3.24571    2.97844  8.23%  83.3 1155s
 179488 69003     cutoff   56         3.24571    2.97885  8.22%  83.2 1160s
 180569 69341     cutoff   56         3.24571    2.97927  8.21%  83.1 1165s
 181622 69686    3.18385   53   65    3.24571    2.97971  8.20%  83.0 1170s
 182740 70098     cutoff   52         3.24571    2.98011  8.18%  82.9 1175s
 183794 70546    2.99381   58   59    3.24571    2.98055  8.17%  82.8 1180s
 184806 70971    2.99195   47   51    3.24571    2.98086  8.16%  82.7 1185s
 185808 71323    2.99674   44   74    3.24571    2.98129  8.15%  82.6 1190s
 186851 71681    2.99560   43   71    3.24571    2.98175  8.13%  82.5 1195s
 187901 72093    3.12891   58   56    3.24571    2.98211  8.12%  82.4 1200s

Cutting planes:
  Gomory: 4
  Cover: 1
  Implied bound: 318
  Projected implied bound: 13
  MIR: 604
  Flow cover: 637
  GUB cover: 15
  RLT: 1
  Relax-and-lift: 483

Explored 187902 nodes (15483218 simplex iterations) in 1200.00 seconds
Thread count was 1 (of 4 available processors)

Solution count 10: 3.24571 3.24881 3.2566 ... 3.31712

Time limit reached
Best objective 3.245713196002e+00, best bound 2.982107260863e+00, gap 8.1217%

---------------------------------------------------------------------------
Multi-objectives: stopped in 1200.07 seconds, solution count 10
Time Limit reached

