Academic license - for non-commercial use only - expires 2022-11-10
Using license file /home/benedond/Apps/gurobi/gurobi950/gurobi.lic
Using gurobi.env file
Set parameter Threads to value 1
Changed value of parameter TimeLimit to 1200.0
   Prev: inf  Min: 0.0  Max: inf  Default: inf
Gurobi Optimizer version 9.1.2 build v9.1.2rc0 (linux64)
Thread count: 2 physical cores, 4 logical processors, using up to 1 threads
Optimize a model with 606 rows, 530 columns and 2480 nonzeros
Model fingerprint: 0x7ebf3622
Variable types: 30 continuous, 500 integer (500 binary)
Coefficient statistics:
  Matrix range     [2e-01, 4e+02]
  Objective range  [2e-02, 6e-01]
  Bounds range     [1e+00, 1e+00]
  RHS range        [1e+00, 7e+02]
Presolve removed 179 rows and 51 columns
Presolve time: 0.03s
Presolved: 427 rows, 479 columns, 2674 nonzeros
Variable types: 27 continuous, 452 integer (452 binary)
Found heuristic solution: objective 5.2920000

Root relaxation: objective 2.761768e+00, 564 iterations, 0.01 seconds

    Nodes    |    Current Node    |     Objective Bounds      |     Work
 Expl Unexpl |  Obj  Depth IntInf | Incumbent    BestBd   Gap | It/Node Time

     0     0    2.76177    0   63    5.29200    2.76177  47.8%     -    0s
H    0     0                       4.8195588    2.76177  42.7%     -    0s
H    0     0                       4.6018529    2.76177  40.0%     -    0s
H    0     0                       4.0187059    2.76177  31.3%     -    0s
     0     0    2.84276    0   71    4.01871    2.84276  29.3%     -    0s
     0     0    2.85368    0   81    4.01871    2.85368  29.0%     -    0s
     0     0    3.01770    0   69    4.01871    3.01770  24.9%     -    0s
H    0     0                       3.9855882    3.01770  24.3%     -    0s
     0     0    3.01902    0   71    3.98559    3.01902  24.3%     -    0s
     0     0    3.08004    0   59    3.98559    3.08004  22.7%     -    0s
H    0     0                       3.8773382    3.08004  20.6%     -    0s
H    0     0                       3.7835294    3.08004  18.6%     -    0s
     0     0    3.13068    0   81    3.78353    3.13068  17.3%     -    0s
     0     0    3.13310    0   62    3.78353    3.13310  17.2%     -    0s
     0     0    3.13512    0   79    3.78353    3.13512  17.1%     -    0s
     0     0    3.13720    0   75    3.78353    3.13720  17.1%     -    0s
     0     0    3.13729    0   77    3.78353    3.13729  17.1%     -    0s
     0     0    3.15187    0   62    3.78353    3.15187  16.7%     -    0s
     0     0    3.16346    0   64    3.78353    3.16346  16.4%     -    0s
     0     0    3.16353    0   66    3.78353    3.16353  16.4%     -    0s
     0     0    3.18811    0   73    3.78353    3.18811  15.7%     -    0s
     0     0    3.19600    0   73    3.78353    3.19600  15.5%     -    0s
     0     0    3.19727    0   73    3.78353    3.19727  15.5%     -    0s
     0     0    3.19742    0   86    3.78353    3.19742  15.5%     -    0s
     0     0    3.21098    0   82    3.78353    3.21098  15.1%     -    0s
     0     0    3.21325    0   68    3.78353    3.21325  15.1%     -    0s
     0     0    3.21357    0   76    3.78353    3.21357  15.1%     -    0s
     0     0    3.21357    0   81    3.78353    3.21357  15.1%     -    0s
     0     0    3.21623    0   77    3.78353    3.21623  15.0%     -    0s
H    0     0                       3.6150882    3.21623  11.0%     -    0s
     0     0    3.22849    0   94    3.61509    3.22849  10.7%     -    0s
     0     0    3.22857    0   87    3.61509    3.22857  10.7%     -    0s
     0     0    3.23098    0   95    3.61509    3.23098  10.6%     -    0s
     0     0    3.23172    0   87    3.61509    3.23172  10.6%     -    0s
     0     0    3.23182    0   79    3.61509    3.23182  10.6%     -    0s
     0     0    3.23326    0   87    3.61509    3.23326  10.6%     -    0s
     0     0    3.23326    0   85    3.61509    3.23326  10.6%     -    0s
     0     2    3.24727    0   85    3.61509    3.24727  10.2%     -    0s
H  107    53                       3.6117794    3.31617  8.18%  31.0    0s
*  132    52              20       3.5906618    3.32287  7.46%  28.9    0s
*  394     0              10       3.5895735    3.58957  0.00%  26.2    1s

Cutting planes:
  Cover: 21
  Implied bound: 11
  Clique: 5
  MIR: 43
  StrongCG: 3
  Inf proof: 1
  Mod-K: 2
  RLT: 12
  Relax-and-lift: 57

Explored 395 nodes (12644 simplex iterations) in 1.01 seconds
Thread count was 1 (of 4 available processors)

Solution count 10: 3.58957 3.59066 3.61178 ... 4.81956

Optimal solution found (tolerance 1.00e-04)
Best objective 3.589573522964e+00, best bound 3.589573522964e+00, gap 0.0000%
