Academic license - for non-commercial use only - expires 2022-11-10
Using license file /home/benedond/Apps/gurobi/gurobi950/gurobi.lic
Using gurobi.env file
Set parameter Threads to value 1
Changed value of parameter TimeLimit to 1200.0
   Prev: inf  Min: 0.0  Max: inf  Default: inf
Gurobi Optimizer version 9.1.2 build v9.1.2rc0 (linux64)
Thread count: 2 physical cores, 4 logical processors, using up to 1 threads
Optimize a model with 2809 rows, 2633 columns and 12761 nonzeros
Model fingerprint: 0x1d16cac6
Variable types: 70 continuous, 2563 integer (2563 binary)
Coefficient statistics:
  Matrix range     [2e-01, 4e+02]
  Objective range  [7e-03, 3e-01]
  Bounds range     [1e+00, 1e+00]
  RHS range        [1e+00, 1e+03]
Presolve removed 239 rows and 106 columns
Presolve time: 0.05s
Presolved: 2570 rows, 2527 columns, 12118 nonzeros
Variable types: 69 continuous, 2458 integer (2458 binary)

Root relaxation: objective 2.113083e+00, 2992 iterations, 0.09 seconds

    Nodes    |    Current Node    |     Objective Bounds      |     Work
 Expl Unexpl |  Obj  Depth IntInf | Incumbent    BestBd   Gap | It/Node Time

     0     0    2.11308    0  137          -    2.11308      -     -    0s
     0     0    2.19092    0  190          -    2.19092      -     -    0s
     0     0    2.19187    0  165          -    2.19187      -     -    0s
     0     0    2.25617    0  180          -    2.25617      -     -    0s
     0     0    2.27176    0  151          -    2.27176      -     -    0s
     0     0    2.35328    0  178          -    2.35328      -     -    0s
     0     0    2.39252    0  152          -    2.39252      -     -    0s
     0     0    2.44780    0  124          -    2.44780      -     -    0s
     0     0    2.46975    0  161          -    2.46975      -     -    0s
     0     0    2.48500    0  179          -    2.48500      -     -    0s
     0     0    2.48594    0  180          -    2.48594      -     -    0s
     0     0    2.48626    0  181          -    2.48626      -     -    0s
     0     0    2.48630    0  180          -    2.48630      -     -    0s
     0     0    2.49331    0  122          -    2.49331      -     -    0s
H    0     0                       3.9892790    2.49331  37.5%     -    0s
H    0     0                       3.7744830    2.49331  33.9%     -    0s
H    0     0                       3.4921633    2.49331  28.6%     -    0s
H    0     0                       3.2091225    2.49331  22.3%     -    1s
     0     0    2.49749    0  135    3.20912    2.49749  22.2%     -    1s
     0     0    2.49890    0  179    3.20912    2.49890  22.1%     -    1s
     0     0    2.49927    0  186    3.20912    2.49927  22.1%     -    1s
     0     0    2.49929    0  179    3.20912    2.49929  22.1%     -    1s
     0     0    2.50718    0  173    3.20912    2.50718  21.9%     -    1s
H    0     0                       3.2036871    2.50718  21.7%     -    1s
     0     0    2.50881    0  199    3.20369    2.50881  21.7%     -    1s
     0     0    2.50956    0  178    3.20369    2.50956  21.7%     -    1s
     0     0    2.50969    0  190    3.20369    2.50969  21.7%     -    1s
     0     0    2.51356    0  159    3.20369    2.51356  21.5%     -    1s
     0     0    2.51491    0  215    3.20369    2.51491  21.5%     -    1s
     0     0    2.51506    0  190    3.20369    2.51506  21.5%     -    1s
     0     0    2.51830    0  192    3.20369    2.51830  21.4%     -    1s
H    0     0                       3.1257415    2.51830  19.4%     -    1s
     0     0    2.51884    0  196    3.12574    2.51884  19.4%     -    1s
     0     0    2.51888    0  201    3.12574    2.51888  19.4%     -    1s
     0     0    2.52051    0  193    3.12574    2.52051  19.4%     -    2s
     0     0    2.52051    0  182    3.12574    2.52051  19.4%     -    2s
     0     2    2.52060    0  182    3.12574    2.52060  19.4%     -    2s
H   26    26                       3.1217143    2.52403  19.1%   190    3s
H   48    48                       3.1071898    2.52403  18.8%   176    4s
H   78    78                       3.0900340    2.52403  18.3%   171    4s
H   79    79                       3.0519252    2.52403  17.3%   177    4s
    95    97    2.87975   81   91    3.05193    2.52403  17.3%   189    5s
H  104   104                       3.0476463    2.52403  17.2%   188    5s
H  130   127                       3.0369252    2.52403  16.9%   196    6s
H  208   197                       3.0249320    2.52619  16.5%   178    7s
H  313   262                       2.9796123    2.53319  15.0%   161    8s
H  418   336                       2.9730408    2.54104  14.5%   160    9s
   441   354    2.80080   30  124    2.97304    2.54104  14.5%   165   10s
H  510   380                       2.9570816    2.54104  14.1%   164   12s
H  532   374                       2.9568640    2.54104  14.1%   157   14s
   544   382    2.77166   36  202    2.95686    2.54817  13.8%   153   15s
H  567   377                       2.9552925    2.57010  13.0%   147   16s
   625   416    2.69909   29  281    2.95529    2.58838  12.4%   134   20s
   645   431    2.59292   11  214    2.95529    2.59292  12.3%   169   25s
   664   444    2.72378   20  130    2.95529    2.59724  12.1%   179   30s
H  688   434                       2.9073266    2.60021  10.6%   186   32s
H  720   425                       2.9017619    2.60021  10.4%   200   34s
   752   423     cutoff   64         2.90176    2.60021  10.4%   200   35s
H  757   397                       2.9002109    2.60021  10.3%   199   35s
H  774   380                       2.8950749    2.60021  10.2%   203   35s
   865   386    2.70758   43  137    2.89507    2.62951  9.17%   220   40s
  1003   416    2.68806   15  193    2.89507    2.63649  8.93%   223   45s
  1242   495    2.77466   16   97    2.89507    2.65884  8.16%   218   50s
  1479   542    2.82304   40   33    2.89507    2.67520  7.59%   218   55s
  1748   597    2.78286   25  156    2.89507    2.67849  7.48%   212   60s
  2023   755    2.73355   17  111    2.89507    2.68822  7.15%   208   65s
  2269   850     cutoff   34         2.89507    2.69075  7.06%   206   70s
  2528  1022    2.80214   28   98    2.89507    2.69453  6.93%   200   75s
  2706  1116    2.87038   57   80    2.89507    2.69836  6.79%   202   80s
  2958  1265    2.85177   30   99    2.89507    2.70219  6.66%   199   86s
  3108  1334    2.80386   55   93    2.89507    2.70699  6.50%   200   90s
  3383  1442    2.88888   57   26    2.89507    2.71210  6.32%   201   95s
  3661  1595    2.88541   61   92    2.89507    2.71922  6.07%   201  100s
  3893  1674     cutoff   23         2.89507    2.72427  5.90%   207  105s
  4177  1835    2.74722   32  130    2.89507    2.72789  5.77%   204  110s
  4337  1898    2.79101   48  150    2.89507    2.73171  5.64%   208  115s
  4600  2013    2.84396   23  148    2.89507    2.73566  5.51%   208  120s
  4794  2085    2.81165   47  150    2.89507    2.73839  5.41%   209  125s
H 4830  2079                       2.8923402    2.73917  5.30%   209  126s
  5043  2133    2.81528   26  113    2.89234    2.74217  5.19%   209  130s
  5356  2198    2.87074   35  126    2.89234    2.74441  5.11%   207  135s
  5701  2406    2.84625   25  125    2.89234    2.74705  5.02%   203  140s
  5861  2444    2.83014   31  118    2.89234    2.74943  4.94%   207  145s
  6133  2565    2.81066   30  125    2.89234    2.75163  4.86%   207  150s
  6464  2710    2.88779   42   96    2.89234    2.75495  4.75%   206  155s
  6906  2943    2.86331   40  121    2.89234    2.75742  4.66%   201  160s
  7107  3007    2.81981   28   83    2.89234    2.75907  4.61%   203  165s
  7377  3122    2.79569   28   85    2.89234    2.76194  4.51%   203  170s
H 7461  3134                       2.8896667    2.76235  4.41%   202  170s
H 7754  2630                       2.8673265    2.76328  3.63%   198  173s
  7822  2647     cutoff   20         2.86733    2.76401  3.60%   199  175s
  7873  2655    2.81005   36  138    2.86733    2.76455  3.58%   199  182s
H 7932  2428                       2.8607959    2.76477  3.36%   200  184s
  7961  2430    2.80112   38  145    2.86080    2.76492  3.35%   200  185s
H 7962  1992                       2.8499456    2.76492  2.98%   200  185s
H 8114  1926                       2.8460272    2.76573  2.82%   199  187s
H 8163  1763                       2.8413129    2.76658  2.63%   199  188s
H 8237  1787                       2.8413129    2.76723  2.61%   199  189s
  8241  1789     cutoff   36         2.84131    2.76727  2.61%   199  190s
  8465  1809    2.81327   28   99    2.84131    2.77059  2.49%   200  195s
  8734  1818     cutoff   38         2.84131    2.77419  2.36%   200  200s
  9001  1806     cutoff   39         2.84131    2.77818  2.22%   201  205s
  9297  1799     cutoff   25         2.84131    2.78332  2.04%   201  210s
  9525  1808    2.81728   38  179    2.84131    2.78644  1.93%   202  215s
  9978  1903    2.82867   31  113    2.84131    2.79050  1.79%   199  220s
H 9997  1850                       2.8399932    2.79111  1.72%   200  220s
 10202  1845    2.81546   30  123    2.83999    2.79326  1.65%   199  259s
 10226  1852    2.80600   44  187    2.83999    2.79350  1.64%   199  260s
 10554  1831     cutoff   27         2.83999    2.79670  1.52%   199  265s
 10855  1794     cutoff   34         2.83999    2.80063  1.39%   199  270s
 11167  1752    2.83369   31  196    2.83999    2.80446  1.25%   199  275s
 11534  1702    2.82568   24   85    2.83999    2.80785  1.13%   198  280s
 12046  1711     cutoff   22         2.83999    2.81137  1.01%   195  285s
 12644  1659    2.82009   36  139    2.83999    2.81473  0.89%   190  290s
 13160  1603     cutoff   59         2.83999    2.81763  0.79%   187  295s
 13847  1541    2.83887   41  121    2.83999    2.82071  0.68%   183  300s
 14717  1329    2.83286   44   71    2.83999    2.82558  0.51%   177  305s
 15711   949    2.83467   32  191    2.83999    2.83048  0.34%   170  310s
 16936    95     cutoff   51         2.83999    2.83842  0.06%   162  315s

Cutting planes:
  Gomory: 13
  Cover: 117
  Implied bound: 8
  Clique: 9
  MIR: 296
  StrongCG: 2
  Flow cover: 741
  Inf proof: 2
  Zero half: 1
  RLT: 7
  Relax-and-lift: 234

Explored 17012 nodes (2754411 simplex iterations) in 315.13 seconds
Thread count was 1 (of 4 available processors)

Solution count 10: 2.83999 2.84131 2.84603 ... 2.90021

Optimal solution found (tolerance 1.00e-04)
Best objective 2.839993207471e+00, best bound 2.839714590851e+00, gap 0.0098%
