Academic license - for non-commercial use only - expires 2022-11-10
Using license file /home/benedond/Apps/gurobi/gurobi950/gurobi.lic
Using gurobi.env file
Set parameter Threads to value 1
Changed value of parameter TimeLimit to 1200.0
   Prev: inf  Min: 0.0  Max: inf  Default: inf
Gurobi Optimizer version 9.1.2 build v9.1.2rc0 (linux64)
Thread count: 2 physical cores, 4 logical processors, using up to 1 threads
Optimize a model with 6600 rows, 3280 columns and 25758 nonzeros
Model fingerprint: 0x3d63559f
Variable types: 40 continuous, 3240 integer (3200 binary)
Coefficient statistics:
  Matrix range     [2e-01, 6e+03]
  Objective range  [6e-04, 2e-01]
  Bounds range     [1e+00, 1e+00]
  RHS range        [1e+00, 6e+03]

---------------------------------------------------------------------------
Multi-objectives: starting optimization with 1 objectives ... 
---------------------------------------------------------------------------
---------------------------------------------------------------------------

Multi-objectives: optimize objective 1 (min avg power cons) ...
---------------------------------------------------------------------------

Optimize a model with 6600 rows, 3280 columns and 25758 nonzeros
Model fingerprint: 0x07683dba
Variable types: 40 continuous, 3240 integer (3200 binary)
Coefficient statistics:
  Matrix range     [2e-01, 6e+03]
  Objective range  [6e-04, 2e-01]
  Bounds range     [1e+00, 1e+00]
  RHS range        [1e+00, 6e+03]
Presolve removed 4072 rows and 2001 columns
Presolve time: 0.35s
Presolved: 2528 rows, 1279 columns, 9680 nonzeros
Variable types: 38 continuous, 1241 integer (1203 binary)

Root relaxation: objective 1.519360e+00, 510 iterations, 0.01 seconds

    Nodes    |    Current Node    |     Objective Bounds      |     Work
 Expl Unexpl |  Obj  Depth IntInf | Incumbent    BestBd   Gap | It/Node Time

     0     0    1.51936    0   94          -    1.51936      -     -    0s
     0     0    1.51936    0  115          -    1.51936      -     -    0s
     0     0    1.51936    0   96          -    1.51936      -     -    0s
     0     0    1.60511    0   97          -    1.60511      -     -    0s
     0     0    1.60511    0  101          -    1.60511      -     -    0s
     0     0    1.66828    0  129          -    1.66828      -     -    0s
H    0     0                       4.2376743    1.66828  60.6%     -    0s
H    0     0                       4.0423772    1.66828  58.7%     -    0s
     0     0    1.67888    0  155    4.04238    1.67888  58.5%     -    0s
     0     0    1.75253    0  140    4.04238    1.75253  56.6%     -    0s
H    0     0                       4.0403257    1.75253  56.6%     -    0s
     0     0    1.77142    0  144    4.04033    1.77142  56.2%     -    0s
     0     0    1.77609    0  124    4.04033    1.77609  56.0%     -    0s
H    0     0                       3.5728286    1.77609  50.3%     -    0s
H    0     0                       3.3062171    1.77609  46.3%     -    0s
     0     0    1.78341    0  171    3.30622    1.78341  46.1%     -    0s
     0     0    1.79197    0  148    3.30622    1.79197  45.8%     -    1s
     0     0    1.80769    0  123    3.30622    1.80769  45.3%     -    1s
     0     0    1.82108    0  127    3.30622    1.82108  44.9%     -    1s
H    0     0                       3.3025371    1.82108  44.9%     -    1s
     0     0    1.82481    0  134    3.30254    1.82481  44.7%     -    1s
     0     0    1.87289    0  186    3.30254    1.87289  43.3%     -    1s
     0     0    1.88850    0  196    3.30254    1.88850  42.8%     -    1s
     0     0    1.90835    0  177    3.30254    1.90835  42.2%     -    1s
     0     0    1.91513    0  184    3.30254    1.91513  42.0%     -    1s
     0     0    1.91692    0  208    3.30254    1.91692  42.0%     -    1s
     0     0    1.91934    0  202    3.30254    1.91934  41.9%     -    1s
     0     0    1.92246    0  234    3.30254    1.92246  41.8%     -    1s
     0     0    1.92360    0  209    3.30254    1.92360  41.8%     -    1s
     0     0    1.92481    0  212    3.30254    1.92481  41.7%     -    1s
     0     0    1.92513    0  211    3.30254    1.92513  41.7%     -    1s
     0     0    1.92536    0  241    3.30254    1.92536  41.7%     -    1s
     0     0    1.92584    0  241    3.30254    1.92584  41.7%     -    1s
     0     0    1.92591    0  246    3.30254    1.92591  41.7%     -    1s
     0     0    1.94006    0  195    3.30254    1.94006  41.3%     -    1s
     0     0    1.94149    0  198    3.30254    1.94149  41.2%     -    1s
     0     0    1.94219    0  203    3.30254    1.94219  41.2%     -    1s
     0     0    1.94254    0  205    3.30254    1.94254  41.2%     -    1s
     0     0    1.94261    0  202    3.30254    1.94261  41.2%     -    1s
     0     0    1.95592    0  229    3.30254    1.95592  40.8%     -    1s
     0     0    1.96077    0  228    3.30254    1.96077  40.6%     -    1s
     0     0    1.96119    0  226    3.30254    1.96119  40.6%     -    1s
     0     0    1.96144    0  225    3.30254    1.96144  40.6%     -    1s
     0     0    1.96158    0  225    3.30254    1.96158  40.6%     -    1s
     0     0    1.96711    0  218    3.30254    1.96711  40.4%     -    1s
H    0     0                       3.2995029    1.96711  40.4%     -    1s
     0     0    1.97208    0  225    3.29950    1.97208  40.2%     -    1s
     0     0    1.97257    0  235    3.29950    1.97257  40.2%     -    1s
     0     0    1.97269    0  237    3.29950    1.97269  40.2%     -    1s
     0     0    1.97747    0  213    3.29950    1.97747  40.1%     -    1s
     0     0    1.97991    0  228    3.29950    1.97991  40.0%     -    1s
     0     0    1.98065    0  293    3.29950    1.98065  40.0%     -    2s
     0     0    1.98120    0  286    3.29950    1.98120  40.0%     -    2s
     0     0    1.98145    0  288    3.29950    1.98145  39.9%     -    2s
     0     0    1.98153    0  234    3.29950    1.98153  39.9%     -    2s
     0     0    1.98418    0  291    3.29950    1.98418  39.9%     -    2s
     0     0    1.98503    0  293    3.29950    1.98503  39.8%     -    2s
     0     0    1.98523    0  299    3.29950    1.98523  39.8%     -    2s
     0     0    1.98529    0  304    3.29950    1.98529  39.8%     -    2s
     0     0    1.98754    0  217    3.29950    1.98754  39.8%     -    2s
     0     0    1.98823    0  247    3.29950    1.98823  39.7%     -    2s
     0     0    1.98858    0  230    3.29950    1.98858  39.7%     -    2s
     0     0    1.98888    0  240    3.29950    1.98888  39.7%     -    2s
     0     0    1.98899    0  250    3.29950    1.98899  39.7%     -    2s
     0     0    1.99133    0  255    3.29950    1.99133  39.6%     -    2s
     0     0    1.99253    0  262    3.29950    1.99253  39.6%     -    2s
     0     0    1.99294    0  268    3.29950    1.99294  39.6%     -    2s
     0     0    1.99303    0  266    3.29950    1.99303  39.6%     -    2s
     0     0    1.99435    0  232    3.29950    1.99435  39.6%     -    2s
     0     0    1.99479    0  237    3.29950    1.99479  39.5%     -    2s
     0     0    1.99486    0  238    3.29950    1.99486  39.5%     -    2s
     0     0    1.99542    0  230    3.29950    1.99542  39.5%     -    2s
     0     0    1.99542    0  229    3.29950    1.99542  39.5%     -    2s
H    0     0                       3.2823486    1.99547  39.2%     -    2s
H    0     0                       3.2651943    1.99547  38.9%     -    2s
     0     2    1.99547    0  229    3.26519    1.99547  38.9%     -    2s
H   26    26                       3.2640286    1.99611  38.8%   133    3s
H   27    27                       3.2328457    1.99611  38.3%   142    3s
H   52    52                       3.2100114    1.99611  37.8%   171    3s
H   54    54                       3.2063429    1.99611  37.7%   166    3s
H  104   104                       3.2026743    1.99611  37.7%   117    4s
H  108   106                       3.1746857    1.99611  37.1%   113    4s
H  236   213                       3.1574914    1.99611  36.8%  77.6    4s
   241   214    2.15284    4  185    3.15749    1.99832  36.7%  81.8    5s
H  288   257                       3.1524514    1.99832  36.6%   100    5s
H  297   263                       3.1469486    1.99832  36.5%  98.6    5s
   520   461    2.01224    3  261    3.14695    2.01224  36.1%  80.8   10s
   544   477    2.14654   59  295    3.14695    2.04863  34.9%  77.2   15s
   565   491    2.23153   65  300    3.14695    2.05927  34.6%  74.3   20s
   587   506    2.24200   87  293    3.14695    2.06501  34.4%  71.5   25s
   608   520    3.00620  165  266    3.14695    2.06791  34.3%  69.1   30s
   632   536    2.29168   86  277    3.14695    2.07138  34.2%  66.5   35s
   660   556    2.07303   25  254    3.14695    2.07303  34.1%   128   40s
   682   570    2.07608    3  290    3.14695    2.07608  34.0%   124   45s
   684   572    2.07617    8  290    3.14695    2.07617  34.0%   124   51s
   704   585    2.19105   30  207    3.14695    2.08176  33.8%   153   55s
   768   624    2.22391   62  146    3.14695    2.08176  33.8%   182   60s
   898   706    2.33265  127  168    3.14695    2.08176  33.8%   199   65s
H  918   688                       3.1078000    2.08176  33.0%   199   65s
H  970   689                       3.1054686    2.08176  33.0%   194   66s
H 1022   687                       3.1053771    2.08176  33.0%   186   68s
H 1048   661                       3.0944172    2.08735  32.5%   192   69s
  1053   665    2.58839   34  179    3.09442    2.08735  32.5%   194   70s
  1155   731    2.32085   85  147    3.09442    2.08735  32.5%   210   75s
  1586   936    2.74377   77  105    3.09442    2.08913  32.5%   183   80s
  2109  1206    2.27917   30  150    3.09442    2.09479  32.3%   161   85s
  2608  1630     cutoff   46         3.09442    2.10066  32.1%   151   90s
H 2901  1834                       3.0940972    2.10695  31.9%   147   93s
H 2958  1877                       3.0757257    2.10720  31.5%   150   95s
  3325  2140    2.15549   53  217    3.07573    2.10893  31.4%   144  100s
  3764  2487     cutoff   51         3.07573    2.11341  31.3%   141  105s
  3941  2624    3.03093   71  112    3.07573    2.11348  31.3%   143  110s
  4227  2856    2.37143   59  149    3.07573    2.12109  31.0%   143  115s
  4824  3367    2.15820   46  205    3.07573    2.12363  31.0%   135  120s
H 4828  3316                       3.0493657    2.12363  30.4%   135  120s
H 4924  3393                       3.0439029    2.12363  30.2%   138  129s
  4992  3445    2.92474  130   39    3.04390    2.12363  30.2%   137  130s
  5271  3640    2.25088   40  178    3.04390    2.12540  30.2%   137  135s
  5658  3963    2.94930  109   93    3.04390    2.12677  30.1%   136  140s
  5857  4095    2.40067   84  163    3.04390    2.12734  30.1%   140  145s
  6108  4297    2.68906   99  100    3.04390    2.12885  30.1%   142  150s
  6475  4542    2.32764   78  190    3.04390    2.13087  30.0%   143  155s
  6792  4806    3.03465  100   57    3.04390    2.13400  29.9%   144  160s
  7047  4973    2.35247   56  176    3.04390    2.13805  29.8%   146  165s
  7380  5227    2.44880   65  158    3.04390    2.13834  29.7%   147  170s
  7678  5478    2.79650   88   75    3.04390    2.13974  29.7%   147  175s
  8045  5776    2.31746   57  184    3.04390    2.14355  29.6%   147  180s
  8377  6053    2.59136   56  195    3.04390    2.14411  29.6%   148  185s
  8582  6200    2.37483   61  171    3.04390    2.14492  29.5%   150  190s
  8809  6386    3.01817  124  123    3.04390    2.14629  29.5%   151  195s
  9193  6638    2.24515   62  230    3.04390    2.14927  29.4%   151  200s
  9573  6940    2.34799   54  198    3.04390    2.15117  29.3%   150  205s
  9775  7079    2.25139   28  200    3.04390    2.15266  29.3%   152  210s
  9839  7143    2.81576   92  106    3.04390    2.15266  29.3%   152  221s
  9938  7202    2.49497   82  209    3.04390    2.15359  29.2%   154  225s
 10203  7427    2.32371   56  229    3.04390    2.15383  29.2%   154  266s
 10211  7432    2.38235  113  240    3.04390    2.15383  29.2%   154  270s
 10220  7438    2.56130  137  241    3.04390    2.15383  29.2%   154  275s
 10230  7445    2.24977   94  276    3.04390    2.15383  29.2%   154  280s
 10238  7450    3.04027   96  241    3.04390    2.15383  29.2%   154  285s
 10248  7457    2.29360   45  251    3.04390    2.15383  29.2%   154  290s
 10257  7463    2.85714   86  303    3.04390    2.15383  29.2%   153  295s
 10266  7469    2.73382   67  298    3.04390    2.15383  29.2%   153  300s
 10274  7474    2.72107  101  300    3.04390    2.15383  29.2%   153  305s
 10284  7481    2.80088   64  297    3.04390    2.15383  29.2%   153  310s
 10292  7486    2.45587   56  306    3.04390    2.15383  29.2%   153  315s
 10301  7492    2.44084  142  295    3.04390    2.15383  29.2%   153  320s
 10311  7499    2.38235  113  296    3.04390    2.15383  29.2%   153  325s
 10319  7504    2.74625   85  292    3.04390    2.15383  29.2%   153  330s
 10328  7510    2.52798  126  289    3.04390    2.15383  29.2%   152  335s
 10337  7516    2.20061   67  297    3.04390    2.15383  29.2%   152  340s
 10346  7522    2.31435   55  299    3.04390    2.15383  29.2%   152  345s
 10355  7528    2.64958   70  303    3.04390    2.15383  29.2%   152  350s
 10364  7534    2.77969  119  296    3.04390    2.15383  29.2%   152  355s
 10373  7540    2.33000   66  301    3.04390    2.15383  29.2%   152  360s
 10382  7546    2.21902   58  303    3.04390    2.15383  29.2%   152  365s
 10391  7552    2.76546   89  313    3.04390    2.15383  29.2%   151  370s
 10399  7558    2.34842   90  290    3.04390    2.15383  29.2%   151  375s
 10404  7561    2.89418  221  289    3.04390    2.15383  29.2%   151  381s
 10405  7562    2.46644   77  289    3.04390    2.15383  29.2%   151  387s
 10406  7564    2.15383   35  283    3.04390    2.15383  29.2%   156  391s
 10409  7564    2.23596   36  219    3.04390    2.15383  29.2%   157  396s
 10411  7566    2.23868   37  219    3.04390    2.15383  29.2%   157  401s
 10413  7567    2.15383   38  202    3.04390    2.15383  29.2%   157  405s
 10416  7569    2.15383   40  256    3.04390    2.15383  29.2%   157  410s
 10427  7574    2.37018   45  155    3.04390    2.15383  29.2%   158  415s
 10451  7588    2.31184   57  198    3.04390    2.15383  29.2%   159  420s
 10508  7614    2.87018   86  117    3.04390    2.15383  29.2%   161  425s
 10591  7620 infeasible   50         3.04390    2.15383  29.2%   161  430s
 10652  7659    2.63525   81   85    3.04390    2.15383  29.2%   164  435s
 10893  7751    2.51389   52  141    3.04390    2.15383  29.2%   163  440s
 11025  7829    2.87861  118   92    3.04390    2.15383  29.2%   164  445s
 11250  7956    2.83221  175   83    3.04390    2.15383  29.2%   164  450s
 11454  8046    2.34686   79  178    3.04390    2.15522  29.2%   163  455s
 11624  8118    2.46024   76  133    3.04390    2.19173  28.0%   164  460s
 11764  8168    2.68259   83  117    3.04390    2.21460  27.2%   164  465s
 11871  8209    2.99807   70  129    3.04390    2.21494  27.2%   163  470s
 12033  8276    2.79132   59  108    3.04390    2.22384  26.9%   163  475s
 12231  8374    2.54225  105  147    3.04390    2.22594  26.9%   164  480s
 12556  8492    2.99088   96   80    3.04390    2.22867  26.8%   162  485s
 12694  8539    2.48456   57  184    3.04390    2.23460  26.6%   163  490s
 12993  8647    2.33843   61  300    3.04390    2.23842  26.5%   162  495s
 13188  8725    2.41928   77  175    3.04390    2.24117  26.4%   163  500s
 13439  8861    2.48880   57  195    3.04390    2.24227  26.3%   163  505s
 13685  8920    2.31930   48  209    3.04390    2.24629  26.2%   164  510s
 13821  8994    2.54201   58  217    3.04390    2.24845  26.1%   164  515s
 13910  9033    2.34714   55  297    3.04390    2.24998  26.1%   166  520s
 14044  9085    2.34590   51  208    3.04390    2.25135  26.0%   167  525s
 14212  9154    2.80771   85  171    3.04390    2.25366  26.0%   168  530s
 14485  9236    2.87077   72  105    3.04390    2.25945  25.8%   169  535s
 14826  9377    2.49143   45  197    3.04390    2.26342  25.6%   168  540s
 14984  9448    2.52516   96  135    3.04390    2.26553  25.6%   169  545s
 15110  9509    2.64507   72  234    3.04390    2.26575  25.6%   169  550s
 15300  9586    2.60608   67  184    3.04390    2.26992  25.4%   170  555s
 15509  9675    2.39410   71  166    3.04390    2.27037  25.4%   170  560s
 15721  9780    2.94069  114   80    3.04390    2.27125  25.4%   170  565s
 15877  9808    2.45235   38  280    3.04390    2.27216  25.4%   171  570s
 15955  9846    2.77304   74  186    3.04390    2.27275  25.3%   172  575s
 16091  9885    2.44655   74  228    3.04390    2.27520  25.3%   172  580s
 16227  9939    2.83430   99  172    3.04390    2.27528  25.3%   173  585s
 16453 10035    2.48369   55  183    3.04390    2.27858  25.1%   173  590s
 16720 10136    2.54283   56  237    3.04390    2.28072  25.1%   172  605s
 16868 10211    2.37299   71  222    3.04390    2.28134  25.1%   173  610s
 17158 10319    2.69753   78  198    3.04390    2.28303  25.0%   172  615s
 17286 10388    2.96665   95   91    3.04390    2.28307  25.0%   172  620s
 17373 10401    2.45671   68  211    3.04390    2.28408  25.0%   173  625s
 17543 10470    2.70806   98  193    3.04390    2.28477  24.9%   174  630s
 17635 10510    2.83455   65  174    3.04390    2.28484  24.9%   175  635s
 17728 10540    2.71251   60  217    3.04390    2.28506  24.9%   176  640s
 17813 10583    2.75083  103  110    3.04390    2.28506  24.9%   178  645s
 17988 10631    2.33261   45  170    3.04390    2.28589  24.9%   179  650s
 18098 10679    2.48054   53  213    3.04390    2.28817  24.8%   180  655s
 18355 10770    2.45837   41  229    3.04390    2.29198  24.7%   179  660s
 18427 10806    2.72124   88  170    3.04390    2.29199  24.7%   180  665s
 18512 10825    2.40158   45  168    3.04390    2.29311  24.7%   181  670s
 18614 10856    2.32311   57  232    3.04390    2.29351  24.7%   181  675s
 18800 10917    2.44094   49  152    3.04390    2.29439  24.6%   181  680s
 18969 11004    2.35863   52  209    3.04390    2.29493  24.6%   182  685s
 19125 11052    2.84856   94   87    3.04390    2.29591  24.6%   182  690s
 19321 11139    2.68100  109  189    3.04390    2.29717  24.5%   183  695s
 19475 11179    2.54966   91  215    3.04390    2.29731  24.5%   184  700s
 19652 11260    2.91121   58  227    3.04390    2.29772  24.5%   184  705s
 19709 11284    2.74873  109  157    3.04390    2.29814  24.5%   186  710s
 19803 11304    2.45570   52  181    3.04390    2.29837  24.5%   187  715s
 19989 11363    2.69532   55  219    3.04390    2.29938  24.5%   188  720s
 20164 11452    2.82083   88   99    3.04390    2.29986  24.4%   188  725s
 20327 11512    2.44958   43  258    3.04390    2.30088  24.4%   189  730s
 20415 11547    2.95180   62  101    3.04390    2.30121  24.4%   190  735s
 20612 11630    2.97366   60  131    3.04390    2.30187  24.4%   190  740s
 20673 11644    2.36894   60  212    3.04390    2.30219  24.4%   191  745s
 20738 11687    2.95938   92   91    3.04390    2.30219  24.4%   192  750s
 20903 11751    2.42949   68  214    3.04390    2.30354  24.3%   192  755s
 21084 11836     cutoff  106         3.04390    2.30416  24.3%   192  760s
 21308 11934    2.80076   51  152    3.04390    2.30531  24.3%   192  765s
 21431 11975    2.71381   53  193    3.04390    2.30603  24.2%   193  770s
 21588 12029    2.77536   67  152    3.04390    2.30652  24.2%   193  775s
 21873 12112    2.51645   66  182    3.04390    2.30712  24.2%   192  780s
 22094 12194    2.43431   47  191    3.04390    2.30800  24.2%   192  785s
 22233 12246    2.65737   97  192    3.04390    2.30840  24.2%   193  790s
 22363 12301    2.80799   65  175    3.04390    2.30886  24.1%   194  795s
 22512 12374    2.64112   70  140    3.04390    2.30914  24.1%   194  800s
 22616 12414    2.72556   52  192    3.04390    2.31035  24.1%   195  805s
 22748 12465    2.93652   89  197    3.04390    2.31057  24.1%   196  810s
 22921 12548    2.87556   67  153    3.04390    2.31096  24.1%   196  815s
 23119 12631    2.47242   55  254    3.04390    2.31152  24.1%   196  820s
 23244 12682    2.81299   87  133    3.04390    2.31211  24.0%   197  825s
 23369 12725    3.02883   68  124    3.04390    2.31297  24.0%   198  830s
 23478 12769    2.54225   59  278    3.04390    2.31323  24.0%   198  835s
 23591 12810     cutoff   56         3.04390    2.31402  24.0%   199  840s
 23672 12814    2.48341   55  204    3.04390    2.31468  24.0%   200  845s
 23787 12862    2.83971   94  133    3.04390    2.31511  23.9%   201  850s
 23907 12900    2.88701   58  197    3.04390    2.31611  23.9%   202  855s
 24044 12949    2.78054   76  145    3.04390    2.31672  23.9%   202  860s
 24188 12995    2.98447   85  122    3.04390    2.31691  23.9%   202  865s
 24315 13042    2.47098   80  190    3.04390    2.31762  23.9%   203  870s
 24535 13135    2.47285   49  206    3.04390    2.31809  23.8%   203  875s
 24759 13218    2.62769   51  261    3.04390    2.31941  23.8%   203  880s
 24840 13253    2.95685   94  102    3.04390    2.31950  23.8%   203  885s
 25007 13327    2.84401   96  115    3.04390    2.32104  23.7%   204  890s
 25098 13351    2.80605   66  228    3.04390    2.32164  23.7%   204  895s
 25221 13365    2.52762   61  170    3.04390    2.32188  23.7%   205  900s
 25404 13439    2.61000   62  178    3.04390    2.32267  23.7%   205  905s
 25540 13486    2.68824   67  185    3.04390    2.32300  23.7%   205  910s
 25650 13532    2.56946   76  140    3.04390    2.32330  23.7%   206  915s
 25751 13579    2.83900   77  118    3.04390    2.32330  23.7%   206  920s
 25897 13629    2.47017   73  184    3.04390    2.32415  23.6%   207  925s
 26036 13695    2.56065   62  184    3.04390    2.32434  23.6%   207  930s
 26274 13768    2.64294   52  248    3.04390    2.32484  23.6%   207  935s
 26395 13814    2.34178   56  198    3.04390    2.32653  23.6%   208  940s
 26550 13888    2.37164   55  179    3.04390    2.32681  23.6%   208  958s
 26600 13909    2.72926   70  112    3.04390    2.32695  23.6%   208  960s
 26711 13959    2.50319   61  219    3.04390    2.32744  23.5%   208  965s
 26854 14008    2.62284   83  183    3.04390    2.32773  23.5%   208  970s
 26989 14067    2.49807   55  180    3.04390    2.32822  23.5%   209  975s
 27262 14149    2.42637   59  227    3.04390    2.32888  23.5%   208  980s
 27453 14224    2.65439   74  129    3.04390    2.32892  23.5%   208  985s
 27566 14250     cutoff   86         3.04390    2.32916  23.5%   209  990s
 27698 14292    2.62451   73  215    3.04390    2.33036  23.4%   209  995s
 27840 14333    2.68390   56  225    3.04390    2.33109  23.4%   210 1000s
 27963 14366    2.40795   54  204    3.04390    2.33154  23.4%   210 1005s
 28137 14386    2.50588  101  184    3.04390    2.33216  23.4%   210 1010s
 28219 14418    2.67561   97  170    3.04390    2.33224  23.4%   211 1015s
 28326 14445    2.65374   76  163    3.04390    2.33326  23.3%   212 1020s
 28458 14502    3.00844   94   71    3.04390    2.33340  23.3%   212 1025s
 28586 14535    2.68453   84  170    3.04390    2.33443  23.3%   213 1030s
 28737 14589     cutoff   87         3.04390    2.33450  23.3%   213 1035s
 28905 14623    2.47750   78  235    3.04390    2.33492  23.3%   212 1047s
 28965 14643    2.37067   66  189    3.04390    2.33596  23.3%   213 1050s
 29073 14690    2.61405   57  171    3.04390    2.33650  23.2%   213 1055s
 29273 14747    2.58752   46  198    3.04390    2.33744  23.2%   213 1060s
 29337 14772    2.87184   63  144    3.04390    2.33758  23.2%   214 1065s
 29468 14810    2.72765   81  189    3.04390    2.33789  23.2%   214 1070s
 29551 14837    2.42013   80  199    3.04390    2.33860  23.2%   215 1075s
 29646 14880    2.91358  102  122    3.04390    2.33868  23.2%   216 1080s
 29874 14940    2.57677   63  226    3.04390    2.33995  23.1%   216 1085s
 29993 14992    2.70950   67  137    3.04390    2.34018  23.1%   216 1090s
 30107 15007    2.53123  104  177    3.04390    2.34054  23.1%   217 1095s
 30299 15073    3.00965  117   94    3.04390    2.34069  23.1%   217 1100s
 30447 15127    2.37386   57  238    3.04390    2.34110  23.1%   217 1105s
 30601 15199    2.77663  101  178    3.04390    2.34178  23.1%   217 1110s
 30735 15245    2.93614   61  155    3.04390    2.34225  23.1%   218 1115s
 30846 15281    2.97287  113   44    3.04390    2.34310  23.0%   218 1120s
 30935 15296    2.78381   67   99    3.04390    2.34336  23.0%   219 1125s
 31114 15358    2.70558   84  182    3.04390    2.34450  23.0%   219 1130s
 31240 15392     cutoff   72         3.04390    2.34507  23.0%   219 1135s
 31423 15460    2.63896   64  171    3.04390    2.34549  22.9%   219 1140s
 31612 15525    2.91151   56  104    3.04390    2.34617  22.9%   219 1145s
 31713 15554    2.38344   50  233    3.04390    2.34637  22.9%   220 1150s
 31866 15612    2.72376   56  182    3.04390    2.34660  22.9%   220 1155s
 31977 15665    2.92260   95  123    3.04390    2.34674  22.9%   220 1160s
 32087 15704    2.88131   70  114    3.04390    2.34691  22.9%   221 1165s
 32228 15754    2.47212   56  218    3.04390    2.34734  22.9%   221 1170s
 32373 15817    2.63548   71  126    3.04390    2.34763  22.9%   221 1175s
 32636 15887    2.69997   47  152    3.04390    2.34924  22.8%   221 1180s
 32723 15906    3.02874   92  129    3.04390    2.34943  22.8%   221 1185s
 32894 15948    2.82710   69  149    3.04390    2.34996  22.8%   221 1190s
 33019 15976    2.75406   71  151    3.04390    2.35055  22.8%   221 1195s

Cutting planes:
  Gomory: 9
  Cover: 99
  Implied bound: 249
  Projected implied bound: 39
  MIR: 775
  StrongCG: 1
  Flow cover: 755
  GUB cover: 7
  Zero half: 2
  RLT: 2
  Relax-and-lift: 476

Explored 33082 nodes (7355153 simplex iterations) in 1200.00 seconds
Thread count was 1 (of 4 available processors)

Solution count 10: 3.0439 3.04937 3.07573 ... 3.15245

Time limit reached
Best objective 3.043902864448e+00, best bound 2.351081059081e+00, gap 22.7610%

---------------------------------------------------------------------------
Multi-objectives: stopped in 1200.02 seconds, solution count 10
Time Limit reached

