Academic license - for non-commercial use only - expires 2022-11-10
Using license file /home/benedond/Apps/gurobi/gurobi950/gurobi.lic
Using gurobi.env file
Set parameter Threads to value 1
Changed value of parameter TimeLimit to 1200.0
   Prev: inf  Min: 0.0  Max: inf  Default: inf
Gurobi Optimizer version 9.1.2 build v9.1.2rc0 (linux64)
Thread count: 2 physical cores, 4 logical processors, using up to 1 threads
Optimize a model with 3611 rows, 3410 columns and 16590 nonzeros
Model fingerprint: 0x9bd369dd
Variable types: 80 continuous, 3330 integer (3330 binary)
Coefficient statistics:
  Matrix range     [2e-01, 4e+02]
  Objective range  [6e-03, 2e-01]
  Bounds range     [1e+00, 1e+00]
  RHS range        [1e+00, 2e+03]
Found heuristic solution: objective 4.6785582
Presolve removed 264 rows and 123 columns
Presolve time: 0.07s
Presolved: 3347 rows, 3287 columns, 15882 nonzeros
Variable types: 79 continuous, 3208 integer (3208 binary)

Root relaxation: objective 1.940935e+00, 3088 iterations, 0.09 seconds

    Nodes    |    Current Node    |     Objective Bounds      |     Work
 Expl Unexpl |  Obj  Depth IntInf | Incumbent    BestBd   Gap | It/Node Time

     0     0    1.94094    0  238    4.67856    1.94094  58.5%     -    0s
H    0     0                       4.4164884    1.94094  56.1%     -    0s
H    0     0                       4.2758488    1.94094  54.6%     -    0s
     0     0    2.05056    0  192    4.27585    2.05056  52.0%     -    0s
H    0     0                       4.2404012    2.05056  51.6%     -    0s
H    0     0                       3.7973779    2.05056  46.0%     -    0s
     0     0    2.05518    0  179    3.79738    2.05518  45.9%     -    0s
     0     0    2.17569    0  247    3.79738    2.17569  42.7%     -    0s
H    0     0                       3.3926802    2.17569  35.9%     -    1s
H    0     0                       3.3176279    2.17569  34.4%     -    1s
     0     0    2.18834    0  241    3.31763    2.18834  34.0%     -    1s
     0     0    2.24727    0  237    3.31763    2.24727  32.3%     -    1s
     0     0    2.26949    0  245    3.31763    2.26949  31.6%     -    1s
     0     0    2.27217    0  213    3.31763    2.27217  31.5%     -    1s
     0     0    2.27488    0  209    3.31763    2.27488  31.4%     -    1s
     0     0    2.27604    0  224    3.31763    2.27604  31.4%     -    1s
     0     0    2.27622    0  215    3.31763    2.27622  31.4%     -    1s
     0     0    2.27638    0  209    3.31763    2.27638  31.4%     -    1s
     0     0    2.27642    0  195    3.31763    2.27642  31.4%     -    1s
     0     0    2.30313    0  216    3.31763    2.30313  30.6%     -    1s
H    0     0                       3.2963895    2.30313  30.1%     -    1s
     0     0    2.31902    0  207    3.29639    2.31902  29.6%     -    1s
     0     0    2.32452    0  227    3.29639    2.32452  29.5%     -    1s
     0     0    2.32797    0  230    3.29639    2.32797  29.4%     -    1s
     0     0    2.32911    0  260    3.29639    2.32911  29.3%     -    1s
     0     0    2.33006    0  258    3.29639    2.33006  29.3%     -    2s
     0     0    2.33041    0  249    3.29639    2.33041  29.3%     -    2s
     0     0    2.33068    0  264    3.29639    2.33068  29.3%     -    2s
     0     0    2.33094    0  254    3.29639    2.33094  29.3%     -    2s
     0     0    2.33098    0  265    3.29639    2.33098  29.3%     -    2s
     0     0    2.34133    0  209    3.29639    2.34133  29.0%     -    2s
     0     0    2.34663    0  182    3.29639    2.34663  28.8%     -    2s
     0     0    2.34853    0  212    3.29639    2.34853  28.8%     -    2s
     0     0    2.34874    0  214    3.29639    2.34874  28.7%     -    2s
     0     0    2.35726    0  223    3.29639    2.35726  28.5%     -    2s
     0     0    2.35927    0  207    3.29639    2.35927  28.4%     -    2s
     0     0    2.35985    0  214    3.29639    2.35985  28.4%     -    2s
     0     0    2.35997    0  215    3.29639    2.35997  28.4%     -    2s
     0     0    2.36388    0  187    3.29639    2.36388  28.3%     -    2s
     0     0    2.36454    0  194    3.29639    2.36454  28.3%     -    2s
     0     0    2.36481    0  215    3.29639    2.36481  28.3%     -    2s
     0     0    2.37667    0  233    3.29639    2.37667  27.9%     -    2s
     0     0    2.37959    0  254    3.29639    2.37959  27.8%     -    2s
     0     0    2.38100    0  273    3.29639    2.38100  27.8%     -    2s
     0     0    2.38137    0  269    3.29639    2.38137  27.8%     -    2s
     0     0    2.38146    0  256    3.29639    2.38146  27.8%     -    2s
     0     0    2.38722    0  284    3.29639    2.38722  27.6%     -    2s
     0     0    2.38839    0  288    3.29639    2.38839  27.5%     -    2s
     0     0    2.38970    0  266    3.29639    2.38970  27.5%     -    3s
     0     0    2.39026    0  237    3.29639    2.39026  27.5%     -    3s
     0     0    2.39068    0  279    3.29639    2.39068  27.5%     -    3s
     0     0    2.39074    0  259    3.29639    2.39074  27.5%     -    3s
     0     0    2.40216    0  292    3.29639    2.40216  27.1%     -    3s
H    0     0                       3.1239128    2.40216  23.1%     -    3s
     0     0    2.40575    0  284    3.12391    2.40575  23.0%     -    3s
     0     0    2.40730    0  298    3.12391    2.40730  22.9%     -    3s
     0     0    2.40776    0  286    3.12391    2.40776  22.9%     -    3s
     0     0    2.40805    0  282    3.12391    2.40805  22.9%     -    3s
     0     0    2.40814    0  309    3.12391    2.40814  22.9%     -    3s
     0     0    2.41253    0  272    3.12391    2.41253  22.8%     -    3s
     0     0    2.41299    0  305    3.12391    2.41299  22.8%     -    3s
     0     0    2.41305    0  256    3.12391    2.41305  22.8%     -    3s
     0     0    2.41622    0  301    3.12391    2.41622  22.7%     -    3s
     0     0    2.41704    0  299    3.12391    2.41704  22.6%     -    4s
     0     0    2.41746    0  252    3.12391    2.41746  22.6%     -    4s
     0     0    2.41761    0  275    3.12391    2.41761  22.6%     -    4s
     0     0    2.42113    0  314    3.12391    2.42113  22.5%     -    4s
     0     0    2.42179    0  274    3.12391    2.42179  22.5%     -    4s
     0     0    2.42224    0  296    3.12391    2.42224  22.5%     -    4s
     0     0    2.42252    0  285    3.12391    2.42252  22.5%     -    4s
     0     0    2.42705    0  277    3.12391    2.42705  22.3%     -    4s
     0     0    2.42804    0  260    3.12391    2.42804  22.3%     -    4s
     0     0    2.42817    0  283    3.12391    2.42817  22.3%     -    4s
     0     0    2.42978    0  229    3.12391    2.42978  22.2%     -    4s
     0     0    2.43004    0  238    3.12391    2.43004  22.2%     -    4s
     0     0    2.43264    0  232    3.12391    2.43264  22.1%     -    4s
     0     0    2.43264    0  232    3.12391    2.43264  22.1%     -    5s
     0     2    2.43275    0  231    3.12391    2.43275  22.1%     -    5s
H   27    27                       3.0960814    2.44142  21.1%   329    9s
    32    34    2.46884   26  235    3.09608    2.44142  21.1%   319   10s
H   54    54                       2.9884186    2.44142  18.3%   273   11s
   189   171    2.49230   15  234    2.98842    2.44685  18.1%   273   15s
H  227   207                       2.9884186    2.44685  18.1%   261   16s
   376   337    2.63043   14  156    2.98842    2.44996  18.0%   249   20s
   511   446    2.56007    6  232    2.98842    2.44996  18.0%   227   25s
H  515   426                       2.9848489    2.44996  17.9%   225   27s
   531   436    2.60138   48  311    2.98485    2.47952  16.9%   218   30s
H  547   424                       2.9380698    2.49661  15.0%   212   34s
   551   427    2.57309   50  408    2.93807    2.50014  14.9%   211   35s
   576   443    2.76614   76  410    2.93807    2.52293  14.1%   201   40s
   597   459    2.56291    8  401    2.93807    2.52485  14.1%   255   45s
   612   469    2.84756  129  351    2.93807    2.53177  13.8%   249   53s
   615   473    2.53237   20  368    2.93807    2.53237  13.8%   276   59s
   616   473    2.62143   20  219    2.93807    2.53237  13.8%   278   62s
   623   478    2.53447   24  353    2.93807    2.53359  13.8%   281   65s
   642   491    2.58261   33  170    2.93807    2.54014  13.5%   295   70s
   668   508    2.57914   46  232    2.93807    2.54423  13.4%   313   75s
   694   525    2.62880   59  183    2.93807    2.54423  13.4%   326   80s
   723   543    2.60397   74  232    2.93807    2.54423  13.4%   344   85s
H  744   529                       2.9380698    2.54423  13.4%   356   88s
   758   534    2.77867   91  143    2.93807    2.54423  13.4%   362   90s
   816   567    2.84416  120  142    2.93807    2.54423  13.4%   370   95s
   947   551    2.58972   42  254    2.93807    2.54452  13.4%   346  100s
H  954   532                       2.9380698    2.54452  13.4%   349  100s
   981   551    2.64552   59  251    2.93807    2.54452  13.4%   359  105s
H 1032   557                       2.9380697    2.54452  13.4%   370  110s
H 1058   553                       2.9357616    2.54452  13.3%   376  115s
  1146   572    2.81289   51  159    2.93576    2.54629  13.3%   377  120s
  1215   592    2.80781   86  138    2.93576    2.54629  13.3%   385  125s
  1339   605    2.63177   50  241    2.93576    2.54634  13.3%   370  130s
  1516   683    2.91381  173   63    2.93576    2.54634  13.3%   347  135s
  1593   705    2.60196   49  254    2.93576    2.54654  13.3%   347  140s
  1667   754    2.84636  110  208    2.93576    2.54654  13.3%   348  145s
  1730   784    2.81112  153  178    2.93576    2.54654  13.3%   348  150s
  1859   836    2.82229   29  258    2.93576    2.55389  13.0%   340  155s
  1975   905    2.81954   72  142    2.93576    2.56140  12.8%   335  160s
  2134  1031    2.91479   98   71    2.93576    2.56141  12.8%   325  165s
  2244  1117    2.68099   46  241    2.93576    2.56496  12.6%   320  170s
  2329  1176    2.80716   42  236    2.93576    2.56528  12.6%   321  175s
  2445  1277    2.65437   25  237    2.93576    2.56819  12.5%   318  180s
  2591  1407    2.80735  148  114    2.93576    2.56824  12.5%   310  185s
  2848  1529    2.65670   49  165    2.93576    2.56893  12.5%   297  190s
  2958  1622    2.83568   76  191    2.93576    2.56912  12.5%   295  198s
  2985  1641    2.63992   41  242    2.93576    2.56963  12.5%   295  200s
  3193  1796    2.75581   47  201    2.93576    2.57114  12.4%   287  205s
  3256  1842    2.67949   37  311    2.93576    2.57221  12.4%   285  210s
  3421  1979    2.84250   67  164    2.93576    2.57309  12.4%   280  215s
  3534  2056    2.78710   77  153    2.93576    2.57319  12.4%   279  220s
  3759  2226    2.81667   36  226    2.93576    2.57422  12.3%   272  225s
  3859  2309    2.70733   36  192    2.93576    2.57515  12.3%   272  230s
  4038  2450    2.68771   29  195    2.93576    2.57561  12.3%   268  235s
  4159  2555    2.64931   31  241    2.93576    2.57615  12.2%   269  240s
  4285  2646     cutoff   41         2.93576    2.57631  12.2%   268  245s
  4512  2683    2.81911   46  195    2.93576    2.57768  12.2%   261  250s
  4624  2766    2.76709   56  219    2.93576    2.57794  12.2%   261  255s
  4677  2804    2.85619   48  146    2.93576    2.57821  12.2%   263  260s
  4877  2944    2.78987   48  215    2.93576    2.57834  12.2%   260  265s
  5007  3054    2.73974  104  219    2.93576    2.57837  12.2%   259  270s
  5107  3134    2.77061   38  303    2.93576    2.57915  12.1%   260  275s
  5200  3217    2.91094   49  111    2.93576    2.57932  12.1%   259  280s
  5307  3275    2.74425   57  234    2.93576    2.58057  12.1%   259  285s
  5403  3343    2.80767   68  158    2.93576    2.58125  12.1%   260  290s
  5503  3398    2.90560   93  115    2.93576    2.58193  12.1%   262  295s
  5674  3541    2.90620   41  257    2.93576    2.58262  12.0%   259  300s
  5717  3571    2.70244   57  198    2.93576    2.58262  12.0%   260  305s
  5812  3650    2.73858   52  181    2.93576    2.58282  12.0%   260  310s
  6000  3812    2.90470  162  121    2.93576    2.58320  12.0%   256  315s
  6100  3887    2.81117  104  188    2.93576    2.58374  12.0%   257  320s
  6217  3950    2.77944   69  123    2.93576    2.58407  12.0%   257  325s
  6362  4035     cutoff   38         2.93576    2.58484  12.0%   256  330s
  6503  4130    2.76844   37  193    2.93576    2.58697  11.9%   255  335s
  6572  4172    2.85942   62  178    2.93576    2.58795  11.8%   257  340s
  6691  4239    2.59634   27  262    2.93576    2.58812  11.8%   257  345s
  6751  4273    2.84325   40  148    2.93576    2.58819  11.8%   259  350s
  6842  4342    2.73100   30  251    2.93576    2.58834  11.8%   260  355s
  6911  4393    2.72111   30  213    2.93576    2.58854  11.8%   260  360s
H 6933  4012                       2.9063198    2.58854  10.9%   260  361s
H 6938  3794                       2.8947209    2.58854  10.6%   260  362s
H 6967  3238                       2.8682849    2.58902  9.74%   261  363s
  6992  3253    2.86134   62  147    2.86828    2.58921  9.73%   261  365s
  7091  3311    2.62713   49  356    2.86828    2.58973  9.71%   262  370s
  7221  3401    2.70250   54  229    2.86828    2.59034  9.69%   261  375s
  7333  3488    2.65203   56  205    2.86828    2.59076  9.68%   262  380s
H 7335  3026                       2.8443082    2.59076  8.91%   262  380s
  7373  3040    2.61060   51  193    2.84431    2.59122  8.90%   264  385s
  7464  3083    2.77598   46  234    2.84431    2.59201  8.87%   265  390s
  7604  3174    2.69798   49  240    2.84431    2.59247  8.85%   264  395s
H 7721  2909                       2.8286628    2.59304  8.33%   264  399s
  7744  2920    2.68440   33  146    2.82866    2.59353  8.31%   264  400s
  7853  2990    2.75461   56  253    2.82866    2.59411  8.29%   264  405s
  7873  3000    2.71148   55  179    2.82866    2.59445  8.28%   264  413s
  7881  3008    2.75510   60  148    2.82866    2.59445  8.28%   265  415s
  7987  3071    2.81748  113  147    2.82866    2.59522  8.25%   265  420s
  8107  3114    2.66247   59  208    2.82866    2.59561  8.24%   265  425s
  8169  3160    2.70684   30  235    2.82866    2.59577  8.23%   266  430s
  8250  3219    2.79666   99  213    2.82866    2.59597  8.23%   267  435s
  8336  3271    2.72734   67  193    2.82866    2.59746  8.17%   267  440s
  8430  3330    2.70605   49  160    2.82866    2.59791  8.16%   268  445s
  8469  3352    2.71376   57  262    2.82866    2.59796  8.16%   269  450s
  8543  3404    2.74537   57  204    2.82866    2.59899  8.12%   270  456s
  8654  3490    2.69906   52  211    2.82866    2.59912  8.12%   269  460s
  8747  3530    2.72836   30  221    2.82866    2.60069  8.06%   269  465s
  8794  3569    2.72167   66  238    2.82866    2.60100  8.05%   270  470s
  8856  3598    2.81515   38  127    2.82866    2.60122  8.04%   272  475s
  8941  3628    2.67375   47  218    2.82866    2.60241  8.00%   272  480s
  9052  3703    2.70690   69   61    2.82866    2.60304  7.98%   272  485s
  9242  3818    2.69325   58  226    2.82866    2.60416  7.94%   270  490s
  9279  3847    2.73527   50  168    2.82866    2.60420  7.94%   270  495s
  9402  3924    2.73321   33  145    2.82866    2.60446  7.93%   270  500s
  9513  3948    2.69106   58  212    2.82866    2.60568  7.88%   269  505s
  9606  4003    2.79693   66  239    2.82866    2.60634  7.86%   270  510s
  9658  4018    2.72568   57  205    2.82866    2.60655  7.85%   271  515s
  9725  4058    2.80376   65  217    2.82866    2.60731  7.83%   272  520s
  9849  4121    2.68030   44  251    2.82866    2.60799  7.80%   272  525s
  9948  4157    2.81501   40  155    2.82866    2.60816  7.80%   273  530s
 10065  4205    2.81599   91  133    2.82866    2.60828  7.79%   273  535s
 10192  4285    2.76824   68  141    2.82866    2.60886  7.77%   272  540s
 10203  4294    2.70909   43  232    2.82866    2.60886  7.77%   272  574s
 10206  4296    2.64564   60  202    2.82866    2.60886  7.77%   272  575s
 10216  4303    2.69409   42  358    2.82866    2.60886  7.77%   272  580s
 10227  4310    2.73149   99  434    2.82866    2.60886  7.77%   272  585s
 10237  4317    2.72819   72  414    2.82866    2.60886  7.77%   271  590s
 10250  4325    2.78385   90  431    2.82866    2.60886  7.77%   271  595s
 10263  4334    2.79533   36  384    2.82866    2.60886  7.77%   271  600s
 10276  4343    2.75887   79  418    2.82866    2.60886  7.77%   270  605s
 10290  4352    2.64537   40  457    2.82866    2.60886  7.77%   270  610s
 10301  4359    2.74746   32  395    2.82866    2.60886  7.77%   270  615s
 10315  4369    2.77121   53  429    2.82866    2.60886  7.77%   269  620s
 10326  4376    2.69334   63  390    2.82866    2.60886  7.77%   269  625s
 10339  4385    2.74992   37  486    2.82866    2.60886  7.77%   269  630s
 10352  4393    2.82697   71  450    2.82866    2.60886  7.77%   268  635s
 10362  4400    2.71085   71  473    2.82866    2.60886  7.77%   268  640s
 10376  4409    2.75887   79  445    2.82866    2.60886  7.77%   268  645s
 10388  4417    2.67126   65  458    2.82866    2.60886  7.77%   267  650s
 10402  4427    2.80683   58  431    2.82866    2.60886  7.77%   267  655s
 10404  4428    2.81865   82  419    2.82866    2.60886  7.77%   267  662s
 10405  4429    2.81357   75  419    2.82866    2.60886  7.77%   267  672s
 10406  4431    2.60886   31  399    2.82866    2.60886  7.77%   273  679s
 10407  4432    2.65803   31  196    2.82866    2.60886  7.77%   273  681s
 10408  4433    2.60886   32  397    2.82866    2.60886  7.77%   273  688s
 10409  4433    2.64665   32  249    2.82866    2.60886  7.77%   273  691s
 10410  4434    2.60886   33  402    2.82866    2.60886  7.77%   273  697s
 10411  4435    2.66518   33  189    2.82866    2.60886  7.77%   274  700s
 10412  4435    2.60886   34  387    2.82866    2.60886  7.77%   274  706s
 10414  4437    2.60886   35  374    2.82866    2.60886  7.77%   274  713s
 10415  4436    2.77708   35  251    2.82866    2.60886  7.77%   274  716s
 10416  4437    2.60886   36  349    2.82866    2.60886  7.77%   274  720s
 10421  4440    2.60886   38  308    2.82866    2.60886  7.77%   274  726s
 10426  4444    2.60886   41  281    2.82866    2.60886  7.77%   274  730s
 10441  4453    2.66761   48  265    2.82866    2.60886  7.77%   275  735s
 10452  4458    2.60886   54  380    2.82866    2.60886  7.77%   276  740s
 10462  4461    2.60886   59  328    2.82866    2.60886  7.77%   276  745s
 10475  4467    2.73262   65  169    2.82866    2.60886  7.77%   277  750s
 10492  4473    2.60886   74  341    2.82866    2.60886  7.77%   278  755s
H10510  4250                       2.8286628    2.60886  7.77%   279  762s
 10520  4254    2.61263   88  343    2.82866    2.60886  7.77%   279  765s
 10536  4264    2.62158   96  310    2.82866    2.60886  7.77%   280  770s
 10554  4269    2.63765  105  252    2.82866    2.60886  7.77%   281  775s
 10588  4286    2.66034  122  230    2.82866    2.60886  7.77%   283  780s
 10626  4303    2.72452  141  193    2.82866    2.60886  7.77%   284  785s
 10666  4301    2.61463   42  244    2.82866    2.60886  7.77%   285  791s
 10695  4305    2.67050   57  214    2.82866    2.60886  7.77%   287  795s
 10770  4310    2.73723   94  164    2.82866    2.60886  7.77%   288  800s
 10879  4305    2.75611  151  135    2.82866    2.60886  7.77%   288  805s
 10996  4297    2.63903   52  215    2.82866    2.60886  7.77%   288  810s
 11041  4318    2.72347   75  136    2.82866    2.60886  7.77%   290  815s
 11168  4321    2.64028   52  313    2.82866    2.60886  7.77%   290  820s
 11299  4397    2.76151  167  183    2.82866    2.60886  7.77%   289  825s
 11423  4405    2.62188   54  261    2.82866    2.61818  7.44%   289  830s
 11507  4457    2.72657  125  195    2.82866    2.61818  7.44%   290  835s
 11641  4491    2.77681   87  216    2.82866    2.61899  7.41%   289  840s
 11714  4513    2.74488   92  170    2.82866    2.62270  7.28%   290  845s
 11805  4521    2.70271   65  161    2.82866    2.62457  7.22%   291  850s
 11900  4541    2.65461   90  180    2.82866    2.62686  7.13%   291  855s
 11987  4573    2.79578  102  161    2.82866    2.62691  7.13%   292  860s
 12088  4598    2.72261   45  201    2.82866    2.63012  7.02%   293  865s
 12171  4599    2.80870   72  170    2.82866    2.63364  6.89%   294  870s
 12274  4607     cutoff   53         2.82866    2.63621  6.80%   294  875s
 12368  4622    2.68334   63  123    2.82866    2.63769  6.75%   295  880s
 12426  4653    2.75812   85  115    2.82866    2.63804  6.74%   296  885s
 12544  4698    2.74272   79  202    2.82866    2.63915  6.70%   297  890s
 12669  4729    2.82454   56  256    2.82866    2.64183  6.60%   297  895s
 12788  4770    2.80312   99  106    2.82866    2.64300  6.56%   297  901s
 12869  4779    2.74728   60  209    2.82866    2.64393  6.53%   297  905s
 12961  4820    2.79265   88  273    2.82866    2.64612  6.45%   298  910s
 13070  4852    2.79869   58  112    2.82866    2.64643  6.44%   298  915s
 13231  4891    2.81764  135   94    2.82866    2.64739  6.41%   297  920s
 13272  4900    2.74463   82  217    2.82866    2.64782  6.39%   299  925s
 13369  4911    2.71236   94  152    2.82866    2.64919  6.34%   300  930s
 13540  4993    2.68486   51  250    2.82866    2.64926  6.34%   299  935s
 13613  4995    2.75781   67  210    2.82866    2.64928  6.34%   300  940s
 13672  5017    2.77759  135  164    2.82866    2.64952  6.33%   301  945s
 13767  5042    2.73696   46  232    2.82866    2.64997  6.32%   301  950s
 13821  5064     cutoff   90         2.82866    2.65044  6.30%   302  955s
 13956  5069    2.79325   71  192    2.82866    2.65227  6.24%   302  960s
 14016  5085    2.74885   81  195    2.82866    2.65229  6.24%   303  965s
 14077  5102    2.79642   98  249    2.82866    2.65301  6.21%   304  970s
 14183  5127    2.68652   64  297    2.82866    2.65400  6.17%   304  975s
 14222  5141    2.77383   40  238    2.82866    2.65434  6.16%   305  980s
 14293  5164    2.81304   99  113    2.82866    2.65462  6.15%   305  985s
 14323  5173    2.79757  108  249    2.82866    2.65486  6.14%   306  990s
 14391  5184    2.78512   73  132    2.82866    2.65570  6.11%   307  995s
 14527  5227    2.75292   70  232    2.82866    2.65603  6.10%   306 1000s
 14600  5261    2.82657  136  208    2.82866    2.65604  6.10%   306 1005s
 14731  5305    2.80269  107  235    2.82866    2.65606  6.10%   305 1010s
 14754  5299    2.68520   92  180    2.82866    2.65649  6.09%   305 1015s
 14842  5356    2.80982  180  240    2.82866    2.65649  6.09%   305 1020s
 14952  5392    2.69316   77  223    2.82866    2.65772  6.04%   304 1025s
 15061  5456    2.77548  175  108    2.82866    2.65772  6.04%   304 1030s
 15150  5462    2.76029   70  217    2.82866    2.65846  6.02%   304 1035s
 15214  5473     cutoff   49         2.82866    2.65882  6.00%   305 1040s
 15308  5496    2.70398   34  155    2.82866    2.65898  6.00%   305 1045s
 15381  5519    2.73895   63  136    2.82866    2.65949  5.98%   306 1050s
 15484  5541    2.74194   83  192    2.82866    2.65975  5.97%   306 1055s
 15625  5603    2.79467  132  176    2.82866    2.66050  5.94%   306 1060s
 15737  5623    2.78228   81  185    2.82866    2.66053  5.94%   306 1065s
 15979  5732    2.70820   64  190    2.82866    2.66134  5.92%   303 1070s
 16104  5777    2.79551   88  164    2.82866    2.66181  5.90%   303 1075s
 16183  5803    2.82191   56  227    2.82866    2.66227  5.88%   304 1080s
 16279  5826    2.77252  103  247    2.82866    2.66276  5.86%   305 1085s
 16367  5842    2.79746   95  208    2.82866    2.66302  5.86%   305 1090s
 16561  5898    2.67635   63  252    2.82866    2.66340  5.84%   304 1095s
H16720  5759                       2.8286628    2.66416  5.82%   303 1107s
 16812  5784    2.74781   75  149    2.82866    2.66473  5.80%   303 1110s
 16937  5773    2.77275   80  170    2.82866    2.66518  5.78%   303 1115s
 16980  5774    2.74434   44  221    2.82866    2.66564  5.76%   304 1120s
 17036  5782    2.69618   98  294    2.82866    2.66583  5.76%   305 1125s
 17135  5835    2.78582   76  170    2.82866    2.66588  5.75%   306 1130s
 17225  5872    2.80577   87  219    2.82866    2.66609  5.75%   306 1135s
 17296  5900    2.77465   62  219    2.82866    2.66655  5.73%   307 1140s
 17353  5893    2.72130   54  236    2.82866    2.66765  5.69%   308 1145s
 17394  5910    2.72100   55  237    2.82866    2.66777  5.69%   309 1150s
 17491  5906    2.77472   86  197    2.82866    2.66813  5.68%   309 1155s
 17657  5979    2.79879   51  251    2.82866    2.66851  5.66%   309 1160s
 17713  5984     cutoff   69         2.82866    2.66884  5.65%   310 1165s
 17848  6010    2.71875   75  255    2.82866    2.66985  5.61%   310 1170s
 17907  6022    2.71513   74  218    2.82866    2.67006  5.61%   311 1175s
 18002  6023    2.70223   45  154    2.82866    2.67025  5.60%   311 1180s
 18156  6102    2.81880  114  176    2.82866    2.67041  5.59%   311 1185s
 18260  6087    2.73179   72  195    2.82866    2.67051  5.59%   311 1190s
 18429  6146    2.70645   69  135    2.82866    2.67077  5.58%   311 1195s

Cutting planes:
  Gomory: 2
  Cover: 33
  Implied bound: 10
  Clique: 8
  MIR: 396
  StrongCG: 1
  Flow cover: 778
  Zero half: 1
  RLT: 6
  Relax-and-lift: 314

Explored 18562 nodes (5791571 simplex iterations) in 1200.01 seconds
Thread count was 1 (of 4 available processors)

Solution count 10: 2.82866 2.82866 2.84431 ... 2.98842

Time limit reached
Best objective 2.828662784900e+00, best bound 2.671248529301e+00, gap 5.5650%
