Using license file /home/benedond/gurobi.lic
Using gurobi.env file
Set parameter Threads to value 1
Academic license - for non-commercial use only
Gurobi Optimizer version 9.0.1 build v9.0.1rc0 (linux64)
Optimize a model with 511 rows, 465 columns and 1858 nonzeros
Model fingerprint: 0x39fd285c
Variable types: 15 continuous, 450 integer (450 binary)
Coefficient statistics:
  Matrix range     [1e+00, 4e+02]
  Objective range  [0e+00, 0e+00]
  Bounds range     [1e+00, 1e+00]
  RHS range        [1e+00, 7e+02]
Presolve removed 431 rows and 379 columns
Presolve time: 0.02s
Presolved: 80 rows, 86 columns, 276 nonzeros
Variable types: 6 continuous, 80 integer (80 binary)
Found heuristic solution: objective 0.0000000

Explored 0 nodes (0 simplex iterations) in 0.02 seconds
Thread count was 1 (of 4 available processors)

Solution count 1: 0 

Optimal solution found (tolerance 1.00e-04)
Best objective 0.000000000000e+00, best bound 0.000000000000e+00, gap 0.0000%
Gurobi Optimizer version 9.0.1 build v9.0.1rc0 (linux64)
Optimize a model with 512 rows, 465 columns and 1873 nonzeros
Model fingerprint: 0xcbd146a0
Variable types: 15 continuous, 450 integer (450 binary)
Coefficient statistics:
  Matrix range     [1e+00, 4e+02]
  Objective range  [0e+00, 0e+00]
  Bounds range     [1e+00, 1e+00]
  RHS range        [1e+00, 7e+02]
Presolve removed 434 rows and 382 columns
Presolve time: 0.02s
Presolved: 78 rows, 83 columns, 268 nonzeros
Variable types: 6 continuous, 77 integer (77 binary)
Found heuristic solution: objective 0.0000000

Explored 0 nodes (0 simplex iterations) in 0.02 seconds
Thread count was 1 (of 4 available processors)

Solution count 1: 0 

Optimal solution found (tolerance 1.00e-04)
Best objective 0.000000000000e+00, best bound 0.000000000000e+00, gap 0.0000%
Gurobi Optimizer version 9.0.1 build v9.0.1rc0 (linux64)
Optimize a model with 513 rows, 465 columns and 1888 nonzeros
Model fingerprint: 0xa2872a4e
Variable types: 15 continuous, 450 integer (450 binary)
Coefficient statistics:
  Matrix range     [1e+00, 4e+02]
  Objective range  [0e+00, 0e+00]
  Bounds range     [1e+00, 1e+00]
  RHS range        [1e+00, 7e+02]
Presolve removed 437 rows and 385 columns
Presolve time: 0.02s
Presolved: 76 rows, 80 columns, 260 nonzeros
Variable types: 6 continuous, 74 integer (74 binary)
Found heuristic solution: objective 0.0000000

Explored 0 nodes (0 simplex iterations) in 0.02 seconds
Thread count was 1 (of 4 available processors)

Solution count 1: 0 

Optimal solution found (tolerance 1.00e-04)
Best objective 0.000000000000e+00, best bound 0.000000000000e+00, gap 0.0000%
Gurobi Optimizer version 9.0.1 build v9.0.1rc0 (linux64)
Optimize a model with 514 rows, 465 columns and 1903 nonzeros
Model fingerprint: 0xac0b325a
Variable types: 15 continuous, 450 integer (450 binary)
Coefficient statistics:
  Matrix range     [1e+00, 4e+02]
  Objective range  [0e+00, 0e+00]
  Bounds range     [1e+00, 1e+00]
  RHS range        [1e+00, 7e+02]
Presolve removed 456 rows and 413 columns
Presolve time: 0.01s
Presolved: 58 rows, 52 columns, 183 nonzeros
Variable types: 3 continuous, 49 integer (49 binary)
Found heuristic solution: objective 0.0000000

Explored 0 nodes (0 simplex iterations) in 0.01 seconds
Thread count was 1 (of 4 available processors)

Solution count 1: 0 

Optimal solution found (tolerance 1.00e-04)
Best objective 0.000000000000e+00, best bound 0.000000000000e+00, gap 0.0000%
Gurobi Optimizer version 9.0.1 build v9.0.1rc0 (linux64)
Optimize a model with 515 rows, 465 columns and 1918 nonzeros
Model fingerprint: 0xeae66253
Variable types: 15 continuous, 450 integer (450 binary)
Coefficient statistics:
  Matrix range     [1e+00, 4e+02]
  Objective range  [0e+00, 0e+00]
  Bounds range     [1e+00, 1e+00]
  RHS range        [1e+00, 7e+02]
Presolve removed 457 rows and 413 columns
Presolve time: 0.01s
Presolved: 58 rows, 52 columns, 183 nonzeros
Variable types: 3 continuous, 49 integer (49 binary)
Found heuristic solution: objective 0.0000000

Explored 0 nodes (0 simplex iterations) in 0.01 seconds
Thread count was 1 (of 4 available processors)

Solution count 1: 0 

Optimal solution found (tolerance 1.00e-04)
Best objective 0.000000000000e+00, best bound 0.000000000000e+00, gap 0.0000%
Gurobi Optimizer version 9.0.1 build v9.0.1rc0 (linux64)
Optimize a model with 516 rows, 465 columns and 1933 nonzeros
Model fingerprint: 0x43f10251
Variable types: 15 continuous, 450 integer (450 binary)
Coefficient statistics:
  Matrix range     [1e+00, 4e+02]
  Objective range  [0e+00, 0e+00]
  Bounds range     [1e+00, 1e+00]
  RHS range        [1e+00, 7e+02]
Presolve removed 96 rows and 106 columns
Presolve time: 0.00s

Explored 0 nodes (0 simplex iterations) in 0.00 seconds
Thread count was 1 (of 4 available processors)

Solution count 0

Model is infeasible
Best objective -, best bound -, gap -
Gurobi Optimizer version 9.0.1 build v9.0.1rc0 (linux64)
Optimize a model with 516 rows, 465 columns and 1933 nonzeros
Model fingerprint: 0xbbdef492
Variable types: 15 continuous, 450 integer (450 binary)
Coefficient statistics:
  Matrix range     [1e+00, 4e+02]
  Objective range  [0e+00, 0e+00]
  Bounds range     [1e+00, 1e+00]
  RHS range        [1e+00, 7e+02]
Presolve removed 458 rows and 413 columns
Presolve time: 0.01s
Presolved: 58 rows, 52 columns, 183 nonzeros
Variable types: 3 continuous, 49 integer (49 binary)
Found heuristic solution: objective 0.0000000

Explored 0 nodes (0 simplex iterations) in 0.01 seconds
Thread count was 1 (of 4 available processors)

Solution count 1: 0 

Optimal solution found (tolerance 1.00e-04)
Best objective 0.000000000000e+00, best bound 0.000000000000e+00, gap 0.0000%
Gurobi Optimizer version 9.0.1 build v9.0.1rc0 (linux64)
Optimize a model with 517 rows, 465 columns and 1948 nonzeros
Model fingerprint: 0x7c52ebdb
Variable types: 15 continuous, 450 integer (450 binary)
Coefficient statistics:
  Matrix range     [1e+00, 4e+02]
  Objective range  [0e+00, 0e+00]
  Bounds range     [1e+00, 1e+00]
  RHS range        [1e+00, 7e+02]
Presolve removed 515 rows and 457 columns
Presolve time: 0.00s

Explored 0 nodes (0 simplex iterations) in 0.00 seconds
Thread count was 1 (of 4 available processors)

Solution count 0

Model is infeasible
Best objective -, best bound -, gap -
Gurobi Optimizer version 9.0.1 build v9.0.1rc0 (linux64)
Optimize a model with 517 rows, 465 columns and 1948 nonzeros
Model fingerprint: 0xc651e03d
Variable types: 15 continuous, 450 integer (450 binary)
Coefficient statistics:
  Matrix range     [1e+00, 4e+02]
  Objective range  [0e+00, 0e+00]
  Bounds range     [1e+00, 1e+00]
  RHS range        [1e+00, 7e+02]
Presolve removed 463 rows and 414 columns
Presolve time: 0.01s
Presolved: 54 rows, 51 columns, 173 nonzeros
Variable types: 3 continuous, 48 integer (48 binary)
Found heuristic solution: objective 0.0000000

Explored 0 nodes (0 simplex iterations) in 0.01 seconds
Thread count was 1 (of 4 available processors)

Solution count 1: 0 

Optimal solution found (tolerance 1.00e-04)
Best objective 0.000000000000e+00, best bound 0.000000000000e+00, gap 0.0000%
Gurobi Optimizer version 9.0.1 build v9.0.1rc0 (linux64)
Optimize a model with 518 rows, 465 columns and 1963 nonzeros
Model fingerprint: 0xba90d599
Variable types: 15 continuous, 450 integer (450 binary)
Coefficient statistics:
  Matrix range     [1e+00, 4e+02]
  Objective range  [0e+00, 0e+00]
  Bounds range     [1e+00, 1e+00]
  RHS range        [1e+00, 7e+02]
Presolve removed 514 rows and 457 columns
Presolve time: 0.01s

Explored 0 nodes (0 simplex iterations) in 0.01 seconds
Thread count was 1 (of 4 available processors)

Solution count 0

Model is infeasible
Best objective -, best bound -, gap -
Gurobi Optimizer version 9.0.1 build v9.0.1rc0 (linux64)
Optimize a model with 518 rows, 465 columns and 1963 nonzeros
Model fingerprint: 0xc35ab45c
Variable types: 15 continuous, 450 integer (450 binary)
Coefficient statistics:
  Matrix range     [1e+00, 4e+02]
  Objective range  [0e+00, 0e+00]
  Bounds range     [1e+00, 1e+00]
  RHS range        [1e+00, 7e+02]
Presolve removed 462 rows and 415 columns
Presolve time: 0.01s
Presolved: 56 rows, 50 columns, 175 nonzeros
Variable types: 3 continuous, 47 integer (47 binary)
Found heuristic solution: objective 0.0000000

Explored 0 nodes (0 simplex iterations) in 0.01 seconds
Thread count was 1 (of 4 available processors)

Solution count 1: 0 

Optimal solution found (tolerance 1.00e-04)
Best objective 0.000000000000e+00, best bound 0.000000000000e+00, gap 0.0000%
Gurobi Optimizer version 9.0.1 build v9.0.1rc0 (linux64)
Optimize a model with 519 rows, 465 columns and 1978 nonzeros
Model fingerprint: 0xbaf5e124
Variable types: 15 continuous, 450 integer (450 binary)
Coefficient statistics:
  Matrix range     [1e+00, 4e+02]
  Objective range  [0e+00, 0e+00]
  Bounds range     [1e+00, 1e+00]
  RHS range        [1e+00, 7e+02]
Presolve removed 464 rows and 416 columns
Presolve time: 0.01s
Presolved: 55 rows, 49 columns, 171 nonzeros
Variable types: 3 continuous, 46 integer (46 binary)
Found heuristic solution: objective 0.0000000

Explored 0 nodes (0 simplex iterations) in 0.01 seconds
Thread count was 1 (of 4 available processors)

Solution count 1: 0 

Optimal solution found (tolerance 1.00e-04)
Best objective 0.000000000000e+00, best bound 0.000000000000e+00, gap 0.0000%
Gurobi Optimizer version 9.0.1 build v9.0.1rc0 (linux64)
Optimize a model with 520 rows, 465 columns and 1993 nonzeros
Model fingerprint: 0x4090cd67
Variable types: 15 continuous, 450 integer (450 binary)
Coefficient statistics:
  Matrix range     [1e+00, 4e+02]
  Objective range  [0e+00, 0e+00]
  Bounds range     [1e+00, 1e+00]
  RHS range        [1e+00, 7e+02]
Presolve removed 476 rows and 420 columns
Presolve time: 0.01s
Presolved: 44 rows, 45 columns, 143 nonzeros
Variable types: 3 continuous, 42 integer (42 binary)
Found heuristic solution: objective 0.0000000

Explored 0 nodes (0 simplex iterations) in 0.01 seconds
Thread count was 1 (of 4 available processors)

Solution count 1: 0 

Optimal solution found (tolerance 1.00e-04)
Best objective 0.000000000000e+00, best bound 0.000000000000e+00, gap 0.0000%
Gurobi Optimizer version 9.0.1 build v9.0.1rc0 (linux64)
Optimize a model with 521 rows, 465 columns and 2008 nonzeros
Model fingerprint: 0xf6c29983
Variable types: 15 continuous, 450 integer (450 binary)
Coefficient statistics:
  Matrix range     [1e+00, 4e+02]
  Objective range  [0e+00, 0e+00]
  Bounds range     [1e+00, 1e+00]
  RHS range        [1e+00, 7e+02]
Presolve removed 521 rows and 465 columns
Presolve time: 0.01s
Presolve: All rows and columns removed

Explored 0 nodes (0 simplex iterations) in 0.01 seconds
Thread count was 1 (of 4 available processors)

Solution count 1: 0 

Optimal solution found (tolerance 1.00e-04)
Best objective 0.000000000000e+00, best bound 0.000000000000e+00, gap 0.0000%
Gurobi Optimizer version 9.0.1 build v9.0.1rc0 (linux64)
Optimize a model with 522 rows, 465 columns and 2023 nonzeros
Model fingerprint: 0x490ea12f
Variable types: 15 continuous, 450 integer (450 binary)
Coefficient statistics:
  Matrix range     [1e+00, 4e+02]
  Objective range  [0e+00, 0e+00]
  Bounds range     [1e+00, 1e+00]
  RHS range        [1e+00, 7e+02]
Presolve removed 522 rows and 465 columns
Presolve time: 0.01s
Presolve: All rows and columns removed

Explored 0 nodes (0 simplex iterations) in 0.01 seconds
Thread count was 1 (of 4 available processors)

Solution count 1: 0 

Optimal solution found (tolerance 1.00e-04)
Best objective 0.000000000000e+00, best bound 0.000000000000e+00, gap 0.0000%
Gurobi Optimizer version 9.0.1 build v9.0.1rc0 (linux64)
Optimize a model with 523 rows, 465 columns and 2038 nonzeros
Model fingerprint: 0x4b663010
Variable types: 15 continuous, 450 integer (450 binary)
Coefficient statistics:
  Matrix range     [1e+00, 4e+02]
  Objective range  [0e+00, 0e+00]
  Bounds range     [1e+00, 1e+00]
  RHS range        [1e+00, 7e+02]
Presolve removed 523 rows and 465 columns
Presolve time: 0.01s
Presolve: All rows and columns removed

Explored 0 nodes (0 simplex iterations) in 0.01 seconds
Thread count was 1 (of 4 available processors)

Solution count 1: 0 

Optimal solution found (tolerance 1.00e-04)
Best objective 0.000000000000e+00, best bound 0.000000000000e+00, gap 0.0000%
Gurobi Optimizer version 9.0.1 build v9.0.1rc0 (linux64)
Optimize a model with 524 rows, 465 columns and 2053 nonzeros
Model fingerprint: 0xf56737be
Variable types: 15 continuous, 450 integer (450 binary)
Coefficient statistics:
  Matrix range     [1e+00, 4e+02]
  Objective range  [0e+00, 0e+00]
  Bounds range     [1e+00, 1e+00]
  RHS range        [1e+00, 7e+02]
Presolve removed 524 rows and 465 columns
Presolve time: 0.01s
Presolve: All rows and columns removed

Explored 0 nodes (0 simplex iterations) in 0.01 seconds
Thread count was 1 (of 4 available processors)

Solution count 1: 0 

Optimal solution found (tolerance 1.00e-04)
Best objective 0.000000000000e+00, best bound 0.000000000000e+00, gap 0.0000%
Gurobi Optimizer version 9.0.1 build v9.0.1rc0 (linux64)
Optimize a model with 525 rows, 465 columns and 2068 nonzeros
Model fingerprint: 0x604c3c72
Variable types: 15 continuous, 450 integer (450 binary)
Coefficient statistics:
  Matrix range     [1e+00, 4e+02]
  Objective range  [0e+00, 0e+00]
  Bounds range     [1e+00, 1e+00]
  RHS range        [1e+00, 7e+02]
Presolve removed 525 rows and 465 columns
Presolve time: 0.01s
Presolve: All rows and columns removed

Explored 0 nodes (0 simplex iterations) in 0.01 seconds
Thread count was 1 (of 4 available processors)

Solution count 1: 0 

Optimal solution found (tolerance 1.00e-04)
Best objective 0.000000000000e+00, best bound 0.000000000000e+00, gap 0.0000%
Gurobi Optimizer version 9.0.1 build v9.0.1rc0 (linux64)
Optimize a model with 525 rows, 465 columns and 2068 nonzeros
Model fingerprint: 0x604c3c72
Variable types: 15 continuous, 450 integer (450 binary)
Coefficient statistics:
  Matrix range     [1e+00, 4e+02]
  Objective range  [0e+00, 0e+00]
  Bounds range     [1e+00, 1e+00]
  RHS range        [1e+00, 7e+02]
Presolve removed 525 rows and 465 columns
Presolve time: 0.01s
Presolve: All rows and columns removed

Explored 0 nodes (0 simplex iterations) in 0.01 seconds
Thread count was 1 (of 4 available processors)

Solution count 1: 0 

Optimal solution found (tolerance 1.00e-04)
Best objective 0.000000000000e+00, best bound 0.000000000000e+00, gap 0.0000%
