Using license file /home/benedond/gurobi.lic
Using gurobi.env file
Set parameter Threads to value 1
Academic license - for non-commercial use only
Changed value of parameter TimeLimit to 300.0
   Prev: inf  Min: 0.0  Max: inf  Default: inf
Gurobi Optimizer version 9.0.1 build v9.0.1rc0 (linux64)
Optimize a model with 1700 rows, 840 columns and 6478 nonzeros
Model fingerprint: 0x83843fbe
Variable types: 20 continuous, 820 integer (800 binary)
Coefficient statistics:
  Matrix range     [2e-01, 2e+03]
  Objective range  [1e-03, 2e-01]
  Bounds range     [1e+00, 1e+00]
  RHS range        [1e+00, 2e+03]

---------------------------------------------------------------------------
Multi-objectives: starting optimization with 1 objectives ... 
---------------------------------------------------------------------------
---------------------------------------------------------------------------

Multi-objectives: optimize objective 1 (min avg power cons) ...
---------------------------------------------------------------------------

Optimize a model with 1700 rows, 840 columns and 6478 nonzeros
Variable types: 20 continuous, 820 integer (800 binary)
Coefficient statistics:
  Matrix range     [2e-01, 2e+03]
  Objective range  [1e-03, 2e-01]
  Bounds range     [1e+00, 1e+00]
  RHS range        [1e+00, 2e+03]
Presolve removed 1048 rows and 519 columns
Presolve time: 0.04s
Presolved: 652 rows, 321 columns, 2371 nonzeros
Variable types: 15 continuous, 306 integer (291 binary)

Root relaxation: objective 1.472845e+00, 141 iterations, 0.00 seconds

    Nodes    |    Current Node    |     Objective Bounds      |     Work
 Expl Unexpl |  Obj  Depth IntInf | Incumbent    BestBd   Gap | It/Node Time

     0     0    1.47285    0   46          -    1.47285      -     -    0s
H    0     0                       4.5705238    1.47285  67.8%     -    0s
H    0     0                       4.2546310    1.47285  65.4%     -    0s
H    0     0                       4.1486786    1.47285  64.5%     -    0s
     0     0    1.69986    0   58    4.14868    1.69986  59.0%     -    0s
     0     0    1.73515    0   51    4.14868    1.73515  58.2%     -    0s
     0     0    1.87850    0   56    4.14868    1.87850  54.7%     -    0s
H    0     0                       3.8361548    1.87850  51.0%     -    0s
     0     0    1.90823    0   62    3.83615    1.90823  50.3%     -    0s
     0     0    1.97096    0   68    3.83615    1.97096  48.6%     -    0s
H    0     0                       3.7204405    1.97096  47.0%     -    0s
     0     0    1.99140    0   69    3.72044    1.99140  46.5%     -    0s
     0     0    1.99218    0   62    3.72044    1.99218  46.5%     -    0s
     0     0    1.99228    0   68    3.72044    1.99228  46.5%     -    0s
     0     0    2.06745    0   65    3.72044    2.06745  44.4%     -    0s
     0     0    2.07686    0   67    3.72044    2.07686  44.2%     -    0s
     0     0    2.07878    0   68    3.72044    2.07878  44.1%     -    0s
     0     0    2.08249    0   70    3.72044    2.08249  44.0%     -    0s
     0     0    2.08263    0   70    3.72044    2.08263  44.0%     -    0s
     0     0    2.14188    0   69    3.72044    2.14188  42.4%     -    0s
     0     0    2.17107    0   77    3.72044    2.17107  41.6%     -    0s
     0     0    2.18394    0   73    3.72044    2.18394  41.3%     -    0s
     0     0    2.18679    0   74    3.72044    2.18679  41.2%     -    0s
     0     0    2.18705    0   79    3.72044    2.18705  41.2%     -    0s
     0     0    2.18721    0   82    3.72044    2.18721  41.2%     -    0s
     0     0    2.21247    0   72    3.72044    2.21247  40.5%     -    0s
H    0     0                       3.5801191    2.21247  38.2%     -    0s
H    0     0                       3.4754167    2.21247  36.3%     -    0s
     0     0    2.21465    0   68    3.47542    2.21465  36.3%     -    0s
     0     0    2.21889    0   75    3.47542    2.21889  36.2%     -    0s
     0     0    2.21951    0   76    3.47542    2.21951  36.1%     -    0s
     0     0    2.21998    0   76    3.47542    2.21998  36.1%     -    0s
     0     0    2.22006    0   76    3.47542    2.22006  36.1%     -    0s
     0     0    2.23062    0   68    3.47542    2.23062  35.8%     -    0s
H    0     0                       3.4311191    2.23062  35.0%     -    0s
     0     0    2.23249    0   79    3.43112    2.23249  34.9%     -    0s
     0     0    2.23352    0   81    3.43112    2.23352  34.9%     -    0s
     0     0    2.23408    0   90    3.43112    2.23408  34.9%     -    0s
     0     0    2.23473    0   77    3.43112    2.23473  34.9%     -    0s
     0     0    2.23491    0   77    3.43112    2.23491  34.9%     -    0s
     0     0    2.23933    0   79    3.43112    2.23933  34.7%     -    0s
H    0     0                       3.3961786    2.23933  34.1%     -    0s
     0     0    2.24362    0   89    3.39618    2.24362  33.9%     -    0s
     0     0    2.24370    0   83    3.39618    2.24370  33.9%     -    0s
     0     0    2.24534    0   75    3.39618    2.24534  33.9%     -    0s
     0     0    2.24590    0   77    3.39618    2.24590  33.9%     -    0s
     0     0    2.24748    0   74    3.39618    2.24748  33.8%     -    0s
     0     0    2.24773    0   73    3.39618    2.24773  33.8%     -    0s
     0     0    2.25059    0   71    3.39618    2.25059  33.7%     -    0s
     0     0    2.25292    0   73    3.39618    2.25292  33.7%     -    0s
     0     0    2.25310    0   75    3.39618    2.25310  33.7%     -    0s
     0     0    2.25557    0   73    3.39618    2.25557  33.6%     -    0s
H    0     0                       3.3235715    2.25557  32.1%     -    0s
     0     0    2.25611    0   77    3.32357    2.25611  32.1%     -    0s
     0     0    2.25673    0   77    3.32357    2.25673  32.1%     -    0s
     0     0    2.25687    0   80    3.32357    2.25687  32.1%     -    0s
     0     0    2.25774    0   78    3.32357    2.25774  32.1%     -    0s
     0     0    2.25774    0   76    3.32357    2.25774  32.1%     -    0s
H    0     0                       3.3145000    2.25778  31.9%     -    0s
H    0     0                       3.1897143    2.25778  29.2%     -    0s
     0     2    2.25790    0   76    3.18971    2.25790  29.2%     -    0s
H  995   309                       3.1735477    2.58871  18.4%  37.1    1s
H 1032   305                       3.1647381    2.59201  18.1%  36.8    2s
  1728   393     cutoff   29         3.16474    2.59201  18.1%  42.4    5s
H 1819   381                       3.1384405    2.59201  17.4%  42.8    5s
* 3146   699              38       3.1339643    2.68228  14.4%  44.2    8s
H 3915   779                       3.1326786    2.74220  12.5%  44.3    9s
H 3941   780                       3.1245358    2.74289  12.2%  44.5   10s
  6132   798    2.94097   37   52    3.12454    2.86462  8.32%  45.3   15s
* 8295   511              54       3.1198691    3.00040  3.83%  42.7   18s
* 8867   400              56       3.1057262    3.03149  2.39%  41.2   18s

Cutting planes:
  Learned: 5
  Gomory: 3
  Cover: 21
  Implied bound: 117
  Projected implied bound: 28
  Clique: 7
  MIR: 99
  StrongCG: 3
  Flow cover: 88
  GUB cover: 7
  Mod-K: 3
  RLT: 9
  Relax-and-lift: 104

Explored 9475 nodes (377083 simplex iterations) in 19.41 seconds
Thread count was 1 (of 4 available processors)

Solution count 10: 3.10573 3.11987 3.12454 ... 3.3145

Optimal solution found (tolerance 1.00e-04)
Best objective 3.105726213257e+00, best bound 3.105639160553e+00, gap 0.0028%

---------------------------------------------------------------------------
Multi-objectives: solved in 19.42 seconds, solution count 10

