Using license file /home/benedond/gurobi.lic
Using gurobi.env file
Set parameter Threads to value 1
Academic license - for non-commercial use only
Gurobi Optimizer version 9.0.1 build v9.0.1rc0 (linux64)
Optimize a model with 2591 rows, 2485 columns and 9938 nonzeros
Model fingerprint: 0xb7a2443d
Variable types: 35 continuous, 2450 integer (2450 binary)
Coefficient statistics:
  Matrix range     [1e+00, 5e+02]
  Objective range  [0e+00, 0e+00]
  Bounds range     [1e+00, 1e+00]
  RHS range        [1e+00, 2e+03]
Presolve removed 330 rows and 329 columns
Presolve time: 0.40s
Presolved: 2261 rows, 2156 columns, 8587 nonzeros
Variable types: 35 continuous, 2121 integer (2121 binary)

Root relaxation: objective 0.000000e+00, 335 iterations, 0.01 seconds

    Nodes    |    Current Node    |     Objective Bounds      |     Work
 Expl Unexpl |  Obj  Depth IntInf | Incumbent    BestBd   Gap | It/Node Time

H    0     0                       0.0000000    0.00000  0.00%     -    0s
     0     0    0.00000    0   74    0.00000    0.00000  0.00%     -    0s

Explored 0 nodes (335 simplex iterations) in 0.42 seconds
Thread count was 1 (of 4 available processors)

Solution count 1: 0 

Optimal solution found (tolerance 1.00e-04)
Best objective 0.000000000000e+00, best bound 0.000000000000e+00, gap 0.0000%
Gurobi Optimizer version 9.0.1 build v9.0.1rc0 (linux64)
Optimize a model with 2592 rows, 2485 columns and 9973 nonzeros
Model fingerprint: 0xb0b9b694
Variable types: 35 continuous, 2450 integer (2450 binary)
Coefficient statistics:
  Matrix range     [1e+00, 5e+02]
  Objective range  [0e+00, 0e+00]
  Bounds range     [1e+00, 1e+00]
  RHS range        [1e+00, 2e+03]
Presolve removed 481 rows and 479 columns
Presolve time: 0.46s
Presolved: 2111 rows, 2006 columns, 7987 nonzeros
Variable types: 35 continuous, 1971 integer (1971 binary)

Root relaxation: objective 0.000000e+00, 398 iterations, 0.01 seconds

    Nodes    |    Current Node    |     Objective Bounds      |     Work
 Expl Unexpl |  Obj  Depth IntInf | Incumbent    BestBd   Gap | It/Node Time

     0     0    0.00000    0   20          -    0.00000      -     -    0s
H    0     0                       0.0000000    0.00000  0.00%     -    0s
     0     0    0.00000    0   20    0.00000    0.00000  0.00%     -    0s

Explored 1 nodes (2119 simplex iterations) in 0.56 seconds
Thread count was 1 (of 4 available processors)

Solution count 1: 0 

Optimal solution found (tolerance 1.00e-04)
Best objective 0.000000000000e+00, best bound 0.000000000000e+00, gap 0.0000%
Gurobi Optimizer version 9.0.1 build v9.0.1rc0 (linux64)
Optimize a model with 2593 rows, 2485 columns and 10008 nonzeros
Model fingerprint: 0x5134e970
Variable types: 35 continuous, 2450 integer (2450 binary)
Coefficient statistics:
  Matrix range     [1e+00, 5e+02]
  Objective range  [0e+00, 0e+00]
  Bounds range     [1e+00, 1e+00]
  RHS range        [1e+00, 2e+03]
Presolve removed 542 rows and 539 columns
Presolve time: 0.46s
Presolved: 2051 rows, 1946 columns, 7747 nonzeros
Variable types: 35 continuous, 1911 integer (1911 binary)

Root relaxation: objective 0.000000e+00, 357 iterations, 0.01 seconds

    Nodes    |    Current Node    |     Objective Bounds      |     Work
 Expl Unexpl |  Obj  Depth IntInf | Incumbent    BestBd   Gap | It/Node Time

H    0     0                       0.0000000    0.00000  0.00%     -    0s
     0     0    0.00000    0    9    0.00000    0.00000  0.00%     -    0s

Explored 0 nodes (1022 simplex iterations) in 0.50 seconds
Thread count was 1 (of 4 available processors)

Solution count 1: 0 

Optimal solution found (tolerance 1.00e-04)
Best objective 0.000000000000e+00, best bound 0.000000000000e+00, gap 0.0000%
Gurobi Optimizer version 9.0.1 build v9.0.1rc0 (linux64)
Optimize a model with 2594 rows, 2485 columns and 10043 nonzeros
Model fingerprint: 0xc6eb646b
Variable types: 35 continuous, 2450 integer (2450 binary)
Coefficient statistics:
  Matrix range     [1e+00, 5e+02]
  Objective range  [0e+00, 0e+00]
  Bounds range     [1e+00, 1e+00]
  RHS range        [1e+00, 2e+03]
Presolve removed 589 rows and 585 columns
Presolve time: 0.47s
Presolved: 2005 rows, 1900 columns, 7563 nonzeros
Variable types: 35 continuous, 1865 integer (1865 binary)

Root relaxation: objective 0.000000e+00, 363 iterations, 0.01 seconds

    Nodes    |    Current Node    |     Objective Bounds      |     Work
 Expl Unexpl |  Obj  Depth IntInf | Incumbent    BestBd   Gap | It/Node Time

     0     0    0.00000    0    5          -    0.00000      -     -    0s
H    0     0                       0.0000000    0.00000  0.00%     -    0s

Explored 1 nodes (723 simplex iterations) in 0.50 seconds
Thread count was 1 (of 4 available processors)

Solution count 1: 0 

Optimal solution found (tolerance 1.00e-04)
Best objective 0.000000000000e+00, best bound 0.000000000000e+00, gap 0.0000%
Gurobi Optimizer version 9.0.1 build v9.0.1rc0 (linux64)
Optimize a model with 2595 rows, 2485 columns and 10078 nonzeros
Model fingerprint: 0x199f3a63
Variable types: 35 continuous, 2450 integer (2450 binary)
Coefficient statistics:
  Matrix range     [1e+00, 5e+02]
  Objective range  [0e+00, 0e+00]
  Bounds range     [1e+00, 1e+00]
  RHS range        [1e+00, 2e+03]
Presolve removed 677 rows and 672 columns
Presolve time: 0.53s
Presolved: 1918 rows, 1813 columns, 7215 nonzeros
Variable types: 35 continuous, 1778 integer (1778 binary)

Root relaxation: objective 0.000000e+00, 304 iterations, 0.01 seconds

    Nodes    |    Current Node    |     Objective Bounds      |     Work
 Expl Unexpl |  Obj  Depth IntInf | Incumbent    BestBd   Gap | It/Node Time

     0     0    0.00000    0    9          -    0.00000      -     -    0s
H    0     0                       0.0000000    0.00000  0.00%     -    0s

Explored 1 nodes (992 simplex iterations) in 0.57 seconds
Thread count was 1 (of 4 available processors)

Solution count 1: 0 

Optimal solution found (tolerance 1.00e-04)
Best objective 0.000000000000e+00, best bound 0.000000000000e+00, gap 0.0000%
Gurobi Optimizer version 9.0.1 build v9.0.1rc0 (linux64)
Optimize a model with 2596 rows, 2485 columns and 10113 nonzeros
Model fingerprint: 0x3105d5ff
Variable types: 35 continuous, 2450 integer (2450 binary)
Coefficient statistics:
  Matrix range     [1e+00, 5e+02]
  Objective range  [0e+00, 0e+00]
  Bounds range     [1e+00, 1e+00]
  RHS range        [1e+00, 2e+03]
Presolve removed 728 rows and 722 columns
Presolve time: 0.48s
Presolved: 1868 rows, 1763 columns, 7015 nonzeros
Variable types: 35 continuous, 1728 integer (1728 binary)

Root relaxation: objective 0.000000e+00, 285 iterations, 0.01 seconds

    Nodes    |    Current Node    |     Objective Bounds      |     Work
 Expl Unexpl |  Obj  Depth IntInf | Incumbent    BestBd   Gap | It/Node Time

*    0     0               0       0.0000000    0.00000  0.00%     -    0s

Explored 0 nodes (456 simplex iterations) in 0.50 seconds
Thread count was 1 (of 4 available processors)

Solution count 1: 0 

Optimal solution found (tolerance 1.00e-04)
Best objective 0.000000000000e+00, best bound 0.000000000000e+00, gap 0.0000%
Gurobi Optimizer version 9.0.1 build v9.0.1rc0 (linux64)
Optimize a model with 2597 rows, 2485 columns and 10148 nonzeros
Model fingerprint: 0x99eee89b
Variable types: 35 continuous, 2450 integer (2450 binary)
Coefficient statistics:
  Matrix range     [1e+00, 5e+02]
  Objective range  [0e+00, 0e+00]
  Bounds range     [1e+00, 1e+00]
  RHS range        [1e+00, 2e+03]
Presolve removed 790 rows and 783 columns
Presolve time: 0.49s
Presolved: 1807 rows, 1702 columns, 6771 nonzeros
Variable types: 35 continuous, 1667 integer (1667 binary)

Root relaxation: objective 0.000000e+00, 303 iterations, 0.01 seconds

    Nodes    |    Current Node    |     Objective Bounds      |     Work
 Expl Unexpl |  Obj  Depth IntInf | Incumbent    BestBd   Gap | It/Node Time

     0     0    0.00000    0   21          -    0.00000      -     -    0s
H    0     0                       0.0000000    0.00000  0.00%     -    0s
     0     0    0.00000    0   21    0.00000    0.00000  0.00%     -    0s

Explored 1 nodes (1730 simplex iterations) in 0.56 seconds
Thread count was 1 (of 4 available processors)

Solution count 1: 0 

Optimal solution found (tolerance 1.00e-04)
Best objective 0.000000000000e+00, best bound 0.000000000000e+00, gap 0.0000%
Gurobi Optimizer version 9.0.1 build v9.0.1rc0 (linux64)
Optimize a model with 2598 rows, 2485 columns and 10183 nonzeros
Model fingerprint: 0x68c4f102
Variable types: 35 continuous, 2450 integer (2450 binary)
Coefficient statistics:
  Matrix range     [1e+00, 5e+02]
  Objective range  [0e+00, 0e+00]
  Bounds range     [1e+00, 1e+00]
  RHS range        [1e+00, 2e+03]
Presolve removed 829 rows and 821 columns
Presolve time: 0.49s
Presolved: 1769 rows, 1664 columns, 6619 nonzeros
Variable types: 35 continuous, 1629 integer (1629 binary)

Root relaxation: objective 0.000000e+00, 275 iterations, 0.01 seconds

    Nodes    |    Current Node    |     Objective Bounds      |     Work
 Expl Unexpl |  Obj  Depth IntInf | Incumbent    BestBd   Gap | It/Node Time

     0     0    0.00000    0   38          -    0.00000      -     -    0s
H    0     0                       0.0000000    0.00000  0.00%     -    0s
     0     0    0.00000    0   38    0.00000    0.00000  0.00%     -    0s

Explored 1 nodes (1597 simplex iterations) in 0.56 seconds
Thread count was 1 (of 4 available processors)

Solution count 1: 0 

Optimal solution found (tolerance 1.00e-04)
Best objective 0.000000000000e+00, best bound 0.000000000000e+00, gap 0.0000%
Gurobi Optimizer version 9.0.1 build v9.0.1rc0 (linux64)
Optimize a model with 2599 rows, 2485 columns and 10218 nonzeros
Model fingerprint: 0x927dc353
Variable types: 35 continuous, 2450 integer (2450 binary)
Coefficient statistics:
  Matrix range     [1e+00, 5e+02]
  Objective range  [0e+00, 0e+00]
  Bounds range     [1e+00, 1e+00]
  RHS range        [1e+00, 2e+03]
Presolve removed 892 rows and 883 columns
Presolve time: 0.49s
Presolved: 1707 rows, 1602 columns, 6371 nonzeros
Variable types: 35 continuous, 1567 integer (1567 binary)

Root relaxation: objective 0.000000e+00, 329 iterations, 0.01 seconds

    Nodes    |    Current Node    |     Objective Bounds      |     Work
 Expl Unexpl |  Obj  Depth IntInf | Incumbent    BestBd   Gap | It/Node Time

     0     0    0.00000    0   44          -    0.00000      -     -    0s
     0     0    0.00000    0   28          -    0.00000      -     -    0s
H    0     0                       0.0000000    0.00000  0.00%     -    0s
     0     0    0.00000    0   28    0.00000    0.00000  0.00%     -    0s

Cutting planes:
  MIR: 5
  Relax-and-lift: 12

Explored 1 nodes (2198 simplex iterations) in 0.60 seconds
Thread count was 1 (of 4 available processors)

Solution count 1: 0 

Optimal solution found (tolerance 1.00e-04)
Best objective 0.000000000000e+00, best bound 0.000000000000e+00, gap 0.0000%
Gurobi Optimizer version 9.0.1 build v9.0.1rc0 (linux64)
Optimize a model with 2600 rows, 2485 columns and 10253 nonzeros
Model fingerprint: 0x944e43c0
Variable types: 35 continuous, 2450 integer (2450 binary)
Coefficient statistics:
  Matrix range     [1e+00, 5e+02]
  Objective range  [0e+00, 0e+00]
  Bounds range     [1e+00, 1e+00]
  RHS range        [1e+00, 2e+03]
Presolve removed 941 rows and 931 columns
Presolve time: 0.50s
Presolved: 1659 rows, 1554 columns, 6179 nonzeros
Variable types: 35 continuous, 1519 integer (1519 binary)

Root relaxation: objective 0.000000e+00, 289 iterations, 0.01 seconds

    Nodes    |    Current Node    |     Objective Bounds      |     Work
 Expl Unexpl |  Obj  Depth IntInf | Incumbent    BestBd   Gap | It/Node Time

     0     0    0.00000    0   14          -    0.00000      -     -    0s
     0     0    0.00000    0   29          -    0.00000      -     -    0s
     0     0    0.00000    0   27          -    0.00000      -     -    0s
     0     0    0.00000    0   13          -    0.00000      -     -    0s
     0     0    0.00000    0   21          -    0.00000      -     -    1s
     0     0    0.00000    0   62          -    0.00000      -     -    1s
     0     0    0.00000    0   61          -    0.00000      -     -    1s
     0     0    0.00000    0   13          -    0.00000      -     -    1s
     0     0    0.00000    0   12          -    0.00000      -     -    1s
     0     0    0.00000    0   16          -    0.00000      -     -    1s
     0     0    0.00000    0   18          -    0.00000      -     -    1s
     0     0    0.00000    0    4          -    0.00000      -     -    1s
     0     0    0.00000    0    8          -    0.00000      -     -    1s
     0     0    0.00000    0    8          -    0.00000      -     -    1s
     0     0    0.00000    0    4          -    0.00000      -     -    1s
     0     0    0.00000    0    4          -    0.00000      -     -    1s
H    0     0                       0.0000000    0.00000  0.00%     -    1s
     0     0    0.00000    0    4    0.00000    0.00000  0.00%     -    1s

Cutting planes:
  MIR: 3
  GUB cover: 1
  Relax-and-lift: 10

Explored 1 nodes (6283 simplex iterations) in 1.77 seconds
Thread count was 1 (of 4 available processors)

Solution count 1: 0 

Optimal solution found (tolerance 1.00e-04)
Best objective 0.000000000000e+00, best bound 0.000000000000e+00, gap 0.0000%
Gurobi Optimizer version 9.0.1 build v9.0.1rc0 (linux64)
Optimize a model with 2601 rows, 2485 columns and 10288 nonzeros
Model fingerprint: 0x78ae5a4b
Variable types: 35 continuous, 2450 integer (2450 binary)
Coefficient statistics:
  Matrix range     [1e+00, 5e+02]
  Objective range  [0e+00, 0e+00]
  Bounds range     [1e+00, 1e+00]
  RHS range        [1e+00, 2e+03]
Presolve removed 989 rows and 978 columns
Presolve time: 0.49s
Presolved: 1612 rows, 1507 columns, 5991 nonzeros
Variable types: 35 continuous, 1472 integer (1472 binary)

Root relaxation: objective 0.000000e+00, 254 iterations, 0.01 seconds

    Nodes    |    Current Node    |     Objective Bounds      |     Work
 Expl Unexpl |  Obj  Depth IntInf | Incumbent    BestBd   Gap | It/Node Time

     0     0    0.00000    0   20          -    0.00000      -     -    0s
     0     0    0.00000    0   16          -    0.00000      -     -    0s
     0     0    0.00000    0   27          -    0.00000      -     -    0s
     0     0    0.00000    0   32          -    0.00000      -     -    0s
     0     0    0.00000    0    6          -    0.00000      -     -    0s
H    0     0                       0.0000000    0.00000  0.00%     -    0s
     0     0    0.00000    0    6    0.00000    0.00000  0.00%     -    0s

Cutting planes:
  MIR: 3
  Relax-and-lift: 12

Explored 1 nodes (5128 simplex iterations) in 0.75 seconds
Thread count was 1 (of 4 available processors)

Solution count 1: 0 

Optimal solution found (tolerance 1.00e-04)
Best objective 0.000000000000e+00, best bound 0.000000000000e+00, gap 0.0000%
Gurobi Optimizer version 9.0.1 build v9.0.1rc0 (linux64)
Optimize a model with 2602 rows, 2485 columns and 10323 nonzeros
Model fingerprint: 0x1f09bb13
Variable types: 35 continuous, 2450 integer (2450 binary)
Coefficient statistics:
  Matrix range     [1e+00, 5e+02]
  Objective range  [0e+00, 0e+00]
  Bounds range     [1e+00, 1e+00]
  RHS range        [1e+00, 2e+03]
Presolve removed 1057 rows and 1045 columns
Presolve time: 0.50s
Presolved: 1545 rows, 1440 columns, 5723 nonzeros
Variable types: 35 continuous, 1405 integer (1405 binary)

Root relaxation: objective 0.000000e+00, 282 iterations, 0.01 seconds

    Nodes    |    Current Node    |     Objective Bounds      |     Work
 Expl Unexpl |  Obj  Depth IntInf | Incumbent    BestBd   Gap | It/Node Time

H    0     0                       0.0000000    0.00000  0.00%     -    0s
     0     0    0.00000    0   10    0.00000    0.00000  0.00%     -    0s

Explored 0 nodes (438 simplex iterations) in 0.52 seconds
Thread count was 1 (of 4 available processors)

Solution count 1: 0 

Optimal solution found (tolerance 1.00e-04)
Best objective 0.000000000000e+00, best bound 0.000000000000e+00, gap 0.0000%
Gurobi Optimizer version 9.0.1 build v9.0.1rc0 (linux64)
Optimize a model with 2603 rows, 2485 columns and 10358 nonzeros
Model fingerprint: 0x142641cf
Variable types: 35 continuous, 2450 integer (2450 binary)
Coefficient statistics:
  Matrix range     [1e+00, 5e+02]
  Objective range  [0e+00, 0e+00]
  Bounds range     [1e+00, 1e+00]
  RHS range        [1e+00, 2e+03]
Presolve removed 1105 rows and 1092 columns
Presolve time: 0.50s
Presolved: 1498 rows, 1393 columns, 5535 nonzeros
Variable types: 35 continuous, 1358 integer (1358 binary)

Root relaxation: objective 0.000000e+00, 291 iterations, 0.01 seconds

    Nodes    |    Current Node    |     Objective Bounds      |     Work
 Expl Unexpl |  Obj  Depth IntInf | Incumbent    BestBd   Gap | It/Node Time

     0     0    0.00000    0   20          -    0.00000      -     -    0s
     0     0    0.00000    0   31          -    0.00000      -     -    0s
     0     0    0.00000    0   31          -    0.00000      -     -    0s
     0     0    0.00000    0   19          -    0.00000      -     -    0s
     0     0    0.00000    0   18          -    0.00000      -     -    0s
     0     0    0.00000    0   25          -    0.00000      -     -    0s
     0     0    0.00000    0   28          -    0.00000      -     -    0s
H    0     0                       0.0000000    0.00000  0.00%     -    0s
     0     0    0.00000    0   18    0.00000    0.00000  0.00%     -    0s

Cutting planes:
  Gomory: 1
  MIR: 26
  Relax-and-lift: 9

Explored 1 nodes (7061 simplex iterations) in 0.74 seconds
Thread count was 1 (of 4 available processors)

Solution count 1: 0 

Optimal solution found (tolerance 1.00e-04)
Best objective 0.000000000000e+00, best bound 0.000000000000e+00, gap 0.0000%
Gurobi Optimizer version 9.0.1 build v9.0.1rc0 (linux64)
Optimize a model with 2604 rows, 2485 columns and 10393 nonzeros
Model fingerprint: 0x5f7f30e8
Variable types: 35 continuous, 2450 integer (2450 binary)
Coefficient statistics:
  Matrix range     [1e+00, 5e+02]
  Objective range  [0e+00, 0e+00]
  Bounds range     [1e+00, 1e+00]
  RHS range        [1e+00, 2e+03]
Presolve removed 1180 rows and 1166 columns
Presolve time: 0.52s
Presolved: 1424 rows, 1319 columns, 5239 nonzeros
Variable types: 35 continuous, 1284 integer (1284 binary)

Root relaxation: objective 0.000000e+00, 280 iterations, 0.01 seconds

    Nodes    |    Current Node    |     Objective Bounds      |     Work
 Expl Unexpl |  Obj  Depth IntInf | Incumbent    BestBd   Gap | It/Node Time

     0     0    0.00000    0   17          -    0.00000      -     -    0s
     0     0    0.00000    0   69          -    0.00000      -     -    0s
     0     0    0.00000    0   69          -    0.00000      -     -    0s
     0     0    0.00000    0   26          -    0.00000      -     -    0s
     0     0    0.00000    0   26          -    0.00000      -     -    0s
     0     0    0.00000    0   18          -    0.00000      -     -    0s
     0     0    0.00000    0   21          -    0.00000      -     -    0s
     0     0    0.00000    0   19          -    0.00000      -     -    0s
     0     0    0.00000    0   52          -    0.00000      -     -    0s
     0     0    0.00000    0   21          -    0.00000      -     -    0s
     0     0    0.00000    0   21          -    0.00000      -     -    0s
     0     2    0.00000    0   16          -    0.00000      -     -    1s
H  513   276                       0.0000000    0.00000  0.00%  36.9    2s

Cutting planes:
  Cover: 5
  Flow cover: 1
  GUB cover: 2
  Relax-and-lift: 1

Explored 513 nodes (32321 simplex iterations) in 2.05 seconds
Thread count was 1 (of 4 available processors)

Solution count 1: 0 

Optimal solution found (tolerance 1.00e-04)
Best objective 0.000000000000e+00, best bound 0.000000000000e+00, gap 0.0000%
Gurobi Optimizer version 9.0.1 build v9.0.1rc0 (linux64)
Optimize a model with 2605 rows, 2485 columns and 10428 nonzeros
Model fingerprint: 0x181c6b36
Variable types: 35 continuous, 2450 integer (2450 binary)
Coefficient statistics:
  Matrix range     [1e+00, 5e+02]
  Objective range  [0e+00, 0e+00]
  Bounds range     [1e+00, 1e+00]
  RHS range        [1e+00, 2e+03]
Presolve removed 1234 rows and 1219 columns
Presolve time: 0.51s
Presolved: 1371 rows, 1266 columns, 5027 nonzeros
Variable types: 35 continuous, 1231 integer (1231 binary)

Root relaxation: objective 0.000000e+00, 254 iterations, 0.00 seconds

    Nodes    |    Current Node    |     Objective Bounds      |     Work
 Expl Unexpl |  Obj  Depth IntInf | Incumbent    BestBd   Gap | It/Node Time

     0     0    0.00000    0   21          -    0.00000      -     -    0s
     0     0    0.00000    0   57          -    0.00000      -     -    0s
     0     0    0.00000    0   57          -    0.00000      -     -    0s
     0     0    0.00000    0   24          -    0.00000      -     -    0s
     0     0    0.00000    0   23          -    0.00000      -     -    0s
     0     0    0.00000    0   27          -    0.00000      -     -    0s
     0     0    0.00000    0   25          -    0.00000      -     -    0s
     0     0    0.00000    0   16          -    0.00000      -     -    0s
     0     0    0.00000    0   18          -    0.00000      -     -    0s
     0     0    0.00000    0   17          -    0.00000      -     -    0s
     0     0    0.00000    0   25          -    0.00000      -     -    0s
     0     0    0.00000    0   14          -    0.00000      -     -    0s
     0     0    0.00000    0   10          -    0.00000      -     -    0s
     0     0    0.00000    0   26          -    0.00000      -     -    0s
     0     0    0.00000    0   10          -    0.00000      -     -    0s
     0     2    0.00000    0   10          -    0.00000      -     -    1s
H  532   354                       0.0000000    0.00000  0.00%   102    2s

Cutting planes:
  MIR: 1
  Flow cover: 6
  Relax-and-lift: 4

Explored 532 nodes (73250 simplex iterations) in 2.95 seconds
Thread count was 1 (of 4 available processors)

Solution count 1: 0 

Optimal solution found (tolerance 1.00e-04)
Best objective 0.000000000000e+00, best bound 0.000000000000e+00, gap 0.0000%
Gurobi Optimizer version 9.0.1 build v9.0.1rc0 (linux64)
Optimize a model with 2606 rows, 2485 columns and 10463 nonzeros
Model fingerprint: 0xc37d63c8
Variable types: 35 continuous, 2450 integer (2450 binary)
Coefficient statistics:
  Matrix range     [1e+00, 5e+02]
  Objective range  [0e+00, 0e+00]
  Bounds range     [1e+00, 1e+00]
  RHS range        [1e+00, 2e+03]
Presolve removed 1274 rows and 1258 columns
Presolve time: 0.51s
Presolved: 1332 rows, 1227 columns, 4871 nonzeros
Variable types: 35 continuous, 1192 integer (1192 binary)

Root relaxation: objective 0.000000e+00, 294 iterations, 0.01 seconds

    Nodes    |    Current Node    |     Objective Bounds      |     Work
 Expl Unexpl |  Obj  Depth IntInf | Incumbent    BestBd   Gap | It/Node Time

     0     0    0.00000    0   22          -    0.00000      -     -    0s
     0     0    0.00000    0   51          -    0.00000      -     -    0s
     0     0    0.00000    0   18          -    0.00000      -     -    0s
     0     0    0.00000    0   19          -    0.00000      -     -    0s
     0     0    0.00000    0   15          -    0.00000      -     -    0s
     0     0    0.00000    0   29          -    0.00000      -     -    0s
     0     0    0.00000    0   29          -    0.00000      -     -    0s
     0     0    0.00000    0   11          -    0.00000      -     -    0s
     0     0    0.00000    0    8          -    0.00000      -     -    0s
     0     0    0.00000    0   31          -    0.00000      -     -    0s
     0     0    0.00000    0   10          -    0.00000      -     -    0s
     0     0    0.00000    0   50          -    0.00000      -     -    0s
     0     0    0.00000    0   17          -    0.00000      -     -    0s
     0     0    0.00000    0   13          -    0.00000      -     -    1s
     0     0    0.00000    0   30          -    0.00000      -     -    1s
     0     0    0.00000    0   25          -    0.00000      -     -    1s
     0     0    0.00000    0   28          -    0.00000      -     -    1s
     0     0    0.00000    0    7          -    0.00000      -     -    1s
     0     0    0.00000    0    8          -    0.00000      -     -    1s
     0     0    0.00000    0   12          -    0.00000      -     -    1s
     0     0    0.00000    0   17          -    0.00000      -     -    1s
     0     0    0.00000    0   19          -    0.00000      -     -    1s
     0     0    0.00000    0   18          -    0.00000      -     -    1s
H    0     0                       0.0000000    0.00000  0.00%     -    1s
     0     0    0.00000    0   18    0.00000    0.00000  0.00%     -    1s

Cutting planes:
  Cover: 4
  MIR: 3
  GUB cover: 1
  Relax-and-lift: 1

Explored 1 nodes (13220 simplex iterations) in 1.56 seconds
Thread count was 1 (of 4 available processors)

Solution count 1: 0 

Optimal solution found (tolerance 1.00e-04)
Best objective 0.000000000000e+00, best bound 0.000000000000e+00, gap 0.0000%
Gurobi Optimizer version 9.0.1 build v9.0.1rc0 (linux64)
Optimize a model with 2607 rows, 2485 columns and 10498 nonzeros
Model fingerprint: 0x8a19cfce
Variable types: 35 continuous, 2450 integer (2450 binary)
Coefficient statistics:
  Matrix range     [1e+00, 5e+02]
  Objective range  [0e+00, 0e+00]
  Bounds range     [1e+00, 1e+00]
  RHS range        [1e+00, 2e+03]
Presolve removed 1315 rows and 1298 columns
Presolve time: 0.51s
Presolved: 1292 rows, 1187 columns, 4711 nonzeros
Variable types: 35 continuous, 1152 integer (1152 binary)

Root relaxation: objective 0.000000e+00, 300 iterations, 0.00 seconds

    Nodes    |    Current Node    |     Objective Bounds      |     Work
 Expl Unexpl |  Obj  Depth IntInf | Incumbent    BestBd   Gap | It/Node Time

     0     0    0.00000    0   17          -    0.00000      -     -    0s
     0     0    0.00000    0   35          -    0.00000      -     -    0s
     0     0    0.00000    0   35          -    0.00000      -     -    0s
     0     0    0.00000    0   18          -    0.00000      -     -    0s
     0     0    0.00000    0   18          -    0.00000      -     -    0s
     0     0    0.00000    0   13          -    0.00000      -     -    0s
     0     0    0.00000    0   16          -    0.00000      -     -    0s
     0     0    0.00000    0   12          -    0.00000      -     -    0s
     0     0    0.00000    0   12          -    0.00000      -     -    0s
     0     0    0.00000    0   22          -    0.00000      -     -    0s
     0     0    0.00000    0   22          -    0.00000      -     -    0s
     0     0    0.00000    0   27          -    0.00000      -     -    0s
     0     0    0.00000    0   24          -    0.00000      -     -    0s
     0     2    0.00000    0   16          -    0.00000      -     -    0s
*  242     4              25       0.0000000    0.00000  0.00%  73.9    1s

Cutting planes:
  Gomory: 1
  Cover: 10
  Implied bound: 1
  MIR: 31
  Relax-and-lift: 8

Explored 243 nodes (25883 simplex iterations) in 1.42 seconds
Thread count was 1 (of 4 available processors)

Solution count 1: 0 

Optimal solution found (tolerance 1.00e-04)
Best objective 0.000000000000e+00, best bound 0.000000000000e+00, gap 0.0000%
Gurobi Optimizer version 9.0.1 build v9.0.1rc0 (linux64)
Optimize a model with 2608 rows, 2485 columns and 10533 nonzeros
Model fingerprint: 0xf7359d8c
Variable types: 35 continuous, 2450 integer (2450 binary)
Coefficient statistics:
  Matrix range     [1e+00, 5e+02]
  Objective range  [0e+00, 0e+00]
  Bounds range     [1e+00, 1e+00]
  RHS range        [1e+00, 2e+03]
Presolve removed 1383 rows and 1365 columns
Presolve time: 0.52s
Presolved: 1225 rows, 1120 columns, 4443 nonzeros
Variable types: 35 continuous, 1085 integer (1085 binary)

Root relaxation: objective 0.000000e+00, 256 iterations, 0.00 seconds

    Nodes    |    Current Node    |     Objective Bounds      |     Work
 Expl Unexpl |  Obj  Depth IntInf | Incumbent    BestBd   Gap | It/Node Time

     0     0    0.00000    0   11          -    0.00000      -     -    0s
     0     0    0.00000    0   28          -    0.00000      -     -    0s
     0     0    0.00000    0   28          -    0.00000      -     -    0s
     0     0    0.00000    0   30          -    0.00000      -     -    0s
     0     0    0.00000    0   27          -    0.00000      -     -    0s
     0     0    0.00000    0   26          -    0.00000      -     -    0s
     0     0    0.00000    0   15          -    0.00000      -     -    0s
     0     0    0.00000    0   59          -    0.00000      -     -    0s
     0     0    0.00000    0   14          -    0.00000      -     -    0s
     0     0    0.00000    0   14          -    0.00000      -     -    0s
     0     2    0.00000    0   14          -    0.00000      -     -    0s
*  247     0              29       0.0000000    0.00000  0.00%  29.9    1s

Cutting planes:
  Cover: 3
  Clique: 1
  MIR: 13
  Relax-and-lift: 11

Explored 248 nodes (13573 simplex iterations) in 1.14 seconds
Thread count was 1 (of 4 available processors)

Solution count 1: 0 

Optimal solution found (tolerance 1.00e-04)
Best objective 0.000000000000e+00, best bound 0.000000000000e+00, gap 0.0000%
Gurobi Optimizer version 9.0.1 build v9.0.1rc0 (linux64)
Optimize a model with 2609 rows, 2485 columns and 10568 nonzeros
Model fingerprint: 0x5e43d43a
Variable types: 35 continuous, 2450 integer (2450 binary)
Coefficient statistics:
  Matrix range     [1e+00, 5e+02]
  Objective range  [0e+00, 0e+00]
  Bounds range     [1e+00, 1e+00]
  RHS range        [1e+00, 2e+03]
Presolve removed 1448 rows and 1429 columns
Presolve time: 0.53s
Presolved: 1161 rows, 1056 columns, 4187 nonzeros
Variable types: 35 continuous, 1021 integer (1021 binary)

Root relaxation: objective 0.000000e+00, 287 iterations, 0.00 seconds

    Nodes    |    Current Node    |     Objective Bounds      |     Work
 Expl Unexpl |  Obj  Depth IntInf | Incumbent    BestBd   Gap | It/Node Time

     0     0    0.00000    0   17          -    0.00000      -     -    0s
     0     0    0.00000    0   72          -    0.00000      -     -    0s
     0     0    0.00000    0   18          -    0.00000      -     -    0s
     0     0    0.00000    0   18          -    0.00000      -     -    0s
     0     0    0.00000    0   23          -    0.00000      -     -    0s
     0     0    0.00000    0   23          -    0.00000      -     -    0s
     0     0    0.00000    0   26          -    0.00000      -     -    0s
     0     0    0.00000    0   26          -    0.00000      -     -    0s
     0     2    0.00000    0   11          -    0.00000      -     -    1s
*  692   300              18       0.0000000    0.00000  0.00%  16.4    2s

Cutting planes:
  Cover: 3
  Projected implied bound: 2
  Flow cover: 5
  Relax-and-lift: 3

Explored 693 nodes (44449 simplex iterations) in 2.80 seconds
Thread count was 1 (of 4 available processors)

Solution count 1: 0 

Optimal solution found (tolerance 1.00e-04)
Best objective 0.000000000000e+00, best bound 0.000000000000e+00, gap 0.0000%
Gurobi Optimizer version 9.0.1 build v9.0.1rc0 (linux64)
Optimize a model with 2610 rows, 2485 columns and 10603 nonzeros
Model fingerprint: 0xa7960196
Variable types: 35 continuous, 2450 integer (2450 binary)
Coefficient statistics:
  Matrix range     [1e+00, 5e+02]
  Objective range  [0e+00, 0e+00]
  Bounds range     [1e+00, 1e+00]
  RHS range        [1e+00, 2e+03]
Presolve removed 1489 rows and 1469 columns
Presolve time: 0.53s
Presolved: 1121 rows, 1016 columns, 4027 nonzeros
Variable types: 35 continuous, 981 integer (981 binary)

Root relaxation: objective 0.000000e+00, 277 iterations, 0.01 seconds

    Nodes    |    Current Node    |     Objective Bounds      |     Work
 Expl Unexpl |  Obj  Depth IntInf | Incumbent    BestBd   Gap | It/Node Time

     0     0    0.00000    0   52          -    0.00000      -     -    0s
     0     0    0.00000    0   47          -    0.00000      -     -    0s
     0     0    0.00000    0   47          -    0.00000      -     -    0s
     0     0    0.00000    0   32          -    0.00000      -     -    0s
     0     0    0.00000    0   24          -    0.00000      -     -    0s
     0     0    0.00000    0   21          -    0.00000      -     -    0s
     0     0    0.00000    0   18          -    0.00000      -     -    0s
     0     0    0.00000    0   50          -    0.00000      -     -    0s
     0     0    0.00000    0   19          -    0.00000      -     -    0s
     0     0    0.00000    0   20          -    0.00000      -     -    0s
     0     0    0.00000    0   23          -    0.00000      -     -    0s
     0     0    0.00000    0   22          -    0.00000      -     -    0s
     0     0    0.00000    0   21          -    0.00000      -     -    0s
     0     0    0.00000    0   17          -    0.00000      -     -    0s
H    0     0                       0.0000000    0.00000  0.00%     -    0s
     0     0    0.00000    0   17    0.00000    0.00000  0.00%     -    0s

Cutting planes:
  MIR: 4
  Relax-and-lift: 6

Explored 1 nodes (9089 simplex iterations) in 0.90 seconds
Thread count was 1 (of 4 available processors)

Solution count 1: 0 

Optimal solution found (tolerance 1.00e-04)
Best objective 0.000000000000e+00, best bound 0.000000000000e+00, gap 0.0000%
Gurobi Optimizer version 9.0.1 build v9.0.1rc0 (linux64)
Optimize a model with 2611 rows, 2485 columns and 10638 nonzeros
Model fingerprint: 0xe76da2d2
Variable types: 35 continuous, 2450 integer (2450 binary)
Coefficient statistics:
  Matrix range     [1e+00, 5e+02]
  Objective range  [0e+00, 0e+00]
  Bounds range     [1e+00, 1e+00]
  RHS range        [1e+00, 2e+03]
Presolve removed 1534 rows and 1513 columns
Presolve time: 0.52s
Presolved: 1077 rows, 972 columns, 3851 nonzeros
Variable types: 35 continuous, 937 integer (937 binary)

Root relaxation: objective 0.000000e+00, 256 iterations, 0.00 seconds

    Nodes    |    Current Node    |     Objective Bounds      |     Work
 Expl Unexpl |  Obj  Depth IntInf | Incumbent    BestBd   Gap | It/Node Time

     0     0    0.00000    0   15          -    0.00000      -     -    0s
     0     0    0.00000    0   36          -    0.00000      -     -    0s
     0     0    0.00000    0   26          -    0.00000      -     -    0s
     0     0    0.00000    0   16          -    0.00000      -     -    0s
     0     0    0.00000    0   25          -    0.00000      -     -    0s
     0     0    0.00000    0   25          -    0.00000      -     -    0s
     0     0    0.00000    0   22          -    0.00000      -     -    0s
     0     0    0.00000    0   22          -    0.00000      -     -    0s
     0     0    0.00000    0   34          -    0.00000      -     -    0s
     0     0    0.00000    0   20          -    0.00000      -     -    0s
     0     2    0.00000    0   16          -    0.00000      -     -    0s

Cutting planes:
  Gomory: 3
  Cover: 71
  MIR: 40
  Relax-and-lift: 11

Explored 398 nodes (19416 simplex iterations) in 1.20 seconds
Thread count was 1 (of 4 available processors)

Solution count 0

Model is infeasible
Best objective -, best bound -, gap -
Gurobi Optimizer version 9.0.1 build v9.0.1rc0 (linux64)
Optimize a model with 2611 rows, 2485 columns and 10638 nonzeros
Model fingerprint: 0x893ac4fc
Variable types: 35 continuous, 2450 integer (2450 binary)
Coefficient statistics:
  Matrix range     [1e+00, 5e+02]
  Objective range  [0e+00, 0e+00]
  Bounds range     [1e+00, 1e+00]
  RHS range        [1e+00, 2e+03]
Presolve removed 1519 rows and 1498 columns
Presolve time: 0.52s
Presolved: 1092 rows, 987 columns, 3911 nonzeros
Variable types: 35 continuous, 952 integer (952 binary)

Root relaxation: objective 0.000000e+00, 230 iterations, 0.00 seconds

    Nodes    |    Current Node    |     Objective Bounds      |     Work
 Expl Unexpl |  Obj  Depth IntInf | Incumbent    BestBd   Gap | It/Node Time

     0     0    0.00000    0   23          -    0.00000      -     -    0s
     0     0    0.00000    0   65          -    0.00000      -     -    0s
     0     0    0.00000    0   25          -    0.00000      -     -    0s
     0     0    0.00000    0   24          -    0.00000      -     -    0s
     0     0    0.00000    0   24          -    0.00000      -     -    0s
     0     0    0.00000    0   31          -    0.00000      -     -    0s
     0     0    0.00000    0   17          -    0.00000      -     -    0s
     0     2    0.00000    0   15          -    0.00000      -     -    0s
*  710     0              22       0.0000000    0.00000  0.00%  45.1    1s

Cutting planes:
  Gomory: 5
  Cover: 111
  MIR: 45
  Relax-and-lift: 20

Explored 711 nodes (37320 simplex iterations) in 1.82 seconds
Thread count was 1 (of 4 available processors)

Solution count 1: 0 

Optimal solution found (tolerance 1.00e-04)
Best objective 0.000000000000e+00, best bound 0.000000000000e+00, gap 0.0000%
Gurobi Optimizer version 9.0.1 build v9.0.1rc0 (linux64)
Optimize a model with 2612 rows, 2485 columns and 10673 nonzeros
Model fingerprint: 0x002748b6
Variable types: 35 continuous, 2450 integer (2450 binary)
Coefficient statistics:
  Matrix range     [1e+00, 5e+02]
  Objective range  [0e+00, 0e+00]
  Bounds range     [1e+00, 1e+00]
  RHS range        [1e+00, 2e+03]
Presolve removed 1564 rows and 1542 columns
Presolve time: 0.52s
Presolved: 1048 rows, 943 columns, 3735 nonzeros
Variable types: 35 continuous, 908 integer (908 binary)

Root relaxation: objective 0.000000e+00, 263 iterations, 0.00 seconds

    Nodes    |    Current Node    |     Objective Bounds      |     Work
 Expl Unexpl |  Obj  Depth IntInf | Incumbent    BestBd   Gap | It/Node Time

     0     0    0.00000    0   16          -    0.00000      -     -    0s
     0     0    0.00000    0   78          -    0.00000      -     -    0s
     0     0    0.00000    0   30          -    0.00000      -     -    0s
     0     0    0.00000    0   30          -    0.00000      -     -    0s
     0     0    0.00000    0   16          -    0.00000      -     -    0s
     0     0    0.00000    0   16          -    0.00000      -     -    0s
     0     0    0.00000    0   15          -    0.00000      -     -    0s
     0     0    0.00000    0   15          -    0.00000      -     -    0s
     0     2    0.00000    0   15          -    0.00000      -     -    0s
*  948     3              22       0.0000000    0.00000  0.00%  36.6    1s

Cutting planes:
  Gomory: 2
  Cover: 150
  Clique: 9
  MIR: 49
  Relax-and-lift: 44

Explored 949 nodes (39176 simplex iterations) in 1.78 seconds
Thread count was 1 (of 4 available processors)

Solution count 1: 0 

Optimal solution found (tolerance 1.00e-04)
Best objective 0.000000000000e+00, best bound 0.000000000000e+00, gap 0.0000%
Gurobi Optimizer version 9.0.1 build v9.0.1rc0 (linux64)
Optimize a model with 2613 rows, 2485 columns and 10708 nonzeros
Model fingerprint: 0xe11184df
Variable types: 35 continuous, 2450 integer (2450 binary)
Coefficient statistics:
  Matrix range     [1e+00, 5e+02]
  Objective range  [0e+00, 0e+00]
  Bounds range     [1e+00, 1e+00]
  RHS range        [1e+00, 2e+03]
Presolve removed 1622 rows and 1599 columns
Presolve time: 0.52s
Presolved: 991 rows, 886 columns, 3507 nonzeros
Variable types: 35 continuous, 851 integer (851 binary)

Root relaxation: objective 0.000000e+00, 270 iterations, 0.00 seconds

    Nodes    |    Current Node    |     Objective Bounds      |     Work
 Expl Unexpl |  Obj  Depth IntInf | Incumbent    BestBd   Gap | It/Node Time

     0     0    0.00000    0   15          -    0.00000      -     -    0s
     0     0    0.00000    0   56          -    0.00000      -     -    0s
     0     0    0.00000    0   57          -    0.00000      -     -    0s
     0     0    0.00000    0   13          -    0.00000      -     -    0s
     0     0    0.00000    0   13          -    0.00000      -     -    0s
     0     0    0.00000    0   18          -    0.00000      -     -    0s
     0     0    0.00000    0   18          -    0.00000      -     -    0s
     0     0    0.00000    0   22          -    0.00000      -     -    0s
     0     0    0.00000    0   22          -    0.00000      -     -    0s
     0     0    0.00000    0   16          -    0.00000      -     -    0s
     0     0    0.00000    0   16          -    0.00000      -     -    0s
     0     2    0.00000    0   16          -    0.00000      -     -    0s

Cutting planes:
  Gomory: 2
  Cover: 224
  Implied bound: 30
  Clique: 5
  MIR: 43
  Relax-and-lift: 14

Explored 1091 nodes (23794 simplex iterations) in 1.43 seconds
Thread count was 1 (of 4 available processors)

Solution count 0

Model is infeasible
Best objective -, best bound -, gap -
Gurobi Optimizer version 9.0.1 build v9.0.1rc0 (linux64)
Optimize a model with 2613 rows, 2485 columns and 10708 nonzeros
Model fingerprint: 0x9ba75548
Variable types: 35 continuous, 2450 integer (2450 binary)
Coefficient statistics:
  Matrix range     [1e+00, 5e+02]
  Objective range  [0e+00, 0e+00]
  Bounds range     [1e+00, 1e+00]
  RHS range        [1e+00, 2e+03]
Presolve removed 1579 rows and 1556 columns
Presolve time: 0.51s
Presolved: 1034 rows, 929 columns, 3679 nonzeros
Variable types: 35 continuous, 894 integer (894 binary)

Root relaxation: objective 0.000000e+00, 262 iterations, 0.00 seconds

    Nodes    |    Current Node    |     Objective Bounds      |     Work
 Expl Unexpl |  Obj  Depth IntInf | Incumbent    BestBd   Gap | It/Node Time

     0     0    0.00000    0   15          -    0.00000      -     -    0s
     0     0    0.00000    0   53          -    0.00000      -     -    0s
     0     0    0.00000    0   47          -    0.00000      -     -    0s
     0     0    0.00000    0   36          -    0.00000      -     -    0s
     0     0    0.00000    0   31          -    0.00000      -     -    0s
     0     0    0.00000    0   47          -    0.00000      -     -    0s
     0     0    0.00000    0   43          -    0.00000      -     -    0s
     0     0    0.00000    0   20          -    0.00000      -     -    0s
     0     0    0.00000    0   24          -    0.00000      -     -    0s
     0     0    0.00000    0   14          -    0.00000      -     -    0s
     0     0    0.00000    0   20          -    0.00000      -     -    0s
     0     0    0.00000    0   16          -    0.00000      -     -    0s
     0     0    0.00000    0   38          -    0.00000      -     -    0s
     0     0    0.00000    0   24          -    0.00000      -     -    0s
     0     0    0.00000    0   19          -    0.00000      -     -    0s
     0     2    0.00000    0   12          -    0.00000      -     -    0s
*  262     3              22       0.0000000    0.00000  0.00%  23.6    1s

Cutting planes:
  Gomory: 3
  Cover: 11
  MIR: 40
  Relax-and-lift: 25

Explored 263 nodes (13126 simplex iterations) in 1.19 seconds
Thread count was 1 (of 4 available processors)

Solution count 1: 0 

Optimal solution found (tolerance 1.00e-04)
Best objective 0.000000000000e+00, best bound 0.000000000000e+00, gap 0.0000%
Gurobi Optimizer version 9.0.1 build v9.0.1rc0 (linux64)
Optimize a model with 2614 rows, 2485 columns and 10743 nonzeros
Model fingerprint: 0x4bba0a11
Variable types: 35 continuous, 2450 integer (2450 binary)
Coefficient statistics:
  Matrix range     [1e+00, 5e+02]
  Objective range  [0e+00, 0e+00]
  Bounds range     [1e+00, 1e+00]
  RHS range        [1e+00, 2e+03]
Presolve removed 1653 rows and 1629 columns
Presolve time: 0.52s
Presolved: 961 rows, 856 columns, 3387 nonzeros
Variable types: 35 continuous, 821 integer (821 binary)

Root relaxation: objective 0.000000e+00, 265 iterations, 0.00 seconds

    Nodes    |    Current Node    |     Objective Bounds      |     Work
 Expl Unexpl |  Obj  Depth IntInf | Incumbent    BestBd   Gap | It/Node Time

     0     0    0.00000    0   22          -    0.00000      -     -    0s
     0     0    0.00000    0   24          -    0.00000      -     -    0s
     0     0    0.00000    0   24          -    0.00000      -     -    0s
     0     0    0.00000    0   31          -    0.00000      -     -    0s
     0     0    0.00000    0   30          -    0.00000      -     -    0s
     0     0    0.00000    0   14          -    0.00000      -     -    0s
     0     0    0.00000    0   16          -    0.00000      -     -    0s
     0     0    0.00000    0   17          -    0.00000      -     -    0s
     0     0    0.00000    0   22          -    0.00000      -     -    0s
     0     0    0.00000    0   14          -    0.00000      -     -    0s
     0     0    0.00000    0   14          -    0.00000      -     -    0s
     0     2    0.00000    0   12          -    0.00000      -     -    0s
H  735     3                       0.0000000    0.00000  0.00%  43.7    1s

Cutting planes:
  Gomory: 4
  Cover: 148
  Implied bound: 40
  MIR: 59
  Relax-and-lift: 15

Explored 736 nodes (35542 simplex iterations) in 1.56 seconds
Thread count was 1 (of 4 available processors)

Solution count 1: 0 

Optimal solution found (tolerance 1.00e-04)
Best objective 0.000000000000e+00, best bound 0.000000000000e+00, gap 0.0000%
Gurobi Optimizer version 9.0.1 build v9.0.1rc0 (linux64)
Optimize a model with 2615 rows, 2485 columns and 10778 nonzeros
Model fingerprint: 0xa7a7c364
Variable types: 35 continuous, 2450 integer (2450 binary)
Coefficient statistics:
  Matrix range     [1e+00, 5e+02]
  Objective range  [0e+00, 0e+00]
  Bounds range     [1e+00, 1e+00]
  RHS range        [1e+00, 2e+03]
Presolve removed 1667 rows and 1642 columns
Presolve time: 0.52s
Presolved: 948 rows, 843 columns, 3335 nonzeros
Variable types: 35 continuous, 808 integer (808 binary)

Root relaxation: objective 0.000000e+00, 252 iterations, 0.00 seconds

    Nodes    |    Current Node    |     Objective Bounds      |     Work
 Expl Unexpl |  Obj  Depth IntInf | Incumbent    BestBd   Gap | It/Node Time

     0     0    0.00000    0   20          -    0.00000      -     -    0s
     0     0    0.00000    0   42          -    0.00000      -     -    0s
     0     0    0.00000    0   42          -    0.00000      -     -    0s
     0     0    0.00000    0   13          -    0.00000      -     -    0s
     0     0    0.00000    0   15          -    0.00000      -     -    0s
     0     0    0.00000    0   10          -    0.00000      -     -    0s
     0     0    0.00000    0   10          -    0.00000      -     -    0s
     0     0    0.00000    0   12          -    0.00000      -     -    0s
     0     0    0.00000    0   14          -    0.00000      -     -    0s
     0     0    0.00000    0   17          -    0.00000      -     -    0s
     0     0    0.00000    0   15          -    0.00000      -     -    0s
     0     2    0.00000    0    8          -    0.00000      -     -    0s
*  201     4              19       0.0000000    0.00000  0.00%  15.0    0s

Cutting planes:
  Gomory: 4
  Cover: 16
  Clique: 2
  MIR: 34
  Inf proof: 1
  Relax-and-lift: 18

Explored 202 nodes (5628 simplex iterations) in 0.84 seconds
Thread count was 1 (of 4 available processors)

Solution count 1: 0 

Optimal solution found (tolerance 1.00e-04)
Best objective 0.000000000000e+00, best bound 0.000000000000e+00, gap 0.0000%
Gurobi Optimizer version 9.0.1 build v9.0.1rc0 (linux64)
Optimize a model with 2616 rows, 2485 columns and 10813 nonzeros
Model fingerprint: 0x4887df59
Variable types: 35 continuous, 2450 integer (2450 binary)
Coefficient statistics:
  Matrix range     [1e+00, 5e+02]
  Objective range  [0e+00, 0e+00]
  Bounds range     [1e+00, 1e+00]
  RHS range        [1e+00, 2e+03]
Presolve removed 1735 rows and 1709 columns
Presolve time: 0.52s
Presolved: 881 rows, 776 columns, 3067 nonzeros
Variable types: 35 continuous, 741 integer (741 binary)

Root relaxation: objective 0.000000e+00, 244 iterations, 0.00 seconds

    Nodes    |    Current Node    |     Objective Bounds      |     Work
 Expl Unexpl |  Obj  Depth IntInf | Incumbent    BestBd   Gap | It/Node Time

     0     0    0.00000    0   10          -    0.00000      -     -    0s
     0     0    0.00000    0   75          -    0.00000      -     -    0s
     0     0    0.00000    0   54          -    0.00000      -     -    0s
     0     0    0.00000    0   24          -    0.00000      -     -    0s
     0     0    0.00000    0   53          -    0.00000      -     -    0s
     0     0    0.00000    0   13          -    0.00000      -     -    0s
     0     0    0.00000    0   12          -    0.00000      -     -    0s
     0     0    0.00000    0   24          -    0.00000      -     -    0s
     0     0    0.00000    0   24          -    0.00000      -     -    0s
     0     0    0.00000    0   18          -    0.00000      -     -    0s
     0     0    0.00000    0   17          -    0.00000      -     -    0s
     0     2    0.00000    0   17          -    0.00000      -     -    0s

Cutting planes:
  Gomory: 1
  Cover: 68
  Clique: 3
  MIR: 36
  Relax-and-lift: 26

Explored 283 nodes (9799 simplex iterations) in 0.90 seconds
Thread count was 1 (of 4 available processors)

Solution count 0

Model is infeasible
Best objective -, best bound -, gap -
Gurobi Optimizer version 9.0.1 build v9.0.1rc0 (linux64)
Optimize a model with 2616 rows, 2485 columns and 10813 nonzeros
Model fingerprint: 0xc32d85d5
Variable types: 35 continuous, 2450 integer (2450 binary)
Coefficient statistics:
  Matrix range     [1e+00, 5e+02]
  Objective range  [0e+00, 0e+00]
  Bounds range     [1e+00, 1e+00]
  RHS range        [1e+00, 2e+03]
Presolve removed 1685 rows and 1659 columns
Presolve time: 0.50s
Presolved: 931 rows, 826 columns, 3267 nonzeros
Variable types: 35 continuous, 791 integer (791 binary)

Root relaxation: objective 0.000000e+00, 240 iterations, 0.00 seconds

    Nodes    |    Current Node    |     Objective Bounds      |     Work
 Expl Unexpl |  Obj  Depth IntInf | Incumbent    BestBd   Gap | It/Node Time

     0     0    0.00000    0   17          -    0.00000      -     -    0s
     0     0    0.00000    0   31          -    0.00000      -     -    0s
     0     0    0.00000    0   33          -    0.00000      -     -    0s
     0     0    0.00000    0   10          -    0.00000      -     -    0s
     0     0    0.00000    0   26          -    0.00000      -     -    0s
     0     0    0.00000    0   18          -    0.00000      -     -    0s
     0     0    0.00000    0   28          -    0.00000      -     -    0s
     0     0    0.00000    0   19          -    0.00000      -     -    0s
     0     0    0.00000    0   24          -    0.00000      -     -    0s
     0     0    0.00000    0   17          -    0.00000      -     -    0s
     0     0    0.00000    0   15          -    0.00000      -     -    0s
     0     2    0.00000    0   13          -    0.00000      -     -    0s
*  354     0              23       0.0000000    0.00000  0.00%  21.9    0s

Cutting planes:
  Cover: 65
  Implied bound: 1
  Clique: 1
  MIR: 51
  StrongCG: 1
  Relax-and-lift: 11

Explored 355 nodes (10871 simplex iterations) in 0.95 seconds
Thread count was 1 (of 4 available processors)

Solution count 1: 0 

Optimal solution found (tolerance 1.00e-04)
Best objective 0.000000000000e+00, best bound 0.000000000000e+00, gap 0.0000%
Gurobi Optimizer version 9.0.1 build v9.0.1rc0 (linux64)
Optimize a model with 2617 rows, 2485 columns and 10848 nonzeros
Model fingerprint: 0x629239f7
Variable types: 35 continuous, 2450 integer (2450 binary)
Coefficient statistics:
  Matrix range     [1e+00, 5e+02]
  Objective range  [0e+00, 0e+00]
  Bounds range     [1e+00, 1e+00]
  RHS range        [1e+00, 2e+03]
Presolve removed 1765 rows and 1738 columns
Presolve time: 0.51s
Presolved: 852 rows, 747 columns, 2951 nonzeros
Variable types: 35 continuous, 712 integer (712 binary)

Root relaxation: objective 0.000000e+00, 299 iterations, 0.00 seconds

    Nodes    |    Current Node    |     Objective Bounds      |     Work
 Expl Unexpl |  Obj  Depth IntInf | Incumbent    BestBd   Gap | It/Node Time

     0     0    0.00000    0   17          -    0.00000      -     -    0s
     0     0    0.00000    0   27          -    0.00000      -     -    0s
     0     0    0.00000    0   31          -    0.00000      -     -    0s
     0     0    0.00000    0   31          -    0.00000      -     -    0s
     0     0    0.00000    0   26          -    0.00000      -     -    0s
     0     0    0.00000    0   25          -    0.00000      -     -    0s
     0     0    0.00000    0   14          -    0.00000      -     -    0s
     0     0    0.00000    0   16          -    0.00000      -     -    0s
     0     0    0.00000    0   10          -    0.00000      -     -    0s
     0     0    0.00000    0   15          -    0.00000      -     -    0s
     0     0    0.00000    0   17          -    0.00000      -     -    0s
     0     0    0.00000    0   14          -    0.00000      -     -    0s
     0     2    0.00000    0   14          -    0.00000      -     -    0s

Cutting planes:
  Gomory: 1
  Cover: 40
  Implied bound: 25
  Clique: 4
  MIR: 61
  Relax-and-lift: 16

Explored 263 nodes (6183 simplex iterations) in 0.81 seconds
Thread count was 1 (of 4 available processors)

Solution count 0

Model is infeasible
Best objective -, best bound -, gap -
Gurobi Optimizer version 9.0.1 build v9.0.1rc0 (linux64)
Optimize a model with 2617 rows, 2485 columns and 10848 nonzeros
Model fingerprint: 0x46ce6b19
Variable types: 35 continuous, 2450 integer (2450 binary)
Coefficient statistics:
  Matrix range     [1e+00, 5e+02]
  Objective range  [0e+00, 0e+00]
  Bounds range     [1e+00, 1e+00]
  RHS range        [1e+00, 2e+03]
Presolve removed 1740 rows and 1713 columns
Presolve time: 0.51s
Presolved: 877 rows, 772 columns, 3051 nonzeros
Variable types: 35 continuous, 737 integer (737 binary)

Root relaxation: objective 0.000000e+00, 236 iterations, 0.00 seconds

    Nodes    |    Current Node    |     Objective Bounds      |     Work
 Expl Unexpl |  Obj  Depth IntInf | Incumbent    BestBd   Gap | It/Node Time

     0     0    0.00000    0   19          -    0.00000      -     -    0s
     0     0    0.00000    0   49          -    0.00000      -     -    0s
     0     0    0.00000    0   48          -    0.00000      -     -    0s
     0     0    0.00000    0   13          -    0.00000      -     -    0s
     0     0    0.00000    0   36          -    0.00000      -     -    0s
     0     0    0.00000    0   19          -    0.00000      -     -    0s
     0     0    0.00000    0   61          -    0.00000      -     -    0s
     0     0    0.00000    0   20          -    0.00000      -     -    0s
     0     0    0.00000    0   19          -    0.00000      -     -    0s
     0     0    0.00000    0   17          -    0.00000      -     -    0s
     0     0    0.00000    0   10          -    0.00000      -     -    0s
     0     2    0.00000    0   10          -    0.00000      -     -    0s
*  158     5              24       0.0000000    0.00000  0.00%  21.2    0s

Cutting planes:
  Gomory: 1
  Cover: 18
  Implied bound: 1
  MIR: 30
  Relax-and-lift: 22

Explored 159 nodes (7285 simplex iterations) in 0.83 seconds
Thread count was 1 (of 4 available processors)

Solution count 1: 0 

Optimal solution found (tolerance 1.00e-04)
Best objective 0.000000000000e+00, best bound 0.000000000000e+00, gap 0.0000%
Gurobi Optimizer version 9.0.1 build v9.0.1rc0 (linux64)
Optimize a model with 2618 rows, 2485 columns and 10883 nonzeros
Model fingerprint: 0xf0179f48
Variable types: 35 continuous, 2450 integer (2450 binary)
Coefficient statistics:
  Matrix range     [1e+00, 5e+02]
  Objective range  [0e+00, 0e+00]
  Bounds range     [1e+00, 1e+00]
  RHS range        [1e+00, 2e+03]
Presolve removed 1805 rows and 1777 columns
Presolve time: 0.51s
Presolved: 813 rows, 708 columns, 2795 nonzeros
Variable types: 35 continuous, 673 integer (673 binary)

Root relaxation: objective 0.000000e+00, 211 iterations, 0.00 seconds

    Nodes    |    Current Node    |     Objective Bounds      |     Work
 Expl Unexpl |  Obj  Depth IntInf | Incumbent    BestBd   Gap | It/Node Time

     0     0    0.00000    0   19          -    0.00000      -     -    0s
     0     0    0.00000    0   53          -    0.00000      -     -    0s
     0     0    0.00000    0   51          -    0.00000      -     -    0s
     0     0    0.00000    0   24          -    0.00000      -     -    0s
     0     0    0.00000    0   23          -    0.00000      -     -    0s
     0     0    0.00000    0   11          -    0.00000      -     -    0s
     0     0    0.00000    0   11          -    0.00000      -     -    0s
     0     0    0.00000    0    8          -    0.00000      -     -    0s
     0     0    0.00000    0   13          -    0.00000      -     -    0s
     0     0    0.00000    0   16          -    0.00000      -     -    0s
     0     0    0.00000    0   11          -    0.00000      -     -    0s
     0     0    0.00000    0    9          -    0.00000      -     -    0s
     0     2    0.00000    0    9          -    0.00000      -     -    0s
*  354     4              21       0.0000000    0.00000  0.00%  15.6    0s

Cutting planes:
  Gomory: 1
  Cover: 23
  Implied bound: 1
  MIR: 50
  StrongCG: 2
  Relax-and-lift: 21

Explored 355 nodes (8458 simplex iterations) in 0.86 seconds
Thread count was 1 (of 4 available processors)

Solution count 1: 0 

Optimal solution found (tolerance 1.00e-04)
Best objective 0.000000000000e+00, best bound 0.000000000000e+00, gap 0.0000%
Gurobi Optimizer version 9.0.1 build v9.0.1rc0 (linux64)
Optimize a model with 2619 rows, 2485 columns and 10918 nonzeros
Model fingerprint: 0x2b049d9a
Variable types: 35 continuous, 2450 integer (2450 binary)
Coefficient statistics:
  Matrix range     [1e+00, 5e+02]
  Objective range  [0e+00, 0e+00]
  Bounds range     [1e+00, 1e+00]
  RHS range        [1e+00, 2e+03]
Presolve removed 1874 rows and 1839 columns
Presolve time: 0.52s
Presolved: 745 rows, 646 columns, 2524 nonzeros
Variable types: 35 continuous, 611 integer (611 binary)

Root relaxation: objective 0.000000e+00, 210 iterations, 0.00 seconds

    Nodes    |    Current Node    |     Objective Bounds      |     Work
 Expl Unexpl |  Obj  Depth IntInf | Incumbent    BestBd   Gap | It/Node Time

     0     0    0.00000    0   26          -    0.00000      -     -    0s
     0     0    0.00000    0   47          -    0.00000      -     -    0s
     0     0    0.00000    0   47          -    0.00000      -     -    0s
     0     0    0.00000    0   32          -    0.00000      -     -    0s
     0     0    0.00000    0   29          -    0.00000      -     -    0s
     0     0    0.00000    0   23          -    0.00000      -     -    0s
     0     0    0.00000    0   23          -    0.00000      -     -    0s
     0     0    0.00000    0   27          -    0.00000      -     -    0s
     0     0    0.00000    0   27          -    0.00000      -     -    0s
     0     0    0.00000    0   28          -    0.00000      -     -    0s
     0     0    0.00000    0   26          -    0.00000      -     -    0s
     0     0    0.00000    0   19          -    0.00000      -     -    0s
     0     0    0.00000    0   44          -    0.00000      -     -    0s
     0     0    0.00000    0   25          -    0.00000      -     -    0s
     0     0    0.00000    0   21          -    0.00000      -     -    0s
     0     2    0.00000    0   21          -    0.00000      -     -    0s

Cutting planes:
  Gomory: 13
  Cover: 84
  Clique: 1
  MIR: 118
  Relax-and-lift: 36

Explored 435 nodes (12818 simplex iterations) in 1.00 seconds
Thread count was 1 (of 4 available processors)

Solution count 0

Model is infeasible
Best objective -, best bound -, gap -
Gurobi Optimizer version 9.0.1 build v9.0.1rc0 (linux64)
Optimize a model with 2619 rows, 2485 columns and 10918 nonzeros
Model fingerprint: 0x6d8267e3
Variable types: 35 continuous, 2450 integer (2450 binary)
Coefficient statistics:
  Matrix range     [1e+00, 5e+02]
  Objective range  [0e+00, 0e+00]
  Bounds range     [1e+00, 1e+00]
  RHS range        [1e+00, 2e+03]
Presolve removed 1860 rows and 1829 columns
Presolve time: 0.51s
Presolved: 759 rows, 656 columns, 2580 nonzeros
Variable types: 35 continuous, 621 integer (621 binary)

Root relaxation: objective 0.000000e+00, 221 iterations, 0.00 seconds

    Nodes    |    Current Node    |     Objective Bounds      |     Work
 Expl Unexpl |  Obj  Depth IntInf | Incumbent    BestBd   Gap | It/Node Time

     0     0    0.00000    0   15          -    0.00000      -     -    0s
     0     0    0.00000    0   18          -    0.00000      -     -    0s
     0     0    0.00000    0   10          -    0.00000      -     -    0s
     0     0    0.00000    0   10          -    0.00000      -     -    0s
     0     0    0.00000    0   18          -    0.00000      -     -    0s
     0     0    0.00000    0   14          -    0.00000      -     -    0s
     0     0    0.00000    0   14          -    0.00000      -     -    0s
     0     0    0.00000    0   20          -    0.00000      -     -    0s
H    0     0                       0.0000000    0.00000  0.00%     -    0s
     0     0    0.00000    0    8    0.00000    0.00000  0.00%     -    0s

Cutting planes:
  Cover: 1
  Clique: 1
  MIR: 21
  Zero half: 1
  Relax-and-lift: 4

Explored 1 nodes (2411 simplex iterations) in 0.60 seconds
Thread count was 1 (of 4 available processors)

Solution count 1: 0 

Optimal solution found (tolerance 1.00e-04)
Best objective 0.000000000000e+00, best bound 0.000000000000e+00, gap 0.0000%
Gurobi Optimizer version 9.0.1 build v9.0.1rc0 (linux64)
Optimize a model with 2620 rows, 2485 columns and 10953 nonzeros
Model fingerprint: 0xe2157ecb
Variable types: 35 continuous, 2450 integer (2450 binary)
Coefficient statistics:
  Matrix range     [1e+00, 5e+02]
  Objective range  [0e+00, 0e+00]
  Bounds range     [1e+00, 1e+00]
  RHS range        [1e+00, 2e+03]
Presolve removed 1932 rows and 1890 columns
Presolve time: 0.52s
Presolved: 688 rows, 595 columns, 2301 nonzeros
Variable types: 35 continuous, 560 integer (560 binary)

Root relaxation: objective 0.000000e+00, 245 iterations, 0.00 seconds

    Nodes    |    Current Node    |     Objective Bounds      |     Work
 Expl Unexpl |  Obj  Depth IntInf | Incumbent    BestBd   Gap | It/Node Time

     0     0    0.00000    0   27          -    0.00000      -     -    0s
     0     0    0.00000    0   32          -    0.00000      -     -    0s
     0     0    0.00000    0   34          -    0.00000      -     -    0s
     0     0    0.00000    0   30          -    0.00000      -     -    0s
     0     0    0.00000    0   30          -    0.00000      -     -    0s
     0     0    0.00000    0   20          -    0.00000      -     -    0s
     0     0    0.00000    0   53          -    0.00000      -     -    0s
     0     0    0.00000    0   42          -    0.00000      -     -    0s
     0     0    0.00000    0   28          -    0.00000      -     -    0s
     0     2    0.00000    0   24          -    0.00000      -     -    0s

Cutting planes:
  Gomory: 7
  Cover: 108
  Clique: 1
  MIR: 53
  Relax-and-lift: 38

Explored 506 nodes (11066 simplex iterations) in 0.94 seconds
Thread count was 1 (of 4 available processors)

Solution count 0

Model is infeasible
Best objective -, best bound -, gap -
Gurobi Optimizer version 9.0.1 build v9.0.1rc0 (linux64)
Optimize a model with 2620 rows, 2485 columns and 10953 nonzeros
Model fingerprint: 0x5f2ff965
Variable types: 35 continuous, 2450 integer (2450 binary)
Coefficient statistics:
  Matrix range     [1e+00, 5e+02]
  Objective range  [0e+00, 0e+00]
  Bounds range     [1e+00, 1e+00]
  RHS range        [1e+00, 2e+03]
Presolve removed 1908 rows and 1872 columns
Presolve time: 0.52s
Presolved: 712 rows, 613 columns, 2393 nonzeros
Variable types: 35 continuous, 578 integer (578 binary)

Root relaxation: objective 0.000000e+00, 243 iterations, 0.00 seconds

    Nodes    |    Current Node    |     Objective Bounds      |     Work
 Expl Unexpl |  Obj  Depth IntInf | Incumbent    BestBd   Gap | It/Node Time

     0     0    0.00000    0   26          -    0.00000      -     -    0s
     0     0    0.00000    0   27          -    0.00000      -     -    0s
     0     0    0.00000    0   30          -    0.00000      -     -    0s
     0     0    0.00000    0   17          -    0.00000      -     -    0s
     0     0    0.00000    0   16          -    0.00000      -     -    0s
     0     0    0.00000    0   19          -    0.00000      -     -    0s
     0     0    0.00000    0   22          -    0.00000      -     -    0s
     0     0    0.00000    0   15          -    0.00000      -     -    0s
     0     0    0.00000    0   19          -    0.00000      -     -    0s
     0     0    0.00000    0   20          -    0.00000      -     -    0s
     0     0    0.00000    0   14          -    0.00000      -     -    0s
     0     0    0.00000    0   29          -    0.00000      -     -    0s
     0     0    0.00000    0   31          -    0.00000      -     -    0s
     0     0    0.00000    0   17          -    0.00000      -     -    0s
     0     0    0.00000    0   16          -    0.00000      -     -    0s
     0     2    0.00000    0   12          -    0.00000      -     -    0s
*  208     0              24       0.0000000    0.00000  0.00%  15.2    0s

Cutting planes:
  Cover: 21
  Clique: 1
  MIR: 36
  Relax-and-lift: 14

Explored 209 nodes (7355 simplex iterations) in 0.81 seconds
Thread count was 1 (of 4 available processors)

Solution count 1: 0 

Optimal solution found (tolerance 1.00e-04)
Best objective 0.000000000000e+00, best bound 0.000000000000e+00, gap 0.0000%
Gurobi Optimizer version 9.0.1 build v9.0.1rc0 (linux64)
Optimize a model with 2621 rows, 2485 columns and 10988 nonzeros
Model fingerprint: 0x5d8b7d69
Variable types: 35 continuous, 2450 integer (2450 binary)
Coefficient statistics:
  Matrix range     [1e+00, 5e+02]
  Objective range  [0e+00, 0e+00]
  Bounds range     [1e+00, 1e+00]
  RHS range        [1e+00, 2e+03]
Presolve removed 1954 rows and 1906 columns
Presolve time: 0.52s
Presolved: 667 rows, 579 columns, 2213 nonzeros
Variable types: 35 continuous, 544 integer (544 binary)

Root relaxation: objective 0.000000e+00, 192 iterations, 0.00 seconds

    Nodes    |    Current Node    |     Objective Bounds      |     Work
 Expl Unexpl |  Obj  Depth IntInf | Incumbent    BestBd   Gap | It/Node Time

     0     0    0.00000    0   22          -    0.00000      -     -    0s
     0     0    0.00000    0   20          -    0.00000      -     -    0s
     0     0    0.00000    0   20          -    0.00000      -     -    0s
     0     0    0.00000    0   20          -    0.00000      -     -    0s
     0     0    0.00000    0   25          -    0.00000      -     -    0s
     0     0    0.00000    0   32          -    0.00000      -     -    0s
     0     0    0.00000    0   21          -    0.00000      -     -    0s
     0     0    0.00000    0   21          -    0.00000      -     -    0s
     0     0    0.00000    0   12          -    0.00000      -     -    0s
     0     0    0.00000    0   13          -    0.00000      -     -    0s
     0     0    0.00000    0   15          -    0.00000      -     -    0s
     0     0    0.00000    0   15          -    0.00000      -     -    0s
     0     2    0.00000    0    7          -    0.00000      -     -    0s
*  214     0              20       0.0000000    0.00000  0.00%  22.3    0s

Cutting planes:
  Cover: 17
  MIR: 39
  Relax-and-lift: 8

Explored 215 nodes (8050 simplex iterations) in 0.81 seconds
Thread count was 1 (of 4 available processors)

Solution count 1: 0 

Optimal solution found (tolerance 1.00e-04)
Best objective 0.000000000000e+00, best bound 0.000000000000e+00, gap 0.0000%
Gurobi Optimizer version 9.0.1 build v9.0.1rc0 (linux64)
Optimize a model with 2622 rows, 2485 columns and 11023 nonzeros
Model fingerprint: 0x751c850a
Variable types: 35 continuous, 2450 integer (2450 binary)
Coefficient statistics:
  Matrix range     [1e+00, 5e+02]
  Objective range  [0e+00, 0e+00]
  Bounds range     [1e+00, 1e+00]
  RHS range        [1e+00, 2e+03]
Presolve removed 2030 rows and 1974 columns
Presolve time: 0.52s
Presolved: 592 rows, 511 columns, 1937 nonzeros
Variable types: 35 continuous, 476 integer (476 binary)

Root relaxation: objective 0.000000e+00, 243 iterations, 0.00 seconds

    Nodes    |    Current Node    |     Objective Bounds      |     Work
 Expl Unexpl |  Obj  Depth IntInf | Incumbent    BestBd   Gap | It/Node Time

     0     0    0.00000    0   17          -    0.00000      -     -    0s
     0     0    0.00000    0   45          -    0.00000      -     -    0s
     0     0    0.00000    0   40          -    0.00000      -     -    0s
     0     0    0.00000    0   41          -    0.00000      -     -    0s
     0     0    0.00000    0   39          -    0.00000      -     -    0s
     0     0    0.00000    0   26          -    0.00000      -     -    0s
     0     0    0.00000    0   42          -    0.00000      -     -    0s
     0     0    0.00000    0   22          -    0.00000      -     -    0s
     0     0    0.00000    0   22          -    0.00000      -     -    0s
     0     2    0.00000    0   17          -    0.00000      -     -    0s

Cutting planes:
  Gomory: 2
  Cover: 49
  Clique: 2
  MIR: 35
  Relax-and-lift: 33

Explored 233 nodes (6223 simplex iterations) in 0.86 seconds
Thread count was 1 (of 4 available processors)

Solution count 0

Model is infeasible
Best objective -, best bound -, gap -
Gurobi Optimizer version 9.0.1 build v9.0.1rc0 (linux64)
Optimize a model with 2622 rows, 2485 columns and 11023 nonzeros
Model fingerprint: 0x24156e2f
Variable types: 35 continuous, 2450 integer (2450 binary)
Coefficient statistics:
  Matrix range     [1e+00, 5e+02]
  Objective range  [0e+00, 0e+00]
  Bounds range     [1e+00, 1e+00]
  RHS range        [1e+00, 2e+03]
Presolve removed 1998 rows and 1947 columns
Presolve time: 0.51s
Presolved: 624 rows, 538 columns, 2052 nonzeros
Variable types: 35 continuous, 503 integer (503 binary)

Root relaxation: objective 0.000000e+00, 221 iterations, 0.00 seconds

    Nodes    |    Current Node    |     Objective Bounds      |     Work
 Expl Unexpl |  Obj  Depth IntInf | Incumbent    BestBd   Gap | It/Node Time

     0     0    0.00000    0   36          -    0.00000      -     -    0s
     0     0    0.00000    0   54          -    0.00000      -     -    0s
     0     0    0.00000    0   51          -    0.00000      -     -    0s
     0     0    0.00000    0   12          -    0.00000      -     -    0s
H    0     0                       0.0000000    0.00000  0.00%     -    0s
     0     0    0.00000    0   12    0.00000    0.00000  0.00%     -    0s

Cutting planes:
  Gomory: 1
  MIR: 9
  Relax-and-lift: 3

Explored 1 nodes (1478 simplex iterations) in 0.57 seconds
Thread count was 1 (of 4 available processors)

Solution count 1: 0 

Optimal solution found (tolerance 1.00e-04)
Best objective 0.000000000000e+00, best bound 0.000000000000e+00, gap 0.0000%
Gurobi Optimizer version 9.0.1 build v9.0.1rc0 (linux64)
Optimize a model with 2623 rows, 2485 columns and 11058 nonzeros
Model fingerprint: 0xc4bebfdd
Variable types: 35 continuous, 2450 integer (2450 binary)
Coefficient statistics:
  Matrix range     [1e+00, 5e+02]
  Objective range  [0e+00, 0e+00]
  Bounds range     [1e+00, 1e+00]
  RHS range        [1e+00, 2e+03]
Presolve removed 2085 rows and 2017 columns
Presolve time: 0.52s
Presolved: 538 rows, 468 columns, 1758 nonzeros
Variable types: 35 continuous, 433 integer (433 binary)

Root relaxation: objective 0.000000e+00, 197 iterations, 0.00 seconds

    Nodes    |    Current Node    |     Objective Bounds      |     Work
 Expl Unexpl |  Obj  Depth IntInf | Incumbent    BestBd   Gap | It/Node Time

     0     0    0.00000    0   24          -    0.00000      -     -    0s
     0     0    0.00000    0   37          -    0.00000      -     -    0s
     0     0    0.00000    0   37          -    0.00000      -     -    0s
     0     0    0.00000    0   21          -    0.00000      -     -    0s
     0     0    0.00000    0   18          -    0.00000      -     -    0s
     0     0    0.00000    0   36          -    0.00000      -     -    0s
     0     0    0.00000    0   28          -    0.00000      -     -    0s
     0     0    0.00000    0   27          -    0.00000      -     -    0s
     0     0    0.00000    0   47          -    0.00000      -     -    0s
     0     0    0.00000    0   32          -    0.00000      -     -    0s
     0     0    0.00000    0   24          -    0.00000      -     -    0s
     0     2    0.00000    0   19          -    0.00000      -     -    0s

Cutting planes:
  Gomory: 1
  Cover: 205
  Implied bound: 1
  Clique: 7
  MIR: 70
  GUB cover: 1
  Relax-and-lift: 38

Explored 630 nodes (14926 simplex iterations) in 1.03 seconds
Thread count was 1 (of 4 available processors)

Solution count 0

Model is infeasible
Best objective -, best bound -, gap -
Gurobi Optimizer version 9.0.1 build v9.0.1rc0 (linux64)
Optimize a model with 2623 rows, 2485 columns and 11058 nonzeros
Model fingerprint: 0x3dfc01cd
Variable types: 35 continuous, 2450 integer (2450 binary)
Coefficient statistics:
  Matrix range     [1e+00, 5e+02]
  Objective range  [0e+00, 0e+00]
  Bounds range     [1e+00, 1e+00]
  RHS range        [1e+00, 2e+03]
Presolve removed 2032 rows and 1973 columns
Presolve time: 0.51s
Presolved: 591 rows, 512 columns, 1942 nonzeros
Variable types: 35 continuous, 477 integer (477 binary)

Root relaxation: objective 0.000000e+00, 250 iterations, 0.00 seconds

    Nodes    |    Current Node    |     Objective Bounds      |     Work
 Expl Unexpl |  Obj  Depth IntInf | Incumbent    BestBd   Gap | It/Node Time

     0     0    0.00000    0   18          -    0.00000      -     -    0s
     0     0    0.00000    0   37          -    0.00000      -     -    0s
     0     0    0.00000    0   45          -    0.00000      -     -    0s
     0     0    0.00000    0   29          -    0.00000      -     -    0s
     0     0    0.00000    0   28          -    0.00000      -     -    0s
     0     0    0.00000    0   17          -    0.00000      -     -    0s
     0     0    0.00000    0   39          -    0.00000      -     -    0s
     0     0    0.00000    0   19          -    0.00000      -     -    0s
     0     0    0.00000    0   19          -    0.00000      -     -    0s
     0     2    0.00000    0   19          -    0.00000      -     -    0s
*  450     0              28       0.0000000    0.00000  0.00%  20.7    0s

Cutting planes:
  Cover: 51
  Clique: 1
  MIR: 32
  Relax-and-lift: 11

Explored 451 nodes (12670 simplex iterations) in 0.91 seconds
Thread count was 1 (of 4 available processors)

Solution count 1: 0 

Optimal solution found (tolerance 1.00e-04)
Best objective 0.000000000000e+00, best bound 0.000000000000e+00, gap 0.0000%
Gurobi Optimizer version 9.0.1 build v9.0.1rc0 (linux64)
Optimize a model with 2624 rows, 2485 columns and 11093 nonzeros
Model fingerprint: 0x23babd97
Variable types: 35 continuous, 2450 integer (2450 binary)
Coefficient statistics:
  Matrix range     [1e+00, 5e+02]
  Objective range  [0e+00, 0e+00]
  Bounds range     [1e+00, 1e+00]
  RHS range        [1e+00, 2e+03]
Presolve removed 2112 rows and 2042 columns
Presolve time: 0.52s
Presolved: 512 rows, 443 columns, 1667 nonzeros
Variable types: 35 continuous, 408 integer (408 binary)

Root relaxation: objective 0.000000e+00, 209 iterations, 0.00 seconds

    Nodes    |    Current Node    |     Objective Bounds      |     Work
 Expl Unexpl |  Obj  Depth IntInf | Incumbent    BestBd   Gap | It/Node Time

     0     0    0.00000    0   31          -    0.00000      -     -    0s
     0     0    0.00000    0   43          -    0.00000      -     -    0s
     0     0    0.00000    0   23          -    0.00000      -     -    0s
     0     0    0.00000    0   19          -    0.00000      -     -    0s
     0     0    0.00000    0   30          -    0.00000      -     -    0s
     0     0    0.00000    0   30          -    0.00000      -     -    0s
     0     0    0.00000    0   28          -    0.00000      -     -    0s
     0     0    0.00000    0   28          -    0.00000      -     -    0s
     0     2    0.00000    0   15          -    0.00000      -     -    0s

Cutting planes:
  Gomory: 1
  Cover: 264
  Implied bound: 1
  Clique: 4
  MIR: 53
  Relax-and-lift: 25

Explored 1254 nodes (29955 simplex iterations) in 1.45 seconds
Thread count was 1 (of 4 available processors)

Solution count 0

Model is infeasible
Best objective -, best bound -, gap -
Gurobi Optimizer version 9.0.1 build v9.0.1rc0 (linux64)
Optimize a model with 2624 rows, 2485 columns and 11093 nonzeros
Model fingerprint: 0xc460226c
Variable types: 35 continuous, 2450 integer (2450 binary)
Coefficient statistics:
  Matrix range     [1e+00, 5e+02]
  Objective range  [0e+00, 0e+00]
  Bounds range     [1e+00, 1e+00]
  RHS range        [1e+00, 2e+03]
Presolve removed 2015 rows and 1961 columns
Presolve time: 0.50s
Presolved: 609 rows, 524 columns, 2012 nonzeros
Variable types: 35 continuous, 489 integer (489 binary)

Root relaxation: objective 0.000000e+00, 303 iterations, 0.00 seconds

    Nodes    |    Current Node    |     Objective Bounds      |     Work
 Expl Unexpl |  Obj  Depth IntInf | Incumbent    BestBd   Gap | It/Node Time

     0     0    0.00000    0   26          -    0.00000      -     -    0s
     0     0    0.00000    0   22          -    0.00000      -     -    0s
     0     0    0.00000    0   23          -    0.00000      -     -    0s
     0     0    0.00000    0   29          -    0.00000      -     -    0s
     0     0    0.00000    0   29          -    0.00000      -     -    0s
     0     0    0.00000    0   19          -    0.00000      -     -    0s
     0     0    0.00000    0   19          -    0.00000      -     -    0s
     0     0    0.00000    0   21          -    0.00000      -     -    0s
     0     0    0.00000    0   21          -    0.00000      -     -    0s
     0     0    0.00000    0   22          -    0.00000      -     -    0s
     0     0    0.00000    0   28          -    0.00000      -     -    0s
     0     0    0.00000    0   21          -    0.00000      -     -    0s
     0     0    0.00000    0   24          -    0.00000      -     -    0s
     0     0    0.00000    0   30          -    0.00000      -     -    0s
     0     0    0.00000    0   12          -    0.00000      -     -    0s
     0     2    0.00000    0    8          -    0.00000      -     -    0s
*  258     4              19       0.0000000    0.00000  0.00%  14.5    1s

Cutting planes:
  Gomory: 8
  Cover: 14
  MIR: 45
  GUB cover: 1
  Relax-and-lift: 8

Explored 259 nodes (8175 simplex iterations) in 1.06 seconds
Thread count was 1 (of 4 available processors)

Solution count 1: 0 

Optimal solution found (tolerance 1.00e-04)
Best objective 0.000000000000e+00, best bound 0.000000000000e+00, gap 0.0000%
Gurobi Optimizer version 9.0.1 build v9.0.1rc0 (linux64)
Optimize a model with 2625 rows, 2485 columns and 11128 nonzeros
Model fingerprint: 0x8b44b61e
Variable types: 35 continuous, 2450 integer (2450 binary)
Coefficient statistics:
  Matrix range     [1e+00, 5e+02]
  Objective range  [0e+00, 0e+00]
  Bounds range     [1e+00, 1e+00]
  RHS range        [1e+00, 2e+03]
Presolve removed 2092 rows and 2028 columns
Presolve time: 0.50s
Presolved: 533 rows, 457 columns, 1742 nonzeros
Variable types: 35 continuous, 422 integer (422 binary)

Root relaxation: objective 0.000000e+00, 278 iterations, 0.00 seconds

    Nodes    |    Current Node    |     Objective Bounds      |     Work
 Expl Unexpl |  Obj  Depth IntInf | Incumbent    BestBd   Gap | It/Node Time

     0     0    0.00000    0   37          -    0.00000      -     -    0s
     0     0    0.00000    0   18          -    0.00000      -     -    0s
     0     0    0.00000    0   30          -    0.00000      -     -    0s
     0     0    0.00000    0   31          -    0.00000      -     -    0s
     0     0    0.00000    0   31          -    0.00000      -     -    0s
     0     0    0.00000    0   36          -    0.00000      -     -    0s
     0     0    0.00000    0   35          -    0.00000      -     -    0s
     0     2    0.00000    0   25          -    0.00000      -     -    0s

Cutting planes:
  Gomory: 15
  Cover: 133
  MIR: 33
  Relax-and-lift: 11

Explored 680 nodes (11273 simplex iterations) in 1.09 seconds
Thread count was 1 (of 4 available processors)

Solution count 0

Model is infeasible
Best objective -, best bound -, gap -
Gurobi Optimizer version 9.0.1 build v9.0.1rc0 (linux64)
Optimize a model with 2625 rows, 2485 columns and 11128 nonzeros
Model fingerprint: 0x65450136
Variable types: 35 continuous, 2450 integer (2450 binary)
Coefficient statistics:
  Matrix range     [1e+00, 5e+02]
  Objective range  [0e+00, 0e+00]
  Bounds range     [1e+00, 1e+00]
  RHS range        [1e+00, 2e+03]
Presolve removed 2020 rows and 1963 columns
Presolve time: 0.49s
Presolved: 605 rows, 522 columns, 2002 nonzeros
Variable types: 35 continuous, 487 integer (487 binary)

Root relaxation: objective 0.000000e+00, 262 iterations, 0.00 seconds

    Nodes    |    Current Node    |     Objective Bounds      |     Work
 Expl Unexpl |  Obj  Depth IntInf | Incumbent    BestBd   Gap | It/Node Time

     0     0    0.00000    0   34          -    0.00000      -     -    0s
     0     0    0.00000    0   16          -    0.00000      -     -    0s
     0     0    0.00000    0   21          -    0.00000      -     -    0s
     0     0    0.00000    0   35          -    0.00000      -     -    0s
     0     0    0.00000    0   18          -    0.00000      -     -    0s
     0     0    0.00000    0   20          -    0.00000      -     -    0s
     0     0    0.00000    0   13          -    0.00000      -     -    0s
     0     0    0.00000    0   13          -    0.00000      -     -    0s
     0     0    0.00000    0   21          -    0.00000      -     -    0s
     0     0    0.00000    0   22          -    0.00000      -     -    0s
     0     0    0.00000    0   20          -    0.00000      -     -    0s
     0     0    0.00000    0   20          -    0.00000      -     -    0s
     0     0    0.00000    0   22          -    0.00000      -     -    0s
     0     0    0.00000    0   16          -    0.00000      -     -    0s
     0     2    0.00000    0   10          -    0.00000      -     -    0s
*  309     0              17       0.0000000    0.00000  0.00%  11.7    1s

Cutting planes:
  Gomory: 2
  Cover: 14
  MIR: 43
  Relax-and-lift: 12

Explored 310 nodes (7854 simplex iterations) in 1.01 seconds
Thread count was 1 (of 4 available processors)

Solution count 1: 0 

Optimal solution found (tolerance 1.00e-04)
Best objective 0.000000000000e+00, best bound 0.000000000000e+00, gap 0.0000%
Gurobi Optimizer version 9.0.1 build v9.0.1rc0 (linux64)
Optimize a model with 2625 rows, 2485 columns and 11128 nonzeros
Model fingerprint: 0x65450136
Variable types: 35 continuous, 2450 integer (2450 binary)
Coefficient statistics:
  Matrix range     [1e+00, 5e+02]
  Objective range  [0e+00, 0e+00]
  Bounds range     [1e+00, 1e+00]
  RHS range        [1e+00, 2e+03]
Presolve removed 2020 rows and 1963 columns
Presolve time: 0.49s
Presolved: 605 rows, 522 columns, 2002 nonzeros
Variable types: 35 continuous, 487 integer (487 binary)

Root relaxation: objective 0.000000e+00, 262 iterations, 0.00 seconds

    Nodes    |    Current Node    |     Objective Bounds      |     Work
 Expl Unexpl |  Obj  Depth IntInf | Incumbent    BestBd   Gap | It/Node Time

     0     0    0.00000    0   34          -    0.00000      -     -    0s
     0     0    0.00000    0   16          -    0.00000      -     -    0s
     0     0    0.00000    0   21          -    0.00000      -     -    0s
     0     0    0.00000    0   35          -    0.00000      -     -    0s
     0     0    0.00000    0   18          -    0.00000      -     -    0s
     0     0    0.00000    0   20          -    0.00000      -     -    0s
     0     0    0.00000    0   13          -    0.00000      -     -    0s
     0     0    0.00000    0   13          -    0.00000      -     -    0s
     0     0    0.00000    0   21          -    0.00000      -     -    0s
     0     0    0.00000    0   22          -    0.00000      -     -    0s
     0     0    0.00000    0   20          -    0.00000      -     -    0s
     0     0    0.00000    0   20          -    0.00000      -     -    0s
     0     0    0.00000    0   22          -    0.00000      -     -    0s
     0     0    0.00000    0   16          -    0.00000      -     -    0s
     0     2    0.00000    0   10          -    0.00000      -     -    0s
*  309     0              17       0.0000000    0.00000  0.00%  11.7    1s

Cutting planes:
  Gomory: 2
  Cover: 14
  MIR: 43
  Relax-and-lift: 12

Explored 310 nodes (7854 simplex iterations) in 1.01 seconds
Thread count was 1 (of 4 available processors)

Solution count 1: 0 

Optimal solution found (tolerance 1.00e-04)
Best objective 0.000000000000e+00, best bound 0.000000000000e+00, gap 0.0000%
