Using license file /home/benedond/gurobi.lic
Using gurobi.env file
Set parameter Threads to value 1
Academic license - for non-commercial use only
Changed value of parameter TimeLimit to 300.0
   Prev: inf  Min: 0.0  Max: inf  Default: inf
Gurobi Optimizer version 9.0.1 build v9.0.1rc0 (linux64)
Optimize a model with 6627 rows, 6351 columns and 31147 nonzeros
Model fingerprint: 0x7e403393
Variable types: 110 continuous, 6241 integer (6241 binary)
Coefficient statistics:
  Matrix range     [2e-01, 5e+02]
  Objective range  [5e-03, 2e-01]
  Bounds range     [1e+00, 1e+00]
  RHS range        [1e+00, 3e+03]
Presolve removed 134 rows and 113 columns
Presolve time: 0.11s
Presolved: 6493 rows, 6238 columns, 30680 nonzeros
Variable types: 109 continuous, 6129 integer (6129 binary)

Root relaxation: objective 2.020862e+00, 6779 iterations, 0.57 seconds

    Nodes    |    Current Node    |     Objective Bounds      |     Work
 Expl Unexpl |  Obj  Depth IntInf | Incumbent    BestBd   Gap | It/Node Time

     0     0    2.02086    0  413          -    2.02086      -     -    0s
     0     0    2.17376    0  341          -    2.17376      -     -    1s
H    0     0                       4.4696706    2.17376  51.4%     -    1s
H    0     0                       3.9421977    2.17376  44.9%     -    2s
     0     0    2.17890    0  317    3.94220    2.17890  44.7%     -    3s
     0     0    2.24420    0  281    3.94220    2.24420  43.1%     -    3s
H    0     0                       3.8318411    2.24420  41.4%     -    4s
     0     0    2.26160    0  327    3.83184    2.26160  41.0%     -    4s
     0     0    2.26204    0  317    3.83184    2.26204  41.0%     -    4s
     0     0    2.26205    0  315    3.83184    2.26205  41.0%     -    4s
     0     0    2.35150    0  393    3.83184    2.35150  38.6%     -    5s
     0     0    2.37407    0  345    3.83184    2.37407  38.0%     -    5s
     0     0    2.37959    0  332    3.83184    2.37959  37.9%     -    5s
     0     0    2.38028    0  331    3.83184    2.38028  37.9%     -    5s
     0     0    2.38093    0  342    3.83184    2.38093  37.9%     -    5s
     0     0    2.38124    0  337    3.83184    2.38124  37.9%     -    5s
     0     0    2.38183    0  335    3.83184    2.38183  37.8%     -    5s
     0     0    2.38189    0  361    3.83184    2.38189  37.8%     -    5s
     0     0    2.40436    0  312    3.83184    2.40436  37.3%     -    6s
     0     0    2.42817    0  365    3.83184    2.42817  36.6%     -    6s
     0     0    2.43436    0  338    3.83184    2.43436  36.5%     -    6s
     0     0    2.43507    0  334    3.83184    2.43507  36.5%     -    6s
     0     0    2.43543    0  342    3.83184    2.43543  36.4%     -    6s
     0     0    2.43558    0  353    3.83184    2.43558  36.4%     -    6s
     0     0    2.44161    0  328    3.83184    2.44161  36.3%     -    7s
     0     0    2.44337    0  342    3.83184    2.44337  36.2%     -    7s
     0     0    2.44401    0  313    3.83184    2.44401  36.2%     -    7s
     0     0    2.44420    0  344    3.83184    2.44420  36.2%     -    7s
     0     0    2.45327    0  345    3.83184    2.45327  36.0%     -    7s
     0     0    2.45651    0  306    3.83184    2.45651  35.9%     -    7s
     0     0    2.45733    0  306    3.83184    2.45733  35.9%     -    7s
     0     0    2.45758    0  288    3.83184    2.45758  35.9%     -    7s
     0     0    2.46412    0  338    3.83184    2.46412  35.7%     -    8s
     0     0    2.46532    0  335    3.83184    2.46532  35.7%     -    8s
     0     0    2.46631    0  344    3.83184    2.46631  35.6%     -    8s
     0     0    2.46673    0  346    3.83184    2.46673  35.6%     -    8s
     0     0    2.46685    0  352    3.83184    2.46685  35.6%     -    8s
     0     0    2.46968    0  352    3.83184    2.46968  35.5%     -    8s
     0     0    2.47166    0  392    3.83184    2.47166  35.5%     -    8s
     0     0    2.47287    0  372    3.83184    2.47287  35.5%     -    8s
     0     0    2.47313    0  393    3.83184    2.47313  35.5%     -    8s
     0     0    2.47866    0  343    3.83184    2.47866  35.3%     -    9s
     0     0    2.47961    0  368    3.83184    2.47961  35.3%     -    9s
     0     0    2.48002    0  398    3.83184    2.48002  35.3%     -    9s
     0     0    2.48042    0  363    3.83184    2.48042  35.3%     -    9s
     0     0    2.48056    0  381    3.83184    2.48056  35.3%     -    9s
     0     0    2.48712    0  379    3.83184    2.48712  35.1%     -    9s
     0     0    2.48822    0  394    3.83184    2.48822  35.1%     -    9s
     0     0    2.48869    0  387    3.83184    2.48869  35.1%     -    9s
     0     0    2.48900    0  428    3.83184    2.48900  35.0%     -   10s
     0     0    2.49147    0  400    3.83184    2.49147  35.0%     -   10s
     0     0    2.49215    0  435    3.83184    2.49215  35.0%     -   10s
     0     0    2.49242    0  419    3.83184    2.49242  35.0%     -   10s
     0     0    2.49430    0  438    3.83184    2.49430  34.9%     -   10s
     0     0    2.49430    0  433    3.83184    2.49430  34.9%     -   14s
     0     2    2.49430    0  429    3.83184    2.49430  34.9%     -   15s
    18    20    2.51892   15  355    3.83184    2.50157  34.7%   639   20s
H   27    27                       3.5860698    2.50157  30.2%   561   29s
    30    32    2.65502   25  319    3.58607    2.50157  30.2%   585   30s
    49    51    2.63758   41  309    3.58607    2.50157  30.2%   609   35s
    76    78    2.97936   60  226    3.58607    2.50157  30.2%   660   40s
H  128   128                       3.5728372    2.50157  30.0%   532   48s
   144   146    2.85393  112  243    3.57284    2.50157  30.0%   554   50s
H  203   203                       3.5264574    2.50157  29.1%   478   56s
   299   299    3.36522  228  113    3.52646    2.50157  29.1%   405   60s
H  530   443                       3.5026047    2.50224  28.6%   253   66s
   533   445    2.50773    2  331    3.50260    2.50224  28.6%   251   71s
   539   449    3.26009  221  362    3.50260    2.50224  28.6%   248   75s
   547   455    3.46194  284  458    3.50260    2.52268  28.0%   245   80s
   554   459    3.46678  293  446    3.50260    2.53338  27.7%   242   85s
H  555   436                       3.4218411    2.53503  25.9%   241  100s
   563   441    2.85499  112  458    3.42184    2.53936  25.8%   238  105s
   569   445    3.42184  262  495    3.42184    2.54444  25.6%   235  110s
   578   451    2.70189   67  516    3.42184    2.54870  25.5%   232  115s
   588   458    3.36938  226  469    3.42184    2.55191  25.4%   228  120s
   597   464    3.36185  228  476    3.42184    2.55379  25.4%   224  125s
   606   470    2.58845   17  540    3.42184    2.55699  25.3%   221  130s
   615   476    2.77649   89  498    3.42184    2.55945  25.2%   218  135s
   622   481    3.42184  369  470    3.42184    2.56323  25.1%   215  140s
   630   486    3.42184  388  540    3.42184    2.56675  25.0%   213  145s
   638   491    3.27788  215  531    3.42184    2.56909  24.9%   210  150s
   644   495    2.71402   72  499    3.42184    2.57175  24.8%   208  155s
   652   501    3.42184  316  515    3.42184    2.57445  24.8%   205  160s
   659   505    2.85499  112  537    3.42184    2.57597  24.7%   203  165s
   669   513    3.42184  262  433    3.42184    2.57705  24.7%   398  170s
   673   516    2.78571   92  407    3.42184    2.57705  24.7%   396  175s
   679   520    3.42184  327  459    3.42184    2.57705  24.7%   392  180s
   685   524    3.15438  195  473    3.42184    2.57926  24.6%   389  185s
H  689   499                       3.3671279    2.58189  23.3%   386  203s
   692   501    2.58272   43  488    3.36713    2.58272  23.3%   385  205s
   700   507    2.95456  147  468    3.36713    2.58488  23.2%   380  210s
   706   511    2.58845   17  451    3.36713    2.58664  23.2%   377  215s
   713   515    2.85499  112  479    3.36713    2.58825  23.1%   373  220s
   721   521    2.98537  162  463    3.36713    2.59041  23.1%   369  225s
   730   527    3.36713  388  440    3.36713    2.59203  23.0%   365  242s
   732   528    2.88722   84  437    3.36713    2.59208  23.0%   364  251s
   733   531    2.59226   27  405    3.36713    2.59226  23.0%   454  263s
   734   531    2.70931   27  364    3.36713    2.59226  23.0%   456  273s
   735   532    2.59230   28  427    3.36713    2.59230  23.0%   456  278s
   736   533    2.70657   28  364    3.36713    2.59230  23.0%   459  282s
   738   534    2.68009   29  288    3.36713    2.59267  23.0%   462  286s
   741   536    2.59350   31  424    3.36713    2.59350  23.0%   464  290s
   747   540    2.59477   34  433    3.36713    2.59448  22.9%   473  295s
   753   544    2.59675   37  418    3.36713    2.59611  22.9%   479  300s

Cutting planes:
  Gomory: 9
  Cover: 21
  Implied bound: 8
  Projected implied bound: 3
  Clique: 14
  MIR: 274
  StrongCG: 4
  Flow cover: 562
  Mod-K: 1
  RLT: 19
  Relax-and-lift: 307

Explored 754 nodes (395158 simplex iterations) in 300.00 seconds
Thread count was 1 (of 4 available processors)

Solution count 9: 3.36713 3.42184 3.5026 ... 4.46967

Time limit reached
Best objective 3.367127917534e+00, best bound 2.596113186770e+00, gap 22.8983%
