Using license file /home/benedond/gurobi.lic
Using gurobi.env file
Set parameter Threads to value 1
Academic license - for non-commercial use only
Changed value of parameter TimeLimit to 299.99993348121643
   Prev: inf  Min: 0.0  Max: inf  Default: inf
Gurobi Optimizer version 9.0.1 build v9.0.1rc0 (linux64)
Optimize a model with 6271 rows, 6105 columns and 24418 nonzeros
Model fingerprint: 0x61925c14
Variable types: 55 continuous, 6050 integer (6050 binary)
Coefficient statistics:
  Matrix range     [1e+00, 5e+02]
  Objective range  [0e+00, 0e+00]
  Bounds range     [1e+00, 1e+00]
  RHS range        [1e+00, 2e+03]
Presolve removed 187 rows and 186 columns
Presolve time: 0.56s
Presolved: 6084 rows, 5919 columns, 23619 nonzeros
Variable types: 55 continuous, 5864 integer (5864 binary)

Root relaxation: objective 0.000000e+00, 806 iterations, 0.04 seconds

    Nodes    |    Current Node    |     Objective Bounds      |     Work
 Expl Unexpl |  Obj  Depth IntInf | Incumbent    BestBd   Gap | It/Node Time

     0     0    0.00000    0   38          -    0.00000      -     -    0s
     0     0    0.00000    0   29          -    0.00000      -     -    1s
*    0     0               0       0.0000000    0.00000  0.00%     -    7s

Explored 1 nodes (7133 simplex iterations) in 7.80 seconds
Thread count was 1 (of 4 available processors)

Solution count 1: 0 

Optimal solution found (tolerance 1.00e-04)
Best objective 0.000000000000e+00, best bound 0.000000000000e+00, gap 0.0000%
Changed value of parameter TimeLimit to 291.89251160621643
   Prev: inf  Min: 0.0  Max: inf  Default: inf
Gurobi Optimizer version 9.0.1 build v9.0.1rc0 (linux64)
Optimize a model with 6272 rows, 6105 columns and 24473 nonzeros
Model fingerprint: 0xb8689206
Variable types: 55 continuous, 6050 integer (6050 binary)
Coefficient statistics:
  Matrix range     [1e+00, 5e+02]
  Objective range  [0e+00, 0e+00]
  Bounds range     [1e+00, 1e+00]
  RHS range        [1e+00, 2e+03]
Presolve removed 294 rows and 292 columns
Presolve time: 0.62s
Presolved: 5978 rows, 5813 columns, 23195 nonzeros
Variable types: 55 continuous, 5758 integer (5758 binary)

Root relaxation: objective 0.000000e+00, 947 iterations, 0.04 seconds

    Nodes    |    Current Node    |     Objective Bounds      |     Work
 Expl Unexpl |  Obj  Depth IntInf | Incumbent    BestBd   Gap | It/Node Time

*    0     0               0       0.0000000    0.00000  0.00%     -    0s

Explored 0 nodes (2158 simplex iterations) in 0.75 seconds
Thread count was 1 (of 4 available processors)

Solution count 1: 0 

Optimal solution found (tolerance 1.00e-04)
Best objective 0.000000000000e+00, best bound 0.000000000000e+00, gap 0.0000%
Changed value of parameter TimeLimit to 290.8516047000885
   Prev: inf  Min: 0.0  Max: inf  Default: inf
Gurobi Optimizer version 9.0.1 build v9.0.1rc0 (linux64)
Optimize a model with 6273 rows, 6105 columns and 24528 nonzeros
Model fingerprint: 0xbc58f3af
Variable types: 55 continuous, 6050 integer (6050 binary)
Coefficient statistics:
  Matrix range     [1e+00, 5e+02]
  Objective range  [0e+00, 0e+00]
  Bounds range     [1e+00, 1e+00]
  RHS range        [1e+00, 2e+03]
Presolve removed 366 rows and 363 columns
Presolve time: 0.63s
Presolved: 5907 rows, 5742 columns, 22911 nonzeros
Variable types: 55 continuous, 5687 integer (5687 binary)

Root relaxation: objective 0.000000e+00, 824 iterations, 0.04 seconds

    Nodes    |    Current Node    |     Objective Bounds      |     Work
 Expl Unexpl |  Obj  Depth IntInf | Incumbent    BestBd   Gap | It/Node Time

     0     0    0.00000    0   39          -    0.00000      -     -    0s
H    0     0                       0.0000000    0.00000  0.00%     -    1s
     0     0    0.00000    0    9    0.00000    0.00000  0.00%     -    1s

Cutting planes:
  Gomory: 4
  MIR: 27
  Relax-and-lift: 11

Explored 1 nodes (4257 simplex iterations) in 1.02 seconds
Thread count was 1 (of 4 available processors)

Solution count 1: 0 

Optimal solution found (tolerance 1.00e-04)
Best objective 0.000000000000e+00, best bound 0.000000000000e+00, gap 0.0000%
Changed value of parameter TimeLimit to 289.5521414279938
   Prev: inf  Min: 0.0  Max: inf  Default: inf
Gurobi Optimizer version 9.0.1 build v9.0.1rc0 (linux64)
Optimize a model with 6274 rows, 6105 columns and 24583 nonzeros
Model fingerprint: 0x5235a4f6
Variable types: 55 continuous, 6050 integer (6050 binary)
Coefficient statistics:
  Matrix range     [1e+00, 5e+02]
  Objective range  [0e+00, 0e+00]
  Bounds range     [1e+00, 1e+00]
  RHS range        [1e+00, 2e+03]
Presolve removed 472 rows and 468 columns
Presolve time: 0.67s
Presolved: 5802 rows, 5637 columns, 22491 nonzeros
Variable types: 55 continuous, 5582 integer (5582 binary)

Root relaxation: objective 0.000000e+00, 890 iterations, 0.05 seconds

    Nodes    |    Current Node    |     Objective Bounds      |     Work
 Expl Unexpl |  Obj  Depth IntInf | Incumbent    BestBd   Gap | It/Node Time

*    0     0               0       0.0000000    0.00000  0.00%     -    0s

Explored 0 nodes (1261 simplex iterations) in 0.77 seconds
Thread count was 1 (of 4 available processors)

Solution count 1: 0 

Optimal solution found (tolerance 1.00e-04)
Best objective 0.000000000000e+00, best bound 0.000000000000e+00, gap 0.0000%
Changed value of parameter TimeLimit to 288.4899032115936
   Prev: inf  Min: 0.0  Max: inf  Default: inf
Gurobi Optimizer version 9.0.1 build v9.0.1rc0 (linux64)
Optimize a model with 6275 rows, 6105 columns and 24638 nonzeros
Model fingerprint: 0x76821749
Variable types: 55 continuous, 6050 integer (6050 binary)
Coefficient statistics:
  Matrix range     [1e+00, 5e+02]
  Objective range  [0e+00, 0e+00]
  Bounds range     [1e+00, 1e+00]
  RHS range        [1e+00, 2e+03]
Presolve removed 568 rows and 563 columns
Presolve time: 0.69s
Presolved: 5707 rows, 5542 columns, 22111 nonzeros
Variable types: 55 continuous, 5487 integer (5487 binary)

Root relaxation: objective 0.000000e+00, 707 iterations, 0.03 seconds

    Nodes    |    Current Node    |     Objective Bounds      |     Work
 Expl Unexpl |  Obj  Depth IntInf | Incumbent    BestBd   Gap | It/Node Time

H    0     0                       0.0000000    0.00000  0.00%     -    0s
     0     0    0.00000    0   15    0.00000    0.00000  0.00%     -    0s

Explored 0 nodes (1890 simplex iterations) in 0.81 seconds
Thread count was 1 (of 4 available processors)

Solution count 1: 0 

Optimal solution found (tolerance 1.00e-04)
Best objective 0.000000000000e+00, best bound 0.000000000000e+00, gap 0.0000%
Changed value of parameter TimeLimit to 287.39467310905457
   Prev: inf  Min: 0.0  Max: inf  Default: inf
Gurobi Optimizer version 9.0.1 build v9.0.1rc0 (linux64)
Optimize a model with 6276 rows, 6105 columns and 24693 nonzeros
Model fingerprint: 0x663e94d9
Variable types: 55 continuous, 6050 integer (6050 binary)
Coefficient statistics:
  Matrix range     [1e+00, 5e+02]
  Objective range  [0e+00, 0e+00]
  Bounds range     [1e+00, 1e+00]
  RHS range        [1e+00, 2e+03]
Presolve removed 669 rows and 663 columns
Presolve time: 0.72s
Presolved: 5607 rows, 5442 columns, 21711 nonzeros
Variable types: 55 continuous, 5387 integer (5387 binary)

Root relaxation: objective 0.000000e+00, 810 iterations, 0.04 seconds

    Nodes    |    Current Node    |     Objective Bounds      |     Work
 Expl Unexpl |  Obj  Depth IntInf | Incumbent    BestBd   Gap | It/Node Time

     0     0    0.00000    0    9          -    0.00000      -     -    0s
     0     0    0.00000    0    8          -    0.00000      -     -    0s
     0     0    0.00000    0    8          -    0.00000      -     -    0s
     0     0    0.00000    0   40          -    0.00000      -     -    1s
H    0     0                       0.0000000    0.00000  0.00%     -    1s
     0     0    0.00000    0   23    0.00000    0.00000  0.00%     -    1s

Cutting planes:
  Cover: 1
  MIR: 31
  Relax-and-lift: 15

Explored 1 nodes (3619 simplex iterations) in 1.12 seconds
Thread count was 1 (of 4 available processors)

Solution count 1: 0 

Optimal solution found (tolerance 1.00e-04)
Best objective 0.000000000000e+00, best bound 0.000000000000e+00, gap 0.0000%
Changed value of parameter TimeLimit to 285.98594665527344
   Prev: inf  Min: 0.0  Max: inf  Default: inf
Gurobi Optimizer version 9.0.1 build v9.0.1rc0 (linux64)
Optimize a model with 6277 rows, 6105 columns and 24748 nonzeros
Model fingerprint: 0xfa09cd11
Variable types: 55 continuous, 6050 integer (6050 binary)
Coefficient statistics:
  Matrix range     [1e+00, 5e+02]
  Objective range  [0e+00, 0e+00]
  Bounds range     [1e+00, 1e+00]
  RHS range        [1e+00, 2e+03]
Presolve removed 769 rows and 762 columns
Presolve time: 0.74s
Presolved: 5508 rows, 5343 columns, 21315 nonzeros
Variable types: 55 continuous, 5288 integer (5288 binary)

Root relaxation: objective 0.000000e+00, 836 iterations, 0.04 seconds

    Nodes    |    Current Node    |     Objective Bounds      |     Work
 Expl Unexpl |  Obj  Depth IntInf | Incumbent    BestBd   Gap | It/Node Time

H    0     0                       0.0000000    0.00000  0.00%     -    0s
     0     0    0.00000    0   16    0.00000    0.00000  0.00%     -    0s

Explored 0 nodes (1884 simplex iterations) in 0.86 seconds
Thread count was 1 (of 4 available processors)

Solution count 1: 0 

Optimal solution found (tolerance 1.00e-04)
Best objective 0.000000000000e+00, best bound 0.000000000000e+00, gap 0.0000%
Changed value of parameter TimeLimit to 284.83524346351624
   Prev: inf  Min: 0.0  Max: inf  Default: inf
Gurobi Optimizer version 9.0.1 build v9.0.1rc0 (linux64)
Optimize a model with 6278 rows, 6105 columns and 24803 nonzeros
Model fingerprint: 0x07af6fbe
Variable types: 55 continuous, 6050 integer (6050 binary)
Coefficient statistics:
  Matrix range     [1e+00, 5e+02]
  Objective range  [0e+00, 0e+00]
  Bounds range     [1e+00, 1e+00]
  RHS range        [1e+00, 2e+03]
Presolve removed 869 rows and 861 columns
Presolve time: 0.76s
Presolved: 5409 rows, 5244 columns, 20919 nonzeros
Variable types: 55 continuous, 5189 integer (5189 binary)

Root relaxation: objective 0.000000e+00, 800 iterations, 0.04 seconds

    Nodes    |    Current Node    |     Objective Bounds      |     Work
 Expl Unexpl |  Obj  Depth IntInf | Incumbent    BestBd   Gap | It/Node Time

H    0     0                       0.0000000    0.00000  0.00%     -    0s
     0     0    0.00000    0   36    0.00000    0.00000  0.00%     -    0s

Explored 0 nodes (2683 simplex iterations) in 0.90 seconds
Thread count was 1 (of 4 available processors)

Solution count 1: 0 

Optimal solution found (tolerance 1.00e-04)
Best objective 0.000000000000e+00, best bound 0.000000000000e+00, gap 0.0000%
Changed value of parameter TimeLimit to 283.65276980400085
   Prev: inf  Min: 0.0  Max: inf  Default: inf
Gurobi Optimizer version 9.0.1 build v9.0.1rc0 (linux64)
Optimize a model with 6279 rows, 6105 columns and 24858 nonzeros
Model fingerprint: 0xb50dc34b
Variable types: 55 continuous, 6050 integer (6050 binary)
Coefficient statistics:
  Matrix range     [1e+00, 5e+02]
  Objective range  [0e+00, 0e+00]
  Bounds range     [1e+00, 1e+00]
  RHS range        [1e+00, 2e+03]
Presolve removed 964 rows and 955 columns
Presolve time: 0.77s
Presolved: 5315 rows, 5150 columns, 20543 nonzeros
Variable types: 55 continuous, 5095 integer (5095 binary)

Root relaxation: objective 0.000000e+00, 600 iterations, 0.03 seconds

    Nodes    |    Current Node    |     Objective Bounds      |     Work
 Expl Unexpl |  Obj  Depth IntInf | Incumbent    BestBd   Gap | It/Node Time

     0     0    0.00000    0   68          -    0.00000      -     -    1s
     0     0    0.00000    0   43          -    0.00000      -     -    1s
H    0     0                       0.0000000    0.00000  0.00%     -    7s
     0     0    0.00000    0   22    0.00000    0.00000  0.00%     -    7s

Explored 1 nodes (9351 simplex iterations) in 7.41 seconds
Thread count was 1 (of 4 available processors)

Solution count 1: 0 

Optimal solution found (tolerance 1.00e-04)
Best objective 0.000000000000e+00, best bound 0.000000000000e+00, gap 0.0000%
Changed value of parameter TimeLimit to 275.9518144130707
   Prev: inf  Min: 0.0  Max: inf  Default: inf
Gurobi Optimizer version 9.0.1 build v9.0.1rc0 (linux64)
Optimize a model with 6280 rows, 6105 columns and 24913 nonzeros
Model fingerprint: 0x375c0753
Variable types: 55 continuous, 6050 integer (6050 binary)
Coefficient statistics:
  Matrix range     [1e+00, 5e+02]
  Objective range  [0e+00, 0e+00]
  Bounds range     [1e+00, 1e+00]
  RHS range        [1e+00, 2e+03]
Presolve removed 1064 rows and 1054 columns
Presolve time: 0.78s
Presolved: 5216 rows, 5051 columns, 20147 nonzeros
Variable types: 55 continuous, 4996 integer (4996 binary)

Root relaxation: objective 0.000000e+00, 623 iterations, 0.03 seconds

    Nodes    |    Current Node    |     Objective Bounds      |     Work
 Expl Unexpl |  Obj  Depth IntInf | Incumbent    BestBd   Gap | It/Node Time

     0     0    0.00000    0   59          -    0.00000      -     -    1s
H    0     0                       0.0000000    0.00000  0.00%     -    1s
     0     0    0.00000    0   34    0.00000    0.00000  0.00%     -    1s

Cutting planes:
  Gomory: 19
  Clique: 2
  MIR: 33
  Relax-and-lift: 19

Explored 1 nodes (6648 simplex iterations) in 1.46 seconds
Thread count was 1 (of 4 available processors)

Solution count 1: 0 

Optimal solution found (tolerance 1.00e-04)
Best objective 0.000000000000e+00, best bound 0.000000000000e+00, gap 0.0000%
Changed value of parameter TimeLimit to 274.19728994369507
   Prev: inf  Min: 0.0  Max: inf  Default: inf
Gurobi Optimizer version 9.0.1 build v9.0.1rc0 (linux64)
Optimize a model with 6281 rows, 6105 columns and 24968 nonzeros
Model fingerprint: 0x890dab3d
Variable types: 55 continuous, 6050 integer (6050 binary)
Coefficient statistics:
  Matrix range     [1e+00, 5e+02]
  Objective range  [0e+00, 0e+00]
  Bounds range     [1e+00, 1e+00]
  RHS range        [1e+00, 2e+03]
Presolve removed 1146 rows and 1135 columns
Presolve time: 0.79s
Presolved: 5135 rows, 4970 columns, 19823 nonzeros
Variable types: 55 continuous, 4915 integer (4915 binary)

Root relaxation: objective 0.000000e+00, 509 iterations, 0.02 seconds

    Nodes    |    Current Node    |     Objective Bounds      |     Work
 Expl Unexpl |  Obj  Depth IntInf | Incumbent    BestBd   Gap | It/Node Time

H    0     0                       0.0000000    0.00000  0.00%     -    0s
     0     0    0.00000    0    4    0.00000    0.00000  0.00%     -    0s

Explored 0 nodes (769 simplex iterations) in 0.86 seconds
Thread count was 1 (of 4 available processors)

Solution count 1: 0 

Optimal solution found (tolerance 1.00e-04)
Best objective 0.000000000000e+00, best bound 0.000000000000e+00, gap 0.0000%
Changed value of parameter TimeLimit to 273.05399084091187
   Prev: inf  Min: 0.0  Max: inf  Default: inf
Gurobi Optimizer version 9.0.1 build v9.0.1rc0 (linux64)
Optimize a model with 6282 rows, 6105 columns and 25023 nonzeros
Model fingerprint: 0x53f5b47a
Variable types: 55 continuous, 6050 integer (6050 binary)
Coefficient statistics:
  Matrix range     [1e+00, 5e+02]
  Objective range  [0e+00, 0e+00]
  Bounds range     [1e+00, 1e+00]
  RHS range        [1e+00, 2e+03]
Presolve removed 1196 rows and 1184 columns
Presolve time: 0.82s
Presolved: 5086 rows, 4921 columns, 19627 nonzeros
Variable types: 55 continuous, 4866 integer (4866 binary)

Root relaxation: objective 0.000000e+00, 650 iterations, 0.03 seconds

    Nodes    |    Current Node    |     Objective Bounds      |     Work
 Expl Unexpl |  Obj  Depth IntInf | Incumbent    BestBd   Gap | It/Node Time

     0     0    0.00000    0   99          -    0.00000      -     -    1s
     0     0    0.00000    0   56          -    0.00000      -     -    1s
     0     0    0.00000    0   52          -    0.00000      -     -    6s
     0     0    0.00000    0   85          -    0.00000      -     -    7s
     0     0    0.00000    0   85          -    0.00000      -     -    7s
     0     0    0.00000    0   26          -    0.00000      -     -    7s
     0     0    0.00000    0   60          -    0.00000      -     -    7s
     0     0    0.00000    0   58          -    0.00000      -     -    7s
     0     0    0.00000    0   95          -    0.00000      -     -    7s
     0     0    0.00000    0   88          -    0.00000      -     -    7s
     0     0    0.00000    0  107          -    0.00000      -     -    8s
     0     0    0.00000    0   95          -    0.00000      -     -    8s
     0     0    0.00000    0   39          -    0.00000      -     -    8s
     0     0    0.00000    0   30          -    0.00000      -     -    8s
     0     2    0.00000    0   30          -    0.00000      -     -    9s
     5     3    0.00000    3  325          -    0.00000      -   393   10s
*   65     1              46       0.0000000    0.00000  0.00%  64.3   11s

Cutting planes:
  MIR: 2

Explored 66 nodes (29367 simplex iterations) in 11.64 seconds
Thread count was 1 (of 4 available processors)

Solution count 1: 0 

Optimal solution found (tolerance 1.00e-04)
Best objective 0.000000000000e+00, best bound 0.000000000000e+00, gap 0.0000%
Changed value of parameter TimeLimit to 261.1211779117584
   Prev: inf  Min: 0.0  Max: inf  Default: inf
Gurobi Optimizer version 9.0.1 build v9.0.1rc0 (linux64)
Optimize a model with 6283 rows, 6105 columns and 25078 nonzeros
Model fingerprint: 0xba5cc492
Variable types: 55 continuous, 6050 integer (6050 binary)
Coefficient statistics:
  Matrix range     [1e+00, 5e+02]
  Objective range  [0e+00, 0e+00]
  Bounds range     [1e+00, 1e+00]
  RHS range        [1e+00, 2e+03]
Presolve removed 1229 rows and 1216 columns
Presolve time: 0.78s
Presolved: 5054 rows, 4889 columns, 19499 nonzeros
Variable types: 55 continuous, 4834 integer (4834 binary)

Root relaxation: objective 0.000000e+00, 723 iterations, 0.04 seconds

    Nodes    |    Current Node    |     Objective Bounds      |     Work
 Expl Unexpl |  Obj  Depth IntInf | Incumbent    BestBd   Gap | It/Node Time

     0     0    0.00000    0   41          -    0.00000      -     -    1s
     0     0    0.00000    0   48          -    0.00000      -     -    1s
     0     0    0.00000    0   71          -    0.00000      -     -    6s
     0     0    0.00000    0   80          -    0.00000      -     -    7s
     0     0    0.00000    0   80          -    0.00000      -     -    7s
     0     0    0.00000    0    8          -    0.00000      -     -    7s
     0     0    0.00000    0   64          -    0.00000      -     -    7s
     0     0    0.00000    0   62          -    0.00000      -     -    7s
H    0     0                       0.0000000    0.00000  0.00%     -    7s
     0     0    0.00000    0   13    0.00000    0.00000  0.00%     -    7s

Cutting planes:
  MIR: 49
  Relax-and-lift: 25

Explored 1 nodes (14327 simplex iterations) in 7.42 seconds
Thread count was 1 (of 4 available processors)

Solution count 1: 0 

Optimal solution found (tolerance 1.00e-04)
Best objective 0.000000000000e+00, best bound 0.000000000000e+00, gap 0.0000%
Changed value of parameter TimeLimit to 253.41008830070496
   Prev: inf  Min: 0.0  Max: inf  Default: inf
Gurobi Optimizer version 9.0.1 build v9.0.1rc0 (linux64)
Optimize a model with 6284 rows, 6105 columns and 25133 nonzeros
Model fingerprint: 0xfa3376c5
Variable types: 55 continuous, 6050 integer (6050 binary)
Coefficient statistics:
  Matrix range     [1e+00, 5e+02]
  Objective range  [0e+00, 0e+00]
  Bounds range     [1e+00, 1e+00]
  RHS range        [1e+00, 2e+03]
Presolve removed 1278 rows and 1264 columns
Presolve time: 0.79s
Presolved: 5006 rows, 4841 columns, 19307 nonzeros
Variable types: 55 continuous, 4786 integer (4786 binary)

Root relaxation: objective 0.000000e+00, 995 iterations, 0.05 seconds

    Nodes    |    Current Node    |     Objective Bounds      |     Work
 Expl Unexpl |  Obj  Depth IntInf | Incumbent    BestBd   Gap | It/Node Time

     0     0    0.00000    0   74          -    0.00000      -     -    1s
     0     0    0.00000    0  167          -    0.00000      -     -    1s
     0     0    0.00000    0   33          -    0.00000      -     -    7s
     0     0    0.00000    0   65          -    0.00000      -     -    7s
     0     0    0.00000    0   64          -    0.00000      -     -    7s
     0     0    0.00000    0   20          -    0.00000      -     -    7s
     0     0    0.00000    0   18          -    0.00000      -     -    7s
     0     0    0.00000    0   29          -    0.00000      -     -    7s
     0     0    0.00000    0   62          -    0.00000      -     -    7s
     0     0    0.00000    0   54          -    0.00000      -     -    8s
     0     0    0.00000    0   29          -    0.00000      -     -    8s
     0     0    0.00000    0   26          -    0.00000      -     -    8s
H    0     0                       0.0000000    0.00000  0.00%     -    8s
     0     0    0.00000    0    8    0.00000    0.00000  0.00%     -    8s

Cutting planes:
  Cover: 1
  Clique: 2
  MIR: 27
  StrongCG: 1
  Relax-and-lift: 18

Explored 1 nodes (27729 simplex iterations) in 8.46 seconds
Thread count was 1 (of 4 available processors)

Solution count 1: 0 

Optimal solution found (tolerance 1.00e-04)
Best objective 0.000000000000e+00, best bound 0.000000000000e+00, gap 0.0000%
Changed value of parameter TimeLimit to 244.6592149734497
   Prev: inf  Min: 0.0  Max: inf  Default: inf
Gurobi Optimizer version 9.0.1 build v9.0.1rc0 (linux64)
Optimize a model with 6285 rows, 6105 columns and 25188 nonzeros
Model fingerprint: 0xd9959feb
Variable types: 55 continuous, 6050 integer (6050 binary)
Coefficient statistics:
  Matrix range     [1e+00, 5e+02]
  Objective range  [0e+00, 0e+00]
  Bounds range     [1e+00, 1e+00]
  RHS range        [1e+00, 2e+03]
Presolve removed 1329 rows and 1314 columns
Presolve time: 0.78s
Presolved: 4956 rows, 4791 columns, 19107 nonzeros
Variable types: 55 continuous, 4736 integer (4736 binary)

Root relaxation: objective 0.000000e+00, 670 iterations, 0.03 seconds

    Nodes    |    Current Node    |     Objective Bounds      |     Work
 Expl Unexpl |  Obj  Depth IntInf | Incumbent    BestBd   Gap | It/Node Time

     0     0    0.00000    0   58          -    0.00000      -     -    1s
     0     0    0.00000    0   29          -    0.00000      -     -    1s
     0     0    0.00000    0   66          -    0.00000      -     -    6s
     0     0    0.00000    0   57          -    0.00000      -     -    6s
     0     0    0.00000    0   53          -    0.00000      -     -    6s
     0     0    0.00000    0   32          -    0.00000      -     -    7s
     0     0    0.00000    0   32          -    0.00000      -     -    7s
     0     0    0.00000    0   26          -    0.00000      -     -    7s
     0     0    0.00000    0   18          -    0.00000      -     -    7s
H    0     0                       0.0000000    0.00000  0.00%     -    7s
     0     0    0.00000    0   18    0.00000    0.00000  0.00%     -    7s

Cutting planes:
  MIR: 5
  Relax-and-lift: 5

Explored 1 nodes (15965 simplex iterations) in 7.37 seconds
Thread count was 1 (of 4 available processors)

Solution count 1: 0 

Optimal solution found (tolerance 1.00e-04)
Best objective 0.000000000000e+00, best bound 0.000000000000e+00, gap 0.0000%
Changed value of parameter TimeLimit to 236.9879322052002
   Prev: inf  Min: 0.0  Max: inf  Default: inf
Gurobi Optimizer version 9.0.1 build v9.0.1rc0 (linux64)
Optimize a model with 6286 rows, 6105 columns and 25243 nonzeros
Model fingerprint: 0xfd518df3
Variable types: 55 continuous, 6050 integer (6050 binary)
Coefficient statistics:
  Matrix range     [1e+00, 5e+02]
  Objective range  [0e+00, 0e+00]
  Bounds range     [1e+00, 1e+00]
  RHS range        [1e+00, 2e+03]
Presolve removed 1380 rows and 1364 columns
Presolve time: 0.77s
Presolved: 4906 rows, 4741 columns, 18907 nonzeros
Variable types: 55 continuous, 4686 integer (4686 binary)

Root relaxation: objective 0.000000e+00, 833 iterations, 0.03 seconds

    Nodes    |    Current Node    |     Objective Bounds      |     Work
 Expl Unexpl |  Obj  Depth IntInf | Incumbent    BestBd   Gap | It/Node Time

     0     0    0.00000    0   38          -    0.00000      -     -    1s
     0     0    0.00000    0  266          -    0.00000      -     -    1s
     0     0    0.00000    0   31          -    0.00000      -     -    7s
     0     0    0.00000    0   68          -    0.00000      -     -    7s
     0     0    0.00000    0   66          -    0.00000      -     -    7s
H    0     0                       0.0000000    0.00000  0.00%     -    7s
     0     0    0.00000    0  118    0.00000    0.00000  0.00%     -    7s

Cutting planes:
  Gomory: 2
  MIR: 76
  RLT: 6
  Relax-and-lift: 34

Explored 1 nodes (10509 simplex iterations) in 7.53 seconds
Thread count was 1 (of 4 available processors)

Solution count 1: 0 

Optimal solution found (tolerance 1.00e-04)
Best objective 0.000000000000e+00, best bound 0.000000000000e+00, gap 0.0000%
Changed value of parameter TimeLimit to 229.17124319076538
   Prev: inf  Min: 0.0  Max: inf  Default: inf
Gurobi Optimizer version 9.0.1 build v9.0.1rc0 (linux64)
Optimize a model with 6287 rows, 6105 columns and 25298 nonzeros
Model fingerprint: 0xc5d7fcc7
Variable types: 55 continuous, 6050 integer (6050 binary)
Coefficient statistics:
  Matrix range     [1e+00, 5e+02]
  Objective range  [0e+00, 0e+00]
  Bounds range     [1e+00, 1e+00]
  RHS range        [1e+00, 2e+03]
Presolve removed 1440 rows and 1423 columns
Presolve time: 0.80s
Presolved: 4847 rows, 4682 columns, 18671 nonzeros
Variable types: 55 continuous, 4627 integer (4627 binary)

Root relaxation: objective 0.000000e+00, 833 iterations, 0.04 seconds

    Nodes    |    Current Node    |     Objective Bounds      |     Work
 Expl Unexpl |  Obj  Depth IntInf | Incumbent    BestBd   Gap | It/Node Time

     0     0    0.00000    0   61          -    0.00000      -     -    1s
     0     0    0.00000    0   19          -    0.00000      -     -    1s
     0     0    0.00000    0   20          -    0.00000      -     -    6s
     0     0    0.00000    0   61          -    0.00000      -     -    6s
     0     0    0.00000    0   20          -    0.00000      -     -    6s
     0     0    0.00000    0   62          -    0.00000      -     -    6s
     0     0    0.00000    0   16          -    0.00000      -     -    6s
     0     0    0.00000    0   19          -    0.00000      -     -    6s
     0     0    0.00000    0   26          -    0.00000      -     -    6s
     0     0    0.00000    0   28          -    0.00000      -     -    6s
     0     0    0.00000    0   26          -    0.00000      -     -    6s
     0     0    0.00000    0   71          -    0.00000      -     -    6s
     0     0    0.00000    0   52          -    0.00000      -     -    6s
     0     0    0.00000    0   37          -    0.00000      -     -    7s
     0     2    0.00000    0   16          -    0.00000      -     -    7s
   185    85    0.00000   67  254          -    0.00000      -   121   10s
H  515   264                       0.0000000    0.00000  0.00%   143   15s

Cutting planes:
  Gomory: 10
  Projected implied bound: 10
  MIR: 15
  Flow cover: 74
  RLT: 6
  Relax-and-lift: 28

Explored 515 nodes (95246 simplex iterations) in 15.02 seconds
Thread count was 1 (of 4 available processors)

Solution count 1: 0 

Optimal solution found (tolerance 1.00e-04)
Best objective 0.000000000000e+00, best bound 0.000000000000e+00, gap 0.0000%
Changed value of parameter TimeLimit to 213.86964106559753
   Prev: inf  Min: 0.0  Max: inf  Default: inf
Gurobi Optimizer version 9.0.1 build v9.0.1rc0 (linux64)
Optimize a model with 6288 rows, 6105 columns and 25353 nonzeros
Model fingerprint: 0x3f0a3046
Variable types: 55 continuous, 6050 integer (6050 binary)
Coefficient statistics:
  Matrix range     [1e+00, 5e+02]
  Objective range  [0e+00, 0e+00]
  Bounds range     [1e+00, 1e+00]
  RHS range        [1e+00, 2e+03]
Presolve removed 1481 rows and 1463 columns
Presolve time: 0.77s
Presolved: 4807 rows, 4642 columns, 18511 nonzeros
Variable types: 55 continuous, 4587 integer (4587 binary)

Root relaxation: objective 0.000000e+00, 898 iterations, 0.04 seconds

    Nodes    |    Current Node    |     Objective Bounds      |     Work
 Expl Unexpl |  Obj  Depth IntInf | Incumbent    BestBd   Gap | It/Node Time

     0     0    0.00000    0   49          -    0.00000      -     -    0s
     0     0    0.00000    0   57          -    0.00000      -     -    1s
     0     0    0.00000    0   93          -    0.00000      -     -    6s
     0     0    0.00000    0   91          -    0.00000      -     -    6s
     0     0    0.00000    0   86          -    0.00000      -     -    6s
     0     0    0.00000    0   58          -    0.00000      -     -    7s
     0     0    0.00000    0   86          -    0.00000      -     -    7s
     0     0    0.00000    0   73          -    0.00000      -     -    7s
     0     0    0.00000    0   89          -    0.00000      -     -    7s
     0     0    0.00000    0   67          -    0.00000      -     -    7s
     0     0    0.00000    0   92          -    0.00000      -     -    7s
     0     0    0.00000    0   38          -    0.00000      -     -    7s
     0     0    0.00000    0   85          -    0.00000      -     -    7s
     0     0    0.00000    0   45          -    0.00000      -     -    8s
     0     0    0.00000    0   30          -    0.00000      -     -    8s
     0     0    0.00000    0   29          -    0.00000      -     -    8s
     0     0    0.00000    0   98          -    0.00000      -     -    8s
     0     0    0.00000    0   37          -    0.00000      -     -    8s
     0     0    0.00000    0   37          -    0.00000      -     -    8s
     0     0    0.00000    0   35          -    0.00000      -     -    9s
     0     0    0.00000    0   59          -    0.00000      -     -    9s
     0     0    0.00000    0   48          -    0.00000      -     -    9s
     0     0    0.00000    0   37          -    0.00000      -     -    9s
     0     0    0.00000    0   52          -    0.00000      -     -    9s
     0     0    0.00000    0   30          -    0.00000      -     -    9s
     0     0    0.00000    0  113          -    0.00000      -     -   10s
     0     0    0.00000    0  105          -    0.00000      -     -   10s
     0     0    0.00000    0   83          -    0.00000      -     -   10s
     0     0    0.00000    0   37          -    0.00000      -     -   10s
     0     2    0.00000    0   37          -    0.00000      -     -   11s
    13    12    0.00000    8   89          -    0.00000      -   407   15s
   304   116    0.00000   19  107          -    0.00000      -   163   20s
H  688     7                       0.0000000    0.00000  0.00%   149   23s

Cutting planes:
  Cover: 39
  MIR: 24
  RLT: 5
  Relax-and-lift: 19

Explored 689 nodes (157069 simplex iterations) in 23.77 seconds
Thread count was 1 (of 4 available processors)

Solution count 1: 0 

Optimal solution found (tolerance 1.00e-04)
Best objective 0.000000000000e+00, best bound 0.000000000000e+00, gap 0.0000%
Changed value of parameter TimeLimit to 189.80958700180054
   Prev: inf  Min: 0.0  Max: inf  Default: inf
Gurobi Optimizer version 9.0.1 build v9.0.1rc0 (linux64)
Optimize a model with 6289 rows, 6105 columns and 25408 nonzeros
Model fingerprint: 0xa8edb78e
Variable types: 55 continuous, 6050 integer (6050 binary)
Coefficient statistics:
  Matrix range     [1e+00, 5e+02]
  Objective range  [0e+00, 0e+00]
  Bounds range     [1e+00, 1e+00]
  RHS range        [1e+00, 2e+03]
Presolve removed 1522 rows and 1503 columns
Presolve time: 1.00s
Presolved: 4767 rows, 4602 columns, 18351 nonzeros
Variable types: 55 continuous, 4547 integer (4547 binary)

Root relaxation: objective 0.000000e+00, 859 iterations, 0.04 seconds

    Nodes    |    Current Node    |     Objective Bounds      |     Work
 Expl Unexpl |  Obj  Depth IntInf | Incumbent    BestBd   Gap | It/Node Time

     0     0    0.00000    0   56          -    0.00000      -     -    1s
     0     0    0.00000    0   33          -    0.00000      -     -    1s
     0     0    0.00000    0   45          -    0.00000      -     -    6s
     0     0    0.00000    0  101          -    0.00000      -     -    6s
     0     0    0.00000    0   90          -    0.00000      -     -    6s
     0     0    0.00000    0   25          -    0.00000      -     -    6s
     0     0    0.00000    0   26          -    0.00000      -     -    7s
     0     0    0.00000    0   57          -    0.00000      -     -    7s
     0     0    0.00000    0   22          -    0.00000      -     -    7s
     0     0    0.00000    0   30          -    0.00000      -     -    7s
     0     0    0.00000    0   17          -    0.00000      -     -    7s
     0     0    0.00000    0  123          -    0.00000      -     -    7s
     0     0    0.00000    0   27          -    0.00000      -     -    7s
     0     0    0.00000    0   25          -    0.00000      -     -    7s
     0     0    0.00000    0   19          -    0.00000      -     -    7s
     0     0    0.00000    0   10          -    0.00000      -     -    7s
     0     2    0.00000    0   10          -    0.00000      -     -    8s
H   12     3                       0.0000000    0.00000  0.00%   205    8s

Cutting planes:
  Implied bound: 1
  MIR: 10
  Relax-and-lift: 50

Explored 13 nodes (28591 simplex iterations) in 8.94 seconds
Thread count was 1 (of 4 available processors)

Solution count 1: 0 

Optimal solution found (tolerance 1.00e-04)
Best objective 0.000000000000e+00, best bound 0.000000000000e+00, gap 0.0000%
Changed value of parameter TimeLimit to 180.48676347732544
   Prev: inf  Min: 0.0  Max: inf  Default: inf
Gurobi Optimizer version 9.0.1 build v9.0.1rc0 (linux64)
Optimize a model with 6290 rows, 6105 columns and 25463 nonzeros
Model fingerprint: 0x27b7e9bb
Variable types: 55 continuous, 6050 integer (6050 binary)
Coefficient statistics:
  Matrix range     [1e+00, 5e+02]
  Objective range  [0e+00, 0e+00]
  Bounds range     [1e+00, 1e+00]
  RHS range        [1e+00, 2e+03]
Presolve removed 1587 rows and 1567 columns
Presolve time: 0.76s
Presolved: 4703 rows, 4538 columns, 18095 nonzeros
Variable types: 55 continuous, 4483 integer (4483 binary)

Root relaxation: objective 0.000000e+00, 717 iterations, 0.03 seconds

    Nodes    |    Current Node    |     Objective Bounds      |     Work
 Expl Unexpl |  Obj  Depth IntInf | Incumbent    BestBd   Gap | It/Node Time

     0     0    0.00000    0   84          -    0.00000      -     -    1s
     0     0    0.00000    0  161          -    0.00000      -     -    1s
     0     0    0.00000    0   67          -    0.00000      -     -    7s
     0     0    0.00000    0   72          -    0.00000      -     -    7s
     0     0    0.00000    0   72          -    0.00000      -     -    7s
     0     0    0.00000    0   75          -    0.00000      -     -    7s
     0     0    0.00000    0   86          -    0.00000      -     -    8s
     0     0    0.00000    0   30          -    0.00000      -     -    8s
     0     0    0.00000    0   53          -    0.00000      -     -    8s
     0     0    0.00000    0  117          -    0.00000      -     -    8s
     0     0    0.00000    0   99          -    0.00000      -     -    8s
     0     0    0.00000    0   21          -    0.00000      -     -    8s
     0     0    0.00000    0   21          -    0.00000      -     -    8s
     0     0    0.00000    0   20          -    0.00000      -     -    8s
     0     0    0.00000    0   20          -    0.00000      -     -    8s
     0     2    0.00000    0   20          -    0.00000      -     -    9s
     4     4    0.00000    2  191          -    0.00000      -   656   10s
    95    34    0.00000   43   81          -    0.00000      -   264   15s
  1131   203    0.00000   88   60          -    0.00000      -  83.1   20s
H 1975     2                       0.0000000    0.00000  0.00%  66.9   22s

Cutting planes:
  Gomory: 8
  Cover: 98
  MIR: 35
  Relax-and-lift: 42

Explored 1976 nodes (159076 simplex iterations) in 22.93 seconds
Thread count was 1 (of 4 available processors)

Solution count 1: 0 

Optimal solution found (tolerance 1.00e-04)
Best objective 0.000000000000e+00, best bound 0.000000000000e+00, gap 0.0000%
Changed value of parameter TimeLimit to 157.26304030418396
   Prev: inf  Min: 0.0  Max: inf  Default: inf
Gurobi Optimizer version 9.0.1 build v9.0.1rc0 (linux64)
Optimize a model with 6291 rows, 6105 columns and 25518 nonzeros
Model fingerprint: 0x266522f7
Variable types: 55 continuous, 6050 integer (6050 binary)
Coefficient statistics:
  Matrix range     [1e+00, 5e+02]
  Objective range  [0e+00, 0e+00]
  Bounds range     [1e+00, 1e+00]
  RHS range        [1e+00, 2e+03]
Presolve removed 1644 rows and 1623 columns
Presolve time: 0.77s
Presolved: 4647 rows, 4482 columns, 17871 nonzeros
Variable types: 55 continuous, 4427 integer (4427 binary)

Root relaxation: objective 0.000000e+00, 767 iterations, 0.03 seconds

    Nodes    |    Current Node    |     Objective Bounds      |     Work
 Expl Unexpl |  Obj  Depth IntInf | Incumbent    BestBd   Gap | It/Node Time

     0     0    0.00000    0  108          -    0.00000      -     -    1s
     0     0    0.00000    0  148          -    0.00000      -     -    1s
     0     0    0.00000    0   85          -    0.00000      -     -    7s
     0     0    0.00000    0  102          -    0.00000      -     -    7s
     0     0    0.00000    0  101          -    0.00000      -     -    7s
     0     0    0.00000    0   36          -    0.00000      -     -    7s
     0     0    0.00000    0   69          -    0.00000      -     -    7s
     0     0    0.00000    0   97          -    0.00000      -     -    7s
     0     0    0.00000    0   81          -    0.00000      -     -    7s
     0     0    0.00000    0   37          -    0.00000      -     -    7s
     0     0    0.00000    0   30          -    0.00000      -     -    7s
     0     0    0.00000    0   76          -    0.00000      -     -    8s
     0     0    0.00000    0   80          -    0.00000      -     -    8s
     0     0    0.00000    0   39          -    0.00000      -     -    8s
     0     0    0.00000    0   39          -    0.00000      -     -    8s
     0     2    0.00000    0   39          -    0.00000      -     -    9s
    28    22    0.00000   19  100          -    0.00000      -   176   10s
   111    55    0.00000   40   55          -    0.00000      -   379   15s
   812   315    0.00000   73   57          -    0.00000      -   128   20s
H 1025   367                       0.0000000    0.00000  0.00%   115   22s

Cutting planes:
  Gomory: 11
  Cover: 3
  Projected implied bound: 10
  Clique: 1
  MIR: 14
  StrongCG: 1
  Flow cover: 51
  RLT: 5
  Relax-and-lift: 20

Explored 1025 nodes (148667 simplex iterations) in 22.90 seconds
Thread count was 1 (of 4 available processors)

Solution count 1: 0 

Optimal solution found (tolerance 1.00e-04)
Best objective 0.000000000000e+00, best bound 0.000000000000e+00, gap 0.0000%
Changed value of parameter TimeLimit to 134.07091546058655
   Prev: inf  Min: 0.0  Max: inf  Default: inf
Gurobi Optimizer version 9.0.1 build v9.0.1rc0 (linux64)
Optimize a model with 6292 rows, 6105 columns and 25573 nonzeros
Model fingerprint: 0x4c1d4d1c
Variable types: 55 continuous, 6050 integer (6050 binary)
Coefficient statistics:
  Matrix range     [1e+00, 5e+02]
  Objective range  [0e+00, 0e+00]
  Bounds range     [1e+00, 1e+00]
  RHS range        [1e+00, 2e+03]
Presolve removed 1684 rows and 1662 columns
Presolve time: 0.77s
Presolved: 4608 rows, 4443 columns, 17715 nonzeros
Variable types: 55 continuous, 4388 integer (4388 binary)

Root relaxation: objective 0.000000e+00, 837 iterations, 0.04 seconds

    Nodes    |    Current Node    |     Objective Bounds      |     Work
 Expl Unexpl |  Obj  Depth IntInf | Incumbent    BestBd   Gap | It/Node Time

     0     0    0.00000    0   70          -    0.00000      -     -    1s
     0     0    0.00000    0   37          -    0.00000      -     -    1s
     0     0    0.00000    0   46          -    0.00000      -     -    6s
     0     0    0.00000    0  116          -    0.00000      -     -    7s
     0     0    0.00000    0  116          -    0.00000      -     -    7s
     0     0    0.00000    0   63          -    0.00000      -     -    7s
     0     0    0.00000    0   59          -    0.00000      -     -    7s
     0     0    0.00000    0   51          -    0.00000      -     -    7s
     0     0    0.00000    0   51          -    0.00000      -     -    7s
     0     0    0.00000    0  156          -    0.00000      -     -    7s
     0     0    0.00000    0   98          -    0.00000      -     -    7s
     0     0    0.00000    0   32          -    0.00000      -     -    8s
     0     0    0.00000    0   25          -    0.00000      -     -    8s
     0     0    0.00000    0   31          -    0.00000      -     -    8s
     0     0    0.00000    0   23          -    0.00000      -     -    8s
     0     0    0.00000    0   40          -    0.00000      -     -    9s
     0     0    0.00000    0   62          -    0.00000      -     -    9s
     0     0    0.00000    0   62          -    0.00000      -     -    9s
     0     0    0.00000    0   82          -    0.00000      -     -    9s
     0     0    0.00000    0   68          -    0.00000      -     -    9s
     0     0    0.00000    0   30          -    0.00000      -     -    9s
     0     0    0.00000    0   25          -    0.00000      -     -    9s
     0     0    0.00000    0   65          -    0.00000      -     -    9s
     0     0    0.00000    0   60          -    0.00000      -     -    9s
     0     0    0.00000    0   24          -    0.00000      -     -    9s
     0     0    0.00000    0   22          -    0.00000      -     -    9s
     0     0    0.00000    0   43          -    0.00000      -     -   10s
     0     0    0.00000    0   59          -    0.00000      -     -   10s
     0     0    0.00000    0   90          -    0.00000      -     -   10s
     0     0    0.00000    0   90          -    0.00000      -     -   10s
     0     2    0.00000    0   29          -    0.00000      -     -   11s
    66    19    0.00000   26  464          -    0.00000      -   171   15s
   397   124    0.00000   51  124          -    0.00000      -   167   20s
H  591     4                       0.0000000    0.00000  0.00%   166   21s

Cutting planes:
  Cover: 17
  Implied bound: 1
  Clique: 1
  MIR: 40
  Relax-and-lift: 49

Explored 592 nodes (156607 simplex iterations) in 21.79 seconds
Thread count was 1 (of 4 available processors)

Solution count 1: 0 

Optimal solution found (tolerance 1.00e-04)
Best objective 0.000000000000e+00, best bound 0.000000000000e+00, gap 0.0000%
Changed value of parameter TimeLimit to 111.99037885665894
   Prev: inf  Min: 0.0  Max: inf  Default: inf
Gurobi Optimizer version 9.0.1 build v9.0.1rc0 (linux64)
Optimize a model with 6293 rows, 6105 columns and 25628 nonzeros
Model fingerprint: 0x70b26634
Variable types: 55 continuous, 6050 integer (6050 binary)
Coefficient statistics:
  Matrix range     [1e+00, 5e+02]
  Objective range  [0e+00, 0e+00]
  Bounds range     [1e+00, 1e+00]
  RHS range        [1e+00, 2e+03]
Presolve removed 1731 rows and 1708 columns
Presolve time: 0.77s
Presolved: 4562 rows, 4397 columns, 17531 nonzeros
Variable types: 55 continuous, 4342 integer (4342 binary)

Root relaxation: objective 0.000000e+00, 733 iterations, 0.03 seconds

    Nodes    |    Current Node    |     Objective Bounds      |     Work
 Expl Unexpl |  Obj  Depth IntInf | Incumbent    BestBd   Gap | It/Node Time

     0     0    0.00000    0   62          -    0.00000      -     -    1s
     0     0    0.00000    0   40          -    0.00000      -     -    1s
     0     0    0.00000    0   57          -    0.00000      -     -    6s
     0     0    0.00000    0  102          -    0.00000      -     -    6s
     0     0    0.00000    0   99          -    0.00000      -     -    6s
     0     0    0.00000    0  134          -    0.00000      -     -    7s
     0     0    0.00000    0   47          -    0.00000      -     -    7s
     0     0    0.00000    0   26          -    0.00000      -     -    7s
     0     0    0.00000    0   24          -    0.00000      -     -    7s
     0     0    0.00000    0   43          -    0.00000      -     -    7s
     0     0    0.00000    0   42          -    0.00000      -     -    7s
     0     0    0.00000    0   40          -    0.00000      -     -    7s
     0     0    0.00000    0   68          -    0.00000      -     -    7s
     0     0    0.00000    0   38          -    0.00000      -     -    7s
     0     0    0.00000    0   38          -    0.00000      -     -    7s
     0     2    0.00000    0   18          -    0.00000      -     -    8s
    23    20    0.00000   17  474          -    0.00000      -   192   11s
    60    45    0.00000   45  106          -    0.00000      -   347   15s
*  451     2              52       0.0000000    0.00000  0.00%   136   17s

Cutting planes:
  Cover: 7
  MIR: 13
  Relax-and-lift: 16

Explored 452 nodes (84456 simplex iterations) in 17.75 seconds
Thread count was 1 (of 4 available processors)

Solution count 1: 0 

Optimal solution found (tolerance 1.00e-04)
Best objective 0.000000000000e+00, best bound 0.000000000000e+00, gap 0.0000%
Changed value of parameter TimeLimit to 93.94758701324463
   Prev: inf  Min: 0.0  Max: inf  Default: inf
Gurobi Optimizer version 9.0.1 build v9.0.1rc0 (linux64)
Optimize a model with 6294 rows, 6105 columns and 25683 nonzeros
Model fingerprint: 0x76d9d161
Variable types: 55 continuous, 6050 integer (6050 binary)
Coefficient statistics:
  Matrix range     [1e+00, 5e+02]
  Objective range  [0e+00, 0e+00]
  Bounds range     [1e+00, 1e+00]
  RHS range        [1e+00, 2e+03]
Presolve removed 1759 rows and 1735 columns
Presolve time: 0.74s
Presolved: 4535 rows, 4370 columns, 17423 nonzeros
Variable types: 55 continuous, 4315 integer (4315 binary)

Root relaxation: objective 0.000000e+00, 777 iterations, 0.03 seconds

    Nodes    |    Current Node    |     Objective Bounds      |     Work
 Expl Unexpl |  Obj  Depth IntInf | Incumbent    BestBd   Gap | It/Node Time

     0     0    0.00000    0   42          -    0.00000      -     -    1s
     0     0    0.00000    0  195          -    0.00000      -     -    1s
     0     0    0.00000    0   54          -    0.00000      -     -    7s
     0     0    0.00000    0   78          -    0.00000      -     -    7s
     0     0    0.00000    0   77          -    0.00000      -     -    7s
     0     0    0.00000    0   55          -    0.00000      -     -    7s
     0     0    0.00000    0   55          -    0.00000      -     -    7s
     0     0    0.00000    0   30          -    0.00000      -     -    7s
     0     0    0.00000    0   32          -    0.00000      -     -    7s
     0     0    0.00000    0   34          -    0.00000      -     -    7s
     0     0    0.00000    0  125          -    0.00000      -     -    7s
     0     0    0.00000    0   61          -    0.00000      -     -    7s
     0     0    0.00000    0   44          -    0.00000      -     -    8s
     0     2    0.00000    0   44          -    0.00000      -     -    8s
    31    22    0.00000   22  225          -    0.00000      -   186   10s
   122    58    0.00000   41  164          -    0.00000      -   245   15s
   491   193    0.00000   19  249          -    0.00000      -   177   20s
  1021   465    0.00000   60  195          -    0.00000      -   175   25s
  1285   499    0.00000   56   50          -    0.00000      -   175   30s
* 1751   222             104       0.0000000    0.00000  0.00%   134   31s

Cutting planes:
  Projected implied bound: 3
  Flow cover: 31
  Relax-and-lift: 3

Explored 1752 nodes (241231 simplex iterations) in 31.57 seconds
Thread count was 1 (of 4 available processors)

Solution count 1: 0 

Optimal solution found (tolerance 1.00e-04)
Best objective 0.000000000000e+00, best bound 0.000000000000e+00, gap 0.0000%
Changed value of parameter TimeLimit to 62.09305787086487
   Prev: inf  Min: 0.0  Max: inf  Default: inf
Gurobi Optimizer version 9.0.1 build v9.0.1rc0 (linux64)
Optimize a model with 6295 rows, 6105 columns and 25738 nonzeros
Model fingerprint: 0xc024bc26
Variable types: 55 continuous, 6050 integer (6050 binary)
Coefficient statistics:
  Matrix range     [1e+00, 5e+02]
  Objective range  [0e+00, 0e+00]
  Bounds range     [1e+00, 1e+00]
  RHS range        [1e+00, 2e+03]
Presolve removed 1829 rows and 1804 columns
Presolve time: 0.75s
Presolved: 4466 rows, 4301 columns, 17147 nonzeros
Variable types: 55 continuous, 4246 integer (4246 binary)

Root relaxation: objective 0.000000e+00, 806 iterations, 0.04 seconds

    Nodes    |    Current Node    |     Objective Bounds      |     Work
 Expl Unexpl |  Obj  Depth IntInf | Incumbent    BestBd   Gap | It/Node Time

     0     0    0.00000    0   62          -    0.00000      -     -    1s
     0     0    0.00000    0   59          -    0.00000      -     -    1s
     0     0    0.00000    0   36          -    0.00000      -     -    6s
     0     0    0.00000    0  143          -    0.00000      -     -    6s
     0     0    0.00000    0  138          -    0.00000      -     -    6s
     0     0    0.00000    0   83          -    0.00000      -     -    7s
     0     0    0.00000    0  157          -    0.00000      -     -    7s
     0     0    0.00000    0   86          -    0.00000      -     -    7s
     0     0    0.00000    0   68          -    0.00000      -     -    7s
     0     0    0.00000    0   77          -    0.00000      -     -    7s
     0     0    0.00000    0   71          -    0.00000      -     -    7s
     0     0    0.00000    0   82          -    0.00000      -     -    7s
     0     0    0.00000    0   82          -    0.00000      -     -    7s
     0     2    0.00000    0   82          -    0.00000      -     -    8s
    14     5    0.00000    4  143          -    0.00000      -   258   10s
   633   204    0.00000  101   43          -    0.00000      -   115   15s
  1039   417    0.00000   16   40          -    0.00000      -   134   20s
  1740   404    0.00000   65   38          -    0.00000      -  96.9   25s
H 1975    83                       0.0000000    0.00000  0.00%  88.6   25s

Cutting planes:
  Projected implied bound: 5
  MIR: 4
  Flow cover: 23
  Relax-and-lift: 6

Explored 1976 nodes (183081 simplex iterations) in 25.62 seconds
Thread count was 1 (of 4 available processors)

Solution count 1: 0 

Optimal solution found (tolerance 1.00e-04)
Best objective 0.000000000000e+00, best bound 0.000000000000e+00, gap 0.0000%
Changed value of parameter TimeLimit to 36.18609952926636
   Prev: inf  Min: 0.0  Max: inf  Default: inf
Gurobi Optimizer version 9.0.1 build v9.0.1rc0 (linux64)
Optimize a model with 6296 rows, 6105 columns and 25793 nonzeros
Model fingerprint: 0x93559d84
Variable types: 55 continuous, 6050 integer (6050 binary)
Coefficient statistics:
  Matrix range     [1e+00, 5e+02]
  Objective range  [0e+00, 0e+00]
  Bounds range     [1e+00, 1e+00]
  RHS range        [1e+00, 2e+03]
Presolve removed 1884 rows and 1858 columns
Presolve time: 0.76s
Presolved: 4412 rows, 4247 columns, 16931 nonzeros
Variable types: 55 continuous, 4192 integer (4192 binary)

Root relaxation: objective 0.000000e+00, 653 iterations, 0.03 seconds

    Nodes    |    Current Node    |     Objective Bounds      |     Work
 Expl Unexpl |  Obj  Depth IntInf | Incumbent    BestBd   Gap | It/Node Time

     0     0    0.00000    0   96          -    0.00000      -     -    1s
     0     0    0.00000    0   37          -    0.00000      -     -    1s
     0     0    0.00000    0   55          -    0.00000      -     -    7s
     0     0    0.00000    0   74          -    0.00000      -     -    7s
     0     0    0.00000    0   73          -    0.00000      -     -    7s
     0     0    0.00000    0   68          -    0.00000      -     -    7s
     0     0    0.00000    0   61          -    0.00000      -     -    7s
     0     0    0.00000    0   26          -    0.00000      -     -    7s
     0     0    0.00000    0   26          -    0.00000      -     -    7s
     0     0    0.00000    0   34          -    0.00000      -     -    7s
     0     0    0.00000    0   58          -    0.00000      -     -    7s
     0     0    0.00000    0   34          -    0.00000      -     -    7s
     0     0    0.00000    0   38          -    0.00000      -     -    7s
     0     0    0.00000    0   50          -    0.00000      -     -    7s
     0     0    0.00000    0   34          -    0.00000      -     -    8s
     0     2    0.00000    0   34          -    0.00000      -     -    8s
     3     4    0.00000    2   86          -    0.00000      -  1093   10s
   383    41    0.00000   11   79          -    0.00000      -   179   15s
   882   111    0.00000   11   74          -    0.00000      -   141   20s
  1509    68 infeasible   39               -    0.00000      -   132   25s
  2167   174    0.00000   18   37          -    0.00000      -   123   30s
  2937   273 infeasible   71               -    0.00000      -   102   35s

Cutting planes:
  Projected implied bound: 5
  Relax-and-lift: 1

Explored 3047 nodes (310382 simplex iterations) in 36.19 seconds
Thread count was 1 (of 4 available processors)

Solution count 0

Time limit reached
Best objective -, best bound 0.000000000000e+00, gap -
