{
    "assignmentCharacteristics": [
        {
            "command": "./matrix-4K -v0 -c1 -i100",
            "resourceAssignments": [
                {
                    "intercept": 1.7799999713897705,
                    "length": 66,
                    "processors": [
                        {
                            "processingUnits": 1,
                            "processor": "A72"
                        }
                    ],
                    "slope": 1.590000033378601
                },
                {
                    "intercept": 0.3700000047683716,
                    "length": 190,
                    "processors": [
                        {
                            "processingUnits": 1,
                            "processor": "A53"
                        }
                    ],
                    "slope": 0.33000001311302185
                }
            ],
            "task": "0_matrix-4K"
        },
        {
            "command": "./ttsprk-4M -v0 -c1 -i100",
            "resourceAssignments": [
                {
                    "intercept": 1.5800000429153442,
                    "length": 146,
                    "processors": [
                        {
                            "processingUnits": 1,
                            "processor": "A72"
                        }
                    ],
                    "slope": 1.9800000190734863
                },
                {
                    "intercept": 0.3199999928474426,
                    "length": 309,
                    "processors": [
                        {
                            "processingUnits": 1,
                            "processor": "A53"
                        }
                    ],
                    "slope": 0.6700000166893005
                }
            ],
            "task": "1_ttsprk-4M"
        },
        {
            "command": "./puwmod-4K -v0 -c1 -i100",
            "resourceAssignments": [
                {
                    "intercept": 1.2000000476837158,
                    "length": 139,
                    "processors": [
                        {
                            "processingUnits": 1,
                            "processor": "A72"
                        }
                    ],
                    "slope": 1.2599999904632568
                },
                {
                    "intercept": 0.3199999928474426,
                    "length": 265,
                    "processors": [
                        {
                            "processingUnits": 1,
                            "processor": "A53"
                        }
                    ],
                    "slope": 0.2800000011920929
                }
            ],
            "task": "2_puwmod-4K"
        },
        {
            "command": "/root/thermobench/build/benchmarks/mem/membench -t1 -f -s 4000000",
            "resourceAssignments": [
                {
                    "intercept": 3.049999952316284,
                    "length": 158,
                    "processors": [
                        {
                            "processingUnits": 1,
                            "processor": "A72"
                        }
                    ],
                    "slope": 0.3799999952316284
                },
                {
                    "intercept": 1.7699999809265137,
                    "length": 514,
                    "processors": [
                        {
                            "processingUnits": 1,
                            "processor": "A53"
                        }
                    ],
                    "slope": 0.4399999976158142
                }
            ],
            "task": "3_membench-4M-RO-S"
        },
        {
            "command": "/root/thermobench/build/benchmarks/mem/membench -t1 -f -r -s 4000000",
            "resourceAssignments": [
                {
                    "intercept": 2.0399999618530273,
                    "length": 80,
                    "processors": [
                        {
                            "processingUnits": 1,
                            "processor": "A72"
                        }
                    ],
                    "slope": 0.5099999904632568
                },
                {
                    "intercept": 1.5299999713897705,
                    "length": 101,
                    "processors": [
                        {
                            "processingUnits": 1,
                            "processor": "A53"
                        }
                    ],
                    "slope": 0.23000000417232513
                }
            ],
            "task": "4_membench-4M-RO-R"
        },
        {
            "command": "./rspeed-4M -v0 -c1 -i100",
            "resourceAssignments": [
                {
                    "intercept": 3.690000057220459,
                    "length": 86,
                    "processors": [
                        {
                            "processingUnits": 1,
                            "processor": "A72"
                        }
                    ],
                    "slope": 2.359999895095825
                },
                {
                    "intercept": 1.6799999475479126,
                    "length": 255,
                    "processors": [
                        {
                            "processingUnits": 1,
                            "processor": "A53"
                        }
                    ],
                    "slope": 0.46000000834465027
                }
            ],
            "task": "5_rspeed-4M"
        },
        {
            "command": "/root/thermobench/build/benchmarks/mem/membench -t1 -f -s 1000",
            "resourceAssignments": [
                {
                    "intercept": 0.46000000834465027,
                    "length": 63,
                    "processors": [
                        {
                            "processingUnits": 1,
                            "processor": "A72"
                        }
                    ],
                    "slope": 0.44999998807907104
                },
                {
                    "intercept": 0.20999999344348907,
                    "length": 63,
                    "processors": [
                        {
                            "processingUnits": 1,
                            "processor": "A53"
                        }
                    ],
                    "slope": 0.15000000596046448
                }
            ],
            "task": "6_membench-1K-RO-S"
        },
        {
            "command": "/root/thermobench/build/benchmarks/mem/membench -t1 -f -w -s 1000",
            "resourceAssignments": [
                {
                    "intercept": 0.8399999737739563,
                    "length": 129,
                    "processors": [
                        {
                            "processingUnits": 1,
                            "processor": "A72"
                        }
                    ],
                    "slope": 0.75
                },
                {
                    "intercept": 0.23999999463558197,
                    "length": 229,
                    "processors": [
                        {
                            "processingUnits": 1,
                            "processor": "A53"
                        }
                    ],
                    "slope": 0.17000000178813934
                }
            ],
            "task": "7_membench-1K-RW-S"
        },
        {
            "command": "./aifirf-4M -v0 -c1 -i10",
            "resourceAssignments": [
                {
                    "intercept": 2.569999933242798,
                    "length": 144,
                    "processors": [
                        {
                            "processingUnits": 1,
                            "processor": "A72"
                        }
                    ],
                    "slope": 1.7899999618530273
                },
                {
                    "intercept": 1.059999942779541,
                    "length": 402,
                    "processors": [
                        {
                            "processingUnits": 1,
                            "processor": "A53"
                        }
                    ],
                    "slope": 0.36000001430511475
                }
            ],
            "task": "8_aifirf-4M"
        },
        {
            "command": "/root/thermobench/build/benchmarks/mem/membench -t1 -f -r -s 1000000",
            "resourceAssignments": [
                {
                    "intercept": 1.8899999856948853,
                    "length": 117,
                    "processors": [
                        {
                            "processingUnits": 1,
                            "processor": "A72"
                        }
                    ],
                    "slope": 0.6899999976158142
                },
                {
                    "intercept": 0.7200000286102295,
                    "length": 80,
                    "processors": [
                        {
                            "processingUnits": 1,
                            "processor": "A53"
                        }
                    ],
                    "slope": 0.5
                }
            ],
            "task": "9_membench-1M-RO-R"
        },
        {
            "command": "/root/thermobench/build/benchmarks/mem/membench -t1 -f -r -s 4000000",
            "resourceAssignments": [
                {
                    "intercept": 2.0399999618530273,
                    "length": 104,
                    "processors": [
                        {
                            "processingUnits": 1,
                            "processor": "A72"
                        }
                    ],
                    "slope": 0.5099999904632568
                },
                {
                    "intercept": 1.5299999713897705,
                    "length": 132,
                    "processors": [
                        {
                            "processingUnits": 1,
                            "processor": "A53"
                        }
                    ],
                    "slope": 0.23000000417232513
                }
            ],
            "task": "10_membench-4M-RO-R"
        },
        {
            "command": "./bitmnp-4K -v0 -c1 -i100",
            "resourceAssignments": [
                {
                    "intercept": 0.7699999809265137,
                    "length": 138,
                    "processors": [
                        {
                            "processingUnits": 1,
                            "processor": "A72"
                        }
                    ],
                    "slope": 0.7799999713897705
                },
                {
                    "intercept": 0.23000000417232513,
                    "length": 286,
                    "processors": [
                        {
                            "processingUnits": 1,
                            "processor": "A53"
                        }
                    ],
                    "slope": 0.1899999976158142
                }
            ],
            "task": "11_bitmnp-4K"
        },
        {
            "command": "/root/thermobench/build/benchmarks/mem/membench -t1 -f -r -s 4000000",
            "resourceAssignments": [
                {
                    "intercept": 2.0399999618530273,
                    "length": 50,
                    "processors": [
                        {
                            "processingUnits": 1,
                            "processor": "A72"
                        }
                    ],
                    "slope": 0.5099999904632568
                },
                {
                    "intercept": 1.5299999713897705,
                    "length": 63,
                    "processors": [
                        {
                            "processingUnits": 1,
                            "processor": "A53"
                        }
                    ],
                    "slope": 0.23000000417232513
                }
            ],
            "task": "12_membench-4M-RO-R"
        },
        {
            "command": "./bitmnp-4M -v0 -c1 -i100",
            "resourceAssignments": [
                {
                    "intercept": 1.9700000286102295,
                    "length": 116,
                    "processors": [
                        {
                            "processingUnits": 1,
                            "processor": "A72"
                        }
                    ],
                    "slope": 0.8999999761581421
                },
                {
                    "intercept": 1.2200000286102295,
                    "length": 253,
                    "processors": [
                        {
                            "processingUnits": 1,
                            "processor": "A53"
                        }
                    ],
                    "slope": 0.28999999165534973
                }
            ],
            "task": "13_bitmnp-4M"
        },
        {
            "command": "./idctrn-4K -v0 -c1 -i100",
            "resourceAssignments": [
                {
                    "intercept": 1.5099999904632568,
                    "length": 160,
                    "processors": [
                        {
                            "processingUnits": 1,
                            "processor": "A72"
                        }
                    ],
                    "slope": 1.5800000429153442
                },
                {
                    "intercept": 0.3199999928474426,
                    "length": 463,
                    "processors": [
                        {
                            "processingUnits": 1,
                            "processor": "A53"
                        }
                    ],
                    "slope": 0.25
                }
            ],
            "task": "14_idctrn-4K"
        },
        {
            "command": "./rspeed-4K -v0 -c1 -i100",
            "resourceAssignments": [
                {
                    "intercept": 1.5800000429153442,
                    "length": 111,
                    "processors": [
                        {
                            "processingUnits": 1,
                            "processor": "A72"
                        }
                    ],
                    "slope": 1.600000023841858
                },
                {
                    "intercept": 0.36000001430511475,
                    "length": 280,
                    "processors": [
                        {
                            "processingUnits": 1,
                            "processor": "A53"
                        }
                    ],
                    "slope": 0.3400000035762787
                }
            ],
            "task": "15_rspeed-4K"
        },
        {
            "command": "/root/thermobench/build/benchmarks/mem/membench -t1 -f -w -s 4000000",
            "resourceAssignments": [
                {
                    "intercept": 3.2100000381469727,
                    "length": 140,
                    "processors": [
                        {
                            "processingUnits": 1,
                            "processor": "A72"
                        }
                    ],
                    "slope": 0.3799999952316284
                },
                {
                    "intercept": 1.9700000286102295,
                    "length": 332,
                    "processors": [
                        {
                            "processingUnits": 1,
                            "processor": "A53"
                        }
                    ],
                    "slope": 0.47999998927116394
                }
            ],
            "task": "16_membench-4M-RW-S"
        },
        {
            "command": "./a2time-4M -v0 -c1 -i100",
            "resourceAssignments": [
                {
                    "intercept": 2.5199999809265137,
                    "length": 134,
                    "processors": [
                        {
                            "processingUnits": 1,
                            "processor": "A72"
                        }
                    ],
                    "slope": 1.1799999475479126
                },
                {
                    "intercept": 1.3899999856948853,
                    "length": 227,
                    "processors": [
                        {
                            "processingUnits": 1,
                            "processor": "A53"
                        }
                    ],
                    "slope": 0.3499999940395355
                }
            ],
            "task": "17_a2time-4M"
        },
        {
            "command": "./bitmnp-4M -v0 -c1 -i100",
            "resourceAssignments": [
                {
                    "intercept": 1.9700000286102295,
                    "length": 122,
                    "processors": [
                        {
                            "processingUnits": 1,
                            "processor": "A72"
                        }
                    ],
                    "slope": 0.8999999761581421
                },
                {
                    "intercept": 1.2200000286102295,
                    "length": 266,
                    "processors": [
                        {
                            "processingUnits": 1,
                            "processor": "A53"
                        }
                    ],
                    "slope": 0.28999999165534973
                }
            ],
            "task": "18_bitmnp-4M"
        },
        {
            "command": "./tblook-4M -v0 -c1 -i100",
            "resourceAssignments": [
                {
                    "intercept": 2.7300000190734863,
                    "length": 140,
                    "processors": [
                        {
                            "processingUnits": 1,
                            "processor": "A72"
                        }
                    ],
                    "slope": 1.7599999904632568
                },
                {
                    "intercept": 1.3300000429153442,
                    "length": 446,
                    "processors": [
                        {
                            "processingUnits": 1,
                            "processor": "A53"
                        }
                    ],
                    "slope": 0.25
                }
            ],
            "task": "19_tblook-4M"
        },
        {
            "command": "/root/thermobench/build/benchmarks/mem/membench -t1 -f -s 1000",
            "resourceAssignments": [
                {
                    "intercept": 0.46000000834465027,
                    "length": 147,
                    "processors": [
                        {
                            "processingUnits": 1,
                            "processor": "A72"
                        }
                    ],
                    "slope": 0.44999998807907104
                },
                {
                    "intercept": 0.20999999344348907,
                    "length": 146,
                    "processors": [
                        {
                            "processingUnits": 1,
                            "processor": "A53"
                        }
                    ],
                    "slope": 0.15000000596046448
                }
            ],
            "task": "20_membench-1K-RO-S"
        },
        {
            "command": "/root/thermobench/build/benchmarks/mem/membench -t1 -f -s 4000000",
            "resourceAssignments": [
                {
                    "intercept": 3.049999952316284,
                    "length": 132,
                    "processors": [
                        {
                            "processingUnits": 1,
                            "processor": "A72"
                        }
                    ],
                    "slope": 0.3799999952316284
                },
                {
                    "intercept": 1.7699999809265137,
                    "length": 429,
                    "processors": [
                        {
                            "processingUnits": 1,
                            "processor": "A53"
                        }
                    ],
                    "slope": 0.4399999976158142
                }
            ],
            "task": "21_membench-4M-RO-S"
        },
        {
            "command": "./matrix-4M -v0 -c1 -i100",
            "resourceAssignments": [
                {
                    "intercept": 2.6500000953674316,
                    "length": 107,
                    "processors": [
                        {
                            "processingUnits": 1,
                            "processor": "A72"
                        }
                    ],
                    "slope": 2.009999990463257
                },
                {
                    "intercept": 0.8799999952316284,
                    "length": 301,
                    "processors": [
                        {
                            "processingUnits": 1,
                            "processor": "A53"
                        }
                    ],
                    "slope": 0.5
                }
            ],
            "task": "22_matrix-4M"
        },
        {
            "command": "./tblook-4M -v0 -c1 -i100",
            "resourceAssignments": [
                {
                    "intercept": 2.7300000190734863,
                    "length": 160,
                    "processors": [
                        {
                            "processingUnits": 1,
                            "processor": "A72"
                        }
                    ],
                    "slope": 1.7599999904632568
                },
                {
                    "intercept": 1.3300000429153442,
                    "length": 509,
                    "processors": [
                        {
                            "processingUnits": 1,
                            "processor": "A53"
                        }
                    ],
                    "slope": 0.25
                }
            ],
            "task": "23_tblook-4M"
        },
        {
            "command": "./tblook-4M -v0 -c1 -i100",
            "resourceAssignments": [
                {
                    "intercept": 2.7300000190734863,
                    "length": 130,
                    "processors": [
                        {
                            "processingUnits": 1,
                            "processor": "A72"
                        }
                    ],
                    "slope": 1.7599999904632568
                },
                {
                    "intercept": 1.3300000429153442,
                    "length": 414,
                    "processors": [
                        {
                            "processingUnits": 1,
                            "processor": "A53"
                        }
                    ],
                    "slope": 0.25
                }
            ],
            "task": "24_tblook-4M"
        },
        {
            "command": "./canrdr-4K -v0 -c1 -i100",
            "resourceAssignments": [
                {
                    "intercept": 1.149999976158142,
                    "length": 142,
                    "processors": [
                        {
                            "processingUnits": 1,
                            "processor": "A72"
                        }
                    ],
                    "slope": 1.2000000476837158
                },
                {
                    "intercept": 0.33000001311302185,
                    "length": 267,
                    "processors": [
                        {
                            "processingUnits": 1,
                            "processor": "A53"
                        }
                    ],
                    "slope": 0.3400000035762787
                }
            ],
            "task": "25_canrdr-4K"
        },
        {
            "command": "./a2time-4K -v0 -c1 -i100",
            "resourceAssignments": [
                {
                    "intercept": 1.0199999809265137,
                    "length": 109,
                    "processors": [
                        {
                            "processingUnits": 1,
                            "processor": "A72"
                        }
                    ],
                    "slope": 1.0700000524520874
                },
                {
                    "intercept": 0.20999999344348907,
                    "length": 187,
                    "processors": [
                        {
                            "processingUnits": 1,
                            "processor": "A53"
                        }
                    ],
                    "slope": 0.25
                }
            ],
            "task": "26_a2time-4K"
        },
        {
            "command": "./aifirf-4K -v0 -c1 -i100",
            "resourceAssignments": [
                {
                    "intercept": 1.399999976158142,
                    "length": 43,
                    "processors": [
                        {
                            "processingUnits": 1,
                            "processor": "A72"
                        }
                    ],
                    "slope": 1.5099999904632568
                },
                {
                    "intercept": 0.23000000417232513,
                    "length": 119,
                    "processors": [
                        {
                            "processingUnits": 1,
                            "processor": "A53"
                        }
                    ],
                    "slope": 0.23999999463558197
                }
            ],
            "task": "27_aifirf-4K"
        },
        {
            "command": "/root/thermobench/build/benchmarks/tinyrenderer/tinyrenderer -f /root/thermobench/benchmarks/tinyrenderer/obj/diablo3_pose/*.obj",
            "resourceAssignments": [
                {
                    "intercept": 2.2300000190734863,
                    "length": 104,
                    "processors": [
                        {
                            "processingUnits": 1,
                            "processor": "A72"
                        }
                    ],
                    "slope": 1.1399999856948853
                },
                {
                    "intercept": 1.2799999713897705,
                    "length": 212,
                    "processors": [
                        {
                            "processingUnits": 1,
                            "processor": "A53"
                        }
                    ],
                    "slope": 0.27000001072883606
                }
            ],
            "task": "28_tinyrenderer-diablo"
        },
        {
            "command": "./aifirf-4M -v0 -c1 -i10",
            "resourceAssignments": [
                {
                    "intercept": 2.569999933242798,
                    "length": 109,
                    "processors": [
                        {
                            "processingUnits": 1,
                            "processor": "A72"
                        }
                    ],
                    "slope": 1.7899999618530273
                },
                {
                    "intercept": 1.059999942779541,
                    "length": 305,
                    "processors": [
                        {
                            "processingUnits": 1,
                            "processor": "A53"
                        }
                    ],
                    "slope": 0.36000001430511475
                }
            ],
            "task": "29_aifirf-4M"
        },
        {
            "command": "/root/thermobench/build/benchmarks/tinyrenderer/tinyrenderer -f /root/thermobench/benchmarks/tinyrenderer/obj/boggie/*.obj",
            "resourceAssignments": [
                {
                    "intercept": 2.2799999713897705,
                    "length": 148,
                    "processors": [
                        {
                            "processingUnits": 1,
                            "processor": "A72"
                        }
                    ],
                    "slope": 1.1200000047683716
                },
                {
                    "intercept": 1.2799999713897705,
                    "length": 292,
                    "processors": [
                        {
                            "processingUnits": 1,
                            "processor": "A53"
                        }
                    ],
                    "slope": 0.2800000011920929
                }
            ],
            "task": "30_tinyrenderer-boggie"
        },
        {
            "command": "/root/thermobench/build/benchmarks/mem/membench -t1 -f -w -s 4000000",
            "resourceAssignments": [
                {
                    "intercept": 3.2100000381469727,
                    "length": 145,
                    "processors": [
                        {
                            "processingUnits": 1,
                            "processor": "A72"
                        }
                    ],
                    "slope": 0.3799999952316284
                },
                {
                    "intercept": 1.9700000286102295,
                    "length": 344,
                    "processors": [
                        {
                            "processingUnits": 1,
                            "processor": "A53"
                        }
                    ],
                    "slope": 0.47999998927116394
                }
            ],
            "task": "31_membench-4M-RW-S"
        },
        {
            "command": "/root/thermobench/build/benchmarks/mem/membench -t1 -f -s 1000",
            "resourceAssignments": [
                {
                    "intercept": 0.46000000834465027,
                    "length": 59,
                    "processors": [
                        {
                            "processingUnits": 1,
                            "processor": "A72"
                        }
                    ],
                    "slope": 0.44999998807907104
                },
                {
                    "intercept": 0.20999999344348907,
                    "length": 59,
                    "processors": [
                        {
                            "processingUnits": 1,
                            "processor": "A53"
                        }
                    ],
                    "slope": 0.15000000596046448
                }
            ],
            "task": "32_membench-1K-RO-S"
        },
        {
            "command": "./idctrn-4K -v0 -c1 -i100",
            "resourceAssignments": [
                {
                    "intercept": 1.5099999904632568,
                    "length": 90,
                    "processors": [
                        {
                            "processingUnits": 1,
                            "processor": "A72"
                        }
                    ],
                    "slope": 1.5800000429153442
                },
                {
                    "intercept": 0.3199999928474426,
                    "length": 261,
                    "processors": [
                        {
                            "processingUnits": 1,
                            "processor": "A53"
                        }
                    ],
                    "slope": 0.25
                }
            ],
            "task": "33_idctrn-4K"
        },
        {
            "command": "./tblook-4K -v0 -c1 -i100",
            "resourceAssignments": [
                {
                    "intercept": 1.5099999904632568,
                    "length": 160,
                    "processors": [
                        {
                            "processingUnits": 1,
                            "processor": "A72"
                        }
                    ],
                    "slope": 1.649999976158142
                },
                {
                    "intercept": 0.27000001072883606,
                    "length": 498,
                    "processors": [
                        {
                            "processingUnits": 1,
                            "processor": "A53"
                        }
                    ],
                    "slope": 0.2199999988079071
                }
            ],
            "task": "34_tblook-4K"
        },
        {
            "command": "./aifirf-4M -v0 -c1 -i10",
            "resourceAssignments": [
                {
                    "intercept": 2.569999933242798,
                    "length": 104,
                    "processors": [
                        {
                            "processingUnits": 1,
                            "processor": "A72"
                        }
                    ],
                    "slope": 1.7899999618530273
                },
                {
                    "intercept": 1.059999942779541,
                    "length": 291,
                    "processors": [
                        {
                            "processingUnits": 1,
                            "processor": "A53"
                        }
                    ],
                    "slope": 0.36000001430511475
                }
            ],
            "task": "35_aifirf-4M"
        },
        {
            "command": "./tblook-4K -v0 -c1 -i100",
            "resourceAssignments": [
                {
                    "intercept": 1.5099999904632568,
                    "length": 102,
                    "processors": [
                        {
                            "processingUnits": 1,
                            "processor": "A72"
                        }
                    ],
                    "slope": 1.649999976158142
                },
                {
                    "intercept": 0.27000001072883606,
                    "length": 318,
                    "processors": [
                        {
                            "processingUnits": 1,
                            "processor": "A53"
                        }
                    ],
                    "slope": 0.2199999988079071
                }
            ],
            "task": "36_tblook-4K"
        },
        {
            "command": "./iirflt-4K -v0 -c1 -i100",
            "resourceAssignments": [
                {
                    "intercept": 1.350000023841858,
                    "length": 67,
                    "processors": [
                        {
                            "processingUnits": 1,
                            "processor": "A72"
                        }
                    ],
                    "slope": 1.4600000381469727
                },
                {
                    "intercept": 0.30000001192092896,
                    "length": 194,
                    "processors": [
                        {
                            "processingUnits": 1,
                            "processor": "A53"
                        }
                    ],
                    "slope": 0.2199999988079071
                }
            ],
            "task": "37_iirflt-4K"
        },
        {
            "command": "./iirflt-4K -v0 -c1 -i100",
            "resourceAssignments": [
                {
                    "intercept": 1.350000023841858,
                    "length": 151,
                    "processors": [
                        {
                            "processingUnits": 1,
                            "processor": "A72"
                        }
                    ],
                    "slope": 1.4600000381469727
                },
                {
                    "intercept": 0.30000001192092896,
                    "length": 437,
                    "processors": [
                        {
                            "processingUnits": 1,
                            "processor": "A53"
                        }
                    ],
                    "slope": 0.2199999988079071
                }
            ],
            "task": "38_iirflt-4K"
        },
        {
            "command": "/root/thermobench/build/benchmarks/mem/membench -t1 -f -r -s 1000",
            "resourceAssignments": [
                {
                    "intercept": 0.5,
                    "length": 152,
                    "processors": [
                        {
                            "processingUnits": 1,
                            "processor": "A72"
                        }
                    ],
                    "slope": 0.4000000059604645
                },
                {
                    "intercept": 0.20999999344348907,
                    "length": 151,
                    "processors": [
                        {
                            "processingUnits": 1,
                            "processor": "A53"
                        }
                    ],
                    "slope": 0.14000000059604645
                }
            ],
            "task": "39_membench-1K-RO-R"
        },
        {
            "command": "./tblook-4K -v0 -c1 -i100",
            "resourceAssignments": [
                {
                    "intercept": 1.5099999904632568,
                    "length": 158,
                    "processors": [
                        {
                            "processingUnits": 1,
                            "processor": "A72"
                        }
                    ],
                    "slope": 1.649999976158142
                },
                {
                    "intercept": 0.27000001072883606,
                    "length": 492,
                    "processors": [
                        {
                            "processingUnits": 1,
                            "processor": "A53"
                        }
                    ],
                    "slope": 0.2199999988079071
                }
            ],
            "task": "40_tblook-4K"
        },
        {
            "command": "/root/thermobench/build/benchmarks/mem/membench -t1 -f -r -s 4000000",
            "resourceAssignments": [
                {
                    "intercept": 2.0399999618530273,
                    "length": 49,
                    "processors": [
                        {
                            "processingUnits": 1,
                            "processor": "A72"
                        }
                    ],
                    "slope": 0.5099999904632568
                },
                {
                    "intercept": 1.5299999713897705,
                    "length": 62,
                    "processors": [
                        {
                            "processingUnits": 1,
                            "processor": "A53"
                        }
                    ],
                    "slope": 0.23000000417232513
                }
            ],
            "task": "41_membench-4M-RO-R"
        },
        {
            "command": "./tblook-4K -v0 -c1 -i100",
            "resourceAssignments": [
                {
                    "intercept": 1.5099999904632568,
                    "length": 76,
                    "processors": [
                        {
                            "processingUnits": 1,
                            "processor": "A72"
                        }
                    ],
                    "slope": 1.649999976158142
                },
                {
                    "intercept": 0.27000001072883606,
                    "length": 237,
                    "processors": [
                        {
                            "processingUnits": 1,
                            "processor": "A53"
                        }
                    ],
                    "slope": 0.2199999988079071
                }
            ],
            "task": "42_tblook-4K"
        },
        {
            "command": "./pntrch-4M -v0 -c1 -i1",
            "resourceAssignments": [
                {
                    "intercept": 2.009999990463257,
                    "length": 117,
                    "processors": [
                        {
                            "processingUnits": 1,
                            "processor": "A72"
                        }
                    ],
                    "slope": 1.8300000429153442
                },
                {
                    "intercept": 0.5400000214576721,
                    "length": 344,
                    "processors": [
                        {
                            "processingUnits": 1,
                            "processor": "A53"
                        }
                    ],
                    "slope": 0.4099999964237213
                }
            ],
            "task": "43_pntrch-4M"
        },
        {
            "command": "./ttsprk-4M -v0 -c1 -i100",
            "resourceAssignments": [
                {
                    "intercept": 1.5800000429153442,
                    "length": 59,
                    "processors": [
                        {
                            "processingUnits": 1,
                            "processor": "A72"
                        }
                    ],
                    "slope": 1.9800000190734863
                },
                {
                    "intercept": 0.3199999928474426,
                    "length": 125,
                    "processors": [
                        {
                            "processingUnits": 1,
                            "processor": "A53"
                        }
                    ],
                    "slope": 0.6700000166893005
                }
            ],
            "task": "44_ttsprk-4M"
        },
        {
            "command": "/root/thermobench/build/benchmarks/mem/membench -t1 -f -s 1000000",
            "resourceAssignments": [
                {
                    "intercept": 2.180000066757202,
                    "length": 118,
                    "processors": [
                        {
                            "processingUnits": 1,
                            "processor": "A72"
                        }
                    ],
                    "slope": 1.190000057220459
                },
                {
                    "intercept": 0.9399999976158142,
                    "length": 91,
                    "processors": [
                        {
                            "processingUnits": 1,
                            "processor": "A53"
                        }
                    ],
                    "slope": 0.7099999785423279
                }
            ],
            "task": "45_membench-1M-RO-S"
        },
        {
            "command": "./pntrch-4K -v0 -c1 -i100",
            "resourceAssignments": [
                {
                    "intercept": 1.3300000429153442,
                    "length": 89,
                    "processors": [
                        {
                            "processingUnits": 1,
                            "processor": "A72"
                        }
                    ],
                    "slope": 1.409999966621399
                },
                {
                    "intercept": 0.25999999046325684,
                    "length": 259,
                    "processors": [
                        {
                            "processingUnits": 1,
                            "processor": "A53"
                        }
                    ],
                    "slope": 0.23000000417232513
                }
            ],
            "task": "46_pntrch-4K"
        },
        {
            "command": "/root/thermobench/build/benchmarks/tinyrenderer/tinyrenderer -f /root/thermobench/benchmarks/tinyrenderer/obj/boggie/*.obj",
            "resourceAssignments": [
                {
                    "intercept": 2.2799999713897705,
                    "length": 132,
                    "processors": [
                        {
                            "processingUnits": 1,
                            "processor": "A72"
                        }
                    ],
                    "slope": 1.1200000047683716
                },
                {
                    "intercept": 1.2799999713897705,
                    "length": 261,
                    "processors": [
                        {
                            "processingUnits": 1,
                            "processor": "A53"
                        }
                    ],
                    "slope": 0.2800000011920929
                }
            ],
            "task": "47_tinyrenderer-boggie"
        },
        {
            "command": "./ttsprk-4K -v0 -c1 -i100",
            "resourceAssignments": [
                {
                    "intercept": 1.3200000524520874,
                    "length": 90,
                    "processors": [
                        {
                            "processingUnits": 1,
                            "processor": "A72"
                        }
                    ],
                    "slope": 1.3600000143051147
                },
                {
                    "intercept": 0.3700000047683716,
                    "length": 181,
                    "processors": [
                        {
                            "processingUnits": 1,
                            "processor": "A53"
                        }
                    ],
                    "slope": 0.36000001430511475
                }
            ],
            "task": "48_ttsprk-4K"
        },
        {
            "command": "/root/thermobench/build/benchmarks/mem/membench -t1 -f -r -s 1000000",
            "resourceAssignments": [
                {
                    "intercept": 1.8899999856948853,
                    "length": 76,
                    "processors": [
                        {
                            "processingUnits": 1,
                            "processor": "A72"
                        }
                    ],
                    "slope": 0.6899999976158142
                },
                {
                    "intercept": 0.7200000286102295,
                    "length": 52,
                    "processors": [
                        {
                            "processingUnits": 1,
                            "processor": "A53"
                        }
                    ],
                    "slope": 0.5
                }
            ],
            "task": "49_membench-1M-RO-R"
        }
    ],
    "environment": {
        "majorFrameLength": 2670,
        "problemVersion": 1,
        "processors": [
            {
                "name": "A53",
                "processingUnits": 4,
                "type": "main_processor"
            },
            {
                "name": "A72",
                "processingUnits": 2,
                "type": "main_processor"
            }
        ],
        "scPart": 1.0
    },
    "solution": {
        "feasible": true,
        "solutionTime": 300004,
        "solverMetadata": {
            "objective": "3.0638783321555696"
        },
        "solverName": "QP-LR-UB",
        "windows": [
            {
                "length": 344,
                "tasks": [
                    {
                        "length": 318,
                        "processingUnit": 0,
                        "processor": "A53",
                        "start": 0,
                        "task": "36_tblook-4K"
                    },
                    {
                        "length": 344,
                        "processingUnit": 1,
                        "processor": "A53",
                        "start": 0,
                        "task": "43_pntrch-4M"
                    }
                ]
            },
            {
                "length": 292,
                "tasks": [
                    {
                        "length": 286,
                        "processingUnit": 0,
                        "processor": "A53",
                        "start": 0,
                        "task": "11_bitmnp-4K"
                    },
                    {
                        "length": 280,
                        "processingUnit": 1,
                        "processor": "A53",
                        "start": 0,
                        "task": "15_rspeed-4K"
                    },
                    {
                        "length": 292,
                        "processingUnit": 2,
                        "processor": "A53",
                        "start": 0,
                        "task": "30_tinyrenderer-boggie"
                    },
                    {
                        "length": 291,
                        "processingUnit": 3,
                        "processor": "A53",
                        "start": 0,
                        "task": "35_aifirf-4M"
                    }
                ]
            },
            {
                "length": 267,
                "tasks": [
                    {
                        "length": 265,
                        "processingUnit": 0,
                        "processor": "A53",
                        "start": 0,
                        "task": "2_puwmod-4K"
                    },
                    {
                        "length": 266,
                        "processingUnit": 1,
                        "processor": "A53",
                        "start": 0,
                        "task": "18_bitmnp-4M"
                    },
                    {
                        "length": 267,
                        "processingUnit": 2,
                        "processor": "A53",
                        "start": 0,
                        "task": "25_canrdr-4K"
                    },
                    {
                        "length": 237,
                        "processingUnit": 3,
                        "processor": "A53",
                        "start": 0,
                        "task": "42_tblook-4K"
                    }
                ]
            },
            {
                "length": 261,
                "tasks": [
                    {
                        "length": 255,
                        "processingUnit": 0,
                        "processor": "A53",
                        "start": 0,
                        "task": "5_rspeed-4M"
                    },
                    {
                        "length": 261,
                        "processingUnit": 1,
                        "processor": "A53",
                        "start": 0,
                        "task": "33_idctrn-4K"
                    },
                    {
                        "length": 259,
                        "processingUnit": 2,
                        "processor": "A53",
                        "start": 0,
                        "task": "46_pntrch-4K"
                    },
                    {
                        "length": 261,
                        "processingUnit": 3,
                        "processor": "A53",
                        "start": 0,
                        "task": "47_tinyrenderer-boggie"
                    }
                ]
            },
            {
                "length": 229,
                "tasks": [
                    {
                        "length": 229,
                        "processingUnit": 0,
                        "processor": "A53",
                        "start": 0,
                        "task": "7_membench-1K-RW-S"
                    },
                    {
                        "length": 227,
                        "processingUnit": 1,
                        "processor": "A53",
                        "start": 0,
                        "task": "17_a2time-4M"
                    },
                    {
                        "length": 212,
                        "processingUnit": 2,
                        "processor": "A53",
                        "start": 0,
                        "task": "28_tinyrenderer-diablo"
                    },
                    {
                        "length": 194,
                        "processingUnit": 3,
                        "processor": "A53",
                        "start": 0,
                        "task": "37_iirflt-4K"
                    }
                ]
            },
            {
                "length": 190,
                "tasks": [
                    {
                        "length": 190,
                        "processingUnit": 0,
                        "processor": "A53",
                        "start": 0,
                        "task": "0_matrix-4K"
                    },
                    {
                        "length": 160,
                        "processingUnit": 0,
                        "processor": "A72",
                        "start": 0,
                        "task": "14_idctrn-4K"
                    },
                    {
                        "length": 187,
                        "processingUnit": 1,
                        "processor": "A53",
                        "start": 0,
                        "task": "26_a2time-4K"
                    },
                    {
                        "length": 151,
                        "processingUnit": 1,
                        "processor": "A72",
                        "start": 0,
                        "task": "38_iirflt-4K"
                    },
                    {
                        "length": 181,
                        "processingUnit": 2,
                        "processor": "A53",
                        "start": 0,
                        "task": "48_ttsprk-4K"
                    }
                ]
            },
            {
                "length": 160,
                "tasks": [
                    {
                        "length": 160,
                        "processingUnit": 0,
                        "processor": "A72",
                        "start": 0,
                        "task": "23_tblook-4M"
                    },
                    {
                        "length": 160,
                        "processingUnit": 1,
                        "processor": "A72",
                        "start": 0,
                        "task": "34_tblook-4K"
                    }
                ]
            },
            {
                "length": 158,
                "tasks": [
                    {
                        "length": 158,
                        "processingUnit": 0,
                        "processor": "A72",
                        "start": 0,
                        "task": "3_membench-4M-RO-S"
                    },
                    {
                        "length": 151,
                        "processingUnit": 0,
                        "processor": "A53",
                        "start": 0,
                        "task": "39_membench-1K-RO-R"
                    },
                    {
                        "length": 158,
                        "processingUnit": 1,
                        "processor": "A72",
                        "start": 0,
                        "task": "40_tblook-4K"
                    }
                ]
            },
            {
                "length": 146,
                "tasks": [
                    {
                        "length": 146,
                        "processingUnit": 0,
                        "processor": "A72",
                        "start": 0,
                        "task": "1_ttsprk-4M"
                    },
                    {
                        "length": 146,
                        "processingUnit": 0,
                        "processor": "A53",
                        "start": 0,
                        "task": "20_membench-1K-RO-S"
                    },
                    {
                        "length": 145,
                        "processingUnit": 1,
                        "processor": "A72",
                        "start": 0,
                        "task": "31_membench-4M-RW-S"
                    }
                ]
            },
            {
                "length": 144,
                "tasks": [
                    {
                        "length": 144,
                        "processingUnit": 0,
                        "processor": "A72",
                        "start": 0,
                        "task": "8_aifirf-4M"
                    },
                    {
                        "length": 116,
                        "processingUnit": 1,
                        "processor": "A72",
                        "start": 0,
                        "task": "13_bitmnp-4M"
                    }
                ]
            },
            {
                "length": 140,
                "tasks": [
                    {
                        "length": 140,
                        "processingUnit": 0,
                        "processor": "A72",
                        "start": 0,
                        "task": "16_membench-4M-RW-S"
                    },
                    {
                        "length": 140,
                        "processingUnit": 1,
                        "processor": "A72",
                        "start": 0,
                        "task": "19_tblook-4M"
                    }
                ]
            },
            {
                "length": 132,
                "tasks": [
                    {
                        "length": 132,
                        "processingUnit": 0,
                        "processor": "A53",
                        "start": 0,
                        "task": "10_membench-4M-RO-R"
                    },
                    {
                        "length": 132,
                        "processingUnit": 0,
                        "processor": "A72",
                        "start": 0,
                        "task": "21_membench-4M-RO-S"
                    },
                    {
                        "length": 130,
                        "processingUnit": 1,
                        "processor": "A72",
                        "start": 0,
                        "task": "24_tblook-4M"
                    },
                    {
                        "length": 119,
                        "processingUnit": 1,
                        "processor": "A53",
                        "start": 0,
                        "task": "27_aifirf-4K"
                    }
                ]
            },
            {
                "length": 109,
                "tasks": [
                    {
                        "length": 101,
                        "processingUnit": 0,
                        "processor": "A53",
                        "start": 0,
                        "task": "4_membench-4M-RO-R"
                    },
                    {
                        "length": 63,
                        "processingUnit": 1,
                        "processor": "A53",
                        "start": 0,
                        "task": "6_membench-1K-RO-S"
                    },
                    {
                        "length": 80,
                        "processingUnit": 2,
                        "processor": "A53",
                        "start": 0,
                        "task": "9_membench-1M-RO-R"
                    },
                    {
                        "length": 107,
                        "processingUnit": 0,
                        "processor": "A72",
                        "start": 0,
                        "task": "22_matrix-4M"
                    },
                    {
                        "length": 109,
                        "processingUnit": 1,
                        "processor": "A72",
                        "start": 0,
                        "task": "29_aifirf-4M"
                    },
                    {
                        "length": 91,
                        "processingUnit": 3,
                        "processor": "A53",
                        "start": 0,
                        "task": "45_membench-1M-RO-S"
                    }
                ]
            },
            {
                "length": 63,
                "tasks": [
                    {
                        "length": 63,
                        "processingUnit": 0,
                        "processor": "A53",
                        "start": 0,
                        "task": "12_membench-4M-RO-R"
                    },
                    {
                        "length": 59,
                        "processingUnit": 1,
                        "processor": "A53",
                        "start": 0,
                        "task": "32_membench-1K-RO-S"
                    },
                    {
                        "length": 62,
                        "processingUnit": 2,
                        "processor": "A53",
                        "start": 0,
                        "task": "41_membench-4M-RO-R"
                    },
                    {
                        "length": 59,
                        "processingUnit": 0,
                        "processor": "A72",
                        "start": 0,
                        "task": "44_ttsprk-4M"
                    },
                    {
                        "length": 52,
                        "processingUnit": 3,
                        "processor": "A53",
                        "start": 0,
                        "task": "49_membench-1M-RO-R"
                    }
                ]
            }
        ]
    },
    "tasks": [
        {
            "assignmentIndex": 1,
            "command": "./tblook-4K -v0 -c1 -i100",
            "length": 318,
            "name": "36_tblook-4K",
            "processors": [
                {
                    "processor": "A53",
                    "processingUnits": 1
                }
            ]
        },
        {
            "assignmentIndex": 1,
            "command": "./pntrch-4M -v0 -c1 -i1",
            "length": 344,
            "name": "43_pntrch-4M",
            "processors": [
                {
                    "processor": "A53",
                    "processingUnits": 1
                }
            ]
        },
        {
            "assignmentIndex": 1,
            "command": "./bitmnp-4K -v0 -c1 -i100",
            "length": 286,
            "name": "11_bitmnp-4K",
            "processors": [
                {
                    "processor": "A53",
                    "processingUnits": 1
                }
            ]
        },
        {
            "assignmentIndex": 1,
            "command": "./rspeed-4K -v0 -c1 -i100",
            "length": 280,
            "name": "15_rspeed-4K",
            "processors": [
                {
                    "processor": "A53",
                    "processingUnits": 1
                }
            ]
        },
        {
            "assignmentIndex": 1,
            "command": "/root/thermobench/build/benchmarks/tinyrenderer/tinyrenderer -f /root/thermobench/benchmarks/tinyrenderer/obj/boggie/*.obj",
            "length": 292,
            "name": "30_tinyrenderer-boggie",
            "processors": [
                {
                    "processor": "A53",
                    "processingUnits": 1
                }
            ]
        },
        {
            "assignmentIndex": 1,
            "command": "./aifirf-4M -v0 -c1 -i10",
            "length": 291,
            "name": "35_aifirf-4M",
            "processors": [
                {
                    "processor": "A53",
                    "processingUnits": 1
                }
            ]
        },
        {
            "assignmentIndex": 1,
            "command": "./puwmod-4K -v0 -c1 -i100",
            "length": 265,
            "name": "2_puwmod-4K",
            "processors": [
                {
                    "processor": "A53",
                    "processingUnits": 1
                }
            ]
        },
        {
            "assignmentIndex": 1,
            "command": "./bitmnp-4M -v0 -c1 -i100",
            "length": 266,
            "name": "18_bitmnp-4M",
            "processors": [
                {
                    "processor": "A53",
                    "processingUnits": 1
                }
            ]
        },
        {
            "assignmentIndex": 1,
            "command": "./canrdr-4K -v0 -c1 -i100",
            "length": 267,
            "name": "25_canrdr-4K",
            "processors": [
                {
                    "processor": "A53",
                    "processingUnits": 1
                }
            ]
        },
        {
            "assignmentIndex": 1,
            "command": "./tblook-4K -v0 -c1 -i100",
            "length": 237,
            "name": "42_tblook-4K",
            "processors": [
                {
                    "processor": "A53",
                    "processingUnits": 1
                }
            ]
        },
        {
            "assignmentIndex": 1,
            "command": "./rspeed-4M -v0 -c1 -i100",
            "length": 255,
            "name": "5_rspeed-4M",
            "processors": [
                {
                    "processor": "A53",
                    "processingUnits": 1
                }
            ]
        },
        {
            "assignmentIndex": 1,
            "command": "./idctrn-4K -v0 -c1 -i100",
            "length": 261,
            "name": "33_idctrn-4K",
            "processors": [
                {
                    "processor": "A53",
                    "processingUnits": 1
                }
            ]
        },
        {
            "assignmentIndex": 1,
            "command": "./pntrch-4K -v0 -c1 -i100",
            "length": 259,
            "name": "46_pntrch-4K",
            "processors": [
                {
                    "processor": "A53",
                    "processingUnits": 1
                }
            ]
        },
        {
            "assignmentIndex": 1,
            "command": "/root/thermobench/build/benchmarks/tinyrenderer/tinyrenderer -f /root/thermobench/benchmarks/tinyrenderer/obj/boggie/*.obj",
            "length": 261,
            "name": "47_tinyrenderer-boggie",
            "processors": [
                {
                    "processor": "A53",
                    "processingUnits": 1
                }
            ]
        },
        {
            "assignmentIndex": 1,
            "command": "/root/thermobench/build/benchmarks/mem/membench -t1 -f -w -s 1000",
            "length": 229,
            "name": "7_membench-1K-RW-S",
            "processors": [
                {
                    "processor": "A53",
                    "processingUnits": 1
                }
            ]
        },
        {
            "assignmentIndex": 1,
            "command": "./a2time-4M -v0 -c1 -i100",
            "length": 227,
            "name": "17_a2time-4M",
            "processors": [
                {
                    "processor": "A53",
                    "processingUnits": 1
                }
            ]
        },
        {
            "assignmentIndex": 1,
            "command": "/root/thermobench/build/benchmarks/tinyrenderer/tinyrenderer -f /root/thermobench/benchmarks/tinyrenderer/obj/diablo3_pose/*.obj",
            "length": 212,
            "name": "28_tinyrenderer-diablo",
            "processors": [
                {
                    "processor": "A53",
                    "processingUnits": 1
                }
            ]
        },
        {
            "assignmentIndex": 1,
            "command": "./iirflt-4K -v0 -c1 -i100",
            "length": 194,
            "name": "37_iirflt-4K",
            "processors": [
                {
                    "processor": "A53",
                    "processingUnits": 1
                }
            ]
        },
        {
            "assignmentIndex": 1,
            "command": "./matrix-4K -v0 -c1 -i100",
            "length": 190,
            "name": "0_matrix-4K",
            "processors": [
                {
                    "processor": "A53",
                    "processingUnits": 1
                }
            ]
        },
        {
            "assignmentIndex": 0,
            "command": "./idctrn-4K -v0 -c1 -i100",
            "length": 160,
            "name": "14_idctrn-4K",
            "processors": [
                {
                    "processor": "A72",
                    "processingUnits": 1
                }
            ]
        },
        {
            "assignmentIndex": 1,
            "command": "./a2time-4K -v0 -c1 -i100",
            "length": 187,
            "name": "26_a2time-4K",
            "processors": [
                {
                    "processor": "A53",
                    "processingUnits": 1
                }
            ]
        },
        {
            "assignmentIndex": 0,
            "command": "./iirflt-4K -v0 -c1 -i100",
            "length": 151,
            "name": "38_iirflt-4K",
            "processors": [
                {
                    "processor": "A72",
                    "processingUnits": 1
                }
            ]
        },
        {
            "assignmentIndex": 1,
            "command": "./ttsprk-4K -v0 -c1 -i100",
            "length": 181,
            "name": "48_ttsprk-4K",
            "processors": [
                {
                    "processor": "A53",
                    "processingUnits": 1
                }
            ]
        },
        {
            "assignmentIndex": 0,
            "command": "./tblook-4M -v0 -c1 -i100",
            "length": 160,
            "name": "23_tblook-4M",
            "processors": [
                {
                    "processor": "A72",
                    "processingUnits": 1
                }
            ]
        },
        {
            "assignmentIndex": 0,
            "command": "./tblook-4K -v0 -c1 -i100",
            "length": 160,
            "name": "34_tblook-4K",
            "processors": [
                {
                    "processor": "A72",
                    "processingUnits": 1
                }
            ]
        },
        {
            "assignmentIndex": 0,
            "command": "/root/thermobench/build/benchmarks/mem/membench -t1 -f -s 4000000",
            "length": 158,
            "name": "3_membench-4M-RO-S",
            "processors": [
                {
                    "processor": "A72",
                    "processingUnits": 1
                }
            ]
        },
        {
            "assignmentIndex": 1,
            "command": "/root/thermobench/build/benchmarks/mem/membench -t1 -f -r -s 1000",
            "length": 151,
            "name": "39_membench-1K-RO-R",
            "processors": [
                {
                    "processor": "A53",
                    "processingUnits": 1
                }
            ]
        },
        {
            "assignmentIndex": 0,
            "command": "./tblook-4K -v0 -c1 -i100",
            "length": 158,
            "name": "40_tblook-4K",
            "processors": [
                {
                    "processor": "A72",
                    "processingUnits": 1
                }
            ]
        },
        {
            "assignmentIndex": 0,
            "command": "./ttsprk-4M -v0 -c1 -i100",
            "length": 146,
            "name": "1_ttsprk-4M",
            "processors": [
                {
                    "processor": "A72",
                    "processingUnits": 1
                }
            ]
        },
        {
            "assignmentIndex": 1,
            "command": "/root/thermobench/build/benchmarks/mem/membench -t1 -f -s 1000",
            "length": 146,
            "name": "20_membench-1K-RO-S",
            "processors": [
                {
                    "processor": "A53",
                    "processingUnits": 1
                }
            ]
        },
        {
            "assignmentIndex": 0,
            "command": "/root/thermobench/build/benchmarks/mem/membench -t1 -f -w -s 4000000",
            "length": 145,
            "name": "31_membench-4M-RW-S",
            "processors": [
                {
                    "processor": "A72",
                    "processingUnits": 1
                }
            ]
        },
        {
            "assignmentIndex": 0,
            "command": "./aifirf-4M -v0 -c1 -i10",
            "length": 144,
            "name": "8_aifirf-4M",
            "processors": [
                {
                    "processor": "A72",
                    "processingUnits": 1
                }
            ]
        },
        {
            "assignmentIndex": 0,
            "command": "./bitmnp-4M -v0 -c1 -i100",
            "length": 116,
            "name": "13_bitmnp-4M",
            "processors": [
                {
                    "processor": "A72",
                    "processingUnits": 1
                }
            ]
        },
        {
            "assignmentIndex": 0,
            "command": "/root/thermobench/build/benchmarks/mem/membench -t1 -f -w -s 4000000",
            "length": 140,
            "name": "16_membench-4M-RW-S",
            "processors": [
                {
                    "processor": "A72",
                    "processingUnits": 1
                }
            ]
        },
        {
            "assignmentIndex": 0,
            "command": "./tblook-4M -v0 -c1 -i100",
            "length": 140,
            "name": "19_tblook-4M",
            "processors": [
                {
                    "processor": "A72",
                    "processingUnits": 1
                }
            ]
        },
        {
            "assignmentIndex": 1,
            "command": "/root/thermobench/build/benchmarks/mem/membench -t1 -f -r -s 4000000",
            "length": 132,
            "name": "10_membench-4M-RO-R",
            "processors": [
                {
                    "processor": "A53",
                    "processingUnits": 1
                }
            ]
        },
        {
            "assignmentIndex": 0,
            "command": "/root/thermobench/build/benchmarks/mem/membench -t1 -f -s 4000000",
            "length": 132,
            "name": "21_membench-4M-RO-S",
            "processors": [
                {
                    "processor": "A72",
                    "processingUnits": 1
                }
            ]
        },
        {
            "assignmentIndex": 0,
            "command": "./tblook-4M -v0 -c1 -i100",
            "length": 130,
            "name": "24_tblook-4M",
            "processors": [
                {
                    "processor": "A72",
                    "processingUnits": 1
                }
            ]
        },
        {
            "assignmentIndex": 1,
            "command": "./aifirf-4K -v0 -c1 -i100",
            "length": 119,
            "name": "27_aifirf-4K",
            "processors": [
                {
                    "processor": "A53",
                    "processingUnits": 1
                }
            ]
        },
        {
            "assignmentIndex": 1,
            "command": "/root/thermobench/build/benchmarks/mem/membench -t1 -f -r -s 4000000",
            "length": 101,
            "name": "4_membench-4M-RO-R",
            "processors": [
                {
                    "processor": "A53",
                    "processingUnits": 1
                }
            ]
        },
        {
            "assignmentIndex": 1,
            "command": "/root/thermobench/build/benchmarks/mem/membench -t1 -f -s 1000",
            "length": 63,
            "name": "6_membench-1K-RO-S",
            "processors": [
                {
                    "processor": "A53",
                    "processingUnits": 1
                }
            ]
        },
        {
            "assignmentIndex": 1,
            "command": "/root/thermobench/build/benchmarks/mem/membench -t1 -f -r -s 1000000",
            "length": 80,
            "name": "9_membench-1M-RO-R",
            "processors": [
                {
                    "processor": "A53",
                    "processingUnits": 1
                }
            ]
        },
        {
            "assignmentIndex": 0,
            "command": "./matrix-4M -v0 -c1 -i100",
            "length": 107,
            "name": "22_matrix-4M",
            "processors": [
                {
                    "processor": "A72",
                    "processingUnits": 1
                }
            ]
        },
        {
            "assignmentIndex": 0,
            "command": "./aifirf-4M -v0 -c1 -i10",
            "length": 109,
            "name": "29_aifirf-4M",
            "processors": [
                {
                    "processor": "A72",
                    "processingUnits": 1
                }
            ]
        },
        {
            "assignmentIndex": 1,
            "command": "/root/thermobench/build/benchmarks/mem/membench -t1 -f -s 1000000",
            "length": 91,
            "name": "45_membench-1M-RO-S",
            "processors": [
                {
                    "processor": "A53",
                    "processingUnits": 1
                }
            ]
        },
        {
            "assignmentIndex": 1,
            "command": "/root/thermobench/build/benchmarks/mem/membench -t1 -f -r -s 4000000",
            "length": 63,
            "name": "12_membench-4M-RO-R",
            "processors": [
                {
                    "processor": "A53",
                    "processingUnits": 1
                }
            ]
        },
        {
            "assignmentIndex": 1,
            "command": "/root/thermobench/build/benchmarks/mem/membench -t1 -f -s 1000",
            "length": 59,
            "name": "32_membench-1K-RO-S",
            "processors": [
                {
                    "processor": "A53",
                    "processingUnits": 1
                }
            ]
        },
        {
            "assignmentIndex": 1,
            "command": "/root/thermobench/build/benchmarks/mem/membench -t1 -f -r -s 4000000",
            "length": 62,
            "name": "41_membench-4M-RO-R",
            "processors": [
                {
                    "processor": "A53",
                    "processingUnits": 1
                }
            ]
        },
        {
            "assignmentIndex": 0,
            "command": "./ttsprk-4M -v0 -c1 -i100",
            "length": 59,
            "name": "44_ttsprk-4M",
            "processors": [
                {
                    "processor": "A72",
                    "processingUnits": 1
                }
            ]
        },
        {
            "assignmentIndex": 1,
            "command": "/root/thermobench/build/benchmarks/mem/membench -t1 -f -r -s 1000000",
            "length": 52,
            "name": "49_membench-1M-RO-R",
            "processors": [
                {
                    "processor": "A53",
                    "processingUnits": 1
                }
            ]
        }
    ]
}