Using license file /home/benedond/gurobi.lic
Using gurobi.env file
Set parameter Threads to value 1
Academic license - for non-commercial use only
Changed value of parameter TimeLimit to 300.0
   Prev: inf  Min: 0.0  Max: inf  Default: inf
Gurobi Optimizer version 9.0.1 build v9.0.1rc0 (linux64)
Optimize a model with 5200 rows, 5050 columns and 20148 nonzeros
Model fingerprint: 0xaf2a0afa
Variable types: 50 continuous, 5000 integer (5000 binary)
Coefficient statistics:
  Matrix range     [1e+00, 4e+02]
  Objective range  [3e+01, 4e+02]
  Bounds range     [1e+00, 1e+00]
  RHS range        [1e+00, 2e+03]
Presolve removed 47 rows and 47 columns
Presolve time: 0.29s
Presolved: 5153 rows, 5003 columns, 19960 nonzeros
Variable types: 50 continuous, 4953 integer (4953 binary)

Root relaxation: objective 7.982000e+03, 825 iterations, 0.04 seconds

    Nodes    |    Current Node    |     Objective Bounds      |     Work
 Expl Unexpl |  Obj  Depth IntInf | Incumbent    BestBd   Gap | It/Node Time

     0     0 7982.00000    0   87          - 7982.00000      -     -    0s
H    0     0                    6093.0000000 7982.00000  31.0%     -    0s
H    0     0                    6674.0000000 7982.00000  19.6%     -    1s
     0     0 7982.00000    0   30 6674.00000 7982.00000  19.6%     -    1s
     0     0 7982.00000    0   87 6674.00000 7982.00000  19.6%     -    6s
H    0     0                    6841.0000000 7982.00000  16.7%     -    7s
     0     0 7982.00000    0   85 6841.00000 7982.00000  16.7%     -    7s
     0     0 7982.00000    0   69 6841.00000 7982.00000  16.7%     -    7s
H    0     0                    6858.0000000 7982.00000  16.4%     -    7s
     0     0 7982.00000    0   64 6858.00000 7982.00000  16.4%     -    8s
H    0     0                    7133.0000000 7982.00000  11.9%     -    8s
     0     0 7982.00000    0   64 7133.00000 7982.00000  11.9%     -    8s
     0     0 7982.00000    0   75 7133.00000 7982.00000  11.9%     -    8s
     0     0 7982.00000    0   79 7133.00000 7982.00000  11.9%     -    8s
     0     0 7982.00000    0   82 7133.00000 7982.00000  11.9%     -    8s
     0     0 7982.00000    0   72 7133.00000 7982.00000  11.9%     -    8s
     0     0 7982.00000    0   47 7133.00000 7982.00000  11.9%     -    8s
     0     0 7982.00000    0  145 7133.00000 7982.00000  11.9%     -    9s
     0     0 7982.00000    0   65 7133.00000 7982.00000  11.9%     -    9s
     0     0 7982.00000    0   58 7133.00000 7982.00000  11.9%     -   10s
     0     0 7982.00000    0   90 7133.00000 7982.00000  11.9%     -   10s
     0     0 7982.00000    0   85 7133.00000 7982.00000  11.9%     -   10s
     0     0 7982.00000    0   72 7133.00000 7982.00000  11.9%     -   11s
     0     0 7982.00000    0   38 7133.00000 7982.00000  11.9%     -   11s
     0     0 7982.00000    0   41 7133.00000 7982.00000  11.9%     -   11s
     0     0 7982.00000    0  101 7133.00000 7982.00000  11.9%     -   11s
     0     0 7982.00000    0   97 7133.00000 7982.00000  11.9%     -   11s
     0     0 7982.00000    0   42 7133.00000 7982.00000  11.9%     -   11s
     0     0 7982.00000    0   40 7133.00000 7982.00000  11.9%     -   11s
     0     0 7982.00000    0   35 7133.00000 7982.00000  11.9%     -   11s
     0     0 7982.00000    0   35 7133.00000 7982.00000  11.9%     -   12s
     0     2 7982.00000    0   35 7133.00000 7982.00000  11.9%     -   12s
    24    24 7982.00000   20  110 7133.00000 7982.00000  11.9%   339   15s
H   27    25                    7390.0000000 7982.00000  8.01%   304   15s
   119   100 7982.00000   97   94 7390.00000 7982.00000  8.01%   202   20s
H  148   127                    7729.0000000 7982.00000  3.27%   223   21s
   380   325 7982.00000  140  139 7729.00000 7982.00000  3.27%   161   25s
   511   428 7982.00000  100   30 7729.00000 7982.00000  3.27%   148   31s
   529   442 7982.00000   12   64 7729.00000 7982.00000  3.27%   172   35s
H  591   456                    7868.0000000 7982.00000  1.45%   166   39s
   650   477 7982.00000   32   42 7868.00000 7982.00000  1.45%   154   40s
H  769   496                    7879.0000000 7982.00000  1.31%   134   40s
H  987   561                    7924.0000000 7982.00000  0.73%   109   42s
  1230   651 7982.00000   61   39 7924.00000 7982.00000  0.73%  92.4   45s
H 1975     3                    7982.0000000 7982.00000  0.00%  64.5   48s

Cutting planes:
  Gomory: 1
  Projected implied bound: 2
  Clique: 1
  MIR: 12
  Flow cover: 41
  Relax-and-lift: 15

Explored 1976 nodes (170920 simplex iterations) in 48.31 seconds
Thread count was 1 (of 4 available processors)

Solution count 10: 7982 7924 7879 ... 6674

Optimal solution found (tolerance 1.00e-04)
Best objective 7.982000000000e+03, best bound 7.982000000000e+03, gap 0.0000%
