Using license file /home/benedond/gurobi.lic
Using gurobi.env file
Set parameter Threads to value 1
Academic license - for non-commercial use only
Changed value of parameter TimeLimit to 300.0
   Prev: inf  Min: 0.0  Max: inf  Default: inf
Gurobi Optimizer version 9.0.1 build v9.0.1rc0 (linux64)
Optimize a model with 7848 rows, 7547 columns and 37109 nonzeros
Model fingerprint: 0x1e0573cd
Variable types: 120 continuous, 7427 integer (7427 binary)
Coefficient statistics:
  Matrix range     [2e-01, 5e+02]
  Objective range  [3e-03, 2e-01]
  Bounds range     [1e+00, 1e+00]
  RHS range        [1e+00, 2e+03]
Presolve removed 145 rows and 109 columns
Presolve time: 0.13s
Presolved: 7703 rows, 7438 columns, 36646 nonzeros
Variable types: 119 continuous, 7319 integer (7319 binary)

Root relaxation: objective 1.853568e+00, 6945 iterations, 0.57 seconds

    Nodes    |    Current Node    |     Objective Bounds      |     Work
 Expl Unexpl |  Obj  Depth IntInf | Incumbent    BestBd   Gap | It/Node Time

     0     0    1.85357    0  422          -    1.85357      -     -    0s
     0     0    1.90195    0  349          -    1.90195      -     -    1s
     0     0    1.92756    0  351          -    1.92756      -     -    1s
     0     0    2.02792    0  334          -    2.02792      -     -    2s
H    0     0                       3.1321822    2.02792  35.3%     -    5s
H    0     0                       3.1073279    2.02792  34.7%     -    7s
     0     0    2.03509    0  384    3.10733    2.03509  34.5%     -    7s
     0     0    2.09830    0  340    3.10733    2.09830  32.5%     -    8s
     0     0    2.11448    0  370    3.10733    2.11448  32.0%     -   11s
     0     0    2.11691    0  337    3.10733    2.11691  31.9%     -   12s
     0     0    2.11809    0  362    3.10733    2.11809  31.8%     -   12s
     0     0    2.11850    0  366    3.10733    2.11850  31.8%     -   12s
     0     0    2.11872    0  368    3.10733    2.11872  31.8%     -   12s
     0     0    2.11887    0  391    3.10733    2.11887  31.8%     -   12s
     0     0    2.11893    0  353    3.10733    2.11893  31.8%     -   12s
     0     0    2.14466    0  378    3.10733    2.14466  31.0%     -   12s
     0     0    2.15760    0  413    3.10733    2.15760  30.6%     -   13s
     0     0    2.16097    0  383    3.10733    2.16097  30.5%     -   13s
     0     0    2.16145    0  355    3.10733    2.16145  30.4%     -   13s
     0     0    2.16208    0  349    3.10733    2.16208  30.4%     -   13s
     0     0    2.16235    0  376    3.10733    2.16235  30.4%     -   13s
     0     0    2.16244    0  396    3.10733    2.16244  30.4%     -   13s
     0     0    2.17708    0  347    3.10733    2.17708  29.9%     -   13s
     0     0    2.17978    0  325    3.10733    2.17978  29.9%     -   14s
     0     0    2.18074    0  370    3.10733    2.18074  29.8%     -   14s
     0     0    2.18090    0  340    3.10733    2.18090  29.8%     -   14s
     0     0    2.19199    0  390    3.10733    2.19199  29.5%     -   14s
     0     0    2.19461    0  442    3.10733    2.19461  29.4%     -   14s
     0     0    2.19601    0  384    3.10733    2.19601  29.3%     -   14s
     0     0    2.19632    0  373    3.10733    2.19632  29.3%     -   14s
     0     0    2.19639    0  381    3.10733    2.19639  29.3%     -   14s
     0     0    2.20345    0  384    3.10733    2.20345  29.1%     -   15s
     0     0    2.20506    0  441    3.10733    2.20506  29.0%     -   15s
     0     0    2.20563    0  376    3.10733    2.20563  29.0%     -   15s
     0     0    2.20607    0  430    3.10733    2.20607  29.0%     -   15s
     0     0    2.20623    0  420    3.10733    2.20623  29.0%     -   15s
     0     0    2.21228    0  421    3.10733    2.21228  28.8%     -   15s
     0     0    2.21393    0  433    3.10733    2.21393  28.8%     -   16s
     0     0    2.21476    0  397    3.10733    2.21476  28.7%     -   16s
     0     0    2.21501    0  427    3.10733    2.21501  28.7%     -   16s
     0     0    2.21515    0  396    3.10733    2.21515  28.7%     -   16s
     0     0    2.22191    0  374    3.10733    2.22191  28.5%     -   16s
     0     0    2.22292    0  397    3.10733    2.22292  28.5%     -   16s
     0     0    2.22319    0  423    3.10733    2.22319  28.5%     -   16s
     0     0    2.22328    0  434    3.10733    2.22328  28.5%     -   16s
     0     0    2.22844    0  396    3.10733    2.22844  28.3%     -   17s
     0     0    2.22986    0  397    3.10733    2.22986  28.2%     -   17s
     0     0    2.23134    0  403    3.10733    2.23134  28.2%     -   17s
     0     0    2.23188    0  434    3.10733    2.23188  28.2%     -   17s
     0     0    2.23215    0  391    3.10733    2.23215  28.2%     -   17s
     0     0    2.23221    0  424    3.10733    2.23221  28.2%     -   18s
     0     0    2.23695    0  350    3.10733    2.23695  28.0%     -   18s
     0     0    2.23913    0  417    3.10733    2.23913  27.9%     -   18s
     0     0    2.24009    0  424    3.10733    2.24009  27.9%     -   18s
     0     0    2.24032    0  406    3.10733    2.24032  27.9%     -   18s
     0     0    2.24358    0  472    3.10733    2.24358  27.8%     -   18s
     0     0    2.24439    0  399    3.10733    2.24439  27.8%     -   19s
     0     0    2.24533    0  402    3.10733    2.24533  27.7%     -   19s
     0     0    2.24550    0  430    3.10733    2.24550  27.7%     -   19s
     0     0    2.24828    0  406    3.10733    2.24828  27.6%     -   19s
     0     0    2.24994    0  456    3.10733    2.24994  27.6%     -   19s
     0     0    2.25085    0  386    3.10733    2.25085  27.6%     -   19s
     0     0    2.25117    0  398    3.10733    2.25117  27.6%     -   20s
     0     0    2.25142    0  469    3.10733    2.25142  27.5%     -   20s
     0     0    2.25326    0  376    3.10733    2.25326  27.5%     -   20s
     0     0    2.25414    0  422    3.10733    2.25414  27.5%     -   20s
     0     0    2.25457    0  414    3.10733    2.25457  27.4%     -   20s
     0     0    2.25478    0  452    3.10733    2.25478  27.4%     -   20s
     0     0    2.25755    0  425    3.10733    2.25755  27.3%     -   21s
     0     0    2.25926    0  398    3.10733    2.25926  27.3%     -   21s
     0     0    2.25953    0  384    3.10733    2.25953  27.3%     -   21s
     0     0    2.26108    0  401    3.10733    2.26108  27.2%     -   21s
     0     0    2.26185    0  427    3.10733    2.26185  27.2%     -   21s
     0     0    2.26215    0  394    3.10733    2.26215  27.2%     -   22s
     0     0    2.26225    0  435    3.10733    2.26225  27.2%     -   22s
     0     0    2.26463    0  415    3.10733    2.26463  27.1%     -   22s
     0     0    2.26672    0  393    3.10733    2.26672  27.1%     -   22s
     0     0    2.26704    0  442    3.10733    2.26704  27.0%     -   22s
     0     0    2.26730    0  418    3.10733    2.26730  27.0%     -   22s
     0     0    2.26979    0  372    3.10733    2.26979  27.0%     -   23s
     0     0    2.27047    0  453    3.10733    2.27047  26.9%     -   23s
     0     0    2.27103    0  454    3.10733    2.27103  26.9%     -   23s
     0     0    2.27128    0  466    3.10733    2.27128  26.9%     -   23s
     0     0    2.27349    0  403    3.10733    2.27349  26.8%     -   24s
     0     0    2.27434    0  498    3.10733    2.27434  26.8%     -   24s
     0     0    2.27483    0  432    3.10733    2.27483  26.8%     -   24s
     0     0    2.27498    0  462    3.10733    2.27498  26.8%     -   24s
     0     0    2.27732    0  444    3.10733    2.27732  26.7%     -   24s
     0     0    2.27813    0  449    3.10733    2.27813  26.7%     -   24s
     0     0    2.27854    0  455    3.10733    2.27854  26.7%     -   25s
     0     0    2.27872    0  493    3.10733    2.27872  26.7%     -   25s
     0     0    2.28083    0  431    3.10733    2.28083  26.6%     -   25s
     0     0    2.28139    0  404    3.10733    2.28139  26.6%     -   25s
     0     0    2.28166    0  413    3.10733    2.28166  26.6%     -   25s
     0     0    2.28306    0  444    3.10733    2.28306  26.5%     -   26s
     0     0    2.28306    0  424    3.10733    2.28306  26.5%     -   30s
     0     2    2.28314    0  423    3.10733    2.28314  26.5%     -   32s
     6     8    2.28658    5  359    3.10733    2.28492  26.5%   728   35s
H   27    27                       3.1043481    2.28492  26.4%   650   49s
    29    31    2.30693   24  319    3.10435    2.28492  26.4%   638   50s
    42    44    2.41743   31  430    3.10435    2.28492  26.4%   792   55s
H   54    54                       3.0351579    2.28492  24.7%   795   70s
    88    90    2.49189   69  315    3.03516    2.28492  24.7%   702   75s
   118   120    2.84167   91  292    3.03516    2.28492  24.7%   719   80s
   161   163    2.86499  125  206    3.03516    2.28492  24.7%   685   85s
   203   203    2.98724  154  211    3.03516    2.28492  24.7%   701   90s
   250   236    2.49689   21  390    3.03516    2.28609  24.7%   676   95s
   291   277    2.56863   56  280    3.03516    2.28609  24.7%   658  100s
   323   309    2.73925   81  319    3.03516    2.28609  24.7%   660  105s
   368   354    2.81499  114  282    3.03516    2.28609  24.7%   649  110s
H  404   381                       2.9866720    2.28609  23.5%   626  117s
   443   398    2.40828    3  383    2.98667    2.28639  23.4%   607  120s
   485   440    2.50943   40  318    2.98667    2.28639  23.4%   603  125s
   511   465    2.65486   70  424    2.98667    2.28639  23.4%   600  137s
   513   466    2.52336   51  389    2.98667    2.28639  23.4%   597  140s
   514   467    2.46912   61  325    2.98667    2.28639  23.4%   596  145s
   516   468    2.29442    9  320    2.98667    2.28639  23.4%   594  151s
   522   472    2.77969  101  419    2.98667    2.28968  23.3%   587  155s
   529   477    2.35634   30  456    2.98667    2.30984  22.7%   579  160s
H  531   453                       2.9747935    2.31648  22.1%   577  185s
   539   459    2.82272  142  513    2.97479    2.32594  21.8%   568  190s
   544   462    2.46633   57  478    2.97479    2.33202  21.6%   563  195s
   549   465    2.65486   70  454    2.97479    2.33984  21.3%   558  200s
   555   469    2.89322  139  532    2.97479    2.34619  21.1%   552  205s
   560   473    2.35286    5  547    2.97479    2.35286  20.9%   547  210s
   565   476    2.35705    5  456    2.97479    2.35705  20.8%   542  215s
   571   480    2.46805   59  501    2.97479    2.36105  20.6%   537  220s
   577   484    2.56036   54  515    2.97479    2.36433  20.5%   531  225s
   583   488    2.73196  103  523    2.97479    2.36730  20.4%   525  230s
   590   493    2.50333   33  454    2.97479    2.37348  20.2%   519  235s
   595   496    2.55683   43  510    2.97479    2.37658  20.1%   515  240s
   601   500    2.58855   45  503    2.97479    2.37993  20.0%   510  245s
   606   503    2.74510  127  547    2.97479    2.38231  19.9%   506  250s
   612   507    2.48300   12  483    2.97479    2.38411  19.9%   501  255s
   618   511    2.51666   41  489    2.97479    2.38628  19.8%   496  260s
   624   515    2.88504  159  527    2.97479    2.38848  19.7%   491  265s
   630   519    2.45005   42  554    2.97479    2.39111  19.6%   486  270s
   636   523    2.82275  120  586    2.97479    2.39312  19.6%   482  275s
   643   528    2.76332   94  646    2.97479    2.39512  19.5%   476  280s
   649   532    2.65486   70  505    2.97479    2.39717  19.4%   472  285s
   653   535    2.67046  106  601    2.97479    2.39921  19.3%   469  290s
   657   537    2.64916   85  592    2.97479    2.40104  19.3%   466  295s

Cutting planes:
  Gomory: 31
  Cover: 20
  Implied bound: 1
  Projected implied bound: 4
  Clique: 11
  MIR: 431
  StrongCG: 4
  Flow cover: 1017
  GUB cover: 4
  Zero half: 2
  RLT: 29
  Relax-and-lift: 470

Explored 662 nodes (581183 simplex iterations) in 300.00 seconds
Thread count was 1 (of 4 available processors)

Solution count 6: 2.97479 2.98667 3.03516 ... 3.13218

Time limit reached
Best objective 2.974793525728e+00, best bound 2.402920864083e+00, gap 19.2239%
