INFO:root:No path to initial data was provided.
INFO:root:timelimit was set to 600.000000
INFO:root:branching was set to: ON_SUPPORTS
INFO:root:no init data provided, trying the RecoveryModel
INFO:root:initial objective 1.439623
INFO:root:INIT OBJ 1.4396227903087588
INFO:root:branching
supports={}, non supports=[]
INFO:root:PATTERNS 2
INFO:root:    {'cost': 149.3701621874237, 'length': 75, 'task_mapping': {'task-0': 0, 'task-2': 1}}
INFO:root:    {'cost': 42.09966892364126, 'length': 28, 'task_mapping': {'task-1': 1, 'task-3': 0, 'task-4': 0}}
INFO:root:  found pattern {'cost': 120.71558689176028, 'length': 96, 'task_mapping': {'task-0': 1, 'task-1': 0}}, -70.75424424294863
INFO:root:  found pattern {'cost': 96.76304030480938, 'length': 96, 'task_mapping': {'task-0': 1, 'task-3': 1}}, -66.05221551059216
INFO:root:  found pattern {'cost': 74.04319952504841, 'length': 33, 'task_mapping': {'task-1': 1, 'task-2': 1, 'task-3': 0}}, -29.73715244955237
INFO:root:  found pattern {'cost': 81.7931130597845, 'length': 75, 'task_mapping': {'task-0': 0, 'task-4': 0}}, -35.63351852623205
INFO:root:  found pattern {'cost': 54.13518333788096, 'length': 33, 'task_mapping': {'task-2': 1}}, -13.441865789758403
INFO:root:  found pattern {'cost': 72.26452209696924, 'length': 33, 'task_mapping': {'task-1': 1, 'task-2': 1}}, -1.7786774280791775
INFO:root:  found pattern {'cost': 80.89849992901627, 'length': 75, 'task_mapping': {'task-0': 0}}, -0.894613130768235
INFO:root:subproblem objective was non-negative; ending the iteration.
INFO:root:best objective was updated to: 1.171702
INFO:root:search ended
INFO:root:solution quality 1.171702
