INFO:root:No path to initial data was provided.
INFO:root:timelimit was set to 600.000000
INFO:root:branching was set to: ON_SUPPORTS
INFO:root:no init data provided, trying the RecoveryModel
INFO:root:initial objective 2.166807
INFO:root:INIT OBJ 2.1668069649242487
INFO:root:branching
supports={}, non supports=[]
INFO:root:PATTERNS 2
INFO:root:    {'cost': 227.64451688995615, 'length': 80, 'task_mapping': {'task-0': 0, 'task-1': 0, 'task-2': 1, 'task-4': 0}}
INFO:root:    {'cost': 8.537442286786982, 'length': 16, 'task_mapping': {'task-3': 0}}
INFO:root:  found pattern {'cost': 37.22249450734236, 'length': 41, 'task_mapping': {'task-0': 1, 'task-3': 0}}, -198.95946466940077
INFO:root:  found pattern {'cost': 32.23957930578796, 'length': 86, 'task_mapping': {'task-2': 0, 'task-3': 0}}, -203.9423798709552
INFO:root:  found pattern {'cost': 16.49744898838545, 'length': 18, 'task_mapping': {'task-1': 1, 'task-3': 0}}, -195.98237316935675
INFO:root:  found pattern {'cost': 105.71838029645826, 'length': 81, 'task_mapping': {'task-2': 1, 'task-3': 0, 'task-4': 1}}, -130.4635788802849
INFO:root:  found pattern {'cost': 70.59391733381453, 'length': 45, 'task_mapping': {'task-0': 1, 'task-1': 1, 'task-2': 1}}, -129.04259396398515
INFO:root:  found pattern {'cost': 116.21414500373935, 'length': 81, 'task_mapping': {'task-0': 0, 'task-1': 1, 'task-4': 1}}, -110.29360200125399
INFO:root:  found pattern {'cost': 136.27574918418796, 'length': 81, 'task_mapping': {'task-0': 0, 'task-1': 1, 'task-2': 1, 'task-3': 0, 'task-4': 1}}, -167.1710246541497
INFO:root:  found pattern {'cost': 123.71167537246404, 'length': 81, 'task_mapping': {'task-0': 0, 'task-2': 1, 'task-4': 1}}, -12.564073811723922
INFO:root:  found pattern {'cost': 101.31742626299697, 'length': 81, 'task_mapping': {'task-1': 1, 'task-2': 1, 'task-4': 1}}, -16.965027845185205
INFO:root:subproblem objective was non-negative; ending the iteration.
INFO:root:best objective was updated to: 1.250236
INFO:root:search ended
INFO:root:solution quality 1.250236
