INFO:root:No path to initial data was provided.
INFO:root:timelimit was set to 600.000000
INFO:root:branching was set to: ON_SUPPORTS
INFO:root:no init data provided, trying the RecoveryModel
INFO:root:initial objective 0.707686
INFO:root:INIT OBJ 0.7076855790676004
INFO:root:branching
supports={}, non supports=[]
INFO:root:PATTERNS 4
INFO:root:    {'cost': 101.77763502910229, 'length': 73, 'task_mapping': {'task-3': 0, 'task-4': 1}}
INFO:root:    {'cost': 6.14800645361321, 'length': 4, 'task_mapping': {'task-0': 0}}
INFO:root:    {'cost': 97.8884836092936, 'length': 74, 'task_mapping': {'task-1': 0}}
INFO:root:    {'cost': 16.399146735217485, 'length': 17, 'task_mapping': {'task-2': 0}}
INFO:root:  found pattern {'cost': 122.9618183472902, 'length': 74, 'task_mapping': {'task-1': 0, 'task-4': 1}}, -76.70430029110575
INFO:root:  found pattern {'cost': 157.4240126017957, 'length': 95, 'task_mapping': {'task-1': 1, 'task-3': 0}}, -17.16877129860356
INFO:root:  found pattern {'cost': 25.45995179054854, 'length': 39, 'task_mapping': {'task-4': 1}}, -8.19776859674986
INFO:root:subproblem objective was non-negative; ending the iteration.
INFO:root:best objective was updated to: 0.654239
INFO:root:search ended
INFO:root:solution quality 0.654239
