INFO:root:No path to initial data was provided.
INFO:root:timelimit was set to 600.000000
INFO:root:branching was set to: ON_SUPPORTS
INFO:root:no init data provided, trying the RecoveryModel
INFO:root:initial objective 1.806462
INFO:root:INIT OBJ 1.806462322232017
INFO:root:branching
supports={}, non supports=[]
INFO:root:PATTERNS 2
INFO:root:    {'cost': 159.1014578639143, 'length': 73, 'task_mapping': {'task-0': 1, 'task-1': 0, 'task-2': 0, 'task-4': 0}}
INFO:root:    {'cost': 1.6736888147352265, 'length': 2, 'task_mapping': {'task-3': 1}}
INFO:root:  found pattern {'cost': 4.3743600260747, 'length': 7, 'task_mapping': {'task-0': 1}}, -154.7270978378396
INFO:root:  found pattern {'cost': 80.98165877335325, 'length': 67, 'task_mapping': {'task-2': 0, 'task-3': 1}}, -79.79348790529629
INFO:root:  found pattern {'cost': 96.89016069753373, 'length': 48, 'task_mapping': {'task-1': 0, 'task-2': 1}}, -62.21129716638058
INFO:root:  found pattern {'cost': 42.47656059995182, 'length': 73, 'task_mapping': {'task-4': 0}}, -116.62489726396248
INFO:root:  found pattern {'cost': 30.156862075762714, 'length': 18, 'task_mapping': {'task-0': 1, 'task-1': 0}}, -81.44100286590208
INFO:root:  found pattern {'cost': 126.73572539636012, 'length': 73, 'task_mapping': {'task-0': 1, 'task-2': 0, 'task-4': 0}}, -19.531294477475164
INFO:root:  found pattern {'cost': 152.84912063792828, 'length': 74, 'task_mapping': {'task-1': 0, 'task-2': 0, 'task-4': 1}}, -2.1441086449565105
INFO:root:  found pattern {'cost': 124.32434608196982, 'length': 73, 'task_mapping': {'task-2': 0, 'task-3': 1, 'task-4': 0}}, -0.19874756920103565
INFO:root:subproblem objective was non-negative; ending the iteration.
INFO:root:master model solution is not integer
WARNING:root:Master model reconstruction 1.785361 vs MM relaxation 1.742877
INFO:root:Solution reconstructed from patterns (1.785361) better that best so far 1.806462
INFO:root:branching
supports={'task-3': 0}, non supports=[]
INFO:root:PATTERNS 9
INFO:root:    {'cost': 159.1014578639143, 'length': 73, 'task_mapping': {'task-0': 1, 'task-1': 0, 'task-2': 0, 'task-4': 0}}
INFO:root:    {'cost': 4.3743600260747, 'length': 7, 'task_mapping': {'task-0': 1}}
INFO:root:    {'cost': 96.89016069753373, 'length': 48, 'task_mapping': {'task-1': 0, 'task-2': 1}}
INFO:root:    {'cost': 42.47656059995182, 'length': 73, 'task_mapping': {'task-4': 0}}
INFO:root:    {'cost': 30.156862075762714, 'length': 18, 'task_mapping': {'task-0': 1, 'task-1': 0}}
INFO:root:    {'cost': 126.73572539636012, 'length': 73, 'task_mapping': {'task-0': 1, 'task-2': 0, 'task-4': 0}}
INFO:root:    {'cost': 152.84912063792828, 'length': 74, 'task_mapping': {'task-1': 0, 'task-2': 0, 'task-4': 1}}
INFO:root:    {'cost': 12.994160907458937, 'length': 12, 'task_mapping': {'task-0': 1, 'task-3': 0}}
INFO:root:    {'cost': 162.0652052004292, 'length': 73, 'task_mapping': {'task-1': 0, 'task-2': 1, 'task-4': 0}}
INFO:root:  found pattern {'cost': 122.74172255854381, 'length': 73, 'task_mapping': {'task-2': 0, 'task-4': 0}}, -3.994002837816307
INFO:root:  found pattern {'cost': 9.000158069642636, 'length': 12, 'task_mapping': {'task-3': 0}}, -3.99400283781646
INFO:root:Relaxation 1.8537382344278917 is worse than best obj 1.785361454817283
INFO:root:subproblem objective was non-negative; ending the iteration.
INFO:root:master model solution (1.853738) is pruned by best-so-far solution (1.785361).
INFO:root:branching
supports={'task-3': 1}, non supports=[]
INFO:root:PATTERNS 8
INFO:root:    {'cost': 159.1014578639143, 'length': 73, 'task_mapping': {'task-0': 1, 'task-1': 0, 'task-2': 0, 'task-4': 0}}
INFO:root:    {'cost': 1.6736888147352265, 'length': 2, 'task_mapping': {'task-3': 1}}
INFO:root:    {'cost': 4.3743600260747, 'length': 7, 'task_mapping': {'task-0': 1}}
INFO:root:    {'cost': 96.89016069753373, 'length': 48, 'task_mapping': {'task-1': 0, 'task-2': 1}}
INFO:root:    {'cost': 42.47656059995182, 'length': 73, 'task_mapping': {'task-4': 0}}
INFO:root:    {'cost': 30.156862075762714, 'length': 18, 'task_mapping': {'task-0': 1, 'task-1': 0}}
INFO:root:    {'cost': 126.73572539636012, 'length': 73, 'task_mapping': {'task-0': 1, 'task-2': 0, 'task-4': 0}}
INFO:root:    {'cost': 152.84912063792828, 'length': 74, 'task_mapping': {'task-1': 0, 'task-2': 0, 'task-4': 1}}
INFO:root:subproblem objective was non-negative; ending the iteration.
INFO:root:master model solution is not integer
WARNING:root:Master model reconstruction 1.785361 vs MM relaxation 1.744423
INFO:root:RecoveryModel was not feasible for supports={'task-3': 1, 'task-1': 1}, non supports=[]
INFO:root:RecoveryModel was not feasible for supports={'task-3': 1, 'task-1': 0}, non supports=[]
INFO:root:branching
supports={'task-3': 1}, non supports=['task-1']
INFO:root:PATTERNS 7
INFO:root:    {'cost': 159.1014578639143, 'length': 73, 'task_mapping': {'task-0': 1, 'task-1': 0, 'task-2': 0, 'task-4': 0}}
INFO:root:    {'cost': 1.6736888147352265, 'length': 2, 'task_mapping': {'task-3': 1}}
INFO:root:    {'cost': 4.3743600260747, 'length': 7, 'task_mapping': {'task-0': 1}}
INFO:root:    {'cost': 96.89016069753373, 'length': 48, 'task_mapping': {'task-1': 0, 'task-2': 1}}
INFO:root:    {'cost': 42.47656059995182, 'length': 73, 'task_mapping': {'task-4': 0}}
INFO:root:    {'cost': 126.73572539636012, 'length': 73, 'task_mapping': {'task-0': 1, 'task-2': 0, 'task-4': 0}}
INFO:root:    {'cost': 152.84912063792828, 'length': 74, 'task_mapping': {'task-1': 0, 'task-2': 0, 'task-4': 1}}
INFO:root:  found pattern {'cost': 102.54647848189926, 'length': 73, 'task_mapping': {'task-0': 1, 'task-1': 0, 'task-4': 0}}, -56.554979382015055
INFO:root:subproblem objective was non-negative; ending the iteration.
INFO:root:master model solution is not integer
WARNING:root:Master model reconstruction 1.785361 vs MM relaxation 1.762531
INFO:root:RecoveryModel was not feasible for supports={'task-3': 1, 'task-0': 0}, non supports=['task-1']
INFO:root:branching
supports={'task-3': 1, 'task-0': 1}, non supports=['task-1']
INFO:root:PATTERNS 6
INFO:root:    {'cost': 1.6736888147352265, 'length': 2, 'task_mapping': {'task-3': 1}}
INFO:root:    {'cost': 4.3743600260747, 'length': 7, 'task_mapping': {'task-0': 1}}
INFO:root:    {'cost': 96.89016069753373, 'length': 48, 'task_mapping': {'task-1': 0, 'task-2': 1}}
INFO:root:    {'cost': 42.47656059995182, 'length': 73, 'task_mapping': {'task-4': 0}}
INFO:root:    {'cost': 152.84912063792828, 'length': 74, 'task_mapping': {'task-1': 0, 'task-2': 0, 'task-4': 1}}
INFO:root:    {'cost': 155.107455026098, 'length': 73, 'task_mapping': {'task-1': 0, 'task-2': 0, 'task-4': 0}}
INFO:root:  found pattern {'cost': 96.29414125591325, 'length': 74, 'task_mapping': {'task-1': 0, 'task-4': 1}}, -56.55497938201503
INFO:root:subproblem objective was non-negative; ending the iteration.
INFO:root:master model solution is not integer
WARNING:root:Master model reconstruction 1.785361 vs MM relaxation 1.766023
INFO:root:RecoveryModel was not feasible for supports={'task-3': 1, 'task-0': 1, 'task-2': 0}, non supports=['task-1']
INFO:root:RecoveryModel was not feasible for supports={'task-3': 1, 'task-0': 1, 'task-2': 1}, non supports=['task-1']
INFO:root:branching
supports={'task-3': 1, 'task-0': 1}, non supports=['task-1', 'task-2']
INFO:root:PATTERNS 7
INFO:root:    {'cost': 1.6736888147352265, 'length': 2, 'task_mapping': {'task-3': 1}}
INFO:root:    {'cost': 4.3743600260747, 'length': 7, 'task_mapping': {'task-0': 1}}
INFO:root:    {'cost': 42.47656059995182, 'length': 73, 'task_mapping': {'task-4': 0}}
INFO:root:    {'cost': 152.84912063792828, 'length': 74, 'task_mapping': {'task-1': 0, 'task-2': 0, 'task-4': 1}}
INFO:root:    {'cost': 155.107455026098, 'length': 73, 'task_mapping': {'task-1': 0, 'task-2': 0, 'task-4': 0}}
INFO:root:    {'cost': 96.29414125591325, 'length': 74, 'task_mapping': {'task-1': 0, 'task-4': 1}}
INFO:root:    {'cost': 162.0652052004292, 'length': 73, 'task_mapping': {'task-1': 0, 'task-2': 1, 'task-4': 0}}
INFO:root:  found pattern {'cost': 122.74172255854381, 'length': 73, 'task_mapping': {'task-2': 0, 'task-4': 0}}, -30.107398079384467
INFO:root:subproblem objective was non-negative; ending the iteration.
INFO:root:master model solution (1.785361) is pruned by best-so-far solution (1.785361).
INFO:root:branching
supports={'task-3': 1}, non supports=['task-1', 'task-0']
INFO:root:PATTERNS 8
INFO:root:    {'cost': 159.1014578639143, 'length': 73, 'task_mapping': {'task-0': 1, 'task-1': 0, 'task-2': 0, 'task-4': 0}}
INFO:root:    {'cost': 1.6736888147352265, 'length': 2, 'task_mapping': {'task-3': 1}}
INFO:root:    {'cost': 96.89016069753373, 'length': 48, 'task_mapping': {'task-1': 0, 'task-2': 1}}
INFO:root:    {'cost': 42.47656059995182, 'length': 73, 'task_mapping': {'task-4': 0}}
INFO:root:    {'cost': 126.73572539636012, 'length': 73, 'task_mapping': {'task-0': 1, 'task-2': 0, 'task-4': 0}}
INFO:root:    {'cost': 152.84912063792828, 'length': 74, 'task_mapping': {'task-1': 0, 'task-2': 0, 'task-4': 1}}
INFO:root:    {'cost': 102.54647848189926, 'length': 73, 'task_mapping': {'task-0': 1, 'task-1': 0, 'task-4': 0}}
INFO:root:    {'cost': 190.44512150874084, 'length': 73, 'task_mapping': {'task-0': 0, 'task-1': 0, 'task-2': 1, 'task-4': 0}}
INFO:root:  found pattern {'cost': 114.41257976234336, 'length': 67, 'task_mapping': {'task-0': 1, 'task-1': 0, 'task-2': 0}}, -44.688878101571014
INFO:root:  found pattern {'cost': 49.257535906175995, 'length': 73, 'task_mapping': {'task-0': 1, 'task-4': 0}}, -20.923210108169087
INFO:root:subproblem objective was non-negative; ending the iteration.
INFO:root:master model solution is not integer
WARNING:root:Master model reconstruction 1.806462 vs MM relaxation 1.764011
INFO:root:RecoveryModel was not feasible for supports={'task-3': 1, 'task-2': 0}, non supports=['task-1', 'task-0']
INFO:root:RecoveryModel was not feasible for supports={'task-3': 1, 'task-2': 1}, non supports=['task-1', 'task-0']
INFO:root:branching
supports={'task-3': 1}, non supports=['task-1', 'task-0', 'task-2']
INFO:root:PATTERNS 9
INFO:root:    {'cost': 159.1014578639143, 'length': 73, 'task_mapping': {'task-0': 1, 'task-1': 0, 'task-2': 0, 'task-4': 0}}
INFO:root:    {'cost': 1.6736888147352265, 'length': 2, 'task_mapping': {'task-3': 1}}
INFO:root:    {'cost': 42.47656059995182, 'length': 73, 'task_mapping': {'task-4': 0}}
INFO:root:    {'cost': 126.73572539636012, 'length': 73, 'task_mapping': {'task-0': 1, 'task-2': 0, 'task-4': 0}}
INFO:root:    {'cost': 152.84912063792828, 'length': 74, 'task_mapping': {'task-1': 0, 'task-2': 0, 'task-4': 1}}
INFO:root:    {'cost': 102.54647848189926, 'length': 73, 'task_mapping': {'task-0': 1, 'task-1': 0, 'task-4': 0}}
INFO:root:    {'cost': 190.44512150874084, 'length': 73, 'task_mapping': {'task-0': 0, 'task-1': 0, 'task-2': 1, 'task-4': 0}}
INFO:root:    {'cost': 49.257535906175995, 'length': 73, 'task_mapping': {'task-0': 1, 'task-4': 0}}
INFO:root:    {'cost': 181.22903694623992, 'length': 74, 'task_mapping': {'task-0': 0, 'task-1': 0, 'task-2': 0, 'task-4': 1}}
INFO:root:Relaxation 1.806462322232017 is worse than best obj 1.785361454817283
INFO:root:subproblem objective was non-negative; ending the iteration.
INFO:root:master model solution (1.806462) is pruned by best-so-far solution (1.785361).
INFO:root:branching
supports={}, non supports=['task-3']
INFO:root:PATTERNS 10
INFO:root:    {'cost': 159.1014578639143, 'length': 73, 'task_mapping': {'task-0': 1, 'task-1': 0, 'task-2': 0, 'task-4': 0}}
INFO:root:    {'cost': 4.3743600260747, 'length': 7, 'task_mapping': {'task-0': 1}}
INFO:root:    {'cost': 80.98165877335325, 'length': 67, 'task_mapping': {'task-2': 0, 'task-3': 1}}
INFO:root:    {'cost': 96.89016069753373, 'length': 48, 'task_mapping': {'task-1': 0, 'task-2': 1}}
INFO:root:    {'cost': 42.47656059995182, 'length': 73, 'task_mapping': {'task-4': 0}}
INFO:root:    {'cost': 30.156862075762714, 'length': 18, 'task_mapping': {'task-0': 1, 'task-1': 0}}
INFO:root:    {'cost': 126.73572539636012, 'length': 73, 'task_mapping': {'task-0': 1, 'task-2': 0, 'task-4': 0}}
INFO:root:    {'cost': 152.84912063792828, 'length': 74, 'task_mapping': {'task-1': 0, 'task-2': 0, 'task-4': 1}}
INFO:root:    {'cost': 124.32434608196982, 'length': 73, 'task_mapping': {'task-2': 0, 'task-3': 1, 'task-4': 0}}
INFO:root:    {'cost': 158.9643712316748, 'length': 74, 'task_mapping': {'task-1': 0, 'task-2': 0, 'task-3': 0, 'task-4': 1}}
INFO:root:  found pattern {'cost': 36.2721126695092, 'length': 18, 'task_mapping': {'task-0': 1, 'task-1': 0, 'task-3': 0}}, -134.21181294972033
INFO:root:  found pattern {'cost': 27.74548276137243, 'length': 18, 'task_mapping': {'task-1': 0, 'task-3': 1}}, -2.8707093654800886
INFO:root:  found pattern {'cost': 46.20345761844856, 'length': 73, 'task_mapping': {'task-3': 1, 'task-4': 0}}, -2.388353575249745
INFO:root:subproblem objective was non-negative; ending the iteration.
INFO:root:master model solution is not integer
WARNING:root:Master model reconstruction 1.835267 vs MM relaxation 1.749147
INFO:root:RecoveryModel was not feasible for supports={'task-1': 1}, non supports=['task-3']
INFO:root:RecoveryModel was not feasible for supports={'task-1': 0}, non supports=['task-3']
INFO:root:branching
supports={}, non supports=['task-3', 'task-1']
INFO:root:PATTERNS 11
INFO:root:    {'cost': 159.1014578639143, 'length': 73, 'task_mapping': {'task-0': 1, 'task-1': 0, 'task-2': 0, 'task-4': 0}}
INFO:root:    {'cost': 4.3743600260747, 'length': 7, 'task_mapping': {'task-0': 1}}
INFO:root:    {'cost': 80.98165877335325, 'length': 67, 'task_mapping': {'task-2': 0, 'task-3': 1}}
INFO:root:    {'cost': 96.89016069753373, 'length': 48, 'task_mapping': {'task-1': 0, 'task-2': 1}}
INFO:root:    {'cost': 42.47656059995182, 'length': 73, 'task_mapping': {'task-4': 0}}
INFO:root:    {'cost': 126.73572539636012, 'length': 73, 'task_mapping': {'task-0': 1, 'task-2': 0, 'task-4': 0}}
INFO:root:    {'cost': 152.84912063792828, 'length': 74, 'task_mapping': {'task-1': 0, 'task-2': 0, 'task-4': 1}}
INFO:root:    {'cost': 124.32434608196982, 'length': 73, 'task_mapping': {'task-2': 0, 'task-3': 1, 'task-4': 0}}
INFO:root:    {'cost': 158.9643712316748, 'length': 74, 'task_mapping': {'task-1': 0, 'task-2': 0, 'task-3': 0, 'task-4': 1}}
INFO:root:    {'cost': 46.20345761844856, 'length': 73, 'task_mapping': {'task-3': 1, 'task-4': 0}}
INFO:root:    {'cost': 156.69007854952403, 'length': 73, 'task_mapping': {'task-1': 0, 'task-2': 0, 'task-3': 1, 'task-4': 0}}
INFO:root:  found pattern {'cost': 103.00541129128021, 'length': 48, 'task_mapping': {'task-1': 0, 'task-2': 1, 'task-3': 0}}, -15.723912125404233
INFO:root:  found pattern {'cost': 100.13509916750897, 'length': 73, 'task_mapping': {'task-1': 0, 'task-3': 1, 'task-4': 0}}, -56.554979382015034
INFO:root:subproblem objective was non-negative; ending the iteration.
INFO:root:master model solution is not integer
WARNING:root:Master model reconstruction 1.809713 vs MM relaxation 1.781069
INFO:root:RecoveryModel was not feasible for supports={'task-0': 0}, non supports=['task-3', 'task-1']
INFO:root:branching
supports={'task-0': 1}, non supports=['task-3', 'task-1']
INFO:root:PATTERNS 11
INFO:root:    {'cost': 4.3743600260747, 'length': 7, 'task_mapping': {'task-0': 1}}
INFO:root:    {'cost': 80.98165877335325, 'length': 67, 'task_mapping': {'task-2': 0, 'task-3': 1}}
INFO:root:    {'cost': 96.89016069753373, 'length': 48, 'task_mapping': {'task-1': 0, 'task-2': 1}}
INFO:root:    {'cost': 42.47656059995182, 'length': 73, 'task_mapping': {'task-4': 0}}
INFO:root:    {'cost': 152.84912063792828, 'length': 74, 'task_mapping': {'task-1': 0, 'task-2': 0, 'task-4': 1}}
INFO:root:    {'cost': 124.32434608196982, 'length': 73, 'task_mapping': {'task-2': 0, 'task-3': 1, 'task-4': 0}}
INFO:root:    {'cost': 158.9643712316748, 'length': 74, 'task_mapping': {'task-1': 0, 'task-2': 0, 'task-3': 0, 'task-4': 1}}
INFO:root:    {'cost': 46.20345761844856, 'length': 73, 'task_mapping': {'task-3': 1, 'task-4': 0}}
INFO:root:    {'cost': 156.69007854952403, 'length': 73, 'task_mapping': {'task-1': 0, 'task-2': 0, 'task-3': 1, 'task-4': 0}}
INFO:root:    {'cost': 103.00541129128021, 'length': 48, 'task_mapping': {'task-1': 0, 'task-2': 1, 'task-3': 0}}
INFO:root:    {'cost': 100.13509916750897, 'length': 73, 'task_mapping': {'task-1': 0, 'task-3': 1, 'task-4': 0}}
INFO:root:subproblem objective was non-negative; ending the iteration.
INFO:root:master model solution is not integer
WARNING:root:Master model reconstruction 1.809713 vs MM relaxation 1.781069
INFO:root:RecoveryModel was not feasible for supports={'task-0': 1, 'task-2': 0}, non supports=['task-3', 'task-1']
INFO:root:RecoveryModel was not feasible for supports={'task-0': 1, 'task-2': 1}, non supports=['task-3', 'task-1']
INFO:root:branching
supports={'task-0': 1}, non supports=['task-3', 'task-1', 'task-2']
INFO:root:PATTERNS 9
INFO:root:    {'cost': 4.3743600260747, 'length': 7, 'task_mapping': {'task-0': 1}}
INFO:root:    {'cost': 42.47656059995182, 'length': 73, 'task_mapping': {'task-4': 0}}
INFO:root:    {'cost': 152.84912063792828, 'length': 74, 'task_mapping': {'task-1': 0, 'task-2': 0, 'task-4': 1}}
INFO:root:    {'cost': 124.32434608196982, 'length': 73, 'task_mapping': {'task-2': 0, 'task-3': 1, 'task-4': 0}}
INFO:root:    {'cost': 158.9643712316748, 'length': 74, 'task_mapping': {'task-1': 0, 'task-2': 0, 'task-3': 0, 'task-4': 1}}
INFO:root:    {'cost': 46.20345761844856, 'length': 73, 'task_mapping': {'task-3': 1, 'task-4': 0}}
INFO:root:    {'cost': 156.69007854952403, 'length': 73, 'task_mapping': {'task-1': 0, 'task-2': 0, 'task-3': 1, 'task-4': 0}}
INFO:root:    {'cost': 100.13509916750897, 'length': 73, 'task_mapping': {'task-1': 0, 'task-3': 1, 'task-4': 0}}
INFO:root:    {'cost': 168.18045579417569, 'length': 73, 'task_mapping': {'task-1': 0, 'task-2': 1, 'task-3': 0, 'task-4': 0}}
INFO:root:Relaxation 1.8097127929842554 is worse than best obj 1.785361454817283
INFO:root:subproblem objective was non-negative; ending the iteration.
INFO:root:master model solution (1.809713) is pruned by best-so-far solution (1.785361).
INFO:root:RecoveryModel was not feasible for supports={}, non supports=['task-3', 'task-1', 'task-0']
INFO:root:search ended
INFO:root:solution quality 1.785361
