INFO:root:No path to initial data was provided.
INFO:root:timelimit was set to 600.000000
INFO:root:branching was set to: ON_TASKS
INFO:root:no init data provided, trying the RecoveryModel
INFO:root:initial objective 1.097849
INFO:root:INIT OBJ 1.0978489069882813
INFO:root:branching
fixed_task_mapping={}
INFO:root:PATTERNS 1
INFO:root:    {'cost': 175.655825118125, 'length': 73, 'task_mapping': {'task-0': 0, 'task-1': 1, 'task-2': 0, 'task-3': 1, 'task-4': 1}}
INFO:root:  found pattern {'cost': 1.8917346184014867, 'length': 3, 'task_mapping': {'task-0': 0}}, -173.76409049972352
INFO:root:  found pattern {'cost': 19.372466084817418, 'length': 28, 'task_mapping': {'task-2': 1}}, -156.28335903330756
INFO:root:  found pattern {'cost': 22.56242125059973, 'length': 16, 'task_mapping': {'task-4': 1}}, -153.0934038675253
INFO:root:  found pattern {'cost': 64.21019473207998, 'length': 81, 'task_mapping': {'task-1': 0}}, -111.445630386045
INFO:root:  found pattern {'cost': 67.90614135198324, 'length': 81, 'task_mapping': {'task-1': 0, 'task-3': 0}}, -107.7496837661418
INFO:root:  found pattern {'cost': 40.460559312276686, 'length': 28, 'task_mapping': {'task-0': 0, 'task-2': 1, 'task-4': 1}}, -3.3660626415421007
INFO:root:  found pattern {'cost': 84.94469590163544, 'length': 81, 'task_mapping': {'task-1': 0, 'task-2': 1, 'task-3': 0}}, -2.3339115351653064
INFO:root:  found pattern {'cost': 39.21276193060859, 'length': 28, 'task_mapping': {'task-2': 1, 'task-4': 1}}, -0.3882138696433657
INFO:root:subproblem objective was non-negative; ending the iteration.
INFO:root:best objective was updated to: 0.677292
INFO:root:search ended
INFO:root:solution quality 0.677292
