Using license file /home/benedond/gurobi.lic
Using gurobi.env file
Set parameter Threads to value 1
Academic license - for non-commercial use only
Changed value of parameter TimeLimit to 300.0
   Prev: inf  Min: 0.0  Max: inf  Default: inf
Gurobi Optimizer version 9.0.1 build v9.0.1rc0 (linux64)
Optimize a model with 601 rows, 525 columns and 2445 nonzeros
Model fingerprint: 0x5df64248
Variable types: 30 continuous, 495 integer (495 binary)
Coefficient statistics:
  Matrix range     [2e-01, 4e+02]
  Objective range  [5e-02, 6e-01]
  Bounds range     [1e+00, 1e+00]
  RHS range        [1e+00, 7e+02]
Presolve removed 65 rows and 46 columns
Presolve time: 0.02s
Presolved: 536 rows, 479 columns, 3863 nonzeros
Variable types: 29 continuous, 450 integer (450 binary)
Found heuristic solution: objective 4.7698000
Found heuristic solution: objective 4.3582572

Root relaxation: objective 2.957001e+00, 455 iterations, 0.01 seconds

    Nodes    |    Current Node    |     Objective Bounds      |     Work
 Expl Unexpl |  Obj  Depth IntInf | Incumbent    BestBd   Gap | It/Node Time

     0     0    2.95700    0   62    4.35826    2.95700  32.2%     -    0s
     0     0    3.03447    0   66    4.35826    3.03447  30.4%     -    0s
     0     0    3.08132    0   61    4.35826    3.08132  29.3%     -    0s
     0     0    3.12847    0   96    4.35826    3.12847  28.2%     -    0s
H    0     0                       4.0034000    3.12847  21.9%     -    0s
     0     0    3.12878    0  103    4.00340    3.12878  21.8%     -    0s
     0     0    3.12878    0  103    4.00340    3.12878  21.8%     -    0s
     0     0    3.16251    0   94    4.00340    3.16251  21.0%     -    0s
     0     0    3.17377    0   89    4.00340    3.17377  20.7%     -    0s
     0     0    3.20413    0   86    4.00340    3.20413  20.0%     -    0s
H    0     0                       3.5918714    3.20413  10.8%     -    0s
H    0     0                       3.4613714    3.20413  7.43%     -    0s
     0     0    3.20716    0   84    3.46137    3.20716  7.34%     -    0s
     0     0    3.20720    0   85    3.46137    3.20720  7.34%     -    0s
     0     0    3.21484    0  103    3.46137    3.21484  7.12%     -    0s
     0     0    3.21496    0  112    3.46137    3.21496  7.12%     -    0s
     0     0    3.21831    0   91    3.46137    3.21831  7.02%     -    0s
     0     0    3.21841    0  105    3.46137    3.21841  7.02%     -    0s
     0     0    3.22134    0  110    3.46137    3.22134  6.93%     -    0s
     0     0    3.22138    0  102    3.46137    3.22138  6.93%     -    0s
     0     0    3.22288    0   87    3.46137    3.22288  6.89%     -    0s
     0     0    3.22308    0  116    3.46137    3.22308  6.88%     -    0s
     0     0    3.22476    0  106    3.46137    3.22476  6.84%     -    0s
     0     0    3.22476    0  102    3.46137    3.22476  6.84%     -    0s
H    0     0                       3.4465000    3.22476  6.43%     -    0s
     0     0    3.22537    0   62    3.44650    3.22537  6.42%     -    0s
     0     0    3.22537    0   56    3.44650    3.22537  6.42%     -    0s
     0     0    3.22537    0   80    3.44650    3.22537  6.42%     -    0s
     0     0    3.22537    0   79    3.44650    3.22537  6.42%     -    0s
     0     0    3.22537    0   84    3.44650    3.22537  6.42%     -    0s
     0     0    3.22537    0   85    3.44650    3.22537  6.42%     -    0s
     0     0    3.22665    0   79    3.44650    3.22665  6.38%     -    0s
     0     0    3.22873    0   78    3.44650    3.22873  6.32%     -    0s
     0     0    3.22891    0   98    3.44650    3.22891  6.31%     -    0s
     0     0    3.22927    0   97    3.44650    3.22927  6.30%     -    0s
     0     0    3.22948    0  107    3.44650    3.22948  6.30%     -    0s
     0     0    3.23137    0   95    3.44650    3.23137  6.24%     -    0s
     0     0    3.23182    0  113    3.44650    3.23182  6.23%     -    0s
     0     0    3.23206    0  115    3.44650    3.23206  6.22%     -    0s
     0     0    3.23214    0  118    3.44650    3.23214  6.22%     -    0s
     0     0    3.23313    0  113    3.44650    3.23313  6.19%     -    0s
     0     0    3.23322    0  111    3.44650    3.23322  6.19%     -    0s
     0     0    3.23352    0  116    3.44650    3.23352  6.18%     -    0s
     0     0    3.23352    0  114    3.44650    3.23352  6.18%     -    0s
H    0     0                       3.4464999    3.23378  6.17%     -    0s
     0     2    3.23378    0  110    3.44650    3.23378  6.17%     -    0s
*  106    42               9       3.4320714    3.33553  2.81%  41.5    0s

Cutting planes:
  Gomory: 5
  Cover: 18
  Implied bound: 4
  Clique: 1
  MIR: 17
  StrongCG: 2
  Zero half: 3
  Mod-K: 1
  RLT: 3
  Relax-and-lift: 65

Explored 155 nodes (9457 simplex iterations) in 0.91 seconds
Thread count was 1 (of 4 available processors)

Solution count 8: 3.43207 3.4465 3.4465 ... 4.7698

Optimal solution found (tolerance 1.00e-04)
Best objective 3.432071420912e+00, best bound 3.432071420912e+00, gap 0.0000%
