Tasks lengths
[56, 59, 64, 69, 78, 82, 87, 101, 111, 130, 134, 135, 154, 157, 171, 262, 307, 346, 398, 489]
6
Using license file /home/benedond/gurobi.lic
Using gurobi.env file
Set parameter Threads to value 1
Academic license - for non-commercial use only
Changed value of parameter TimeLimit to 300.0
   Prev: inf  Min: 0.0  Max: inf  Default: inf
Gurobi Optimizer version 9.0.1 build v9.0.1rc0 (linux64)
Optimize a model with 148 rows, 126 columns and 496 nonzeros
Model fingerprint: 0x9b3906e7
Model has 120 quadratic objective terms
Variable types: 6 continuous, 120 integer (120 binary)
Coefficient statistics:
  Matrix range     [1e+00, 5e+02]
  Objective range  [0e+00, 0e+00]
  QObjective range [1e-03, 9e-03]
  Bounds range     [1e+00, 1e+00]
  RHS range        [1e+00, 5e+02]
Presolve removed 58 rows and 53 columns
Presolve time: 0.01s
Presolved: 157 rows, 140 columns, 472 nonzeros
Variable types: 0 continuous, 140 integer (67 binary)
Found heuristic solution: objective 3.7425912

Root relaxation: objective 0.000000e+00, 39 iterations, 0.00 seconds

    Nodes    |    Current Node    |     Objective Bounds      |     Work
 Expl Unexpl |  Obj  Depth IntInf | Incumbent    BestBd   Gap | It/Node Time

     0     0    0.00000    0   27    3.74259    0.00000   100%     -    0s
H    0     0                       3.4379904    0.00000   100%     -    0s
     0     0    0.54826    0   28    3.43799    0.54826  84.1%     -    0s
     0     0    0.54826    0   27    3.43799    0.54826  84.1%     -    0s
     0     0    1.94319    0   41    3.43799    1.94319  43.5%     -    0s
     0     0    2.18970    0   39    3.43799    2.18970  36.3%     -    0s
     0     0    2.18972    0   39    3.43799    2.18972  36.3%     -    0s
     0     0    2.29739    0   44    3.43799    2.29739  33.2%     -    0s
     0     0    2.29739    0   43    3.43799    2.29739  33.2%     -    0s
     0     2    2.39140    0   43    3.43799    2.39140  30.4%     -    0s
H   73    32                       3.3660609    2.62302  22.1%  10.2    0s
*   76    28              23       3.3345785    2.62302  21.3%  10.0    0s
H  138    45                       3.2187738    2.71971  15.5%  10.0    0s
H  139    45                       3.1978107    2.71971  15.0%  10.0    0s
*  154    44              39       3.1808262    2.71971  14.5%   9.2    0s

Cutting planes:
  Gomory: 3
  Cover: 16
  Implied bound: 66
  MIR: 11
  StrongCG: 5
  RLT: 24
  Relax-and-lift: 17

Explored 512 nodes (4417 simplex iterations) in 0.19 seconds
Thread count was 1 (of 4 available processors)

Solution count 7: 3.18083 3.19781 3.21877 ... 3.74259

Optimal solution found (tolerance 1.00e-04)
Best objective 3.180826205683e+00, best bound 3.180826205683e+00, gap 0.0000%
