Tasks lengths
[53, 58, 60, 76, 84, 87, 89, 90, 94, 96, 96, 101, 107, 112, 112, 113, 119, 119, 121, 123, 138, 138, 143, 155, 157, 165, 166, 177, 179, 197, 214, 240, 255, 278, 312, 341, 343, 353, 410, 465]
11
Using license file /home/benedond/gurobi.lic
Using gurobi.env file
Set parameter Threads to value 1
Academic license - for non-commercial use only
Changed value of parameter TimeLimit to 300.0
   Prev: inf  Min: 0.0  Max: inf  Default: inf
Gurobi Optimizer version 9.0.1 build v9.0.1rc0 (linux64)
Optimize a model with 493 rows, 451 columns and 1791 nonzeros
Model fingerprint: 0xb9b6337b
Model has 440 quadratic objective terms
Variable types: 11 continuous, 440 integer (440 binary)
Coefficient statistics:
  Matrix range     [1e+00, 5e+02]
  Objective range  [0e+00, 0e+00]
  QObjective range [7e-04, 5e-03]
  Bounds range     [1e+00, 1e+00]
  RHS range        [1e+00, 1e+03]
Presolve removed 186 rows and 181 columns
Presolve time: 0.04s
Presolved: 566 rows, 529 columns, 1834 nonzeros
Variable types: 0 continuous, 529 integer (259 binary)

Root relaxation: objective 0.000000e+00, 130 iterations, 0.00 seconds

    Nodes    |    Current Node    |     Objective Bounds      |     Work
 Expl Unexpl |  Obj  Depth IntInf | Incumbent    BestBd   Gap | It/Node Time

     0     0    0.00000    0   47          -    0.00000      -     -    0s
     0     0    0.00000    0   63          -    0.00000      -     -    0s
     0     0    0.00000    0   50          -    0.00000      -     -    0s
     0     0    0.00000    0   49          -    0.00000      -     -    0s
H    0     0                       4.2220158    0.00000   100%     -    0s
H    0     0                       4.1438563    0.24167  94.2%     -    0s
     0     2    0.24167    0   46    4.14386    0.24167  94.2%     -    0s
H   81    78                       4.1107417    0.24167  94.1%  21.7    0s
H  108   105                       4.0257888    0.24167  94.0%  18.9    0s
H  135   129                       3.9650417    0.24167  93.9%  15.6    0s
H  434   328                       3.9234308    0.32701  91.7%  17.2    0s
H  574   405                       3.8345235    0.70067  81.7%  26.4    0s
H  591   397                       3.8285924    0.70067  81.7%  25.9    0s
H  682   424                       3.7872215    0.78841  79.2%  26.3    1s
H  709   423                       3.7541293    0.78841  79.0%  26.7    1s
H  736   418                       3.7088700    0.78841  78.7%  26.1    1s
H  763   418                       3.6802200    0.78841  78.6%  25.4    1s
H  953   490                       3.6239374    0.80485  77.8%  23.5    1s
H 1226   584                       3.6078046    0.96840  73.2%  21.4    1s
H 1307   628                       3.6027101    0.96840  73.1%  21.2    1s
* 1331   648             105       3.5996828    0.96840  73.1%  20.9    1s
* 1335   643             102       3.5782496    0.96840  72.9%  20.8    1s
H 1363   662                       3.5341073    0.96840  72.6%  21.3    1s
H 1499   762                       3.5156919    0.96840  72.5%  21.5    1s
* 2256  1326              96       3.4996043    0.97059  72.3%  19.3    2s
H 4265  2773                       3.4799494    1.09677  68.5%  17.8    3s
H 5381  3313                       3.4474953    1.17046  66.0%  19.0    4s
H 5516  3212                       3.4296601    1.17046  65.9%  19.5    4s
  5549  3232    2.23526   93   43    3.42966    1.17046  65.9%  19.6    5s
 13124  6286    1.77927   39   48    3.42966    1.34389  60.8%  19.7   10s
 15319  7559    3.09757   41  116    3.42966    3.09757  9.68%  19.4   15s
 16104  7710    3.22217   57   54    3.42966    3.11761  9.10%  19.7   20s
 21405  8168    3.33460   54   65    3.42966    3.17250  7.50%  19.1   25s
 27063  8325    3.35652   55   49    3.42966    3.19765  6.76%  18.6   30s
 33049  8218    3.21855   54   63    3.42966    3.21631  6.22%  18.1   35s
*38000  7815              90       3.4044882    3.22624  5.24%  17.6   38s
*38001  7673              90       3.3985639    3.22624  5.07%  17.6   38s
H38112  7202                       3.3800249    3.22678  4.53%  17.6   39s
H38144  6834                       3.3705252    3.22696  4.26%  17.6   39s
 39280  7117    3.34809   55   54    3.37053    3.22985  4.17%  17.5   40s
H44377  8018                       3.3638274    3.24054  3.66%  17.2   43s
 45848  8319    3.35576   52   41    3.36383    3.24222  3.62%  17.1   45s
H46540  7069                       3.3408221    3.24355  2.91%  17.0   45s
 52105  7456    3.30518   65   56    3.34082    3.25528  2.56%  16.8   50s
 58899  7279    3.27062   47   41    3.34082    3.27062  2.10%  16.6   55s
 65625  6897     cutoff   57         3.34082    3.28379  1.71%  16.4   60s
 72663  6129     cutoff   60         3.34082    3.29532  1.36%  16.2   65s
 79855  4227     cutoff   81         3.34082    3.31018  0.92%  16.0   70s
 87390   638     cutoff   57         3.34082    3.33465  0.18%  15.8   75s

Cutting planes:
  Gomory: 20
  Cover: 2
  Implied bound: 253
  Projected implied bound: 16
  Clique: 2
  MIR: 24
  StrongCG: 1
  Flow cover: 57
  GUB cover: 2
  Zero half: 2
  RLT: 1
  Relax-and-lift: 24

Explored 88160 nodes (1394218 simplex iterations) in 75.51 seconds
Thread count was 1 (of 4 available processors)

Solution count 10: 3.34082 3.36383 3.37053 ... 3.4996

Optimal solution found (tolerance 1.00e-04)
Best objective 3.340822094757e+00, best bound 3.340506355888e+00, gap 0.0095%
