Using license file /home/benedond/gurobi.lic
Using gurobi.env file
Set parameter Threads to value 1
Academic license - for non-commercial use only
Gurobi Optimizer version 9.0.1 build v9.0.1rc0 (linux64)
Optimize a model with 1351 rows, 1275 columns and 5098 nonzeros
Model fingerprint: 0x37549588
Variable types: 25 continuous, 1250 integer (1250 binary)
Coefficient statistics:
  Matrix range     [1e+00, 4e+02]
  Objective range  [0e+00, 0e+00]
  Bounds range     [1e+00, 1e+00]
  RHS range        [1e+00, 1e+03]
Presolve removed 806 rows and 787 columns
Presolve time: 0.40s
Presolved: 545 rows, 488 columns, 1886 nonzeros
Variable types: 25 continuous, 463 integer (463 binary)

Root relaxation: objective 0.000000e+00, 201 iterations, 0.00 seconds

    Nodes    |    Current Node    |     Objective Bounds      |     Work
 Expl Unexpl |  Obj  Depth IntInf | Incumbent    BestBd   Gap | It/Node Time

     0     0    0.00000    0   15          -    0.00000      -     -    0s
H    0     0                       0.0000000    0.00000  0.00%     -    0s
     0     0    0.00000    0   15    0.00000    0.00000  0.00%     -    0s

Explored 1 nodes (686 simplex iterations) in 0.41 seconds
Thread count was 1 (of 4 available processors)

Solution count 1: 0 

Optimal solution found (tolerance 1.00e-04)
Best objective 0.000000000000e+00, best bound 0.000000000000e+00, gap 0.0000%
Gurobi Optimizer version 9.0.1 build v9.0.1rc0 (linux64)
Optimize a model with 1352 rows, 1275 columns and 5123 nonzeros
Model fingerprint: 0x805c2700
Variable types: 25 continuous, 1250 integer (1250 binary)
Coefficient statistics:
  Matrix range     [1e+00, 4e+02]
  Objective range  [0e+00, 0e+00]
  Bounds range     [1e+00, 1e+00]
  RHS range        [1e+00, 1e+03]
Presolve removed 864 rows and 838 columns
Presolve time: 0.39s
Presolved: 488 rows, 437 columns, 1682 nonzeros
Variable types: 25 continuous, 412 integer (412 binary)

Root relaxation: objective 0.000000e+00, 154 iterations, 0.00 seconds

    Nodes    |    Current Node    |     Objective Bounds      |     Work
 Expl Unexpl |  Obj  Depth IntInf | Incumbent    BestBd   Gap | It/Node Time

*    0     0               0       0.0000000    0.00000  0.00%     -    0s

Explored 0 nodes (333 simplex iterations) in 0.40 seconds
Thread count was 1 (of 4 available processors)

Solution count 1: 0 

Optimal solution found (tolerance 1.00e-04)
Best objective 0.000000000000e+00, best bound 0.000000000000e+00, gap 0.0000%
Gurobi Optimizer version 9.0.1 build v9.0.1rc0 (linux64)
Optimize a model with 1353 rows, 1275 columns and 5148 nonzeros
Model fingerprint: 0x982f41de
Variable types: 25 continuous, 1250 integer (1250 binary)
Coefficient statistics:
  Matrix range     [1e+00, 4e+02]
  Objective range  [0e+00, 0e+00]
  Bounds range     [1e+00, 1e+00]
  RHS range        [1e+00, 1e+03]
Presolve removed 979 rows and 946 columns
Presolve time: 0.35s
Presolved: 374 rows, 329 columns, 1282 nonzeros
Variable types: 18 continuous, 311 integer (311 binary)

Root relaxation: objective 0.000000e+00, 137 iterations, 0.00 seconds

    Nodes    |    Current Node    |     Objective Bounds      |     Work
 Expl Unexpl |  Obj  Depth IntInf | Incumbent    BestBd   Gap | It/Node Time

H    0     0                       0.0000000    0.00000  0.00%     -    0s
     0     0    0.00000    0   51    0.00000    0.00000  0.00%     -    0s

Explored 0 nodes (137 simplex iterations) in 0.35 seconds
Thread count was 1 (of 4 available processors)

Solution count 1: 0 

Optimal solution found (tolerance 1.00e-04)
Best objective 0.000000000000e+00, best bound 0.000000000000e+00, gap 0.0000%
Gurobi Optimizer version 9.0.1 build v9.0.1rc0 (linux64)
Optimize a model with 1354 rows, 1275 columns and 5173 nonzeros
Model fingerprint: 0x0247446c
Variable types: 25 continuous, 1250 integer (1250 binary)
Coefficient statistics:
  Matrix range     [1e+00, 4e+02]
  Objective range  [0e+00, 0e+00]
  Bounds range     [1e+00, 1e+00]
  RHS range        [1e+00, 1e+03]
Presolve removed 986 rows and 952 columns
Presolve time: 0.33s
Presolved: 368 rows, 323 columns, 1258 nonzeros
Variable types: 18 continuous, 305 integer (305 binary)

Root relaxation: objective 0.000000e+00, 139 iterations, 0.00 seconds

    Nodes    |    Current Node    |     Objective Bounds      |     Work
 Expl Unexpl |  Obj  Depth IntInf | Incumbent    BestBd   Gap | It/Node Time

H    0     0                       0.0000000    0.00000  0.00%     -    0s
     0     0    0.00000    0    7    0.00000    0.00000  0.00%     -    0s

Explored 0 nodes (301 simplex iterations) in 0.34 seconds
Thread count was 1 (of 4 available processors)

Solution count 1: 0 

Optimal solution found (tolerance 1.00e-04)
Best objective 0.000000000000e+00, best bound 0.000000000000e+00, gap 0.0000%
Gurobi Optimizer version 9.0.1 build v9.0.1rc0 (linux64)
Optimize a model with 1355 rows, 1275 columns and 5198 nonzeros
Model fingerprint: 0xad91937c
Variable types: 25 continuous, 1250 integer (1250 binary)
Coefficient statistics:
  Matrix range     [1e+00, 4e+02]
  Objective range  [0e+00, 0e+00]
  Bounds range     [1e+00, 1e+00]
  RHS range        [1e+00, 1e+03]
Presolve removed 994 rows and 959 columns
Presolve time: 0.32s
Presolved: 361 rows, 316 columns, 1232 nonzeros
Variable types: 18 continuous, 298 integer (298 binary)

Root relaxation: objective 0.000000e+00, 130 iterations, 0.00 seconds

    Nodes    |    Current Node    |     Objective Bounds      |     Work
 Expl Unexpl |  Obj  Depth IntInf | Incumbent    BestBd   Gap | It/Node Time

H    0     0                       0.0000000    0.00000  0.00%     -    0s
     0     0    0.00000    0   11    0.00000    0.00000  0.00%     -    0s

Explored 0 nodes (283 simplex iterations) in 0.33 seconds
Thread count was 1 (of 4 available processors)

Solution count 1: 0 

Optimal solution found (tolerance 1.00e-04)
Best objective 0.000000000000e+00, best bound 0.000000000000e+00, gap 0.0000%
Gurobi Optimizer version 9.0.1 build v9.0.1rc0 (linux64)
Optimize a model with 1356 rows, 1275 columns and 5223 nonzeros
Model fingerprint: 0xf8f25258
Variable types: 25 continuous, 1250 integer (1250 binary)
Coefficient statistics:
  Matrix range     [1e+00, 4e+02]
  Objective range  [0e+00, 0e+00]
  Bounds range     [1e+00, 1e+00]
  RHS range        [1e+00, 1e+03]
Presolve removed 1140 rows and 1055 columns
Presolve time: 0.23s
Presolved: 216 rows, 220 columns, 778 nonzeros
Variable types: 14 continuous, 206 integer (206 binary)

Root relaxation: objective 0.000000e+00, 127 iterations, 0.00 seconds

    Nodes    |    Current Node    |     Objective Bounds      |     Work
 Expl Unexpl |  Obj  Depth IntInf | Incumbent    BestBd   Gap | It/Node Time

H    0     0                       0.0000000    0.00000  0.00%     -    0s
     0     0    0.00000    0   13    0.00000    0.00000  0.00%     -    0s

Explored 0 nodes (252 simplex iterations) in 0.24 seconds
Thread count was 1 (of 4 available processors)

Solution count 1: 0 

Optimal solution found (tolerance 1.00e-04)
Best objective 0.000000000000e+00, best bound 0.000000000000e+00, gap 0.0000%
Gurobi Optimizer version 9.0.1 build v9.0.1rc0 (linux64)
Optimize a model with 1357 rows, 1275 columns and 5248 nonzeros
Model fingerprint: 0x2872a177
Variable types: 25 continuous, 1250 integer (1250 binary)
Coefficient statistics:
  Matrix range     [1e+00, 4e+02]
  Objective range  [0e+00, 0e+00]
  Bounds range     [1e+00, 1e+00]
  RHS range        [1e+00, 1e+03]
Presolve removed 1146 rows and 1061 columns
Presolve time: 0.22s
Presolved: 211 rows, 214 columns, 757 nonzeros
Variable types: 14 continuous, 200 integer (200 binary)

Root relaxation: objective 0.000000e+00, 152 iterations, 0.00 seconds

    Nodes    |    Current Node    |     Objective Bounds      |     Work
 Expl Unexpl |  Obj  Depth IntInf | Incumbent    BestBd   Gap | It/Node Time

H    0     0                       0.0000000    0.00000  0.00%     -    0s
     0     0    0.00000    0   14    0.00000    0.00000  0.00%     -    0s

Explored 0 nodes (289 simplex iterations) in 0.23 seconds
Thread count was 1 (of 4 available processors)

Solution count 1: 0 

Optimal solution found (tolerance 1.00e-04)
Best objective 0.000000000000e+00, best bound 0.000000000000e+00, gap 0.0000%
Gurobi Optimizer version 9.0.1 build v9.0.1rc0 (linux64)
Optimize a model with 1358 rows, 1275 columns and 5273 nonzeros
Model fingerprint: 0xe1b57c73
Variable types: 25 continuous, 1250 integer (1250 binary)
Coefficient statistics:
  Matrix range     [1e+00, 4e+02]
  Objective range  [0e+00, 0e+00]
  Bounds range     [1e+00, 1e+00]
  RHS range        [1e+00, 1e+03]
Presolve removed 1017 rows and 979 columns
Presolve time: 0.28s
Presolved: 341 rows, 296 columns, 1154 nonzeros
Variable types: 18 continuous, 278 integer (278 binary)

Root relaxation: objective 0.000000e+00, 98 iterations, 0.00 seconds

    Nodes    |    Current Node    |     Objective Bounds      |     Work
 Expl Unexpl |  Obj  Depth IntInf | Incumbent    BestBd   Gap | It/Node Time

     0     0    0.00000    0    9          -    0.00000      -     -    0s
     0     0    0.00000    0   20          -    0.00000      -     -    0s
H    0     0                       0.0000000    0.00000  0.00%     -    0s
     0     0    0.00000    0    4    0.00000    0.00000  0.00%     -    0s

Cutting planes:
  Gomory: 8
  Cover: 2
  MIR: 8
  StrongCG: 1
  GUB cover: 1
  Relax-and-lift: 5

Explored 1 nodes (638 simplex iterations) in 0.31 seconds
Thread count was 1 (of 4 available processors)

Solution count 1: 0 

Optimal solution found (tolerance 1.00e-04)
Best objective 0.000000000000e+00, best bound 0.000000000000e+00, gap 0.0000%
Gurobi Optimizer version 9.0.1 build v9.0.1rc0 (linux64)
Optimize a model with 1359 rows, 1275 columns and 5298 nonzeros
Model fingerprint: 0x04f17244
Variable types: 25 continuous, 1250 integer (1250 binary)
Coefficient statistics:
  Matrix range     [1e+00, 4e+02]
  Objective range  [0e+00, 0e+00]
  Bounds range     [1e+00, 1e+00]
  RHS range        [1e+00, 1e+03]
Presolve removed 1025 rows and 986 columns
Presolve time: 0.27s
Presolved: 334 rows, 289 columns, 1126 nonzeros
Variable types: 18 continuous, 271 integer (271 binary)

Root relaxation: objective 0.000000e+00, 112 iterations, 0.00 seconds

    Nodes    |    Current Node    |     Objective Bounds      |     Work
 Expl Unexpl |  Obj  Depth IntInf | Incumbent    BestBd   Gap | It/Node Time

     0     0    0.00000    0   15          -    0.00000      -     -    0s
     0     0    0.00000    0   30          -    0.00000      -     -    0s
     0     0    0.00000    0   30          -    0.00000      -     -    0s
     0     0    0.00000    0    8          -    0.00000      -     -    0s
     0     0    0.00000    0   14          -    0.00000      -     -    0s
     0     0    0.00000    0   39          -    0.00000      -     -    0s
     0     0    0.00000    0   20          -    0.00000      -     -    0s
     0     0    0.00000    0   13          -    0.00000      -     -    0s
     0     0    0.00000    0    7          -    0.00000      -     -    0s
     0     0    0.00000    0   11          -    0.00000      -     -    0s
     0     0    0.00000    0   10          -    0.00000      -     -    0s
     0     0    0.00000    0   20          -    0.00000      -     -    0s
     0     0    0.00000    0   12          -    0.00000      -     -    0s
     0     0    0.00000    0   14          -    0.00000      -     -    0s
     0     0    0.00000    0   17          -    0.00000      -     -    0s
     0     0    0.00000    0   14          -    0.00000      -     -    0s
     0     2    0.00000    0    6          -    0.00000      -     -    0s

Cutting planes:
  Cover: 20
  MIR: 23
  StrongCG: 1
  RLT: 1
  Relax-and-lift: 5

Explored 110 nodes (4110 simplex iterations) in 0.45 seconds
Thread count was 1 (of 4 available processors)

Solution count 0

Model is infeasible
Best objective -, best bound -, gap -
Gurobi Optimizer version 9.0.1 build v9.0.1rc0 (linux64)
Optimize a model with 1359 rows, 1275 columns and 5298 nonzeros
Model fingerprint: 0x17efa6b2
Variable types: 25 continuous, 1250 integer (1250 binary)
Coefficient statistics:
  Matrix range     [1e+00, 4e+02]
  Objective range  [0e+00, 0e+00]
  Bounds range     [1e+00, 1e+00]
  RHS range        [1e+00, 1e+03]
Presolve removed 1021 rows and 982 columns
Presolve time: 0.27s
Presolved: 338 rows, 293 columns, 1142 nonzeros
Variable types: 18 continuous, 275 integer (275 binary)

Root relaxation: objective 0.000000e+00, 105 iterations, 0.00 seconds

    Nodes    |    Current Node    |     Objective Bounds      |     Work
 Expl Unexpl |  Obj  Depth IntInf | Incumbent    BestBd   Gap | It/Node Time

     0     0    0.00000    0    3          -    0.00000      -     -    0s
H    0     0                       0.0000000    0.00000  0.00%     -    0s

Explored 1 nodes (291 simplex iterations) in 0.28 seconds
Thread count was 1 (of 4 available processors)

Solution count 1: 0 

Optimal solution found (tolerance 1.00e-04)
Best objective 0.000000000000e+00, best bound 0.000000000000e+00, gap 0.0000%
Gurobi Optimizer version 9.0.1 build v9.0.1rc0 (linux64)
Optimize a model with 1360 rows, 1275 columns and 5323 nonzeros
Model fingerprint: 0x6d1e9161
Variable types: 25 continuous, 1250 integer (1250 binary)
Coefficient statistics:
  Matrix range     [1e+00, 4e+02]
  Objective range  [0e+00, 0e+00]
  Bounds range     [1e+00, 1e+00]
  RHS range        [1e+00, 1e+03]
Presolve removed 1027 rows and 987 columns
Presolve time: 0.26s
Presolved: 333 rows, 288 columns, 1122 nonzeros
Variable types: 18 continuous, 270 integer (270 binary)

Root relaxation: objective 0.000000e+00, 89 iterations, 0.00 seconds

    Nodes    |    Current Node    |     Objective Bounds      |     Work
 Expl Unexpl |  Obj  Depth IntInf | Incumbent    BestBd   Gap | It/Node Time

     0     0    0.00000    0    8          -    0.00000      -     -    0s
     0     0    0.00000    0   12          -    0.00000      -     -    0s
     0     0    0.00000    0   23          -    0.00000      -     -    0s
     0     0    0.00000    0   23          -    0.00000      -     -    0s
     0     0    0.00000    0   10          -    0.00000      -     -    0s
     0     0    0.00000    0   10          -    0.00000      -     -    0s
     0     0    0.00000    0   14          -    0.00000      -     -    0s
     0     0    0.00000    0   14          -    0.00000      -     -    0s
     0     2    0.00000    0   14          -    0.00000      -     -    0s

Cutting planes:
  Cover: 19
  Clique: 6
  MIR: 20
  Relax-and-lift: 4

Explored 186 nodes (4386 simplex iterations) in 0.48 seconds
Thread count was 1 (of 4 available processors)

Solution count 0

Model is infeasible
Best objective -, best bound -, gap -
Gurobi Optimizer version 9.0.1 build v9.0.1rc0 (linux64)
Optimize a model with 1360 rows, 1275 columns and 5323 nonzeros
Model fingerprint: 0x00ecfa69
Variable types: 25 continuous, 1250 integer (1250 binary)
Coefficient statistics:
  Matrix range     [1e+00, 4e+02]
  Objective range  [0e+00, 0e+00]
  Bounds range     [1e+00, 1e+00]
  RHS range        [1e+00, 1e+03]
Presolve removed 1025 rows and 985 columns
Presolve time: 0.26s
Presolved: 335 rows, 290 columns, 1130 nonzeros
Variable types: 18 continuous, 272 integer (272 binary)

Root relaxation: objective 0.000000e+00, 90 iterations, 0.00 seconds

    Nodes    |    Current Node    |     Objective Bounds      |     Work
 Expl Unexpl |  Obj  Depth IntInf | Incumbent    BestBd   Gap | It/Node Time

H    0     0                       0.0000000    0.00000  0.00%     -    0s
     0     0    0.00000    0    5    0.00000    0.00000  0.00%     -    0s

Explored 0 nodes (380 simplex iterations) in 0.27 seconds
Thread count was 1 (of 4 available processors)

Solution count 1: 0 

Optimal solution found (tolerance 1.00e-04)
Best objective 0.000000000000e+00, best bound 0.000000000000e+00, gap 0.0000%
Gurobi Optimizer version 9.0.1 build v9.0.1rc0 (linux64)
Optimize a model with 1361 rows, 1275 columns and 5348 nonzeros
Model fingerprint: 0x6550ffae
Variable types: 25 continuous, 1250 integer (1250 binary)
Coefficient statistics:
  Matrix range     [1e+00, 4e+02]
  Objective range  [0e+00, 0e+00]
  Bounds range     [1e+00, 1e+00]
  RHS range        [1e+00, 1e+03]
Presolve removed 1033 rows and 992 columns
Presolve time: 0.25s
Presolved: 328 rows, 283 columns, 1102 nonzeros
Variable types: 18 continuous, 265 integer (265 binary)

Root relaxation: objective 0.000000e+00, 101 iterations, 0.00 seconds

    Nodes    |    Current Node    |     Objective Bounds      |     Work
 Expl Unexpl |  Obj  Depth IntInf | Incumbent    BestBd   Gap | It/Node Time

     0     0    0.00000    0   10          -    0.00000      -     -    0s
     0     0    0.00000    0   19          -    0.00000      -     -    0s
H    0     0                       0.0000000    0.00000  0.00%     -    0s
     0     0    0.00000    0   19    0.00000    0.00000  0.00%     -    0s

Cutting planes:
  Cover: 2
  Clique: 5

Explored 1 nodes (591 simplex iterations) in 0.26 seconds
Thread count was 1 (of 4 available processors)

Solution count 1: 0 

Optimal solution found (tolerance 1.00e-04)
Best objective 0.000000000000e+00, best bound 0.000000000000e+00, gap 0.0000%
Gurobi Optimizer version 9.0.1 build v9.0.1rc0 (linux64)
Optimize a model with 1362 rows, 1275 columns and 5373 nonzeros
Model fingerprint: 0xc44d7980
Variable types: 25 continuous, 1250 integer (1250 binary)
Coefficient statistics:
  Matrix range     [1e+00, 4e+02]
  Objective range  [0e+00, 0e+00]
  Bounds range     [1e+00, 1e+00]
  RHS range        [1e+00, 1e+03]
Presolve removed 1045 rows and 1003 columns
Presolve time: 0.23s
Presolved: 317 rows, 272 columns, 1058 nonzeros
Variable types: 18 continuous, 254 integer (254 binary)

Root relaxation: objective 0.000000e+00, 92 iterations, 0.00 seconds

    Nodes    |    Current Node    |     Objective Bounds      |     Work
 Expl Unexpl |  Obj  Depth IntInf | Incumbent    BestBd   Gap | It/Node Time

     0     0    0.00000    0   24          -    0.00000      -     -    0s
     0     0    0.00000    0   32          -    0.00000      -     -    0s
     0     0    0.00000    0   17          -    0.00000      -     -    0s
     0     0    0.00000    0   36          -    0.00000      -     -    0s
     0     0    0.00000    0   21          -    0.00000      -     -    0s
     0     0    0.00000    0   14          -    0.00000      -     -    0s
     0     0    0.00000    0   23          -    0.00000      -     -    0s
     0     0    0.00000    0   11          -    0.00000      -     -    0s
     0     0    0.00000    0   32          -    0.00000      -     -    0s
     0     0    0.00000    0    8          -    0.00000      -     -    0s
     0     0    0.00000    0    7          -    0.00000      -     -    0s
     0     0    0.00000    0   25          -    0.00000      -     -    0s
     0     0    0.00000    0   11          -    0.00000      -     -    0s
     0     0    0.00000    0   13          -    0.00000      -     -    0s
     0     0    0.00000    0   12          -    0.00000      -     -    0s
     0     0    0.00000    0   12          -    0.00000      -     -    0s
     0     0    0.00000    0   12          -    0.00000      -     -    0s
     0     0    0.00000    0   12          -    0.00000      -     -    0s
     0     2    0.00000    0   11          -    0.00000      -     -    0s

Cutting planes:
  Gomory: 2
  Cover: 38
  Clique: 1
  MIR: 16
  GUB cover: 1
  RLT: 1
  Relax-and-lift: 4

Explored 375 nodes (6492 simplex iterations) in 0.49 seconds
Thread count was 1 (of 4 available processors)

Solution count 0

Model is infeasible
Best objective -, best bound -, gap -
Gurobi Optimizer version 9.0.1 build v9.0.1rc0 (linux64)
Optimize a model with 1362 rows, 1275 columns and 5373 nonzeros
Model fingerprint: 0x875f837c
Variable types: 25 continuous, 1250 integer (1250 binary)
Coefficient statistics:
  Matrix range     [1e+00, 4e+02]
  Objective range  [0e+00, 0e+00]
  Bounds range     [1e+00, 1e+00]
  RHS range        [1e+00, 1e+03]
Presolve removed 1038 rows and 996 columns
Presolve time: 0.24s
Presolved: 324 rows, 279 columns, 1086 nonzeros
Variable types: 18 continuous, 261 integer (261 binary)

Root relaxation: objective 0.000000e+00, 96 iterations, 0.00 seconds

    Nodes    |    Current Node    |     Objective Bounds      |     Work
 Expl Unexpl |  Obj  Depth IntInf | Incumbent    BestBd   Gap | It/Node Time

     0     0    0.00000    0   14          -    0.00000      -     -    0s
     0     0    0.00000    0   26          -    0.00000      -     -    0s
     0     0    0.00000    0   14          -    0.00000      -     -    0s
H    0     0                       0.0000000    0.00000  0.00%     -    0s
     0     0    0.00000    0   20    0.00000    0.00000  0.00%     -    0s

Cutting planes:
  Clique: 5
  MIR: 10
  StrongCG: 2
  Relax-and-lift: 6

Explored 1 nodes (725 simplex iterations) in 0.27 seconds
Thread count was 1 (of 4 available processors)

Solution count 1: 0 

Optimal solution found (tolerance 1.00e-04)
Best objective 0.000000000000e+00, best bound 0.000000000000e+00, gap 0.0000%
Gurobi Optimizer version 9.0.1 build v9.0.1rc0 (linux64)
Optimize a model with 1363 rows, 1275 columns and 5398 nonzeros
Model fingerprint: 0x5c3a061a
Variable types: 25 continuous, 1250 integer (1250 binary)
Coefficient statistics:
  Matrix range     [1e+00, 4e+02]
  Objective range  [0e+00, 0e+00]
  Bounds range     [1e+00, 1e+00]
  RHS range        [1e+00, 1e+03]
Presolve removed 1044 rows and 1001 columns
Presolve time: 0.23s
Presolved: 319 rows, 274 columns, 1066 nonzeros
Variable types: 18 continuous, 256 integer (256 binary)

Root relaxation: objective 0.000000e+00, 84 iterations, 0.00 seconds

    Nodes    |    Current Node    |     Objective Bounds      |     Work
 Expl Unexpl |  Obj  Depth IntInf | Incumbent    BestBd   Gap | It/Node Time

     0     0    0.00000    0   18          -    0.00000      -     -    0s
     0     0    0.00000    0   40          -    0.00000      -     -    0s
     0     0    0.00000    0   34          -    0.00000      -     -    0s
     0     0    0.00000    0   11          -    0.00000      -     -    0s
     0     0    0.00000    0   22          -    0.00000      -     -    0s
     0     0    0.00000    0   20          -    0.00000      -     -    0s
     0     0    0.00000    0    8          -    0.00000      -     -    0s
     0     0    0.00000    0   18          -    0.00000      -     -    0s
     0     0    0.00000    0   13          -    0.00000      -     -    0s
     0     0    0.00000    0   14          -    0.00000      -     -    0s
H    0     0                       0.0000000    0.00000  0.00%     -    0s
     0     0    0.00000    0    5    0.00000    0.00000  0.00%     -    0s

Cutting planes:
  Cover: 1
  Clique: 5
  MIR: 14
  Relax-and-lift: 4

Explored 1 nodes (1869 simplex iterations) in 0.30 seconds
Thread count was 1 (of 4 available processors)

Solution count 1: 0 

Optimal solution found (tolerance 1.00e-04)
Best objective 0.000000000000e+00, best bound 0.000000000000e+00, gap 0.0000%
Gurobi Optimizer version 9.0.1 build v9.0.1rc0 (linux64)
Optimize a model with 1364 rows, 1275 columns and 5423 nonzeros
Model fingerprint: 0x41f3428d
Variable types: 25 continuous, 1250 integer (1250 binary)
Coefficient statistics:
  Matrix range     [1e+00, 4e+02]
  Objective range  [0e+00, 0e+00]
  Bounds range     [1e+00, 1e+00]
  RHS range        [1e+00, 1e+03]
Presolve removed 1058 rows and 1014 columns
Presolve time: 0.21s
Presolved: 306 rows, 261 columns, 1014 nonzeros
Variable types: 18 continuous, 243 integer (243 binary)

Root relaxation: objective 0.000000e+00, 95 iterations, 0.00 seconds

    Nodes    |    Current Node    |     Objective Bounds      |     Work
 Expl Unexpl |  Obj  Depth IntInf | Incumbent    BestBd   Gap | It/Node Time

     0     0    0.00000    0   15          -    0.00000      -     -    0s
     0     0    0.00000    0   42          -    0.00000      -     -    0s
     0     0    0.00000    0    7          -    0.00000      -     -    0s
     0     0    0.00000    0    8          -    0.00000      -     -    0s
H    0     0                       0.0000000    0.00000  0.00%     -    0s
     0     0    0.00000    0   18    0.00000    0.00000  0.00%     -    0s

Cutting planes:
  Cover: 7
  Clique: 8
  MIR: 10
  RLT: 1
  Relax-and-lift: 1

Explored 1 nodes (667 simplex iterations) in 0.24 seconds
Thread count was 1 (of 4 available processors)

Solution count 1: 0 

Optimal solution found (tolerance 1.00e-04)
Best objective 0.000000000000e+00, best bound 0.000000000000e+00, gap 0.0000%
Gurobi Optimizer version 9.0.1 build v9.0.1rc0 (linux64)
Optimize a model with 1365 rows, 1275 columns and 5448 nonzeros
Model fingerprint: 0x1a10afbc
Variable types: 25 continuous, 1250 integer (1250 binary)
Coefficient statistics:
  Matrix range     [1e+00, 4e+02]
  Objective range  [0e+00, 0e+00]
  Bounds range     [1e+00, 1e+00]
  RHS range        [1e+00, 1e+03]
Presolve removed 1063 rows and 1018 columns
Presolve time: 0.20s
Presolved: 302 rows, 257 columns, 998 nonzeros
Variable types: 18 continuous, 239 integer (239 binary)

Root relaxation: objective 0.000000e+00, 111 iterations, 0.00 seconds

    Nodes    |    Current Node    |     Objective Bounds      |     Work
 Expl Unexpl |  Obj  Depth IntInf | Incumbent    BestBd   Gap | It/Node Time

     0     0    0.00000    0    6          -    0.00000      -     -    0s
     0     0    0.00000    0   16          -    0.00000      -     -    0s
H    0     0                       0.0000000    0.00000  0.00%     -    0s
     0     0    0.00000    0   16    0.00000    0.00000  0.00%     -    0s

Cutting planes:
  Cover: 1
  Clique: 3
  MIR: 3

Explored 1 nodes (574 simplex iterations) in 0.22 seconds
Thread count was 1 (of 4 available processors)

Solution count 1: 0 

Optimal solution found (tolerance 1.00e-04)
Best objective 0.000000000000e+00, best bound 0.000000000000e+00, gap 0.0000%
Gurobi Optimizer version 9.0.1 build v9.0.1rc0 (linux64)
Optimize a model with 1366 rows, 1275 columns and 5473 nonzeros
Model fingerprint: 0x618e1d66
Variable types: 25 continuous, 1250 integer (1250 binary)
Coefficient statistics:
  Matrix range     [1e+00, 4e+02]
  Objective range  [0e+00, 0e+00]
  Bounds range     [1e+00, 1e+00]
  RHS range        [1e+00, 1e+03]
Presolve removed 1172 rows and 1086 columns
Presolve time: 0.14s
Presolved: 194 rows, 189 columns, 665 nonzeros
Variable types: 13 continuous, 176 integer (176 binary)

Root relaxation: objective 0.000000e+00, 115 iterations, 0.00 seconds

    Nodes    |    Current Node    |     Objective Bounds      |     Work
 Expl Unexpl |  Obj  Depth IntInf | Incumbent    BestBd   Gap | It/Node Time

H    0     0                       0.0000000    0.00000  0.00%     -    0s
     0     0    0.00000    0   10    0.00000    0.00000  0.00%     -    0s

Explored 0 nodes (317 simplex iterations) in 0.15 seconds
Thread count was 1 (of 4 available processors)

Solution count 1: 0 

Optimal solution found (tolerance 1.00e-04)
Best objective 0.000000000000e+00, best bound 0.000000000000e+00, gap 0.0000%
Gurobi Optimizer version 9.0.1 build v9.0.1rc0 (linux64)
Optimize a model with 1367 rows, 1275 columns and 5498 nonzeros
Model fingerprint: 0x1e7c1f5f
Variable types: 25 continuous, 1250 integer (1250 binary)
Coefficient statistics:
  Matrix range     [1e+00, 4e+02]
  Objective range  [0e+00, 0e+00]
  Bounds range     [1e+00, 1e+00]
  RHS range        [1e+00, 1e+03]
Presolve removed 1092 rows and 1044 columns
Presolve time: 0.18s
Presolved: 275 rows, 231 columns, 892 nonzeros
Variable types: 18 continuous, 213 integer (213 binary)

Root relaxation: objective 0.000000e+00, 74 iterations, 0.00 seconds

    Nodes    |    Current Node    |     Objective Bounds      |     Work
 Expl Unexpl |  Obj  Depth IntInf | Incumbent    BestBd   Gap | It/Node Time

     0     0    0.00000    0    9          -    0.00000      -     -    0s
     0     0    0.00000    0   35          -    0.00000      -     -    0s
     0     0    0.00000    0    4          -    0.00000      -     -    0s
H    0     0                       0.0000000    0.00000  0.00%     -    0s
     0     0    0.00000    0    4    0.00000    0.00000  0.00%     -    0s

Cutting planes:
  Clique: 8
  MIR: 1
  Relax-and-lift: 2

Explored 1 nodes (828 simplex iterations) in 0.20 seconds
Thread count was 1 (of 4 available processors)

Solution count 1: 0 

Optimal solution found (tolerance 1.00e-04)
Best objective 0.000000000000e+00, best bound 0.000000000000e+00, gap 0.0000%
Gurobi Optimizer version 9.0.1 build v9.0.1rc0 (linux64)
Optimize a model with 1368 rows, 1275 columns and 5523 nonzeros
Model fingerprint: 0x5578941a
Variable types: 25 continuous, 1250 integer (1250 binary)
Coefficient statistics:
  Matrix range     [1e+00, 4e+02]
  Objective range  [0e+00, 0e+00]
  Bounds range     [1e+00, 1e+00]
  RHS range        [1e+00, 1e+03]
Presolve removed 1100 rows and 1051 columns
Presolve time: 0.16s
Presolved: 268 rows, 224 columns, 864 nonzeros
Variable types: 18 continuous, 206 integer (206 binary)

Root relaxation: objective 0.000000e+00, 104 iterations, 0.00 seconds

    Nodes    |    Current Node    |     Objective Bounds      |     Work
 Expl Unexpl |  Obj  Depth IntInf | Incumbent    BestBd   Gap | It/Node Time

     0     0    0.00000    0   12          -    0.00000      -     -    0s
H    0     0                       0.0000000    0.00000  0.00%     -    0s
     0     0    0.00000    0   12    0.00000    0.00000  0.00%     -    0s

Explored 1 nodes (232 simplex iterations) in 0.17 seconds
Thread count was 1 (of 4 available processors)

Solution count 1: 0 

Optimal solution found (tolerance 1.00e-04)
Best objective 0.000000000000e+00, best bound 0.000000000000e+00, gap 0.0000%
Gurobi Optimizer version 9.0.1 build v9.0.1rc0 (linux64)
Optimize a model with 1369 rows, 1275 columns and 5548 nonzeros
Model fingerprint: 0x21ade1cc
Variable types: 25 continuous, 1250 integer (1250 binary)
Coefficient statistics:
  Matrix range     [1e+00, 4e+02]
  Objective range  [0e+00, 0e+00]
  Bounds range     [1e+00, 1e+00]
  RHS range        [1e+00, 1e+03]
Presolve removed 1117 rows and 1066 columns
Presolve time: 0.15s
Presolved: 252 rows, 209 columns, 805 nonzeros
Variable types: 18 continuous, 191 integer (191 binary)

Root relaxation: objective 0.000000e+00, 99 iterations, 0.00 seconds

    Nodes    |    Current Node    |     Objective Bounds      |     Work
 Expl Unexpl |  Obj  Depth IntInf | Incumbent    BestBd   Gap | It/Node Time

     0     0    0.00000    0   12          -    0.00000      -     -    0s
     0     0    0.00000    0   14          -    0.00000      -     -    0s
     0     0    0.00000    0   17          -    0.00000      -     -    0s
     0     0    0.00000    0   18          -    0.00000      -     -    0s
     0     0    0.00000    0    3          -    0.00000      -     -    0s
     0     0    0.00000    0   11          -    0.00000      -     -    0s
     0     0    0.00000    0   12          -    0.00000      -     -    0s
     0     0    0.00000    0   26          -    0.00000      -     -    0s
     0     0    0.00000    0   20          -    0.00000      -     -    0s
     0     0    0.00000    0   13          -    0.00000      -     -    0s
     0     2    0.00000    0   11          -    0.00000      -     -    0s

Cutting planes:
  Cover: 44
  Implied bound: 7
  Clique: 5
  MIR: 25
  Relax-and-lift: 6

Explored 303 nodes (3436 simplex iterations) in 0.32 seconds
Thread count was 1 (of 4 available processors)

Solution count 0

Model is infeasible
Best objective -, best bound -, gap -
Gurobi Optimizer version 9.0.1 build v9.0.1rc0 (linux64)
Optimize a model with 1369 rows, 1275 columns and 5548 nonzeros
Model fingerprint: 0x67378730
Variable types: 25 continuous, 1250 integer (1250 binary)
Coefficient statistics:
  Matrix range     [1e+00, 4e+02]
  Objective range  [0e+00, 0e+00]
  Bounds range     [1e+00, 1e+00]
  RHS range        [1e+00, 1e+03]
Presolve removed 1106 rows and 1056 columns
Presolve time: 0.16s
Presolved: 263 rows, 219 columns, 844 nonzeros
Variable types: 18 continuous, 201 integer (201 binary)

Root relaxation: objective 0.000000e+00, 85 iterations, 0.00 seconds

    Nodes    |    Current Node    |     Objective Bounds      |     Work
 Expl Unexpl |  Obj  Depth IntInf | Incumbent    BestBd   Gap | It/Node Time

     0     0    0.00000    0   17          -    0.00000      -     -    0s
     0     0    0.00000    0   11          -    0.00000      -     -    0s
     0     0    0.00000    0   11          -    0.00000      -     -    0s
     0     0    0.00000    0    8          -    0.00000      -     -    0s
     0     0    0.00000    0    6          -    0.00000      -     -    0s
     0     0    0.00000    0   16          -    0.00000      -     -    0s
     0     0    0.00000    0   16          -    0.00000      -     -    0s
     0     0    0.00000    0   14          -    0.00000      -     -    0s
     0     0    0.00000    0   15          -    0.00000      -     -    0s
     0     0    0.00000    0    8          -    0.00000      -     -    0s
H    0     0                       0.0000000    0.00000  0.00%     -    0s
     0     0    0.00000    0    8    0.00000    0.00000  0.00%     -    0s

Cutting planes:
  Cover: 5
  MIR: 4
  Relax-and-lift: 1

Explored 1 nodes (1183 simplex iterations) in 0.20 seconds
Thread count was 1 (of 4 available processors)

Solution count 1: 0 

Optimal solution found (tolerance 1.00e-04)
Best objective 0.000000000000e+00, best bound 0.000000000000e+00, gap 0.0000%
Gurobi Optimizer version 9.0.1 build v9.0.1rc0 (linux64)
Optimize a model with 1370 rows, 1275 columns and 5573 nonzeros
Model fingerprint: 0x09d08606
Variable types: 25 continuous, 1250 integer (1250 binary)
Coefficient statistics:
  Matrix range     [1e+00, 4e+02]
  Objective range  [0e+00, 0e+00]
  Bounds range     [1e+00, 1e+00]
  RHS range        [1e+00, 1e+03]
Presolve removed 1175 rows and 1092 columns
Presolve time: 0.13s
Presolved: 195 rows, 183 columns, 646 nonzeros
Variable types: 15 continuous, 168 integer (168 binary)

Root relaxation: objective 0.000000e+00, 127 iterations, 0.00 seconds

    Nodes    |    Current Node    |     Objective Bounds      |     Work
 Expl Unexpl |  Obj  Depth IntInf | Incumbent    BestBd   Gap | It/Node Time

     0     0    0.00000    0   19          -    0.00000      -     -    0s
     0     0    0.00000    0   31          -    0.00000      -     -    0s
     0     0    0.00000    0   31          -    0.00000      -     -    0s
     0     0    0.00000    0    9          -    0.00000      -     -    0s
     0     0    0.00000    0   11          -    0.00000      -     -    0s
     0     0    0.00000    0   15          -    0.00000      -     -    0s
     0     0    0.00000    0   16          -    0.00000      -     -    0s
     0     0    0.00000    0   14          -    0.00000      -     -    0s
     0     0    0.00000    0    9          -    0.00000      -     -    0s
     0     2    0.00000    0    9          -    0.00000      -     -    0s
*   53     2              31       0.0000000    0.00000  0.00%  12.1    0s

Cutting planes:
  Gomory: 1
  Cover: 6
  Implied bound: 3
  Clique: 5
  MIR: 15
  Relax-and-lift: 6

Explored 54 nodes (1717 simplex iterations) in 0.20 seconds
Thread count was 1 (of 4 available processors)

Solution count 1: 0 

Optimal solution found (tolerance 1.00e-04)
Best objective 0.000000000000e+00, best bound 0.000000000000e+00, gap 0.0000%
Gurobi Optimizer version 9.0.1 build v9.0.1rc0 (linux64)
Optimize a model with 1371 rows, 1275 columns and 5598 nonzeros
Model fingerprint: 0x49e753ea
Variable types: 25 continuous, 1250 integer (1250 binary)
Coefficient statistics:
  Matrix range     [1e+00, 4e+02]
  Objective range  [0e+00, 0e+00]
  Bounds range     [1e+00, 1e+00]
  RHS range        [1e+00, 1e+03]
Presolve removed 1179 rows and 1096 columns
Presolve time: 0.12s
Presolved: 192 rows, 179 columns, 632 nonzeros
Variable types: 15 continuous, 164 integer (164 binary)

Root relaxation: objective 0.000000e+00, 130 iterations, 0.00 seconds

    Nodes    |    Current Node    |     Objective Bounds      |     Work
 Expl Unexpl |  Obj  Depth IntInf | Incumbent    BestBd   Gap | It/Node Time

     0     0    0.00000    0   20          -    0.00000      -     -    0s
     0     0    0.00000    0   18          -    0.00000      -     -    0s
     0     0    0.00000    0   10          -    0.00000      -     -    0s
     0     0    0.00000    0   10          -    0.00000      -     -    0s
     0     0    0.00000    0   17          -    0.00000      -     -    0s
     0     0    0.00000    0   15          -    0.00000      -     -    0s
     0     0    0.00000    0   10          -    0.00000      -     -    0s
     0     0    0.00000    0   10          -    0.00000      -     -    0s
     0     0    0.00000    0   14          -    0.00000      -     -    0s
     0     0    0.00000    0   11          -    0.00000      -     -    0s
     0     2    0.00000    0   11          -    0.00000      -     -    0s

Cutting planes:
  Cover: 27
  Clique: 3
  MIR: 34
  GUB cover: 1
  Relax-and-lift: 11

Explored 145 nodes (2479 simplex iterations) in 0.22 seconds
Thread count was 1 (of 4 available processors)

Solution count 0

Model is infeasible
Best objective -, best bound -, gap -
Gurobi Optimizer version 9.0.1 build v9.0.1rc0 (linux64)
Optimize a model with 1371 rows, 1275 columns and 5598 nonzeros
Model fingerprint: 0x7aaacf42
Variable types: 25 continuous, 1250 integer (1250 binary)
Coefficient statistics:
  Matrix range     [1e+00, 4e+02]
  Objective range  [0e+00, 0e+00]
  Bounds range     [1e+00, 1e+00]
  RHS range        [1e+00, 1e+03]
Presolve removed 1178 rows and 1095 columns
Presolve time: 0.12s
Presolved: 193 rows, 180 columns, 636 nonzeros
Variable types: 15 continuous, 165 integer (165 binary)

Root relaxation: objective 0.000000e+00, 132 iterations, 0.00 seconds

    Nodes    |    Current Node    |     Objective Bounds      |     Work
 Expl Unexpl |  Obj  Depth IntInf | Incumbent    BestBd   Gap | It/Node Time

     0     0    0.00000    0   12          -    0.00000      -     -    0s
     0     0    0.00000    0   29          -    0.00000      -     -    0s
H    0     0                       0.0000000    0.00000  0.00%     -    0s
     0     0    0.00000    0   11    0.00000    0.00000  0.00%     -    0s

Cutting planes:
  Gomory: 6
  Cover: 2
  Clique: 4
  MIR: 20
  RLT: 1
  Relax-and-lift: 6

Explored 1 nodes (696 simplex iterations) in 0.14 seconds
Thread count was 1 (of 4 available processors)

Solution count 1: 0 

Optimal solution found (tolerance 1.00e-04)
Best objective 0.000000000000e+00, best bound 0.000000000000e+00, gap 0.0000%
Gurobi Optimizer version 9.0.1 build v9.0.1rc0 (linux64)
Optimize a model with 1372 rows, 1275 columns and 5623 nonzeros
Model fingerprint: 0x58091d2c
Variable types: 25 continuous, 1250 integer (1250 binary)
Coefficient statistics:
  Matrix range     [1e+00, 4e+02]
  Objective range  [0e+00, 0e+00]
  Bounds range     [1e+00, 1e+00]
  RHS range        [1e+00, 1e+03]
Presolve removed 1184 rows and 1101 columns
Presolve time: 0.12s
Presolved: 188 rows, 174 columns, 616 nonzeros
Variable types: 14 continuous, 160 integer (160 binary)

Root relaxation: objective 0.000000e+00, 133 iterations, 0.00 seconds

    Nodes    |    Current Node    |     Objective Bounds      |     Work
 Expl Unexpl |  Obj  Depth IntInf | Incumbent    BestBd   Gap | It/Node Time

     0     0    0.00000    0   11          -    0.00000      -     -    0s
     0     0    0.00000    0   12          -    0.00000      -     -    0s
     0     0    0.00000    0   12          -    0.00000      -     -    0s
     0     0    0.00000    0    8          -    0.00000      -     -    0s
     0     0    0.00000    0   14          -    0.00000      -     -    0s
     0     0    0.00000    0   31          -    0.00000      -     -    0s
     0     0    0.00000    0   14          -    0.00000      -     -    0s
     0     0    0.00000    0   30          -    0.00000      -     -    0s
     0     0    0.00000    0   12          -    0.00000      -     -    0s
     0     0    0.00000    0    9          -    0.00000      -     -    0s
     0     2    0.00000    0    9          -    0.00000      -     -    0s

Cutting planes:
  Cover: 13
  Implied bound: 9
  Clique: 5
  MIR: 16
  Inf proof: 2
  Relax-and-lift: 2

Explored 206 nodes (2785 simplex iterations) in 0.22 seconds
Thread count was 1 (of 4 available processors)

Solution count 0

Model is infeasible
Best objective -, best bound -, gap -
Gurobi Optimizer version 9.0.1 build v9.0.1rc0 (linux64)
Optimize a model with 1372 rows, 1275 columns and 5623 nonzeros
Model fingerprint: 0x1a37bcfc
Variable types: 25 continuous, 1250 integer (1250 binary)
Coefficient statistics:
  Matrix range     [1e+00, 4e+02]
  Objective range  [0e+00, 0e+00]
  Bounds range     [1e+00, 1e+00]
  RHS range        [1e+00, 1e+03]
Presolve removed 1182 rows and 1099 columns
Presolve time: 0.12s
Presolved: 190 rows, 176 columns, 624 nonzeros
Variable types: 14 continuous, 162 integer (162 binary)

Root relaxation: objective 0.000000e+00, 134 iterations, 0.00 seconds

    Nodes    |    Current Node    |     Objective Bounds      |     Work
 Expl Unexpl |  Obj  Depth IntInf | Incumbent    BestBd   Gap | It/Node Time

     0     0    0.00000    0   11          -    0.00000      -     -    0s
     0     0    0.00000    0   26          -    0.00000      -     -    0s
     0     0    0.00000    0   28          -    0.00000      -     -    0s
     0     0    0.00000    0   12          -    0.00000      -     -    0s
     0     0    0.00000    0   12          -    0.00000      -     -    0s
     0     0    0.00000    0   11          -    0.00000      -     -    0s
     0     0    0.00000    0   11          -    0.00000      -     -    0s
     0     0    0.00000    0    4          -    0.00000      -     -    0s
     0     0    0.00000    0    4          -    0.00000      -     -    0s
     0     0    0.00000    0   16          -    0.00000      -     -    0s
     0     0    0.00000    0    8          -    0.00000      -     -    0s
H    0     0                       0.0000000    0.00000  0.00%     -    0s
     0     0    0.00000    0    8    0.00000    0.00000  0.00%     -    0s

Cutting planes:
  Clique: 1
  MIR: 1
  Relax-and-lift: 3

Explored 1 nodes (1407 simplex iterations) in 0.17 seconds
Thread count was 1 (of 4 available processors)

Solution count 1: 0 

Optimal solution found (tolerance 1.00e-04)
Best objective 0.000000000000e+00, best bound 0.000000000000e+00, gap 0.0000%
Gurobi Optimizer version 9.0.1 build v9.0.1rc0 (linux64)
Optimize a model with 1373 rows, 1275 columns and 5648 nonzeros
Model fingerprint: 0x20f7d66d
Variable types: 25 continuous, 1250 integer (1250 binary)
Coefficient statistics:
  Matrix range     [1e+00, 4e+02]
  Objective range  [0e+00, 0e+00]
  Bounds range     [1e+00, 1e+00]
  RHS range        [1e+00, 1e+03]
Presolve removed 1141 rows and 1086 columns
Presolve time: 0.12s
Presolved: 232 rows, 189 columns, 723 nonzeros
Variable types: 18 continuous, 171 integer (171 binary)

Root relaxation: objective 0.000000e+00, 108 iterations, 0.00 seconds

    Nodes    |    Current Node    |     Objective Bounds      |     Work
 Expl Unexpl |  Obj  Depth IntInf | Incumbent    BestBd   Gap | It/Node Time

     0     0    0.00000    0   10          -    0.00000      -     -    0s
     0     0    0.00000    0   22          -    0.00000      -     -    0s
     0     0    0.00000    0   11          -    0.00000      -     -    0s
     0     0    0.00000    0   20          -    0.00000      -     -    0s
     0     0    0.00000    0   11          -    0.00000      -     -    0s
     0     0    0.00000    0   10          -    0.00000      -     -    0s
     0     0    0.00000    0   14          -    0.00000      -     -    0s
H    0     0                       0.0000000    0.00000  0.00%     -    0s

Cutting planes:
  Cover: 2
  Clique: 5
  MIR: 3

Explored 1 nodes (949 simplex iterations) in 0.15 seconds
Thread count was 1 (of 4 available processors)

Solution count 1: 0 

Optimal solution found (tolerance 1.00e-04)
Best objective 0.000000000000e+00, best bound 0.000000000000e+00, gap 0.0000%
Gurobi Optimizer version 9.0.1 build v9.0.1rc0 (linux64)
Optimize a model with 1374 rows, 1275 columns and 5673 nonzeros
Model fingerprint: 0x32a9e08c
Variable types: 25 continuous, 1250 integer (1250 binary)
Coefficient statistics:
  Matrix range     [1e+00, 4e+02]
  Objective range  [0e+00, 0e+00]
  Bounds range     [1e+00, 1e+00]
  RHS range        [1e+00, 1e+03]
Presolve removed 1149 rows and 1093 columns
Presolve time: 0.11s
Presolved: 225 rows, 182 columns, 695 nonzeros
Variable types: 18 continuous, 164 integer (164 binary)

Root relaxation: objective 0.000000e+00, 77 iterations, 0.00 seconds

    Nodes    |    Current Node    |     Objective Bounds      |     Work
 Expl Unexpl |  Obj  Depth IntInf | Incumbent    BestBd   Gap | It/Node Time

     0     0    0.00000    0   13          -    0.00000      -     -    0s
H    0     0                       0.0000000    0.00000  0.00%     -    0s
     0     0    0.00000    0   13    0.00000    0.00000  0.00%     -    0s

Explored 1 nodes (243 simplex iterations) in 0.12 seconds
Thread count was 1 (of 4 available processors)

Solution count 1: 0 

Optimal solution found (tolerance 1.00e-04)
Best objective 0.000000000000e+00, best bound 0.000000000000e+00, gap 0.0000%
Gurobi Optimizer version 9.0.1 build v9.0.1rc0 (linux64)
Optimize a model with 1375 rows, 1275 columns and 5698 nonzeros
Model fingerprint: 0x33b289bd
Variable types: 25 continuous, 1250 integer (1250 binary)
Coefficient statistics:
  Matrix range     [1e+00, 4e+02]
  Objective range  [0e+00, 0e+00]
  Bounds range     [1e+00, 1e+00]
  RHS range        [1e+00, 1e+03]
Presolve removed 1158 rows and 1101 columns
Presolve time: 0.10s
Presolved: 217 rows, 174 columns, 663 nonzeros
Variable types: 18 continuous, 156 integer (156 binary)

Root relaxation: objective 0.000000e+00, 86 iterations, 0.00 seconds

    Nodes    |    Current Node    |     Objective Bounds      |     Work
 Expl Unexpl |  Obj  Depth IntInf | Incumbent    BestBd   Gap | It/Node Time

     0     0    0.00000    0   11          -    0.00000      -     -    0s
     0     0    0.00000    0   17          -    0.00000      -     -    0s
     0     0    0.00000    0   15          -    0.00000      -     -    0s
     0     0    0.00000    0   10          -    0.00000      -     -    0s
     0     0    0.00000    0    6          -    0.00000      -     -    0s
     0     0    0.00000    0   14          -    0.00000      -     -    0s
     0     0    0.00000    0   20          -    0.00000      -     -    0s
     0     0    0.00000    0   13          -    0.00000      -     -    0s
     0     2    0.00000    0   13          -    0.00000      -     -    0s

Cutting planes:
  Gomory: 2
  Cover: 22
  Clique: 12
  MIR: 34
  Relax-and-lift: 6

Explored 99 nodes (2017 simplex iterations) in 0.18 seconds
Thread count was 1 (of 4 available processors)

Solution count 0

Model is infeasible
Best objective -, best bound -, gap -
Gurobi Optimizer version 9.0.1 build v9.0.1rc0 (linux64)
Optimize a model with 1375 rows, 1275 columns and 5698 nonzeros
Model fingerprint: 0xf5bde575
Variable types: 25 continuous, 1250 integer (1250 binary)
Coefficient statistics:
  Matrix range     [1e+00, 4e+02]
  Objective range  [0e+00, 0e+00]
  Bounds range     [1e+00, 1e+00]
  RHS range        [1e+00, 1e+03]
Presolve removed 1157 rows and 1100 columns
Presolve time: 0.11s
Presolved: 218 rows, 175 columns, 667 nonzeros
Variable types: 18 continuous, 157 integer (157 binary)

Root relaxation: objective 0.000000e+00, 79 iterations, 0.00 seconds

    Nodes    |    Current Node    |     Objective Bounds      |     Work
 Expl Unexpl |  Obj  Depth IntInf | Incumbent    BestBd   Gap | It/Node Time

     0     0    0.00000    0    2          -    0.00000      -     -    0s
H    0     0                       0.0000000    0.00000  0.00%     -    0s

Explored 1 nodes (281 simplex iterations) in 0.11 seconds
Thread count was 1 (of 4 available processors)

Solution count 1: 0 

Optimal solution found (tolerance 1.00e-04)
Best objective 0.000000000000e+00, best bound 0.000000000000e+00, gap 0.0000%
Gurobi Optimizer version 9.0.1 build v9.0.1rc0 (linux64)
Optimize a model with 1375 rows, 1275 columns and 5698 nonzeros
Model fingerprint: 0xf5bde575
Variable types: 25 continuous, 1250 integer (1250 binary)
Coefficient statistics:
  Matrix range     [1e+00, 4e+02]
  Objective range  [0e+00, 0e+00]
  Bounds range     [1e+00, 1e+00]
  RHS range        [1e+00, 1e+03]
Presolve removed 1157 rows and 1100 columns
Presolve time: 0.10s
Presolved: 218 rows, 175 columns, 667 nonzeros
Variable types: 18 continuous, 157 integer (157 binary)

Root relaxation: objective 0.000000e+00, 79 iterations, 0.00 seconds

    Nodes    |    Current Node    |     Objective Bounds      |     Work
 Expl Unexpl |  Obj  Depth IntInf | Incumbent    BestBd   Gap | It/Node Time

     0     0    0.00000    0    2          -    0.00000      -     -    0s
H    0     0                       0.0000000    0.00000  0.00%     -    0s

Explored 1 nodes (281 simplex iterations) in 0.11 seconds
Thread count was 1 (of 4 available processors)

Solution count 1: 0 

Optimal solution found (tolerance 1.00e-04)
Best objective 0.000000000000e+00, best bound 0.000000000000e+00, gap 0.0000%
