Using license file /home/benedond/gurobi.lic
Using gurobi.env file
Set parameter Threads to value 1
Academic license - for non-commercial use only
Changed value of parameter TimeLimit to 300.0
   Prev: inf  Min: 0.0  Max: inf  Default: inf
Gurobi Optimizer version 9.0.1 build v9.0.1rc0 (linux64)
Optimize a model with 1506 rows, 1380 columns and 6610 nonzeros
Model fingerprint: 0x2aa6b283
Variable types: 50 continuous, 1330 integer (1330 binary)
Coefficient statistics:
  Matrix range     [2e-01, 4e+02]
  Objective range  [2e-02, 4e-01]
  Bounds range     [1e+00, 1e+00]
  RHS range        [1e+00, 1e+03]
Presolve removed 97 rows and 64 columns
Presolve time: 0.04s
Presolved: 1409 rows, 1316 columns, 6313 nonzeros
Variable types: 48 continuous, 1268 integer (1268 binary)

Root relaxation: objective 2.198522e+00, 1548 iterations, 0.05 seconds

    Nodes    |    Current Node    |     Objective Bounds      |     Work
 Expl Unexpl |  Obj  Depth IntInf | Incumbent    BestBd   Gap | It/Node Time

     0     0    2.19852    0  121          -    2.19852      -     -    0s
     0     0    2.33039    0  124          -    2.33039      -     -    0s
     0     0    2.33398    0  125          -    2.33398      -     -    0s
     0     0    2.47893    0  117          -    2.47893      -     -    0s
     0     0    2.50267    0  126          -    2.50267      -     -    0s
     0     0    2.58357    0  129          -    2.58357      -     -    0s
H    0     0                       4.0138839    2.58357  35.6%     -    0s
H    0     0                       3.6305893    2.58357  28.8%     -    0s
     0     0    2.61706    0  135    3.63059    2.61706  27.9%     -    0s
     0     0    2.64023    0  117    3.63059    2.64023  27.3%     -    0s
     0     0    2.64808    0  161    3.63059    2.64808  27.1%     -    0s
     0     0    2.64892    0  103    3.63059    2.64892  27.0%     -    0s
     0     0    2.64892    0  122    3.63059    2.64892  27.0%     -    0s
     0     0    2.69003    0  177    3.63059    2.69003  25.9%     -    0s
     0     0    2.70640    0  134    3.63059    2.70640  25.5%     -    0s
     0     0    2.71090    0  162    3.63059    2.71090  25.3%     -    0s
     0     0    2.71243    0  174    3.63059    2.71243  25.3%     -    0s
     0     0    2.71273    0  160    3.63059    2.71273  25.3%     -    0s
     0     0    2.73185    0  165    3.63059    2.73185  24.8%     -    0s
     0     0    2.73472    0  139    3.63059    2.73472  24.7%     -    0s
     0     0    2.73525    0  156    3.63059    2.73525  24.7%     -    0s
     0     0    2.73611    0  157    3.63059    2.73611  24.6%     -    0s
     0     0    2.73617    0  172    3.63059    2.73617  24.6%     -    0s
     0     0    2.75194    0  155    3.63059    2.75194  24.2%     -    0s
     0     0    2.75334    0  151    3.63059    2.75334  24.2%     -    0s
     0     0    2.75378    0  153    3.63059    2.75378  24.2%     -    0s
     0     0    2.76280    0  171    3.63059    2.76280  23.9%     -    1s
     0     0    2.76475    0  164    3.63059    2.76475  23.8%     -    1s
     0     0    2.76526    0  199    3.63059    2.76526  23.8%     -    1s
     0     0    2.76551    0  176    3.63059    2.76551  23.8%     -    1s
     0     0    2.77522    0  194    3.63059    2.77522  23.6%     -    1s
     0     0    2.77734    0  241    3.63059    2.77734  23.5%     -    1s
     0     0    2.77787    0  225    3.63059    2.77787  23.5%     -    1s
     0     0    2.77822    0  208    3.63059    2.77822  23.5%     -    1s
     0     0    2.78521    0  218    3.63059    2.78521  23.3%     -    1s
     0     0    2.78714    0  248    3.63059    2.78714  23.2%     -    1s
     0     0    2.78750    0  242    3.63059    2.78750  23.2%     -    1s
     0     0    2.79068    0  217    3.63059    2.79068  23.1%     -    1s
     0     0    2.79122    0  236    3.63059    2.79122  23.1%     -    1s
     0     0    2.79146    0  238    3.63059    2.79146  23.1%     -    1s
     0     0    2.79530    0  210    3.63059    2.79530  23.0%     -    1s
     0     0    2.79530    0  209    3.63059    2.79530  23.0%     -    1s
     0     2    2.79554    0  208    3.63059    2.79554  23.0%     -    1s
H   54    54                       3.5394197    2.79962  20.9%   166    3s
H  136   125                       3.5091072    2.79962  20.2%   107    3s
H  164   139                       3.5081786    2.79962  20.2%  92.4    4s
   290   250    2.80781    2  124    3.50818    2.80781  20.0%  78.6    5s
H  300   227                       3.3841697    2.80871  17.0%  81.1    5s
   531   405    2.89952   19  223    3.38417    2.83890  16.1%  77.2   10s
H  551   397                       3.3841696    2.87633  15.0%  74.4   13s
H  557   380                       3.3841695    2.88587  14.7%  73.6   13s
   568   387    3.30905   44  277    3.38417    2.89554  14.4%  72.1   15s
   608   415    3.23065   78  275    3.38417    2.90751  14.1%  91.4   20s
   627   429    2.91502   27  268    3.38417    2.91502  13.9%   106   26s
   649   444    2.93529   38  185    3.38417    2.93218  13.4%   117   30s
   776   475    3.01561   41  139    3.38417    2.93219  13.4%   140   35s
H  939   485                       3.3689732    2.93506  12.9%   141   38s
H  954   470                       3.3560446    2.93506  12.5%   140   38s
H  982   439                       3.3097411    2.93506  11.3%   137   38s
  1114   477    3.00174   40   84    3.30974    2.94237  11.1%   134   40s
* 1185   480              87       3.3069822    2.94237  11.0%   131   40s
H 1361   363                       3.1654643    2.95546  6.63%   130   43s
  1442   354    3.15522   66   68    3.16546    2.95557  6.63%   127   45s
  1720   448    3.03706   48   95    3.16546    2.97090  6.15%   129   50s
  2031   615     cutoff   40         3.16546    2.98326  5.76%   129   55s
  2339   725     cutoff   41         3.16546    2.98811  5.60%   128   60s
  2666   885    3.15023   58  106    3.16546    2.99321  5.44%   128   65s
  2958   999    3.13735   76   77    3.16546    2.99992  5.23%   130   70s
  3216  1109    3.06765   45  136    3.16546    3.00284  5.14%   128   75s
  3621  1297    3.15404   50   92    3.16546    3.00777  4.98%   127   80s
  3890  1424    3.05366   39  157    3.16546    3.01212  4.84%   130   85s
  4198  1570    3.13421   50   75    3.16546    3.01692  4.69%   130   90s
  4548  1659    3.10296   39  144    3.16546    3.02220  4.53%   130   95s
  4852  1744    3.09120   31  144    3.16546    3.02804  4.34%   131  100s
  5083  1818    3.12361   45  108    3.16546    3.03027  4.27%   131  105s
  5409  1879    3.13686   50   89    3.16546    3.03473  4.13%   131  110s
  5708  1925    3.08232   50  186    3.16546    3.04199  3.90%   132  115s
  5893  1960    3.06656   35  121    3.16546    3.04466  3.82%   133  120s
  6305  2001     cutoff   41         3.16546    3.05304  3.55%   133  125s
  6712  2066    3.08490   41  155    3.16546    3.05822  3.39%   133  130s
H 6932  2081                       3.1654643    3.06122  3.29%   134  133s
  7080  2101     cutoff   46         3.16546    3.06245  3.25%   133  135s
H 7097  2094                       3.1654643    3.06293  3.24%   133  135s
  7351  2141    3.13664   55  111    3.16546    3.06445  3.19%   133  140s
H 7636  2184                       3.1654643    3.06744  3.10%   133  144s
  7653  2185    3.13434   48  147    3.16546    3.06765  3.09%   133  145s
  7964  2180    3.10997   52  109    3.16546    3.07271  2.93%   134  150s
  8285  2225     cutoff   53         3.16546    3.07533  2.85%   134  155s
  8649  2217    3.09025   49   63    3.16546    3.08014  2.70%   134  160s
H 8722  2218                       3.1654643    3.08063  2.68%   133  161s
  8856  2177    3.09996   53  144    3.16546    3.08333  2.59%   133  165s
  9269  2154     cutoff   42         3.16546    3.08847  2.43%   132  170s
  9727  2156    3.11012   49   64    3.16546    3.09263  2.30%   131  175s
 10151  2082    3.12292   58   90    3.16546    3.09834  2.12%   130  180s
 10511  2014     cutoff   32         3.16546    3.10194  2.01%   130  185s
 10984  1891    3.13643   56  164    3.16546    3.10723  1.84%   128  190s
 11428  1792     cutoff   63         3.16546    3.11141  1.71%   128  195s
 11918  1607     cutoff   60         3.16546    3.11799  1.50%   127  200s
 12514  1393    3.12857   54   91    3.16546    3.12462  1.29%   125  205s
 13210  1071     cutoff   53         3.16546    3.13408  0.99%   122  210s
 14145   411     cutoff   48         3.16546    3.14946  0.51%   117  215s

Cutting planes:
  Gomory: 3
  Cover: 120
  Implied bound: 5
  Projected implied bound: 1
  Clique: 8
  MIR: 316
  StrongCG: 4
  Flow cover: 531
  GUB cover: 2
  Inf proof: 2
  Zero half: 3
  Mod-K: 1
  RLT: 8
  Relax-and-lift: 191

Explored 14576 nodes (1673285 simplex iterations) in 216.30 seconds
Thread count was 1 (of 4 available processors)

Solution count 10: 3.16546 3.30698 3.30974 ... 3.63059

Optimal solution found (tolerance 1.00e-04)
Best objective 3.165464281564e+00, best bound 3.165151826687e+00, gap 0.0099%
