Using license file /home/benedond/gurobi.lic
Using gurobi.env file
Set parameter Threads to value 1
Academic license - for non-commercial use only
Changed value of parameter TimeLimit to 300.0
   Prev: inf  Min: 0.0  Max: inf  Default: inf
Gurobi Optimizer version 9.0.1 build v9.0.1rc0 (linux64)
Optimize a model with 880 rows, 820 columns and 3258 nonzeros
Model fingerprint: 0x8ba89c93
Variable types: 20 continuous, 800 integer (800 binary)
Coefficient statistics:
  Matrix range     [1e+00, 4e+02]
  Objective range  [3e+01, 4e+02]
  Bounds range     [1e+00, 1e+00]
  RHS range        [1e+00, 8e+02]
Presolve removed 535 rows and 517 columns
Presolve time: 0.18s
Presolved: 345 rows, 303 columns, 2347 nonzeros
Variable types: 20 continuous, 283 integer (283 binary)

Root relaxation: objective 1.088000e+03, 176 iterations, 0.00 seconds

    Nodes    |    Current Node    |     Objective Bounds      |     Work
 Expl Unexpl |  Obj  Depth IntInf | Incumbent    BestBd   Gap | It/Node Time

     0     0 1088.00000    0   21          - 1088.00000      -     -    0s
     0     0 1088.00000    0   34          - 1088.00000      -     -    0s
H    0     0                    1486.0000000 1088.00000  26.8%     -    0s
H    0     0                    1404.0000000 1088.00000  22.5%     -    0s
     0     0 1124.59898    0   35 1404.00000 1124.59898  19.9%     -    0s
     0     0 1132.86872    0   35 1404.00000 1132.86872  19.3%     -    0s
     0     0 1133.14852    0   37 1404.00000 1133.14852  19.3%     -    0s
     0     0 1133.43757    0   37 1404.00000 1133.43757  19.3%     -    0s
     0     0 1133.72014    0   38 1404.00000 1133.72014  19.3%     -    0s
     0     0 1144.82509    0   45 1404.00000 1144.82509  18.5%     -    0s
     0     0 1145.02248    0   42 1404.00000 1145.02248  18.4%     -    0s
     0     0 1145.64425    0   42 1404.00000 1145.64425  18.4%     -    0s
     0     0 1146.40766    0   44 1404.00000 1146.40766  18.3%     -    0s
H    0     0                    1375.0000000 1146.40766  16.6%     -    0s
     0     0 1175.68384    0   41 1375.00000 1175.68384  14.5%     -    0s
     0     0 1177.80091    0   44 1375.00000 1177.80091  14.3%     -    0s
     0     0 1177.86513    0   45 1375.00000 1177.86513  14.3%     -    0s
     0     0 1180.94739    0   47 1375.00000 1180.94739  14.1%     -    0s
     0     0 1180.94739    0   49 1375.00000 1180.94739  14.1%     -    0s
     0     0 1184.14089    0   44 1375.00000 1184.14089  13.9%     -    0s
     0     0 1184.17014    0   41 1375.00000 1184.17014  13.9%     -    0s
     0     0 1184.17272    0   44 1375.00000 1184.17272  13.9%     -    0s
     0     0 1185.03392    0   47 1375.00000 1185.03392  13.8%     -    0s
     0     0 1185.99570    0   46 1375.00000 1185.99570  13.7%     -    0s
     0     0 1185.99570    0   46 1375.00000 1185.99570  13.7%     -    0s
     0     0 1187.18383    0   43 1375.00000 1187.18383  13.7%     -    0s
     0     0 1187.73211    0   46 1375.00000 1187.73211  13.6%     -    0s
     0     0 1187.75450    0   46 1375.00000 1187.75450  13.6%     -    0s
     0     0 1187.88822    0   45 1375.00000 1187.88822  13.6%     -    0s
     0     0 1187.94062    0   45 1375.00000 1187.94062  13.6%     -    0s
     0     0 1187.94285    0   46 1375.00000 1187.94285  13.6%     -    0s
     0     0 1187.94285    0   46 1375.00000 1187.94285  13.6%     -    0s
     0     0 1187.94285    0   44 1375.00000 1187.94285  13.6%     -    0s
     0     0 1214.37415    0   26 1375.00000 1214.37415  11.7%     -    0s
     0     0 1214.37415    0   53 1375.00000 1214.37415  11.7%     -    0s
     0     0 1214.37415    0   40 1375.00000 1214.37415  11.7%     -    0s
     0     0 1214.37415    0   45 1375.00000 1214.37415  11.7%     -    0s
     0     0 1214.37415    0   54 1375.00000 1214.37415  11.7%     -    0s
     0     0 1214.37415    0   54 1375.00000 1214.37415  11.7%     -    0s
     0     0 1215.30691    0   51 1375.00000 1215.30691  11.6%     -    0s
     0     0 1221.35585    0   50 1375.00000 1221.35585  11.2%     -    0s
     0     0 1222.71368    0   51 1375.00000 1222.71368  11.1%     -    0s
     0     0 1223.42476    0   51 1375.00000 1223.42476  11.0%     -    0s
     0     0 1223.67215    0   52 1375.00000 1223.67215  11.0%     -    0s
     0     0 1223.74429    0   51 1375.00000 1223.74429  11.0%     -    0s
     0     0 1230.75466    0   51 1375.00000 1230.75466  10.5%     -    0s
     0     0 1231.37930    0   52 1375.00000 1231.37930  10.4%     -    0s
     0     0 1231.37930    0   53 1375.00000 1231.37930  10.4%     -    0s
     0     0 1232.13592    0   51 1375.00000 1232.13592  10.4%     -    0s
     0     0 1232.29336    0   53 1375.00000 1232.29336  10.4%     -    0s
     0     0 1232.29616    0   53 1375.00000 1232.29616  10.4%     -    0s
     0     0 1232.29660    0   53 1375.00000 1232.29660  10.4%     -    0s
     0     0 1232.29660    0   50 1375.00000 1232.29660  10.4%     -    0s
     0     2 1237.96999    0   49 1375.00000 1237.96999  10.0%     -    0s

Cutting planes:
  Cover: 5
  Clique: 5
  MIR: 10
  StrongCG: 1
  GUB cover: 3
  Zero half: 1
  RLT: 2
  Relax-and-lift: 8

Explored 34 nodes (1564 simplex iterations) in 0.45 seconds
Thread count was 1 (of 4 available processors)

Solution count 3: 1375 1404 1486 

Optimal solution found (tolerance 1.00e-04)
Best objective 1.375000000000e+03, best bound 1.375000000000e+03, gap 0.0000%
