{
    "assignmentCharacteristics": [
        {
            "command": "/root/thermobench/build/benchmarks/mem/membench -t1 -f -r -s 1000000",
            "resourceAssignments": [
                {
                    "intercept": 1.8899999856948853,
                    "length": 129,
                    "processors": [
                        {
                            "processingUnits": 1,
                            "processor": "A72"
                        }
                    ],
                    "slope": 0.6899999976158142
                },
                {
                    "intercept": 0.7200000286102295,
                    "length": 88,
                    "processors": [
                        {
                            "processingUnits": 1,
                            "processor": "A53"
                        }
                    ],
                    "slope": 0.5
                }
            ],
            "task": "0_membench-1M-RO-R"
        },
        {
            "command": "./pntrch-4K -v0 -c1 -i100",
            "resourceAssignments": [
                {
                    "intercept": 1.3300000429153442,
                    "length": 93,
                    "processors": [
                        {
                            "processingUnits": 1,
                            "processor": "A72"
                        }
                    ],
                    "slope": 1.409999966621399
                },
                {
                    "intercept": 0.25999999046325684,
                    "length": 271,
                    "processors": [
                        {
                            "processingUnits": 1,
                            "processor": "A53"
                        }
                    ],
                    "slope": 0.23000000417232513
                }
            ],
            "task": "1_pntrch-4K"
        },
        {
            "command": "./a2time-4M -v0 -c1 -i100",
            "resourceAssignments": [
                {
                    "intercept": 2.5199999809265137,
                    "length": 143,
                    "processors": [
                        {
                            "processingUnits": 1,
                            "processor": "A72"
                        }
                    ],
                    "slope": 1.1799999475479126
                },
                {
                    "intercept": 1.3899999856948853,
                    "length": 242,
                    "processors": [
                        {
                            "processingUnits": 1,
                            "processor": "A53"
                        }
                    ],
                    "slope": 0.3499999940395355
                }
            ],
            "task": "2_a2time-4M"
        },
        {
            "command": "./tblook-4K -v0 -c1 -i100",
            "resourceAssignments": [
                {
                    "intercept": 1.5099999904632568,
                    "length": 149,
                    "processors": [
                        {
                            "processingUnits": 1,
                            "processor": "A72"
                        }
                    ],
                    "slope": 1.649999976158142
                },
                {
                    "intercept": 0.27000001072883606,
                    "length": 464,
                    "processors": [
                        {
                            "processingUnits": 1,
                            "processor": "A53"
                        }
                    ],
                    "slope": 0.2199999988079071
                }
            ],
            "task": "3_tblook-4K"
        },
        {
            "command": "/root/thermobench/build/benchmarks/mem/membench -t1 -f -r -s 1000",
            "resourceAssignments": [
                {
                    "intercept": 0.5,
                    "length": 108,
                    "processors": [
                        {
                            "processingUnits": 1,
                            "processor": "A72"
                        }
                    ],
                    "slope": 0.4000000059604645
                },
                {
                    "intercept": 0.20999999344348907,
                    "length": 107,
                    "processors": [
                        {
                            "processingUnits": 1,
                            "processor": "A53"
                        }
                    ],
                    "slope": 0.14000000059604645
                }
            ],
            "task": "4_membench-1K-RO-R"
        },
        {
            "command": "./puwmod-4M -v0 -c1 -i100",
            "resourceAssignments": [
                {
                    "intercept": 2.6600000858306885,
                    "length": 98,
                    "processors": [
                        {
                            "processingUnits": 1,
                            "processor": "A72"
                        }
                    ],
                    "slope": 1.4700000286102295
                },
                {
                    "intercept": 1.399999976158142,
                    "length": 192,
                    "processors": [
                        {
                            "processingUnits": 1,
                            "processor": "A53"
                        }
                    ],
                    "slope": 0.36000001430511475
                }
            ],
            "task": "5_puwmod-4M"
        },
        {
            "command": "./canrdr-4K -v0 -c1 -i100",
            "resourceAssignments": [
                {
                    "intercept": 1.149999976158142,
                    "length": 158,
                    "processors": [
                        {
                            "processingUnits": 1,
                            "processor": "A72"
                        }
                    ],
                    "slope": 1.2000000476837158
                },
                {
                    "intercept": 0.33000001311302185,
                    "length": 298,
                    "processors": [
                        {
                            "processingUnits": 1,
                            "processor": "A53"
                        }
                    ],
                    "slope": 0.3400000035762787
                }
            ],
            "task": "6_canrdr-4K"
        },
        {
            "command": "/root/thermobench/build/benchmarks/mem/membench -t1 -f -r -w -s 4000000",
            "resourceAssignments": [
                {
                    "intercept": 2.180000066757202,
                    "length": 56,
                    "processors": [
                        {
                            "processingUnits": 1,
                            "processor": "A72"
                        }
                    ],
                    "slope": 0.5799999833106995
                },
                {
                    "intercept": 1.6100000143051147,
                    "length": 72,
                    "processors": [
                        {
                            "processingUnits": 1,
                            "processor": "A53"
                        }
                    ],
                    "slope": 0.30000001192092896
                }
            ],
            "task": "7_membench-4M-RW-R"
        },
        {
            "command": "/root/thermobench/build/benchmarks/tinyrenderer/tinyrenderer -f /root/thermobench/benchmarks/tinyrenderer/obj/diablo3_pose/*.obj",
            "resourceAssignments": [
                {
                    "intercept": 2.2300000190734863,
                    "length": 62,
                    "processors": [
                        {
                            "processingUnits": 1,
                            "processor": "A72"
                        }
                    ],
                    "slope": 1.1399999856948853
                },
                {
                    "intercept": 1.2799999713897705,
                    "length": 126,
                    "processors": [
                        {
                            "processingUnits": 1,
                            "processor": "A53"
                        }
                    ],
                    "slope": 0.27000001072883606
                }
            ],
            "task": "8_tinyrenderer-diablo"
        },
        {
            "command": "./tblook-4M -v0 -c1 -i100",
            "resourceAssignments": [
                {
                    "intercept": 2.7300000190734863,
                    "length": 99,
                    "processors": [
                        {
                            "processingUnits": 1,
                            "processor": "A72"
                        }
                    ],
                    "slope": 1.7599999904632568
                },
                {
                    "intercept": 1.3300000429153442,
                    "length": 315,
                    "processors": [
                        {
                            "processingUnits": 1,
                            "processor": "A53"
                        }
                    ],
                    "slope": 0.25
                }
            ],
            "task": "9_tblook-4M"
        },
        {
            "command": "/root/thermobench/build/benchmarks/mem/membench -t1 -f -w -s 1000000",
            "resourceAssignments": [
                {
                    "intercept": 2.509999990463257,
                    "length": 70,
                    "processors": [
                        {
                            "processingUnits": 1,
                            "processor": "A72"
                        }
                    ],
                    "slope": 1.0099999904632568
                },
                {
                    "intercept": 0.949999988079071,
                    "length": 52,
                    "processors": [
                        {
                            "processingUnits": 1,
                            "processor": "A53"
                        }
                    ],
                    "slope": 0.8199999928474426
                }
            ],
            "task": "10_membench-1M-RW-S"
        },
        {
            "command": "./bitmnp-4M -v0 -c1 -i100",
            "resourceAssignments": [
                {
                    "intercept": 1.9700000286102295,
                    "length": 59,
                    "processors": [
                        {
                            "processingUnits": 1,
                            "processor": "A72"
                        }
                    ],
                    "slope": 0.8999999761581421
                },
                {
                    "intercept": 1.2200000286102295,
                    "length": 129,
                    "processors": [
                        {
                            "processingUnits": 1,
                            "processor": "A53"
                        }
                    ],
                    "slope": 0.28999999165534973
                }
            ],
            "task": "11_bitmnp-4M"
        },
        {
            "command": "/root/thermobench/build/benchmarks/mem/membench -t1 -f -w -s 4000000",
            "resourceAssignments": [
                {
                    "intercept": 3.2100000381469727,
                    "length": 56,
                    "processors": [
                        {
                            "processingUnits": 1,
                            "processor": "A72"
                        }
                    ],
                    "slope": 0.3799999952316284
                },
                {
                    "intercept": 1.9700000286102295,
                    "length": 133,
                    "processors": [
                        {
                            "processingUnits": 1,
                            "processor": "A53"
                        }
                    ],
                    "slope": 0.47999998927116394
                }
            ],
            "task": "12_membench-4M-RW-S"
        },
        {
            "command": "/root/thermobench/build/benchmarks/tinyrenderer/tinyrenderer -f /root/thermobench/benchmarks/tinyrenderer/obj/diablo3_pose/*.obj",
            "resourceAssignments": [
                {
                    "intercept": 2.2300000190734863,
                    "length": 63,
                    "processors": [
                        {
                            "processingUnits": 1,
                            "processor": "A72"
                        }
                    ],
                    "slope": 1.1399999856948853
                },
                {
                    "intercept": 1.2799999713897705,
                    "length": 128,
                    "processors": [
                        {
                            "processingUnits": 1,
                            "processor": "A53"
                        }
                    ],
                    "slope": 0.27000001072883606
                }
            ],
            "task": "13_tinyrenderer-diablo"
        },
        {
            "command": "./canrdr-4K -v0 -c1 -i100",
            "resourceAssignments": [
                {
                    "intercept": 1.149999976158142,
                    "length": 136,
                    "processors": [
                        {
                            "processingUnits": 1,
                            "processor": "A72"
                        }
                    ],
                    "slope": 1.2000000476837158
                },
                {
                    "intercept": 0.33000001311302185,
                    "length": 256,
                    "processors": [
                        {
                            "processingUnits": 1,
                            "processor": "A53"
                        }
                    ],
                    "slope": 0.3400000035762787
                }
            ],
            "task": "14_canrdr-4K"
        },
        {
            "command": "./aifirf-4K -v0 -c1 -i100",
            "resourceAssignments": [
                {
                    "intercept": 1.399999976158142,
                    "length": 121,
                    "processors": [
                        {
                            "processingUnits": 1,
                            "processor": "A72"
                        }
                    ],
                    "slope": 1.5099999904632568
                },
                {
                    "intercept": 0.23000000417232513,
                    "length": 334,
                    "processors": [
                        {
                            "processingUnits": 1,
                            "processor": "A53"
                        }
                    ],
                    "slope": 0.23999999463558197
                }
            ],
            "task": "15_aifirf-4K"
        },
        {
            "command": "/root/thermobench/build/benchmarks/mem/membench -t1 -f -s 1000000",
            "resourceAssignments": [
                {
                    "intercept": 2.180000066757202,
                    "length": 115,
                    "processors": [
                        {
                            "processingUnits": 1,
                            "processor": "A72"
                        }
                    ],
                    "slope": 1.190000057220459
                },
                {
                    "intercept": 0.9399999976158142,
                    "length": 89,
                    "processors": [
                        {
                            "processingUnits": 1,
                            "processor": "A53"
                        }
                    ],
                    "slope": 0.7099999785423279
                }
            ],
            "task": "16_membench-1M-RO-S"
        },
        {
            "command": "/root/thermobench/build/benchmarks/tinyrenderer/tinyrenderer -f /root/thermobench/benchmarks/tinyrenderer/obj/diablo3_pose/*.obj",
            "resourceAssignments": [
                {
                    "intercept": 2.2300000190734863,
                    "length": 60,
                    "processors": [
                        {
                            "processingUnits": 1,
                            "processor": "A72"
                        }
                    ],
                    "slope": 1.1399999856948853
                },
                {
                    "intercept": 1.2799999713897705,
                    "length": 122,
                    "processors": [
                        {
                            "processingUnits": 1,
                            "processor": "A53"
                        }
                    ],
                    "slope": 0.27000001072883606
                }
            ],
            "task": "17_tinyrenderer-diablo"
        },
        {
            "command": "/root/thermobench/build/benchmarks/mem/membench -t1 -f -r -s 4000000",
            "resourceAssignments": [
                {
                    "intercept": 2.0399999618530273,
                    "length": 144,
                    "processors": [
                        {
                            "processingUnits": 1,
                            "processor": "A72"
                        }
                    ],
                    "slope": 0.5099999904632568
                },
                {
                    "intercept": 1.5299999713897705,
                    "length": 182,
                    "processors": [
                        {
                            "processingUnits": 1,
                            "processor": "A53"
                        }
                    ],
                    "slope": 0.23000000417232513
                }
            ],
            "task": "18_membench-4M-RO-R"
        },
        {
            "command": "./puwmod-4M -v0 -c1 -i100",
            "resourceAssignments": [
                {
                    "intercept": 2.6600000858306885,
                    "length": 103,
                    "processors": [
                        {
                            "processingUnits": 1,
                            "processor": "A72"
                        }
                    ],
                    "slope": 1.4700000286102295
                },
                {
                    "intercept": 1.399999976158142,
                    "length": 201,
                    "processors": [
                        {
                            "processingUnits": 1,
                            "processor": "A53"
                        }
                    ],
                    "slope": 0.36000001430511475
                }
            ],
            "task": "19_puwmod-4M"
        },
        {
            "command": "./idctrn-4K -v0 -c1 -i100",
            "resourceAssignments": [
                {
                    "intercept": 1.5099999904632568,
                    "length": 115,
                    "processors": [
                        {
                            "processingUnits": 1,
                            "processor": "A72"
                        }
                    ],
                    "slope": 1.5800000429153442
                },
                {
                    "intercept": 0.3199999928474426,
                    "length": 333,
                    "processors": [
                        {
                            "processingUnits": 1,
                            "processor": "A53"
                        }
                    ],
                    "slope": 0.25
                }
            ],
            "task": "20_idctrn-4K"
        },
        {
            "command": "./matrix-4M -v0 -c1 -i100",
            "resourceAssignments": [
                {
                    "intercept": 2.6500000953674316,
                    "length": 108,
                    "processors": [
                        {
                            "processingUnits": 1,
                            "processor": "A72"
                        }
                    ],
                    "slope": 2.009999990463257
                },
                {
                    "intercept": 0.8799999952316284,
                    "length": 304,
                    "processors": [
                        {
                            "processingUnits": 1,
                            "processor": "A53"
                        }
                    ],
                    "slope": 0.5
                }
            ],
            "task": "21_matrix-4M"
        },
        {
            "command": "/root/thermobench/build/benchmarks/mem/membench -t1 -f -s 4000000",
            "resourceAssignments": [
                {
                    "intercept": 3.049999952316284,
                    "length": 51,
                    "processors": [
                        {
                            "processingUnits": 1,
                            "processor": "A72"
                        }
                    ],
                    "slope": 0.3799999952316284
                },
                {
                    "intercept": 1.7699999809265137,
                    "length": 166,
                    "processors": [
                        {
                            "processingUnits": 1,
                            "processor": "A53"
                        }
                    ],
                    "slope": 0.4399999976158142
                }
            ],
            "task": "22_membench-4M-RO-S"
        },
        {
            "command": "./canrdr-4M -v0 -c1 -i100",
            "resourceAssignments": [
                {
                    "intercept": 2.6700000762939453,
                    "length": 107,
                    "processors": [
                        {
                            "processingUnits": 1,
                            "processor": "A72"
                        }
                    ],
                    "slope": 1.3600000143051147
                },
                {
                    "intercept": 1.4700000286102295,
                    "length": 204,
                    "processors": [
                        {
                            "processingUnits": 1,
                            "processor": "A53"
                        }
                    ],
                    "slope": 0.4000000059604645
                }
            ],
            "task": "23_canrdr-4M"
        },
        {
            "command": "/root/thermobench/build/benchmarks/mem/membench -t1 -f -w -s 4000000",
            "resourceAssignments": [
                {
                    "intercept": 3.2100000381469727,
                    "length": 89,
                    "processors": [
                        {
                            "processingUnits": 1,
                            "processor": "A72"
                        }
                    ],
                    "slope": 0.3799999952316284
                },
                {
                    "intercept": 1.9700000286102295,
                    "length": 211,
                    "processors": [
                        {
                            "processingUnits": 1,
                            "processor": "A53"
                        }
                    ],
                    "slope": 0.47999998927116394
                }
            ],
            "task": "24_membench-4M-RW-S"
        }
    ],
    "environment": {
        "majorFrameLength": 1070,
        "problemVersion": 1,
        "processors": [
            {
                "name": "A53",
                "processingUnits": 4,
                "type": "main_processor"
            },
            {
                "name": "A72",
                "processingUnits": 2,
                "type": "main_processor"
            }
        ],
        "scPart": 1.0
    },
    "solution": {
        "feasible": true,
        "solutionTime": 5905,
        "solverMetadata": {
            "objective": "3998.0"
        },
        "solverName": "ILP-IDLE-MAX",
        "windows": [
            {
                "length": 171,
                "tasks": [
                    {
                        "length": 149,
                        "processingUnit": 0,
                        "processor": "A72",
                        "start": 0,
                        "task": "3_tblook-4K"
                    },
                    {
                        "length": 107,
                        "processingUnit": 0,
                        "processor": "A53",
                        "start": 0,
                        "task": "4_membench-1K-RO-R"
                    },
                    {
                        "length": 158,
                        "processingUnit": 1,
                        "processor": "A72",
                        "start": 0,
                        "task": "6_canrdr-4K"
                    },
                    {
                        "length": 52,
                        "processingUnit": 1,
                        "processor": "A53",
                        "start": 0,
                        "task": "10_membench-1M-RW-S"
                    },
                    {
                        "length": 89,
                        "processingUnit": 2,
                        "processor": "A53",
                        "start": 0,
                        "task": "16_membench-1M-RO-S"
                    }
                ]
            },
            {
                "length": 144,
                "tasks": [
                    {
                        "length": 88,
                        "processingUnit": 0,
                        "processor": "A53",
                        "start": 0,
                        "task": "0_membench-1M-RO-R"
                    },
                    {
                        "length": 143,
                        "processingUnit": 0,
                        "processor": "A72",
                        "start": 0,
                        "task": "2_a2time-4M"
                    },
                    {
                        "length": 136,
                        "processingUnit": 1,
                        "processor": "A72",
                        "start": 0,
                        "task": "14_canrdr-4K"
                    }
                ]
            },
            {
                "length": 144,
                "tasks": [
                    {
                        "length": 121,
                        "processingUnit": 0,
                        "processor": "A72",
                        "start": 0,
                        "task": "15_aifirf-4K"
                    },
                    {
                        "length": 144,
                        "processingUnit": 1,
                        "processor": "A72",
                        "start": 0,
                        "task": "18_membench-4M-RO-R"
                    }
                ]
            },
            {
                "length": 115,
                "tasks": [
                    {
                        "length": 72,
                        "processingUnit": 0,
                        "processor": "A53",
                        "start": 0,
                        "task": "7_membench-4M-RW-R"
                    },
                    {
                        "length": 103,
                        "processingUnit": 0,
                        "processor": "A72",
                        "start": 0,
                        "task": "19_puwmod-4M"
                    },
                    {
                        "length": 115,
                        "processingUnit": 1,
                        "processor": "A72",
                        "start": 0,
                        "task": "20_idctrn-4K"
                    }
                ]
            },
            {
                "length": 108,
                "tasks": [
                    {
                        "length": 93,
                        "processingUnit": 0,
                        "processor": "A72",
                        "start": 0,
                        "task": "1_pntrch-4K"
                    },
                    {
                        "length": 108,
                        "processingUnit": 1,
                        "processor": "A72",
                        "start": 0,
                        "task": "21_matrix-4M"
                    }
                ]
            },
            {
                "length": 107,
                "tasks": [
                    {
                        "length": 107,
                        "processingUnit": 0,
                        "processor": "A72",
                        "start": 0,
                        "task": "23_canrdr-4M"
                    },
                    {
                        "length": 89,
                        "processingUnit": 1,
                        "processor": "A72",
                        "start": 0,
                        "task": "24_membench-4M-RW-S"
                    }
                ]
            },
            {
                "length": 99,
                "tasks": [
                    {
                        "length": 98,
                        "processingUnit": 0,
                        "processor": "A72",
                        "start": 0,
                        "task": "5_puwmod-4M"
                    },
                    {
                        "length": 99,
                        "processingUnit": 1,
                        "processor": "A72",
                        "start": 0,
                        "task": "9_tblook-4M"
                    }
                ]
            },
            {
                "length": 63,
                "tasks": [
                    {
                        "length": 59,
                        "processingUnit": 0,
                        "processor": "A72",
                        "start": 0,
                        "task": "11_bitmnp-4M"
                    },
                    {
                        "length": 60,
                        "processingUnit": 1,
                        "processor": "A72",
                        "start": 0,
                        "task": "17_tinyrenderer-diablo"
                    }
                ]
            },
            {
                "length": 63,
                "tasks": [
                    {
                        "length": 62,
                        "processingUnit": 0,
                        "processor": "A72",
                        "start": 0,
                        "task": "8_tinyrenderer-diablo"
                    },
                    {
                        "length": 63,
                        "processingUnit": 1,
                        "processor": "A72",
                        "start": 0,
                        "task": "13_tinyrenderer-diablo"
                    }
                ]
            },
            {
                "length": 56,
                "tasks": [
                    {
                        "length": 56,
                        "processingUnit": 0,
                        "processor": "A72",
                        "start": 0,
                        "task": "12_membench-4M-RW-S"
                    },
                    {
                        "length": 51,
                        "processingUnit": 1,
                        "processor": "A72",
                        "start": 0,
                        "task": "22_membench-4M-RO-S"
                    }
                ]
            }
        ]
    },
    "tasks": [
        {
            "assignmentIndex": 0,
            "command": "./tblook-4K -v0 -c1 -i100",
            "length": 149,
            "name": "3_tblook-4K",
            "processors": [
                {
                    "processor": "A72",
                    "processingUnits": 1
                }
            ]
        },
        {
            "assignmentIndex": 1,
            "command": "/root/thermobench/build/benchmarks/mem/membench -t1 -f -r -s 1000",
            "length": 107,
            "name": "4_membench-1K-RO-R",
            "processors": [
                {
                    "processor": "A53",
                    "processingUnits": 1
                }
            ]
        },
        {
            "assignmentIndex": 0,
            "command": "./canrdr-4K -v0 -c1 -i100",
            "length": 158,
            "name": "6_canrdr-4K",
            "processors": [
                {
                    "processor": "A72",
                    "processingUnits": 1
                }
            ]
        },
        {
            "assignmentIndex": 1,
            "command": "/root/thermobench/build/benchmarks/mem/membench -t1 -f -w -s 1000000",
            "length": 52,
            "name": "10_membench-1M-RW-S",
            "processors": [
                {
                    "processor": "A53",
                    "processingUnits": 1
                }
            ]
        },
        {
            "assignmentIndex": 1,
            "command": "/root/thermobench/build/benchmarks/mem/membench -t1 -f -s 1000000",
            "length": 89,
            "name": "16_membench-1M-RO-S",
            "processors": [
                {
                    "processor": "A53",
                    "processingUnits": 1
                }
            ]
        },
        {
            "assignmentIndex": 1,
            "command": "/root/thermobench/build/benchmarks/mem/membench -t1 -f -r -s 1000000",
            "length": 88,
            "name": "0_membench-1M-RO-R",
            "processors": [
                {
                    "processor": "A53",
                    "processingUnits": 1
                }
            ]
        },
        {
            "assignmentIndex": 0,
            "command": "./a2time-4M -v0 -c1 -i100",
            "length": 143,
            "name": "2_a2time-4M",
            "processors": [
                {
                    "processor": "A72",
                    "processingUnits": 1
                }
            ]
        },
        {
            "assignmentIndex": 0,
            "command": "./canrdr-4K -v0 -c1 -i100",
            "length": 136,
            "name": "14_canrdr-4K",
            "processors": [
                {
                    "processor": "A72",
                    "processingUnits": 1
                }
            ]
        },
        {
            "assignmentIndex": 0,
            "command": "./aifirf-4K -v0 -c1 -i100",
            "length": 121,
            "name": "15_aifirf-4K",
            "processors": [
                {
                    "processor": "A72",
                    "processingUnits": 1
                }
            ]
        },
        {
            "assignmentIndex": 0,
            "command": "/root/thermobench/build/benchmarks/mem/membench -t1 -f -r -s 4000000",
            "length": 144,
            "name": "18_membench-4M-RO-R",
            "processors": [
                {
                    "processor": "A72",
                    "processingUnits": 1
                }
            ]
        },
        {
            "assignmentIndex": 1,
            "command": "/root/thermobench/build/benchmarks/mem/membench -t1 -f -r -w -s 4000000",
            "length": 72,
            "name": "7_membench-4M-RW-R",
            "processors": [
                {
                    "processor": "A53",
                    "processingUnits": 1
                }
            ]
        },
        {
            "assignmentIndex": 0,
            "command": "./puwmod-4M -v0 -c1 -i100",
            "length": 103,
            "name": "19_puwmod-4M",
            "processors": [
                {
                    "processor": "A72",
                    "processingUnits": 1
                }
            ]
        },
        {
            "assignmentIndex": 0,
            "command": "./idctrn-4K -v0 -c1 -i100",
            "length": 115,
            "name": "20_idctrn-4K",
            "processors": [
                {
                    "processor": "A72",
                    "processingUnits": 1
                }
            ]
        },
        {
            "assignmentIndex": 0,
            "command": "./pntrch-4K -v0 -c1 -i100",
            "length": 93,
            "name": "1_pntrch-4K",
            "processors": [
                {
                    "processor": "A72",
                    "processingUnits": 1
                }
            ]
        },
        {
            "assignmentIndex": 0,
            "command": "./matrix-4M -v0 -c1 -i100",
            "length": 108,
            "name": "21_matrix-4M",
            "processors": [
                {
                    "processor": "A72",
                    "processingUnits": 1
                }
            ]
        },
        {
            "assignmentIndex": 0,
            "command": "./canrdr-4M -v0 -c1 -i100",
            "length": 107,
            "name": "23_canrdr-4M",
            "processors": [
                {
                    "processor": "A72",
                    "processingUnits": 1
                }
            ]
        },
        {
            "assignmentIndex": 0,
            "command": "/root/thermobench/build/benchmarks/mem/membench -t1 -f -w -s 4000000",
            "length": 89,
            "name": "24_membench-4M-RW-S",
            "processors": [
                {
                    "processor": "A72",
                    "processingUnits": 1
                }
            ]
        },
        {
            "assignmentIndex": 0,
            "command": "./puwmod-4M -v0 -c1 -i100",
            "length": 98,
            "name": "5_puwmod-4M",
            "processors": [
                {
                    "processor": "A72",
                    "processingUnits": 1
                }
            ]
        },
        {
            "assignmentIndex": 0,
            "command": "./tblook-4M -v0 -c1 -i100",
            "length": 99,
            "name": "9_tblook-4M",
            "processors": [
                {
                    "processor": "A72",
                    "processingUnits": 1
                }
            ]
        },
        {
            "assignmentIndex": 0,
            "command": "./bitmnp-4M -v0 -c1 -i100",
            "length": 59,
            "name": "11_bitmnp-4M",
            "processors": [
                {
                    "processor": "A72",
                    "processingUnits": 1
                }
            ]
        },
        {
            "assignmentIndex": 0,
            "command": "/root/thermobench/build/benchmarks/tinyrenderer/tinyrenderer -f /root/thermobench/benchmarks/tinyrenderer/obj/diablo3_pose/*.obj",
            "length": 60,
            "name": "17_tinyrenderer-diablo",
            "processors": [
                {
                    "processor": "A72",
                    "processingUnits": 1
                }
            ]
        },
        {
            "assignmentIndex": 0,
            "command": "/root/thermobench/build/benchmarks/tinyrenderer/tinyrenderer -f /root/thermobench/benchmarks/tinyrenderer/obj/diablo3_pose/*.obj",
            "length": 62,
            "name": "8_tinyrenderer-diablo",
            "processors": [
                {
                    "processor": "A72",
                    "processingUnits": 1
                }
            ]
        },
        {
            "assignmentIndex": 0,
            "command": "/root/thermobench/build/benchmarks/tinyrenderer/tinyrenderer -f /root/thermobench/benchmarks/tinyrenderer/obj/diablo3_pose/*.obj",
            "length": 63,
            "name": "13_tinyrenderer-diablo",
            "processors": [
                {
                    "processor": "A72",
                    "processingUnits": 1
                }
            ]
        },
        {
            "assignmentIndex": 0,
            "command": "/root/thermobench/build/benchmarks/mem/membench -t1 -f -w -s 4000000",
            "length": 56,
            "name": "12_membench-4M-RW-S",
            "processors": [
                {
                    "processor": "A72",
                    "processingUnits": 1
                }
            ]
        },
        {
            "assignmentIndex": 0,
            "command": "/root/thermobench/build/benchmarks/mem/membench -t1 -f -s 4000000",
            "length": 51,
            "name": "22_membench-4M-RO-S",
            "processors": [
                {
                    "processor": "A72",
                    "processingUnits": 1
                }
            ]
        }
    ]
}