Using license file /home/benedond/gurobi.lic
Using gurobi.env file
Set parameter Threads to value 1
Academic license - for non-commercial use only
Changed value of parameter TimeLimit to 300.0
   Prev: inf  Min: 0.0  Max: inf  Default: inf
Gurobi Optimizer version 9.0.1 build v9.0.1rc0 (linux64)
Optimize a model with 880 rows, 820 columns and 3258 nonzeros
Model fingerprint: 0x3ddae5ce
Variable types: 20 continuous, 800 integer (800 binary)
Coefficient statistics:
  Matrix range     [1e+00, 4e+02]
  Objective range  [5e+01, 4e+02]
  Bounds range     [1e+00, 1e+00]
  RHS range        [1e+00, 9e+02]
Presolve removed 563 rows and 542 columns
Presolve time: 0.17s
Presolved: 317 rows, 278 columns, 2166 nonzeros
Variable types: 15 continuous, 263 integer (263 binary)
Found heuristic solution: objective 2395.0000000

Root relaxation: objective 1.153000e+03, 164 iterations, 0.00 seconds

    Nodes    |    Current Node    |     Objective Bounds      |     Work
 Expl Unexpl |  Obj  Depth IntInf | Incumbent    BestBd   Gap | It/Node Time

     0     0 1153.00000    0   29 2395.00000 1153.00000  51.9%     -    0s
H    0     0                    2022.0000000 1153.00000  43.0%     -    0s
H    0     0                    1769.0000000 1153.00000  34.8%     -    0s
     0     0 1153.00000    0   37 1769.00000 1153.00000  34.8%     -    0s
     0     0 1153.00000    0   35 1769.00000 1153.00000  34.8%     -    0s
     0     0 1165.17498    0   36 1769.00000 1165.17498  34.1%     -    0s
     0     0 1194.00000    0   32 1769.00000 1194.00000  32.5%     -    0s
     0     0 1194.00000    0   26 1769.00000 1194.00000  32.5%     -    0s
     0     0 1199.72171    0   43 1769.00000 1199.72171  32.2%     -    0s
     0     0 1201.44930    0   44 1769.00000 1201.44930  32.1%     -    0s
     0     0 1214.55128    0   43 1769.00000 1214.55128  31.3%     -    0s
     0     0 1215.88377    0   44 1769.00000 1215.88377  31.3%     -    0s
     0     0 1215.97636    0   44 1769.00000 1215.97636  31.3%     -    0s
     0     0 1215.99336    0   45 1769.00000 1215.99336  31.3%     -    0s
     0     0 1218.21637    0   44 1769.00000 1218.21637  31.1%     -    0s
     0     0 1219.78576    0   44 1769.00000 1219.78576  31.0%     -    0s
H    0     0                    1676.0000000 1219.78576  27.2%     -    0s
H    0     0                    1624.0000000 1219.78576  24.9%     -    0s
     0     0 1219.82197    0   45 1624.00000 1219.82197  24.9%     -    0s
     0     0 1219.85994    0   47 1624.00000 1219.85994  24.9%     -    0s
     0     0 1219.87688    0   47 1624.00000 1219.87688  24.9%     -    0s
     0     0 1221.70597    0   44 1624.00000 1221.70597  24.8%     -    0s
     0     0 1221.84007    0   49 1624.00000 1221.84007  24.8%     -    0s
     0     0 1221.87898    0   48 1624.00000 1221.87898  24.8%     -    0s
     0     0 1221.87952    0   48 1624.00000 1221.87952  24.8%     -    0s
     0     0 1223.35847    0   45 1624.00000 1223.35847  24.7%     -    0s
     0     0 1225.57487    0   47 1624.00000 1225.57487  24.5%     -    0s
     0     0 1225.69248    0   49 1624.00000 1225.69248  24.5%     -    0s
     0     0 1225.72683    0   49 1624.00000 1225.72683  24.5%     -    0s
     0     0 1228.66497    0   48 1624.00000 1228.66497  24.3%     -    0s
     0     0 1229.56433    0   48 1624.00000 1229.56433  24.3%     -    0s
     0     0 1229.60529    0   50 1624.00000 1229.60529  24.3%     -    0s
     0     0 1231.97670    0   49 1624.00000 1231.97670  24.1%     -    0s
     0     0 1232.81343    0   52 1624.00000 1232.81343  24.1%     -    0s
     0     0 1232.90674    0   52 1624.00000 1232.90674  24.1%     -    0s
     0     0 1232.96215    0   52 1624.00000 1232.96215  24.1%     -    0s
     0     0 1233.17421    0   51 1624.00000 1233.17421  24.1%     -    0s
     0     0 1233.35232    0   52 1624.00000 1233.35232  24.1%     -    0s
     0     0 1233.53212    0   53 1624.00000 1233.53212  24.0%     -    0s
     0     0 1233.67979    0   53 1624.00000 1233.67979  24.0%     -    0s
     0     0 1233.75673    0   53 1624.00000 1233.75673  24.0%     -    0s
     0     0 1233.76178    0   53 1624.00000 1233.76178  24.0%     -    0s
     0     0 1233.85754    0   53 1624.00000 1233.85754  24.0%     -    0s
     0     0 1233.90734    0   53 1624.00000 1233.90734  24.0%     -    0s
     0     0 1233.92220    0   53 1624.00000 1233.92220  24.0%     -    0s
     0     0 1233.92220    0   53 1624.00000 1233.92220  24.0%     -    0s
     0     0 1234.07095    0   52 1624.00000 1234.07095  24.0%     -    0s
     0     0 1234.07373    0   53 1624.00000 1234.07373  24.0%     -    0s
     0     0 1234.07373    0   49 1624.00000 1234.07373  24.0%     -    0s
     0     2 1249.00000    0   49 1624.00000 1249.00000  23.1%     -    0s
H   27    21                    1576.0000000 1271.59129  19.3%  15.6    0s

Cutting planes:
  Gomory: 3
  Cover: 8
  Clique: 9
  MIR: 33
  StrongCG: 1
  GUB cover: 11
  Relax-and-lift: 10

Explored 389 nodes (5133 simplex iterations) in 0.60 seconds
Thread count was 1 (of 4 available processors)

Solution count 6: 1576 1624 1676 ... 2395

Optimal solution found (tolerance 1.00e-04)
Best objective 1.576000000000e+03, best bound 1.576000000000e+03, gap 0.0000%
