Using license file /home/benedond/gurobi.lic
Using gurobi.env file
Set parameter Threads to value 1
Academic license - for non-commercial use only
Changed value of parameter TimeLimit to 300.0
   Prev: inf  Min: 0.0  Max: inf  Default: inf
Gurobi Optimizer version 9.0.1 build v9.0.1rc0 (linux64)
Optimize a model with 2108 rows, 1957 columns and 9439 nonzeros
Model fingerprint: 0x0c83b86e
Variable types: 60 continuous, 1897 integer (1897 binary)
Coefficient statistics:
  Matrix range     [2e-01, 5e+02]
  Objective range  [2e-02, 3e-01]
  Bounds range     [1e+00, 1e+00]
  RHS range        [1e+00, 1e+03]
Presolve removed 100 rows and 70 columns
Presolve time: 0.04s
Presolved: 2008 rows, 1887 columns, 9089 nonzeros
Variable types: 59 continuous, 1828 integer (1828 binary)

Root relaxation: objective 1.905176e+00, 2102 iterations, 0.07 seconds

    Nodes    |    Current Node    |     Objective Bounds      |     Work
 Expl Unexpl |  Obj  Depth IntInf | Incumbent    BestBd   Gap | It/Node Time

     0     0    1.90518    0  170          -    1.90518      -     -    0s
     0     0    2.04665    0  145          -    2.04665      -     -    0s
H    0     0                       4.0392483    2.04665  49.3%     -    0s
H    0     0                       3.4788207    2.04665  41.2%     -    0s
H    0     0                       3.3082138    2.04665  38.1%     -    0s
     0     0    2.05206    0  124    3.30821    2.05206  38.0%     -    0s
     0     0    2.16693    0  174    3.30821    2.16693  34.5%     -    0s
     0     0    2.18912    0  154    3.30821    2.18912  33.8%     -    0s
     0     0    2.23735    0  168    3.30821    2.23735  32.4%     -    0s
     0     0    2.25745    0  193    3.30821    2.25745  31.8%     -    0s
     0     0    2.25845    0  178    3.30821    2.25845  31.7%     -    0s
     0     0    2.25854    0  176    3.30821    2.25854  31.7%     -    0s
     0     0    2.28630    0  177    3.30821    2.28630  30.9%     -    0s
H    0     0                       3.1572897    2.28630  27.6%     -    0s
H    0     0                       3.1149724    2.28630  26.6%     -    0s
     0     0    2.30805    0  200    3.11497    2.30805  25.9%     -    0s
     0     0    2.31067    0  230    3.11497    2.31067  25.8%     -    0s
     0     0    2.31130    0  222    3.11497    2.31130  25.8%     -    1s
     0     0    2.31134    0  208    3.11497    2.31134  25.8%     -    1s
     0     0    2.32653    0  165    3.11497    2.32653  25.3%     -    1s
     0     0    2.32895    0  171    3.11497    2.32895  25.2%     -    1s
     0     0    2.32961    0  178    3.11497    2.32961  25.2%     -    1s
     0     0    2.32975    0  193    3.11497    2.32975  25.2%     -    1s
     0     0    2.33931    0  190    3.11497    2.33931  24.9%     -    1s
H    0     0                       3.0508689    2.33931  23.3%     -    1s
     0     0    2.34051    0  214    3.05087    2.34051  23.3%     -    1s
     0     0    2.34150    0  194    3.05087    2.34150  23.3%     -    1s
     0     0    2.34162    0  209    3.05087    2.34162  23.2%     -    1s
     0     0    2.34688    0  170    3.05087    2.34688  23.1%     -    1s
     0     0    2.34903    0  199    3.05087    2.34903  23.0%     -    1s
     0     0    2.34939    0  213    3.05087    2.34939  23.0%     -    1s
     0     0    2.34940    0  176    3.05087    2.34940  23.0%     -    1s
     0     0    2.35374    0  188    3.05087    2.35374  22.9%     -    1s
     0     0    2.35494    0  230    3.05087    2.35494  22.8%     -    1s
     0     0    2.35507    0  214    3.05087    2.35507  22.8%     -    1s
     0     0    2.36023    0  192    3.05087    2.36023  22.6%     -    1s
     0     0    2.36061    0  193    3.05087    2.36061  22.6%     -    1s
     0     0    2.36063    0  188    3.05087    2.36063  22.6%     -    1s
     0     0    2.36720    0  227    3.05087    2.36720  22.4%     -    1s
     0     0    2.36909    0  233    3.05087    2.36909  22.3%     -    1s
     0     0    2.36935    0  194    3.05087    2.36935  22.3%     -    1s
     0     0    2.37341    0  210    3.05087    2.37341  22.2%     -    1s
     0     0    2.37410    0  203    3.05087    2.37410  22.2%     -    1s
     0     0    2.37429    0  242    3.05087    2.37429  22.2%     -    1s
     0     0    2.37729    0  237    3.05087    2.37729  22.1%     -    1s
     0     0    2.37748    0  214    3.05087    2.37748  22.1%     -    1s
     0     0    2.38229    0  217    3.05087    2.38229  21.9%     -    1s
     0     0    2.38244    0  232    3.05087    2.38244  21.9%     -    1s
     0     0    2.38444    0  223    3.05087    2.38444  21.8%     -    1s
     0     0    2.38444    0  221    3.05087    2.38444  21.8%     -    2s
H    0     0                       3.0508689    2.38467  21.8%     -    2s
     0     2    2.38467    0  221    3.05087    2.38467  21.8%     -    2s
H   27    27                       3.0439793    2.38944  21.5%   397    4s
    39    41    2.68231   24  162    3.04398    2.38944  21.5%   364    5s
H  110    99                       3.0256966    2.38944  21.0%   197    5s
H  164   139                       3.0066828    2.39976  20.2%   174    7s
H  203   164                       2.9558483    2.39976  18.8%   155    7s
H  470   322                       2.9161586    2.40977  17.4%   121   10s
H  470   303                       2.8829103    2.40977  16.4%   121   10s
   558   374    2.87726   61  277    2.88291    2.44147  15.3%   112   15s
   619   415    2.67551   44  276    2.88291    2.46710  14.4%   101   21s
   624   420    2.47715   15  202    2.88291    2.46845  14.4%   135   25s
   665   443    2.65638   35  130    2.88291    2.46845  14.4%   149   30s
H  733   455                       2.8638690    2.46845  13.8%   157   32s
H  755   440                       2.8595172    2.46845  13.7%   154   32s
H  757   419                       2.8478759    2.46845  13.3%   154   32s
H  784   394                       2.8415931    2.46845  13.1%   149   33s
H  785   373                       2.8341793    2.46845  12.9%   149   33s
   810   387    2.76108   26  124    2.83418    2.48461  12.3%   159   35s
  1016   398    2.55963   22  157    2.83418    2.48462  12.3%   157   40s
  1163   449    2.60578   50  103    2.83418    2.48536  12.3%   167   45s
  1456   544    2.53077   34  153    2.83418    2.48729  12.2%   162   50s
  1678   657    2.52939   24  154    2.83418    2.49330  12.0%   162   55s
  1870   808    2.57447   33  117    2.83418    2.49850  11.8%   164   60s
  1993   887    2.57979   30  186    2.83418    2.50541  11.6%   162   65s
H 2141   959                       2.8314069    2.50836  11.4%   162   68s
  2219  1005    2.79122   31   84    2.83141    2.51005  11.3%   161   70s
H 2256  1010                       2.8189793    2.51007  11.0%   160   71s
  2415  1104    2.61040   31   80    2.81898    2.51280  10.9%   163   75s
  2703  1262    2.71826   24  158    2.81898    2.51481  10.8%   163   80s
  3005  1459    2.62441   28  159    2.81898    2.51821  10.7%   158   85s
  3197  1581    2.65298   47  104    2.81898    2.52001  10.6%   161   90s
  3442  1749    2.71373   34  130    2.81898    2.52126  10.6%   161   95s
  3630  1860    2.57947   27  178    2.81898    2.52382  10.5%   161  100s
  3895  2003    2.57638   40  134    2.81898    2.52517  10.4%   160  105s
  4109  2130    2.71948   55  108    2.81898    2.52643  10.4%   160  110s
  4360  2278    2.81300   45  105    2.81898    2.52909  10.3%   160  115s
  4684  2450    2.81316   66   59    2.81898    2.53100  10.2%   158  120s
  4911  2585    2.78946   49   69    2.81898    2.53220  10.2%   159  125s
  4973  2618    2.60904   29  130    2.81898    2.53285  10.2%   159  130s
H 5101  2700                       2.8189793    2.53351  10.1%   158  138s
  5104  2702    2.65607   40  113    2.81898    2.53351  10.1%   158  140s
  5164  2742    2.72930   43  262    2.81898    2.53351  10.1%   156  145s
  5175  2752    2.61702   29  129    2.81898    2.53351  10.1%   159  150s
  5180  2754    2.53351   32  217    2.81898    2.53351  10.1%   159  156s
  5186  2758    2.53351   35  204    2.81898    2.53351  10.1%   160  160s
  5203  2767    2.63192   43  121    2.81898    2.53351  10.1%   161  165s
  5247  2791    2.76858   65  150    2.81898    2.53351  10.1%   164  170s
  5315  2815     cutoff   99         2.81898    2.53351  10.1%   167  175s
  5463  2819    2.53351   33  170    2.81898    2.53351  10.1%   169  180s
  5525  2849    2.54884   64  158    2.81898    2.53351  10.1%   172  185s
  5679  2872    2.80102  143   64    2.81898    2.53351  10.1%   175  190s
  5825  2852    2.78602   74  132    2.81898    2.53351  10.1%   175  195s
  5906  2877    2.64538  115  141    2.81898    2.53351  10.1%   178  200s
  6103  2900    2.69132   91   90    2.81898    2.53377  10.1%   177  205s
  6410  3012    2.68081   77  132    2.81898    2.54214  9.82%   175  210s
  6804  3169    2.65036   69  136    2.81898    2.55432  9.39%   170  215s
H 6918  3097                       2.8152966    2.55432  9.27%   168  218s
  7012  3118    2.56979   41  191    2.81530    2.55800  9.14%   167  220s
  7314  3270    2.66427   32  193    2.81530    2.56160  9.01%   164  225s
  7658  3362    2.79742   34  157    2.81530    2.56359  8.94%   162  230s
  7885  3429    2.61347   66  203    2.81530    2.56887  8.75%   162  235s
  8165  3553    2.60252   58  219    2.81530    2.57141  8.66%   161  240s
  8506  3741    2.76832   83   90    2.81530    2.57257  8.62%   159  245s
  8641  3784    2.68100   79   78    2.81530    2.57435  8.56%   161  250s
  8956  3798    2.67182   53  176    2.81530    2.57566  8.51%   160  255s
  9227  3916    2.79807  102  106    2.81530    2.57762  8.44%   160  260s
  9488  4028    2.77956  154   87    2.81530    2.57857  8.41%   159  265s
  9905  4185    2.72246  177   77    2.81530    2.58112  8.32%   156  270s
 10021  4207     cutoff   58         2.81530    2.58316  8.25%   158  275s
 10273  4258     cutoff  102         2.81530    2.58481  8.19%   158  280s
 10613  4367    2.62421   47  132    2.81530    2.58720  8.10%   157  285s
 11037  4499    2.67336   50   72    2.81530    2.58921  8.03%   155  290s
 11334  4598     cutoff   92         2.81530    2.58975  8.01%   155  295s

Cutting planes:
  Cover: 37
  Implied bound: 11
  Clique: 11
  MIR: 291
  StrongCG: 10
  Flow cover: 556
  Zero half: 2
  RLT: 12
  Relax-and-lift: 194

Explored 11657 nodes (1801231 simplex iterations) in 300.00 seconds
Thread count was 1 (of 4 available processors)

Solution count 10: 2.8153 2.81898 2.81898 ... 2.88291

Time limit reached
Best objective 2.815296561163e+00, best bound 2.593646185365e+00, gap 7.8731%
