Using license file /home/benedond/gurobi.lic
Using gurobi.env file
Set parameter Threads to value 1
Academic license - for non-commercial use only
Changed value of parameter TimeLimit to 300.0
   Prev: inf  Min: 0.0  Max: inf  Default: inf
Gurobi Optimizer version 9.0.1 build v9.0.1rc0 (linux64)
Optimize a model with 5075 rows, 2520 columns and 19738 nonzeros
Model fingerprint: 0x1f4a740f
Variable types: 35 continuous, 2485 integer (2450 binary)
Coefficient statistics:
  Matrix range     [2e-01, 5e+03]
  Objective range  [6e-04, 2e-01]
  Bounds range     [1e+00, 1e+00]
  RHS range        [1e+00, 5e+03]

---------------------------------------------------------------------------
Multi-objectives: starting optimization with 1 objectives ... 
---------------------------------------------------------------------------
---------------------------------------------------------------------------

Multi-objectives: optimize objective 1 (min avg power cons) ...
---------------------------------------------------------------------------

Optimize a model with 5075 rows, 2520 columns and 19738 nonzeros
Variable types: 35 continuous, 2485 integer (2450 binary)
Coefficient statistics:
  Matrix range     [2e-01, 5e+03]
  Objective range  [6e-04, 2e-01]
  Bounds range     [1e+00, 1e+00]
  RHS range        [1e+00, 5e+03]
Presolve removed 3046 rows and 1513 columns
Presolve time: 0.29s
Presolved: 2029 rows, 1007 columns, 7641 nonzeros
Variable types: 30 continuous, 977 integer (947 binary)

Root relaxation: objective 1.474943e+00, 461 iterations, 0.01 seconds

    Nodes    |    Current Node    |     Objective Bounds      |     Work
 Expl Unexpl |  Obj  Depth IntInf | Incumbent    BestBd   Gap | It/Node Time

     0     0    1.47494    0   84          -    1.47494      -     -    0s
H    0     0                       3.7919874    1.47494  61.1%     -    0s
H    0     0                       3.3649937    1.47494  56.2%     -    0s
     0     0    1.48842    0  113    3.36499    1.48842  55.8%     -    0s
     0     0    1.48842    0  113    3.36499    1.48842  55.8%     -    0s
     0     0    1.56485    0  115    3.36499    1.56485  53.5%     -    0s
H    0     0                       3.2336352    1.56485  51.6%     -    0s
     0     0    1.56485    0  105    3.23364    1.56485  51.6%     -    0s
     0     0    1.61901    0  146    3.23364    1.61901  49.9%     -    0s
H    0     0                       3.2303648    1.61901  49.9%     -    0s
     0     0    1.61901    0  118    3.23036    1.61901  49.9%     -    0s
     0     0    1.66494    0  159    3.23036    1.66494  48.5%     -    0s
     0     0    1.67769    0  107    3.23036    1.67769  48.1%     -    0s
     0     0    1.68434    0  133    3.23036    1.68434  47.9%     -    0s
     0     0    1.69082    0  153    3.23036    1.69082  47.7%     -    0s
     0     0    1.69969    0  127    3.23036    1.69969  47.4%     -    1s
     0     0    1.74675    0  205    3.23036    1.74675  45.9%     -    1s
     0     0    1.80203    0  148    3.23036    1.80203  44.2%     -    1s
     0     0    1.83781    0  162    3.23036    1.83781  43.1%     -    1s
     0     0    1.84734    0  152    3.23036    1.84734  42.8%     -    1s
     0     0    1.84817    0  154    3.23036    1.84817  42.8%     -    1s
     0     0    1.84852    0  159    3.23036    1.84852  42.8%     -    1s
     0     0    1.84857    0  158    3.23036    1.84857  42.8%     -    1s
     0     0    1.86119    0  144    3.23036    1.86119  42.4%     -    1s
     0     0    1.86458    0  171    3.23036    1.86458  42.3%     -    1s
     0     0    1.86591    0  165    3.23036    1.86591  42.2%     -    1s
     0     0    1.86700    0  174    3.23036    1.86700  42.2%     -    1s
     0     0    1.86716    0  178    3.23036    1.86716  42.2%     -    1s
     0     0    1.86726    0  177    3.23036    1.86726  42.2%     -    1s
     0     0    1.88048    0  161    3.23036    1.88048  41.8%     -    1s
     0     0    1.88318    0  174    3.23036    1.88318  41.7%     -    1s
     0     0    1.88351    0  175    3.23036    1.88351  41.7%     -    1s
     0     0    1.88351    0  171    3.23036    1.88351  41.7%     -    1s
     0     0    1.88609    0  153    3.23036    1.88609  41.6%     -    1s
     0     0    1.88683    0  157    3.23036    1.88683  41.6%     -    1s
     0     0    1.88721    0  165    3.23036    1.88721  41.6%     -    1s
     0     0    1.88727    0  165    3.23036    1.88727  41.6%     -    1s
     0     0    1.89038    0  201    3.23036    1.89038  41.5%     -    1s
     0     0    1.89114    0  201    3.23036    1.89114  41.5%     -    1s
     0     0    1.89141    0  192    3.23036    1.89141  41.4%     -    1s
     0     0    1.89148    0  200    3.23036    1.89148  41.4%     -    1s
     0     0    1.89381    0  179    3.23036    1.89381  41.4%     -    1s
H    0     0                       3.2245535    1.89381  41.3%     -    1s
     0     0    1.89428    0  177    3.22455    1.89428  41.3%     -    1s
     0     0    1.89437    0  184    3.22455    1.89437  41.3%     -    1s
     0     0    1.89538    0  183    3.22455    1.89538  41.2%     -    1s
     0     0    1.89538    0  183    3.22455    1.89538  41.2%     -    1s
     0     2    1.89566    0  183    3.22455    1.89566  41.2%     -    1s
H   54    54                       3.1994654    1.89577  40.7%   118    2s
H  108   104                       3.1401635    1.89577  39.6%  84.4    2s
H  135   131                       3.1353648    1.89577  39.5%  72.6    2s
H  162   132                       3.0288554    1.92113  36.6%  86.0    3s
H  189   156                       3.0182893    1.92113  36.4%  84.8    3s
H  300   224                       3.0132705    1.94027  35.6%  71.3    4s
H  312   233                       2.9830252    1.94027  35.0%  76.4    4s
   492   379    2.84437   35   98    2.98303    1.94217  34.9%  70.4    5s
H  520   380                       2.9746227    1.94217  34.7%  69.2    6s
H  540   373                       2.9728679    1.94642  34.5%  66.6    8s
   554   383    2.19142   48  224    2.97287    1.95366  34.3%  64.9   10s
H  555   363                       2.9584528    1.95390  34.0%  64.8   12s
   570   375    2.30592   21  173    2.95845    1.96532  33.6%  87.2   15s
   709   451    2.67650   91   72    2.95845    1.97843  33.1%   120   20s
H  882   488                       2.9487925    1.97981  32.9%   114   23s
  1063   513    2.15202   19  182    2.94879    2.01285  31.7%   111   25s
  1655   853    2.37059   31  150    2.94879    2.01373  31.7%   103   30s
  2198  1221    2.65729   58   86    2.94879    2.03614  30.9%  97.9   35s
H 2369  1234                       2.8710440    2.06222  28.2%  97.0   36s
H 2369  1233                       2.8705912    2.06222  28.2%  97.0   38s
  2472  1305    2.61506   28  133    2.87059    2.06578  28.0%  96.5   40s
  2940  1620    2.47694   42  106    2.87059    2.08034  27.5%  96.2   45s
  3452  1951    2.15168   24  156    2.87059    2.09521  27.0%  97.5   50s
  3803  2208    2.38801   35  175    2.87059    2.10228  26.8%  98.9   55s
  4233  2527    2.61144   44   98    2.87059    2.12272  26.1%   100   60s
  4681  2796    2.52371   57  107    2.87059    2.14465  25.3%   100   65s
H 4755  2857                       2.8700126    2.14649  25.2%  98.9   66s
  4924  2961    2.77731   67   72    2.87001    2.15209  25.0%   101   73s
  5070  3049    2.38661   35  117    2.87001    2.15596  24.9%   100   75s
  5104  3081    2.28307   23  121    2.87001    2.15596  24.9%   101   80s
  5125  3095    2.75854   74  208    2.87001    2.15596  24.9%   100   85s
  5149  3111    2.15596   39  110    2.87001    2.15596  24.9%   103   90s
  5264  3182    2.33730   97   98    2.87001    2.15596  24.9%   107   95s
  5698  3322    2.65481   79   54    2.87001    2.15596  24.9%   107  100s
  5907  3396    2.73125   66   96    2.87001    2.15596  24.9%   106  105s
  6323  3550    2.21995   58  146    2.87001    2.15596  24.9%   105  110s
  6781  3734    2.32785   54  106    2.87001    2.15596  24.9%   104  115s
  7243  3923    2.20603   38  158    2.87001    2.15596  24.9%   102  120s
  7682  4056    2.30168   54  170    2.87001    2.15596  24.9%   101  125s
  8060  4228    2.40188   82  118    2.87001    2.15596  24.9%   102  130s
  8227  4263    2.19273   39  112    2.87001    2.15596  24.9%   103  135s
  8841  4501    2.19709   42  133    2.87001    2.15596  24.9%   101  140s
  9167  4613    2.79697   66  105    2.87001    2.15596  24.9%   102  145s
  9446  4697    2.35396   44  132    2.87001    2.15596  24.9%   103  150s
  9855  4832    2.27628   51  148    2.87001    2.16606  24.5%   102  155s
 10347  4986    2.41167   50   93    2.87001    2.17945  24.1%   102  160s
 10859  5164    2.26683   46  128    2.87001    2.18662  23.8%   102  165s
 11207  5279    2.75307   52   88    2.87001    2.19226  23.6%   102  170s
 11569  5380    2.38116   30  131    2.87001    2.19754  23.4%   103  175s
 12063  5532    2.30967   58  139    2.87001    2.20608  23.1%   102  180s
 12584  5713    2.72159   44   64    2.87001    2.21525  22.8%   102  185s
 12788  5790    2.72285   86   94    2.87001    2.21598  22.8%   102  194s
 12824  5798    2.74300   34  104    2.87001    2.21620  22.8%   102  195s
 13144  5870    2.25553   34  209    2.87001    2.21877  22.7%   103  200s
 13349  5925    2.38651   51  149    2.87001    2.22189  22.6%   104  205s
 13779  6107    2.28449   57  148    2.87001    2.22492  22.5%   103  210s
 14146  6196    2.37006   57  141    2.87001    2.23130  22.3%   104  215s
 14486  6307    2.49653   65  117    2.87001    2.23592  22.1%   104  220s
 14855  6565     cutoff   54         2.87001    2.24039  21.9%   104  225s
 15274  6868    2.56561   49  108    2.87001    2.24545  21.8%   104  230s
 15304  6887    2.74930   46  183    2.87001    2.24545  21.8%   104  272s
 15324  6900    2.39655   58  177    2.87001    2.24545  21.8%   104  275s
 15339  6910    2.75319  104  177    2.87001    2.24545  21.8%   104  280s
 15357  6922    2.44857   52  177    2.87001    2.24545  21.8%   104  285s
 15375  6934    2.32693   67  169    2.87001    2.24545  21.8%   104  290s
 15392  6946    2.52426   80  188    2.87001    2.24545  21.8%   104  295s

Cutting planes:
  Gomory: 2
  Cover: 24
  Implied bound: 22
  Projected implied bound: 3
  Clique: 2
  MIR: 128
  StrongCG: 3
  Flow cover: 132
  GUB cover: 17
  Zero half: 3
  Relax-and-lift: 63

Explored 15407 nodes (1628917 simplex iterations) in 300.01 seconds
Thread count was 1 (of 4 available processors)

Solution count 10: 2.87001 2.87059 2.87104 ... 3.01829

Time limit reached
Best objective 2.870012593269e+00, best bound 2.245447708564e+00, gap 21.7617%

---------------------------------------------------------------------------
Multi-objectives: stopped in 300.02 seconds, solution count 10
Time Limit reached

