Using license file /home/benedond/gurobi.lic
Using gurobi.env file
Set parameter Threads to value 1
Academic license - for non-commercial use only
Changed value of parameter TimeLimit to 300.0
   Prev: inf  Min: 0.0  Max: inf  Default: inf
Gurobi Optimizer version 9.0.1 build v9.0.1rc0 (linux64)
Optimize a model with 1920 rows, 1830 columns and 7288 nonzeros
Model fingerprint: 0x073d0d05
Variable types: 30 continuous, 1800 integer (1800 binary)
Coefficient statistics:
  Matrix range     [1e+00, 4e+02]
  Objective range  [5e+01, 4e+02]
  Bounds range     [1e+00, 1e+00]
  RHS range        [1e+00, 1e+03]
Presolve removed 266 rows and 266 columns
Presolve time: 0.32s
Presolved: 1654 rows, 1564 columns, 6224 nonzeros
Variable types: 30 continuous, 1534 integer (1534 binary)

Root relaxation: objective 5.821000e+03, 323 iterations, 0.01 seconds

    Nodes    |    Current Node    |     Objective Bounds      |     Work
 Expl Unexpl |  Obj  Depth IntInf | Incumbent    BestBd   Gap | It/Node Time

     0     0 5821.00000    0   40          - 5821.00000      -     -    0s
     0     0 5821.00000    0   43          - 5821.00000      -     -    0s
H    0     0                    4640.0000000 5821.00000  25.5%     -    0s
H    0     0                    5102.0000000 5821.00000  14.1%     -    0s
     0     0 5821.00000    0   41 5102.00000 5821.00000  14.1%     -    0s
     0     0 5821.00000    0   46 5102.00000 5821.00000  14.1%     -    0s
     0     0 5821.00000    0   98 5102.00000 5821.00000  14.1%     -    0s
     0     0 5821.00000    0   32 5102.00000 5821.00000  14.1%     -    1s
H    0     0                    5198.0000000 5821.00000  12.0%     -    1s
     0     0 5821.00000    0   58 5198.00000 5821.00000  12.0%     -    1s
     0     0 5821.00000    0   60 5198.00000 5821.00000  12.0%     -    1s
     0     0 5821.00000    0   41 5198.00000 5821.00000  12.0%     -    1s
H    0     0                    5340.0000000 5821.00000  9.01%     -    1s
     0     0 5821.00000    0   39 5340.00000 5821.00000  9.01%     -    1s
     0     0 5821.00000    0   36 5340.00000 5821.00000  9.01%     -    1s
H    0     0                    5660.0000000 5821.00000  2.84%     -    1s
     0     0 5821.00000    0   32 5660.00000 5821.00000  2.84%     -    1s
     0     0 5821.00000    0   30 5660.00000 5821.00000  2.84%     -    1s
     0     0 5821.00000    0   24 5660.00000 5821.00000  2.84%     -    1s
     0     2 5821.00000    0   19 5660.00000 5821.00000  2.84%     -    1s
H   54    43                    5772.0000000 5821.00000  0.85%  50.7    2s
H  297   204                    5774.0000000 5821.00000  0.81%  32.6    2s
H  521   352                    5805.0000000 5821.00000  0.28%  25.1    3s
   688   394 5821.00000   60   25 5805.00000 5821.00000  0.28%  55.1    5s
  6950  1582 infeasible   88      5805.00000 5821.00000  0.28%  21.5   10s
 10415  1960 5821.00000   93   18 5805.00000 5821.00000  0.28%  21.1   15s
 15303  1381 5821.00000  111   25 5805.00000 5821.00000  0.28%  20.4   20s
 20085  1566 infeasible   99      5805.00000 5821.00000  0.28%  21.2   25s
 25248  1681 5821.00000  111   18 5805.00000 5821.00000  0.28%  22.1   30s
 31002  2030 infeasible  112      5805.00000 5821.00000  0.28%  22.4   35s
 36691  2530 5821.00000   86   25 5805.00000 5821.00000  0.28%  22.6   40s
 40821  3369 5821.00000   96   28 5805.00000 5821.00000  0.28%  23.9   45s
 46499  3947 5821.00000   88   26 5805.00000 5821.00000  0.28%  24.0   50s
 51646  5180 5821.00000   89   30 5805.00000 5821.00000  0.28%  24.4   55s
 58578  5817 5821.00000  114   23 5805.00000 5821.00000  0.28%  23.8   60s
 65520  5936 5821.00000   84   31 5805.00000 5821.00000  0.28%  23.2   65s
 71951  6044 5821.00000   99   17 5805.00000 5821.00000  0.28%  23.0   70s
 76719  6274 5821.00000   67   44 5805.00000 5821.00000  0.28%  23.4   75s
 81868  6335 5821.00000  110   26 5805.00000 5821.00000  0.28%  23.6   80s
 86945  7434 5821.00000   78   29 5805.00000 5821.00000  0.28%  23.9   85s
 92103  8137 5821.00000  103   19 5805.00000 5821.00000  0.28%  24.1   90s
 97512  8353 infeasible   97      5805.00000 5821.00000  0.28%  24.2   95s
 103351  8427 5821.00000   72   21 5805.00000 5821.00000  0.28%  24.2  100s
 108661  8343 infeasible   92      5805.00000 5821.00000  0.28%  24.3  105s
 114840  8120 infeasible   98      5805.00000 5821.00000  0.28%  24.1  110s
 120652  8121 5821.00000   98   25 5805.00000 5821.00000  0.28%  24.1  115s
 126851  7837 infeasible  104      5805.00000 5821.00000  0.28%  24.0  120s
 133088  7970 5821.00000  116   15 5805.00000 5821.00000  0.28%  23.9  125s
 138094  7952 5821.00000   99   29 5805.00000 5821.00000  0.28%  24.1  130s
 144019  7978 5821.00000   87   23 5805.00000 5821.00000  0.28%  24.0  135s
 149328  8268 5821.00000   84   37 5805.00000 5821.00000  0.28%  24.1  140s
 154964  8411 5821.00000   82   29 5805.00000 5821.00000  0.28%  24.2  145s
 160852  8170 5821.00000   89   20 5805.00000 5821.00000  0.28%  24.2  150s
 166607  7918 infeasible  111      5805.00000 5821.00000  0.28%  24.2  155s
 171292  7784 5821.00000   87   32 5805.00000 5821.00000  0.28%  24.3  160s
 176507  7816 infeasible   77      5805.00000 5821.00000  0.28%  24.4  165s
 182691  7487 5821.00000   96   18 5805.00000 5821.00000  0.28%  24.3  170s
 188045  7312 5821.00000   81   40 5805.00000 5821.00000  0.28%  24.4  175s
 193737  7023 5821.00000   63   23 5805.00000 5821.00000  0.28%  24.4  180s
 198565  7439 5821.00000  104   34 5805.00000 5821.00000  0.28%  24.5  185s
 203510  7396 infeasible  100      5805.00000 5821.00000  0.28%  24.6  190s
 209581  7147 infeasible   81      5805.00000 5821.00000  0.28%  24.6  195s
 215134  6889 5821.00000   75   30 5805.00000 5821.00000  0.28%  24.6  200s
 219752  7630 infeasible  112      5805.00000 5821.00000  0.28%  24.7  205s
 224716  7854 5821.00000  109   24 5805.00000 5821.00000  0.28%  24.8  210s
 229888  7828 infeasible   97      5805.00000 5821.00000  0.28%  24.9  215s
 235179  7567 5821.00000   65   30 5805.00000 5821.00000  0.28%  24.9  220s
 240658  7721 5821.00000   91   25 5805.00000 5821.00000  0.28%  24.9  225s
 246603  7257 5821.00000   81   36 5805.00000 5821.00000  0.28%  24.9  230s
 251913  7021 5821.00000   70   34 5805.00000 5821.00000  0.28%  24.9  235s
 257325  7309 infeasible   68      5805.00000 5821.00000  0.28%  25.0  240s
 263029  7488 5821.00000   80   25 5805.00000 5821.00000  0.28%  24.9  245s
 269177  6877 infeasible   76      5805.00000 5821.00000  0.28%  24.9  250s
 274208  6908 5821.00000  110   34 5805.00000 5821.00000  0.28%  24.9  255s
 279404  6615 infeasible   75      5805.00000 5821.00000  0.28%  25.0  260s
 283851  6570 5821.00000   92   34 5805.00000 5821.00000  0.28%  25.1  265s
 286971  6625 5821.00000   81   24 5805.00000 5821.00000  0.28%  25.3  270s
 292206  6198 infeasible  118      5805.00000 5821.00000  0.28%  25.3  275s
 297705  5917 5821.00000   75   30 5805.00000 5821.00000  0.28%  25.3  280s
 303674  5643 5821.00000   92   24 5805.00000 5821.00000  0.28%  25.3  285s
 309167  5263 infeasible   81      5805.00000 5821.00000  0.28%  25.3  290s
 314723  4856 5821.00000   72   37 5805.00000 5821.00000  0.28%  25.2  295s

Cutting planes:
  Implied bound: 4
  Projected implied bound: 6
  MIR: 16
  Flow cover: 76
  Relax-and-lift: 19

Explored 319737 nodes (8088698 simplex iterations) in 300.00 seconds
Thread count was 1 (of 4 available processors)

Solution count 8: 5805 5774 5772 ... 4640

Time limit reached
Best objective 5.805000000000e+03, best bound 5.821000000000e+03, gap 0.2756%
