Using license file /home/benedond/gurobi.lic
Using gurobi.env file
Set parameter Threads to value 1
Academic license - for non-commercial use only
Gurobi Optimizer version 9.0.1 build v9.0.1rc0 (linux64)
Optimize a model with 1921 rows, 1830 columns and 7318 nonzeros
Model fingerprint: 0x1d523719
Variable types: 30 continuous, 1800 integer (1800 binary)
Coefficient statistics:
  Matrix range     [1e+00, 5e+02]
  Objective range  [0e+00, 0e+00]
  Bounds range     [1e+00, 1e+00]
  RHS range        [1e+00, 1e+03]
Presolve removed 563 rows and 562 columns
Presolve time: 0.42s
Presolved: 1358 rows, 1268 columns, 5040 nonzeros
Variable types: 30 continuous, 1238 integer (1238 binary)

Root relaxation: objective 0.000000e+00, 303 iterations, 0.01 seconds

    Nodes    |    Current Node    |     Objective Bounds      |     Work
 Expl Unexpl |  Obj  Depth IntInf | Incumbent    BestBd   Gap | It/Node Time

     0     0    0.00000    0   10          -    0.00000      -     -    0s
H    0     0                       0.0000000    0.00000  0.00%     -    0s
     0     0    0.00000    0   10    0.00000    0.00000  0.00%     -    0s

Explored 1 nodes (844 simplex iterations) in 0.46 seconds
Thread count was 1 (of 4 available processors)

Solution count 1: 0 

Optimal solution found (tolerance 1.00e-04)
Best objective 0.000000000000e+00, best bound 0.000000000000e+00, gap 0.0000%
Gurobi Optimizer version 9.0.1 build v9.0.1rc0 (linux64)
Optimize a model with 1922 rows, 1830 columns and 7348 nonzeros
Model fingerprint: 0x72591dc8
Variable types: 30 continuous, 1800 integer (1800 binary)
Coefficient statistics:
  Matrix range     [1e+00, 5e+02]
  Objective range  [0e+00, 0e+00]
  Bounds range     [1e+00, 1e+00]
  RHS range        [1e+00, 1e+03]
Presolve removed 600 rows and 598 columns
Presolve time: 0.42s
Presolved: 1322 rows, 1232 columns, 4896 nonzeros
Variable types: 30 continuous, 1202 integer (1202 binary)

Root relaxation: objective 0.000000e+00, 269 iterations, 0.00 seconds

    Nodes    |    Current Node    |     Objective Bounds      |     Work
 Expl Unexpl |  Obj  Depth IntInf | Incumbent    BestBd   Gap | It/Node Time

H    0     0                       0.0000000    0.00000  0.00%     -    0s
     0     0    0.00000    0    6    0.00000    0.00000  0.00%     -    0s

Explored 0 nodes (855 simplex iterations) in 0.44 seconds
Thread count was 1 (of 4 available processors)

Solution count 1: 0 

Optimal solution found (tolerance 1.00e-04)
Best objective 0.000000000000e+00, best bound 0.000000000000e+00, gap 0.0000%
Gurobi Optimizer version 9.0.1 build v9.0.1rc0 (linux64)
Optimize a model with 1923 rows, 1830 columns and 7378 nonzeros
Model fingerprint: 0x7a02b207
Variable types: 30 continuous, 1800 integer (1800 binary)
Coefficient statistics:
  Matrix range     [1e+00, 5e+02]
  Objective range  [0e+00, 0e+00]
  Bounds range     [1e+00, 1e+00]
  RHS range        [1e+00, 1e+03]
Presolve removed 643 rows and 640 columns
Presolve time: 0.42s
Presolved: 1280 rows, 1190 columns, 4728 nonzeros
Variable types: 30 continuous, 1160 integer (1160 binary)

Root relaxation: objective 0.000000e+00, 255 iterations, 0.00 seconds

    Nodes    |    Current Node    |     Objective Bounds      |     Work
 Expl Unexpl |  Obj  Depth IntInf | Incumbent    BestBd   Gap | It/Node Time

     0     0    0.00000    0   10          -    0.00000      -     -    0s
H    0     0                       0.0000000    0.00000  0.00%     -    0s
     0     0    0.00000    0   10    0.00000    0.00000  0.00%     -    0s

Explored 1 nodes (1998 simplex iterations) in 0.48 seconds
Thread count was 1 (of 4 available processors)

Solution count 1: 0 

Optimal solution found (tolerance 1.00e-04)
Best objective 0.000000000000e+00, best bound 0.000000000000e+00, gap 0.0000%
Gurobi Optimizer version 9.0.1 build v9.0.1rc0 (linux64)
Optimize a model with 1924 rows, 1830 columns and 7408 nonzeros
Model fingerprint: 0xf6cf2e6d
Variable types: 30 continuous, 1800 integer (1800 binary)
Coefficient statistics:
  Matrix range     [1e+00, 5e+02]
  Objective range  [0e+00, 0e+00]
  Bounds range     [1e+00, 1e+00]
  RHS range        [1e+00, 1e+03]
Presolve removed 667 rows and 663 columns
Presolve time: 0.41s
Presolved: 1257 rows, 1167 columns, 4636 nonzeros
Variable types: 30 continuous, 1137 integer (1137 binary)

Root relaxation: objective 0.000000e+00, 266 iterations, 0.01 seconds

    Nodes    |    Current Node    |     Objective Bounds      |     Work
 Expl Unexpl |  Obj  Depth IntInf | Incumbent    BestBd   Gap | It/Node Time

     0     0    0.00000    0   10          -    0.00000      -     -    0s
H    0     0                       0.0000000    0.00000  0.00%     -    0s
     0     0    0.00000    0   10    0.00000    0.00000  0.00%     -    0s

Explored 1 nodes (1156 simplex iterations) in 0.45 seconds
Thread count was 1 (of 4 available processors)

Solution count 1: 0 

Optimal solution found (tolerance 1.00e-04)
Best objective 0.000000000000e+00, best bound 0.000000000000e+00, gap 0.0000%
Gurobi Optimizer version 9.0.1 build v9.0.1rc0 (linux64)
Optimize a model with 1925 rows, 1830 columns and 7438 nonzeros
Model fingerprint: 0x43ca7b6e
Variable types: 30 continuous, 1800 integer (1800 binary)
Coefficient statistics:
  Matrix range     [1e+00, 5e+02]
  Objective range  [0e+00, 0e+00]
  Bounds range     [1e+00, 1e+00]
  RHS range        [1e+00, 1e+03]
Presolve removed 743 rows and 738 columns
Presolve time: 0.42s
Presolved: 1182 rows, 1092 columns, 4336 nonzeros
Variable types: 30 continuous, 1062 integer (1062 binary)

Root relaxation: objective 0.000000e+00, 235 iterations, 0.00 seconds

    Nodes    |    Current Node    |     Objective Bounds      |     Work
 Expl Unexpl |  Obj  Depth IntInf | Incumbent    BestBd   Gap | It/Node Time

H    0     0                       0.0000000    0.00000  0.00%     -    0s
     0     0    0.00000    0   30    0.00000    0.00000  0.00%     -    0s

Explored 0 nodes (649 simplex iterations) in 0.44 seconds
Thread count was 1 (of 4 available processors)

Solution count 1: 0 

Optimal solution found (tolerance 1.00e-04)
Best objective 0.000000000000e+00, best bound 0.000000000000e+00, gap 0.0000%
Gurobi Optimizer version 9.0.1 build v9.0.1rc0 (linux64)
Optimize a model with 1926 rows, 1830 columns and 7468 nonzeros
Model fingerprint: 0x13d0ae73
Variable types: 30 continuous, 1800 integer (1800 binary)
Coefficient statistics:
  Matrix range     [1e+00, 5e+02]
  Objective range  [0e+00, 0e+00]
  Bounds range     [1e+00, 1e+00]
  RHS range        [1e+00, 1e+03]
Presolve removed 852 rows and 846 columns
Presolve time: 0.44s
Presolved: 1074 rows, 984 columns, 3904 nonzeros
Variable types: 30 continuous, 954 integer (954 binary)

Root relaxation: objective 0.000000e+00, 235 iterations, 0.00 seconds

    Nodes    |    Current Node    |     Objective Bounds      |     Work
 Expl Unexpl |  Obj  Depth IntInf | Incumbent    BestBd   Gap | It/Node Time

     0     0    0.00000    0    4          -    0.00000      -     -    0s
H    0     0                       0.0000000    0.00000  0.00%     -    0s
     0     0    0.00000    0    4    0.00000    0.00000  0.00%     -    0s

Explored 1 nodes (2192 simplex iterations) in 0.50 seconds
Thread count was 1 (of 4 available processors)

Solution count 1: 0 

Optimal solution found (tolerance 1.00e-04)
Best objective 0.000000000000e+00, best bound 0.000000000000e+00, gap 0.0000%
Gurobi Optimizer version 9.0.1 build v9.0.1rc0 (linux64)
Optimize a model with 1927 rows, 1830 columns and 7498 nonzeros
Model fingerprint: 0x2af3dfd6
Variable types: 30 continuous, 1800 integer (1800 binary)
Coefficient statistics:
  Matrix range     [1e+00, 5e+02]
  Objective range  [0e+00, 0e+00]
  Bounds range     [1e+00, 1e+00]
  RHS range        [1e+00, 1e+03]
Presolve removed 891 rows and 884 columns
Presolve time: 0.44s
Presolved: 1036 rows, 946 columns, 3752 nonzeros
Variable types: 30 continuous, 916 integer (916 binary)

Root relaxation: objective 0.000000e+00, 220 iterations, 0.00 seconds

    Nodes    |    Current Node    |     Objective Bounds      |     Work
 Expl Unexpl |  Obj  Depth IntInf | Incumbent    BestBd   Gap | It/Node Time

     0     0    0.00000    0   16          -    0.00000      -     -    0s
H    0     0                       0.0000000    0.00000  0.00%     -    0s
     0     0    0.00000    0   16    0.00000    0.00000  0.00%     -    0s

Explored 1 nodes (1560 simplex iterations) in 0.48 seconds
Thread count was 1 (of 4 available processors)

Solution count 1: 0 

Optimal solution found (tolerance 1.00e-04)
Best objective 0.000000000000e+00, best bound 0.000000000000e+00, gap 0.0000%
Gurobi Optimizer version 9.0.1 build v9.0.1rc0 (linux64)
Optimize a model with 1928 rows, 1830 columns and 7528 nonzeros
Model fingerprint: 0x3adba23b
Variable types: 30 continuous, 1800 integer (1800 binary)
Coefficient statistics:
  Matrix range     [1e+00, 5e+02]
  Objective range  [0e+00, 0e+00]
  Bounds range     [1e+00, 1e+00]
  RHS range        [1e+00, 1e+03]
Presolve removed 962 rows and 954 columns
Presolve time: 0.45s
Presolved: 966 rows, 876 columns, 3472 nonzeros
Variable types: 30 continuous, 846 integer (846 binary)

Root relaxation: objective 0.000000e+00, 207 iterations, 0.00 seconds

    Nodes    |    Current Node    |     Objective Bounds      |     Work
 Expl Unexpl |  Obj  Depth IntInf | Incumbent    BestBd   Gap | It/Node Time

H    0     0                       0.0000000    0.00000  0.00%     -    0s
     0     0    0.00000    0   28    0.00000    0.00000  0.00%     -    0s

Explored 0 nodes (541 simplex iterations) in 0.47 seconds
Thread count was 1 (of 4 available processors)

Solution count 1: 0 

Optimal solution found (tolerance 1.00e-04)
Best objective 0.000000000000e+00, best bound 0.000000000000e+00, gap 0.0000%
Gurobi Optimizer version 9.0.1 build v9.0.1rc0 (linux64)
Optimize a model with 1929 rows, 1830 columns and 7558 nonzeros
Model fingerprint: 0x00215991
Variable types: 30 continuous, 1800 integer (1800 binary)
Coefficient statistics:
  Matrix range     [1e+00, 5e+02]
  Objective range  [0e+00, 0e+00]
  Bounds range     [1e+00, 1e+00]
  RHS range        [1e+00, 1e+03]
Presolve removed 1018 rows and 1009 columns
Presolve time: 0.46s
Presolved: 911 rows, 821 columns, 3252 nonzeros
Variable types: 30 continuous, 791 integer (791 binary)

Root relaxation: objective 0.000000e+00, 221 iterations, 0.00 seconds

    Nodes    |    Current Node    |     Objective Bounds      |     Work
 Expl Unexpl |  Obj  Depth IntInf | Incumbent    BestBd   Gap | It/Node Time

     0     0    0.00000    0   19          -    0.00000      -     -    0s
H    0     0                       0.0000000    0.00000  0.00%     -    0s
     0     0    0.00000    0   19    0.00000    0.00000  0.00%     -    0s

Explored 1 nodes (1051 simplex iterations) in 0.49 seconds
Thread count was 1 (of 4 available processors)

Solution count 1: 0 

Optimal solution found (tolerance 1.00e-04)
Best objective 0.000000000000e+00, best bound 0.000000000000e+00, gap 0.0000%
Gurobi Optimizer version 9.0.1 build v9.0.1rc0 (linux64)
Optimize a model with 1930 rows, 1830 columns and 7588 nonzeros
Model fingerprint: 0xff26c4fd
Variable types: 30 continuous, 1800 integer (1800 binary)
Coefficient statistics:
  Matrix range     [1e+00, 5e+02]
  Objective range  [0e+00, 0e+00]
  Bounds range     [1e+00, 1e+00]
  RHS range        [1e+00, 1e+03]
Presolve removed 1058 rows and 1048 columns
Presolve time: 0.46s
Presolved: 872 rows, 782 columns, 3096 nonzeros
Variable types: 30 continuous, 752 integer (752 binary)

Root relaxation: objective 0.000000e+00, 189 iterations, 0.00 seconds

    Nodes    |    Current Node    |     Objective Bounds      |     Work
 Expl Unexpl |  Obj  Depth IntInf | Incumbent    BestBd   Gap | It/Node Time

     0     0    0.00000    0   11          -    0.00000      -     -    0s
     0     0    0.00000    0   71          -    0.00000      -     -    0s
     0     0    0.00000    0   68          -    0.00000      -     -    0s
     0     0    0.00000    0   51          -    0.00000      -     -    0s
     0     0    0.00000    0   51          -    0.00000      -     -    0s
H    0     0                       0.0000000    0.00000  0.00%     -    0s
     0     0    0.00000    0   18    0.00000    0.00000  0.00%     -    0s

Cutting planes:
  Cover: 2
  Clique: 5
  MIR: 22
  Relax-and-lift: 20

Explored 1 nodes (4183 simplex iterations) in 0.59 seconds
Thread count was 1 (of 4 available processors)

Solution count 1: 0 

Optimal solution found (tolerance 1.00e-04)
Best objective 0.000000000000e+00, best bound 0.000000000000e+00, gap 0.0000%
Gurobi Optimizer version 9.0.1 build v9.0.1rc0 (linux64)
Optimize a model with 1931 rows, 1830 columns and 7618 nonzeros
Model fingerprint: 0x949d97f4
Variable types: 30 continuous, 1800 integer (1800 binary)
Coefficient statistics:
  Matrix range     [1e+00, 5e+02]
  Objective range  [0e+00, 0e+00]
  Bounds range     [1e+00, 1e+00]
  RHS range        [1e+00, 1e+03]
Presolve removed 1089 rows and 1078 columns
Presolve time: 0.45s
Presolved: 842 rows, 752 columns, 2976 nonzeros
Variable types: 30 continuous, 722 integer (722 binary)

Root relaxation: objective 0.000000e+00, 230 iterations, 0.00 seconds

    Nodes    |    Current Node    |     Objective Bounds      |     Work
 Expl Unexpl |  Obj  Depth IntInf | Incumbent    BestBd   Gap | It/Node Time

     0     0    0.00000    0   20          -    0.00000      -     -    0s
     0     0    0.00000    0   28          -    0.00000      -     -    0s
     0     0    0.00000    0   37          -    0.00000      -     -    0s
     0     0    0.00000    0   15          -    0.00000      -     -    0s
     0     0    0.00000    0   11          -    0.00000      -     -    0s
     0     0    0.00000    0    6          -    0.00000      -     -    0s
     0     0    0.00000    0   14          -    0.00000      -     -    0s
     0     0    0.00000    0    6          -    0.00000      -     -    0s
H    0     0                       0.0000000    0.00000  0.00%     -    0s
     0     0    0.00000    0    6    0.00000    0.00000  0.00%     -    0s

Cutting planes:
  Clique: 1
  MIR: 3
  Relax-and-lift: 2

Explored 1 nodes (2811 simplex iterations) in 0.56 seconds
Thread count was 1 (of 4 available processors)

Solution count 1: 0 

Optimal solution found (tolerance 1.00e-04)
Best objective 0.000000000000e+00, best bound 0.000000000000e+00, gap 0.0000%
Gurobi Optimizer version 9.0.1 build v9.0.1rc0 (linux64)
Optimize a model with 1932 rows, 1830 columns and 7648 nonzeros
Model fingerprint: 0x2a1c88f6
Variable types: 30 continuous, 1800 integer (1800 binary)
Coefficient statistics:
  Matrix range     [1e+00, 5e+02]
  Objective range  [0e+00, 0e+00]
  Bounds range     [1e+00, 1e+00]
  RHS range        [1e+00, 1e+03]
Presolve removed 1141 rows and 1128 columns
Presolve time: 0.46s
Presolved: 791 rows, 702 columns, 2772 nonzeros
Variable types: 30 continuous, 672 integer (672 binary)

Root relaxation: objective 0.000000e+00, 220 iterations, 0.00 seconds

    Nodes    |    Current Node    |     Objective Bounds      |     Work
 Expl Unexpl |  Obj  Depth IntInf | Incumbent    BestBd   Gap | It/Node Time

     0     0    0.00000    0    6          -    0.00000      -     -    0s
     0     0    0.00000    0    8          -    0.00000      -     -    0s
     0     0    0.00000    0   15          -    0.00000      -     -    0s
H    0     0                       0.0000000    0.00000  0.00%     -    0s
     0     0    0.00000    0   15    0.00000    0.00000  0.00%     -    0s

Cutting planes:
  Cover: 3
  MIR: 1
  Relax-and-lift: 1

Explored 1 nodes (2019 simplex iterations) in 0.52 seconds
Thread count was 1 (of 4 available processors)

Solution count 1: 0 

Optimal solution found (tolerance 1.00e-04)
Best objective 0.000000000000e+00, best bound 0.000000000000e+00, gap 0.0000%
Gurobi Optimizer version 9.0.1 build v9.0.1rc0 (linux64)
Optimize a model with 1933 rows, 1830 columns and 7678 nonzeros
Model fingerprint: 0x0037f4f3
Variable types: 30 continuous, 1800 integer (1800 binary)
Coefficient statistics:
  Matrix range     [1e+00, 5e+02]
  Objective range  [0e+00, 0e+00]
  Bounds range     [1e+00, 1e+00]
  RHS range        [1e+00, 1e+03]
Presolve removed 1215 rows and 1194 columns
Presolve time: 0.47s
Presolved: 718 rows, 636 columns, 2484 nonzeros
Variable types: 30 continuous, 606 integer (606 binary)

Root relaxation: objective 0.000000e+00, 191 iterations, 0.00 seconds

    Nodes    |    Current Node    |     Objective Bounds      |     Work
 Expl Unexpl |  Obj  Depth IntInf | Incumbent    BestBd   Gap | It/Node Time

     0     0    0.00000    0    8          -    0.00000      -     -    0s
     0     0    0.00000    0   61          -    0.00000      -     -    0s
     0     0    0.00000    0   61          -    0.00000      -     -    0s
H    0     0                       0.0000000    0.00000  0.00%     -    0s
     0     0    0.00000    0   56    0.00000    0.00000  0.00%     -    0s

Cutting planes:
  Gomory: 4
  Cover: 4
  Clique: 14
  MIR: 11
  Relax-and-lift: 17

Explored 1 nodes (1458 simplex iterations) in 0.52 seconds
Thread count was 1 (of 4 available processors)

Solution count 1: 0 

Optimal solution found (tolerance 1.00e-04)
Best objective 0.000000000000e+00, best bound 0.000000000000e+00, gap 0.0000%
Gurobi Optimizer version 9.0.1 build v9.0.1rc0 (linux64)
Optimize a model with 1934 rows, 1830 columns and 7708 nonzeros
Model fingerprint: 0xbd07c811
Variable types: 30 continuous, 1800 integer (1800 binary)
Coefficient statistics:
  Matrix range     [1e+00, 5e+02]
  Objective range  [0e+00, 0e+00]
  Bounds range     [1e+00, 1e+00]
  RHS range        [1e+00, 1e+03]
Presolve removed 1271 rows and 1244 columns
Presolve time: 0.47s
Presolved: 663 rows, 586 columns, 2268 nonzeros
Variable types: 30 continuous, 556 integer (556 binary)

Root relaxation: objective 0.000000e+00, 202 iterations, 0.00 seconds

    Nodes    |    Current Node    |     Objective Bounds      |     Work
 Expl Unexpl |  Obj  Depth IntInf | Incumbent    BestBd   Gap | It/Node Time

     0     0    0.00000    0    8          -    0.00000      -     -    0s
H    0     0                       0.0000000    0.00000  0.00%     -    0s
     0     0    0.00000    0    8    0.00000    0.00000  0.00%     -    0s

Explored 1 nodes (1317 simplex iterations) in 0.50 seconds
Thread count was 1 (of 4 available processors)

Solution count 1: 0 

Optimal solution found (tolerance 1.00e-04)
Best objective 0.000000000000e+00, best bound 0.000000000000e+00, gap 0.0000%
Gurobi Optimizer version 9.0.1 build v9.0.1rc0 (linux64)
Optimize a model with 1935 rows, 1830 columns and 7738 nonzeros
Model fingerprint: 0x23886e94
Variable types: 30 continuous, 1800 integer (1800 binary)
Coefficient statistics:
  Matrix range     [1e+00, 5e+02]
  Objective range  [0e+00, 0e+00]
  Bounds range     [1e+00, 1e+00]
  RHS range        [1e+00, 1e+03]
Presolve removed 1354 rows and 1316 columns
Presolve time: 0.48s
Presolved: 581 rows, 514 columns, 1964 nonzeros
Variable types: 30 continuous, 484 integer (484 binary)

Root relaxation: objective 0.000000e+00, 162 iterations, 0.00 seconds

    Nodes    |    Current Node    |     Objective Bounds      |     Work
 Expl Unexpl |  Obj  Depth IntInf | Incumbent    BestBd   Gap | It/Node Time

     0     0    0.00000    0    9          -    0.00000      -     -    0s
     0     0    0.00000    0   39          -    0.00000      -     -    0s
H    0     0                       0.0000000    0.00000  0.00%     -    0s
     0     0    0.00000    0   29    0.00000    0.00000  0.00%     -    0s

Cutting planes:
  Gomory: 6
  Clique: 7
  MIR: 18
  StrongCG: 1
  Relax-and-lift: 13

Explored 1 nodes (1253 simplex iterations) in 0.52 seconds
Thread count was 1 (of 4 available processors)

Solution count 1: 0 

Optimal solution found (tolerance 1.00e-04)
Best objective 0.000000000000e+00, best bound 0.000000000000e+00, gap 0.0000%
Gurobi Optimizer version 9.0.1 build v9.0.1rc0 (linux64)
Optimize a model with 1936 rows, 1830 columns and 7768 nonzeros
Model fingerprint: 0x76e78d8d
Variable types: 30 continuous, 1800 integer (1800 binary)
Coefficient statistics:
  Matrix range     [1e+00, 5e+02]
  Objective range  [0e+00, 0e+00]
  Bounds range     [1e+00, 1e+00]
  RHS range        [1e+00, 1e+03]
Presolve removed 1429 rows and 1383 columns
Presolve time: 0.48s
Presolved: 507 rows, 447 columns, 1709 nonzeros
Variable types: 29 continuous, 418 integer (418 binary)

Root relaxation: objective 0.000000e+00, 150 iterations, 0.00 seconds

    Nodes    |    Current Node    |     Objective Bounds      |     Work
 Expl Unexpl |  Obj  Depth IntInf | Incumbent    BestBd   Gap | It/Node Time

     0     0    0.00000    0   13          -    0.00000      -     -    0s
     0     0    0.00000    0   12          -    0.00000      -     -    0s
     0     0    0.00000    0    8          -    0.00000      -     -    0s
     0     0    0.00000    0   16          -    0.00000      -     -    0s
     0     0    0.00000    0   16          -    0.00000      -     -    0s
     0     0    0.00000    0   14          -    0.00000      -     -    0s
     0     0    0.00000    0   16          -    0.00000      -     -    0s
     0     0    0.00000    0   20          -    0.00000      -     -    0s
     0     0    0.00000    0   13          -    0.00000      -     -    0s
H    0     0                       0.0000000    0.00000  0.00%     -    0s
     0     0    0.00000    0   13    0.00000    0.00000  0.00%     -    0s

Cutting planes:
  Cover: 4
  Implied bound: 2
  Clique: 3
  MIR: 2
  Relax-and-lift: 1

Explored 1 nodes (1426 simplex iterations) in 0.56 seconds
Thread count was 1 (of 4 available processors)

Solution count 1: 0 

Optimal solution found (tolerance 1.00e-04)
Best objective 0.000000000000e+00, best bound 0.000000000000e+00, gap 0.0000%
Gurobi Optimizer version 9.0.1 build v9.0.1rc0 (linux64)
Optimize a model with 1937 rows, 1830 columns and 7798 nonzeros
Model fingerprint: 0x375ac6bc
Variable types: 30 continuous, 1800 integer (1800 binary)
Coefficient statistics:
  Matrix range     [1e+00, 5e+02]
  Objective range  [0e+00, 0e+00]
  Bounds range     [1e+00, 1e+00]
  RHS range        [1e+00, 1e+03]
Presolve removed 1503 rows and 1450 columns
Presolve time: 0.48s
Presolved: 434 rows, 380 columns, 1463 nonzeros
Variable types: 30 continuous, 350 integer (350 binary)

Root relaxation: objective 0.000000e+00, 161 iterations, 0.00 seconds

    Nodes    |    Current Node    |     Objective Bounds      |     Work
 Expl Unexpl |  Obj  Depth IntInf | Incumbent    BestBd   Gap | It/Node Time

     0     0    0.00000    0   17          -    0.00000      -     -    0s
     0     0    0.00000    0   23          -    0.00000      -     -    0s
     0     0    0.00000    0   13          -    0.00000      -     -    0s
     0     0    0.00000    0   13          -    0.00000      -     -    0s
     0     0    0.00000    0   16          -    0.00000      -     -    0s
     0     0    0.00000    0   19          -    0.00000      -     -    0s
     0     0    0.00000    0   14          -    0.00000      -     -    0s
     0     0    0.00000    0   14          -    0.00000      -     -    0s
     0     0    0.00000    0   18          -    0.00000      -     -    0s
     0     0    0.00000    0   18          -    0.00000      -     -    0s
H    0     0                       0.0000000    0.00000  0.00%     -    0s
     0     0    0.00000    0   18    0.00000    0.00000  0.00%     -    0s

Cutting planes:
  Clique: 7
  MIR: 2
  RLT: 2
  Relax-and-lift: 1

Explored 1 nodes (1652 simplex iterations) in 0.56 seconds
Thread count was 1 (of 4 available processors)

Solution count 1: 0 

Optimal solution found (tolerance 1.00e-04)
Best objective 0.000000000000e+00, best bound 0.000000000000e+00, gap 0.0000%
Gurobi Optimizer version 9.0.1 build v9.0.1rc0 (linux64)
Optimize a model with 1938 rows, 1830 columns and 7828 nonzeros
Model fingerprint: 0x7e8802f7
Variable types: 30 continuous, 1800 integer (1800 binary)
Coefficient statistics:
  Matrix range     [1e+00, 5e+02]
  Objective range  [0e+00, 0e+00]
  Bounds range     [1e+00, 1e+00]
  RHS range        [1e+00, 1e+03]
Presolve removed 1528 rows and 1474 columns
Presolve time: 0.47s
Presolved: 410 rows, 356 columns, 1382 nonzeros
Variable types: 23 continuous, 333 integer (333 binary)

Root relaxation: objective 0.000000e+00, 156 iterations, 0.00 seconds

    Nodes    |    Current Node    |     Objective Bounds      |     Work
 Expl Unexpl |  Obj  Depth IntInf | Incumbent    BestBd   Gap | It/Node Time

     0     0    0.00000    0   10          -    0.00000      -     -    0s
     0     0    0.00000    0   20          -    0.00000      -     -    0s
H    0     0                       0.0000000    0.00000  0.00%     -    0s
     0     0    0.00000    0   17    0.00000    0.00000  0.00%     -    0s

Cutting planes:
  Gomory: 5
  Cover: 8
  Implied bound: 1
  Clique: 12
  MIR: 19
  Zero half: 1
  Relax-and-lift: 4

Explored 1 nodes (881 simplex iterations) in 0.50 seconds
Thread count was 1 (of 4 available processors)

Solution count 1: 0 

Optimal solution found (tolerance 1.00e-04)
Best objective 0.000000000000e+00, best bound 0.000000000000e+00, gap 0.0000%
Gurobi Optimizer version 9.0.1 build v9.0.1rc0 (linux64)
Optimize a model with 1939 rows, 1830 columns and 7858 nonzeros
Model fingerprint: 0x67d066c0
Variable types: 30 continuous, 1800 integer (1800 binary)
Coefficient statistics:
  Matrix range     [1e+00, 5e+02]
  Objective range  [0e+00, 0e+00]
  Bounds range     [1e+00, 1e+00]
  RHS range        [1e+00, 1e+03]
Presolve removed 1540 rows and 1485 columns
Presolve time: 0.45s
Presolved: 399 rows, 345 columns, 1338 nonzeros
Variable types: 23 continuous, 322 integer (322 binary)

Root relaxation: objective 0.000000e+00, 156 iterations, 0.00 seconds

    Nodes    |    Current Node    |     Objective Bounds      |     Work
 Expl Unexpl |  Obj  Depth IntInf | Incumbent    BestBd   Gap | It/Node Time

     0     0    0.00000    0   19          -    0.00000      -     -    0s
     0     0    0.00000    0   36          -    0.00000      -     -    0s
     0     0    0.00000    0   28          -    0.00000      -     -    0s
     0     0    0.00000    0   22          -    0.00000      -     -    0s
     0     0    0.00000    0   14          -    0.00000      -     -    0s
     0     0    0.00000    0   13          -    0.00000      -     -    0s
     0     0    0.00000    0   10          -    0.00000      -     -    0s
     0     0    0.00000    0   12          -    0.00000      -     -    0s
     0     0    0.00000    0   15          -    0.00000      -     -    0s
     0     0    0.00000    0   18          -    0.00000      -     -    0s
     0     0    0.00000    0   12          -    0.00000      -     -    0s
     0     2    0.00000    0   10          -    0.00000      -     -    0s

Cutting planes:
  Gomory: 4
  Cover: 25
  Clique: 5
  MIR: 52
  Relax-and-lift: 14

Explored 203 nodes (4051 simplex iterations) in 0.63 seconds
Thread count was 1 (of 4 available processors)

Solution count 0

Model is infeasible
Best objective -, best bound -, gap -
Gurobi Optimizer version 9.0.1 build v9.0.1rc0 (linux64)
Optimize a model with 1939 rows, 1830 columns and 7858 nonzeros
Model fingerprint: 0x2440f04a
Variable types: 30 continuous, 1800 integer (1800 binary)
Coefficient statistics:
  Matrix range     [1e+00, 5e+02]
  Objective range  [0e+00, 0e+00]
  Bounds range     [1e+00, 1e+00]
  RHS range        [1e+00, 1e+03]
Presolve removed 1535 rows and 1480 columns
Presolve time: 0.45s
Presolved: 404 rows, 350 columns, 1358 nonzeros
Variable types: 23 continuous, 327 integer (327 binary)

Root relaxation: objective 0.000000e+00, 138 iterations, 0.00 seconds

    Nodes    |    Current Node    |     Objective Bounds      |     Work
 Expl Unexpl |  Obj  Depth IntInf | Incumbent    BestBd   Gap | It/Node Time

     0     0    0.00000    0   14          -    0.00000      -     -    0s
     0     0    0.00000    0   46          -    0.00000      -     -    0s
     0     0    0.00000    0   18          -    0.00000      -     -    0s
     0     0    0.00000    0   11          -    0.00000      -     -    0s
H    0     0                       0.0000000    0.00000  0.00%     -    0s
     0     0    0.00000    0   11    0.00000    0.00000  0.00%     -    0s

Cutting planes:
  Gomory: 2
  MIR: 3
  Relax-and-lift: 15

Explored 1 nodes (1484 simplex iterations) in 0.52 seconds
Thread count was 1 (of 4 available processors)

Solution count 1: 0 

Optimal solution found (tolerance 1.00e-04)
Best objective 0.000000000000e+00, best bound 0.000000000000e+00, gap 0.0000%
Gurobi Optimizer version 9.0.1 build v9.0.1rc0 (linux64)
Optimize a model with 1940 rows, 1830 columns and 7888 nonzeros
Model fingerprint: 0x795256cf
Variable types: 30 continuous, 1800 integer (1800 binary)
Coefficient statistics:
  Matrix range     [1e+00, 5e+02]
  Objective range  [0e+00, 0e+00]
  Bounds range     [1e+00, 1e+00]
  RHS range        [1e+00, 1e+03]
Presolve removed 1549 rows and 1493 columns
Presolve time: 0.43s
Presolved: 391 rows, 337 columns, 1306 nonzeros
Variable types: 23 continuous, 314 integer (314 binary)

Root relaxation: objective 0.000000e+00, 163 iterations, 0.00 seconds

    Nodes    |    Current Node    |     Objective Bounds      |     Work
 Expl Unexpl |  Obj  Depth IntInf | Incumbent    BestBd   Gap | It/Node Time

     0     0    0.00000    0    9          -    0.00000      -     -    0s
     0     0    0.00000    0   39          -    0.00000      -     -    0s
     0     0    0.00000    0   39          -    0.00000      -     -    0s
     0     0    0.00000    0    9          -    0.00000      -     -    0s
     0     0    0.00000    0   16          -    0.00000      -     -    0s
     0     0    0.00000    0   12          -    0.00000      -     -    0s
     0     0    0.00000    0   12          -    0.00000      -     -    0s
     0     0    0.00000    0   15          -    0.00000      -     -    0s
     0     0    0.00000    0   15          -    0.00000      -     -    0s
     0     2    0.00000    0   15          -    0.00000      -     -    0s

Cutting planes:
  Cover: 46
  Clique: 6
  MIR: 27
  GUB cover: 1
  Relax-and-lift: 17

Explored 283 nodes (4960 simplex iterations) in 0.69 seconds
Thread count was 1 (of 4 available processors)

Solution count 0

Model is infeasible
Best objective -, best bound -, gap -
Gurobi Optimizer version 9.0.1 build v9.0.1rc0 (linux64)
Optimize a model with 1940 rows, 1830 columns and 7888 nonzeros
Model fingerprint: 0x4113aea5
Variable types: 30 continuous, 1800 integer (1800 binary)
Coefficient statistics:
  Matrix range     [1e+00, 5e+02]
  Objective range  [0e+00, 0e+00]
  Bounds range     [1e+00, 1e+00]
  RHS range        [1e+00, 1e+03]
Presolve removed 1543 rows and 1487 columns
Presolve time: 0.44s
Presolved: 397 rows, 343 columns, 1330 nonzeros
Variable types: 23 continuous, 320 integer (320 binary)

Root relaxation: objective 0.000000e+00, 142 iterations, 0.00 seconds

    Nodes    |    Current Node    |     Objective Bounds      |     Work
 Expl Unexpl |  Obj  Depth IntInf | Incumbent    BestBd   Gap | It/Node Time

H    0     0                       0.0000000    0.00000  0.00%     -    0s
     0     0    0.00000    0    6    0.00000    0.00000  0.00%     -    0s

Explored 0 nodes (286 simplex iterations) in 0.44 seconds
Thread count was 1 (of 4 available processors)

Solution count 1: 0 

Optimal solution found (tolerance 1.00e-04)
Best objective 0.000000000000e+00, best bound 0.000000000000e+00, gap 0.0000%
Gurobi Optimizer version 9.0.1 build v9.0.1rc0 (linux64)
Optimize a model with 1941 rows, 1830 columns and 7918 nonzeros
Model fingerprint: 0xdd60c7d1
Variable types: 30 continuous, 1800 integer (1800 binary)
Coefficient statistics:
  Matrix range     [1e+00, 5e+02]
  Objective range  [0e+00, 0e+00]
  Bounds range     [1e+00, 1e+00]
  RHS range        [1e+00, 1e+03]
Presolve removed 1557 rows and 1500 columns
Presolve time: 0.41s
Presolved: 384 rows, 330 columns, 1278 nonzeros
Variable types: 23 continuous, 307 integer (307 binary)

Root relaxation: objective 0.000000e+00, 140 iterations, 0.00 seconds

    Nodes    |    Current Node    |     Objective Bounds      |     Work
 Expl Unexpl |  Obj  Depth IntInf | Incumbent    BestBd   Gap | It/Node Time

     0     0    0.00000    0    8          -    0.00000      -     -    0s
     0     0    0.00000    0   60          -    0.00000      -     -    0s
     0     0    0.00000    0   60          -    0.00000      -     -    0s
     0     0    0.00000    0   18          -    0.00000      -     -    0s
     0     0    0.00000    0   14          -    0.00000      -     -    0s
     0     0    0.00000    0   16          -    0.00000      -     -    0s
     0     0    0.00000    0   22          -    0.00000      -     -    0s
     0     0    0.00000    0   10          -    0.00000      -     -    0s
     0     2    0.00000    0    9          -    0.00000      -     -    0s

Cutting planes:
  Cover: 23
  Implied bound: 1
  Clique: 2
  MIR: 13
  Relax-and-lift: 7

Explored 158 nodes (3269 simplex iterations) in 0.55 seconds
Thread count was 1 (of 4 available processors)

Solution count 0

Model is infeasible
Best objective -, best bound -, gap -
Gurobi Optimizer version 9.0.1 build v9.0.1rc0 (linux64)
Optimize a model with 1941 rows, 1830 columns and 7918 nonzeros
Model fingerprint: 0x4b0dd60b
Variable types: 30 continuous, 1800 integer (1800 binary)
Coefficient statistics:
  Matrix range     [1e+00, 5e+02]
  Objective range  [0e+00, 0e+00]
  Bounds range     [1e+00, 1e+00]
  RHS range        [1e+00, 1e+03]
Presolve removed 1549 rows and 1492 columns
Presolve time: 0.41s
Presolved: 392 rows, 338 columns, 1310 nonzeros
Variable types: 23 continuous, 315 integer (315 binary)

Root relaxation: objective 0.000000e+00, 137 iterations, 0.00 seconds

    Nodes    |    Current Node    |     Objective Bounds      |     Work
 Expl Unexpl |  Obj  Depth IntInf | Incumbent    BestBd   Gap | It/Node Time

     0     0    0.00000    0   19          -    0.00000      -     -    0s
     0     0    0.00000    0   19          -    0.00000      -     -    0s
     0     0    0.00000    0   12          -    0.00000      -     -    0s
     0     0    0.00000    0   12          -    0.00000      -     -    0s
     0     0    0.00000    0    8          -    0.00000      -     -    0s
     0     0    0.00000    0   19          -    0.00000      -     -    0s
     0     0    0.00000    0   16          -    0.00000      -     -    0s
     0     0    0.00000    0   16          -    0.00000      -     -    0s
     0     0    0.00000    0    8          -    0.00000      -     -    0s
     0     0    0.00000    0   16          -    0.00000      -     -    0s
     0     0    0.00000    0   18          -    0.00000      -     -    0s
     0     0    0.00000    0   18          -    0.00000      -     -    0s
H    0     0                       0.0000000    0.00000  0.00%     -    0s
     0     0    0.00000    0   18    0.00000    0.00000  0.00%     -    0s

Cutting planes:
  Implied bound: 1
  Clique: 3
  MIR: 3
  Relax-and-lift: 1

Explored 1 nodes (2199 simplex iterations) in 0.49 seconds
Thread count was 1 (of 4 available processors)

Solution count 1: 0 

Optimal solution found (tolerance 1.00e-04)
Best objective 0.000000000000e+00, best bound 0.000000000000e+00, gap 0.0000%
Gurobi Optimizer version 9.0.1 build v9.0.1rc0 (linux64)
Optimize a model with 1942 rows, 1830 columns and 7948 nonzeros
Model fingerprint: 0x15593f14
Variable types: 30 continuous, 1800 integer (1800 binary)
Coefficient statistics:
  Matrix range     [1e+00, 5e+02]
  Objective range  [0e+00, 0e+00]
  Bounds range     [1e+00, 1e+00]
  RHS range        [1e+00, 1e+03]
Presolve removed 1555 rows and 1497 columns
Presolve time: 0.40s
Presolved: 387 rows, 333 columns, 1290 nonzeros
Variable types: 23 continuous, 310 integer (310 binary)

Root relaxation: objective 0.000000e+00, 145 iterations, 0.00 seconds

    Nodes    |    Current Node    |     Objective Bounds      |     Work
 Expl Unexpl |  Obj  Depth IntInf | Incumbent    BestBd   Gap | It/Node Time

     0     0    0.00000    0   13          -    0.00000      -     -    0s
     0     0    0.00000    0   20          -    0.00000      -     -    0s
H    0     0                       0.0000000    0.00000  0.00%     -    0s
     0     0    0.00000    0   10    0.00000    0.00000  0.00%     -    0s

Cutting planes:
  Gomory: 5
  Clique: 9
  MIR: 17
  RLT: 1
  Relax-and-lift: 4

Explored 1 nodes (933 simplex iterations) in 0.43 seconds
Thread count was 1 (of 4 available processors)

Solution count 1: 0 

Optimal solution found (tolerance 1.00e-04)
Best objective 0.000000000000e+00, best bound 0.000000000000e+00, gap 0.0000%
Gurobi Optimizer version 9.0.1 build v9.0.1rc0 (linux64)
Optimize a model with 1943 rows, 1830 columns and 7978 nonzeros
Model fingerprint: 0x3f369301
Variable types: 30 continuous, 1800 integer (1800 binary)
Coefficient statistics:
  Matrix range     [1e+00, 5e+02]
  Objective range  [0e+00, 0e+00]
  Bounds range     [1e+00, 1e+00]
  RHS range        [1e+00, 1e+03]
Presolve removed 1563 rows and 1504 columns
Presolve time: 0.39s
Presolved: 380 rows, 326 columns, 1262 nonzeros
Variable types: 23 continuous, 303 integer (303 binary)

Root relaxation: objective 0.000000e+00, 140 iterations, 0.00 seconds

    Nodes    |    Current Node    |     Objective Bounds      |     Work
 Expl Unexpl |  Obj  Depth IntInf | Incumbent    BestBd   Gap | It/Node Time

     0     0    0.00000    0    4          -    0.00000      -     -    0s
     0     0    0.00000    0    8          -    0.00000      -     -    0s
     0     0    0.00000    0    8          -    0.00000      -     -    0s
     0     0    0.00000    0   13          -    0.00000      -     -    0s
H    0     0                       0.0000000    0.00000  0.00%     -    0s
     0     0    0.00000    0   13    0.00000    0.00000  0.00%     -    0s

Cutting planes:
  Cover: 5
  MIR: 1
  RLT: 1
  Relax-and-lift: 1

Explored 1 nodes (1068 simplex iterations) in 0.42 seconds
Thread count was 1 (of 4 available processors)

Solution count 1: 0 

Optimal solution found (tolerance 1.00e-04)
Best objective 0.000000000000e+00, best bound 0.000000000000e+00, gap 0.0000%
Gurobi Optimizer version 9.0.1 build v9.0.1rc0 (linux64)
Optimize a model with 1944 rows, 1830 columns and 8008 nonzeros
Model fingerprint: 0xa08d0a5b
Variable types: 30 continuous, 1800 integer (1800 binary)
Coefficient statistics:
  Matrix range     [1e+00, 5e+02]
  Objective range  [0e+00, 0e+00]
  Bounds range     [1e+00, 1e+00]
  RHS range        [1e+00, 1e+03]
Presolve removed 1580 rows and 1519 columns
Presolve time: 0.36s
Presolved: 364 rows, 311 columns, 1200 nonzeros
Variable types: 23 continuous, 288 integer (288 binary)

Root relaxation: objective 0.000000e+00, 121 iterations, 0.00 seconds

    Nodes    |    Current Node    |     Objective Bounds      |     Work
 Expl Unexpl |  Obj  Depth IntInf | Incumbent    BestBd   Gap | It/Node Time

     0     0    0.00000    0   16          -    0.00000      -     -    0s
     0     0    0.00000    0   42          -    0.00000      -     -    0s
     0     0    0.00000    0   42          -    0.00000      -     -    0s
     0     0    0.00000    0   12          -    0.00000      -     -    0s
     0     0    0.00000    0   12          -    0.00000      -     -    0s
     0     0    0.00000    0   18          -    0.00000      -     -    0s
     0     0    0.00000    0   15          -    0.00000      -     -    0s
     0     2    0.00000    0   15          -    0.00000      -     -    0s

Cutting planes:
  Gomory: 3
  Cover: 34
  Clique: 2
  MIR: 25
  RLT: 1
  Relax-and-lift: 10

Explored 208 nodes (3554 simplex iterations) in 0.50 seconds
Thread count was 1 (of 4 available processors)

Solution count 0

Model is infeasible
Best objective -, best bound -, gap -
Gurobi Optimizer version 9.0.1 build v9.0.1rc0 (linux64)
Optimize a model with 1944 rows, 1830 columns and 8008 nonzeros
Model fingerprint: 0xa88c8cfd
Variable types: 30 continuous, 1800 integer (1800 binary)
Coefficient statistics:
  Matrix range     [1e+00, 5e+02]
  Objective range  [0e+00, 0e+00]
  Bounds range     [1e+00, 1e+00]
  RHS range        [1e+00, 1e+03]
Presolve removed 1571 rows and 1511 columns
Presolve time: 0.36s
Presolved: 373 rows, 319 columns, 1234 nonzeros
Variable types: 23 continuous, 296 integer (296 binary)

Root relaxation: objective 0.000000e+00, 111 iterations, 0.00 seconds

    Nodes    |    Current Node    |     Objective Bounds      |     Work
 Expl Unexpl |  Obj  Depth IntInf | Incumbent    BestBd   Gap | It/Node Time

     0     0    0.00000    0   14          -    0.00000      -     -    0s
     0     0    0.00000    0   25          -    0.00000      -     -    0s
     0     0    0.00000    0   22          -    0.00000      -     -    0s
     0     0    0.00000    0   15          -    0.00000      -     -    0s
     0     0    0.00000    0   14          -    0.00000      -     -    0s
     0     0    0.00000    0   29          -    0.00000      -     -    0s
H    0     0                       0.0000000    0.00000  0.00%     -    0s
     0     0    0.00000    0   29    0.00000    0.00000  0.00%     -    0s

Cutting planes:
  MIR: 1
  Relax-and-lift: 1

Explored 1 nodes (1401 simplex iterations) in 0.41 seconds
Thread count was 1 (of 4 available processors)

Solution count 1: 0 

Optimal solution found (tolerance 1.00e-04)
Best objective 0.000000000000e+00, best bound 0.000000000000e+00, gap 0.0000%
Gurobi Optimizer version 9.0.1 build v9.0.1rc0 (linux64)
Optimize a model with 1945 rows, 1830 columns and 8038 nonzeros
Model fingerprint: 0xe7be65cf
Variable types: 30 continuous, 1800 integer (1800 binary)
Coefficient statistics:
  Matrix range     [1e+00, 5e+02]
  Objective range  [0e+00, 0e+00]
  Bounds range     [1e+00, 1e+00]
  RHS range        [1e+00, 1e+03]
Presolve removed 1589 rows and 1527 columns
Presolve time: 0.34s
Presolved: 356 rows, 303 columns, 1169 nonzeros
Variable types: 22 continuous, 281 integer (281 binary)

Root relaxation: objective 0.000000e+00, 133 iterations, 0.00 seconds

    Nodes    |    Current Node    |     Objective Bounds      |     Work
 Expl Unexpl |  Obj  Depth IntInf | Incumbent    BestBd   Gap | It/Node Time

     0     0    0.00000    0   15          -    0.00000      -     -    0s
     0     0    0.00000    0   12          -    0.00000      -     -    0s
     0     0    0.00000    0   10          -    0.00000      -     -    0s
     0     0    0.00000    0   15          -    0.00000      -     -    0s
     0     0    0.00000    0   14          -    0.00000      -     -    0s
     0     0    0.00000    0   19          -    0.00000      -     -    0s
     0     0    0.00000    0   20          -    0.00000      -     -    0s
     0     0    0.00000    0   18          -    0.00000      -     -    0s
     0     0    0.00000    0   13          -    0.00000      -     -    0s
     0     0    0.00000    0   13          -    0.00000      -     -    0s
     0     2    0.00000    0   12          -    0.00000      -     -    0s

Cutting planes:
  Cover: 54
  Clique: 9
  MIR: 23
  Inf proof: 1
  Relax-and-lift: 7

Explored 299 nodes (3807 simplex iterations) in 0.57 seconds
Thread count was 1 (of 4 available processors)

Solution count 0

Model is infeasible
Best objective -, best bound -, gap -
Gurobi Optimizer version 9.0.1 build v9.0.1rc0 (linux64)
Optimize a model with 1945 rows, 1830 columns and 8038 nonzeros
Model fingerprint: 0x093e3f34
Variable types: 30 continuous, 1800 integer (1800 binary)
Coefficient statistics:
  Matrix range     [1e+00, 5e+02]
  Objective range  [0e+00, 0e+00]
  Bounds range     [1e+00, 1e+00]
  RHS range        [1e+00, 1e+03]
Presolve removed 1578 rows and 1517 columns
Presolve time: 0.35s
Presolved: 367 rows, 313 columns, 1210 nonzeros
Variable types: 23 continuous, 290 integer (290 binary)

Root relaxation: objective 0.000000e+00, 157 iterations, 0.00 seconds

    Nodes    |    Current Node    |     Objective Bounds      |     Work
 Expl Unexpl |  Obj  Depth IntInf | Incumbent    BestBd   Gap | It/Node Time

     0     0    0.00000    0    8          -    0.00000      -     -    0s
     0     0    0.00000    0   37          -    0.00000      -     -    0s
     0     0    0.00000    0   36          -    0.00000      -     -    0s
     0     0    0.00000    0   11          -    0.00000      -     -    0s
     0     0    0.00000    0    6          -    0.00000      -     -    0s
     0     0    0.00000    0    6          -    0.00000      -     -    0s
H    0     0                       0.0000000    0.00000  0.00%     -    0s
     0     0    0.00000    0   15    0.00000    0.00000  0.00%     -    0s

Cutting planes:
  Cover: 5
  Clique: 2
  MIR: 11
  RLT: 2
  Relax-and-lift: 3

Explored 1 nodes (1769 simplex iterations) in 0.40 seconds
Thread count was 1 (of 4 available processors)

Solution count 1: 0 

Optimal solution found (tolerance 1.00e-04)
Best objective 0.000000000000e+00, best bound 0.000000000000e+00, gap 0.0000%
Gurobi Optimizer version 9.0.1 build v9.0.1rc0 (linux64)
Optimize a model with 1946 rows, 1830 columns and 8068 nonzeros
Model fingerprint: 0xa30a6f11
Variable types: 30 continuous, 1800 integer (1800 binary)
Coefficient statistics:
  Matrix range     [1e+00, 5e+02]
  Objective range  [0e+00, 0e+00]
  Bounds range     [1e+00, 1e+00]
  RHS range        [1e+00, 1e+03]
Presolve removed 1593 rows and 1531 columns
Presolve time: 0.32s
Presolved: 353 rows, 299 columns, 1155 nonzeros
Variable types: 22 continuous, 277 integer (277 binary)

Root relaxation: objective 0.000000e+00, 144 iterations, 0.00 seconds

    Nodes    |    Current Node    |     Objective Bounds      |     Work
 Expl Unexpl |  Obj  Depth IntInf | Incumbent    BestBd   Gap | It/Node Time

     0     0    0.00000    0    8          -    0.00000      -     -    0s
     0     0    0.00000    0   58          -    0.00000      -     -    0s
     0     0    0.00000    0   58          -    0.00000      -     -    0s
     0     0    0.00000    0   22          -    0.00000      -     -    0s
     0     0    0.00000    0   23          -    0.00000      -     -    0s
     0     0    0.00000    0   22          -    0.00000      -     -    0s
     0     2    0.00000    0   17          -    0.00000      -     -    0s
H  239     2                       0.0000000    0.00000  0.00%   9.6    0s

Cutting planes:
  Cover: 49
  Clique: 1
  MIR: 17
  Relax-and-lift: 11

Explored 240 nodes (3288 simplex iterations) in 0.56 seconds
Thread count was 1 (of 4 available processors)

Solution count 1: 0 

Optimal solution found (tolerance 1.00e-04)
Best objective 0.000000000000e+00, best bound 0.000000000000e+00, gap 0.0000%
Gurobi Optimizer version 9.0.1 build v9.0.1rc0 (linux64)
Optimize a model with 1947 rows, 1830 columns and 8098 nonzeros
Model fingerprint: 0x47aa5ef9
Variable types: 30 continuous, 1800 integer (1800 binary)
Coefficient statistics:
  Matrix range     [1e+00, 5e+02]
  Objective range  [0e+00, 0e+00]
  Bounds range     [1e+00, 1e+00]
  RHS range        [1e+00, 1e+03]
Presolve removed 1607 rows and 1544 columns
Presolve time: 0.30s
Presolved: 340 rows, 286 columns, 1103 nonzeros
Variable types: 22 continuous, 264 integer (264 binary)

Root relaxation: objective 0.000000e+00, 127 iterations, 0.00 seconds

    Nodes    |    Current Node    |     Objective Bounds      |     Work
 Expl Unexpl |  Obj  Depth IntInf | Incumbent    BestBd   Gap | It/Node Time

     0     0    0.00000    0   20          -    0.00000      -     -    0s
     0     0    0.00000    0   29          -    0.00000      -     -    0s
     0     0    0.00000    0   28          -    0.00000      -     -    0s
     0     0    0.00000    0   25          -    0.00000      -     -    0s
     0     0    0.00000    0   22          -    0.00000      -     -    0s
     0     0    0.00000    0   21          -    0.00000      -     -    0s
     0     0    0.00000    0   27          -    0.00000      -     -    0s
     0     0    0.00000    0   22          -    0.00000      -     -    0s
     0     0    0.00000    0   20          -    0.00000      -     -    0s
     0     2    0.00000    0   14          -    0.00000      -     -    0s
*  114     2              17       0.0000000    0.00000  0.00%   7.7    0s

Cutting planes:
  Cover: 14
  MIR: 29
  Relax-and-lift: 6

Explored 115 nodes (2532 simplex iterations) in 0.41 seconds
Thread count was 1 (of 4 available processors)

Solution count 1: 0 

Optimal solution found (tolerance 1.00e-04)
Best objective 0.000000000000e+00, best bound 0.000000000000e+00, gap 0.0000%
Gurobi Optimizer version 9.0.1 build v9.0.1rc0 (linux64)
Optimize a model with 1948 rows, 1830 columns and 8128 nonzeros
Model fingerprint: 0x7502d5a1
Variable types: 30 continuous, 1800 integer (1800 binary)
Coefficient statistics:
  Matrix range     [1e+00, 5e+02]
  Objective range  [0e+00, 0e+00]
  Bounds range     [1e+00, 1e+00]
  RHS range        [1e+00, 1e+03]
Presolve removed 1630 rows and 1565 columns
Presolve time: 0.28s
Presolved: 318 rows, 265 columns, 1023 nonzeros
Variable types: 22 continuous, 243 integer (243 binary)

Root relaxation: objective 0.000000e+00, 137 iterations, 0.00 seconds

    Nodes    |    Current Node    |     Objective Bounds      |     Work
 Expl Unexpl |  Obj  Depth IntInf | Incumbent    BestBd   Gap | It/Node Time

     0     0    0.00000    0   23          -    0.00000      -     -    0s
     0     0    0.00000    0   47          -    0.00000      -     -    0s
     0     0    0.00000    0   16          -    0.00000      -     -    0s
     0     0    0.00000    0   29          -    0.00000      -     -    0s
     0     0    0.00000    0   23          -    0.00000      -     -    0s
     0     0    0.00000    0   24          -    0.00000      -     -    0s
     0     0    0.00000    0   21          -    0.00000      -     -    0s
     0     0    0.00000    0   20          -    0.00000      -     -    0s
     0     0    0.00000    0   20          -    0.00000      -     -    0s
     0     0    0.00000    0   18          -    0.00000      -     -    0s
     0     2    0.00000    0   18          -    0.00000      -     -    0s

Cutting planes:
  Cover: 24
  MIR: 46
  Relax-and-lift: 23

Explored 190 nodes (3616 simplex iterations) in 0.47 seconds
Thread count was 1 (of 4 available processors)

Solution count 0

Model is infeasible
Best objective -, best bound -, gap -
Gurobi Optimizer version 9.0.1 build v9.0.1rc0 (linux64)
Optimize a model with 1948 rows, 1830 columns and 8128 nonzeros
Model fingerprint: 0x94aff14e
Variable types: 30 continuous, 1800 integer (1800 binary)
Coefficient statistics:
  Matrix range     [1e+00, 5e+02]
  Objective range  [0e+00, 0e+00]
  Bounds range     [1e+00, 1e+00]
  RHS range        [1e+00, 1e+03]
Presolve removed 1622 rows and 1556 columns
Presolve time: 0.28s
Presolved: 326 rows, 274 columns, 1050 nonzeros
Variable types: 22 continuous, 252 integer (252 binary)

Root relaxation: objective 0.000000e+00, 151 iterations, 0.00 seconds

    Nodes    |    Current Node    |     Objective Bounds      |     Work
 Expl Unexpl |  Obj  Depth IntInf | Incumbent    BestBd   Gap | It/Node Time

     0     0    0.00000    0    6          -    0.00000      -     -    0s
     0     0    0.00000    0   34          -    0.00000      -     -    0s
     0     0    0.00000    0   24          -    0.00000      -     -    0s
     0     0    0.00000    0   16          -    0.00000      -     -    0s
     0     0    0.00000    0   14          -    0.00000      -     -    0s
     0     0    0.00000    0   16          -    0.00000      -     -    0s
     0     0    0.00000    0   13          -    0.00000      -     -    0s
     0     0    0.00000    0   13          -    0.00000      -     -    0s
     0     2    0.00000    0   12          -    0.00000      -     -    0s
*   79     0              17       0.0000000    0.00000  0.00%   9.9    0s

Cutting planes:
  Cover: 4
  Implied bound: 1
  Clique: 9
  MIR: 17
  Inf proof: 1
  RLT: 1
  Relax-and-lift: 6

Explored 80 nodes (2227 simplex iterations) in 0.38 seconds
Thread count was 1 (of 4 available processors)

Solution count 1: 0 

Optimal solution found (tolerance 1.00e-04)
Best objective 0.000000000000e+00, best bound 0.000000000000e+00, gap 0.0000%
Gurobi Optimizer version 9.0.1 build v9.0.1rc0 (linux64)
Optimize a model with 1949 rows, 1830 columns and 8158 nonzeros
Model fingerprint: 0x5590f073
Variable types: 30 continuous, 1800 integer (1800 binary)
Coefficient statistics:
  Matrix range     [1e+00, 5e+02]
  Objective range  [0e+00, 0e+00]
  Bounds range     [1e+00, 1e+00]
  RHS range        [1e+00, 1e+03]
Presolve removed 1633 rows and 1566 columns
Presolve time: 0.27s
Presolved: 316 rows, 264 columns, 1010 nonzeros
Variable types: 22 continuous, 242 integer (242 binary)

Root relaxation: objective 0.000000e+00, 124 iterations, 0.00 seconds

    Nodes    |    Current Node    |     Objective Bounds      |     Work
 Expl Unexpl |  Obj  Depth IntInf | Incumbent    BestBd   Gap | It/Node Time

     0     0    0.00000    0   23          -    0.00000      -     -    0s
     0     0    0.00000    0   23          -    0.00000      -     -    0s
     0     0    0.00000    0   21          -    0.00000      -     -    0s
     0     0    0.00000    0   25          -    0.00000      -     -    0s
     0     0    0.00000    0   23          -    0.00000      -     -    0s
     0     0    0.00000    0   23          -    0.00000      -     -    0s
     0     0    0.00000    0   22          -    0.00000      -     -    0s
     0     0    0.00000    0   22          -    0.00000      -     -    0s
     0     2    0.00000    0   22          -    0.00000      -     -    0s

Cutting planes:
  Gomory: 3
  Cover: 43
  Clique: 5
  MIR: 45
  Relax-and-lift: 12

Explored 284 nodes (4683 simplex iterations) in 0.44 seconds
Thread count was 1 (of 4 available processors)

Solution count 0

Model is infeasible
Best objective -, best bound -, gap -
Gurobi Optimizer version 9.0.1 build v9.0.1rc0 (linux64)
Optimize a model with 1949 rows, 1830 columns and 8158 nonzeros
Model fingerprint: 0xe1877043
Variable types: 30 continuous, 1800 integer (1800 binary)
Coefficient statistics:
  Matrix range     [1e+00, 5e+02]
  Objective range  [0e+00, 0e+00]
  Bounds range     [1e+00, 1e+00]
  RHS range        [1e+00, 1e+03]
Presolve removed 1633 rows and 1566 columns
Presolve time: 0.27s
Presolved: 316 rows, 264 columns, 1013 nonzeros
Variable types: 22 continuous, 242 integer (242 binary)

Root relaxation: objective 0.000000e+00, 136 iterations, 0.00 seconds

    Nodes    |    Current Node    |     Objective Bounds      |     Work
 Expl Unexpl |  Obj  Depth IntInf | Incumbent    BestBd   Gap | It/Node Time

     0     0    0.00000    0   15          -    0.00000      -     -    0s
     0     0    0.00000    0   33          -    0.00000      -     -    0s
     0     0    0.00000    0   33          -    0.00000      -     -    0s
     0     0    0.00000    0   16          -    0.00000      -     -    0s
     0     0    0.00000    0   12          -    0.00000      -     -    0s
     0     0    0.00000    0   22          -    0.00000      -     -    0s
     0     0    0.00000    0   23          -    0.00000      -     -    0s
     0     0    0.00000    0   21          -    0.00000      -     -    0s
     0     0    0.00000    0   21          -    0.00000      -     -    0s
     0     2    0.00000    0   19          -    0.00000      -     -    0s
*  219     1              16       0.0000000    0.00000  0.00%   8.4    0s

Cutting planes:
  Cover: 31
  Implied bound: 1
  Clique: 1
  MIR: 19
  Relax-and-lift: 10

Explored 220 nodes (3327 simplex iterations) in 0.39 seconds
Thread count was 1 (of 4 available processors)

Solution count 1: 0 

Optimal solution found (tolerance 1.00e-04)
Best objective 0.000000000000e+00, best bound 0.000000000000e+00, gap 0.0000%
Gurobi Optimizer version 9.0.1 build v9.0.1rc0 (linux64)
Optimize a model with 1950 rows, 1830 columns and 8188 nonzeros
Model fingerprint: 0x1826f8dd
Variable types: 30 continuous, 1800 integer (1800 binary)
Coefficient statistics:
  Matrix range     [1e+00, 5e+02]
  Objective range  [0e+00, 0e+00]
  Bounds range     [1e+00, 1e+00]
  RHS range        [1e+00, 1e+03]
Presolve removed 1649 rows and 1581 columns
Presolve time: 0.25s
Presolved: 301 rows, 249 columns, 954 nonzeros
Variable types: 21 continuous, 228 integer (228 binary)

Root relaxation: objective 0.000000e+00, 121 iterations, 0.00 seconds

    Nodes    |    Current Node    |     Objective Bounds      |     Work
 Expl Unexpl |  Obj  Depth IntInf | Incumbent    BestBd   Gap | It/Node Time

     0     0    0.00000    0   19          -    0.00000      -     -    0s
     0     0    0.00000    0   40          -    0.00000      -     -    0s
     0     0    0.00000    0   19          -    0.00000      -     -    0s
     0     0    0.00000    0   19          -    0.00000      -     -    0s
     0     0    0.00000    0   20          -    0.00000      -     -    0s
     0     0    0.00000    0   27          -    0.00000      -     -    0s
     0     0    0.00000    0   18          -    0.00000      -     -    0s
     0     0    0.00000    0   17          -    0.00000      -     -    0s
     0     2    0.00000    0   17          -    0.00000      -     -    0s

Cutting planes:
  Gomory: 2
  Cover: 34
  Clique: 1
  MIR: 25
  Inf proof: 1
  Relax-and-lift: 15

Explored 201 nodes (3279 simplex iterations) in 0.39 seconds
Thread count was 1 (of 4 available processors)

Solution count 0

Model is infeasible
Best objective -, best bound -, gap -
Gurobi Optimizer version 9.0.1 build v9.0.1rc0 (linux64)
Optimize a model with 1950 rows, 1830 columns and 8188 nonzeros
Model fingerprint: 0xb46f6932
Variable types: 30 continuous, 1800 integer (1800 binary)
Coefficient statistics:
  Matrix range     [1e+00, 5e+02]
  Objective range  [0e+00, 0e+00]
  Bounds range     [1e+00, 1e+00]
  RHS range        [1e+00, 1e+03]
Presolve removed 1650 rows and 1581 columns
Presolve time: 0.25s
Presolved: 300 rows, 249 columns, 957 nonzeros
Variable types: 21 continuous, 228 integer (228 binary)

Root relaxation: objective 0.000000e+00, 124 iterations, 0.00 seconds

    Nodes    |    Current Node    |     Objective Bounds      |     Work
 Expl Unexpl |  Obj  Depth IntInf | Incumbent    BestBd   Gap | It/Node Time

     0     0    0.00000    0    4          -    0.00000      -     -    0s
     0     0    0.00000    0   18          -    0.00000      -     -    0s
     0     0    0.00000    0   18          -    0.00000      -     -    0s
     0     0    0.00000    0   23          -    0.00000      -     -    0s
     0     0    0.00000    0   21          -    0.00000      -     -    0s
     0     0    0.00000    0   20          -    0.00000      -     -    0s
     0     0    0.00000    0   20          -    0.00000      -     -    0s
     0     0    0.00000    0   14          -    0.00000      -     -    0s
     0     2    0.00000    0   14          -    0.00000      -     -    0s
*  151     3              19       0.0000000    0.00000  0.00%   6.9    0s

Cutting planes:
  Gomory: 1
  Cover: 23
  Implied bound: 1
  MIR: 25
  Relax-and-lift: 5

Explored 152 nodes (2479 simplex iterations) in 0.34 seconds
Thread count was 1 (of 4 available processors)

Solution count 1: 0 

Optimal solution found (tolerance 1.00e-04)
Best objective 0.000000000000e+00, best bound 0.000000000000e+00, gap 0.0000%
Gurobi Optimizer version 9.0.1 build v9.0.1rc0 (linux64)
Optimize a model with 1950 rows, 1830 columns and 8188 nonzeros
Model fingerprint: 0xb46f6932
Variable types: 30 continuous, 1800 integer (1800 binary)
Coefficient statistics:
  Matrix range     [1e+00, 5e+02]
  Objective range  [0e+00, 0e+00]
  Bounds range     [1e+00, 1e+00]
  RHS range        [1e+00, 1e+03]
Presolve removed 1650 rows and 1581 columns
Presolve time: 0.25s
Presolved: 300 rows, 249 columns, 957 nonzeros
Variable types: 21 continuous, 228 integer (228 binary)

Root relaxation: objective 0.000000e+00, 124 iterations, 0.00 seconds

    Nodes    |    Current Node    |     Objective Bounds      |     Work
 Expl Unexpl |  Obj  Depth IntInf | Incumbent    BestBd   Gap | It/Node Time

     0     0    0.00000    0    4          -    0.00000      -     -    0s
     0     0    0.00000    0   18          -    0.00000      -     -    0s
     0     0    0.00000    0   18          -    0.00000      -     -    0s
     0     0    0.00000    0   23          -    0.00000      -     -    0s
     0     0    0.00000    0   21          -    0.00000      -     -    0s
     0     0    0.00000    0   20          -    0.00000      -     -    0s
     0     0    0.00000    0   20          -    0.00000      -     -    0s
     0     0    0.00000    0   14          -    0.00000      -     -    0s
     0     2    0.00000    0   14          -    0.00000      -     -    0s
*  151     3              19       0.0000000    0.00000  0.00%   6.9    0s

Cutting planes:
  Gomory: 1
  Cover: 23
  Implied bound: 1
  MIR: 25
  Relax-and-lift: 5

Explored 152 nodes (2479 simplex iterations) in 0.34 seconds
Thread count was 1 (of 4 available processors)

Solution count 1: 0 

Optimal solution found (tolerance 1.00e-04)
Best objective 0.000000000000e+00, best bound 0.000000000000e+00, gap 0.0000%
