{
    "assignmentCharacteristics": [
        {
            "command": "/root/thermobench/build/benchmarks/tinyrenderer/tinyrenderer -f /root/thermobench/benchmarks/tinyrenderer/obj/boggie/*.obj",
            "resourceAssignments": [
                {
                    "intercept": 2.2799999713897705,
                    "length": 114,
                    "processors": [
                        {
                            "processingUnits": 1,
                            "processor": "A72"
                        }
                    ],
                    "slope": 1.1200000047683716
                },
                {
                    "intercept": 1.2799999713897705,
                    "length": 225,
                    "processors": [
                        {
                            "processingUnits": 1,
                            "processor": "A53"
                        }
                    ],
                    "slope": 0.2800000011920929
                }
            ],
            "task": "0_tinyrenderer-boggie"
        },
        {
            "command": "/root/thermobench/build/benchmarks/mem/membench -t1 -f -s 4000000",
            "resourceAssignments": [
                {
                    "intercept": 3.049999952316284,
                    "length": 111,
                    "processors": [
                        {
                            "processingUnits": 1,
                            "processor": "A72"
                        }
                    ],
                    "slope": 0.3799999952316284
                },
                {
                    "intercept": 1.7699999809265137,
                    "length": 361,
                    "processors": [
                        {
                            "processingUnits": 1,
                            "processor": "A53"
                        }
                    ],
                    "slope": 0.4399999976158142
                }
            ],
            "task": "1_membench-4M-RO-S"
        },
        {
            "command": "./canrdr-4K -v0 -c1 -i100",
            "resourceAssignments": [
                {
                    "intercept": 1.149999976158142,
                    "length": 43,
                    "processors": [
                        {
                            "processingUnits": 1,
                            "processor": "A72"
                        }
                    ],
                    "slope": 1.2000000476837158
                },
                {
                    "intercept": 0.33000001311302185,
                    "length": 81,
                    "processors": [
                        {
                            "processingUnits": 1,
                            "processor": "A53"
                        }
                    ],
                    "slope": 0.3400000035762787
                }
            ],
            "task": "2_canrdr-4K"
        },
        {
            "command": "./puwmod-4K -v0 -c1 -i100",
            "resourceAssignments": [
                {
                    "intercept": 1.2000000476837158,
                    "length": 92,
                    "processors": [
                        {
                            "processingUnits": 1,
                            "processor": "A72"
                        }
                    ],
                    "slope": 1.2599999904632568
                },
                {
                    "intercept": 0.3199999928474426,
                    "length": 175,
                    "processors": [
                        {
                            "processingUnits": 1,
                            "processor": "A53"
                        }
                    ],
                    "slope": 0.2800000011920929
                }
            ],
            "task": "3_puwmod-4K"
        },
        {
            "command": "/root/thermobench/build/benchmarks/mem/membench -t1 -f -r -w -s 1000",
            "resourceAssignments": [
                {
                    "intercept": 0.8500000238418579,
                    "length": 121,
                    "processors": [
                        {
                            "processingUnits": 1,
                            "processor": "A72"
                        }
                    ],
                    "slope": 0.7699999809265137
                },
                {
                    "intercept": 0.23000000417232513,
                    "length": 215,
                    "processors": [
                        {
                            "processingUnits": 1,
                            "processor": "A53"
                        }
                    ],
                    "slope": 0.18000000715255737
                }
            ],
            "task": "4_membench-1K-RW-R"
        },
        {
            "command": "./ttsprk-4M -v0 -c1 -i100",
            "resourceAssignments": [
                {
                    "intercept": 1.5800000429153442,
                    "length": 114,
                    "processors": [
                        {
                            "processingUnits": 1,
                            "processor": "A72"
                        }
                    ],
                    "slope": 1.9800000190734863
                },
                {
                    "intercept": 0.3199999928474426,
                    "length": 241,
                    "processors": [
                        {
                            "processingUnits": 1,
                            "processor": "A53"
                        }
                    ],
                    "slope": 0.6700000166893005
                }
            ],
            "task": "5_ttsprk-4M"
        },
        {
            "command": "./pntrch-4M -v0 -c1 -i1",
            "resourceAssignments": [
                {
                    "intercept": 2.009999990463257,
                    "length": 138,
                    "processors": [
                        {
                            "processingUnits": 1,
                            "processor": "A72"
                        }
                    ],
                    "slope": 1.8300000429153442
                },
                {
                    "intercept": 0.5400000214576721,
                    "length": 406,
                    "processors": [
                        {
                            "processingUnits": 1,
                            "processor": "A53"
                        }
                    ],
                    "slope": 0.4099999964237213
                }
            ],
            "task": "6_pntrch-4M"
        },
        {
            "command": "./pntrch-4K -v0 -c1 -i100",
            "resourceAssignments": [
                {
                    "intercept": 1.3300000429153442,
                    "length": 150,
                    "processors": [
                        {
                            "processingUnits": 1,
                            "processor": "A72"
                        }
                    ],
                    "slope": 1.409999966621399
                },
                {
                    "intercept": 0.25999999046325684,
                    "length": 437,
                    "processors": [
                        {
                            "processingUnits": 1,
                            "processor": "A53"
                        }
                    ],
                    "slope": 0.23000000417232513
                }
            ],
            "task": "7_pntrch-4K"
        },
        {
            "command": "/root/thermobench/build/benchmarks/mem/membench -t1 -f -r -s 1000000",
            "resourceAssignments": [
                {
                    "intercept": 1.8899999856948853,
                    "length": 133,
                    "processors": [
                        {
                            "processingUnits": 1,
                            "processor": "A72"
                        }
                    ],
                    "slope": 0.6899999976158142
                },
                {
                    "intercept": 0.7200000286102295,
                    "length": 91,
                    "processors": [
                        {
                            "processingUnits": 1,
                            "processor": "A53"
                        }
                    ],
                    "slope": 0.5
                }
            ],
            "task": "8_membench-1M-RO-R"
        },
        {
            "command": "/root/thermobench/build/benchmarks/mem/membench -t1 -f -w -s 4000000",
            "resourceAssignments": [
                {
                    "intercept": 3.2100000381469727,
                    "length": 103,
                    "processors": [
                        {
                            "processingUnits": 1,
                            "processor": "A72"
                        }
                    ],
                    "slope": 0.3799999952316284
                },
                {
                    "intercept": 1.9700000286102295,
                    "length": 245,
                    "processors": [
                        {
                            "processingUnits": 1,
                            "processor": "A53"
                        }
                    ],
                    "slope": 0.47999998927116394
                }
            ],
            "task": "9_membench-4M-RW-S"
        },
        {
            "command": "./puwmod-4K -v0 -c1 -i100",
            "resourceAssignments": [
                {
                    "intercept": 1.2000000476837158,
                    "length": 74,
                    "processors": [
                        {
                            "processingUnits": 1,
                            "processor": "A72"
                        }
                    ],
                    "slope": 1.2599999904632568
                },
                {
                    "intercept": 0.3199999928474426,
                    "length": 141,
                    "processors": [
                        {
                            "processingUnits": 1,
                            "processor": "A53"
                        }
                    ],
                    "slope": 0.2800000011920929
                }
            ],
            "task": "10_puwmod-4K"
        },
        {
            "command": "./canrdr-4M -v0 -c1 -i100",
            "resourceAssignments": [
                {
                    "intercept": 2.6700000762939453,
                    "length": 89,
                    "processors": [
                        {
                            "processingUnits": 1,
                            "processor": "A72"
                        }
                    ],
                    "slope": 1.3600000143051147
                },
                {
                    "intercept": 1.4700000286102295,
                    "length": 170,
                    "processors": [
                        {
                            "processingUnits": 1,
                            "processor": "A53"
                        }
                    ],
                    "slope": 0.4000000059604645
                }
            ],
            "task": "11_canrdr-4M"
        },
        {
            "command": "/root/thermobench/build/benchmarks/mem/membench -t1 -f -w -s 4000000",
            "resourceAssignments": [
                {
                    "intercept": 3.2100000381469727,
                    "length": 140,
                    "processors": [
                        {
                            "processingUnits": 1,
                            "processor": "A72"
                        }
                    ],
                    "slope": 0.3799999952316284
                },
                {
                    "intercept": 1.9700000286102295,
                    "length": 332,
                    "processors": [
                        {
                            "processingUnits": 1,
                            "processor": "A53"
                        }
                    ],
                    "slope": 0.47999998927116394
                }
            ],
            "task": "12_membench-4M-RW-S"
        },
        {
            "command": "/root/thermobench/build/benchmarks/mem/membench -t1 -f -s 4000000",
            "resourceAssignments": [
                {
                    "intercept": 3.049999952316284,
                    "length": 127,
                    "processors": [
                        {
                            "processingUnits": 1,
                            "processor": "A72"
                        }
                    ],
                    "slope": 0.3799999952316284
                },
                {
                    "intercept": 1.7699999809265137,
                    "length": 413,
                    "processors": [
                        {
                            "processingUnits": 1,
                            "processor": "A53"
                        }
                    ],
                    "slope": 0.4399999976158142
                }
            ],
            "task": "13_membench-4M-RO-S"
        },
        {
            "command": "./pntrch-4K -v0 -c1 -i100",
            "resourceAssignments": [
                {
                    "intercept": 1.3300000429153442,
                    "length": 44,
                    "processors": [
                        {
                            "processingUnits": 1,
                            "processor": "A72"
                        }
                    ],
                    "slope": 1.409999966621399
                },
                {
                    "intercept": 0.25999999046325684,
                    "length": 129,
                    "processors": [
                        {
                            "processingUnits": 1,
                            "processor": "A53"
                        }
                    ],
                    "slope": 0.23000000417232513
                }
            ],
            "task": "14_pntrch-4K"
        },
        {
            "command": "/root/thermobench/build/benchmarks/mem/membench -t1 -f -r -w -s 1000",
            "resourceAssignments": [
                {
                    "intercept": 0.8500000238418579,
                    "length": 51,
                    "processors": [
                        {
                            "processingUnits": 1,
                            "processor": "A72"
                        }
                    ],
                    "slope": 0.7699999809265137
                },
                {
                    "intercept": 0.23000000417232513,
                    "length": 91,
                    "processors": [
                        {
                            "processingUnits": 1,
                            "processor": "A53"
                        }
                    ],
                    "slope": 0.18000000715255737
                }
            ],
            "task": "15_membench-1K-RW-R"
        },
        {
            "command": "./matrix-4M -v0 -c1 -i100",
            "resourceAssignments": [
                {
                    "intercept": 2.6500000953674316,
                    "length": 95,
                    "processors": [
                        {
                            "processingUnits": 1,
                            "processor": "A72"
                        }
                    ],
                    "slope": 2.009999990463257
                },
                {
                    "intercept": 0.8799999952316284,
                    "length": 267,
                    "processors": [
                        {
                            "processingUnits": 1,
                            "processor": "A53"
                        }
                    ],
                    "slope": 0.5
                }
            ],
            "task": "16_matrix-4M"
        },
        {
            "command": "./a2time-4M -v0 -c1 -i100",
            "resourceAssignments": [
                {
                    "intercept": 2.5199999809265137,
                    "length": 66,
                    "processors": [
                        {
                            "processingUnits": 1,
                            "processor": "A72"
                        }
                    ],
                    "slope": 1.1799999475479126
                },
                {
                    "intercept": 1.3899999856948853,
                    "length": 112,
                    "processors": [
                        {
                            "processingUnits": 1,
                            "processor": "A53"
                        }
                    ],
                    "slope": 0.3499999940395355
                }
            ],
            "task": "17_a2time-4M"
        },
        {
            "command": "/root/thermobench/build/benchmarks/mem/membench -t1 -f -r -s 1000000",
            "resourceAssignments": [
                {
                    "intercept": 1.8899999856948853,
                    "length": 117,
                    "processors": [
                        {
                            "processingUnits": 1,
                            "processor": "A72"
                        }
                    ],
                    "slope": 0.6899999976158142
                },
                {
                    "intercept": 0.7200000286102295,
                    "length": 80,
                    "processors": [
                        {
                            "processingUnits": 1,
                            "processor": "A53"
                        }
                    ],
                    "slope": 0.5
                }
            ],
            "task": "18_membench-1M-RO-R"
        },
        {
            "command": "./aifirf-4K -v0 -c1 -i100",
            "resourceAssignments": [
                {
                    "intercept": 1.399999976158142,
                    "length": 122,
                    "processors": [
                        {
                            "processingUnits": 1,
                            "processor": "A72"
                        }
                    ],
                    "slope": 1.5099999904632568
                },
                {
                    "intercept": 0.23000000417232513,
                    "length": 337,
                    "processors": [
                        {
                            "processingUnits": 1,
                            "processor": "A53"
                        }
                    ],
                    "slope": 0.23999999463558197
                }
            ],
            "task": "19_aifirf-4K"
        },
        {
            "command": "./matrix-4M -v0 -c1 -i100",
            "resourceAssignments": [
                {
                    "intercept": 2.6500000953674316,
                    "length": 60,
                    "processors": [
                        {
                            "processingUnits": 1,
                            "processor": "A72"
                        }
                    ],
                    "slope": 2.009999990463257
                },
                {
                    "intercept": 0.8799999952316284,
                    "length": 169,
                    "processors": [
                        {
                            "processingUnits": 1,
                            "processor": "A53"
                        }
                    ],
                    "slope": 0.5
                }
            ],
            "task": "20_matrix-4M"
        },
        {
            "command": "./iirflt-4M -v0 -c1 -i100",
            "resourceAssignments": [
                {
                    "intercept": 2.640000104904175,
                    "length": 106,
                    "processors": [
                        {
                            "processingUnits": 1,
                            "processor": "A72"
                        }
                    ],
                    "slope": 1.5499999523162842
                },
                {
                    "intercept": 1.2300000190734863,
                    "length": 241,
                    "processors": [
                        {
                            "processingUnits": 1,
                            "processor": "A53"
                        }
                    ],
                    "slope": 0.3100000023841858
                }
            ],
            "task": "21_iirflt-4M"
        },
        {
            "command": "./iirflt-4M -v0 -c1 -i100",
            "resourceAssignments": [
                {
                    "intercept": 2.640000104904175,
                    "length": 68,
                    "processors": [
                        {
                            "processingUnits": 1,
                            "processor": "A72"
                        }
                    ],
                    "slope": 1.5499999523162842
                },
                {
                    "intercept": 1.2300000190734863,
                    "length": 155,
                    "processors": [
                        {
                            "processingUnits": 1,
                            "processor": "A53"
                        }
                    ],
                    "slope": 0.3100000023841858
                }
            ],
            "task": "22_iirflt-4M"
        },
        {
            "command": "/root/thermobench/build/benchmarks/mem/membench -t1 -f -s 1000000",
            "resourceAssignments": [
                {
                    "intercept": 2.180000066757202,
                    "length": 158,
                    "processors": [
                        {
                            "processingUnits": 1,
                            "processor": "A72"
                        }
                    ],
                    "slope": 1.190000057220459
                },
                {
                    "intercept": 0.9399999976158142,
                    "length": 122,
                    "processors": [
                        {
                            "processingUnits": 1,
                            "processor": "A53"
                        }
                    ],
                    "slope": 0.7099999785423279
                }
            ],
            "task": "23_membench-1M-RO-S"
        },
        {
            "command": "/root/thermobench/build/benchmarks/mem/membench -t1 -f -r -w -s 1000",
            "resourceAssignments": [
                {
                    "intercept": 0.8500000238418579,
                    "length": 45,
                    "processors": [
                        {
                            "processingUnits": 1,
                            "processor": "A72"
                        }
                    ],
                    "slope": 0.7699999809265137
                },
                {
                    "intercept": 0.23000000417232513,
                    "length": 80,
                    "processors": [
                        {
                            "processingUnits": 1,
                            "processor": "A53"
                        }
                    ],
                    "slope": 0.18000000715255737
                }
            ],
            "task": "24_membench-1K-RW-R"
        },
        {
            "command": "/root/thermobench/build/benchmarks/mem/membench -t1 -f -w -s 4000000",
            "resourceAssignments": [
                {
                    "intercept": 3.2100000381469727,
                    "length": 121,
                    "processors": [
                        {
                            "processingUnits": 1,
                            "processor": "A72"
                        }
                    ],
                    "slope": 0.3799999952316284
                },
                {
                    "intercept": 1.9700000286102295,
                    "length": 287,
                    "processors": [
                        {
                            "processingUnits": 1,
                            "processor": "A53"
                        }
                    ],
                    "slope": 0.47999998927116394
                }
            ],
            "task": "25_membench-4M-RW-S"
        },
        {
            "command": "./tblook-4M -v0 -c1 -i100",
            "resourceAssignments": [
                {
                    "intercept": 2.7300000190734863,
                    "length": 125,
                    "processors": [
                        {
                            "processingUnits": 1,
                            "processor": "A72"
                        }
                    ],
                    "slope": 1.7599999904632568
                },
                {
                    "intercept": 1.3300000429153442,
                    "length": 398,
                    "processors": [
                        {
                            "processingUnits": 1,
                            "processor": "A53"
                        }
                    ],
                    "slope": 0.25
                }
            ],
            "task": "26_tblook-4M"
        },
        {
            "command": "./canrdr-4K -v0 -c1 -i100",
            "resourceAssignments": [
                {
                    "intercept": 1.149999976158142,
                    "length": 82,
                    "processors": [
                        {
                            "processingUnits": 1,
                            "processor": "A72"
                        }
                    ],
                    "slope": 1.2000000476837158
                },
                {
                    "intercept": 0.33000001311302185,
                    "length": 155,
                    "processors": [
                        {
                            "processingUnits": 1,
                            "processor": "A53"
                        }
                    ],
                    "slope": 0.3400000035762787
                }
            ],
            "task": "27_canrdr-4K"
        },
        {
            "command": "./puwmod-4K -v0 -c1 -i100",
            "resourceAssignments": [
                {
                    "intercept": 1.2000000476837158,
                    "length": 118,
                    "processors": [
                        {
                            "processingUnits": 1,
                            "processor": "A72"
                        }
                    ],
                    "slope": 1.2599999904632568
                },
                {
                    "intercept": 0.3199999928474426,
                    "length": 225,
                    "processors": [
                        {
                            "processingUnits": 1,
                            "processor": "A53"
                        }
                    ],
                    "slope": 0.2800000011920929
                }
            ],
            "task": "28_puwmod-4K"
        },
        {
            "command": "/root/thermobench/build/benchmarks/mem/membench -t1 -f -r -s 4000000",
            "resourceAssignments": [
                {
                    "intercept": 2.0399999618530273,
                    "length": 121,
                    "processors": [
                        {
                            "processingUnits": 1,
                            "processor": "A72"
                        }
                    ],
                    "slope": 0.5099999904632568
                },
                {
                    "intercept": 1.5299999713897705,
                    "length": 153,
                    "processors": [
                        {
                            "processingUnits": 1,
                            "processor": "A53"
                        }
                    ],
                    "slope": 0.23000000417232513
                }
            ],
            "task": "29_membench-4M-RO-R"
        },
        {
            "command": "./rspeed-4K -v0 -c1 -i100",
            "resourceAssignments": [
                {
                    "intercept": 1.5800000429153442,
                    "length": 109,
                    "processors": [
                        {
                            "processingUnits": 1,
                            "processor": "A72"
                        }
                    ],
                    "slope": 1.600000023841858
                },
                {
                    "intercept": 0.36000001430511475,
                    "length": 275,
                    "processors": [
                        {
                            "processingUnits": 1,
                            "processor": "A53"
                        }
                    ],
                    "slope": 0.3400000035762787
                }
            ],
            "task": "30_rspeed-4K"
        },
        {
            "command": "/root/thermobench/build/benchmarks/mem/membench -t1 -f -r -s 4000000",
            "resourceAssignments": [
                {
                    "intercept": 2.0399999618530273,
                    "length": 113,
                    "processors": [
                        {
                            "processingUnits": 1,
                            "processor": "A72"
                        }
                    ],
                    "slope": 0.5099999904632568
                },
                {
                    "intercept": 1.5299999713897705,
                    "length": 143,
                    "processors": [
                        {
                            "processingUnits": 1,
                            "processor": "A53"
                        }
                    ],
                    "slope": 0.23000000417232513
                }
            ],
            "task": "31_membench-4M-RO-R"
        },
        {
            "command": "/root/thermobench/build/benchmarks/mem/membench -t1 -f -s 4000000",
            "resourceAssignments": [
                {
                    "intercept": 3.049999952316284,
                    "length": 73,
                    "processors": [
                        {
                            "processingUnits": 1,
                            "processor": "A72"
                        }
                    ],
                    "slope": 0.3799999952316284
                },
                {
                    "intercept": 1.7699999809265137,
                    "length": 238,
                    "processors": [
                        {
                            "processingUnits": 1,
                            "processor": "A53"
                        }
                    ],
                    "slope": 0.4399999976158142
                }
            ],
            "task": "32_membench-4M-RO-S"
        },
        {
            "command": "./canrdr-4K -v0 -c1 -i100",
            "resourceAssignments": [
                {
                    "intercept": 1.149999976158142,
                    "length": 63,
                    "processors": [
                        {
                            "processingUnits": 1,
                            "processor": "A72"
                        }
                    ],
                    "slope": 1.2000000476837158
                },
                {
                    "intercept": 0.33000001311302185,
                    "length": 119,
                    "processors": [
                        {
                            "processingUnits": 1,
                            "processor": "A53"
                        }
                    ],
                    "slope": 0.3400000035762787
                }
            ],
            "task": "33_canrdr-4K"
        },
        {
            "command": "/root/thermobench/build/benchmarks/mem/membench -t1 -f -r -w -s 1000000",
            "resourceAssignments": [
                {
                    "intercept": 2.069999933242798,
                    "length": 134,
                    "processors": [
                        {
                            "processingUnits": 1,
                            "processor": "A72"
                        }
                    ],
                    "slope": 0.7599999904632568
                },
                {
                    "intercept": 0.8100000023841858,
                    "length": 109,
                    "processors": [
                        {
                            "processingUnits": 1,
                            "processor": "A53"
                        }
                    ],
                    "slope": 0.5799999833106995
                }
            ],
            "task": "34_membench-1M-RW-R"
        }
    ],
    "environment": {
        "majorFrameLength": 1570,
        "problemVersion": 1,
        "processors": [
            {
                "name": "A53",
                "processingUnits": 4,
                "type": "main_processor"
            },
            {
                "name": "A72",
                "processingUnits": 2,
                "type": "main_processor"
            }
        ],
        "scPart": 1.0
    },
    "solution": {
        "feasible": true,
        "solutionTime": 26170,
        "solverMetadata": {
            "objective": "6020.0"
        },
        "solverName": "ILP-IDLE-MAX",
        "windows": [
            {
                "length": 150,
                "tasks": [
                    {
                        "length": 150,
                        "processingUnit": 0,
                        "processor": "A72",
                        "start": 0,
                        "task": "7_pntrch-4K"
                    },
                    {
                        "length": 91,
                        "processingUnit": 0,
                        "processor": "A53",
                        "start": 0,
                        "task": "8_membench-1M-RO-R"
                    },
                    {
                        "length": 140,
                        "processingUnit": 1,
                        "processor": "A72",
                        "start": 0,
                        "task": "12_membench-4M-RW-S"
                    },
                    {
                        "length": 80,
                        "processingUnit": 1,
                        "processor": "A53",
                        "start": 0,
                        "task": "18_membench-1M-RO-R"
                    },
                    {
                        "length": 122,
                        "processingUnit": 2,
                        "processor": "A53",
                        "start": 0,
                        "task": "23_membench-1M-RO-S"
                    },
                    {
                        "length": 109,
                        "processingUnit": 3,
                        "processor": "A53",
                        "start": 0,
                        "task": "34_membench-1M-RW-R"
                    }
                ]
            },
            {
                "length": 138,
                "tasks": [
                    {
                        "length": 138,
                        "processingUnit": 0,
                        "processor": "A72",
                        "start": 0,
                        "task": "6_pntrch-4M"
                    },
                    {
                        "length": 127,
                        "processingUnit": 1,
                        "processor": "A72",
                        "start": 0,
                        "task": "13_membench-4M-RO-S"
                    }
                ]
            },
            {
                "length": 125,
                "tasks": [
                    {
                        "length": 122,
                        "processingUnit": 0,
                        "processor": "A72",
                        "start": 0,
                        "task": "19_aifirf-4K"
                    },
                    {
                        "length": 125,
                        "processingUnit": 1,
                        "processor": "A72",
                        "start": 0,
                        "task": "26_tblook-4M"
                    }
                ]
            },
            {
                "length": 121,
                "tasks": [
                    {
                        "length": 121,
                        "processingUnit": 0,
                        "processor": "A72",
                        "start": 0,
                        "task": "4_membench-1K-RW-R"
                    },
                    {
                        "length": 121,
                        "processingUnit": 1,
                        "processor": "A72",
                        "start": 0,
                        "task": "25_membench-4M-RW-S"
                    }
                ]
            },
            {
                "length": 121,
                "tasks": [
                    {
                        "length": 118,
                        "processingUnit": 0,
                        "processor": "A72",
                        "start": 0,
                        "task": "28_puwmod-4K"
                    },
                    {
                        "length": 121,
                        "processingUnit": 1,
                        "processor": "A72",
                        "start": 0,
                        "task": "29_membench-4M-RO-R"
                    }
                ]
            },
            {
                "length": 114,
                "tasks": [
                    {
                        "length": 111,
                        "processingUnit": 0,
                        "processor": "A72",
                        "start": 0,
                        "task": "1_membench-4M-RO-S"
                    },
                    {
                        "length": 113,
                        "processingUnit": 1,
                        "processor": "A72",
                        "start": 0,
                        "task": "31_membench-4M-RO-R"
                    }
                ]
            },
            {
                "length": 114,
                "tasks": [
                    {
                        "length": 114,
                        "processingUnit": 0,
                        "processor": "A72",
                        "start": 0,
                        "task": "0_tinyrenderer-boggie"
                    },
                    {
                        "length": 114,
                        "processingUnit": 1,
                        "processor": "A72",
                        "start": 0,
                        "task": "5_ttsprk-4M"
                    }
                ]
            },
            {
                "length": 109,
                "tasks": [
                    {
                        "length": 89,
                        "processingUnit": 0,
                        "processor": "A72",
                        "start": 0,
                        "task": "11_canrdr-4M"
                    },
                    {
                        "length": 109,
                        "processingUnit": 1,
                        "processor": "A72",
                        "start": 0,
                        "task": "30_rspeed-4K"
                    }
                ]
            },
            {
                "length": 106,
                "tasks": [
                    {
                        "length": 103,
                        "processingUnit": 0,
                        "processor": "A72",
                        "start": 0,
                        "task": "9_membench-4M-RW-S"
                    },
                    {
                        "length": 106,
                        "processingUnit": 1,
                        "processor": "A72",
                        "start": 0,
                        "task": "21_iirflt-4M"
                    }
                ]
            },
            {
                "length": 95,
                "tasks": [
                    {
                        "length": 92,
                        "processingUnit": 0,
                        "processor": "A72",
                        "start": 0,
                        "task": "3_puwmod-4K"
                    },
                    {
                        "length": 95,
                        "processingUnit": 1,
                        "processor": "A72",
                        "start": 0,
                        "task": "16_matrix-4M"
                    }
                ]
            },
            {
                "length": 83,
                "tasks": [
                    {
                        "length": 68,
                        "processingUnit": 0,
                        "processor": "A72",
                        "start": 0,
                        "task": "22_iirflt-4M"
                    },
                    {
                        "length": 82,
                        "processingUnit": 1,
                        "processor": "A72",
                        "start": 0,
                        "task": "27_canrdr-4K"
                    }
                ]
            },
            {
                "length": 74,
                "tasks": [
                    {
                        "length": 74,
                        "processingUnit": 0,
                        "processor": "A72",
                        "start": 0,
                        "task": "10_puwmod-4K"
                    },
                    {
                        "length": 73,
                        "processingUnit": 1,
                        "processor": "A72",
                        "start": 0,
                        "task": "32_membench-4M-RO-S"
                    }
                ]
            },
            {
                "length": 66,
                "tasks": [
                    {
                        "length": 66,
                        "processingUnit": 0,
                        "processor": "A72",
                        "start": 0,
                        "task": "17_a2time-4M"
                    },
                    {
                        "length": 63,
                        "processingUnit": 1,
                        "processor": "A72",
                        "start": 0,
                        "task": "33_canrdr-4K"
                    }
                ]
            },
            {
                "length": 60,
                "tasks": [
                    {
                        "length": 60,
                        "processingUnit": 0,
                        "processor": "A72",
                        "start": 0,
                        "task": "20_matrix-4M"
                    },
                    {
                        "length": 45,
                        "processingUnit": 1,
                        "processor": "A72",
                        "start": 0,
                        "task": "24_membench-1K-RW-R"
                    }
                ]
            },
            {
                "length": 51,
                "tasks": [
                    {
                        "length": 44,
                        "processingUnit": 0,
                        "processor": "A72",
                        "start": 0,
                        "task": "14_pntrch-4K"
                    },
                    {
                        "length": 51,
                        "processingUnit": 1,
                        "processor": "A72",
                        "start": 0,
                        "task": "15_membench-1K-RW-R"
                    }
                ]
            },
            {
                "length": 43,
                "tasks": [
                    {
                        "length": 43,
                        "processingUnit": 0,
                        "processor": "A72",
                        "start": 0,
                        "task": "2_canrdr-4K"
                    }
                ]
            }
        ]
    },
    "tasks": [
        {
            "assignmentIndex": 0,
            "command": "./pntrch-4K -v0 -c1 -i100",
            "length": 150,
            "name": "7_pntrch-4K",
            "processors": [
                {
                    "processor": "A72",
                    "processingUnits": 1
                }
            ]
        },
        {
            "assignmentIndex": 1,
            "command": "/root/thermobench/build/benchmarks/mem/membench -t1 -f -r -s 1000000",
            "length": 91,
            "name": "8_membench-1M-RO-R",
            "processors": [
                {
                    "processor": "A53",
                    "processingUnits": 1
                }
            ]
        },
        {
            "assignmentIndex": 0,
            "command": "/root/thermobench/build/benchmarks/mem/membench -t1 -f -w -s 4000000",
            "length": 140,
            "name": "12_membench-4M-RW-S",
            "processors": [
                {
                    "processor": "A72",
                    "processingUnits": 1
                }
            ]
        },
        {
            "assignmentIndex": 1,
            "command": "/root/thermobench/build/benchmarks/mem/membench -t1 -f -r -s 1000000",
            "length": 80,
            "name": "18_membench-1M-RO-R",
            "processors": [
                {
                    "processor": "A53",
                    "processingUnits": 1
                }
            ]
        },
        {
            "assignmentIndex": 1,
            "command": "/root/thermobench/build/benchmarks/mem/membench -t1 -f -s 1000000",
            "length": 122,
            "name": "23_membench-1M-RO-S",
            "processors": [
                {
                    "processor": "A53",
                    "processingUnits": 1
                }
            ]
        },
        {
            "assignmentIndex": 1,
            "command": "/root/thermobench/build/benchmarks/mem/membench -t1 -f -r -w -s 1000000",
            "length": 109,
            "name": "34_membench-1M-RW-R",
            "processors": [
                {
                    "processor": "A53",
                    "processingUnits": 1
                }
            ]
        },
        {
            "assignmentIndex": 0,
            "command": "./pntrch-4M -v0 -c1 -i1",
            "length": 138,
            "name": "6_pntrch-4M",
            "processors": [
                {
                    "processor": "A72",
                    "processingUnits": 1
                }
            ]
        },
        {
            "assignmentIndex": 0,
            "command": "/root/thermobench/build/benchmarks/mem/membench -t1 -f -s 4000000",
            "length": 127,
            "name": "13_membench-4M-RO-S",
            "processors": [
                {
                    "processor": "A72",
                    "processingUnits": 1
                }
            ]
        },
        {
            "assignmentIndex": 0,
            "command": "./aifirf-4K -v0 -c1 -i100",
            "length": 122,
            "name": "19_aifirf-4K",
            "processors": [
                {
                    "processor": "A72",
                    "processingUnits": 1
                }
            ]
        },
        {
            "assignmentIndex": 0,
            "command": "./tblook-4M -v0 -c1 -i100",
            "length": 125,
            "name": "26_tblook-4M",
            "processors": [
                {
                    "processor": "A72",
                    "processingUnits": 1
                }
            ]
        },
        {
            "assignmentIndex": 0,
            "command": "/root/thermobench/build/benchmarks/mem/membench -t1 -f -r -w -s 1000",
            "length": 121,
            "name": "4_membench-1K-RW-R",
            "processors": [
                {
                    "processor": "A72",
                    "processingUnits": 1
                }
            ]
        },
        {
            "assignmentIndex": 0,
            "command": "/root/thermobench/build/benchmarks/mem/membench -t1 -f -w -s 4000000",
            "length": 121,
            "name": "25_membench-4M-RW-S",
            "processors": [
                {
                    "processor": "A72",
                    "processingUnits": 1
                }
            ]
        },
        {
            "assignmentIndex": 0,
            "command": "./puwmod-4K -v0 -c1 -i100",
            "length": 118,
            "name": "28_puwmod-4K",
            "processors": [
                {
                    "processor": "A72",
                    "processingUnits": 1
                }
            ]
        },
        {
            "assignmentIndex": 0,
            "command": "/root/thermobench/build/benchmarks/mem/membench -t1 -f -r -s 4000000",
            "length": 121,
            "name": "29_membench-4M-RO-R",
            "processors": [
                {
                    "processor": "A72",
                    "processingUnits": 1
                }
            ]
        },
        {
            "assignmentIndex": 0,
            "command": "/root/thermobench/build/benchmarks/mem/membench -t1 -f -s 4000000",
            "length": 111,
            "name": "1_membench-4M-RO-S",
            "processors": [
                {
                    "processor": "A72",
                    "processingUnits": 1
                }
            ]
        },
        {
            "assignmentIndex": 0,
            "command": "/root/thermobench/build/benchmarks/mem/membench -t1 -f -r -s 4000000",
            "length": 113,
            "name": "31_membench-4M-RO-R",
            "processors": [
                {
                    "processor": "A72",
                    "processingUnits": 1
                }
            ]
        },
        {
            "assignmentIndex": 0,
            "command": "/root/thermobench/build/benchmarks/tinyrenderer/tinyrenderer -f /root/thermobench/benchmarks/tinyrenderer/obj/boggie/*.obj",
            "length": 114,
            "name": "0_tinyrenderer-boggie",
            "processors": [
                {
                    "processor": "A72",
                    "processingUnits": 1
                }
            ]
        },
        {
            "assignmentIndex": 0,
            "command": "./ttsprk-4M -v0 -c1 -i100",
            "length": 114,
            "name": "5_ttsprk-4M",
            "processors": [
                {
                    "processor": "A72",
                    "processingUnits": 1
                }
            ]
        },
        {
            "assignmentIndex": 0,
            "command": "./canrdr-4M -v0 -c1 -i100",
            "length": 89,
            "name": "11_canrdr-4M",
            "processors": [
                {
                    "processor": "A72",
                    "processingUnits": 1
                }
            ]
        },
        {
            "assignmentIndex": 0,
            "command": "./rspeed-4K -v0 -c1 -i100",
            "length": 109,
            "name": "30_rspeed-4K",
            "processors": [
                {
                    "processor": "A72",
                    "processingUnits": 1
                }
            ]
        },
        {
            "assignmentIndex": 0,
            "command": "/root/thermobench/build/benchmarks/mem/membench -t1 -f -w -s 4000000",
            "length": 103,
            "name": "9_membench-4M-RW-S",
            "processors": [
                {
                    "processor": "A72",
                    "processingUnits": 1
                }
            ]
        },
        {
            "assignmentIndex": 0,
            "command": "./iirflt-4M -v0 -c1 -i100",
            "length": 106,
            "name": "21_iirflt-4M",
            "processors": [
                {
                    "processor": "A72",
                    "processingUnits": 1
                }
            ]
        },
        {
            "assignmentIndex": 0,
            "command": "./puwmod-4K -v0 -c1 -i100",
            "length": 92,
            "name": "3_puwmod-4K",
            "processors": [
                {
                    "processor": "A72",
                    "processingUnits": 1
                }
            ]
        },
        {
            "assignmentIndex": 0,
            "command": "./matrix-4M -v0 -c1 -i100",
            "length": 95,
            "name": "16_matrix-4M",
            "processors": [
                {
                    "processor": "A72",
                    "processingUnits": 1
                }
            ]
        },
        {
            "assignmentIndex": 0,
            "command": "./iirflt-4M -v0 -c1 -i100",
            "length": 68,
            "name": "22_iirflt-4M",
            "processors": [
                {
                    "processor": "A72",
                    "processingUnits": 1
                }
            ]
        },
        {
            "assignmentIndex": 0,
            "command": "./canrdr-4K -v0 -c1 -i100",
            "length": 82,
            "name": "27_canrdr-4K",
            "processors": [
                {
                    "processor": "A72",
                    "processingUnits": 1
                }
            ]
        },
        {
            "assignmentIndex": 0,
            "command": "./puwmod-4K -v0 -c1 -i100",
            "length": 74,
            "name": "10_puwmod-4K",
            "processors": [
                {
                    "processor": "A72",
                    "processingUnits": 1
                }
            ]
        },
        {
            "assignmentIndex": 0,
            "command": "/root/thermobench/build/benchmarks/mem/membench -t1 -f -s 4000000",
            "length": 73,
            "name": "32_membench-4M-RO-S",
            "processors": [
                {
                    "processor": "A72",
                    "processingUnits": 1
                }
            ]
        },
        {
            "assignmentIndex": 0,
            "command": "./a2time-4M -v0 -c1 -i100",
            "length": 66,
            "name": "17_a2time-4M",
            "processors": [
                {
                    "processor": "A72",
                    "processingUnits": 1
                }
            ]
        },
        {
            "assignmentIndex": 0,
            "command": "./canrdr-4K -v0 -c1 -i100",
            "length": 63,
            "name": "33_canrdr-4K",
            "processors": [
                {
                    "processor": "A72",
                    "processingUnits": 1
                }
            ]
        },
        {
            "assignmentIndex": 0,
            "command": "./matrix-4M -v0 -c1 -i100",
            "length": 60,
            "name": "20_matrix-4M",
            "processors": [
                {
                    "processor": "A72",
                    "processingUnits": 1
                }
            ]
        },
        {
            "assignmentIndex": 0,
            "command": "/root/thermobench/build/benchmarks/mem/membench -t1 -f -r -w -s 1000",
            "length": 45,
            "name": "24_membench-1K-RW-R",
            "processors": [
                {
                    "processor": "A72",
                    "processingUnits": 1
                }
            ]
        },
        {
            "assignmentIndex": 0,
            "command": "./pntrch-4K -v0 -c1 -i100",
            "length": 44,
            "name": "14_pntrch-4K",
            "processors": [
                {
                    "processor": "A72",
                    "processingUnits": 1
                }
            ]
        },
        {
            "assignmentIndex": 0,
            "command": "/root/thermobench/build/benchmarks/mem/membench -t1 -f -r -w -s 1000",
            "length": 51,
            "name": "15_membench-1K-RW-R",
            "processors": [
                {
                    "processor": "A72",
                    "processingUnits": 1
                }
            ]
        },
        {
            "assignmentIndex": 0,
            "command": "./canrdr-4K -v0 -c1 -i100",
            "length": 43,
            "name": "2_canrdr-4K",
            "processors": [
                {
                    "processor": "A72",
                    "processingUnits": 1
                }
            ]
        }
    ]
}