Using license file /home/benedond/gurobi.lic
Using gurobi.env file
Set parameter Threads to value 1
Academic license - for non-commercial use only
Changed value of parameter TimeLimit to 300.0
   Prev: inf  Min: 0.0  Max: inf  Default: inf
Gurobi Optimizer version 9.0.1 build v9.0.1rc0 (linux64)
Optimize a model with 1920 rows, 1830 columns and 7288 nonzeros
Model fingerprint: 0x06c48505
Variable types: 30 continuous, 1800 integer (1800 binary)
Coefficient statistics:
  Matrix range     [1e+00, 5e+02]
  Objective range  [5e+01, 5e+02]
  Bounds range     [1e+00, 1e+00]
  RHS range        [1e+00, 1e+03]
Presolve removed 298 rows and 298 columns
Presolve time: 0.33s
Presolved: 1622 rows, 1532 columns, 6096 nonzeros
Variable types: 30 continuous, 1502 integer (1502 binary)

Root relaxation: objective 5.521000e+03, 330 iterations, 0.01 seconds

    Nodes    |    Current Node    |     Objective Bounds      |     Work
 Expl Unexpl |  Obj  Depth IntInf | Incumbent    BestBd   Gap | It/Node Time

     0     0 5521.00000    0   49          - 5521.00000      -     -    0s
     0     0 5521.00000    0   16          - 5521.00000      -     -    0s
     0     0 5521.00000    0   32          - 5521.00000      -     -    1s
     0     0 5521.00000    0   48          - 5521.00000      -     -    1s
H    0     0                    5271.0000000 5521.00000  4.74%     -    1s
     0     0 5521.00000    0   23 5271.00000 5521.00000  4.74%     -    1s
     0     0 5521.00000    0   37 5271.00000 5521.00000  4.74%     -    1s
H    0     0                    5305.0000000 5521.00000  4.07%     -    1s
     0     0 5521.00000    0   29 5305.00000 5521.00000  4.07%     -    1s
     0     0 5521.00000    0   42 5305.00000 5521.00000  4.07%     -    1s
     0     0 5521.00000    0   42 5305.00000 5521.00000  4.07%     -    1s
H    0     0                    5378.0000000 5521.00000  2.66%     -    1s
     0     2 5521.00000    0   28 5378.00000 5521.00000  2.66%     -    1s
*   61    48              44    5426.0000000 5521.00000  1.75%  31.3    1s
H  138     2                    5521.0000000 5521.00000  0.00%  21.9    1s

Cutting planes:
  Gomory: 1
  Cover: 1
  MIR: 30
  Relax-and-lift: 13

Explored 139 nodes (9038 simplex iterations) in 1.89 seconds
Thread count was 1 (of 4 available processors)

Solution count 5: 5521 5426 5378 ... 5271

Optimal solution found (tolerance 1.00e-04)
Best objective 5.521000000000e+03, best bound 5.521000000000e+03, gap 0.0000%
