Tasks lengths
[41, 45, 47, 50, 51, 51, 59, 60, 61, 62, 64, 65, 72, 73, 79, 81, 82, 90, 92, 93, 97, 98, 100, 100, 102, 105, 105, 106, 106, 106, 106, 109, 116, 116, 118, 118, 120, 123, 125, 125, 127, 130, 131, 134, 136, 138, 144, 147, 151, 155, 156, 158, 180, 187, 191, 201, 209, 211, 213, 245, 252, 252, 268, 287, 295, 297, 321, 344, 399, 417]
21
Using license file /home/benedond/gurobi.lic
Using gurobi.env file
Set parameter Threads to value 1
Academic license - for non-commercial use only
Changed value of parameter TimeLimit to 300.0
   Prev: inf  Min: 0.0  Max: inf  Default: inf
Gurobi Optimizer version 9.0.1 build v9.0.1rc0 (linux64)
Optimize a model with 1568 rows, 1491 columns and 5941 nonzeros
Model fingerprint: 0x986fc21c
Model has 1470 quadratic objective terms
Variable types: 21 continuous, 1470 integer (1470 binary)
Coefficient statistics:
  Matrix range     [1e+00, 4e+02]
  Objective range  [0e+00, 0e+00]
  QObjective range [4e-04, 4e-03]
  Bounds range     [1e+00, 1e+00]
  RHS range        [1e+00, 1e+03]
Presolve removed 176 rows and 176 columns
Presolve time: 0.22s
Presolved: 2686 rows, 2609 columns, 9119 nonzeros
Variable types: 0 continuous, 2609 integer (1294 binary)

Root relaxation: objective 0.000000e+00, 293 iterations, 0.01 seconds

    Nodes    |    Current Node    |     Objective Bounds      |     Work
 Expl Unexpl |  Obj  Depth IntInf | Incumbent    BestBd   Gap | It/Node Time

     0     0    0.00000    0   96          -    0.00000      -     -    0s
     0     0    0.00000    0   98          -    0.00000      -     -    0s
     0     0    0.00000    0  104          -    0.00000      -     -    0s
     0     0    0.00000    0   88          -    0.00000      -     -    0s
     0     0    0.00000    0   84          -    0.00000      -     -    1s
H    0     0                       4.9421278    0.00000   100%     -    1s
     0     1    0.00160    0   89    4.94213    0.00160   100%     -    1s
H  150   148                       4.9279482    0.02803  99.4%  34.5    2s
H  351   346                       4.9089998    0.02803  99.4%  35.7    2s
H  376   371                       4.2930745    0.02803  99.3%  36.6    2s
H  378   373                       4.1943773    0.02803  99.3%  36.5    2s
H  405   400                       4.1344981    0.02803  99.3%  38.0    3s
H  432   427                       3.7912728    0.02803  99.3%  41.4    3s
H  459   454                       3.6577720    0.02803  99.2%  39.4    3s
H  540   528                       3.6195927    0.02803  99.2%  34.6    3s
H  567   554                       3.6099591    0.02803  99.2%  33.4    3s
H  594   570                       3.5962360    0.02803  99.2%  32.5    3s
   637   590    0.42351   19  160    3.59624    0.19839  94.5%  45.4    5s
H  785   647                       3.5772833    0.28189  92.1%  55.7    6s
H  792   624                       3.5574058    0.28189  92.1%  55.4    6s
H  819   615                       3.5302736    0.28189  92.0%  54.4    6s
H  846   605                       3.5150257    0.28189  92.0%  53.3    6s
H  954   644                       3.4583585    0.31120  91.0%  56.5    6s
H  979   628                       3.3078248    0.31120  90.6%  58.1    7s
H 1035   641                       3.3052052    0.31120  90.6%  56.8    7s
H 1089   656                       3.3030735    0.31120  90.6%  55.1    7s
H 1334   757                       3.3007519    0.31736  90.4%  49.8    8s
H 1440   801                       3.2944557    0.31736  90.4%  49.5    8s
H 1875  1079                       3.2906895    0.34919  89.4%  41.1    8s
H 1929  1133                       3.2839048    0.34919  89.4%  40.4    8s
  2598  1693    0.96091   28  108    3.28390    0.38451  88.3%  35.7   10s
H 3460  2436                       3.2685143    0.39005  88.1%  35.4   11s
  4895  3666    0.92823   32  152    3.26851    0.43005  86.8%  33.8   15s
H 4924  3690                       3.2651226    0.43005  86.8%  33.9   15s
  5221  3911    0.79962   81  132    3.26512    0.43424  86.7%  37.3   20s
H 5443  3853                       3.2649890    0.43424  86.7%  37.2   20s
H 5768  3845                       3.2647951    0.43424  86.7%  36.9   21s
H 5907  3753                       3.2647044    0.43424  86.7%  36.3   22s
H 5908  3588                       3.2637502    0.43424  86.7%  36.3   23s
  6941  4151    1.13772   88   95    3.26375    0.43424  86.7%  36.5   25s
H 8124  4595                       3.2589364    0.43424  86.7%  33.6   26s
H 9039  4829                       3.2561066    0.44427  86.4%  34.4   27s
 11334  6030    1.01857   71  124    3.25611    0.51706  84.1%  31.4   30s
 15304  8680    2.76496  252  787    3.25611    0.55898  82.8%  29.1   40s
 15323  8693    3.16363  189  321    3.25611    2.98599  8.30%  29.1   45s
 15348  8709    2.98825  182  305    3.25611    2.98825  8.23%  29.1   50s
 15388  8738    2.98869   43  293    3.25611    2.98869  8.21%  30.1   55s
 15421  8754 infeasible   59         3.25611    2.99325  8.07%  30.5   60s
H15520  8339                       3.2510327    2.99325  7.93%  30.7   62s
H15601  7935                       3.2484535    2.99540  7.79%  30.7   63s
H15656  7542                       3.2483747    2.99541  7.79%  30.8   64s
 15659  7546    3.02314   60  200    3.24837    2.99541  7.79%  30.8   65s
 16399  7813    3.17137   58  259    3.24837    3.00320  7.55%  31.2   70s
 17485  8170    3.09386   50  148    3.24837    3.01662  7.13%  31.1   75s
 18323  8340    3.11391   69  159    3.24837    3.01994  7.03%  32.0   80s
 19193  8512    3.14312   87  128    3.24837    3.02506  6.87%  32.9   85s
 20143  8816    3.18491   65  151    3.24837    3.03018  6.72%  33.2   90s
 20997  9054    3.07108   59  214    3.24837    3.03432  6.59%  33.9   95s
 22041  9344    3.06459   58  127    3.24837    3.03693  6.51%  34.2  100s
 22948  9623    3.13910   72  152    3.24837    3.03869  6.46%  34.4  105s
 24025  9907     cutoff  106         3.24837    3.04026  6.41%  34.7  110s
 24990 10116    3.13474   65  164    3.24837    3.04205  6.35%  34.9  115s
 25845 10260    3.19731   64  187    3.24837    3.04431  6.28%  35.4  120s
 26915 10489    3.09841   58  161    3.24837    3.04561  6.24%  35.6  125s
 28005 10807    3.18041   60  153    3.24837    3.04713  6.20%  35.7  130s
 28837 11008    3.15994   62  163    3.24837    3.04928  6.13%  35.9  135s
 30032 11245    3.13915   71  158    3.24837    3.05234  6.03%  35.9  140s
 31083 11535    3.07529   61  197    3.24837    3.05451  5.97%  36.0  145s
 32086 11690    3.14130   71  140    3.24837    3.05620  5.92%  36.4  150s
 33357 12023    3.11684   65  136    3.24837    3.05692  5.89%  36.1  155s
 34833 12417     cutoff   92         3.24837    3.05829  5.85%  35.8  160s
 35994 12700    3.12411   69  127    3.24837    3.05950  5.81%  35.8  165s
 37246 12896     cutoff   75         3.24837    3.06099  5.77%  35.9  170s
 38266 13245    3.24660  103  104    3.24837    3.06210  5.73%  36.0  175s
 39679 14052    3.07044   58  153    3.24837    3.06287  5.71%  35.8  180s
 40808 14699    3.21372  136  134    3.24837    3.06372  5.68%  35.7  185s
 42292 15628    3.11502   69  131    3.24837    3.06449  5.66%  35.4  190s
 44353 16973    3.22109   71  241    3.24837    3.06466  5.66%  34.4  195s
 45930 17994    3.06945   78  154    3.24837    3.06477  5.65%  33.9  200s
 47657 19007     cutoff   77         3.24837    3.06558  5.63%  33.5  205s
 49225 19887     cutoff   71         3.24837    3.06626  5.61%  33.2  210s
 50498 20633    3.09540   65  174    3.24837    3.06706  5.58%  33.2  215s
 52055 21529     cutoff   68         3.24837    3.06776  5.56%  32.9  220s
 53351 22253    3.10592   68  232    3.24837    3.06866  5.53%  33.0  225s
 54721 23134     cutoff   60         3.24837    3.06936  5.51%  32.9  230s
 56001 23817    3.15735   66  131    3.24837    3.06996  5.49%  32.8  235s
 57623 24752    3.08103   53  169    3.24837    3.07053  5.47%  32.6  240s
 59310 25755    3.17448   88  118    3.24837    3.07089  5.46%  32.2  245s
 60771 26646    3.21221   95  120    3.24837    3.07113  5.46%  32.1  250s
 62216 27402    3.21370  100   96    3.24837    3.07195  5.43%  32.0  255s
 63703 28184    3.13628   55  174    3.24837    3.07258  5.41%  31.8  260s
 65300 28978    3.13578   51  228    3.24837    3.07307  5.40%  31.7  265s
 66951 29952    3.22609   79  118    3.24837    3.07376  5.38%  31.5  270s
 68675 30907    3.15038   83  122    3.24837    3.07446  5.35%  31.3  275s
 70299 31894     cutoff   98         3.24837    3.07493  5.34%  31.0  280s
 71802 32739    3.19175   68  116    3.24837    3.07538  5.33%  30.8  285s
 73318 33565    3.17781   73  108    3.24837    3.07610  5.30%  30.7  290s
 75146 34599    3.17258   72  150    3.24837    3.07656  5.29%  30.4  295s

Cutting planes:
  Gomory: 37
  Cover: 21
  Implied bound: 808
  Projected implied bound: 39
  Clique: 2
  MIR: 184
  StrongCG: 2
  Flow cover: 206
  GUB cover: 8
  Zero half: 10
  Mod-K: 1
  RLT: 5
  Relax-and-lift: 18

Explored 77127 nodes (2326904 simplex iterations) in 300.00 seconds
Thread count was 1 (of 4 available processors)

Solution count 10: 3.24837 3.24845 3.25103 ... 3.26512

Time limit reached
Best objective 3.248374665115e+00, best bound 3.076865059071e+00, gap 5.2799%
