Using license file /home/benedond/gurobi.lic
Using gurobi.env file
Set parameter Threads to value 1
Academic license - for non-commercial use only
Changed value of parameter TimeLimit to 300.0
   Prev: inf  Min: 0.0  Max: inf  Default: inf
Gurobi Optimizer version 9.0.1 build v9.0.1rc0 (linux64)
Optimize a model with 1920 rows, 1830 columns and 7288 nonzeros
Model fingerprint: 0xd262042e
Variable types: 30 continuous, 1800 integer (1800 binary)
Coefficient statistics:
  Matrix range     [1e+00, 5e+02]
  Objective range  [4e+01, 5e+02]
  Bounds range     [1e+00, 1e+00]
  RHS range        [1e+00, 2e+03]
Presolve removed 264 rows and 264 columns
Presolve time: 0.32s
Presolved: 1656 rows, 1566 columns, 6232 nonzeros
Variable types: 30 continuous, 1536 integer (1536 binary)

Root relaxation: objective 1.714000e+03, 866 iterations, 0.02 seconds

    Nodes    |    Current Node    |     Objective Bounds      |     Work
 Expl Unexpl |  Obj  Depth IntInf | Incumbent    BestBd   Gap | It/Node Time

     0     0 1714.00000    0   44          - 1714.00000      -     -    0s
     0     0 1714.00000    0   64          - 1714.00000      -     -    0s
     0     0 1714.00000    0   50          - 1714.00000      -     -    1s
H    0     0                    4200.0000000 1714.00000  59.2%     -    1s
H    0     0                    3428.0000000 1714.00000  50.0%     -    1s
     0     0 1714.00000    0   61 3428.00000 1714.00000  50.0%     -    1s
H    0     0                    3075.0000000 1714.00000  44.3%     -    1s
     0     0 1714.00000    0   63 3075.00000 1714.00000  44.3%     -    1s
     0     0 1714.00000    0   54 3075.00000 1714.00000  44.3%     -    1s
H    0     0                    2820.0000000 1714.00000  39.2%     -    1s
     0     0 1714.00000    0   51 2820.00000 1714.00000  39.2%     -    1s
     0     0 1714.00000    0   60 2820.00000 1714.00000  39.2%     -    1s
     0     0 1714.00000    0   54 2820.00000 1714.00000  39.2%     -    1s
     0     2 1714.00000    0   45 2820.00000 1714.00000  39.2%     -    1s
H  108    98                    2719.0000000 1714.00000  37.0%  22.2    1s
H  135   112                    2620.0000000 1714.00000  34.6%  19.6    1s
H  189   149                    2576.0000000 1714.00000  33.5%  17.2    2s
H  270   187                    2456.0000000 1714.00000  30.2%  14.9    2s
H  685   454                    2442.0000000 1714.00000  29.8%  17.3    3s
  1013   592 2086.71335   42   50 2442.00000 1714.00000  29.8%  16.6    5s
  7307  4212     cutoff   38      2442.00000 1799.69810  26.3%  10.4   10s
 12234  5591 2258.93162   35   43 2442.00000 1888.00000  22.7%  12.7   15s
*16953  5886              42    2438.0000000 1992.97067  18.3%  14.7   19s
 16969  5892     cutoff   35      2438.00000 1993.00000  18.3%  14.7   20s
 21356  5973 2080.45923   29   59 2438.00000 2041.00000  16.3%  15.9   25s
 24584  5529 2397.44874   40   48 2438.00000 2092.01437  14.2%  16.9   30s
 28864  4469 2333.64776   46   41 2438.00000 2170.38418  11.0%  17.7   35s
 33801  3020     cutoff   42      2438.00000 2251.50769  7.65%  17.7   40s

Cutting planes:
  Gomory: 9
  Cover: 3
  Implied bound: 4
  Projected implied bound: 4
  MIR: 30
  Flow cover: 80
  GUB cover: 9
  Zero half: 2
  Relax-and-lift: 22

Explored 39459 nodes (676178 simplex iterations) in 44.38 seconds
Thread count was 1 (of 4 available processors)

Solution count 10: 2438 2442 2456 ... 4200

Optimal solution found (tolerance 1.00e-04)
Best objective 2.438000000000e+03, best bound 2.438000000000e+03, gap 0.0000%
