Tasks lengths
[40, 41, 47, 48, 50, 51, 51, 54, 61, 61, 62, 63, 67, 68, 69, 75, 79, 83, 84, 84, 84, 84, 86, 86, 87, 88, 88, 91, 98, 103, 103, 106, 107, 110, 112, 112, 114, 115, 116, 116, 118, 119, 119, 119, 120, 120, 123, 124, 125, 126, 126, 127, 129, 130, 131, 131, 133, 135, 135, 137, 142, 143, 147, 149, 157, 159, 166, 177, 177, 187, 198, 204, 206, 211, 213, 232, 234, 241, 242, 242, 248, 256, 285, 335, 348, 349, 361, 375, 411, 426]
27
Using license file /home/benedond/gurobi.lic
Using gurobi.env file
Set parameter Threads to value 1
Academic license - for non-commercial use only
Changed value of parameter TimeLimit to 300.0
   Prev: inf  Min: 0.0  Max: inf  Default: inf
Gurobi Optimizer version 9.0.1 build v9.0.1rc0 (linux64)
Optimize a model with 2556 rows, 2457 columns and 9799 nonzeros
Model fingerprint: 0x45046f65
Model has 2430 quadratic objective terms
Variable types: 27 continuous, 2430 integer (2430 binary)
Coefficient statistics:
  Matrix range     [1e+00, 4e+02]
  Objective range  [0e+00, 0e+00]
  QObjective range [3e-04, 3e-03]
  Bounds range     [1e+00, 1e+00]
  RHS range        [1e+00, 2e+03]
Presolve removed 44 rows and 44 columns
Presolve time: 0.15s
Presolved: 4898 rows, 4799 columns, 16781 nonzeros
Variable types: 0 continuous, 4799 integer (2386 binary)

Root relaxation: objective 0.000000e+00, 618 iterations, 0.04 seconds

    Nodes    |    Current Node    |     Objective Bounds      |     Work
 Expl Unexpl |  Obj  Depth IntInf | Incumbent    BestBd   Gap | It/Node Time

     0     0    0.00000    0  103          -    0.00000      -     -    1s
     0     0    0.00000    0  116          -    0.00000      -     -    1s
     0     0    0.00000    0  102          -    0.00000      -     -    2s
     0     0    0.00000    0  115          -    0.00000      -     -    2s
     0     0    0.00000    0  113          -    0.00000      -     -    2s
H    0     0                       5.3892483    0.00000   100%     -    3s
H    0     0                       5.3525592    0.00000   100%     -    3s
     0     0    0.00000    0  140    5.35256    0.00000   100%     -    4s
     0     0    0.00000    0  148    5.35256    0.00000   100%     -    4s
     0     0    0.00000    0  112    5.35256    0.00000   100%     -    4s
     0     0    0.00000    0  108    5.35256    0.00000   100%     -    4s
H    0     0                       4.9411410    0.00000   100%     -    4s
     0     0    0.00000    0  163    4.94114    0.00000   100%     -    4s
     0     0    0.00000    0  115    4.94114    0.00000   100%     -    5s
     0     0    0.00000    0  115    4.94114    0.00000   100%     -    5s
H    0     0                       4.1775540    0.00000   100%     -    5s
     0     2    0.00123    0  115    4.17755    0.00123   100%     -    5s
H  189   189                       4.1741774    0.00123   100%  26.5    6s
H  216   216                       4.1734271    0.00123   100%  26.9    6s
H  270   265                       4.1726363    0.01488   100%  31.6    6s
H  324   317                       4.0456817    0.01488   100%  39.8    7s
H  567   550                       4.0261727    0.01488   100%  58.0    8s
H  702   673                       3.9125432    0.01488   100%  63.5    9s
H  756   727                       3.8364646    0.01488   100%  62.2    9s
   778   749    1.30023  697  102    3.83646    0.01488   100%  64.2   10s
H  810   777                       3.7552142    0.01488   100%  63.4   10s
H  837   804                       3.7495509    0.01488   100%  61.5   10s
H  864   831                       3.6977055    0.01488   100%  59.7   10s
H  918   885                       3.6935377    0.01488   100%  56.5   10s
H  945   912                       3.6796959    0.01488   100%  55.1   10s
H  972   939                       3.6780794    0.01488   100%  53.8   10s
H  993   960                       3.6692981    0.01488   100%  52.7   10s
H  999   966                       3.6216686    0.01488   100%  52.4   10s
  1070   991    0.15410   27  126    3.62167    0.15410  95.7%  66.6   15s
  1445  1230    1.41002  214  167    3.62167    0.15410  95.7%  95.3   20s
H 1583  1267                       3.6201511    0.15410  95.7%  96.8   21s
H 1691  1285                       3.5909110    0.15410  95.7%   101   22s
H 1772  1291                       3.5883586    0.15410  95.7%  97.5   22s
H 1799  1266                       3.5781809    0.15410  95.7%  96.3   22s
H 1826  1244                       3.5692439    0.15410  95.7%  95.3   22s
H 1907  1256                       3.4756867    0.15410  95.6%  91.9   23s
H 1975  1265                       3.3727095    0.15410  95.4%  89.1   24s
H 1988  1239                       3.3230245    0.15410  95.4%  88.6   24s
  1990  1243    2.90952  487   52    3.32302    0.15410  95.4%  88.5   25s
H 2015  1223                       3.3229254    0.15410  95.4%  87.5   25s
H 2042  1206                       3.3228174    0.15410  95.4%  86.4   25s
H 2069  1195                       3.3221549    0.15410  95.4%  85.3   25s
H 2096  1185                       3.3117840    0.15410  95.3%  84.3   25s
H 2123  1157                       3.3110337    0.15410  95.3%  83.7   25s
  2406  1342    0.57518  206  109    3.31103    0.15410  95.3%  96.1   30s
H 2467  1348                       3.3083031    0.15410  95.3%  95.8   31s
  3359  2161    0.63234  219  109    3.30830    0.15410  95.3%  92.2   35s
H 3435  2225                       3.2887970    0.15410  95.3%  91.5   35s
  4746  3389    1.32448  264   87    3.28880    0.15410  95.3%  78.4   40s
  5120  3735    0.15410   26  160    3.28880    0.15410  95.3%  76.2   45s
  5178  3772    0.15410   55  115    3.28880    0.15410  95.3%  78.8   50s
  5464  3962    0.23068  198  114    3.28880    0.15410  95.3%  84.8   55s
H 5603  3866                       3.2877671    0.15410  95.3%  87.4   57s
H 5711  3758                       3.2874378    0.15410  95.3%  89.2   59s
  5741  3780    0.30982  336  131    3.28744    0.15410  95.3%  89.9   60s
H 5765  3626                       3.2844654    0.15410  95.3%  89.9   60s
  5908  3723    0.27370  420  153    3.28447    0.15410  95.3%  89.6   65s
  6051  3819    0.52727  491  133    3.28447    0.15410  95.3%  94.4   70s
  6462  4050    0.20805  273  141    3.28447    0.15410  95.3%  96.4   75s
  7201  4478    0.79385  260  132    3.28447    0.15410  95.3%  98.0   80s
H 7259  4334                       3.2808428    0.15410  95.3%  97.9   80s
  8713  5091    0.65194  195  110    3.28084    0.15410  95.3%  88.1   85s
H 9907  5650                       3.2316631    0.15410  95.2%  81.3   88s
 10444  5902    0.32379   54  136    3.23166    0.15410  95.2%  78.4   90s
 13394  7543    2.25239  278   66    3.23166    0.15410  95.2%  67.0   95s
H14206  8098                       3.2313487    0.15410  95.2%  65.2   96s
H15148  8910                       3.2249948    0.15410  95.2%  64.0   99s
 15304  9064    2.60689  299 1279    3.22499    0.15410  95.2%  63.8  120s
H15312  8615                       3.2227921    1.43983  55.3%  63.8  124s
 15314  8617    1.82781  292  217    3.22279    1.82781  43.3%  63.8  125s
H15318  8188                       3.2194787    2.67355  17.0%  63.7  127s
H15322  7781                       3.2178391    2.88942  10.2%  63.7  131s
 15331  7787    2.95295  318  283    3.21784    2.95295  8.23%  63.7  135s
 15339  7792    2.95295  209  253    3.21784    2.95295  8.23%  63.7  140s
 15351  7801    2.95295  187  132    3.21784    2.95295  8.23%  66.1  145s
 15360  7807    2.95295  377  360    3.21784    2.95295  8.23%  66.1  150s
 15366  7811    2.95295  195  424    3.21784    2.95295  8.23%  66.1  155s
 15377  7819    2.95295  280  236    3.21784    2.95295  8.23%  66.0  160s
 15387  7827    3.00926   45  201    3.21784    2.95295  8.23%  68.1  165s
 15393  7831    2.95304   48  175    3.21784    2.95295  8.23%  68.2  170s
 15404  7839    2.95295   54  247    3.21784    2.95295  8.23%  68.3  175s
H15412  7450                       3.2177311    2.95295  8.23%  68.4  178s
 15417  7455    3.02950   60  210    3.21773    2.95295  8.23%  68.4  180s
H15439  7095                       3.2138946    2.95295  8.12%  68.7  182s
 15466  7112    2.95593   85  353    3.21389    2.95295  8.12%  68.8  185s
 15574  7162    3.00860  139  209    3.21389    2.95295  8.12%  68.9  190s
 15707  7212    3.06145  209  194    3.21389    2.95295  8.12%  68.8  195s
 15867  7235    2.96108   80  233    3.21389    2.95338  8.11%  68.8  200s
 15998  7312    2.97090  146  221    3.21389    2.95338  8.11%  68.8  205s
 16112  7369    2.99389  203  199    3.21389    2.95338  8.11%  68.7  210s
 16289  7454    3.00959  293  143    3.21389    2.95338  8.11%  68.4  215s
 16497  7489    2.95625   73  270    3.21389    2.95373  8.09%  68.1  220s
 16720  7596    2.99717  187  161    3.21389    2.95373  8.09%  67.9  230s
 16915  7680     cutoff  288         3.21389    2.95373  8.09%  67.4  235s
 17269  7801    2.96201   85  437    3.21389    2.95387  8.09%  66.6  240s
H17643  7641                       3.2118640    2.95392  8.03%  65.7  244s
 17643  7643    3.02021  175  252    3.21186    2.95392  8.03%  65.7  245s
 17982  7811    3.05112  162  242    3.21186    2.95415  8.02%  65.6  250s
 18693  8164    2.96828   68  214    3.21186    2.95470  8.01%  64.0  255s
 19170  8349    2.96681   71  309    3.21186    2.95470  8.01%  63.8  260s
 20055  8749    3.01432  164  252    3.21186    2.95473  8.01%  62.0  265s
 20816  9143    3.05183  143  267    3.21186    2.95477  8.00%  60.7  270s
 21314  9351    3.17752   79  376    3.21186    2.95497  8.00%  60.3  275s
 22264  9809    2.97398   79  200    3.21186    2.95610  7.96%  59.0  280s
 23181 10183    3.20461  157  213    3.21186    2.95616  7.96%  57.9  285s
 24218 10633    3.15323  147  233    3.21186    2.95633  7.96%  56.5  290s
 25072 10950     cutoff  132         3.21186    2.95664  7.95%  55.8  295s

Cutting planes:
  Gomory: 57
  Cover: 10
  Implied bound: 1367
  Projected implied bound: 51
  Clique: 1
  MIR: 40
  StrongCG: 5
  Flow cover: 109
  GUB cover: 10
  Zero half: 1
  RLT: 1
  Relax-and-lift: 9

Explored 25933 nodes (1459504 simplex iterations) in 300.00 seconds
Thread count was 1 (of 4 available processors)

Solution count 10: 3.21186 3.21389 3.21773 ... 3.28084

Time limit reached
Best objective 3.211864023320e+00, best bound 2.956971936678e+00, gap 7.9360%
