Using license file /home/benedond/gurobi.lic
Using gurobi.env file
Set parameter Threads to value 1
Academic license - for non-commercial use only
Changed value of parameter TimeLimit to 300.0
   Prev: inf  Min: 0.0  Max: inf  Default: inf
Gurobi Optimizer version 9.0.1 build v9.0.1rc0 (linux64)
Optimize a model with 8325 rows, 4140 columns and 32578 nonzeros
Model fingerprint: 0xcbc13ee6
Variable types: 45 continuous, 4095 integer (4050 binary)
Coefficient statistics:
  Matrix range     [2e-01, 8e+03]
  Objective range  [5e-04, 2e-01]
  Bounds range     [1e+00, 1e+00]
  RHS range        [1e+00, 8e+03]

---------------------------------------------------------------------------
Multi-objectives: starting optimization with 1 objectives ... 
---------------------------------------------------------------------------
---------------------------------------------------------------------------

Multi-objectives: optimize objective 1 (min avg power cons) ...
---------------------------------------------------------------------------

Optimize a model with 8325 rows, 4140 columns and 32578 nonzeros
Variable types: 45 continuous, 4095 integer (4050 binary)
Coefficient statistics:
  Matrix range     [2e-01, 8e+03]
  Objective range  [5e-04, 2e-01]
  Bounds range     [1e+00, 1e+00]
  RHS range        [1e+00, 8e+03]
Presolve removed 3948 rows and 1974 columns
Presolve time: 0.55s
Presolved: 4377 rows, 2166 columns, 16786 nonzeros
Variable types: 45 continuous, 2121 integer (2076 binary)

Root relaxation: objective 1.432942e+00, 784 iterations, 0.04 seconds

    Nodes    |    Current Node    |     Objective Bounds      |     Work
 Expl Unexpl |  Obj  Depth IntInf | Incumbent    BestBd   Gap | It/Node Time

     0     0    1.43294    0  109          -    1.43294      -     -    1s
H    0     0                       3.4116875    1.43294  58.0%     -    1s
H    0     0                       3.0554856    1.43294  53.1%     -    1s
     0     0    1.43294    0  105    3.05549    1.43294  53.1%     -    1s
     0     0    1.43294    0  110    3.05549    1.43294  53.1%     -    2s
H    0     0                       2.9593990    1.43294  51.6%     -    2s
     0     0    1.43294    0  115    2.95940    1.43294  51.6%     -    2s
     0     0    1.43294    0  128    2.95940    1.43294  51.6%     -    2s
     0     0    1.54566    0  153    2.95940    1.54566  47.8%     -    2s
H    0     0                       2.9339135    1.54566  47.3%     -    3s
     0     0    1.54646    0  153    2.93391    1.54646  47.3%     -    3s
     0     0    1.59794    0  155    2.93391    1.59794  45.5%     -    3s
     0     0    1.59882    0  155    2.93391    1.59882  45.5%     -    3s
     0     0    1.62477    0  180    2.93391    1.62477  44.6%     -    3s
     0     0    1.62662    0  168    2.93391    1.62662  44.6%     -    3s
     0     0    1.65586    0  216    2.93391    1.65586  43.6%     -    3s
     0     0    1.65757    0  214    2.93391    1.65757  43.5%     -    3s
     0     0    1.70333    0  229    2.93391    1.70333  41.9%     -    3s
     0     0    1.71157    0  234    2.93391    1.71157  41.7%     -    4s
     0     0    1.72203    0  250    2.93391    1.72203  41.3%     -    4s
     0     0    1.72355    0  255    2.93391    1.72355  41.3%     -    4s
     0     0    1.74584    0  239    2.93391    1.74584  40.5%     -    4s
     0     0    1.74976    0  237    2.93391    1.74976  40.4%     -    4s
     0     0    1.78234    0  297    2.93391    1.78234  39.3%     -    4s
     0     0    1.79365    0  286    2.93391    1.79365  38.9%     -    4s
     0     0    1.80037    0  277    2.93391    1.80037  38.6%     -    4s
H    0     0                       2.8498461    1.80037  36.8%     -    5s
     0     0    1.80453    0  284    2.84985    1.80453  36.7%     -    5s
     0     0    1.81082    0  273    2.84985    1.81082  36.5%     -    5s
     0     0    1.81272    0  295    2.84985    1.81272  36.4%     -    5s
     0     0    1.81433    0  297    2.84985    1.81433  36.3%     -    5s
     0     0    1.81475    0  265    2.84985    1.81475  36.3%     -    5s
     0     0    1.81487    0  325    2.84985    1.81487  36.3%     -    5s
     0     0    1.81496    0  267    2.84985    1.81496  36.3%     -    5s
     0     0    1.81708    0  332    2.84985    1.81708  36.2%     -    5s
     0     0    1.81756    0  305    2.84985    1.81756  36.2%     -    5s
     0     0    1.81766    0  344    2.84985    1.81766  36.2%     -    5s
     0     0    1.81981    0  292    2.84985    1.81981  36.1%     -    6s
     0     0    1.82054    0  315    2.84985    1.82054  36.1%     -    6s
     0     0    1.82076    0  318    2.84985    1.82076  36.1%     -    6s
     0     0    1.82081    0  316    2.84985    1.82081  36.1%     -    6s
     0     0    1.82243    0  285    2.84985    1.82243  36.1%     -    6s
     0     0    1.82292    0  304    2.84985    1.82292  36.0%     -    6s
     0     0    1.82305    0  308    2.84985    1.82305  36.0%     -    6s
     0     0    1.82416    0  294    2.84985    1.82416  36.0%     -    6s
     0     0    1.82460    0  314    2.84985    1.82460  36.0%     -    6s
     0     0    1.82474    0  319    2.84985    1.82474  36.0%     -    6s
     0     0    1.82485    0  315    2.84985    1.82485  36.0%     -    6s
     0     0    1.82548    0  357    2.84985    1.82548  35.9%     -    6s
H    0     0                       2.8464471    1.82548  35.9%     -    7s
     0     0    1.82590    0  365    2.84645    1.82590  35.9%     -    7s
     0     0    1.82601    0  361    2.84645    1.82601  35.8%     -    7s
     0     0    1.82616    0  290    2.84645    1.82616  35.8%     -    7s
     0     0    1.82626    0  284    2.84645    1.82626  35.8%     -    7s
     0     0    1.82678    0  298    2.84645    1.82678  35.8%     -    7s
     0     0    1.82690    0  314    2.84645    1.82690  35.8%     -    7s
     0     0    1.82729    0  271    2.84645    1.82729  35.8%     -    7s
     0     0    1.82729    0  270    2.84645    1.82729  35.8%     -    7s
H    0     0                       2.7740529    1.82735  34.1%     -   13s
     0     2    1.82735    0  267    2.77405    1.82735  34.1%     -   13s
    16    18    1.85917   13  209    2.77405    1.82927  34.1%   398   15s
   355   331    2.06704  147  196    2.77405    1.82938  34.1%   112   20s
   511   463    2.43301  151  105    2.77405    1.82971  34.0%   110   25s
   527   474    2.02286   14  321    2.77405    1.83450  33.9%   107   30s
H  527   450                       2.7672308    1.83464  33.7%   107   30s
   530   454    1.85138   15  249    2.76723    1.83503  33.7%   128   35s
   564   476    1.94033   32  219    2.76723    1.84803  33.2%   151   40s
   675   539    2.41493   88  108    2.76723    1.84803  33.2%   162   45s
H  882   581                       2.7609038    1.84814  33.1%   141   49s
   979   644    2.62917   99   70    2.76090    1.84814  33.1%   133   50s
  1129   667    1.99012   38  215    2.76090    1.85169  32.9%   140   55s
  1433   759    1.86128   16  260    2.76090    1.85538  32.8%   141   60s
H 1463   755                       2.7587452    1.85538  32.7%   145   62s
H 1521   771                       2.7553558    1.85538  32.7%   145   64s
  1524   775    2.16696   90  177    2.75536    1.85538  32.7%   145   65s
  1774   929    2.40435   42  149    2.75536    1.86567  32.3%   144   70s
  1865   998    1.98390   49  192    2.75536    1.86567  32.3%   155   75s
H 1975  1093                       2.7328269    1.86567  31.7%   150   80s
H 2046  1127                       2.7239135    1.86824  31.4%   148   83s
  2067  1150    2.22057   59  172    2.72391    1.86824  31.4%   150   85s
  2395  1393    2.36043   43  180    2.72391    1.87195  31.3%   141   90s
H 2514  1464                       2.6966827    1.87612  30.4%   138   92s
  2562  1498    2.32220   55  170    2.69668    1.87669  30.4%   141   95s
  2982  1800    2.53099   33  151    2.69668    1.87974  30.3%   131  100s
  3185  1964    2.36952   88  178    2.69668    1.88844  30.0%   134  105s
  3286  2045    2.20246   55  162    2.69668    1.88922  29.9%   139  110s
  3637  2269    2.45574   48  122    2.69668    1.89882  29.6%   136  115s
  3853  2408    2.27478   52  213    2.69668    1.90536  29.3%   137  120s
  3949  2473    2.13157   37  188    2.69668    1.90698  29.3%   141  125s
  4369  2806    2.49469   62  145    2.69668    1.91770  28.9%   136  130s
  4473  2870    2.02829   38  201    2.69668    1.92088  28.8%   135  136s
  4594  2919    2.02098   39  244    2.69668    1.92224  28.7%   136  140s
  4710  3009    2.04822   28  272    2.69668    1.92383  28.7%   139  145s
  4762  3061    2.28072   68  199    2.69668    1.92383  28.7%   144  150s
  4903  3155    2.43176   34  155    2.69668    1.93149  28.4%   147  155s
  4968  3205    2.28570   53  179    2.69668    1.93356  28.3%   152  160s
  5099  3294    2.35024   43  230    2.69668    1.93719  28.2%   155  165s
  5289  3419    2.08252   18  165    2.69668    1.93836  28.1%   154  170s
H 5387  3477                       2.6963894    1.93860  28.1%   156  173s
  5466  3537    2.44974  102  108    2.69639    1.93860  28.1%   156  175s
  5696  3714    2.58065  108  113    2.69639    1.93995  28.1%   155  180s
  5966  3944    2.35236  100  108    2.69639    1.94215  28.0%   154  185s
  6254  4135    1.95586   33  257    2.69639    1.94845  27.7%   151  190s
  6463  4289    2.17039   34  272    2.69639    1.95131  27.6%   151  202s
  6493  4319    2.45666   64  193    2.69639    1.95131  27.6%   152  205s
  6608  4407    2.64222   54   89    2.69639    1.95377  27.5%   155  210s
  6995  4718    2.40815   38  229    2.69639    1.95638  27.4%   153  215s
  7150  4843    2.06455   27  224    2.69639    1.96193  27.2%   154  220s
  7472  5099    2.24444   61  180    2.69639    1.96384  27.2%   152  225s
  7870  5428    1.98624   23  221    2.69639    1.96975  26.9%   149  230s
  7873  5431    1.99340   25  226    2.69639    1.96975  26.9%   149  238s
  7892  5450    2.07791   34  204    2.69639    1.96975  26.9%   149  240s
  8123  5630    2.58813  150   99    2.69639    1.96975  26.9%   151  245s
  8305  5714    2.06788   43  239    2.69639    1.97044  26.9%   152  250s
  8480  5865    2.14345   35  225    2.69639    1.97173  26.9%   154  255s
  8651  5999    2.36837   48  233    2.69639    1.97207  26.9%   155  266s
  8796  6073    2.42478   51  184    2.69639    1.97349  26.8%   155  270s
  8970  6204    2.02382   25  241    2.69639    1.97558  26.7%   156  275s
  9143  6347    2.46024   50  192    2.69639    1.97653  26.7%   156  280s
  9207  6395    2.35372   49  183    2.69639    1.97759  26.7%   159  285s
  9461  6576    2.11696   34  158    2.69639    1.97878  26.6%   161  290s
  9676  6694    2.06036   38  205    2.69639    1.97901  26.6%   161  295s

Cutting planes:
  Gomory: 10
  Cover: 25
  Implied bound: 212
  Projected implied bound: 70
  Clique: 2
  MIR: 171
  Flow cover: 204
  GUB cover: 8
  Zero half: 2
  Mod-K: 5
  RLT: 1
  Relax-and-lift: 438

Explored 9903 nodes (1613422 simplex iterations) in 300.00 seconds
Thread count was 1 (of 4 available processors)

Solution count 10: 2.69639 2.69668 2.72391 ... 2.84645

Time limit reached
Best objective 2.696389411082e+00, best bound 1.982148744704e+00, gap 26.4888%

---------------------------------------------------------------------------
Multi-objectives: stopped in 300.01 seconds, solution count 10
Time Limit reached

