Using license file /home/benedond/gurobi.lic
Using gurobi.env file
Set parameter Threads to value 1
Academic license - for non-commercial use only
Changed value of parameter TimeLimit to 300.0
   Prev: inf  Min: 0.0  Max: inf  Default: inf
Gurobi Optimizer version 9.0.1 build v9.0.1rc0 (linux64)
Optimize a model with 4230 rows, 4095 columns and 16333 nonzeros
Model fingerprint: 0x945ca757
Variable types: 45 continuous, 4050 integer (4050 binary)
Coefficient statistics:
  Matrix range     [1e+00, 5e+02]
  Objective range  [5e+01, 5e+02]
  Bounds range     [1e+00, 1e+00]
  RHS range        [1e+00, 2e+03]
Presolve removed 28 rows and 28 columns
Presolve time: 0.20s
Presolved: 4202 rows, 4067 columns, 16221 nonzeros
Variable types: 45 continuous, 4022 integer (4022 binary)

Root relaxation: objective 2.642000e+03, 1234 iterations, 0.05 seconds

    Nodes    |    Current Node    |     Objective Bounds      |     Work
 Expl Unexpl |  Obj  Depth IntInf | Incumbent    BestBd   Gap | It/Node Time

     0     0 2642.00000    0  306          - 2642.00000      -     -    0s
H    0     0                    5781.0000000 2642.00000  54.3%     -    0s
H    0     0                    4177.0000000 2642.00000  36.7%     -    1s
     0     0 2642.00000    0   79 4177.00000 2642.00000  36.7%     -    1s
     0     0 2642.00000    0   53 4177.00000 2642.00000  36.7%     -    6s
H    0     0                    4019.0000000 2642.00000  34.3%     -    6s
     0     0 2642.00000    0   64 4019.00000 2642.00000  34.3%     -    6s
     0     0 2642.00000    0   72 4019.00000 2642.00000  34.3%     -    6s
     0     0 2642.00000    0   45 4019.00000 2642.00000  34.3%     -    6s
     0     0 2642.00000    0   42 4019.00000 2642.00000  34.3%     -    6s
     0     0 2642.00000    0   46 4019.00000 2642.00000  34.3%     -    6s
     0     0 2642.00000    0   73 4019.00000 2642.00000  34.3%     -    6s
     0     0 2642.00000    0   55 4019.00000 2642.00000  34.3%     -    7s
     0     0 2642.00000    0   94 4019.00000 2642.00000  34.3%     -    7s
     0     0 2642.00000    0   61 4019.00000 2642.00000  34.3%     -    7s
     0     0 2642.00000    0   46 4019.00000 2642.00000  34.3%     -    7s
     0     2 2642.00000    0   37 4019.00000 2642.00000  34.3%     -    7s
H   27    20                    3794.0000000 2642.00000  30.4%  85.7    7s
H   54    39                    3506.0000000 2642.00000  24.6%  57.5    8s
H  178   154                    3427.0000000 2642.00000  22.9%  23.3    8s
H  205   177                    3387.0000000 2642.00000  22.0%  21.4    8s
H  307   255                    3309.0000000 2642.00000  20.2%  27.8    9s
   376   299 3209.26309  169  240 3309.00000 2642.00000  20.2%  26.1   10s
   543   448 2642.00000   21   72 3309.00000 2642.00000  20.2%  43.7   15s
H  611   444                    3265.0000000 2642.00000  19.1%  44.6   16s
H  800   505                    3162.0000000 2642.00000  16.4%  45.0   18s
H  827   494                    3148.0000000 2642.00000  16.1%  43.9   18s
  1091   590 2642.00000   39   63 3148.00000 2642.00000  16.1%  37.7   20s
H 1526   728                    3127.0000000 2642.00000  15.5%  30.7   21s
H 1888   914                    3121.0000000 2642.00000  15.3%  28.7   21s
H 1975   977                    3109.0000000 2642.00000  15.0%  28.1   22s
  3053  1609 2642.00000   40   71 3109.00000 2642.00000  15.0%  24.4   25s
  4748  2639 2921.95979   81   40 3109.00000 2642.00000  15.0%  21.9   30s
  5102  2825 2981.19680   74   79 3109.00000 2642.00000  15.0%  22.2   35s
  5377  2916 2841.00000   70   35 3109.00000 2642.00000  15.0%  25.4   40s
  6835  3211 2642.00000   51   43 3109.00000 2642.00000  15.0%  23.8   45s
  8863  3610 2642.00000   36   71 3109.00000 2642.00000  15.0%  22.3   50s
 10940  4102 2738.00000   49   31 3109.00000 2642.00000  15.0%  21.2   55s
 13405  4597 2909.96625   60   50 3109.00000 2642.00000  15.0%  20.0   60s
 15303  5529 2979.94490   69   49 3109.00000 2642.00000  15.0%  19.9   68s
 15599  5591     cutoff   73      3109.00000 2642.00000  15.0%  20.1   70s
 16421  5988 2642.00000   56   74 3109.00000 2642.00000  15.0%  20.9   75s
 17617  6516     cutoff   64      3109.00000 2642.00000  15.0%  21.7   80s
 18894  7249 3058.40010   80   36 3109.00000 2642.00000  15.0%  22.2   85s
 20098  7814 2837.84089   48   62 3109.00000 2642.00000  15.0%  22.8   90s
 20699  8118 2938.00000   62   41 3109.00000 2642.00000  15.0%  23.1   95s
 21621  8497 2841.41790   71   80 3109.00000 2642.00000  15.0%  23.6  100s
 22745  9070 2820.98787   40   56 3109.00000 2642.00000  15.0%  24.1  105s
 23884  9630 2812.73277   63   68 3109.00000 2642.00000  15.0%  24.6  110s
 24727  9997 2642.00000   43   82 3109.00000 2642.00000  15.0%  25.0  115s
 25596 10400 2894.00000   52   36 3109.00000 2642.00000  15.0%  25.2  120s
 26543 10904 3063.30462   82   32 3109.00000 2642.00000  15.0%  25.6  125s
 27563 11465 2760.84892   44   53 3109.00000 2642.00000  15.0%  26.0  130s
 28567 11963 2876.36632  108   73 3109.00000 2642.00000  15.0%  26.2  135s
 29972 12745 3105.05593   63   44 3109.00000 2642.00000  15.0%  26.5  140s
 30787 13154 2726.26750   55   75 3109.00000 2642.00000  15.0%  26.8  145s
 31584 13533 3095.36810   76   65 3109.00000 2642.00000  15.0%  26.8  150s
 32600 13972 2962.63208   81   62 3109.00000 2642.00000  15.0%  26.8  155s
 33752 14455 2642.00000   51   64 3109.00000 2642.00000  15.0%  27.1  160s
 34818 14956 2663.14102   53   73 3109.00000 2642.00000  15.0%  27.4  165s
 36281 15651 3009.02885   67   40 3109.00000 2642.00000  15.0%  27.5  170s
 37879 16494 2810.50974   44   74 3109.00000 2642.00000  15.0%  27.4  175s
 38493 16837 2667.07044   67   68 3109.00000 2642.00000  15.0%  27.5  180s
 39375 17211 2642.00000   48   66 3109.00000 2642.00000  15.0%  27.8  185s
 40457 17655 2930.00000   61   58 3109.00000 2642.00000  15.0%  28.0  190s
 41479 18049 2860.06218   77   41 3109.00000 2642.00000  15.0%  28.1  195s
 43032 18728 2716.31652   40   80 3109.00000 2642.00000  15.0%  28.2  200s
 44240 19302 3100.56332   56   78 3109.00000 2642.00000  15.0%  28.3  205s
 44882 19624 2930.00000   57   50 3109.00000 2642.00000  15.0%  28.3  210s
 45909 20032 3076.41265   75   84 3109.00000 2642.00000  15.0%  28.5  215s
 46869 20422 2966.91418   61   45 3109.00000 2642.00000  15.0%  28.6  220s
 47824 20859 2740.55194   47   83 3109.00000 2642.00000  15.0%  28.8  225s
 49221 21504 2955.00000   44   68 3109.00000 2642.00000  15.0%  28.8  230s
 50492 22134 2642.00000   57   72 3109.00000 2642.00000  15.0%  28.8  235s
 51132 22308 2673.32979   59   80 3109.00000 2642.00000  15.0%  28.9  240s
 52165 22810 2663.82439   61   64 3109.00000 2642.00000  15.0%  28.9  245s
 53292 23217 2646.72569   53   84 3109.00000 2642.00000  15.0%  29.0  250s
 54149 23568 3018.91498   51   47 3109.00000 2642.00000  15.0%  29.1  255s
 55827 24324 2731.04165   56   62 3109.00000 2645.50180  14.9%  28.9  260s
 57524 25073 2973.99369   55   49 3109.00000 2647.81595  14.8%  28.8  265s
 59096 25759     cutoff   72      3109.00000 2650.62446  14.7%  28.7  270s
 61212 26748 2678.13827   47   74 3109.00000 2653.79387  14.6%  28.6  275s
 63523 27769 2952.69159   58   68 3109.00000 2656.85603  14.5%  28.4  280s
 66104 29029 3022.82928   80   53 3109.00000 2660.01785  14.4%  28.3  285s
 68257 29890 2918.00000   65   62 3109.00000 2663.33860  14.3%  28.2  290s
 69837 30546     cutoff   59      3109.00000 2664.70514  14.3%  28.1  295s
 71743 31238 2668.19701   53   76 3109.00000 2667.48791  14.2%  28.0  300s

Cutting planes:
  Gomory: 3
  Implied bound: 1
  Projected implied bound: 15
  Clique: 1
  MIR: 81
  Flow cover: 145
  GUB cover: 7
  Relax-and-lift: 46

Explored 71744 nodes (2025603 simplex iterations) in 300.00 seconds
Thread count was 1 (of 4 available processors)

Solution count 10: 3109 3121 3127 ... 3506

Time limit reached
Best objective 3.109000000000e+03, best bound 2.668000000000e+03, gap 14.1846%
