Using license file /home/benedond/gurobi.lic
Using gurobi.env file
Set parameter Threads to value 1
Academic license - for non-commercial use only
Changed value of parameter TimeLimit to 300.0
   Prev: inf  Min: 0.0  Max: inf  Default: inf
Gurobi Optimizer version 9.0.1 build v9.0.1rc0 (linux64)
Optimize a model with 3360 rows, 3240 columns and 12918 nonzeros
Model fingerprint: 0xa0ec7d16
Variable types: 40 continuous, 3200 integer (3200 binary)
Coefficient statistics:
  Matrix range     [1e+00, 5e+02]
  Objective range  [4e+01, 5e+02]
  Bounds range     [1e+00, 1e+00]
  RHS range        [1e+00, 2e+03]
Presolve removed 106 rows and 106 columns
Presolve time: 0.32s
Presolved: 3254 rows, 3134 columns, 12494 nonzeros
Variable types: 40 continuous, 3094 integer (3094 binary)

Root relaxation: objective 6.592000e+03, 462 iterations, 0.01 seconds

    Nodes    |    Current Node    |     Objective Bounds      |     Work
 Expl Unexpl |  Obj  Depth IntInf | Incumbent    BestBd   Gap | It/Node Time

     0     0 6592.00000    0   58          - 6592.00000      -     -    0s
H    0     0                    6244.0000000 6592.00000  5.57%     -    0s
H    0     0                    6351.0000000 6592.00000  3.79%     -    0s
     0     0 6592.00000    0   27 6351.00000 6592.00000  3.79%     -    1s
     0     0 6592.00000    0   28 6351.00000 6592.00000  3.79%     -    5s
H    0     0                    6495.0000000 6592.00000  1.49%     -    5s
     0     0 6592.00000    0   51 6495.00000 6592.00000  1.49%     -    5s
     0     0 6592.00000    0   54 6495.00000 6592.00000  1.49%     -    5s
     0     0 6592.00000    0   34 6495.00000 6592.00000  1.49%     -    5s
     0     0 6592.00000    0   35 6495.00000 6592.00000  1.49%     -    5s
     0     0 6592.00000    0   36 6495.00000 6592.00000  1.49%     -    5s
     0     0 6592.00000    0   24 6495.00000 6592.00000  1.49%     -    5s
     0     0 6592.00000    0   23 6495.00000 6592.00000  1.49%     -    5s
     0     0 6592.00000    0   27 6495.00000 6592.00000  1.49%     -    5s
     0     0 6592.00000    0   25 6495.00000 6592.00000  1.49%     -    5s
     0     0 6592.00000    0   32 6495.00000 6592.00000  1.49%     -    5s
     0     0 6592.00000    0   22 6495.00000 6592.00000  1.49%     -    5s
     0     0 6592.00000    0   48 6495.00000 6592.00000  1.49%     -    6s
     0     0 6592.00000    0   66 6495.00000 6592.00000  1.49%     -    6s
H    0     0                    6569.0000000 6592.00000  0.35%     -    6s
     0     0 6592.00000    0   64 6569.00000 6592.00000  0.35%     -    6s
     0     0 6592.00000    0   25 6569.00000 6592.00000  0.35%     -    6s
     0     0 6592.00000    0   29 6569.00000 6592.00000  0.35%     -    6s
     0     0 6592.00000    0   28 6569.00000 6592.00000  0.35%     -    6s
     0     0 6592.00000    0   28 6569.00000 6592.00000  0.35%     -    6s
     0     0 6592.00000    0   27 6569.00000 6592.00000  0.35%     -    6s
     0     0 6592.00000    0   43 6569.00000 6592.00000  0.35%     -    6s
     0     0 6592.00000    0   48 6569.00000 6592.00000  0.35%     -    6s
     0     0 6592.00000    0   21 6569.00000 6592.00000  0.35%     -    6s
     0     0 6592.00000    0   45 6569.00000 6592.00000  0.35%     -    6s
     0     0 6592.00000    0   21 6569.00000 6592.00000  0.35%     -    6s
     0     0 6592.00000    0   21 6569.00000 6592.00000  0.35%     -    6s
     0     0 6592.00000    0   21 6569.00000 6592.00000  0.35%     -    6s
     0     0 6592.00000    0   49 6569.00000 6592.00000  0.35%     -    6s
     0     0 6592.00000    0   46 6569.00000 6592.00000  0.35%     -    6s
     0     0 6592.00000    0   30 6569.00000 6592.00000  0.35%     -    6s
     0     0 6592.00000    0   26 6569.00000 6592.00000  0.35%     -    6s
     0     0 6592.00000    0   31 6569.00000 6592.00000  0.35%     -    6s
     0     0 6592.00000    0   34 6569.00000 6592.00000  0.35%     -    6s
     0     0 6592.00000    0   27 6569.00000 6592.00000  0.35%     -    6s
     0     0 6592.00000    0   27 6569.00000 6592.00000  0.35%     -    6s
     0     2 6592.00000    0   19 6569.00000 6592.00000  0.35%     -    7s
  1139   320 6592.00000   41   35 6569.00000 6592.00000  0.35%  45.8   10s
  4647   186 6592.00000   46   40 6569.00000 6592.00000  0.35%  25.3   15s
  7237    26 infeasible   52      6569.00000 6592.00000  0.35%  24.2   20s
H 8856     1                    6592.0000000 6592.00000  0.00%  23.0   21s

Cutting planes:
  Gomory: 3
  Cover: 2
  Projected implied bound: 4
  MIR: 12
  Flow cover: 16
  Relax-and-lift: 2

Explored 8857 nodes (207896 simplex iterations) in 21.78 seconds
Thread count was 1 (of 4 available processors)

Solution count 5: 6592 6569 6495 ... 6244

Optimal solution found (tolerance 1.00e-04)
Best objective 6.592000000000e+03, best bound 6.592000000000e+03, gap 0.0000%
