Using license file /home/benedond/gurobi.lic
Using gurobi.env file
Set parameter Threads to value 1
Academic license - for non-commercial use only
Changed value of parameter TimeLimit to 300.0
   Prev: inf  Min: 0.0  Max: inf  Default: inf
Gurobi Optimizer version 9.0.1 build v9.0.1rc0 (linux64)
Optimize a model with 3627 rows, 3426 columns and 16702 nonzeros
Model fingerprint: 0x165b6136
Variable types: 80 continuous, 3346 integer (3346 binary)
Coefficient statistics:
  Matrix range     [2e-01, 5e+02]
  Objective range  [5e-03, 3e-01]
  Bounds range     [1e+00, 1e+00]
  RHS range        [1e+00, 2e+03]
Presolve removed 105 rows and 80 columns
Presolve time: 0.06s
Presolved: 3522 rows, 3346 columns, 16275 nonzeros
Variable types: 78 continuous, 3268 integer (3268 binary)

Root relaxation: objective 1.876140e+00, 3237 iterations, 0.13 seconds

    Nodes    |    Current Node    |     Objective Bounds      |     Work
 Expl Unexpl |  Obj  Depth IntInf | Incumbent    BestBd   Gap | It/Node Time

     0     0    1.87614    0  241          -    1.87614      -     -    0s
     0     0    1.97676    0  180          -    1.97676      -     -    0s
H    0     0                       4.2139689    1.97676  53.1%     -    0s
H    0     0                       2.9843354    1.97676  33.8%     -    1s
     0     0    1.98008    0  229    2.98434    1.98008  33.7%     -    1s
     0     0    2.08104    0  161    2.98434    2.08104  30.3%     -    1s
     0     0    2.09641    0  218    2.98434    2.09641  29.8%     -    1s
     0     0    2.17252    0  214    2.98434    2.17252  27.2%     -    1s
     0     0    2.19089    0  187    2.98434    2.19089  26.6%     -    1s
     0     0    2.19858    0  179    2.98434    2.19858  26.3%     -    1s
     0     0    2.20175    0  221    2.98434    2.20175  26.2%     -    1s
     0     0    2.20286    0  212    2.98434    2.20286  26.2%     -    1s
     0     0    2.20357    0  243    2.98434    2.20357  26.2%     -    1s
     0     0    2.20428    0  207    2.98434    2.20428  26.1%     -    1s
     0     0    2.20456    0  215    2.98434    2.20456  26.1%     -    1s
     0     0    2.20468    0  191    2.98434    2.20468  26.1%     -    1s
     0     0    2.22372    0  206    2.98434    2.22372  25.5%     -    2s
     0     0    2.23317    0  227    2.98434    2.23317  25.2%     -    2s
     0     0    2.23534    0  198    2.98434    2.23534  25.1%     -    2s
     0     0    2.23678    0  209    2.98434    2.23678  25.0%     -    2s
     0     0    2.23702    0  192    2.98434    2.23702  25.0%     -    2s
     0     0    2.23708    0  182    2.98434    2.23708  25.0%     -    2s
     0     0    2.24782    0  197    2.98434    2.24782  24.7%     -    2s
     0     0    2.25113    0  248    2.98434    2.25113  24.6%     -    2s
     0     0    2.25446    0  215    2.98434    2.25446  24.5%     -    2s
     0     0    2.25448    0  222    2.98434    2.25448  24.5%     -    2s
     0     0    2.26460    0  233    2.98434    2.26460  24.1%     -    2s
     0     0    2.26563    0  220    2.98434    2.26563  24.1%     -    2s
     0     0    2.26623    0  216    2.98434    2.26623  24.1%     -    2s
     0     0    2.26638    0  220    2.98434    2.26638  24.1%     -    2s
     0     0    2.27002    0  247    2.98434    2.27002  23.9%     -    2s
     0     0    2.27127    0  222    2.98434    2.27127  23.9%     -    2s
     0     0    2.27137    0  221    2.98434    2.27137  23.9%     -    2s
     0     0    2.27407    0  249    2.98434    2.27407  23.8%     -    3s
     0     0    2.27581    0  221    2.98434    2.27581  23.7%     -    3s
     0     0    2.27597    0  211    2.98434    2.27597  23.7%     -    3s
     0     0    2.28459    0  231    2.98434    2.28459  23.4%     -    3s
     0     0    2.28674    0  181    2.98434    2.28674  23.4%     -    3s
     0     0    2.28725    0  229    2.98434    2.28725  23.4%     -    3s
     0     0    2.28736    0  207    2.98434    2.28736  23.4%     -    3s
     0     0    2.29137    0  194    2.98434    2.29137  23.2%     -    3s
     0     0    2.29199    0  204    2.98434    2.29199  23.2%     -    3s
     0     0    2.29250    0  221    2.98434    2.29250  23.2%     -    3s
     0     0    2.29265    0  216    2.98434    2.29265  23.2%     -    3s
     0     0    2.29748    0  263    2.98434    2.29748  23.0%     -    3s
     0     0    2.29827    0  263    2.98434    2.29827  23.0%     -    3s
     0     0    2.29864    0  264    2.98434    2.29864  23.0%     -    3s
     0     0    2.29876    0  234    2.98434    2.29876  23.0%     -    3s
     0     0    2.30211    0  234    2.98434    2.30211  22.9%     -    3s
     0     0    2.30274    0  196    2.98434    2.30274  22.8%     -    3s
     0     0    2.30286    0  237    2.98434    2.30286  22.8%     -    3s
     0     0    2.30559    0  207    2.98434    2.30559  22.7%     -    4s
     0     0    2.30654    0  212    2.98434    2.30654  22.7%     -    4s
     0     0    2.30706    0  212    2.98434    2.30706  22.7%     -    4s
     0     0    2.30723    0  245    2.98434    2.30723  22.7%     -    4s
     0     0    2.30877    0  214    2.98434    2.30877  22.6%     -    4s
     0     0    2.30877    0  211    2.98434    2.30877  22.6%     -    5s
     0     2    2.30879    0  210    2.98434    2.30879  22.6%     -    5s
H   27    27                       2.9672236    2.31190  22.1%   250   10s
H   54    54                       2.9124348    2.31190  20.6%   270   12s
   100   102    2.55659   84   97    2.91243    2.31190  20.6%   276   15s
H  197   180                       2.9095963    2.31197  20.5%   242   18s
   235   219    2.63006   32  127    2.90960    2.31197  20.5%   258   20s
H  362   303                       2.9036335    2.31462  20.3%   233   26s
   507   412    2.44307   11  154    2.90363    2.31497  20.3%   236   30s
H  510   340                       2.8051242    2.31497  17.5%   235   31s
   521   348    2.75485   66  200    2.80512    2.31881  17.3%   230   35s
H  541   342                       2.8051242    2.37546  15.3%   222   43s
   548   347    2.62557   26  316    2.80512    2.38790  14.9%   219   45s
   569   361    2.71780  109  332    2.80512    2.40350  14.3%   211   50s
   589   374    2.44341    8  316    2.80512    2.41725  13.8%   204   55s
   610   388    2.42332   21  328    2.80512    2.42332  13.6%   197   60s
   630   402    2.45035   15  183    2.80512    2.42593  13.5%   271   65s
   650   416    2.70615   47  281    2.80512    2.42903  13.4%   263   73s
   657   420    2.52947   34  296    2.80512    2.43049  13.4%   260   75s
   666   426    2.73284   57  392    2.80512    2.43162  13.3%   257   82s
   669   430    2.43163   20  391    2.80512    2.43163  13.3%   286   87s
   671   431    2.43164   21  315    2.80512    2.43164  13.3%   289   92s
   676   434    2.52671   23  180    2.80512    2.43202  13.3%   293   95s
   688   442    2.44539   29  163    2.80512    2.43430  13.2%   301  100s
   700   450    2.46668   35  203    2.80512    2.43430  13.2%   308  105s
H  722   440                       2.7965590    2.43430  13.0%   321  110s
   754   463    2.66865   62   80    2.79656    2.43430  13.0%   337  115s
   806   490    2.70006   88   97    2.79656    2.43430  13.0%   352  120s
   848   499    2.44614   35  254    2.79656    2.43436  13.0%   360  125s
   874   516    2.47380   48  211    2.79656    2.43436  13.0%   374  130s
   909   532    2.72144   65   86    2.79656    2.43436  13.0%   390  135s
H  938   524                       2.7822112    2.43436  12.5%   390  137s
   975   536     cutoff   99         2.78221    2.43436  12.5%   391  140s
  1059   525     cutoff   29         2.78221    2.44019  12.3%   379  145s
  1106   548    2.63184   53  141    2.78221    2.44019  12.3%   392  150s
H 1215   524                       2.7822111    2.44020  12.3%   379  156s
  1258   555    2.51799   63  222    2.78221    2.44020  12.3%   382  160s
  1391   602    2.76472  156   98    2.78221    2.44020  12.3%   368  165s
  1526   654    2.74770  112   97    2.78221    2.44539  12.1%   358  170s
  1577   671    2.51925   54  133    2.78221    2.44543  12.1%   358  175s
  1670   712    2.54208   39  164    2.78221    2.44606  12.1%   359  180s
  1843   837    2.68564  131   77    2.78221    2.44722  12.0%   340  185s
  1922   863    2.54218   36  185    2.78221    2.44785  12.0%   333  190s
H 1975   881                       2.7576398    2.44785  11.2%   330  195s
  2029   922    2.56255   52  230    2.75764    2.44789  11.2%   334  200s
  2111   994     cutoff  105         2.75764    2.44789  11.2%   338  205s
  2220  1062    2.55243   35  206    2.75764    2.45439  11.0%   339  210s
  2337  1153    2.74270   94   52    2.75764    2.45443  11.0%   337  215s
  2422  1222    2.47208   47  282    2.75764    2.45831  10.9%   340  220s
  2498  1287    2.62638   35  161    2.75764    2.45831  10.9%   343  225s
  2557  1331    2.64960   65  189    2.75764    2.45831  10.9%   349  230s
  2685  1372    2.60720   62  231    2.75764    2.45837  10.9%   345  235s
  2778  1436    2.49491   42  181    2.75764    2.45959  10.8%   345  240s
  2851  1506    2.61436  103  136    2.75764    2.45959  10.8%   347  245s
  2945  1562    2.63639   54  142    2.75764    2.46109  10.8%   347  250s
H 2958  1526                       2.7467454    2.46109  10.4%   348  256s
  2998  1561    2.55281   56  205    2.74675    2.46143  10.4%   349  260s
  3099  1641    2.65190   57  139    2.74675    2.46218  10.4%   348  265s
  3214  1687    2.64131   53  175    2.74675    2.46226  10.4%   346  270s
  3286  1739    2.59702   41  149    2.74675    2.46273  10.3%   347  275s
H 3369  1778                       2.7451491    2.46371  10.3%   341  278s
  3369  1780    2.46757   36  277    2.74515    2.46371  10.3%   342  285s
  3417  1817    2.57959   38  186    2.74515    2.46463  10.2%   344  290s
  3555  1938    2.62076   97   96    2.74515    2.46565  10.2%   340  295s

Cutting planes:
  Gomory: 4
  Cover: 24
  Implied bound: 5
  Clique: 11
  MIR: 355
  StrongCG: 1
  Flow cover: 660
  GUB cover: 3
  RLT: 8
  Relax-and-lift: 301

Explored 3626 nodes (1263338 simplex iterations) in 300.00 seconds
Thread count was 1 (of 4 available processors)

Solution count 10: 2.74515 2.74675 2.75764 ... 2.96722

Time limit reached
Best objective 2.745149087767e+00, best bound 2.465667362658e+00, gap 10.1809%
