Using license file /home/benedond/gurobi.lic
Using gurobi.env file
Set parameter Threads to value 1
Academic license - for non-commercial use only
Changed value of parameter TimeLimit to 300.0
   Prev: inf  Min: 0.0  Max: inf  Default: inf
Gurobi Optimizer version 9.0.1 build v9.0.1rc0 (linux64)
Optimize a model with 6600 rows, 3280 columns and 25758 nonzeros
Model fingerprint: 0xc5a31bd6
Variable types: 40 continuous, 3240 integer (3200 binary)
Coefficient statistics:
  Matrix range     [2e-01, 7e+03]
  Objective range  [5e-04, 2e-01]
  Bounds range     [1e+00, 1e+00]
  RHS range        [1e+00, 7e+03]

---------------------------------------------------------------------------
Multi-objectives: starting optimization with 1 objectives ... 
---------------------------------------------------------------------------
---------------------------------------------------------------------------

Multi-objectives: optimize objective 1 (min avg power cons) ...
---------------------------------------------------------------------------

Optimize a model with 6600 rows, 3280 columns and 25758 nonzeros
Variable types: 40 continuous, 3240 integer (3200 binary)
Coefficient statistics:
  Matrix range     [2e-01, 7e+03]
  Objective range  [5e-04, 2e-01]
  Bounds range     [1e+00, 1e+00]
  RHS range        [1e+00, 7e+03]
Presolve removed 3938 rows and 1958 columns
Presolve time: 0.44s
Presolved: 2662 rows, 1322 columns, 10050 nonzeros
Variable types: 40 continuous, 1282 integer (1242 binary)

Root relaxation: objective 1.533891e+00, 516 iterations, 0.02 seconds

    Nodes    |    Current Node    |     Objective Bounds      |     Work
 Expl Unexpl |  Obj  Depth IntInf | Incumbent    BestBd   Gap | It/Node Time

     0     0    1.53389    0   95          -    1.53389      -     -    0s
     0     0    1.53389    0  114          -    1.53389      -     -    0s
H    0     0                       3.7754715    1.53389  59.4%     -    0s
     0     0    1.53389    0  155    3.77547    1.53389  59.4%     -    0s
     0     0    1.59919    0  103    3.77547    1.59919  57.6%     -    0s
H    0     0                       3.5893782    1.59919  55.4%     -    0s
H    0     0                       3.5658342    1.59919  55.2%     -    0s
     0     0    1.60008    0  111    3.56583    1.60008  55.1%     -    0s
     0     0    1.61759    0  115    3.56583    1.61759  54.6%     -    1s
     0     0    1.67356    0  108    3.56583    1.67356  53.1%     -    1s
     0     0    1.71089    0  136    3.56583    1.71089  52.0%     -    1s
     0     0    1.72017    0  148    3.56583    1.72017  51.8%     -    1s
     0     0    1.77655    0  169    3.56583    1.77655  50.2%     -    1s
H    0     0                       3.5131192    1.77655  49.4%     -    1s
     0     0    1.78245    0  184    3.51312    1.78245  49.3%     -    1s
     0     0    1.81435    0  146    3.51312    1.81435  48.4%     -    1s
     0     0    1.81759    0  123    3.51312    1.81759  48.3%     -    1s
     0     0    1.85416    0  122    3.51312    1.85416  47.2%     -    1s
     0     0    1.87019    0  131    3.51312    1.87019  46.8%     -    1s
     0     0    1.87382    0  149    3.51312    1.87382  46.7%     -    1s
     0     0    1.87510    0  152    3.51312    1.87510  46.6%     -    1s
     0     0    1.87553    0  168    3.51312    1.87553  46.6%     -    1s
     0     0    1.87557    0  172    3.51312    1.87557  46.6%     -    1s
     0     0    1.90210    0  203    3.51312    1.90210  45.9%     -    1s
     0     0    1.91899    0  206    3.51312    1.91899  45.4%     -    1s
     0     0    1.92116    0  201    3.51312    1.92116  45.3%     -    1s
     0     0    1.92208    0  203    3.51312    1.92208  45.3%     -    1s
     0     0    1.92231    0  218    3.51312    1.92231  45.3%     -    1s
     0     0    1.92247    0  223    3.51312    1.92247  45.3%     -    1s
     0     0    1.92287    0  216    3.51312    1.92287  45.3%     -    2s
     0     0    1.92306    0  222    3.51312    1.92306  45.3%     -    2s
     0     0    1.92309    0  223    3.51312    1.92309  45.3%     -    2s
     0     0    1.93692    0  173    3.51312    1.93692  44.9%     -    2s
H    0     0                       3.4562539    1.93692  44.0%     -    2s
     0     0    1.94304    0  197    3.45625    1.94304  43.8%     -    2s
     0     0    1.94447    0  193    3.45625    1.94447  43.7%     -    2s
     0     0    1.94527    0  217    3.45625    1.94527  43.7%     -    2s
     0     0    1.94554    0  223    3.45625    1.94554  43.7%     -    2s
     0     0    1.94554    0  223    3.45625    1.94554  43.7%     -    2s
     0     0    1.95828    0  191    3.45625    1.95828  43.3%     -    2s
     0     0    1.96103    0  245    3.45625    1.96103  43.3%     -    2s
     0     0    1.96170    0  194    3.45625    1.96170  43.2%     -    2s
     0     0    1.96179    0  185    3.45625    1.96179  43.2%     -    2s
     0     0    1.96897    0  253    3.45625    1.96897  43.0%     -    2s
     0     0    1.97089    0  211    3.45625    1.97089  43.0%     -    2s
     0     0    1.97239    0  212    3.45625    1.97239  42.9%     -    2s
     0     0    1.97266    0  213    3.45625    1.97266  42.9%     -    2s
     0     0    1.97301    0  217    3.45625    1.97301  42.9%     -    2s
     0     0    1.97314    0  219    3.45625    1.97314  42.9%     -    2s
     0     0    1.97906    0  292    3.45625    1.97906  42.7%     -    2s
     0     0    1.98139    0  286    3.45625    1.98139  42.7%     -    2s
     0     0    1.98178    0  243    3.45625    1.98178  42.7%     -    2s
     0     0    1.98209    0  243    3.45625    1.98209  42.7%     -    2s
     0     0    1.98223    0  242    3.45625    1.98223  42.6%     -    2s
     0     0    1.98599    0  276    3.45625    1.98599  42.5%     -    2s
     0     0    1.98707    0  288    3.45625    1.98707  42.5%     -    2s
     0     0    1.98793    0  275    3.45625    1.98793  42.5%     -    2s
     0     0    1.98811    0  284    3.45625    1.98811  42.5%     -    2s
     0     0    1.98997    0  227    3.45625    1.98997  42.4%     -    3s
     0     0    1.99030    0  247    3.45625    1.99030  42.4%     -    3s
     0     0    1.99058    0  246    3.45625    1.99058  42.4%     -    3s
     0     0    1.99064    0  252    3.45625    1.99064  42.4%     -    3s
     0     0    1.99212    0  214    3.45625    1.99212  42.4%     -    3s
     0     0    1.99212    0  207    3.45625    1.99212  42.4%     -    3s
     0     2    1.99233    0  207    3.45625    1.99233  42.4%     -    3s
H  136   104                       3.3790673    1.99353  41.0%  58.0    5s
H  163   124                       3.3452953    1.99353  40.4%  59.5    5s
H  218   170                       3.3302487    1.99608  40.1%  56.6    5s
H  326   242                       3.2775596    1.99871  39.0%  58.4    6s
   515   353    2.88829   47  201    3.27756    2.00858  38.7%  55.0   10s
H  521   339                       3.2738705    2.02966  38.0%  54.3   12s
   534   347    2.52010    4  227    3.27387    2.04769  37.5%  53.0   15s
   552   359    3.12155   79  210    3.27387    2.05980  37.1%  51.3   20s
H  555   342                       3.2545388    2.06039  36.7%  51.0   22s
H  555   324                       3.2401140    2.06080  36.4%  51.0   26s
   563   332    2.07059   13  233    3.24011    2.06590  36.2%  89.2   30s
   595   353    2.09447   29  205    3.24011    2.08333  35.7%   118   35s
   648   388    2.41063   55  111    3.24011    2.08333  35.7%   146   40s
   847   497    2.16382   19  163    3.24011    2.08348  35.7%   139   45s
H  878   497                       3.2398964    2.08348  35.7%   151   49s
   882   501    2.51742   36  123    3.23990    2.08348  35.7%   153   52s
  1098   619    2.21406   18  145    3.23990    2.10610  35.0%   140   55s
  1295   725    2.24810   41  258    3.23990    2.10635  35.0%   138   60s
  1543   882    2.24206   27  192    3.23990    2.10937  34.9%   134   65s
H 1549   886                       3.2269637    2.10937  34.6%   134   70s
  1788  1107    3.20894  105   52    3.22696    2.11870  34.3%   130   75s
  2091  1349    2.77316  110  110    3.22696    2.12755  34.1%   124   80s
* 2450  1602             128       3.2169585    2.13085  33.8%   116   84s
  2455  1599    2.27214   12  172    3.21696    2.13637  33.6%   117   85s
  2708  1820    2.38747   33  150    3.21696    2.13756  33.6%   116   90s
H 2958  1907                       3.1441917    2.14258  31.9%   113   98s
  3042  1971    2.20053   14  200    3.14419    2.14439  31.8%   113  100s
  3326  2190    2.42920   30  260    3.14419    2.15541  31.4%   111  105s
  3521  2331    2.70232   24  188    3.14419    2.15643  31.4%   114  110s
  3805  2556    2.88991   64  120    3.14419    2.16417  31.2%   113  115s
  4072  2736    2.35600   18  179    3.14419    2.16917  31.0%   114  120s
  4262  2879    2.29305   20  158    3.14419    2.17208  30.9%   113  126s
  4395  2997    2.87802   96  101    3.14419    2.17245  30.9%   114  130s
  4617  3161    2.48677   49  142    3.14419    2.17551  30.8%   115  135s
  4837  3314     cutoff   80         3.14419    2.17751  30.7%   116  140s
H 5101  3502                       3.1392487    2.18656  30.3%   115  153s
  5105  3505    2.34289   27  219    3.13925    2.18656  30.3%   115  155s
  5121  3516    2.85497   68  284    3.13925    2.18656  30.3%   115  160s
H 5124  3341                       3.1016114    2.18656  29.5%   115  167s
  5130  3347    2.18656   21  243    3.10161    2.18656  29.5%   117  170s
  5141  3354    2.18656   26  183    3.10161    2.18656  29.5%   118  175s
  5169  3373    2.26949   40  217    3.10161    2.18656  29.5%   121  180s
  5233  3410    2.38878   72  123    3.10161    2.18656  29.5%   124  185s
  5522  3561     cutoff  217         3.10161    2.18656  29.5%   125  190s
  5849  3722    2.80370  175   85    3.10161    2.18656  29.5%   127  195s
  5957  3753    2.41230   63  150    3.10161    2.18656  29.5%   131  200s
  6171  3887    2.72790  170  106    3.10161    2.18656  29.5%   134  205s
  6549  4029    2.19695   48  214    3.10161    2.18656  29.5%   132  214s
  6555  4033    2.34699   53  153    3.10161    2.18656  29.5%   133  215s
  6764  4146    2.58559   61  131    3.10161    2.18656  29.5%   133  220s
H 6890  4048                       3.1010155    2.18656  29.5%   133  226s
  7144  4139    2.71090  126  128    3.10102    2.18656  29.5%   133  230s
  7483  4339    2.90242  198  106    3.10102    2.18656  29.5%   132  235s
  7749  4449    2.61327   60  181    3.10102    2.19086  29.4%   131  240s
  7987  4540    2.59020   35  172    3.10102    2.20757  28.8%   132  245s
  8123  4609    2.34282   43  200    3.10102    2.20927  28.8%   134  250s
  8347  4752    2.99716  155   72    3.10102    2.20927  28.8%   136  255s
  8777  4938    2.36781   53  190    3.10102    2.22485  28.3%   135  260s
  8957  5045    2.59463   46  112    3.10102    2.22850  28.1%   134  265s
  9475  5278    2.30024   26  189    3.10102    2.23422  28.0%   131  270s
  9688  5399    2.53096   67  127    3.10102    2.23595  27.9%   132  275s
  9999  5554    2.33386   47  203    3.10102    2.23663  27.9%   132  280s
 10206  5665    2.55948   47  146    3.10102    2.23721  27.9%   132  285s
 10482  5767    2.65060   53  104    3.10102    2.24058  27.7%   133  290s
 10826  5911    2.43844   41  139    3.10102    2.24443  27.6%   132  295s

Cutting planes:
  Gomory: 1
  Cover: 43
  Implied bound: 66
  Projected implied bound: 59
  MIR: 315
  Flow cover: 387
  GUB cover: 12
  RLT: 2
  Relax-and-lift: 260

Explored 11073 nodes (1491580 simplex iterations) in 300.00 seconds
Thread count was 1 (of 4 available processors)

Solution count 10: 3.10102 3.10161 3.13925 ... 3.27387

Time limit reached
Best objective 3.101015537097e+00, best bound 2.245895773173e+00, gap 27.5755%

---------------------------------------------------------------------------
Multi-objectives: stopped in 300.01 seconds, solution count 10
Time Limit reached

