Using license file /home/benedond/gurobi.lic
Using gurobi.env file
Set parameter Threads to value 1
Academic license - for non-commercial use only
Changed value of parameter TimeLimit to 300.0
   Prev: inf  Min: 0.0  Max: inf  Default: inf
Gurobi Optimizer version 9.0.1 build v9.0.1rc0 (linux64)
Optimize a model with 3360 rows, 3240 columns and 12918 nonzeros
Model fingerprint: 0x1805d656
Variable types: 40 continuous, 3200 integer (3200 binary)
Coefficient statistics:
  Matrix range     [1e+00, 4e+02]
  Objective range  [4e+01, 4e+02]
  Bounds range     [1e+00, 1e+00]
  RHS range        [1e+00, 2e+03]
Presolve removed 83 rows and 83 columns
Presolve time: 0.28s
Presolved: 3277 rows, 3157 columns, 12586 nonzeros
Variable types: 40 continuous, 3117 integer (3117 binary)

Root relaxation: objective 2.196000e+03, 1006 iterations, 0.04 seconds

    Nodes    |    Current Node    |     Objective Bounds      |     Work
 Expl Unexpl |  Obj  Depth IntInf | Incumbent    BestBd   Gap | It/Node Time

     0     0 2196.00000    0   58          - 2196.00000      -     -    0s
H    0     0                    3689.0000000 2196.00000  40.5%     -    0s
H    0     0                    3336.0000000 2196.00000  34.2%     -    0s
     0     0 2196.00000    0  229 3336.00000 2196.00000  34.2%     -    0s
     0     0 2196.00000    0   50 3336.00000 2196.00000  34.2%     -    4s
     0     0 2196.00000    0   77 3336.00000 2196.00000  34.2%     -    5s
     0     0 2196.00000    0   76 3336.00000 2196.00000  34.2%     -    5s
     0     0 2196.00000    0   62 3336.00000 2196.00000  34.2%     -    5s
H    0     0                    3106.0000000 2196.00000  29.3%     -    5s
     0     0 2196.00000    0   57 3106.00000 2196.00000  29.3%     -    5s
     0     0 2196.00000    0   66 3106.00000 2196.00000  29.3%     -    5s
H    0     0                    3057.0000000 2196.00000  28.2%     -    5s
     0     0 2196.00000    0   61 3057.00000 2196.00000  28.2%     -    5s
     0     0 2196.00000    0   69 3057.00000 2196.00000  28.2%     -    5s
     0     0 2196.00000    0   71 3057.00000 2196.00000  28.2%     -    5s
     0     0 2196.00000    0   60 3057.00000 2196.00000  28.2%     -    5s
     0     0 2196.00000    0   57 3057.00000 2196.00000  28.2%     -    5s
H    0     0                    2998.0000000 2196.00000  26.8%     -    5s
     0     2 2196.00000    0   50 2998.00000 2196.00000  26.8%     -    5s
H   27    21                    2844.0000000 2196.00000  22.8%  96.1    5s
H   54    40                    2788.0000000 2196.00000  21.2%  84.9    6s
H  135   119                    2764.0000000 2196.00000  20.5%  35.4    6s
H  162   144                    2760.0000000 2196.00000  20.4%  29.8    6s
H  354   326                    2713.0000000 2196.00000  19.1%  15.1    7s
H  397   336                    2686.0000000 2196.00000  18.2%  16.7    7s
H  494   422                    2649.0000000 2196.00000  17.1%  17.3    7s
   534   455 2196.00000   16   76 2649.00000 2196.00000  17.1%  34.5   10s
H  591   431                    2645.0000000 2196.00000  17.0%  41.1   11s
H  936   561                    2607.0000000 2196.00000  15.8%  33.5   13s
H  963   555                    2581.0000000 2196.00000  14.9%  32.6   13s
  1580   700 2196.00000   22   75 2581.00000 2196.00000  14.9%  27.1   15s
H 2958  1592                    2561.0000000 2196.00000  14.3%  22.2   18s
  3360  1716 infeasible   41      2561.00000 2196.00000  14.3%  22.8   20s
  5102  2533 2486.65593   86  229 2561.00000 2196.00000  14.3%  22.7   25s
H 5175  2414                    2548.0000000 2196.00000  13.8%  25.0   28s
  5256  2424 2196.00000   54   67 2548.00000 2196.00000  13.8%  25.5   30s
  6908  2824 2196.00000   44   66 2548.00000 2196.00000  13.8%  23.1   35s
  8988  3123 2196.00000   34   70 2548.00000 2196.00000  13.8%  21.4   40s
 11167  3405 2477.09617   50   53 2548.00000 2196.00000  13.8%  21.1   45s
 13748  4281 2357.89953   88   60 2548.00000 2196.00000  13.8%  20.5   50s
 15304  5012 2258.34494   57  229 2548.00000 2196.00000  13.8%  21.0   59s
 15311  5017 2264.04801   58   82 2548.00000 2196.00000  13.8%  20.9   60s
 15486  5040 2196.00000   56   78 2548.00000 2196.00000  13.8%  22.1   65s
 16748  5260 2437.00000   52   46 2548.00000 2196.00000  13.8%  21.8   70s
 18654  5483 2196.00000   46   71 2548.00000 2196.00000  13.8%  21.5   75s
 20374  5457 2199.19046   64   90 2548.00000 2196.00000  13.8%  22.2   80s
 21935  5350 2471.19778   95   50 2548.00000 2239.76129  12.1%  22.3   85s
 25563  5017 2535.58981   84   51 2548.00000 2298.65229  9.79%  21.8   90s
 28997  4276     cutoff   72      2548.00000 2343.88483  8.01%  21.3   95s
 32945  3723 2439.29275   92   48 2548.00000 2406.30156  5.56%  20.7  100s
 37710  4245 2522.87191   97   23 2548.00000 2429.83161  4.64%  19.6  105s
 42287  4297     cutoff   77      2548.00000 2449.76618  3.86%  18.8  110s
 46879  3589 2481.00000   69   26 2548.00000 2471.79951  2.99%  18.1  115s
 51167  2691 2484.00000   77   28 2548.00000 2484.00000  2.51%  17.4  120s
 55494   554 infeasible   89      2548.00000 2515.66190  1.27%  16.8  125s

Cutting planes:
  Gomory: 8
  Cover: 2
  Implied bound: 4
  Projected implied bound: 8
  Clique: 1
  MIR: 61
  Flow cover: 106
  GUB cover: 6
  Relax-and-lift: 30

Explored 56177 nodes (950653 simplex iterations) in 125.60 seconds
Thread count was 1 (of 4 available processors)

Solution count 10: 2548 2561 2581 ... 2764

Optimal solution found (tolerance 1.00e-04)
Best objective 2.548000000000e+03, best bound 2.548000000000e+03, gap 0.0000%
