Using license file /home/benedond/gurobi.lic
Using gurobi.env file
Set parameter Threads to value 1
Academic license - for non-commercial use only
Changed value of parameter TimeLimit to 300.0
   Prev: inf  Min: 0.0  Max: inf  Default: inf
Gurobi Optimizer version 9.0.1 build v9.0.1rc0 (linux64)
Optimize a model with 6600 rows, 3280 columns and 25758 nonzeros
Model fingerprint: 0x57a4d757
Variable types: 40 continuous, 3240 integer (3200 binary)
Coefficient statistics:
  Matrix range     [2e-01, 6e+03]
  Objective range  [6e-04, 2e-01]
  Bounds range     [1e+00, 1e+00]
  RHS range        [1e+00, 6e+03]

---------------------------------------------------------------------------
Multi-objectives: starting optimization with 1 objectives ... 
---------------------------------------------------------------------------
---------------------------------------------------------------------------

Multi-objectives: optimize objective 1 (min avg power cons) ...
---------------------------------------------------------------------------

Optimize a model with 6600 rows, 3280 columns and 25758 nonzeros
Variable types: 40 continuous, 3240 integer (3200 binary)
Coefficient statistics:
  Matrix range     [2e-01, 6e+03]
  Objective range  [6e-04, 2e-01]
  Bounds range     [1e+00, 1e+00]
  RHS range        [1e+00, 6e+03]
Presolve removed 4030 rows and 2000 columns
Presolve time: 0.44s
Presolved: 2570 rows, 1280 columns, 9725 nonzeros
Variable types: 38 continuous, 1242 integer (1204 binary)

Root relaxation: objective 1.519360e+00, 498 iterations, 0.02 seconds

    Nodes    |    Current Node    |     Objective Bounds      |     Work
 Expl Unexpl |  Obj  Depth IntInf | Incumbent    BestBd   Gap | It/Node Time

     0     0    1.51936    0   94          -    1.51936      -     -    0s
     0     0    1.51936    0  137          -    1.51936      -     -    0s
     0     0    1.51936    0  123          -    1.51936      -     -    0s
     0     0    1.53235    0   93          -    1.53235      -     -    0s
H    0     0                       4.1075429    1.53235  62.7%     -    0s
H    0     0                       3.6968057    1.53235  58.5%     -    0s
     0     0    1.53235    0   96    3.69681    1.53235  58.5%     -    0s
     0     0    1.60182    0  116    3.69681    1.60182  56.7%     -    0s
H    0     0                       3.6329257    1.60182  55.9%     -    1s
     0     0    1.60805    0  138    3.63293    1.60805  55.7%     -    1s
     0     0    1.73400    0  126    3.63293    1.73400  52.3%     -    1s
H    0     0                       3.5517257    1.73400  51.2%     -    1s
     0     0    1.74048    0  125    3.55173    1.74048  51.0%     -    1s
     0     0    1.78759    0  140    3.55173    1.78759  49.7%     -    1s
H    0     0                       3.4328057    1.78759  47.9%     -    1s
     0     0    1.78781    0  141    3.43281    1.78781  47.9%     -    1s
     0     0    1.79342    0  140    3.43281    1.79342  47.8%     -    1s
     0     0    1.79954    0  145    3.43281    1.79954  47.6%     -    1s
     0     0    1.83534    0  123    3.43281    1.83534  46.5%     -    1s
     0     0    1.83555    0  127    3.43281    1.83555  46.5%     -    1s
     0     0    1.85199    0  123    3.43281    1.85199  46.1%     -    1s
H    0     0                       3.3458972    1.85199  44.6%     -    1s
     0     0    1.85293    0  119    3.34590    1.85293  44.6%     -    1s
     0     0    1.86008    0  135    3.34590    1.86008  44.4%     -    1s
     0     0    1.86577    0  136    3.34590    1.86577  44.2%     -    1s
     0     0    1.89239    0  226    3.34590    1.89239  43.4%     -    2s
     0     0    1.89810    0  225    3.34590    1.89810  43.3%     -    2s
     0     0    1.89955    0  210    3.34590    1.89955  43.2%     -    2s
     0     0    1.90116    0  236    3.34590    1.90116  43.2%     -    2s
     0     0    1.90160    0  239    3.34590    1.90160  43.2%     -    2s
     0     0    1.90188    0  242    3.34590    1.90188  43.2%     -    2s
     0     0    1.90191    0  244    3.34590    1.90191  43.2%     -    2s
     0     0    1.91728    0  190    3.34590    1.91728  42.7%     -    2s
     0     0    1.92472    0  199    3.34590    1.92472  42.5%     -    2s
     0     0    1.92811    0  200    3.34590    1.92811  42.4%     -    2s
     0     0    1.92972    0  209    3.34590    1.92972  42.3%     -    2s
     0     0    1.93026    0  226    3.34590    1.93026  42.3%     -    2s
     0     0    1.93050    0  225    3.34590    1.93050  42.3%     -    2s
     0     0    1.93072    0  223    3.34590    1.93072  42.3%     -    2s
     0     0    1.93075    0  230    3.34590    1.93075  42.3%     -    2s
     0     0    1.94714    0  215    3.34590    1.94714  41.8%     -    2s
H    0     0                       3.3298629    1.94714  41.5%     -    2s
     0     0    1.95084    0  230    3.32986    1.95084  41.4%     -    2s
     0     0    1.95285    0  237    3.32986    1.95285  41.4%     -    2s
     0     0    1.95341    0  235    3.32986    1.95341  41.3%     -    2s
     0     0    1.95344    0  244    3.32986    1.95344  41.3%     -    2s
     0     0    1.96633    0  221    3.32986    1.96633  40.9%     -    2s
     0     0    1.96806    0  288    3.32986    1.96806  40.9%     -    2s
     0     0    1.96863    0  287    3.32986    1.96863  40.9%     -    2s
     0     0    1.96879    0  292    3.32986    1.96879  40.9%     -    2s
     0     0    1.97520    0  232    3.32986    1.97520  40.7%     -    2s
     0     0    1.97655    0  242    3.32986    1.97655  40.6%     -    2s
     0     0    1.97692    0  256    3.32986    1.97692  40.6%     -    2s
     0     0    1.97705    0  259    3.32986    1.97705  40.6%     -    3s
     0     0    1.98231    0  244    3.32986    1.98231  40.5%     -    3s
     0     0    1.98407    0  245    3.32986    1.98407  40.4%     -    3s
     0     0    1.98449    0  247    3.32986    1.98449  40.4%     -    3s
     0     0    1.98468    0  242    3.32986    1.98468  40.4%     -    3s
     0     0    1.98851    0  243    3.32986    1.98851  40.3%     -    3s
     0     0    1.98997    0  243    3.32986    1.98997  40.2%     -    3s
     0     0    1.99011    0  260    3.32986    1.99011  40.2%     -    3s
     0     0    1.99270    0  235    3.32986    1.99270  40.2%     -    3s
     0     0    1.99349    0  262    3.32986    1.99349  40.1%     -    3s
     0     0    1.99384    0  263    3.32986    1.99384  40.1%     -    3s
     0     0    1.99390    0  240    3.32986    1.99390  40.1%     -    3s
     0     0    1.99506    0  254    3.32986    1.99506  40.1%     -    3s
     0     0    1.99506    0  251    3.32986    1.99506  40.1%     -    3s
     0     2    1.99543    0  249    3.32986    1.99543  40.1%     -    3s
H   27    27                       3.2968172    1.99613  39.5%   173    4s
H   54    54                       3.2751315    1.99613  39.1%   135    4s
    56    58    2.17044   47  148    3.27513    1.99613  39.1%   138    5s
H   81    81                       3.2581600    1.99613  38.7%   116    5s
H  135   127                       3.2487657    1.99613  38.6%  81.3    5s
H  203   190                       3.2460114    1.99613  38.5%  62.7    6s
H  243   226                       3.2390743    1.99613  38.4%  57.5    6s
H  297   272                       3.2330400    1.99645  38.2%  55.5    7s
H  513   417                       3.2253200    1.99703  38.1%  50.5    9s
   516   419    2.74249  171  228    3.22532    1.99703  38.1%  50.2   10s
   535   432    2.69949  144  285    3.22532    2.03727  36.8%  48.4   15s
H  543   414                       3.2178629    2.04548  36.4%  47.7   17s
   552   420    2.29006   30  261    3.21786    2.05353  36.2%  46.9   20s
H  561   404                       3.2165943    2.05845  36.0%  46.1   22s
   570   410    2.32916   79  243    3.21659    2.06227  35.9%  45.4   25s
   588   422    2.71607  172  298    3.21659    2.06517  35.8%  44.0   30s
   606   434    2.28757   52  259    3.21659    2.06781  35.7%  42.7   35s
   624   446    2.14791    6  283    3.21659    2.06945  35.7%  41.5   40s
   642   458    2.07119   15  287    3.21659    2.07119  35.6%  40.3   45s
   662   473    2.28451   45  200    3.21659    2.07198  35.6%  95.6   50s
   680   485    2.27327   64  244    3.21659    2.07359  35.5%  93.1   55s
   698   497    2.28451   42  275    3.21659    2.07442  35.5%  90.7   60s
   714   508    2.28687   51  244    3.21659    2.07503  35.5%  88.7   65s
   734   521    2.21088   31  198    3.21659    2.09185  35.0%   124   70s
H  741   495                       3.1762286    2.09353  34.1%   128   71s
   782   522    2.40333   55  161    3.17623    2.10733  33.7%   146   75s
   840   560    2.18458   84  172    3.17623    2.10733  33.7%   160   80s
   954   636    2.57482  141   98    3.17623    2.10733  33.7%   166   85s
  1352   827    2.62009  121  105    3.17623    2.10787  33.6%   146   90s
H 1624   893                       3.1618686    2.12330  32.8%   144   94s
  1688   910    3.00058  161   67    3.16187    2.12330  32.8%   140   95s
  1975  1054    2.60741   76  101    3.16187    2.12733  32.7%   132  103s
  2113  1145    2.22483   60  179    3.16187    2.12936  32.7%   128  105s
  2841  1748    2.66499  135   94    3.16187    2.13580  32.5%   109  110s
  3258  2049    2.31499   59  206    3.16187    2.14171  32.3%   107  115s
  3618  2360    2.82568   51  192    3.16187    2.14862  32.0%   105  120s
  3759  2499    2.76108  122  146    3.16187    2.14862  32.0%   113  125s
  4076  2777    2.88275   80   57    3.16187    2.15103  32.0%   116  130s
  4388  3044    2.74427   81  118    3.16187    2.15875  31.7%   118  135s
  5001  3496    2.26016   26  169    3.16187    2.16413  31.6%   112  140s
  5392  3808    2.73797   60  141    3.16187    2.17306  31.3%   111  145s
H 5398  3810                       3.1579772    2.17306  31.2%   111  146s
  5497  3896    2.64518   68  153    3.15798    2.17315  31.2%   115  150s
  5793  4109    2.43262   79  177    3.15798    2.17373  31.2%   116  155s
H 5907  4191                       3.1532972    2.17516  31.0%   115  164s
  5931  4217    2.90103   55   93    3.15330    2.17516  31.0%   115  165s
  6200  4419    2.27261   60  238    3.15330    2.18040  30.9%   115  170s
  6424  4594    2.94913   87   67    3.15330    2.18180  30.8%   116  175s
H 6475  4598                       3.1383714    2.18349  30.4%   116  181s
  6642  4717    2.54929  106  140    3.13837    2.18470  30.4%   117  185s
  6809  4849    2.83937   80  136    3.13837    2.18549  30.4%   120  190s
  7128  5074    2.29611   56  181    3.13837    2.19046  30.2%   120  195s
  7479  5349    2.36349   56  185    3.13837    2.19290  30.1%   121  200s
H 7484  5232                       3.1003886    2.19290  29.3%   121  201s
  7645  5358    2.30697   59  158    3.10039    2.19473  29.2%   122  205s
  7952  5593    2.34181   44  170    3.10039    2.19656  29.2%   122  210s
  8207  5768    2.19969   48  191    3.10039    2.19738  29.1%   123  215s
  8477  5938    2.67966   51  166    3.10039    2.19993  29.0%   124  225s
  8770  6138    2.34967   51  193    3.10039    2.20104  29.0%   123  230s
  9046  6362    2.57743   65  146    3.10039    2.20122  29.0%   124  235s
  9257  6516    2.33812   46  151    3.10039    2.20207  29.0%   125  240s
  9781  6911    2.23208   40  170    3.10039    2.20446  28.9%   123  245s
 10062  7113    2.40397   58  177    3.10039    2.20616  28.8%   124  250s
 10203  7219    2.31303   88  251    3.10039    2.20739  28.8%   125  299s

Cutting planes:
  Gomory: 11
  Cover: 31
  Implied bound: 47
  Projected implied bound: 40
  MIR: 138
  Flow cover: 198
  GUB cover: 4
  Zero half: 1
  Mod-K: 1
  RLT: 1
  Relax-and-lift: 283

Explored 10206 nodes (1294628 simplex iterations) in 300.00 seconds
Thread count was 1 (of 4 available processors)

Solution count 10: 3.10039 3.13837 3.1533 ... 3.23304

Time limit reached
Best objective 3.100388575298e+00, best bound 2.207390421470e+00, gap 28.8028%

---------------------------------------------------------------------------
Multi-objectives: stopped in 300.01 seconds, solution count 10
Time Limit reached

