Using license file /home/benedond/gurobi.lic
Using gurobi.env file
Set parameter Threads to value 1
Academic license - for non-commercial use only
Changed value of parameter TimeLimit to 300.0
   Prev: inf  Min: 0.0  Max: inf  Default: inf
Gurobi Optimizer version 9.0.1 build v9.0.1rc0 (linux64)
Optimize a model with 5200 rows, 5050 columns and 20148 nonzeros
Model fingerprint: 0x45beda39
Variable types: 50 continuous, 5000 integer (5000 binary)
Coefficient statistics:
  Matrix range     [1e+00, 4e+02]
  Objective range  [3e+01, 4e+02]
  Bounds range     [1e+00, 1e+00]
  RHS range        [1e+00, 2e+03]
Presolve removed 47 rows and 47 columns
Presolve time: 0.29s
Presolved: 5153 rows, 5003 columns, 19960 nonzeros
Variable types: 50 continuous, 4953 integer (4953 binary)

Root relaxation: objective 2.392000e+03, 1358 iterations, 0.07 seconds

    Nodes    |    Current Node    |     Objective Bounds      |     Work
 Expl Unexpl |  Obj  Depth IntInf | Incumbent    BestBd   Gap | It/Node Time

     0     0 2392.00000    0   74          - 2392.00000      -     -    1s
     0     0 2392.00000    0  248          - 2392.00000      -     -    1s
     0     0 2392.00000    0   74          - 2392.00000      -     -    7s
H    0     0                    5251.0000000 2392.00000  54.4%     -    7s
H    0     0                    4190.0000000 2392.00000  42.9%     -    7s
     0     0 2392.00000    0  116 4190.00000 2392.00000  42.9%     -    7s
     0     0 2392.00000    0   80 4190.00000 2392.00000  42.9%     -    7s
     0     0 2392.00000    0   76 4190.00000 2392.00000  42.9%     -    7s
     0     0 2392.00000    0   70 4190.00000 2392.00000  42.9%     -    7s
     0     0 2392.00000    0   73 4190.00000 2392.00000  42.9%     -    7s
     0     0 2392.00000    0   81 4190.00000 2392.00000  42.9%     -    7s
     0     0 2392.00000    0   91 4190.00000 2392.00000  42.9%     -    8s
     0     0 2392.00000    0   91 4190.00000 2392.00000  42.9%     -    8s
     0     0 2392.00000    0   89 4190.00000 2392.00000  42.9%     -    8s
     0     0 2392.00000    0   87 4190.00000 2392.00000  42.9%     -    8s
     0     2 2392.00000    0   73 4190.00000 2392.00000  42.9%     -    8s
H   27    24                    4067.0000000 2392.00000  41.2%   291   11s
H  181   173                    3953.0000000 2392.00000  39.5%  53.6   13s
H  300   291                    3911.0000000 2392.00000  38.8%  34.2   14s
   303   296 2474.18683  294  164 3911.00000 2392.00000  38.8%  33.9   15s
H  388   376                    3839.0000000 2392.00000  37.7%  27.4   16s
   808   781 2499.43494  799  186 3839.00000 2392.00000  37.7%  16.0   20s
H  882   793                    3806.0000000 2392.00000  37.2%  15.3   24s
   886   795 2477.52139  352  123 3806.00000 2392.00000  37.2%  15.3   25s
H  895   760                    3783.0000000 2392.00000  36.8%  15.1   26s
H  901   726                    3676.0000000 2392.00000  34.9%  15.0   28s
   912   736 2855.62178   16   87 3676.00000 2392.00000  34.9%  33.5   30s
H 1010   742                    3666.0000000 2392.00000  34.8%  43.3   32s
H 1037   721                    3599.0000000 2392.00000  33.5%  42.9   32s
H 1118   737                    3598.0000000 2392.00000  33.5%  41.1   33s
  1254   812 3238.34466  187   64 3598.00000 2392.00000  33.5%  37.7   35s
H 1566   836                    3500.0000000 2392.00000  31.7%  33.4   37s
H 1701   803                    3465.0000000 2392.00000  31.0%  33.4   38s
  1893   914 2624.14567  120   85 3465.00000 2392.00000  31.0%  33.7   40s
H 1975   931                    3451.0000000 2392.00000  30.7%  32.7   41s
H 2686  1303                    3348.0000000 2392.00000  28.6%  27.8   44s
H 2888  1379                    3339.0000000 2392.00000  28.4%  26.6   44s
  3047  1524 2392.00000  119   93 3339.00000 2392.00000  28.4%  26.2   45s
  4580  2718 2397.03084   21  151 3339.00000 2392.00000  28.4%  23.2   50s
  5102  3165 3214.50585  251  248 3339.00000 2392.00000  28.4%  22.0   58s
  5109  3170 2392.00000   19  112 3339.00000 2392.00000  28.4%  21.9   60s
  5126  3182 2392.00000   26   95 3339.00000 2392.00000  28.4%  25.9   65s
H 5255  3044                    3323.0000000 2392.00000  28.0%  28.1   69s
  5291  3062 2676.80177  108   97 3323.00000 2392.00000  28.0%  28.1   70s
H 5598  2994                    3321.0000000 2392.00000  28.0%  31.5   75s
H 5907  2918                    3320.0000000 2392.00000  28.0%  32.3   78s
  6054  2972 2392.00000   61   93 3320.00000 2392.00000  28.0%  32.7   80s
  6863  3390 3024.83709   41   78 3320.00000 2392.00000  28.0%  34.2   85s
  7873  3732 3219.03908   92   57 3320.00000 2392.00000  28.0%  33.3   90s
  8337  3987 2996.35243  144   83 3320.00000 2392.00000  28.0%  34.9   95s
H 9153  4098                    3304.0000000 2392.00000  27.6%  34.7   98s
  9709  4304 2392.00000   64   99 3304.00000 2392.00000  27.6%  34.1  100s
 11184  4845 2392.00000   58   92 3304.00000 2392.00000  27.6%  32.9  105s
 13150  5763 2737.07077   62   88 3304.00000 2392.00000  27.6%  31.5  110s
 15227  7275 2854.41776  105   74 3304.00000 2392.00000  27.6%  30.1  115s
 15303  7345     cutoff  180      3304.00000 2392.00000  27.6%  30.0  123s
 15513  7485     cutoff   67      3304.00000 2392.00000  27.6%  30.2  125s
 16628  8228 2392.00000   60   97 3304.00000 2392.00000  27.6%  30.6  130s
 17863  9130 2806.02654   80   77 3304.00000 2392.00000  27.6%  31.0  135s
 18744  9766 3069.69427   52   89 3304.00000 2392.00000  27.6%  30.6  140s
 19924 10658 2794.47570  105   88 3304.00000 2392.00000  27.6%  30.9  145s
 20641 11132 2392.00000   51  100 3304.00000 2392.00000  27.6%  31.1  150s
 21514 11810 3139.28041  106   83 3304.00000 2392.00000  27.6%  31.4  155s
 22619 12585 2522.32294   58  100 3304.00000 2392.00000  27.6%  31.5  160s
 23701 13383 3094.24289   50   89 3304.00000 2392.00000  27.6%  31.9  165s
 24585 14001 2720.41117   84  105 3304.00000 2392.00000  27.6%  32.0  170s
H25575 14672                    3296.0000000 2392.00000  27.4%  31.7  174s
 25599 14660     cutoff   55      3296.00000 2392.00000  27.4%  31.8  175s
H25603 14613                    3291.0000000 2392.00000  27.3%  31.9  175s
 27214 15701     cutoff  104      3291.00000 2392.00000  27.3%  31.4  180s
 28727 16626 2722.47816   99  100 3291.00000 2392.00000  27.3%  31.0  185s
 30475 17784 3234.46523  117   58 3291.00000 2392.00000  27.3%  30.6  190s
 31731 18556 2675.29993   49   95 3291.00000 2392.00000  27.3%  30.7  195s
 32790 19219 3091.68721   64   65 3291.00000 2392.00000  27.3%  31.1  200s
H32935 19253                    3286.0000000 2392.00000  27.2%  31.1  200s
H33115 19311                    3283.0000000 2392.00000  27.1%  31.4  202s
 33548 19562 2960.00000   87   89 3283.00000 2392.00000  27.1%  31.4  205s
 34182 20007 2960.00000   57   89 3283.00000 2392.00000  27.1%  32.1  210s
 34496 20240 2804.00270   85   78 3283.00000 2392.00000  27.1%  32.2  215s
 35020 20537     cutoff   86      3283.00000 2392.00000  27.1%  32.7  220s
 35707 20899 3082.66781  108   98 3283.00000 2392.00000  27.1%  33.0  225s
 36924 21627 2906.09515   69   77 3283.00000 2392.00000  27.1%  32.8  230s
 37939 22297 2405.58977   69  109 3283.00000 2392.00000  27.1%  33.1  235s
 38994 23051     cutoff  128      3283.00000 2392.00000  27.1%  33.4  240s
 39540 23384 3193.36690  106   69 3283.00000 2392.00000  27.1%  33.4  245s
 40808 24245 2700.00340   99   96 3283.00000 2392.00000  27.1%  33.3  250s
 42111 25111 3238.90498  131   61 3283.00000 2392.00000  27.1%  33.2  255s
 43350 25947 3074.95660   76   70 3283.00000 2392.00000  27.1%  33.3  260s
 44956 26827 3143.88105   49   66 3283.00000 2392.00000  27.1%  33.2  265s
 45909 27479 2987.24242   56   67 3283.00000 2392.00000  27.1%  33.3  270s
 47205 28313 2978.58918   69   62 3283.00000 2392.00000  27.1%  33.3  275s
 48619 29090 2705.22708   36  107 3283.00000 2392.00000  27.1%  33.3  280s
 49187 29405 3141.60622   81   58 3283.00000 2392.00000  27.1%  33.4  285s
 50114 29992 3245.19836  109   47 3283.00000 2392.00000  27.1%  33.5  290s
 51368 30750     cutoff   94      3283.00000 2392.00000  27.1%  33.5  295s

Cutting planes:
  Gomory: 3
  Implied bound: 1
  Projected implied bound: 12
  Clique: 2
  MIR: 17
  Flow cover: 53
  GUB cover: 4
  Zero half: 1
  RLT: 1
  Relax-and-lift: 26

Explored 52824 nodes (1782750 simplex iterations) in 300.00 seconds
Thread count was 1 (of 4 available processors)

Solution count 10: 3283 3286 3291 ... 3348

Time limit reached
Best objective 3.283000000000e+03, best bound 2.392000000002e+03, gap 27.1398%
