Using license file /home/benedond/gurobi.lic
Using gurobi.env file
Set parameter Threads to value 1
Academic license - for non-commercial use only
Changed value of parameter TimeLimit to 300.0
   Prev: inf  Min: 0.0  Max: inf  Default: inf
Gurobi Optimizer version 9.0.1 build v9.0.1rc0 (linux64)
Optimize a model with 12375 rows, 6160 columns and 48618 nonzeros
Model fingerprint: 0x6dc4a98d
Variable types: 55 continuous, 6105 integer (6050 binary)
Coefficient statistics:
  Matrix range     [2e-01, 7e+03]
  Objective range  [4e-04, 1e-01]
  Bounds range     [1e+00, 1e+00]
  RHS range        [1e+00, 7e+03]

---------------------------------------------------------------------------
Multi-objectives: starting optimization with 1 objectives ... 
---------------------------------------------------------------------------
---------------------------------------------------------------------------

Multi-objectives: optimize objective 1 (min avg power cons) ...
---------------------------------------------------------------------------

Optimize a model with 12375 rows, 6160 columns and 48618 nonzeros
Variable types: 55 continuous, 6105 integer (6050 binary)
Coefficient statistics:
  Matrix range     [2e-01, 7e+03]
  Objective range  [4e-04, 1e-01]
  Bounds range     [1e+00, 1e+00]
  RHS range        [1e+00, 7e+03]
Presolve removed 3010 rows and 1505 columns
Presolve time: 0.73s
Presolved: 9365 rows, 4655 columns, 36578 nonzeros
Variable types: 55 continuous, 4600 integer (4545 binary)

Root relaxation: objective 1.632118e+00, 1130 iterations, 0.09 seconds

    Nodes    |    Current Node    |     Objective Bounds      |     Work
 Expl Unexpl |  Obj  Depth IntInf | Incumbent    BestBd   Gap | It/Node Time

     0     0    1.63212    0  130          -    1.63212      -     -    5s
H    0     0                       3.9799213    1.63212  59.0%     -    6s
H    0     0                       3.5541496    1.63212  54.1%     -    9s
     0     0    1.63212    0  134    3.55415    1.63212  54.1%     -   10s
     0     0    1.63212    0  133    3.55415    1.63212  54.1%     -   12s
H    0     0                       3.4934449    1.63212  53.3%     -   12s
     0     0    1.63212    0  152    3.49344    1.63212  53.3%     -   13s
     0     0    1.63212    0  167    3.49344    1.63212  53.3%     -   13s
     0     0    1.63585    0  232    3.49344    1.63585  53.2%     -   13s
     0     0    1.63635    0  250    3.49344    1.63635  53.2%     -   13s
     0     0    1.68201    0  265    3.49344    1.68201  51.9%     -   14s
     0     0    1.70971    0  251    3.49344    1.70971  51.1%     -   14s
     0     0    1.74914    0  228    3.49344    1.74914  49.9%     -   15s
     0     0    1.75212    0  275    3.49344    1.75212  49.8%     -   15s
     0     0    1.80570    0  280    3.49344    1.80570  48.3%     -   16s
     0     0    1.81223    0  376    3.49344    1.81223  48.1%     -   16s
     0     0    1.82208    0  271    3.49344    1.82208  47.8%     -   16s
     0     0    1.82477    0  271    3.49344    1.82477  47.8%     -   17s
     0     0    1.83983    0  307    3.49344    1.83983  47.3%     -   17s
     0     0    1.84322    0  301    3.49344    1.84322  47.2%     -   17s
     0     0    1.85712    0  317    3.49344    1.85712  46.8%     -   17s
     0     0    1.85933    0  310    3.49344    1.85933  46.8%     -   17s
     0     0    1.86583    0  335    3.49344    1.86583  46.6%     -   18s
     0     0    1.86722    0  338    3.49344    1.86722  46.6%     -   18s
     0     0    1.87484    0  377    3.49344    1.87484  46.3%     -   18s
H    0     0                       3.4693701    1.87484  46.0%     -   18s
     0     0    1.87601    0  384    3.46937    1.87601  45.9%     -   19s
     0     0    1.88028    0  350    3.46937    1.88028  45.8%     -   19s
     0     0    1.88136    0  385    3.46937    1.88136  45.8%     -   19s
     0     0    1.88368    0  388    3.46937    1.88368  45.7%     -   19s
     0     0    1.88444    0  391    3.46937    1.88444  45.7%     -   20s
     0     0    1.88753    0  402    3.46937    1.88753  45.6%     -   20s
     0     0    1.88868    0  414    3.46937    1.88868  45.6%     -   20s
     0     0    1.89210    0  396    3.46937    1.89210  45.5%     -   21s
H    0     0                       3.4684607    1.89210  45.4%     -   22s
     0     0    1.89283    0  454    3.46846    1.89283  45.4%     -   22s
     0     0    1.89416    0  354    3.46846    1.89416  45.4%     -   23s
     0     0    1.89466    0  356    3.46846    1.89466  45.4%     -   23s
     0     0    1.89562    0  415    3.46846    1.89562  45.3%     -   23s
     0     0    1.89614    0  443    3.46846    1.89614  45.3%     -   23s
     0     0    1.89746    0  409    3.46846    1.89746  45.3%     -   23s
     0     0    1.89793    0  392    3.46846    1.89793  45.3%     -   24s
     0     0    1.89844    0  426    3.46846    1.89844  45.3%     -   24s
     0     0    1.89910    0  363    3.46846    1.89910  45.2%     -   24s
     0     0    1.90008    0  437    3.46846    1.90008  45.2%     -   25s
     0     0    1.90044    0  455    3.46846    1.90044  45.2%     -   25s
     0     0    1.90087    0  362    3.46846    1.90087  45.2%     -   25s
     0     0    1.90101    0  441    3.46846    1.90101  45.2%     -   25s
     0     0    1.90157    0  373    3.46846    1.90157  45.2%     -   26s
     0     0    1.90157    0  372    3.46846    1.90157  45.2%     -   26s
     0     2    1.90224    0  371    3.46846    1.90224  45.2%     -   26s
    22    24    2.03453   16  290    3.46846    1.90560  45.1%   880   30s
H   54    52                       3.4495433    1.90560  44.8%   668   35s
H   81    77                       3.4422126    1.90560  44.6%   463   36s
H  108   100                       3.4296299    1.90560  44.4%   365   36s
H  135   127                       3.4215473    1.90560  44.3%   294   37s
   268   244    1.97788    1  298    3.42155    1.90707  44.3%   162   40s
H  270   244                       3.4210669    1.90707  44.3%   165   41s
H  297   271                       3.4096536    1.90707  44.1%   192   46s
H  324   298                       3.3995788    1.90707  43.9%   186   47s
H  351   323                       3.3821496    1.90707  43.6%   199   51s
H  378   348                       3.3769685    1.90707  43.5%   212   54s
   395   361    2.27557  100  261    3.37697    1.90707  43.5%   212   55s
H  397   361                       3.3743465    1.90707  43.5%   212   57s
H  405   365                       3.3736378    1.90707  43.5%   215   59s
   440   400    2.39351  138  319    3.37364    1.90707  43.5%   208   60s
H  445   399                       3.2960236    1.90707  42.1%   212   61s
H  510   457                       3.2839764    1.90707  41.9%   210   68s
   511   458    2.52397  143  134    3.28398    1.90707  41.9%   210   72s
H  512   436                       3.2804331    1.90707  41.9%   209   73s
   516   438    2.13839   16  292    3.28043    1.90707  41.9%   208   75s
H  525   421                       3.2655788    1.90707  41.6%   204   79s
   527   423    2.82874   81  425    3.26558    1.90707  41.6%   203   80s
   534   427    1.91139   14  447    3.26558    1.91139  41.5%   241   85s
   542   433    1.99775   18  285    3.26558    1.91624  41.3%   255   90s
   556   442    2.03004   25  281    3.26558    1.92366  41.1%   271   95s
H  557   420                       3.2453347    1.92366  40.7%   271   95s
   574   431    2.24811   34  325    3.24533    1.93093  40.5%   290  100s
H  584   415                       3.2271339    1.93355  40.1%   298  104s
   587   419    1.93982   41  313    3.22713    1.93579  40.0%   302  105s
H  591   400                       3.2267559    1.93983  39.9%   307  108s
   593   404    1.94872   44  332    3.22676    1.93983  39.9%   309  110s
   611   416    1.96259   53  298    3.22676    1.93983  39.9%   324  115s
   632   430    2.07038   63  212    3.22676    1.93983  39.9%   340  120s
H  638   413                       3.2242953    1.93983  39.8%   344  122s
H  665   413                       3.2165512    1.93983  39.7%   351  126s
   680   425    2.36479   87  257    3.21655    1.93983  39.7%   358  130s
H  688   412                       3.2065827    1.93983  39.5%   361  133s
H  692   399                       3.2035473    1.93983  39.4%   362  134s
   694   402    2.33399   94  264    3.20355    1.93983  39.4%   367  135s
   823   486    2.63492  159   94    3.20355    1.93983  39.4%   315  140s
  1039   612    2.00561   34  257    3.20355    1.94000  39.4%   262  145s
H 1048   599                       3.1978189    1.94000  39.3%   262  146s
  1076   618    2.09752   52  219    3.19782    1.94000  39.3%   264  150s
  1114   643    2.51293   71  189    3.19782    1.94000  39.3%   268  155s
H 1116   628                       3.1966418    1.94000  39.3%   268  156s
H 1155   632                       3.1931969    1.94000  39.2%   265  159s
  1162   639    2.43109   95  132    3.19320    1.94000  39.2%   265  160s
  1422   823    2.18848   58  215    3.19320    1.94981  38.9%   229  165s
  1488   887    2.32258   93  139    3.19320    1.94981  38.9%   230  170s
H 1491   888                       3.1816063    1.94981  38.7%   230  172s
  1690  1049    1.98276   22  342    3.18161    1.95814  38.5%   209  175s
  1721  1080    2.15332   46  207    3.18161    1.95814  38.5%   215  180s
  1748  1107    2.12072   68  247    3.18161    1.95814  38.5%   219  185s
H 1750  1107                       3.1795355    1.95814  38.4%   219  186s
  1776  1135    2.23962   84  230    3.17954    1.95814  38.4%   223  190s
  1827  1186    2.45735  118  133    3.17954    1.95814  38.4%   223  195s
  1935  1294    2.59758  199   93    3.17954    1.95814  38.4%   216  200s
H 1975  1329                       3.1782992    1.95814  38.4%   215  211s
  2011  1365    2.81291  232   77    3.17830    1.95814  38.4%   213  215s
  2092  1417    2.04389   60  314    3.17830    1.95932  38.4%   211  220s
  2128  1453    2.13538   88  232    3.17830    1.95932  38.4%   215  225s
  2198  1523    2.25126  135  162    3.17830    1.95932  38.4%   217  230s
  2331  1650    2.96224  234   94    3.17830    1.95932  38.4%   215  235s
  2503  1782    2.21972   55  287    3.17830    1.97719  37.8%   207  240s
  2743  1999    2.58519   99  192    3.17830    1.97726  37.8%   194  245s
  2870  2102    2.09454   30  308    3.17830    1.98380  37.6%   190  250s
  2932  2164    2.29356   92  220    3.17830    1.98380  37.6%   191  255s
  3069  2278    2.50663   64  212    3.17830    1.98428  37.6%   188  260s
  3303  2510    2.88852  214   65    3.17830    1.98428  37.6%   181  265s
  3449  2634    2.14794   76  258    3.17830    1.98458  37.6%   177  270s
  3528  2698    2.24162   28  267    3.17830    1.98473  37.6%   178  275s
  3638  2765    2.11237   38  313    3.17830    1.98665  37.5%   177  280s
  3766  2883    2.09656   31  326    3.17830    1.98887  37.4%   175  285s
  3861  2958    2.04023   27  308    3.17830    1.98900  37.4%   175  291s
  3882  2979    2.10749   48  334    3.17830    1.98900  37.4%   177  295s

Cutting planes:
  Gomory: 3
  Cover: 1
  Implied bound: 127
  Projected implied bound: 55
  MIR: 171
  Flow cover: 156
  GUB cover: 6
  Zero half: 1
  Mod-K: 2
  RLT: 1
  Relax-and-lift: 433

Explored 3934 nodes (754208 simplex iterations) in 300.00 seconds
Thread count was 1 (of 4 available processors)

Solution count 10: 3.1783 3.17954 3.18161 ... 3.2243

Time limit reached
Best objective 3.178299239190e+00, best bound 1.988997541629e+00, gap 37.4194%

---------------------------------------------------------------------------
Multi-objectives: stopped in 300.01 seconds, solution count 10
Time Limit reached

