Using license file /home/benedond/gurobi.lic
Using gurobi.env file
Set parameter Threads to value 1
Academic license - for non-commercial use only
Changed value of parameter TimeLimit to 300.0
   Prev: inf  Min: 0.0  Max: inf  Default: inf
Gurobi Optimizer version 9.0.1 build v9.0.1rc0 (linux64)
Optimize a model with 6270 rows, 6105 columns and 24363 nonzeros
Model fingerprint: 0xd7c38809
Variable types: 55 continuous, 6050 integer (6050 binary)
Coefficient statistics:
  Matrix range     [1e+00, 4e+02]
  Objective range  [3e+01, 4e+02]
  Bounds range     [1e+00, 1e+00]
  RHS range        [1e+00, 2e+03]
Presolve removed 32 rows and 32 columns
Presolve time: 0.29s
Presolved: 6238 rows, 6073 columns, 24235 nonzeros
Variable types: 55 continuous, 6018 integer (6018 binary)

Root relaxation: objective 2.799000e+03, 1769 iterations, 0.13 seconds

    Nodes    |    Current Node    |     Objective Bounds      |     Work
 Expl Unexpl |  Obj  Depth IntInf | Incumbent    BestBd   Gap | It/Node Time

     0     0 2799.00000    0   73          - 2799.00000      -     -    1s
H    0     0                    7188.0000000 2799.00000  61.1%     -    1s
H    0     0                    5844.0000000 2799.00000  52.1%     -    2s
     0     0 2799.00000    0   55 5844.00000 2799.00000  52.1%     -    2s
     0     0 2799.00000    0   73 5844.00000 2799.00000  52.1%     -    9s
H    0     0                    5431.0000000 2799.00000  48.5%     -    9s
     0     0 2799.00000    0   87 5431.00000 2799.00000  48.5%     -    9s
     0     0 2799.00000    0   81 5431.00000 2799.00000  48.5%     -    9s
     0     0 2799.00000    0   77 5431.00000 2799.00000  48.5%     -    9s
     0     0 2799.00000    0  102 5431.00000 2799.00000  48.5%     -    9s
     0     0 2799.00000    0   72 5431.00000 2799.00000  48.5%     -   10s
     0     0 2799.00000    0   85 5431.00000 2799.00000  48.5%     -   10s
     0     0 2799.00000    0   81 5431.00000 2799.00000  48.5%     -   10s
     0     0 2799.00000    0   91 5431.00000 2799.00000  48.5%     -   10s
     0     0 2799.00000    0   99 5431.00000 2799.00000  48.5%     -   10s
     0     0 2799.00000    0   99 5431.00000 2799.00000  48.5%     -   11s
     0     2 2799.00000    0   79 5431.00000 2799.00000  48.5%     -   11s
     8     9 4537.00000    4  533 5431.00000 2799.00000  48.5%   442   15s
H    9     8                    4914.0000000 2799.00000  43.0%   393   16s
    83    72 2799.00000   62   92 4914.00000 2799.00000  43.0%   173   20s
H  227   208                    4869.0000000 2799.00000  42.5%  75.0   21s
   511   453 2799.00000   45   55 4869.00000 2799.00000  42.5%  48.0   40s
   534   470 2799.00000   11   98 4869.00000 2799.00000  42.5%  79.4   45s
H  591   471                    4006.0000000 2799.00000  30.1%  85.3   48s
H  611   456                    3950.0000000 2799.00000  29.1%  83.0   49s
H  638   449                    3913.0000000 2799.00000  28.5%  79.9   49s
H  692   438                    3909.0000000 2799.00000  28.4%  78.3   49s
   730   461 3674.06474   56   58 3909.00000 2799.00000  28.4%  76.5   50s
H  746   439                    3867.0000000 2799.00000  27.6%  75.6   50s
H  908   512                    3861.0000000 2799.00000  27.5%  65.3   51s
H 1205   605                    3845.0000000 2799.00000  27.2%  53.3   52s
H 1259   621                    3832.0000000 2799.00000  27.0%  53.7   53s
H 1421   680                    3810.0000000 2799.00000  26.5%  50.7   55s
H 1448   701                    3801.0000000 2799.00000  26.4%  49.9   55s
H 1975  1117                    3764.0000000 2799.00000  25.6%  40.0   58s
H 2209  1308                    3750.0000000 2799.00000  25.4%  36.9   59s
  2410  1491 2977.22838   24   98 3750.00000 2799.00000  25.4%  35.0   60s
  4183  2828 3560.77014   57   77 3750.00000 2799.00000  25.4%  27.3   65s
  5102  3510 2895.18259   55   55 3750.00000 2799.00000  25.4%  26.1   71s
  5118  3521 3522.22724   80  101 3750.00000 2799.00000  25.4%  26.1   75s
  5157  3533 2851.77722   40  103 3750.00000 2799.00000  25.4%  30.0   80s
H 5281  3380                    3708.0000000 2799.00000  24.5%  30.5   82s
H 5335  3208                    3681.0000000 2799.00000  24.0%  30.5   83s
  5439  3230 3488.00479   28   74 3681.00000 2799.00000  24.0%  31.6   85s
  5931  3443 2799.00000   49   89 3681.00000 2799.00000  24.0%  31.3   90s
  6890  3829 2799.00000   74   87 3681.00000 2799.00000  24.0%  29.5   96s
  7436  4003 2799.00000   49  101 3681.00000 2799.00000  24.0%  28.9  100s
  8891  4566     cutoff   65      3681.00000 2799.00000  24.0%  27.7  105s
 10187  5011 2887.40460   89  112 3681.00000 2799.00000  24.0%  27.2  110s
 10775  5292 infeasible  198      3681.00000 2799.00000  24.0%  26.4  115s
H11682  5500                    3675.0000000 2799.00000  23.8%  25.9  119s
 11840  5523 2799.00000   40   96 3675.00000 2799.00000  23.8%  25.9  120s
 13029  5987 3426.92959   87   58 3675.00000 2799.00000  23.8%  25.5  125s
H13624  6011                    3671.0000000 2799.00000  23.8%  25.3  126s
 15001  6935 2818.67047   51  101 3671.00000 2799.00000  23.8%  24.5  130s
 15303  7181     cutoff   78      3671.00000 2799.00000  23.8%  24.6  144s
 15524  7298 3549.68650  189   59 3671.00000 2799.00000  23.8%  24.4  145s
 16273  7815 3442.49631   83   74 3671.00000 2799.00000  23.8%  24.2  150s
 17458  8616 2799.00000   62  110 3671.00000 2799.00000  23.8%  24.3  155s
 18606  9410 2817.31533   44  113 3671.00000 2799.00000  23.8%  24.5  160s
 19997 10379 3191.69313   84   86 3671.00000 2799.00000  23.8%  24.3  165s
 20404 10691 2799.00000   78   96 3671.00000 2799.00000  23.8%  24.7  171s
 20687 10881 3516.90976   66   66 3671.00000 2799.00000  23.8%  24.9  175s
 21785 11717 3210.62625   76   97 3671.00000 2799.00000  23.8%  24.9  180s
 23291 12743 3518.43057   74   76 3671.00000 2799.00000  23.8%  24.5  185s
 24876 13850 3185.08388   48   88 3671.00000 2799.00000  23.8%  24.3  190s
 25505 14247 3061.32039   80  102 3671.00000 2799.00000  23.8%  24.4  195s
 26073 14613 2799.00000   48   98 3671.00000 2799.00000  23.8%  24.5  200s
 27019 15212 2799.00000   32  103 3671.00000 2799.00000  23.8%  24.9  205s
 27676 15616 3478.15677   75   67 3671.00000 2799.00000  23.8%  24.8  210s
 28998 16441 3592.10758  113   42 3671.00000 2799.00000  23.8%  24.7  215s
 30224 17210 3472.03920   75   81 3671.00000 2799.00000  23.8%  24.9  220s
 30659 17516 3621.41546  114   58 3671.00000 2799.00000  23.8%  25.0  225s
 31694 18192 2876.35163   81  101 3671.00000 2799.00000  23.8%  25.1  230s
 32448 18685 3168.57473   87   85 3671.00000 2799.00000  23.8%  25.3  235s
 33292 19202 2799.00000   61   93 3671.00000 2799.00000  23.8%  25.3  240s
 34470 20027 2800.41227   48  116 3671.00000 2799.00000  23.8%  25.4  245s
 35707 20807 3365.00000   84   70 3671.00000 2799.00000  23.8%  25.4  252s
 36184 21087     cutoff   69      3671.00000 2799.00000  23.8%  25.6  255s
H36354 21152                    3666.0000000 2799.00000  23.6%  25.6  255s
 37420 21752 3118.00000   51   82 3666.00000 2799.00000  23.6%  25.6  260s
H37475 21784                    3663.0000000 2799.00000  23.6%  25.5  260s
 38622 22517 3109.55923  101   94 3663.00000 2799.00000  23.6%  25.5  265s
 39741 23266 3557.09993   55   56 3663.00000 2799.00000  23.6%  25.5  270s
 40320 23677 3124.84863   87   97 3663.00000 2799.00000  23.6%  25.5  275s
 40808 23984 3547.44941   76   63 3663.00000 2799.00000  23.6%  25.6  280s
 41768 24638 2891.37136   63  103 3663.00000 2799.00000  23.6%  25.6  285s
 42777 25208 3636.00000   49   59 3663.00000 2799.00000  23.6%  25.7  290s
 44040 26021 3156.70511   64   91 3663.00000 2799.00000  23.6%  25.6  295s

Cutting planes:
  Gomory: 4
  Implied bound: 2
  Projected implied bound: 8
  MIR: 14
  Flow cover: 46
  Relax-and-lift: 15

Explored 45246 nodes (1189002 simplex iterations) in 300.01 seconds
Thread count was 1 (of 4 available processors)

Solution count 10: 3663 3666 3671 ... 3810

Time limit reached
Best objective 3.663000000000e+03, best bound 2.799000000002e+03, gap 23.5872%
