Using license file /home/benedond/gurobi.lic
Using gurobi.env file
Set parameter Threads to value 1
Academic license - for non-commercial use only
Changed value of parameter TimeLimit to 300.0
   Prev: inf  Min: 0.0  Max: inf  Default: inf
Gurobi Optimizer version 9.0.1 build v9.0.1rc0 (linux64)
Optimize a model with 6270 rows, 6105 columns and 24363 nonzeros
Model fingerprint: 0x347db33f
Variable types: 55 continuous, 6050 integer (6050 binary)
Coefficient statistics:
  Matrix range     [1e+00, 5e+02]
  Objective range  [4e+01, 5e+02]
  Bounds range     [1e+00, 1e+00]
  RHS range        [1e+00, 2e+03]
Presolve removed 43 rows and 43 columns
Presolve time: 0.34s
Presolved: 6227 rows, 6062 columns, 24191 nonzeros
Variable types: 55 continuous, 6007 integer (6007 binary)

Root relaxation: objective 3.120000e+03, 1633 iterations, 0.10 seconds

    Nodes    |    Current Node    |     Objective Bounds      |     Work
 Expl Unexpl |  Obj  Depth IntInf | Incumbent    BestBd   Gap | It/Node Time

     0     0 3120.00000    0   85          - 3120.00000      -     -    1s
H    0     0                    7587.0000000 3120.00000  58.9%     -    1s
H    0     0                    7240.0000000 3120.00000  56.9%     -    1s
H    0     0                    5398.0000000 3120.00000  42.2%     -    2s
     0     0 3120.00000    0  329 5398.00000 3120.00000  42.2%     -    2s
     0     0 3120.00000    0   78 5398.00000 3120.00000  42.2%     -    9s
H    0     0                    5008.0000000 3120.00000  37.7%     -    9s
     0     0 3120.00000    0  112 5008.00000 3120.00000  37.7%     -   10s
     0     0 3120.00000    0  141 5008.00000 3120.00000  37.7%     -   10s
     0     0 3120.00000    0   65 5008.00000 3120.00000  37.7%     -   10s
     0     0 3120.00000    0   66 5008.00000 3120.00000  37.7%     -   10s
     0     0 3120.00000    0  104 5008.00000 3120.00000  37.7%     -   11s
     0     0 3120.00000    0   84 5008.00000 3120.00000  37.7%     -   11s
     0     0 3120.00000    0   62 5008.00000 3120.00000  37.7%     -   11s
     0     0 3120.00000    0   95 5008.00000 3120.00000  37.7%     -   11s
     0     0 3120.00000    0   58 5008.00000 3120.00000  37.7%     -   11s
     0     0 3120.00000    0  119 5008.00000 3120.00000  37.7%     -   11s
     0     0 3120.00000    0   74 5008.00000 3120.00000  37.7%     -   11s
     0     0 3120.00000    0   73 5008.00000 3120.00000  37.7%     -   11s
     0     0 3120.00000    0   62 5008.00000 3120.00000  37.7%     -   11s
     0     0 3120.00000    0   44 5008.00000 3120.00000  37.7%     -   12s
     0     0 3120.00000    0   81 5008.00000 3120.00000  37.7%     -   12s
     0     0 3120.00000    0   69 5008.00000 3120.00000  37.7%     -   12s
     0     0 3120.00000    0   58 5008.00000 3120.00000  37.7%     -   12s
     0     0 3120.00000    0   71 5008.00000 3120.00000  37.7%     -   13s
     0     0 3120.00000    0   59 5008.00000 3120.00000  37.7%     -   13s
     0     0 3120.00000    0   59 5008.00000 3120.00000  37.7%     -   13s
     0     0 3120.00000    0  109 5008.00000 3120.00000  37.7%     -   13s
     0     0 3120.00000    0   55 5008.00000 3120.00000  37.7%     -   13s
     0     0 3120.00000    0   87 5008.00000 3120.00000  37.7%     -   13s
     0     0 3120.00000    0   57 5008.00000 3120.00000  37.7%     -   13s
     0     0 3120.00000    0  105 5008.00000 3120.00000  37.7%     -   13s
     0     0 3120.00000    0   57 5008.00000 3120.00000  37.7%     -   13s
     0     0 3120.00000    0   46 5008.00000 3120.00000  37.7%     -   13s
     0     2 3120.00000    0   46 5008.00000 3120.00000  37.7%     -   14s
     1     3 4237.16567    1  295 5008.00000 3120.00000  37.7%  2652   15s
H   27    24                    4743.0000000 3120.00000  34.2%   188   16s
H  206   168                    4701.0000000 3120.00000  33.6%  81.0   19s
   263   224 3333.58498  243   69 4701.00000 3120.00000  33.6%  70.1   20s
H  560   467                    4334.0000000 3120.00000  28.0%  46.7   22s
   577   471 4142.66050  436  329 4334.00000 3120.00000  28.0%  45.8   31s
H  578   448                    4314.0000000 3120.00000  27.7%  45.7   31s
H  587   431                    4220.0000000 3120.00000  26.1%  45.0   33s
   598   440 3120.00000   15   74 4220.00000 3120.00000  26.1%  68.3   35s
H  677   453                    4151.0000000 3120.00000  24.8%  69.4   38s
H  688   433                    4004.0000000 3120.00000  22.1%  68.8   39s
H  704   417                    3982.0000000 3120.00000  21.6%  67.8   39s
H  731   401                    3823.0000000 3120.00000  18.4%  65.6   39s
   813   401 3120.00000   30   64 3823.00000 3120.00000  18.4%  60.2   40s
H  981   403                    3791.0000000 3120.00000  17.7%  55.1   42s
H 1089   437                    3773.0000000 3120.00000  17.3%  51.6   43s
H 1199   481                    3747.0000000 3120.00000  16.7%  47.6   44s
  1253   477 3213.40111   51   62 3747.00000 3120.00000  16.7%  46.5   45s
  2579  1187 3123.56000   39   75 3747.00000 3120.00000  16.7%  29.7   50s
H 2958  1325                    3694.0000000 3120.00000  15.5%  28.1   51s
H 3637  1779                    3690.0000000 3120.00000  15.4%  26.3   54s
  3903  1970     cutoff   93      3690.00000 3120.00000  15.4%  25.5   55s
H 4684  2417                    3673.0000000 3120.00000  15.1%  23.9   57s
  5102  2756 3423.00000   51  329 3673.00000 3120.00000  15.1%  22.7   65s
  5122  2770 3215.74358   25  103 3673.00000 3120.00000  15.1%  26.4   70s
  5310  2837 3276.62992   46   64 3673.00000 3120.00000  15.1%  27.7   75s
  5784  2938 3500.80633  116   85 3673.00000 3120.00000  15.1%  28.1   80s
H 5962  2839                    3667.0000000 3120.00000  14.9%  28.0   81s
  6878  3013     cutoff  146      3667.00000 3120.00000  14.9%  28.4   85s
  7873  3247 3409.03497   65   55 3667.00000 3120.00000  14.9%  29.3   90s
  9234  3716 3423.00000   70   56 3667.00000 3120.00000  14.9%  28.2   95s
 10202  4090 3609.90065  117  109 3667.00000 3120.00000  14.9%  28.8  100s
H11083  4244                    3664.0000000 3120.00000  14.8%  29.6  104s
 11217  4298 3131.11565   40   72 3664.00000 3120.00000  14.8%  29.6  105s
H11805  4335                    3654.0000000 3120.00000  14.6%  29.6  108s
 11861  4327 3455.20967   40   58 3654.00000 3120.00000  14.6%  29.6  110s
 13510  5190 3370.42056   60   76 3654.00000 3120.00000  14.6%  29.1  115s
 15303  6297 3464.48815   72   58 3654.00000 3120.00000  14.6%  28.5  129s
 15544  6447 3232.76334   53   67 3654.00000 3120.00000  14.6%  28.5  130s
 16730  7099     cutoff  112      3654.00000 3120.00000  14.6%  28.9  135s
H17461  7532                    3652.0000000 3120.00000  14.6%  29.2  138s
H17581  7540                    3644.0000000 3120.00000  14.4%  29.2  138s
 17703  7628 3120.00000   47   72 3644.00000 3120.00000  14.4%  29.3  140s
 18728  8190 3510.01436   99   86 3644.00000 3120.00000  14.4%  29.3  145s
 19926  8942     cutoff   42      3644.00000 3120.00000  14.4%  29.6  150s
 21009  9613     cutoff   37      3644.00000 3120.00000  14.4%  29.4  155s
 22427 10432 3502.55283   69   57 3644.00000 3120.00000  14.4%  29.6  160s
 23601 11192 3565.64889  108   64 3644.00000 3120.00000  14.4%  29.3  165s
 24650 11749 3470.65717   83   46 3644.00000 3120.00000  14.4%  29.1  170s
 25924 12439 3163.37382   51   80 3644.00000 3120.00000  14.4%  28.9  175s
 27478 13088 3120.00000   50   73 3644.00000 3120.00000  14.4%  28.9  180s
 29010 13931 3120.00000   59   74 3644.00000 3120.00000  14.4%  28.9  185s
 29943 14435 3501.19703   78   55 3644.00000 3120.00000  14.4%  29.2  190s
 30537 14802 3584.20618  105   79 3644.00000 3120.00000  14.4%  29.2  195s
 31190 15134 3120.00000   53   77 3644.00000 3120.00000  14.4%  29.6  200s
 32179 15578 3120.00000   51   63 3644.00000 3120.00000  14.4%  29.7  205s
 33231 16070 3124.00162   54   75 3644.00000 3120.00000  14.4%  29.9  210s
 34424 16811 3273.01193   55   74 3644.00000 3120.00000  14.4%  30.2  215s
 35397 17384 3543.33889  116   67 3644.00000 3120.00000  14.4%  30.3  220s
 35734 17560 3371.76447   59   84 3644.00000 3120.00000  14.4%  30.3  225s
 37108 18325 3164.43996   63   82 3644.00000 3120.00000  14.4%  30.3  230s
 38160 18822 3612.30987   42   48 3644.00000 3120.00000  14.4%  30.6  235s
 38906 19232     cutoff   70      3644.00000 3120.00000  14.4%  31.0  240s
 39745 19678 3472.29373   48   61 3644.00000 3120.00000  14.4%  31.2  245s
 40808 20134 infeasible  112      3644.00000 3120.00000  14.4%  31.2  250s
 42063 20801 3469.44197   70   60 3644.00000 3120.00000  14.4%  31.2  255s
 42645 21154 3420.25617   85   58 3644.00000 3120.00000  14.4%  31.2  260s
 44073 21962 3592.29959   61   71 3644.00000 3120.00000  14.4%  31.1  265s
 45307 22565 infeasible   56      3644.00000 3120.00000  14.4%  31.1  270s
 46889 23150     cutoff   96      3644.00000 3120.00000  14.4%  30.9  275s
 47870 23698 3168.70260   67   77 3644.00000 3120.00000  14.4%  31.3  280s
 48934 24382 3260.36124   50   67 3644.00000 3120.00000  14.4%  31.4  285s
 49369 24665 3451.67327  138   61 3644.00000 3120.00000  14.4%  31.5  290s
 50524 25330 3358.49835   51   70 3644.00000 3120.00000  14.4%  31.4  295s
 51456 25831 3120.00000   52   65 3644.00000 3120.00000  14.4%  31.4  300s

Cutting planes:
  Gomory: 4
  Projected implied bound: 8
  MIR: 12
  Flow cover: 49
  GUB cover: 13
  Relax-and-lift: 27

Explored 51457 nodes (1662638 simplex iterations) in 300.00 seconds
Thread count was 1 (of 4 available processors)

Solution count 10: 3644 3652 3654 ... 3773

Time limit reached
Best objective 3.644000000000e+03, best bound 3.120000000019e+03, gap 14.3798%
