Using license file /home/benedond/gurobi.lic
Using gurobi.env file
Set parameter Threads to value 1
Academic license - for non-commercial use only
Changed value of parameter TimeLimit to 300.0
   Prev: inf  Min: 0.0  Max: inf  Default: inf
Gurobi Optimizer version 9.0.1 build v9.0.1rc0 (linux64)
Optimize a model with 5200 rows, 5050 columns and 20148 nonzeros
Model fingerprint: 0x7957ee52
Variable types: 50 continuous, 5000 integer (5000 binary)
Coefficient statistics:
  Matrix range     [1e+00, 5e+02]
  Objective range  [4e+01, 5e+02]
  Bounds range     [1e+00, 1e+00]
  RHS range        [1e+00, 2e+03]
Presolve removed 58 rows and 58 columns
Presolve time: 0.33s
Presolved: 5142 rows, 4992 columns, 19916 nonzeros
Variable types: 50 continuous, 4942 integer (4942 binary)

Root relaxation: objective 2.772000e+03, 1525 iterations, 0.07 seconds

    Nodes    |    Current Node    |     Objective Bounds      |     Work
 Expl Unexpl |  Obj  Depth IntInf | Incumbent    BestBd   Gap | It/Node Time

     0     0 2772.00000    0  107          - 2772.00000      -     -    0s
H    0     0                    6167.0000000 2772.00000  55.1%     -    0s
H    0     0                    4510.0000000 2772.00000  38.5%     -    0s
H    0     0                    4165.0000000 2772.00000  33.4%     -    1s
     0     0 2772.00000    0  276 4165.00000 2772.00000  33.4%     -    1s
     0     0 2772.00000    0   42 4165.00000 2772.00000  33.4%     -    8s
     0     0 2772.00000    0  115 4165.00000 2772.00000  33.4%     -    9s
     0     0 2772.00000    0  109 4165.00000 2772.00000  33.4%     -    9s
     0     0 2772.00000    0   49 4165.00000 2772.00000  33.4%     -    9s
     0     0 2772.00000    0   69 4165.00000 2772.00000  33.4%     -    9s
     0     0 2772.00000    0   57 4165.00000 2772.00000  33.4%     -    9s
     0     0 2772.00000    0   89 4165.00000 2772.00000  33.4%     -    9s
     0     0 2772.00000    0   63 4165.00000 2772.00000  33.4%     -    9s
     0     0 2772.00000    0   74 4165.00000 2772.00000  33.4%     -    9s
     0     0 2772.00000    0   51 4165.00000 2772.00000  33.4%     -    9s
     0     0 2772.00000    0   51 4165.00000 2772.00000  33.4%     -    9s
     0     2 2772.00000    0   45 4165.00000 2772.00000  33.4%     -    9s
     3     5 2772.00000    2  125 4165.00000 2772.00000  33.4%   217   10s
H  234   188                    3851.0000000 2772.00000  28.0%  61.3   14s
   261   211 2772.00000   48   55 3851.00000 2772.00000  28.0%  65.2   15s
   511   426 2772.00000    8  276 3851.00000 2772.00000  28.0%  51.3   23s
   526   436 2772.00000   21   67 3851.00000 2772.00000  28.0%  49.9   25s
H  559   415                    3541.0000000 2772.00000  21.7%  81.0   28s
   597   429 3292.08218   43   70 3541.00000 2772.00000  21.7%  80.2   30s
H  857   435                    3463.0000000 2772.00000  20.0%  61.5   32s
  1300   630 2772.00000   26   46 3463.00000 2772.00000  20.0%  46.1   35s
H 2958  1854                    3438.0000000 2772.00000  19.4%  26.5   39s
H 2979  1825                    3403.0000000 2772.00000  18.5%  26.6   39s
  3107  1918 3342.00000   92   58 3403.00000 2772.00000  18.5%  26.0   40s
H 4698  2930                    3362.0000000 2772.00000  17.5%  21.9   43s
H 4949  3130                    3361.0000000 2772.00000  17.5%  21.6   43s
  5102  3240 3342.34562   78  276 3361.00000 2772.00000  17.5%  21.5   48s
  5115  3249 2772.00000   50   70 3361.00000 2772.00000  17.5%  21.4   50s
  5338  3309 3292.92820   51   72 3361.00000 2772.00000  17.5%  25.2   55s
  6220  3439 2821.73195   82   63 3361.00000 2772.00000  17.5%  24.1   60s
H 7364  3420                    3343.0000000 2772.00000  17.1%  23.0   62s
H 7873  3244                    3310.0000000 2772.00000  16.3%  22.6   64s
  7902  3254 2772.00000   65   63 3310.00000 2772.00000  16.3%  22.7   65s
 10202  3575 2927.10968   57   60 3310.00000 2772.00000  16.3%  21.4   70s
 11825  3886 3172.42825   91   39 3310.00000 2772.00000  16.3%  21.0   75s
 14166  4405 2998.68678  109   77 3310.00000 2772.00000  16.3%  20.4   80s
 15303  5144 3237.80224  117   45 3310.00000 2772.00000  16.3%  19.9   88s
 16071  5691 3141.17104  114   72 3310.00000 2772.00000  16.3%  19.7   90s
 17709  6771 2772.00000   46   69 3310.00000 2772.00000  16.3%  19.4   95s
 19816  8046 3114.05698   86   59 3310.00000 2772.00000  16.3%  19.1  100s
 21833  9372     cutoff  101      3310.00000 2772.00000  16.3%  18.8  105s
 24078 10729     cutoff   43      3310.00000 2772.00000  16.3%  18.6  110s
 25567 11616 3251.00000   47   39 3310.00000 2772.00000  16.3%  18.5  115s
 26839 12433 3013.59800   59   54 3310.00000 2772.00000  16.3%  18.6  120s
 28981 13568 2976.59466   51   62 3310.00000 2772.00000  16.3%  18.6  125s
 30606 14486 2772.00000   50   78 3310.00000 2772.00000  16.3%  18.6  130s
 32936 15872 3268.56996   43   54 3310.00000 2772.00000  16.3%  18.5  135s
 34819 16966 2772.00000   50   78 3310.00000 2772.00000  16.3%  18.5  140s
H35226 17175                    3305.0000000 2772.00000  16.1%  18.6  141s
 35506 17334 3259.86794   59   82 3305.00000 2772.00000  16.1%  18.6  145s
 36912 18122 3243.18380   88   50 3305.00000 2772.00000  16.1%  18.7  150s
 38628 19061 2772.00000   47   65 3305.00000 2772.00000  16.1%  18.8  155s
 40336 20056 2915.50147   50   61 3305.00000 2772.00000  16.1%  18.9  160s
 41694 20857 2772.00000   48   56 3305.00000 2772.00000  16.1%  19.1  165s
 43287 21681 3034.00000   64   69 3305.00000 2772.00000  16.1%  19.2  170s
 44969 22514 3041.08642   37   61 3305.00000 2772.00000  16.1%  19.3  175s
 46238 23264 3120.04461   66   62 3305.00000 2772.00000  16.1%  19.2  180s
*47131 23577             108    3297.0000000 2772.00000  15.9%  19.4  183s
 47490 23728 2856.67393   39   75 3297.00000 2772.00000  15.9%  19.4  185s
 49088 24458 3117.00000   71   71 3297.00000 2772.00000  15.9%  19.6  190s
 51010 25476     cutoff   66      3297.00000 2772.00000  15.9%  19.7  195s
 52308 26003 3244.00000   67   49 3297.00000 2772.00000  15.9%  19.9  200s
 53941 26820 3095.17600   83   56 3297.00000 2772.00000  15.9%  20.0  205s
H54475 27006                    3296.0000000 2772.00000  15.9%  20.0  206s
 55143 27343 3201.73446   74   48 3296.00000 2772.00000  15.9%  20.1  210s
 56877 28279 3126.22283   74   55 3296.00000 2772.00000  15.9%  20.1  215s
 58798 29203     cutoff   54      3296.00000 2772.00000  15.9%  20.2  220s
H59024 28979                    3288.0000000 2772.00000  15.7%  20.2  220s
H59888 28494                    3265.0000000 2772.00000  15.1%  20.3  223s
 60493 28770 2781.24527   45   71 3265.00000 2772.00000  15.1%  20.3  225s
H60538 26648                    3233.0000000 2772.00000  14.3%  20.3  225s
 61507 26923 3062.00000   71   64 3233.00000 2772.00000  14.3%  20.5  230s
 62776 27365 2938.22872   47   68 3233.00000 2772.00000  14.3%  20.7  235s
 63149 27422 3034.00000   55   74 3233.00000 2772.00000  14.3%  20.8  240s
 64879 28220 3019.91358   62   51 3233.00000 2772.00000  14.3%  20.8  245s
 65855 28670 2772.00000   58  108 3233.00000 2772.00000  14.3%  21.0  250s
 66458 29032 3159.83527  103   70 3233.00000 2772.00000  14.3%  21.3  255s
 67520 29455 3053.13077   83   54 3233.00000 2772.00000  14.3%  21.5  260s
 68662 29917 2954.00000  107   58 3233.00000 2772.00000  14.3%  21.8  265s
 69874 30320     cutoff  108      3233.00000 2772.00000  14.3%  22.0  270s
 71008 30795 3097.76000   91   64 3233.00000 2772.00000  14.3%  22.1  275s
 71768 31061 3147.93906   86   52 3233.00000 2772.00000  14.3%  22.2  280s
 72307 31227 2974.89171   46   82 3233.00000 2772.00000  14.3%  22.4  285s
 72913 31417 3206.40061   92   54 3233.00000 2772.00000  14.3%  22.6  290s
 73911 31886 2772.00000   48   60 3233.00000 2772.00000  14.3%  22.7  295s

Cutting planes:
  Gomory: 5
  Implied bound: 7
  Projected implied bound: 9
  MIR: 11
  Flow cover: 56
  Relax-and-lift: 18

Explored 75187 nodes (1737376 simplex iterations) in 300.00 seconds
Thread count was 1 (of 4 available processors)

Solution count 10: 3233 3265 3288 ... 3362

Time limit reached
Best objective 3.233000000000e+03, best bound 2.772000000015e+03, gap 14.2592%
