{
    "assignmentCharacteristics": [
        {
            "command": "./matrix-4M -v0 -c1 -i100",
            "resourceAssignments": [
                {
                    "intercept": 2.6500000953674316,
                    "length": 58,
                    "processors": [
                        {
                            "processingUnits": 1,
                            "processor": "A72"
                        }
                    ],
                    "slope": 2.009999990463257
                },
                {
                    "intercept": 0.8799999952316284,
                    "length": 163,
                    "processors": [
                        {
                            "processingUnits": 1,
                            "processor": "A53"
                        }
                    ],
                    "slope": 0.5
                }
            ],
            "task": "0_matrix-4M"
        },
        {
            "command": "/root/thermobench/build/benchmarks/mem/membench -t1 -f -r -w -s 1000",
            "resourceAssignments": [
                {
                    "intercept": 0.8500000238418579,
                    "length": 140,
                    "processors": [
                        {
                            "processingUnits": 1,
                            "processor": "A72"
                        }
                    ],
                    "slope": 0.7699999809265137
                },
                {
                    "intercept": 0.23000000417232513,
                    "length": 248,
                    "processors": [
                        {
                            "processingUnits": 1,
                            "processor": "A53"
                        }
                    ],
                    "slope": 0.18000000715255737
                }
            ],
            "task": "1_membench-1K-RW-R"
        },
        {
            "command": "/root/thermobench/build/benchmarks/tinyrenderer/tinyrenderer -f /root/thermobench/benchmarks/tinyrenderer/obj/diablo3_pose/*.obj",
            "resourceAssignments": [
                {
                    "intercept": 2.2300000190734863,
                    "length": 133,
                    "processors": [
                        {
                            "processingUnits": 1,
                            "processor": "A72"
                        }
                    ],
                    "slope": 1.1399999856948853
                },
                {
                    "intercept": 1.2799999713897705,
                    "length": 270,
                    "processors": [
                        {
                            "processingUnits": 1,
                            "processor": "A53"
                        }
                    ],
                    "slope": 0.27000001072883606
                }
            ],
            "task": "2_tinyrenderer-diablo"
        },
        {
            "command": "/root/thermobench/build/benchmarks/mem/membench -t1 -f -w -s 4000000",
            "resourceAssignments": [
                {
                    "intercept": 3.2100000381469727,
                    "length": 137,
                    "processors": [
                        {
                            "processingUnits": 1,
                            "processor": "A72"
                        }
                    ],
                    "slope": 0.3799999952316284
                },
                {
                    "intercept": 1.9700000286102295,
                    "length": 325,
                    "processors": [
                        {
                            "processingUnits": 1,
                            "processor": "A53"
                        }
                    ],
                    "slope": 0.47999998927116394
                }
            ],
            "task": "3_membench-4M-RW-S"
        },
        {
            "command": "./pntrch-4M -v0 -c1 -i1",
            "resourceAssignments": [
                {
                    "intercept": 2.009999990463257,
                    "length": 91,
                    "processors": [
                        {
                            "processingUnits": 1,
                            "processor": "A72"
                        }
                    ],
                    "slope": 1.8300000429153442
                },
                {
                    "intercept": 0.5400000214576721,
                    "length": 268,
                    "processors": [
                        {
                            "processingUnits": 1,
                            "processor": "A53"
                        }
                    ],
                    "slope": 0.4099999964237213
                }
            ],
            "task": "4_pntrch-4M"
        }
    ],
    "environment": {
        "majorFrameLength": 260,
        "problemVersion": 1,
        "processors": [
            {
                "name": "A53",
                "processingUnits": 4,
                "type": "main_processor"
            },
            {
                "name": "A72",
                "processingUnits": 2,
                "type": "main_processor"
            }
        ],
        "scPart": 1.0
    },
    "solution": {
        "feasible": false,
        "solutionTime": 38,
        "solverMetadata": {
            "objective": "-1"
        },
        "solverName": "HEUR",
        "windows": []
    },
    "tasks": []
}