Using license file /home/benedond/gurobi.lic
Using gurobi.env file
Set parameter Threads to value 1
Academic license - for non-commercial use only
Changed value of parameter TimeLimit to 299.9999303817749
   Prev: inf  Min: 0.0  Max: inf  Default: inf
Gurobi Optimizer version 9.0.1 build v9.0.1rc0 (linux64)
Optimize a model with 6271 rows, 6105 columns and 24418 nonzeros
Model fingerprint: 0x08df1124
Variable types: 55 continuous, 6050 integer (6050 binary)
Coefficient statistics:
  Matrix range     [1e+00, 4e+02]
  Objective range  [0e+00, 0e+00]
  Bounds range     [1e+00, 1e+00]
  RHS range        [1e+00, 2e+03]
Presolve removed 162 rows and 161 columns
Presolve time: 0.51s
Presolved: 6109 rows, 5944 columns, 23719 nonzeros
Variable types: 55 continuous, 5889 integer (5889 binary)

Root relaxation: objective 0.000000e+00, 910 iterations, 0.04 seconds

    Nodes    |    Current Node    |     Objective Bounds      |     Work
 Expl Unexpl |  Obj  Depth IntInf | Incumbent    BestBd   Gap | It/Node Time

     0     0    0.00000    0   22          -    0.00000      -     -    0s
H    0     0                       0.0000000    0.00000  0.00%     -    0s
     0     0    0.00000    0   22    0.00000    0.00000  0.00%     -    0s

Explored 1 nodes (3197 simplex iterations) in 0.86 seconds
Thread count was 1 (of 4 available processors)

Solution count 1: 0 

Optimal solution found (tolerance 1.00e-04)
Best objective 0.000000000000e+00, best bound 0.000000000000e+00, gap 0.0000%
Changed value of parameter TimeLimit to 298.82786440849304
   Prev: inf  Min: 0.0  Max: inf  Default: inf
Gurobi Optimizer version 9.0.1 build v9.0.1rc0 (linux64)
Optimize a model with 6272 rows, 6105 columns and 24473 nonzeros
Model fingerprint: 0x39c2a2e8
Variable types: 55 continuous, 6050 integer (6050 binary)
Coefficient statistics:
  Matrix range     [1e+00, 4e+02]
  Objective range  [0e+00, 0e+00]
  Bounds range     [1e+00, 1e+00]
  RHS range        [1e+00, 2e+03]
Presolve removed 261 rows and 259 columns
Presolve time: 0.56s
Presolved: 6011 rows, 5846 columns, 23327 nonzeros
Variable types: 55 continuous, 5791 integer (5791 binary)

Root relaxation: objective 0.000000e+00, 815 iterations, 0.04 seconds

    Nodes    |    Current Node    |     Objective Bounds      |     Work
 Expl Unexpl |  Obj  Depth IntInf | Incumbent    BestBd   Gap | It/Node Time

     0     0    0.00000    0   59          -    0.00000      -     -    0s
H    0     0                       0.0000000    0.00000  0.00%     -    0s
     0     0    0.00000    0   59    0.00000    0.00000  0.00%     -    0s

Explored 1 nodes (2318 simplex iterations) in 0.82 seconds
Thread count was 1 (of 4 available processors)

Solution count 1: 0 

Optimal solution found (tolerance 1.00e-04)
Best objective 0.000000000000e+00, best bound 0.000000000000e+00, gap 0.0000%
Changed value of parameter TimeLimit to 297.7143907546997
   Prev: inf  Min: 0.0  Max: inf  Default: inf
Gurobi Optimizer version 9.0.1 build v9.0.1rc0 (linux64)
Optimize a model with 6273 rows, 6105 columns and 24528 nonzeros
Model fingerprint: 0xbdcac952
Variable types: 55 continuous, 6050 integer (6050 binary)
Coefficient statistics:
  Matrix range     [1e+00, 4e+02]
  Objective range  [0e+00, 0e+00]
  Bounds range     [1e+00, 1e+00]
  RHS range        [1e+00, 2e+03]
Presolve removed 368 rows and 365 columns
Presolve time: 0.64s
Presolved: 5905 rows, 5740 columns, 22903 nonzeros
Variable types: 55 continuous, 5685 integer (5685 binary)

Root relaxation: objective 0.000000e+00, 691 iterations, 0.04 seconds

    Nodes    |    Current Node    |     Objective Bounds      |     Work
 Expl Unexpl |  Obj  Depth IntInf | Incumbent    BestBd   Gap | It/Node Time

     0     0    0.00000    0   62          -    0.00000      -     -    0s
     0     0    0.00000    0    2          -    0.00000      -     -    1s
     0     0    0.00000    0   36          -    0.00000      -     -    7s
     0     0    0.00000    0   20          -    0.00000      -     -    7s
     0     0    0.00000    0   48          -    0.00000      -     -    8s
H    0     0                       0.0000000    0.00000  0.00%     -    8s
     0     0    0.00000    0   48    0.00000    0.00000  0.00%     -    8s

Cutting planes:
  Gomory: 2
  MIR: 7
  Relax-and-lift: 8

Explored 1 nodes (9091 simplex iterations) in 8.14 seconds
Thread count was 1 (of 4 available processors)

Solution count 1: 0 

Optimal solution found (tolerance 1.00e-04)
Best objective 0.000000000000e+00, best bound 0.000000000000e+00, gap 0.0000%
Changed value of parameter TimeLimit to 289.2832314968109
   Prev: inf  Min: 0.0  Max: inf  Default: inf
Gurobi Optimizer version 9.0.1 build v9.0.1rc0 (linux64)
Optimize a model with 6274 rows, 6105 columns and 24583 nonzeros
Model fingerprint: 0xc2ff6d07
Variable types: 55 continuous, 6050 integer (6050 binary)
Coefficient statistics:
  Matrix range     [1e+00, 4e+02]
  Objective range  [0e+00, 0e+00]
  Bounds range     [1e+00, 1e+00]
  RHS range        [1e+00, 2e+03]
Presolve removed 463 rows and 459 columns
Presolve time: 0.66s
Presolved: 5811 rows, 5646 columns, 22527 nonzeros
Variable types: 55 continuous, 5591 integer (5591 binary)

Root relaxation: objective 0.000000e+00, 843 iterations, 0.04 seconds

    Nodes    |    Current Node    |     Objective Bounds      |     Work
 Expl Unexpl |  Obj  Depth IntInf | Incumbent    BestBd   Gap | It/Node Time

     0     0    0.00000    0   34          -    0.00000      -     -    0s
H    0     0                       0.0000000    0.00000  0.00%     -    0s
     0     0    0.00000    0   34    0.00000    0.00000  0.00%     -    0s

Explored 1 nodes (2371 simplex iterations) in 0.89 seconds
Thread count was 1 (of 4 available processors)

Solution count 1: 0 

Optimal solution found (tolerance 1.00e-04)
Best objective 0.000000000000e+00, best bound 0.000000000000e+00, gap 0.0000%
Changed value of parameter TimeLimit to 288.1016352176666
   Prev: inf  Min: 0.0  Max: inf  Default: inf
Gurobi Optimizer version 9.0.1 build v9.0.1rc0 (linux64)
Optimize a model with 6275 rows, 6105 columns and 24638 nonzeros
Model fingerprint: 0xdcd5b95e
Variable types: 55 continuous, 6050 integer (6050 binary)
Coefficient statistics:
  Matrix range     [1e+00, 4e+02]
  Objective range  [0e+00, 0e+00]
  Bounds range     [1e+00, 1e+00]
  RHS range        [1e+00, 2e+03]
Presolve removed 570 rows and 565 columns
Presolve time: 0.71s
Presolved: 5705 rows, 5540 columns, 22103 nonzeros
Variable types: 55 continuous, 5485 integer (5485 binary)

Root relaxation: objective 0.000000e+00, 834 iterations, 0.04 seconds

    Nodes    |    Current Node    |     Objective Bounds      |     Work
 Expl Unexpl |  Obj  Depth IntInf | Incumbent    BestBd   Gap | It/Node Time

     0     0    0.00000    0   62          -    0.00000      -     -    0s
H    0     0                       0.0000000    0.00000  0.00%     -    1s
     0     0    0.00000    0   62    0.00000    0.00000  0.00%     -    1s

Explored 1 nodes (2638 simplex iterations) in 1.02 seconds
Thread count was 1 (of 4 available processors)

Solution count 1: 0 

Optimal solution found (tolerance 1.00e-04)
Best objective 0.000000000000e+00, best bound 0.000000000000e+00, gap 0.0000%
Changed value of parameter TimeLimit to 286.78945994377136
   Prev: inf  Min: 0.0  Max: inf  Default: inf
Gurobi Optimizer version 9.0.1 build v9.0.1rc0 (linux64)
Optimize a model with 6276 rows, 6105 columns and 24693 nonzeros
Model fingerprint: 0x0d41bdcf
Variable types: 55 continuous, 6050 integer (6050 binary)
Coefficient statistics:
  Matrix range     [1e+00, 4e+02]
  Objective range  [0e+00, 0e+00]
  Bounds range     [1e+00, 1e+00]
  RHS range        [1e+00, 2e+03]
Presolve removed 663 rows and 657 columns
Presolve time: 0.72s
Presolved: 5613 rows, 5448 columns, 21735 nonzeros
Variable types: 55 continuous, 5393 integer (5393 binary)

Root relaxation: objective 0.000000e+00, 868 iterations, 0.04 seconds

    Nodes    |    Current Node    |     Objective Bounds      |     Work
 Expl Unexpl |  Obj  Depth IntInf | Incumbent    BestBd   Gap | It/Node Time

H    0     0                       0.0000000    0.00000  0.00%     -    1s
     0     0    0.00000    0    2    0.00000    0.00000  0.00%     -    1s

Explored 0 nodes (6546 simplex iterations) in 1.09 seconds
Thread count was 1 (of 4 available processors)

Solution count 1: 0 

Optimal solution found (tolerance 1.00e-04)
Best objective 0.000000000000e+00, best bound 0.000000000000e+00, gap 0.0000%
Changed value of parameter TimeLimit to 285.41010308265686
   Prev: inf  Min: 0.0  Max: inf  Default: inf
Gurobi Optimizer version 9.0.1 build v9.0.1rc0 (linux64)
Optimize a model with 6277 rows, 6105 columns and 24748 nonzeros
Model fingerprint: 0xf898e2ca
Variable types: 55 continuous, 6050 integer (6050 binary)
Coefficient statistics:
  Matrix range     [1e+00, 4e+02]
  Objective range  [0e+00, 0e+00]
  Bounds range     [1e+00, 1e+00]
  RHS range        [1e+00, 2e+03]
Presolve removed 758 rows and 751 columns
Presolve time: 0.74s
Presolved: 5519 rows, 5354 columns, 21359 nonzeros
Variable types: 55 continuous, 5299 integer (5299 binary)

Root relaxation: objective 0.000000e+00, 703 iterations, 0.03 seconds

    Nodes    |    Current Node    |     Objective Bounds      |     Work
 Expl Unexpl |  Obj  Depth IntInf | Incumbent    BestBd   Gap | It/Node Time

     0     0    0.00000    0   42          -    0.00000      -     -    0s
H    0     0                       0.0000000    0.00000  0.00%     -    0s
     0     0    0.00000    0   42    0.00000    0.00000  0.00%     -    0s

Explored 1 nodes (2908 simplex iterations) in 0.95 seconds
Thread count was 1 (of 4 available processors)

Solution count 1: 0 

Optimal solution found (tolerance 1.00e-04)
Best objective 0.000000000000e+00, best bound 0.000000000000e+00, gap 0.0000%
Changed value of parameter TimeLimit to 284.1649286746979
   Prev: inf  Min: 0.0  Max: inf  Default: inf
Gurobi Optimizer version 9.0.1 build v9.0.1rc0 (linux64)
Optimize a model with 6278 rows, 6105 columns and 24803 nonzeros
Model fingerprint: 0x78105556
Variable types: 55 continuous, 6050 integer (6050 binary)
Coefficient statistics:
  Matrix range     [1e+00, 4e+02]
  Objective range  [0e+00, 0e+00]
  Bounds range     [1e+00, 1e+00]
  RHS range        [1e+00, 2e+03]
Presolve removed 849 rows and 841 columns
Presolve time: 0.76s
Presolved: 5429 rows, 5264 columns, 20999 nonzeros
Variable types: 55 continuous, 5209 integer (5209 binary)

Root relaxation: objective 0.000000e+00, 862 iterations, 0.04 seconds

    Nodes    |    Current Node    |     Objective Bounds      |     Work
 Expl Unexpl |  Obj  Depth IntInf | Incumbent    BestBd   Gap | It/Node Time

     0     0    0.00000    0   75          -    0.00000      -     -    1s
H    0     0                       0.0000000    0.00000  0.00%     -    1s
     0     0    0.00000    0   13    0.00000    0.00000  0.00%     -    1s

Cutting planes:
  Gomory: 4
  MIR: 50
  Relax-and-lift: 9

Explored 1 nodes (5000 simplex iterations) in 1.31 seconds
Thread count was 1 (of 4 available processors)

Solution count 1: 0 

Optimal solution found (tolerance 1.00e-04)
Best objective 0.000000000000e+00, best bound 0.000000000000e+00, gap 0.0000%
Changed value of parameter TimeLimit to 282.5679130554199
   Prev: inf  Min: 0.0  Max: inf  Default: inf
Gurobi Optimizer version 9.0.1 build v9.0.1rc0 (linux64)
Optimize a model with 6279 rows, 6105 columns and 24858 nonzeros
Model fingerprint: 0x3cb73b8e
Variable types: 55 continuous, 6050 integer (6050 binary)
Coefficient statistics:
  Matrix range     [1e+00, 4e+02]
  Objective range  [0e+00, 0e+00]
  Bounds range     [1e+00, 1e+00]
  RHS range        [1e+00, 2e+03]
Presolve removed 938 rows and 929 columns
Presolve time: 0.76s
Presolved: 5341 rows, 5176 columns, 20647 nonzeros
Variable types: 55 continuous, 5121 integer (5121 binary)

Root relaxation: objective 0.000000e+00, 641 iterations, 0.03 seconds

    Nodes    |    Current Node    |     Objective Bounds      |     Work
 Expl Unexpl |  Obj  Depth IntInf | Incumbent    BestBd   Gap | It/Node Time

H    0     0                       0.0000000    0.00000  0.00%     -    0s
     0     0    0.00000    0    4    0.00000    0.00000  0.00%     -    0s

Explored 0 nodes (934 simplex iterations) in 0.84 seconds
Thread count was 1 (of 4 available processors)

Solution count 1: 0 

Optimal solution found (tolerance 1.00e-04)
Best objective 0.000000000000e+00, best bound 0.000000000000e+00, gap 0.0000%
Changed value of parameter TimeLimit to 281.4488558769226
   Prev: inf  Min: 0.0  Max: inf  Default: inf
Gurobi Optimizer version 9.0.1 build v9.0.1rc0 (linux64)
Optimize a model with 6280 rows, 6105 columns and 24913 nonzeros
Model fingerprint: 0x77cd2a9a
Variable types: 55 continuous, 6050 integer (6050 binary)
Coefficient statistics:
  Matrix range     [1e+00, 4e+02]
  Objective range  [0e+00, 0e+00]
  Bounds range     [1e+00, 1e+00]
  RHS range        [1e+00, 2e+03]
Presolve removed 987 rows and 977 columns
Presolve time: 0.78s
Presolved: 5293 rows, 5128 columns, 20455 nonzeros
Variable types: 55 continuous, 5073 integer (5073 binary)

Root relaxation: objective 0.000000e+00, 675 iterations, 0.03 seconds

    Nodes    |    Current Node    |     Objective Bounds      |     Work
 Expl Unexpl |  Obj  Depth IntInf | Incumbent    BestBd   Gap | It/Node Time

     0     0    0.00000    0   95          -    0.00000      -     -    1s
H    0     0                       0.0000000    0.00000  0.00%     -    1s
     0     0    0.00000    0   21    0.00000    0.00000  0.00%     -    1s

Cutting planes:
  Gomory: 2
  Cover: 1
  MIR: 31
  StrongCG: 1
  Relax-and-lift: 35

Explored 1 nodes (5766 simplex iterations) in 1.30 seconds
Thread count was 1 (of 4 available processors)

Solution count 1: 0 

Optimal solution found (tolerance 1.00e-04)
Best objective 0.000000000000e+00, best bound 0.000000000000e+00, gap 0.0000%
Changed value of parameter TimeLimit to 279.8602702617645
   Prev: inf  Min: 0.0  Max: inf  Default: inf
Gurobi Optimizer version 9.0.1 build v9.0.1rc0 (linux64)
Optimize a model with 6281 rows, 6105 columns and 24968 nonzeros
Model fingerprint: 0xf897b70f
Variable types: 55 continuous, 6050 integer (6050 binary)
Coefficient statistics:
  Matrix range     [1e+00, 4e+02]
  Objective range  [0e+00, 0e+00]
  Bounds range     [1e+00, 1e+00]
  RHS range        [1e+00, 2e+03]
Presolve removed 1026 rows and 1015 columns
Presolve time: 0.74s
Presolved: 5255 rows, 5090 columns, 20303 nonzeros
Variable types: 55 continuous, 5035 integer (5035 binary)

Root relaxation: objective 0.000000e+00, 732 iterations, 0.03 seconds

    Nodes    |    Current Node    |     Objective Bounds      |     Work
 Expl Unexpl |  Obj  Depth IntInf | Incumbent    BestBd   Gap | It/Node Time

H    0     0                       0.0000000    0.00000  0.00%     -    0s
     0     0    0.00000    0   60    0.00000    0.00000  0.00%     -    0s

Explored 0 nodes (2217 simplex iterations) in 0.88 seconds
Thread count was 1 (of 4 available processors)

Solution count 1: 0 

Optimal solution found (tolerance 1.00e-04)
Best objective 0.000000000000e+00, best bound 0.000000000000e+00, gap 0.0000%
Changed value of parameter TimeLimit to 278.6909079551697
   Prev: inf  Min: 0.0  Max: inf  Default: inf
Gurobi Optimizer version 9.0.1 build v9.0.1rc0 (linux64)
Optimize a model with 6282 rows, 6105 columns and 25023 nonzeros
Model fingerprint: 0xf9e761be
Variable types: 55 continuous, 6050 integer (6050 binary)
Coefficient statistics:
  Matrix range     [1e+00, 4e+02]
  Objective range  [0e+00, 0e+00]
  Bounds range     [1e+00, 1e+00]
  RHS range        [1e+00, 2e+03]
Presolve removed 1093 rows and 1081 columns
Presolve time: 0.76s
Presolved: 5189 rows, 5024 columns, 20039 nonzeros
Variable types: 55 continuous, 4969 integer (4969 binary)

Root relaxation: objective 0.000000e+00, 803 iterations, 0.04 seconds

    Nodes    |    Current Node    |     Objective Bounds      |     Work
 Expl Unexpl |  Obj  Depth IntInf | Incumbent    BestBd   Gap | It/Node Time

     0     0    0.00000    0   54          -    0.00000      -     -    0s
H    0     0                       0.0000000    0.00000  0.00%     -    1s
     0     0    0.00000    0   54    0.00000    0.00000  0.00%     -    1s

Explored 1 nodes (3410 simplex iterations) in 1.01 seconds
Thread count was 1 (of 4 available processors)

Solution count 1: 0 

Optimal solution found (tolerance 1.00e-04)
Best objective 0.000000000000e+00, best bound 0.000000000000e+00, gap 0.0000%
Changed value of parameter TimeLimit to 277.3885746002197
   Prev: inf  Min: 0.0  Max: inf  Default: inf
Gurobi Optimizer version 9.0.1 build v9.0.1rc0 (linux64)
Optimize a model with 6283 rows, 6105 columns and 25078 nonzeros
Model fingerprint: 0xb03ad205
Variable types: 55 continuous, 6050 integer (6050 binary)
Coefficient statistics:
  Matrix range     [1e+00, 4e+02]
  Objective range  [0e+00, 0e+00]
  Bounds range     [1e+00, 1e+00]
  RHS range        [1e+00, 2e+03]
Presolve removed 1080 rows and 1067 columns
Presolve time: 0.73s
Presolved: 5203 rows, 5038 columns, 20095 nonzeros
Variable types: 55 continuous, 4983 integer (4983 binary)

Root relaxation: objective 0.000000e+00, 673 iterations, 0.03 seconds

    Nodes    |    Current Node    |     Objective Bounds      |     Work
 Expl Unexpl |  Obj  Depth IntInf | Incumbent    BestBd   Gap | It/Node Time

     0     0    0.00000    0   20          -    0.00000      -     -    1s
H    0     0                       0.0000000    0.00000  0.00%     -    1s
     0     0    0.00000    0   20    0.00000    0.00000  0.00%     -    1s

Explored 1 nodes (5392 simplex iterations) in 1.04 seconds
Thread count was 1 (of 4 available processors)

Solution count 1: 0 

Optimal solution found (tolerance 1.00e-04)
Best objective 0.000000000000e+00, best bound 0.000000000000e+00, gap 0.0000%
Changed value of parameter TimeLimit to 276.06130266189575
   Prev: inf  Min: 0.0  Max: inf  Default: inf
Gurobi Optimizer version 9.0.1 build v9.0.1rc0 (linux64)
Optimize a model with 6284 rows, 6105 columns and 25133 nonzeros
Model fingerprint: 0xadb1855c
Variable types: 55 continuous, 6050 integer (6050 binary)
Coefficient statistics:
  Matrix range     [1e+00, 4e+02]
  Objective range  [0e+00, 0e+00]
  Bounds range     [1e+00, 1e+00]
  RHS range        [1e+00, 2e+03]
Presolve removed 1147 rows and 1133 columns
Presolve time: 0.72s
Presolved: 5137 rows, 4972 columns, 19831 nonzeros
Variable types: 55 continuous, 4917 integer (4917 binary)

Root relaxation: objective 0.000000e+00, 872 iterations, 0.04 seconds

    Nodes    |    Current Node    |     Objective Bounds      |     Work
 Expl Unexpl |  Obj  Depth IntInf | Incumbent    BestBd   Gap | It/Node Time

     0     0    0.00000    0   97          -    0.00000      -     -    1s
     0     0    0.00000    0   46          -    0.00000      -     -    1s
     0     0    0.00000    0   88          -    0.00000      -     -    7s
     0     0    0.00000    0   83          -    0.00000      -     -    7s
     0     0    0.00000    0   73          -    0.00000      -     -    7s
H    0     0                       0.0000000    0.00000  0.00%     -    7s
     0     0    0.00000    0   65    0.00000    0.00000  0.00%     -    7s

Cutting planes:
  Gomory: 3
  Clique: 2
  MIR: 69
  Relax-and-lift: 39

Explored 1 nodes (9775 simplex iterations) in 7.50 seconds
Thread count was 1 (of 4 available processors)

Solution count 1: 0 

Optimal solution found (tolerance 1.00e-04)
Best objective 0.000000000000e+00, best bound 0.000000000000e+00, gap 0.0000%
Changed value of parameter TimeLimit to 268.2727384567261
   Prev: inf  Min: 0.0  Max: inf  Default: inf
Gurobi Optimizer version 9.0.1 build v9.0.1rc0 (linux64)
Optimize a model with 6285 rows, 6105 columns and 25188 nonzeros
Model fingerprint: 0x3b9e33d5
Variable types: 55 continuous, 6050 integer (6050 binary)
Coefficient statistics:
  Matrix range     [1e+00, 4e+02]
  Objective range  [0e+00, 0e+00]
  Bounds range     [1e+00, 1e+00]
  RHS range        [1e+00, 2e+03]
Presolve removed 1193 rows and 1178 columns
Presolve time: 0.72s
Presolved: 5092 rows, 4927 columns, 19651 nonzeros
Variable types: 55 continuous, 4872 integer (4872 binary)

Root relaxation: objective 0.000000e+00, 637 iterations, 0.03 seconds

    Nodes    |    Current Node    |     Objective Bounds      |     Work
 Expl Unexpl |  Obj  Depth IntInf | Incumbent    BestBd   Gap | It/Node Time

     0     0    0.00000    0   57          -    0.00000      -     -    0s
H    0     0                       0.0000000    0.00000  0.00%     -    1s
     0     0    0.00000    0   57    0.00000    0.00000  0.00%     -    1s

Explored 1 nodes (3919 simplex iterations) in 1.01 seconds
Thread count was 1 (of 4 available processors)

Solution count 1: 0 

Optimal solution found (tolerance 1.00e-04)
Best objective 0.000000000000e+00, best bound 0.000000000000e+00, gap 0.0000%
Changed value of parameter TimeLimit to 266.97416377067566
   Prev: inf  Min: 0.0  Max: inf  Default: inf
Gurobi Optimizer version 9.0.1 build v9.0.1rc0 (linux64)
Optimize a model with 6286 rows, 6105 columns and 25243 nonzeros
Model fingerprint: 0x2aff8db5
Variable types: 55 continuous, 6050 integer (6050 binary)
Coefficient statistics:
  Matrix range     [1e+00, 4e+02]
  Objective range  [0e+00, 0e+00]
  Bounds range     [1e+00, 1e+00]
  RHS range        [1e+00, 2e+03]
Presolve removed 1247 rows and 1231 columns
Presolve time: 0.72s
Presolved: 5039 rows, 4874 columns, 19439 nonzeros
Variable types: 55 continuous, 4819 integer (4819 binary)

Root relaxation: objective 0.000000e+00, 719 iterations, 0.03 seconds

    Nodes    |    Current Node    |     Objective Bounds      |     Work
 Expl Unexpl |  Obj  Depth IntInf | Incumbent    BestBd   Gap | It/Node Time

     0     0    0.00000    0   34          -    0.00000      -     -    0s
     0     0    0.00000    0   34          -    0.00000      -     -    1s
     0     0    0.00000    0   25          -    0.00000      -     -    7s
     0     0    0.00000    0   23          -    0.00000      -     -    7s
     0     0    0.00000    0   18          -    0.00000      -     -    7s
     0     0    0.00000    0   19          -    0.00000      -     -    7s
H    0     0                       0.0000000    0.00000  0.00%     -    7s
     0     0    0.00000    0   31    0.00000    0.00000  0.00%     -    7s

Cutting planes:
  MIR: 20
  StrongCG: 1
  RLT: 3
  Relax-and-lift: 13

Explored 1 nodes (11374 simplex iterations) in 7.26 seconds
Thread count was 1 (of 4 available processors)

Solution count 1: 0 

Optimal solution found (tolerance 1.00e-04)
Best objective 0.000000000000e+00, best bound 0.000000000000e+00, gap 0.0000%
Changed value of parameter TimeLimit to 259.42876839637756
   Prev: inf  Min: 0.0  Max: inf  Default: inf
Gurobi Optimizer version 9.0.1 build v9.0.1rc0 (linux64)
Optimize a model with 6287 rows, 6105 columns and 25298 nonzeros
Model fingerprint: 0x2b3d3e1b
Variable types: 55 continuous, 6050 integer (6050 binary)
Coefficient statistics:
  Matrix range     [1e+00, 4e+02]
  Objective range  [0e+00, 0e+00]
  Bounds range     [1e+00, 1e+00]
  RHS range        [1e+00, 2e+03]
Presolve removed 1325 rows and 1308 columns
Presolve time: 0.73s
Presolved: 4962 rows, 4797 columns, 19131 nonzeros
Variable types: 55 continuous, 4742 integer (4742 binary)

Root relaxation: objective 0.000000e+00, 848 iterations, 0.04 seconds

    Nodes    |    Current Node    |     Objective Bounds      |     Work
 Expl Unexpl |  Obj  Depth IntInf | Incumbent    BestBd   Gap | It/Node Time

     0     0    0.00000    0   62          -    0.00000      -     -    1s
     0     0    0.00000    0   35          -    0.00000      -     -    1s
H    0     0                       0.0000000    0.00000  0.00%     -    6s
     0     0    0.00000    0   24    0.00000    0.00000  0.00%     -    6s

Explored 1 nodes (9340 simplex iterations) in 6.58 seconds
Thread count was 1 (of 4 available processors)

Solution count 1: 0 

Optimal solution found (tolerance 1.00e-04)
Best objective 0.000000000000e+00, best bound 0.000000000000e+00, gap 0.0000%
Changed value of parameter TimeLimit to 252.5647337436676
   Prev: inf  Min: 0.0  Max: inf  Default: inf
Gurobi Optimizer version 9.0.1 build v9.0.1rc0 (linux64)
Optimize a model with 6288 rows, 6105 columns and 25353 nonzeros
Model fingerprint: 0x39bdb7f2
Variable types: 55 continuous, 6050 integer (6050 binary)
Coefficient statistics:
  Matrix range     [1e+00, 4e+02]
  Objective range  [0e+00, 0e+00]
  Bounds range     [1e+00, 1e+00]
  RHS range        [1e+00, 2e+03]
Presolve removed 1387 rows and 1369 columns
Presolve time: 0.74s
Presolved: 4901 rows, 4736 columns, 18887 nonzeros
Variable types: 55 continuous, 4681 integer (4681 binary)

Root relaxation: objective 0.000000e+00, 804 iterations, 0.03 seconds

    Nodes    |    Current Node    |     Objective Bounds      |     Work
 Expl Unexpl |  Obj  Depth IntInf | Incumbent    BestBd   Gap | It/Node Time

     0     0    0.00000    0   69          -    0.00000      -     -    1s
     0     0    0.00000    0   27          -    0.00000      -     -    1s
     0     0    0.00000    0   44          -    0.00000      -     -    6s
     0     0    0.00000    0   48          -    0.00000      -     -    7s
     0     0    0.00000    0   37          -    0.00000      -     -    7s
     0     0    0.00000    0   57          -    0.00000      -     -    7s
     0     0    0.00000    0   49          -    0.00000      -     -    7s
H    0     0                       0.0000000    0.00000  0.00%     -    7s
     0     0    0.00000    0   33    0.00000    0.00000  0.00%     -    7s

Cutting planes:
  MIR: 39
  Relax-and-lift: 23

Explored 1 nodes (12693 simplex iterations) in 7.30 seconds
Thread count was 1 (of 4 available processors)

Solution count 1: 0 

Optimal solution found (tolerance 1.00e-04)
Best objective 0.000000000000e+00, best bound 0.000000000000e+00, gap 0.0000%
Changed value of parameter TimeLimit to 244.9701087474823
   Prev: inf  Min: 0.0  Max: inf  Default: inf
Gurobi Optimizer version 9.0.1 build v9.0.1rc0 (linux64)
Optimize a model with 6289 rows, 6105 columns and 25408 nonzeros
Model fingerprint: 0xf4cae57c
Variable types: 55 continuous, 6050 integer (6050 binary)
Coefficient statistics:
  Matrix range     [1e+00, 4e+02]
  Objective range  [0e+00, 0e+00]
  Bounds range     [1e+00, 1e+00]
  RHS range        [1e+00, 2e+03]
Presolve removed 1441 rows and 1422 columns
Presolve time: 0.73s
Presolved: 4848 rows, 4683 columns, 18675 nonzeros
Variable types: 55 continuous, 4628 integer (4628 binary)

Root relaxation: objective 0.000000e+00, 874 iterations, 0.04 seconds

    Nodes    |    Current Node    |     Objective Bounds      |     Work
 Expl Unexpl |  Obj  Depth IntInf | Incumbent    BestBd   Gap | It/Node Time

     0     0    0.00000    0   80          -    0.00000      -     -    1s
     0     0    0.00000    0  237          -    0.00000      -     -    1s
     0     0    0.00000    0   16          -    0.00000      -     -    7s
     0     0    0.00000    0  157          -    0.00000      -     -    7s
     0     0    0.00000    0  143          -    0.00000      -     -    7s
H    0     0                       0.0000000    0.00000  0.00%     -    7s
     0     0    0.00000    0   35    0.00000    0.00000  0.00%     -    7s

Cutting planes:
  Gomory: 19
  MIR: 59
  Relax-and-lift: 74

Explored 1 nodes (8024 simplex iterations) in 7.50 seconds
Thread count was 1 (of 4 available processors)

Solution count 1: 0 

Optimal solution found (tolerance 1.00e-04)
Best objective 0.000000000000e+00, best bound 0.000000000000e+00, gap 0.0000%
Changed value of parameter TimeLimit to 237.17507362365723
   Prev: inf  Min: 0.0  Max: inf  Default: inf
Gurobi Optimizer version 9.0.1 build v9.0.1rc0 (linux64)
Optimize a model with 6290 rows, 6105 columns and 25463 nonzeros
Model fingerprint: 0xc266ffeb
Variable types: 55 continuous, 6050 integer (6050 binary)
Coefficient statistics:
  Matrix range     [1e+00, 4e+02]
  Objective range  [0e+00, 0e+00]
  Bounds range     [1e+00, 1e+00]
  RHS range        [1e+00, 2e+03]
Presolve removed 1457 rows and 1437 columns
Presolve time: 0.73s
Presolved: 4833 rows, 4668 columns, 18615 nonzeros
Variable types: 55 continuous, 4613 integer (4613 binary)

Root relaxation: objective 0.000000e+00, 790 iterations, 0.03 seconds

    Nodes    |    Current Node    |     Objective Bounds      |     Work
 Expl Unexpl |  Obj  Depth IntInf | Incumbent    BestBd   Gap | It/Node Time

     0     0    0.00000    0   58          -    0.00000      -     -    1s
     0     0    0.00000    0   28          -    0.00000      -     -    1s
H    0     0                       0.0000000    0.00000  0.00%     -    1s

Cutting planes:
  MIR: 3
  Relax-and-lift: 3

Explored 1 nodes (7597 simplex iterations) in 1.36 seconds
Thread count was 1 (of 4 available processors)

Solution count 1: 0 

Optimal solution found (tolerance 1.00e-04)
Best objective 0.000000000000e+00, best bound 0.000000000000e+00, gap 0.0000%
Changed value of parameter TimeLimit to 235.5185570716858
   Prev: inf  Min: 0.0  Max: inf  Default: inf
Gurobi Optimizer version 9.0.1 build v9.0.1rc0 (linux64)
Optimize a model with 6291 rows, 6105 columns and 25518 nonzeros
Model fingerprint: 0x40e6957d
Variable types: 55 continuous, 6050 integer (6050 binary)
Coefficient statistics:
  Matrix range     [1e+00, 4e+02]
  Objective range  [0e+00, 0e+00]
  Bounds range     [1e+00, 1e+00]
  RHS range        [1e+00, 2e+03]
Presolve removed 1501 rows and 1480 columns
Presolve time: 0.70s
Presolved: 4790 rows, 4625 columns, 18443 nonzeros
Variable types: 55 continuous, 4570 integer (4570 binary)

Root relaxation: objective 0.000000e+00, 744 iterations, 0.03 seconds

    Nodes    |    Current Node    |     Objective Bounds      |     Work
 Expl Unexpl |  Obj  Depth IntInf | Incumbent    BestBd   Gap | It/Node Time

     0     0    0.00000    0   71          -    0.00000      -     -    1s
     0     0    0.00000    0  153          -    0.00000      -     -    1s
H    0     0                       0.0000000    0.00000  0.00%     -    1s

Cutting planes:
  Gomory: 2
  MIR: 17
  Relax-and-lift: 11

Explored 1 nodes (5044 simplex iterations) in 1.28 seconds
Thread count was 1 (of 4 available processors)

Solution count 1: 0 

Optimal solution found (tolerance 1.00e-04)
Best objective 0.000000000000e+00, best bound 0.000000000000e+00, gap 0.0000%
Changed value of parameter TimeLimit to 233.94904160499573
   Prev: inf  Min: 0.0  Max: inf  Default: inf
Gurobi Optimizer version 9.0.1 build v9.0.1rc0 (linux64)
Optimize a model with 6292 rows, 6105 columns and 25573 nonzeros
Model fingerprint: 0xe9f27e15
Variable types: 55 continuous, 6050 integer (6050 binary)
Coefficient statistics:
  Matrix range     [1e+00, 4e+02]
  Objective range  [0e+00, 0e+00]
  Bounds range     [1e+00, 1e+00]
  RHS range        [1e+00, 2e+03]
Presolve removed 1542 rows and 1520 columns
Presolve time: 0.70s
Presolved: 4750 rows, 4585 columns, 18283 nonzeros
Variable types: 55 continuous, 4530 integer (4530 binary)

Root relaxation: objective 0.000000e+00, 741 iterations, 0.03 seconds

    Nodes    |    Current Node    |     Objective Bounds      |     Work
 Expl Unexpl |  Obj  Depth IntInf | Incumbent    BestBd   Gap | It/Node Time

     0     0    0.00000    0   73          -    0.00000      -     -    1s
     0     0    0.00000    0   38          -    0.00000      -     -    1s
     0     0    0.00000    0   69          -    0.00000      -     -    6s
     0     0    0.00000    0   54          -    0.00000      -     -    7s
     0     0    0.00000    0   47          -    0.00000      -     -    7s
     0     0    0.00000    0   38          -    0.00000      -     -    7s
     0     0    0.00000    0   38          -    0.00000      -     -    7s
     0     0    0.00000    0   51          -    0.00000      -     -    7s
     0     0    0.00000    0   51          -    0.00000      -     -    7s
     0     0    0.00000    0   53          -    0.00000      -     -    7s
     0     0    0.00000    0   53          -    0.00000      -     -    7s
     0     0    0.00000    0   50          -    0.00000      -     -    7s
     0     0    0.00000    0   56          -    0.00000      -     -    7s
     0     0    0.00000    0   77          -    0.00000      -     -    7s
     0     0    0.00000    0  111          -    0.00000      -     -    8s
     0     0    0.00000    0   52          -    0.00000      -     -    8s
H    0     0                       0.0000000    0.00000  0.00%     -    8s

Cutting planes:
  Gomory: 1
  Cover: 1
  MIR: 14
  GUB cover: 1
  Relax-and-lift: 51

Explored 1 nodes (25710 simplex iterations) in 8.45 seconds
Thread count was 1 (of 4 available processors)

Solution count 1: 0 

Optimal solution found (tolerance 1.00e-04)
Best objective 0.000000000000e+00, best bound 0.000000000000e+00, gap 0.0000%
Changed value of parameter TimeLimit to 225.20879292488098
   Prev: inf  Min: 0.0  Max: inf  Default: inf
Gurobi Optimizer version 9.0.1 build v9.0.1rc0 (linux64)
Optimize a model with 6293 rows, 6105 columns and 25628 nonzeros
Model fingerprint: 0xa403041f
Variable types: 55 continuous, 6050 integer (6050 binary)
Coefficient statistics:
  Matrix range     [1e+00, 4e+02]
  Objective range  [0e+00, 0e+00]
  Bounds range     [1e+00, 1e+00]
  RHS range        [1e+00, 2e+03]
Presolve removed 1577 rows and 1554 columns
Presolve time: 0.69s
Presolved: 4716 rows, 4551 columns, 18147 nonzeros
Variable types: 55 continuous, 4496 integer (4496 binary)

Root relaxation: objective 0.000000e+00, 773 iterations, 0.03 seconds

    Nodes    |    Current Node    |     Objective Bounds      |     Work
 Expl Unexpl |  Obj  Depth IntInf | Incumbent    BestBd   Gap | It/Node Time

     0     0    0.00000    0   18          -    0.00000      -     -    0s
     0     0    0.00000    0   41          -    0.00000      -     -    1s
     0     0    0.00000    0   45          -    0.00000      -     -    7s
     0     0    0.00000    0   50          -    0.00000      -     -    7s
     0     0    0.00000    0   45          -    0.00000      -     -    7s
     0     0    0.00000    0   44          -    0.00000      -     -    7s
     0     0    0.00000    0   44          -    0.00000      -     -    7s
     0     0    0.00000    0   20          -    0.00000      -     -    7s
     0     0    0.00000    0   54          -    0.00000      -     -    7s
     0     0    0.00000    0   52          -    0.00000      -     -    8s
     0     0    0.00000    0   41          -    0.00000      -     -    8s
     0     0    0.00000    0   40          -    0.00000      -     -    8s
H    0     0                       0.0000000    0.00000  0.00%     -    8s
     0     0    0.00000    0   54    0.00000    0.00000  0.00%     -    8s

Cutting planes:
  MIR: 39
  GUB cover: 1
  Relax-and-lift: 17

Explored 1 nodes (26789 simplex iterations) in 8.34 seconds
Thread count was 1 (of 4 available processors)

Solution count 1: 0 

Optimal solution found (tolerance 1.00e-04)
Best objective 0.000000000000e+00, best bound 0.000000000000e+00, gap 0.0000%
Changed value of parameter TimeLimit to 216.5747468471527
   Prev: inf  Min: 0.0  Max: inf  Default: inf
Gurobi Optimizer version 9.0.1 build v9.0.1rc0 (linux64)
Optimize a model with 6294 rows, 6105 columns and 25683 nonzeros
Model fingerprint: 0xe16befee
Variable types: 55 continuous, 6050 integer (6050 binary)
Coefficient statistics:
  Matrix range     [1e+00, 4e+02]
  Objective range  [0e+00, 0e+00]
  Bounds range     [1e+00, 1e+00]
  RHS range        [1e+00, 2e+03]
Presolve removed 1636 rows and 1612 columns
Presolve time: 0.68s
Presolved: 4658 rows, 4493 columns, 17915 nonzeros
Variable types: 55 continuous, 4438 integer (4438 binary)

Root relaxation: objective 0.000000e+00, 939 iterations, 0.04 seconds

    Nodes    |    Current Node    |     Objective Bounds      |     Work
 Expl Unexpl |  Obj  Depth IntInf | Incumbent    BestBd   Gap | It/Node Time

     0     0    0.00000    0   74          -    0.00000      -     -    0s
     0     0    0.00000    0   79          -    0.00000      -     -    1s
     0     0    0.00000    0   51          -    0.00000      -     -    6s
     0     0    0.00000    0   69          -    0.00000      -     -    7s
     0     0    0.00000    0   69          -    0.00000      -     -    7s
     0     0    0.00000    0   54          -    0.00000      -     -    7s
     0     0    0.00000    0   73          -    0.00000      -     -    7s
     0     0    0.00000    0   73          -    0.00000      -     -    7s
     0     0    0.00000    0   38          -    0.00000      -     -    7s
     0     0    0.00000    0   63          -    0.00000      -     -    7s
     0     0    0.00000    0   32          -    0.00000      -     -    7s
     0     0    0.00000    0   36          -    0.00000      -     -    7s
     0     0    0.00000    0   67          -    0.00000      -     -    7s
     0     0    0.00000    0   44          -    0.00000      -     -    7s
     0     0    0.00000    0   24          -    0.00000      -     -    7s
     0     0    0.00000    0   25          -    0.00000      -     -    7s
     0     0    0.00000    0   31          -    0.00000      -     -    8s
     0     0    0.00000    0   31          -    0.00000      -     -    8s
H    0     0                       0.0000000    0.00000  0.00%     -    8s
     0     0    0.00000    0   31    0.00000    0.00000  0.00%     -    8s

Cutting planes:
  MIR: 3
  Relax-and-lift: 9

Explored 1 nodes (26277 simplex iterations) in 8.58 seconds
Thread count was 1 (of 4 available processors)

Solution count 1: 0 

Optimal solution found (tolerance 1.00e-04)
Best objective 0.000000000000e+00, best bound 0.000000000000e+00, gap 0.0000%
Changed value of parameter TimeLimit to 207.71303343772888
   Prev: inf  Min: 0.0  Max: inf  Default: inf
Gurobi Optimizer version 9.0.1 build v9.0.1rc0 (linux64)
Optimize a model with 6295 rows, 6105 columns and 25738 nonzeros
Model fingerprint: 0x714ca0d0
Variable types: 55 continuous, 6050 integer (6050 binary)
Coefficient statistics:
  Matrix range     [1e+00, 4e+02]
  Objective range  [0e+00, 0e+00]
  Bounds range     [1e+00, 1e+00]
  RHS range        [1e+00, 2e+03]
Presolve removed 1717 rows and 1692 columns
Presolve time: 0.70s
Presolved: 4578 rows, 4413 columns, 17595 nonzeros
Variable types: 55 continuous, 4358 integer (4358 binary)

Root relaxation: objective 0.000000e+00, 776 iterations, 0.03 seconds

    Nodes    |    Current Node    |     Objective Bounds      |     Work
 Expl Unexpl |  Obj  Depth IntInf | Incumbent    BestBd   Gap | It/Node Time

     0     0    0.00000    0   34          -    0.00000      -     -    1s
     0     0    0.00000    0   36          -    0.00000      -     -    1s
     0     0    0.00000    0   90          -    0.00000      -     -    6s
     0     0    0.00000    0   70          -    0.00000      -     -    7s
     0     0    0.00000    0   70          -    0.00000      -     -    7s
     0     0    0.00000    0   48          -    0.00000      -     -    7s
     0     0    0.00000    0   92          -    0.00000      -     -    7s
     0     0    0.00000    0  122          -    0.00000      -     -    7s
     0     0    0.00000    0   21          -    0.00000      -     -    7s
     0     0    0.00000    0   21          -    0.00000      -     -    7s
     0     0    0.00000    0  113          -    0.00000      -     -    7s
     0     0    0.00000    0   70          -    0.00000      -     -    7s
     0     0    0.00000    0   67          -    0.00000      -     -    7s
     0     0    0.00000    0   15          -    0.00000      -     -    8s
     0     0    0.00000    0   20          -    0.00000      -     -    8s
     0     0    0.00000    0   20          -    0.00000      -     -    8s
     0     0    0.00000    0   13          -    0.00000      -     -    8s
H    0     0                       0.0000000    0.00000  0.00%     -    8s

Cutting planes:
  Implied bound: 1
  MIR: 9
  RLT: 1
  Relax-and-lift: 35

Explored 1 nodes (30226 simplex iterations) in 8.73 seconds
Thread count was 1 (of 4 available processors)

Solution count 1: 0 

Optimal solution found (tolerance 1.00e-04)
Best objective 0.000000000000e+00, best bound 0.000000000000e+00, gap 0.0000%
Changed value of parameter TimeLimit to 198.69242095947266
   Prev: inf  Min: 0.0  Max: inf  Default: inf
Gurobi Optimizer version 9.0.1 build v9.0.1rc0 (linux64)
Optimize a model with 6296 rows, 6105 columns and 25793 nonzeros
Model fingerprint: 0x421d748c
Variable types: 55 continuous, 6050 integer (6050 binary)
Coefficient statistics:
  Matrix range     [1e+00, 4e+02]
  Objective range  [0e+00, 0e+00]
  Bounds range     [1e+00, 1e+00]
  RHS range        [1e+00, 2e+03]
Presolve removed 1772 rows and 1746 columns
Presolve time: 0.70s
Presolved: 4524 rows, 4359 columns, 17379 nonzeros
Variable types: 55 continuous, 4304 integer (4304 binary)

Root relaxation: objective 0.000000e+00, 770 iterations, 0.03 seconds

    Nodes    |    Current Node    |     Objective Bounds      |     Work
 Expl Unexpl |  Obj  Depth IntInf | Incumbent    BestBd   Gap | It/Node Time

     0     0    0.00000    0   91          -    0.00000      -     -    1s
     0     0    0.00000    0   21          -    0.00000      -     -    1s
     0     0    0.00000    0   70          -    0.00000      -     -    6s
     0     0    0.00000    0   67          -    0.00000      -     -    6s
     0     0    0.00000    0   51          -    0.00000      -     -    6s
     0     0    0.00000    0   44          -    0.00000      -     -    6s
     0     0    0.00000    0   39          -    0.00000      -     -    6s
     0     0    0.00000    0   36          -    0.00000      -     -    6s
     0     0    0.00000    0   43          -    0.00000      -     -    7s
H    0     0                       0.0000000    0.00000  0.00%     -    7s
     0     0    0.00000    0    8    0.00000    0.00000  0.00%     -    7s

Cutting planes:
  Gomory: 1
  Cover: 3
  MIR: 62
  Relax-and-lift: 45

Explored 1 nodes (15045 simplex iterations) in 7.08 seconds
Thread count was 1 (of 4 available processors)

Solution count 1: 0 

Optimal solution found (tolerance 1.00e-04)
Best objective 0.000000000000e+00, best bound 0.000000000000e+00, gap 0.0000%
Changed value of parameter TimeLimit to 191.3115632534027
   Prev: inf  Min: 0.0  Max: inf  Default: inf
Gurobi Optimizer version 9.0.1 build v9.0.1rc0 (linux64)
Optimize a model with 6297 rows, 6105 columns and 25848 nonzeros
Model fingerprint: 0x39cb3b94
Variable types: 55 continuous, 6050 integer (6050 binary)
Coefficient statistics:
  Matrix range     [1e+00, 4e+02]
  Objective range  [0e+00, 0e+00]
  Bounds range     [1e+00, 1e+00]
  RHS range        [1e+00, 2e+03]
Presolve removed 1821 rows and 1794 columns
Presolve time: 0.71s
Presolved: 4476 rows, 4311 columns, 17187 nonzeros
Variable types: 55 continuous, 4256 integer (4256 binary)

Root relaxation: objective 0.000000e+00, 729 iterations, 0.03 seconds

    Nodes    |    Current Node    |     Objective Bounds      |     Work
 Expl Unexpl |  Obj  Depth IntInf | Incumbent    BestBd   Gap | It/Node Time

     0     0    0.00000    0   99          -    0.00000      -     -    1s
     0     0    0.00000    0   21          -    0.00000      -     -    1s
     0     0    0.00000    0   63          -    0.00000      -     -    6s
     0     0    0.00000    0   64          -    0.00000      -     -    6s
     0     0    0.00000    0   59          -    0.00000      -     -    6s
     0     0    0.00000    0   21          -    0.00000      -     -    6s
     0     0    0.00000    0   27          -    0.00000      -     -    6s
     0     0    0.00000    0   56          -    0.00000      -     -    7s
     0     0    0.00000    0   56          -    0.00000      -     -    7s
     0     0    0.00000    0   50          -    0.00000      -     -    7s
     0     0    0.00000    0   65          -    0.00000      -     -    7s
     0     0    0.00000    0   65          -    0.00000      -     -    7s
     0     0    0.00000    0   65          -    0.00000      -     -    7s
     0     2    0.00000    0   41          -    0.00000      -     -    8s
    19    18    0.00000   14   43          -    0.00000      -   251   10s
*  192     2              77       0.0000000    0.00000  0.00%   132   14s

Cutting planes:
  Cover: 1
  MIR: 20
  Relax-and-lift: 31

Explored 193 nodes (47524 simplex iterations) in 14.26 seconds
Thread count was 1 (of 4 available processors)

Solution count 1: 0 

Optimal solution found (tolerance 1.00e-04)
Best objective 0.000000000000e+00, best bound 0.000000000000e+00, gap 0.0000%
Changed value of parameter TimeLimit to 176.76396822929382
   Prev: inf  Min: 0.0  Max: inf  Default: inf
Gurobi Optimizer version 9.0.1 build v9.0.1rc0 (linux64)
Optimize a model with 6298 rows, 6105 columns and 25903 nonzeros
Model fingerprint: 0x1fab2648
Variable types: 55 continuous, 6050 integer (6050 binary)
Coefficient statistics:
  Matrix range     [1e+00, 4e+02]
  Objective range  [0e+00, 0e+00]
  Bounds range     [1e+00, 1e+00]
  RHS range        [1e+00, 2e+03]
Presolve removed 1836 rows and 1808 columns
Presolve time: 0.66s
Presolved: 4462 rows, 4297 columns, 17131 nonzeros
Variable types: 55 continuous, 4242 integer (4242 binary)

Root relaxation: objective 0.000000e+00, 812 iterations, 0.03 seconds

    Nodes    |    Current Node    |     Objective Bounds      |     Work
 Expl Unexpl |  Obj  Depth IntInf | Incumbent    BestBd   Gap | It/Node Time

     0     0    0.00000    0  128          -    0.00000      -     -    1s
     0     0    0.00000    0   18          -    0.00000      -     -    1s
     0     0    0.00000    0   48          -    0.00000      -     -    6s
     0     0    0.00000    0   46          -    0.00000      -     -    6s
     0     0    0.00000    0  111          -    0.00000      -     -    6s
     0     0    0.00000    0  111          -    0.00000      -     -    6s
     0     0    0.00000    0  112          -    0.00000      -     -    7s
     0     0    0.00000    0   53          -    0.00000      -     -    7s
     0     0    0.00000    0   66          -    0.00000      -     -    7s
     0     0    0.00000    0   66          -    0.00000      -     -    7s
     0     2    0.00000    0   17          -    0.00000      -     -    7s
*  107     3              20       0.0000000    0.00000  0.00%  29.8    8s

Cutting planes:
  Cover: 3
  Implied bound: 1
  MIR: 14
  RLT: 2
  Relax-and-lift: 39

Explored 108 nodes (20760 simplex iterations) in 8.84 seconds
Thread count was 1 (of 4 available processors)

Solution count 1: 0 

Optimal solution found (tolerance 1.00e-04)
Best objective 0.000000000000e+00, best bound 0.000000000000e+00, gap 0.0000%
Changed value of parameter TimeLimit to 167.61714720726013
   Prev: inf  Min: 0.0  Max: inf  Default: inf
Gurobi Optimizer version 9.0.1 build v9.0.1rc0 (linux64)
Optimize a model with 6299 rows, 6105 columns and 25958 nonzeros
Model fingerprint: 0x1920d7a2
Variable types: 55 continuous, 6050 integer (6050 binary)
Coefficient statistics:
  Matrix range     [1e+00, 4e+02]
  Objective range  [0e+00, 0e+00]
  Bounds range     [1e+00, 1e+00]
  RHS range        [1e+00, 2e+03]
Presolve removed 1905 rows and 1876 columns
Presolve time: 0.67s
Presolved: 4394 rows, 4229 columns, 16859 nonzeros
Variable types: 55 continuous, 4174 integer (4174 binary)

Root relaxation: objective 0.000000e+00, 763 iterations, 0.03 seconds

    Nodes    |    Current Node    |     Objective Bounds      |     Work
 Expl Unexpl |  Obj  Depth IntInf | Incumbent    BestBd   Gap | It/Node Time

     0     0    0.00000    0  103          -    0.00000      -     -    1s
     0     0    0.00000    0  147          -    0.00000      -     -    1s
     0     0    0.00000    0   77          -    0.00000      -     -    6s
     0     0    0.00000    0   97          -    0.00000      -     -    6s
     0     0    0.00000    0  107          -    0.00000      -     -    6s
     0     0    0.00000    0   23          -    0.00000      -     -    6s
     0     0    0.00000    0   23          -    0.00000      -     -    6s
     0     0    0.00000    0   20          -    0.00000      -     -    6s
     0     0    0.00000    0   19          -    0.00000      -     -    6s
     0     0    0.00000    0   19          -    0.00000      -     -    6s
     0     0    0.00000    0   26          -    0.00000      -     -    6s
     0     0    0.00000    0   26          -    0.00000      -     -    6s
     0     0    0.00000    0   52          -    0.00000      -     -    7s
     0     0    0.00000    0   22          -    0.00000      -     -    7s
     0     2    0.00000    0   12          -    0.00000      -     -    7s
    43    24 infeasible   29               -    0.00000      -   277   10s
   193   143    0.00000  152  179          -    0.00000      -   363   15s
H  519   341                       0.0000000    0.00000  0.00%   217   18s

Cutting planes:
  Gomory: 4
  Cover: 2
  Projected implied bound: 7
  Clique: 1
  MIR: 3
  Flow cover: 118
  GUB cover: 1
  Zero half: 1
  RLT: 1
  Relax-and-lift: 6

Explored 519 nodes (137550 simplex iterations) in 18.04 seconds
Thread count was 1 (of 4 available processors)

Solution count 1: 0 

Optimal solution found (tolerance 1.00e-04)
Best objective 0.000000000000e+00, best bound 0.000000000000e+00, gap 0.0000%
Changed value of parameter TimeLimit to 149.29296684265137
   Prev: inf  Min: 0.0  Max: inf  Default: inf
Gurobi Optimizer version 9.0.1 build v9.0.1rc0 (linux64)
Optimize a model with 6300 rows, 6105 columns and 26013 nonzeros
Model fingerprint: 0xbf171d29
Variable types: 55 continuous, 6050 integer (6050 binary)
Coefficient statistics:
  Matrix range     [1e+00, 4e+02]
  Objective range  [0e+00, 0e+00]
  Bounds range     [1e+00, 1e+00]
  RHS range        [1e+00, 2e+03]
Presolve removed 1983 rows and 1953 columns
Presolve time: 0.69s
Presolved: 4317 rows, 4152 columns, 16551 nonzeros
Variable types: 55 continuous, 4097 integer (4097 binary)

Root relaxation: objective 0.000000e+00, 790 iterations, 0.04 seconds

    Nodes    |    Current Node    |     Objective Bounds      |     Work
 Expl Unexpl |  Obj  Depth IntInf | Incumbent    BestBd   Gap | It/Node Time

     0     0    0.00000    0   76          -    0.00000      -     -    1s
     0     0    0.00000    0   90          -    0.00000      -     -    1s
     0     0    0.00000    0   55          -    0.00000      -     -    6s
     0     0    0.00000    0   52          -    0.00000      -     -    6s
     0     0    0.00000    0   52          -    0.00000      -     -    6s
     0     0    0.00000    0   27          -    0.00000      -     -    6s
     0     0    0.00000    0   27          -    0.00000      -     -    6s
     0     0    0.00000    0   39          -    0.00000      -     -    6s
     0     0    0.00000    0   69          -    0.00000      -     -    6s
     0     0    0.00000    0   34          -    0.00000      -     -    7s
     0     0    0.00000    0   32          -    0.00000      -     -    7s
     0     0    0.00000    0   57          -    0.00000      -     -    7s
     0     0    0.00000    0   42          -    0.00000      -     -    7s
     0     2    0.00000    0   41          -    0.00000      -     -    7s
    63    37    0.00000   45  395          -    0.00000      -   169   10s
*  542     3              39       0.0000000    0.00000  0.00%  95.3   13s

Cutting planes:
  Gomory: 1
  Cover: 36
  MIR: 11
  Relax-and-lift: 30

Explored 543 nodes (76367 simplex iterations) in 13.81 seconds
Thread count was 1 (of 4 available processors)

Solution count 1: 0 

Optimal solution found (tolerance 1.00e-04)
Best objective 0.000000000000e+00, best bound 0.000000000000e+00, gap 0.0000%
Changed value of parameter TimeLimit to 135.1982705593109
   Prev: inf  Min: 0.0  Max: inf  Default: inf
Gurobi Optimizer version 9.0.1 build v9.0.1rc0 (linux64)
Optimize a model with 6301 rows, 6105 columns and 26068 nonzeros
Model fingerprint: 0x7db693aa
Variable types: 55 continuous, 6050 integer (6050 binary)
Coefficient statistics:
  Matrix range     [1e+00, 4e+02]
  Objective range  [0e+00, 0e+00]
  Bounds range     [1e+00, 1e+00]
  RHS range        [1e+00, 2e+03]
Presolve removed 2030 rows and 1999 columns
Presolve time: 0.69s
Presolved: 4271 rows, 4106 columns, 16367 nonzeros
Variable types: 55 continuous, 4051 integer (4051 binary)

Root relaxation: objective 0.000000e+00, 811 iterations, 0.03 seconds

    Nodes    |    Current Node    |     Objective Bounds      |     Work
 Expl Unexpl |  Obj  Depth IntInf | Incumbent    BestBd   Gap | It/Node Time

     0     0    0.00000    0  130          -    0.00000      -     -    1s
     0     0    0.00000    0   28          -    0.00000      -     -    1s
     0     0    0.00000    0   68          -    0.00000      -     -    6s
     0     0    0.00000    0   77          -    0.00000      -     -    6s
     0     0    0.00000    0   56          -    0.00000      -     -    6s
     0     0    0.00000    0   45          -    0.00000      -     -    6s
     0     0    0.00000    0   41          -    0.00000      -     -    6s
     0     0    0.00000    0   27          -    0.00000      -     -    6s
     0     0    0.00000    0   49          -    0.00000      -     -    6s
     0     0    0.00000    0   64          -    0.00000      -     -    6s
     0     0    0.00000    0   64          -    0.00000      -     -    6s
     0     0    0.00000    0   44          -    0.00000      -     -    7s
     0     0    0.00000    0   42          -    0.00000      -     -    7s
     0     0    0.00000    0   28          -    0.00000      -     -    7s
     0     0    0.00000    0   33          -    0.00000      -     -    7s
     0     0    0.00000    0   23          -    0.00000      -     -    7s
     0     0    0.00000    0   22          -    0.00000      -     -    7s
     0     0    0.00000    0   20          -    0.00000      -     -    7s
     0     0    0.00000    0   71          -    0.00000      -     -    7s
     0     0    0.00000    0   45          -    0.00000      -     -    7s
     0     0    0.00000    0   45          -    0.00000      -     -    7s
     0     0    0.00000    0   36          -    0.00000      -     -    8s
     0     0    0.00000    0   57          -    0.00000      -     -    8s
     0     0    0.00000    0   58          -    0.00000      -     -    8s
     0     0    0.00000    0   24          -    0.00000      -     -    8s
     0     0    0.00000    0   91          -    0.00000      -     -    8s
     0     0    0.00000    0   26          -    0.00000      -     -    8s
     0     0    0.00000    0   26          -    0.00000      -     -    8s
     0     0    0.00000    0   62          -    0.00000      -     -    8s
     0     0    0.00000    0   51          -    0.00000      -     -    8s
     0     0    0.00000    0   40          -    0.00000      -     -    8s
     0     0    0.00000    0   43          -    0.00000      -     -    8s
     0     0    0.00000    0   29          -    0.00000      -     -    9s
     0     0    0.00000    0   23          -    0.00000      -     -    9s
H    0     0                       0.0000000    0.00000  0.00%     -    9s

Cutting planes:
  MIR: 7
  Relax-and-lift: 11

Explored 1 nodes (50856 simplex iterations) in 9.48 seconds
Thread count was 1 (of 4 available processors)

Solution count 1: 0 

Optimal solution found (tolerance 1.00e-04)
Best objective 0.000000000000e+00, best bound 0.000000000000e+00, gap 0.0000%
Changed value of parameter TimeLimit to 125.42666006088257
   Prev: inf  Min: 0.0  Max: inf  Default: inf
Gurobi Optimizer version 9.0.1 build v9.0.1rc0 (linux64)
Optimize a model with 6302 rows, 6105 columns and 26123 nonzeros
Model fingerprint: 0xa4c55eff
Variable types: 55 continuous, 6050 integer (6050 binary)
Coefficient statistics:
  Matrix range     [1e+00, 4e+02]
  Objective range  [0e+00, 0e+00]
  Bounds range     [1e+00, 1e+00]
  RHS range        [1e+00, 2e+03]
Presolve removed 2063 rows and 2031 columns
Presolve time: 0.67s
Presolved: 4239 rows, 4074 columns, 16239 nonzeros
Variable types: 55 continuous, 4019 integer (4019 binary)

Root relaxation: objective 0.000000e+00, 994 iterations, 0.04 seconds

    Nodes    |    Current Node    |     Objective Bounds      |     Work
 Expl Unexpl |  Obj  Depth IntInf | Incumbent    BestBd   Gap | It/Node Time

     0     0    0.00000    0   63          -    0.00000      -     -    1s
     0     0    0.00000    0   35          -    0.00000      -     -    1s
     0     0    0.00000    0   68          -    0.00000      -     -    6s
     0     0    0.00000    0   96          -    0.00000      -     -    6s
     0     0    0.00000    0  147          -    0.00000      -     -    6s
     0     0    0.00000    0  101          -    0.00000      -     -    6s
     0     0    0.00000    0   92          -    0.00000      -     -    6s
     0     0    0.00000    0   68          -    0.00000      -     -    7s
     0     0    0.00000    0   31          -    0.00000      -     -    7s
     0     0    0.00000    0   51          -    0.00000      -     -    8s
     0     0    0.00000    0   72          -    0.00000      -     -    8s
     0     0    0.00000    0   29          -    0.00000      -     -    8s
     0     0    0.00000    0   30          -    0.00000      -     -    8s
     0     0    0.00000    0   72          -    0.00000      -     -    8s
     0     0    0.00000    0   72          -    0.00000      -     -    8s
     0     0    0.00000    0   18          -    0.00000      -     -    8s
     0     0    0.00000    0   24          -    0.00000      -     -    8s
     0     0    0.00000    0   29          -    0.00000      -     -    8s
     0     0    0.00000    0   24          -    0.00000      -     -    8s
     0     0    0.00000    0   55          -    0.00000      -     -    8s
     0     0    0.00000    0   54          -    0.00000      -     -    8s
     0     0    0.00000    0   21          -    0.00000      -     -    8s
     0     0    0.00000    0   21          -    0.00000      -     -    8s
     0     2    0.00000    0   21          -    0.00000      -     -    9s
    27    12    0.00000   20   55          -    0.00000      -   297   10s
   603   287    0.00000   40   32          -    0.00000      -   183   15s
  1891   186 infeasible   71               -    0.00000      -   124   20s
H 2522     3                       0.0000000    0.00000  0.00%  97.4   20s

Cutting planes:
  Cover: 280
  MIR: 77
  Relax-and-lift: 61

Explored 2523 nodes (280414 simplex iterations) in 20.95 seconds
Thread count was 1 (of 4 available processors)

Solution count 1: 0 

Optimal solution found (tolerance 1.00e-04)
Best objective 0.000000000000e+00, best bound 0.000000000000e+00, gap 0.0000%
Changed value of parameter TimeLimit to 104.19005489349365
   Prev: inf  Min: 0.0  Max: inf  Default: inf
Gurobi Optimizer version 9.0.1 build v9.0.1rc0 (linux64)
Optimize a model with 6303 rows, 6105 columns and 26178 nonzeros
Model fingerprint: 0xdb652c7e
Variable types: 55 continuous, 6050 integer (6050 binary)
Coefficient statistics:
  Matrix range     [1e+00, 4e+02]
  Objective range  [0e+00, 0e+00]
  Bounds range     [1e+00, 1e+00]
  RHS range        [1e+00, 2e+03]
Presolve removed 2142 rows and 2109 columns
Presolve time: 0.68s
Presolved: 4161 rows, 3996 columns, 15927 nonzeros
Variable types: 55 continuous, 3941 integer (3941 binary)

Root relaxation: objective 0.000000e+00, 862 iterations, 0.03 seconds

    Nodes    |    Current Node    |     Objective Bounds      |     Work
 Expl Unexpl |  Obj  Depth IntInf | Incumbent    BestBd   Gap | It/Node Time

     0     0    0.00000    0   46          -    0.00000      -     -    0s
     0     0    0.00000    0   74          -    0.00000      -     -    1s
     0     0    0.00000    0   53          -    0.00000      -     -    6s
     0     0    0.00000    0   68          -    0.00000      -     -    6s
     0     0    0.00000    0   68          -    0.00000      -     -    6s
     0     0    0.00000    0   58          -    0.00000      -     -    6s
     0     0    0.00000    0   76          -    0.00000      -     -    6s
     0     0    0.00000    0   90          -    0.00000      -     -    6s
     0     0    0.00000    0   82          -    0.00000      -     -    6s
     0     0    0.00000    0   65          -    0.00000      -     -    6s
     0     0    0.00000    0   47          -    0.00000      -     -    6s
     0     0    0.00000    0   89          -    0.00000      -     -    6s
     0     0    0.00000    0   89          -    0.00000      -     -    7s
     0     2    0.00000    0   89          -    0.00000      -     -    7s
    28    20    0.00000   22   72          -    0.00000      -   190   10s
   815   223    0.00000   37   94          -    0.00000      -  77.1   15s
H  979     2                       0.0000000    0.00000  0.00%  85.1   16s

Cutting planes:
  Gomory: 7
  Cover: 52
  MIR: 64
  Relax-and-lift: 34

Explored 980 nodes (100962 simplex iterations) in 16.70 seconds
Thread count was 1 (of 4 available processors)

Solution count 1: 0 

Optimal solution found (tolerance 1.00e-04)
Best objective 0.000000000000e+00, best bound 0.000000000000e+00, gap 0.0000%
Changed value of parameter TimeLimit to 87.2047905921936
   Prev: inf  Min: 0.0  Max: inf  Default: inf
Gurobi Optimizer version 9.0.1 build v9.0.1rc0 (linux64)
Optimize a model with 6304 rows, 6105 columns and 26233 nonzeros
Model fingerprint: 0x9500a062
Variable types: 55 continuous, 6050 integer (6050 binary)
Coefficient statistics:
  Matrix range     [1e+00, 4e+02]
  Objective range  [0e+00, 0e+00]
  Bounds range     [1e+00, 1e+00]
  RHS range        [1e+00, 2e+03]
Presolve removed 2207 rows and 2173 columns
Presolve time: 0.69s
Presolved: 4097 rows, 3932 columns, 15671 nonzeros
Variable types: 55 continuous, 3877 integer (3877 binary)

Root relaxation: objective 0.000000e+00, 767 iterations, 0.03 seconds

    Nodes    |    Current Node    |     Objective Bounds      |     Work
 Expl Unexpl |  Obj  Depth IntInf | Incumbent    BestBd   Gap | It/Node Time

     0     0    0.00000    0   54          -    0.00000      -     -    1s
     0     0    0.00000    0   39          -    0.00000      -     -    1s
     0     0    0.00000    0  126          -    0.00000      -     -    6s
     0     0    0.00000    0   70          -    0.00000      -     -    6s
     0     0    0.00000    0   62          -    0.00000      -     -    6s
     0     0    0.00000    0   60          -    0.00000      -     -    6s
     0     0    0.00000    0   32          -    0.00000      -     -    7s
     0     0    0.00000    0   29          -    0.00000      -     -    7s
     0     0    0.00000    0   47          -    0.00000      -     -    7s
     0     0    0.00000    0   47          -    0.00000      -     -    7s
     0     0    0.00000    0   33          -    0.00000      -     -    7s
     0     0    0.00000    0   49          -    0.00000      -     -    7s
     0     0    0.00000    0   54          -    0.00000      -     -    7s
     0     0    0.00000    0   48          -    0.00000      -     -    7s
     0     0    0.00000    0   27          -    0.00000      -     -    7s
     0     0    0.00000    0   57          -    0.00000      -     -    7s
     0     0    0.00000    0   36          -    0.00000      -     -    7s
     0     0    0.00000    0   36          -    0.00000      -     -    7s
     0     0    0.00000    0   62          -    0.00000      -     -    8s
     0     0    0.00000    0   70          -    0.00000      -     -    8s
     0     0    0.00000    0   66          -    0.00000      -     -    8s
     0     0    0.00000    0  115          -    0.00000      -     -    8s
     0     0    0.00000    0   32          -    0.00000      -     -    8s
     0     0    0.00000    0   29          -    0.00000      -     -    8s
     0     0    0.00000    0   40          -    0.00000      -     -    9s
     0     0    0.00000    0   67          -    0.00000      -     -    9s
     0     0    0.00000    0   26          -    0.00000      -     -    9s
     0     0    0.00000    0   86          -    0.00000      -     -    9s
     0     0    0.00000    0   31          -    0.00000      -     -    9s
     0     0    0.00000    0   30          -    0.00000      -     -    9s
     0     2    0.00000    0   16          -    0.00000      -     -    9s
    10     7    0.00000    6  161          -    0.00000      -   214   10s
  1023   345    0.00000   25   59          -    0.00000      -  59.6   15s
H 1045   341                       0.0000000    0.00000  0.00%  58.3   16s

Cutting planes:
  Gomory: 3
  Projected implied bound: 2
  Flow cover: 13
  Relax-and-lift: 3

Explored 1045 nodes (132387 simplex iterations) in 16.37 seconds
Thread count was 1 (of 4 available processors)

Solution count 1: 0 

Optimal solution found (tolerance 1.00e-04)
Best objective 0.000000000000e+00, best bound 0.000000000000e+00, gap 0.0000%
Changed value of parameter TimeLimit to 70.5412106513977
   Prev: inf  Min: 0.0  Max: inf  Default: inf
Gurobi Optimizer version 9.0.1 build v9.0.1rc0 (linux64)
Optimize a model with 6305 rows, 6105 columns and 26288 nonzeros
Model fingerprint: 0x50f52745
Variable types: 55 continuous, 6050 integer (6050 binary)
Coefficient statistics:
  Matrix range     [1e+00, 4e+02]
  Objective range  [0e+00, 0e+00]
  Bounds range     [1e+00, 1e+00]
  RHS range        [1e+00, 2e+03]
Presolve removed 2243 rows and 2208 columns
Presolve time: 0.67s
Presolved: 4062 rows, 3897 columns, 15531 nonzeros
Variable types: 55 continuous, 3842 integer (3842 binary)

Root relaxation: objective 0.000000e+00, 830 iterations, 0.04 seconds

    Nodes    |    Current Node    |     Objective Bounds      |     Work
 Expl Unexpl |  Obj  Depth IntInf | Incumbent    BestBd   Gap | It/Node Time

     0     0    0.00000    0   93          -    0.00000      -     -    1s
     0     0    0.00000    0   62          -    0.00000      -     -    1s
     0     0    0.00000    0   53          -    0.00000      -     -    6s
     0     0    0.00000    0   63          -    0.00000      -     -    6s
     0     0    0.00000    0   63          -    0.00000      -     -    6s
     0     0    0.00000    0  101          -    0.00000      -     -    6s
     0     0    0.00000    0   94          -    0.00000      -     -    6s
     0     0    0.00000    0   59          -    0.00000      -     -    6s
     0     0    0.00000    0   54          -    0.00000      -     -    6s
     0     0    0.00000    0   68          -    0.00000      -     -    6s
     0     0    0.00000    0   56          -    0.00000      -     -    6s
     0     0    0.00000    0   36          -    0.00000      -     -    6s
     0     0    0.00000    0   36          -    0.00000      -     -    6s
     0     0    0.00000    0   47          -    0.00000      -     -    6s
     0     0    0.00000    0   30          -    0.00000      -     -    7s
     0     0    0.00000    0   37          -    0.00000      -     -    7s
     0     0    0.00000    0   43          -    0.00000      -     -    7s
     0     0    0.00000    0   43          -    0.00000      -     -    7s
     0     0    0.00000    0   54          -    0.00000      -     -    7s
     0     0    0.00000    0   50          -    0.00000      -     -    7s
     0     0    0.00000    0   27          -    0.00000      -     -    7s
     0     0    0.00000    0   29          -    0.00000      -     -    7s
     0     0    0.00000    0   34          -    0.00000      -     -    7s
     0     0    0.00000    0   38          -    0.00000      -     -    7s
     0     0    0.00000    0   70          -    0.00000      -     -    8s
     0     0    0.00000    0   60          -    0.00000      -     -    8s
     0     0    0.00000    0   66          -    0.00000      -     -    8s
     0     0    0.00000    0   34          -    0.00000      -     -    8s
     0     2    0.00000    0   34          -    0.00000      -     -    8s
   151    34    0.00000   23   64          -    0.00000      -  87.0   10s
  1237   344    0.00000   66   24          -    0.00000      -  71.2   15s
  3011   533 infeasible   94               -    0.00000      -  55.2   20s
H 3298     3                       0.0000000    0.00000  0.00%  51.3   20s

Cutting planes:
  Gomory: 7
  Projected implied bound: 2
  Flow cover: 17
  Relax-and-lift: 5

Explored 3299 nodes (178182 simplex iterations) in 20.32 seconds
Thread count was 1 (of 4 available processors)

Solution count 1: 0 

Optimal solution found (tolerance 1.00e-04)
Best objective 0.000000000000e+00, best bound 0.000000000000e+00, gap 0.0000%
Changed value of parameter TimeLimit to 49.93224620819092
   Prev: inf  Min: 0.0  Max: inf  Default: inf
Gurobi Optimizer version 9.0.1 build v9.0.1rc0 (linux64)
Optimize a model with 6306 rows, 6105 columns and 26343 nonzeros
Model fingerprint: 0x806068a0
Variable types: 55 continuous, 6050 integer (6050 binary)
Coefficient statistics:
  Matrix range     [1e+00, 4e+02]
  Objective range  [0e+00, 0e+00]
  Bounds range     [1e+00, 1e+00]
  RHS range        [1e+00, 2e+03]
Presolve removed 2291 rows and 2255 columns
Presolve time: 0.65s
Presolved: 4015 rows, 3850 columns, 15343 nonzeros
Variable types: 55 continuous, 3795 integer (3795 binary)

Root relaxation: objective 0.000000e+00, 941 iterations, 0.04 seconds

    Nodes    |    Current Node    |     Objective Bounds      |     Work
 Expl Unexpl |  Obj  Depth IntInf | Incumbent    BestBd   Gap | It/Node Time

     0     0    0.00000    0   84          -    0.00000      -     -    1s
     0     0    0.00000    0   29          -    0.00000      -     -    1s
     0     0    0.00000    0   48          -    0.00000      -     -    4s
     0     0    0.00000    0   62          -    0.00000      -     -    4s
     0     0    0.00000    0   62          -    0.00000      -     -    4s
     0     0    0.00000    0   42          -    0.00000      -     -    5s
     0     0    0.00000    0   38          -    0.00000      -     -    5s
     0     0    0.00000    0   64          -    0.00000      -     -    5s
     0     0    0.00000    0   64          -    0.00000      -     -    5s
     0     0    0.00000    0   44          -    0.00000      -     -    5s
     0     0    0.00000    0   34          -    0.00000      -     -    5s
     0     0    0.00000    0   44          -    0.00000      -     -    5s
     0     0    0.00000    0   56          -    0.00000      -     -    5s
     0     0    0.00000    0   41          -    0.00000      -     -    5s
     0     0    0.00000    0   31          -    0.00000      -     -    5s
     0     0    0.00000    0   29          -    0.00000      -     -    5s
     0     2    0.00000    0   26          -    0.00000      -     -    5s
   537   304 infeasible   17               -    0.00000      -   110   10s
  2249   239 infeasible   90               -    0.00000      -  45.5   15s
H 2910     2                       0.0000000    0.00000  0.00%  38.2   15s

Cutting planes:
  Projected implied bound: 4
  MIR: 1
  Flow cover: 18
  Relax-and-lift: 5

Explored 2911 nodes (118438 simplex iterations) in 15.93 seconds
Thread count was 1 (of 4 available processors)

Solution count 1: 0 

Optimal solution found (tolerance 1.00e-04)
Best objective 0.000000000000e+00, best bound 0.000000000000e+00, gap 0.0000%
Changed value of parameter TimeLimit to 33.709102392196655
   Prev: inf  Min: 0.0  Max: inf  Default: inf
Gurobi Optimizer version 9.0.1 build v9.0.1rc0 (linux64)
Optimize a model with 6307 rows, 6105 columns and 26398 nonzeros
Model fingerprint: 0x3a0b647d
Variable types: 55 continuous, 6050 integer (6050 binary)
Coefficient statistics:
  Matrix range     [1e+00, 4e+02]
  Objective range  [0e+00, 0e+00]
  Bounds range     [1e+00, 1e+00]
  RHS range        [1e+00, 2e+03]
Presolve removed 2353 rows and 2316 columns
Presolve time: 0.66s
Presolved: 3954 rows, 3789 columns, 15099 nonzeros
Variable types: 55 continuous, 3734 integer (3734 binary)

Root relaxation: objective 0.000000e+00, 742 iterations, 0.03 seconds

    Nodes    |    Current Node    |     Objective Bounds      |     Work
 Expl Unexpl |  Obj  Depth IntInf | Incumbent    BestBd   Gap | It/Node Time

     0     0    0.00000    0   97          -    0.00000      -     -    1s
     0     0    0.00000    0   47          -    0.00000      -     -    1s
     0     0    0.00000    0   45          -    0.00000      -     -    6s
     0     0    0.00000    0   72          -    0.00000      -     -    6s
     0     0    0.00000    0   52          -    0.00000      -     -    6s
     0     0    0.00000    0   83          -    0.00000      -     -    6s
     0     0    0.00000    0   73          -    0.00000      -     -    6s
     0     0    0.00000    0   61          -    0.00000      -     -    6s
     0     0    0.00000    0   61          -    0.00000      -     -    6s
     0     0    0.00000    0   43          -    0.00000      -     -    6s
     0     0    0.00000    0   76          -    0.00000      -     -    6s
     0     0    0.00000    0   46          -    0.00000      -     -    6s
     0     0    0.00000    0   46          -    0.00000      -     -    6s
     0     0    0.00000    0   67          -    0.00000      -     -    7s
     0     0    0.00000    0   63          -    0.00000      -     -    7s
     0     0    0.00000    0   65          -    0.00000      -     -    7s
     0     0    0.00000    0   46          -    0.00000      -     -    7s
     0     0    0.00000    0   86          -    0.00000      -     -    7s
     0     0    0.00000    0   41          -    0.00000      -     -    7s
     0     0    0.00000    0   42          -    0.00000      -     -    7s
     0     0    0.00000    0   43          -    0.00000      -     -    7s
     0     0    0.00000    0   54          -    0.00000      -     -    7s
     0     0    0.00000    0   34          -    0.00000      -     -    7s
     0     0    0.00000    0  115          -    0.00000      -     -    7s
     0     0    0.00000    0   38          -    0.00000      -     -    7s
     0     0    0.00000    0   73          -    0.00000      -     -    7s
     0     0    0.00000    0   43          -    0.00000      -     -    7s
     0     0    0.00000    0   41          -    0.00000      -     -    8s
     0     2    0.00000    0   30          -    0.00000      -     -    8s
   253    63    0.00000   26   66          -    0.00000      -  70.1   10s
  1975   316    0.00000   53   39          -    0.00000      -  52.0   15s
  2341   298    0.00000   37   56          -    0.00000      -  73.3   20s
  6163   139    0.00000   57   31          -    0.00000      -  36.3   25s
 10131   163    0.00000   64   24          -    0.00000      -  27.7   30s

Cutting planes:
  Cover: 1
  Projected implied bound: 5
  MIR: 3
  Flow cover: 15
  RLT: 1
  Relax-and-lift: 14

Explored 11073 nodes (305970 simplex iterations) in 33.71 seconds
Thread count was 1 (of 4 available processors)

Solution count 0

Time limit reached
Best objective -, best bound 0.000000000000e+00, gap -
