Tasks lengths
[43, 49, 50, 52, 59, 59, 59, 62, 63, 63, 63, 66, 67, 76, 76, 80, 80, 86, 89, 90, 90, 91, 101, 102, 104, 104, 104, 107, 109, 109, 111, 116, 117, 117, 118, 119, 122, 125, 129, 130, 132, 132, 132, 134, 138, 139, 140, 140, 142, 144, 145, 146, 146, 147, 148, 151, 151, 152, 158, 158, 160, 160, 160, 181, 187, 190, 194, 212, 227, 229, 237, 253, 255, 259, 261, 261, 265, 266, 267, 280, 286, 291, 292, 301, 305, 309, 318, 332, 344, 344, 402, 414, 429, 437, 446, 463, 492, 498, 509, 514]
32
Using license file /home/benedond/gurobi.lic
Using gurobi.env file
Set parameter Threads to value 1
Academic license - for non-commercial use only
Changed value of parameter TimeLimit to 300.0
   Prev: inf  Min: 0.0  Max: inf  Default: inf
Gurobi Optimizer version 9.0.1 build v9.0.1rc0 (linux64)
Optimize a model with 3346 rows, 3232 columns and 12894 nonzeros
Model fingerprint: 0x4bde84f4
Model has 3200 quadratic objective terms
Variable types: 32 continuous, 3200 integer (3200 binary)
Coefficient statistics:
  Matrix range     [1e+00, 5e+02]
  Objective range  [0e+00, 0e+00]
  QObjective range [2e-04, 2e-03]
  Bounds range     [1e+00, 1e+00]
  RHS range        [1e+00, 3e+03]
Presolve removed 25 rows and 25 columns
Presolve time: 0.14s
Presolved: 6496 rows, 6382 columns, 22319 nonzeros
Variable types: 0 continuous, 6382 integer (3175 binary)

Root relaxation: objective 0.000000e+00, 657 iterations, 0.03 seconds

    Nodes    |    Current Node    |     Objective Bounds      |     Work
 Expl Unexpl |  Obj  Depth IntInf | Incumbent    BestBd   Gap | It/Node Time

     0     0    0.00000    0  140          -    0.00000      -     -    1s
     0     0    0.00000    0  140          -    0.00000      -     -    1s
     0     0    0.00000    0  132          -    0.00000      -     -    2s
     0     0    0.00000    0  116          -    0.00000      -     -    3s
H    0     0                       4.5397008    0.00000   100%     -    3s
     0     0    0.00000    0  115    4.53970    0.00000   100%     -    4s
     0     0    0.00000    0  115    4.53970    0.00000   100%     -    4s
     0     0    0.00000    0  157    4.53970    0.00000   100%     -    5s
     0     0    0.00000    0  172    4.53970    0.00000   100%     -    5s
     0     0    0.00000    0  155    4.53970    0.00000   100%     -    5s
     0     0    0.00000    0  157    4.53970    0.00000   100%     -    6s
     0     0    0.00000    0  174    4.53970    0.00000   100%     -    6s
     0     0    0.00000    0  148    4.53970    0.00000   100%     -    6s
     0     0    0.00000    0  137    4.53970    0.00000   100%     -    7s
     0     2    0.06943    0  128    4.53970    0.06943  98.5%     -    7s
H  150   149                       4.3034339    0.06943  98.4%  69.5    9s
H  203   202                       4.2286966    0.06943  98.4%  69.2    9s
   238   239    0.06943  238  204    4.22870    0.06943  98.4%  70.2   10s
H  397   396                       4.0615019    0.06943  98.3%  69.3   11s
H  405   404                       3.9581340    0.06943  98.2%  68.1   11s
H  594   589                       3.9494402    0.06943  98.2%  67.6   12s
H  729   724                       3.9359534    0.06943  98.2%  73.3   14s
H  756   751                       3.9150835    0.06943  98.2%  74.0   14s
   777   774    0.06943  775  142    3.91508    0.06943  98.2%  74.7   15s
H  810   803                       3.6874192    0.06943  98.1%  78.8   17s
  1345  1248    0.06943  475  133    3.68742    0.06943  98.1%  70.7   20s
  1375  1270    0.10636   24  206    3.68742    0.10636  97.1%  79.4   25s
  1512  1362    0.11278   92  131    3.68742    0.10636  97.1%  93.8   30s
  1611  1426    0.10636  142  208    3.68742    0.10636  97.1%   115   35s
  1820  1565    0.10636  246  143    3.68742    0.10636  97.1%   137   40s
H 1975  1601                       3.6843912    0.10636  97.1%   141   42s
H 1998  1555                       3.6842076    0.10636  97.1%   142   42s
H 2052  1531                       3.6829400    0.10636  97.1%   142   43s
H 2106  1501                       3.6787715    0.10636  97.1%   141   44s
H 2161  1484                       3.6775291    0.10636  97.1%   141   44s
  2171  1491    0.10636  422  130    3.67753    0.10636  97.1%   141   45s
H 2269  1494                       3.6737229    0.10636  97.1%   141   46s
H 2296  1466                       3.5213518    0.10636  97.0%   140   47s
H 2350  1456                       3.5133815    0.10636  97.0%   139   47s
H 2458  1478                       3.5041665    0.10636  97.0%   139   49s
  2485  1498    0.24290  581  149    3.50417    0.10636  97.0%   139   50s
H 2512  1473                       3.4359310    0.10636  96.9%   139   50s
H 2539  1446                       3.3925545    0.10636  96.9%   138   52s
H 2764  1497                       3.3612155    0.10636  96.8%   130   53s
  2860  1561    0.18652  344  137    3.36122    0.10636  96.8%   131   55s
H 2958  1589                       3.1309853    0.10636  96.6%   130   57s
H 2971  1565                       3.1098492    0.10636  96.6%   130   59s
  3054  1621    0.32354  441  144    3.10985    0.10636  96.6%   130   60s
  4106  2540    0.28015  154  125    3.10985    0.10636  96.6%   116   65s
H 4434  2861                       3.1053514    0.10636  96.6%   112   67s
H 4924  3289                       3.0870762    0.10636  96.6%   103   72s
  5102  3457    0.33914  432 1702    3.08708    0.10636  96.6%   101   75s
  5121  3472    0.10636   28  177    3.08708    0.10636  96.6%   104   80s
  5176  3507    0.10636   55  200    3.08708    0.10636  96.6%   106   85s
  5252  3556    0.10636   93  132    3.08708    0.10636  96.6%   109   90s
  5410  3661    0.16615  172  244    3.08708    0.10636  96.6%   114   95s
  5820  3919    0.70641  377  144    3.08708    0.10636  96.6%   117  100s
H 5918  3793                       3.0859742    0.10636  96.6%   115  101s
H 6108  3736                       3.0853589    0.10636  96.6%   113  105s
H 6440  3740                       3.0820316    0.10636  96.5%   115  110s
  6876  4027    0.54429  390  178    3.08203    0.10636  96.5%   119  115s
  6895  4039    0.38163  400  159    3.08203    0.10636  96.5%   119  120s
  7533  4367    0.33733  204  139    3.08203    0.10636  96.5%   118  125s
  8940  5080    0.10636  213  121    3.08203    0.10636  96.5%   108  130s
 11270  6393    0.10636  200  134    3.08203    0.10636  96.5%  90.8  135s
H11487  6382                       3.0809851    0.10636  96.5%  90.5  137s
 12682  6983    0.42715  152  135    3.08099    0.10636  96.5%  84.9  140s
 14555  8412    2.01553  428  108    3.08099    0.10636  96.5%  79.5  145s
 15304  9054    0.10751  138 1702    3.08099    0.10636  96.5%  77.6  178s
 15309  9057    1.22633  602  136    3.08099    0.10636  96.5%  77.6  180s
 15314  9061    1.19367  360  210    3.08099    1.19367  61.3%  77.5  185s
H15316  8608                       3.0772894    2.22984  27.5%  77.5  187s
H15318  8178                       3.0755783    2.38992  22.3%  77.5  188s
H15320  7771                       3.0743444    2.56295  16.6%  77.5  190s
 15326  7775    2.71767  575  504    3.07434    2.71767  11.6%  77.5  195s
 15334  7780    2.77160   35  599    3.07434    2.77160  9.85%  77.4  200s
 15342  7785    2.79145  332  518    3.07434    2.79145  9.20%  77.4  205s
 15352  7792    2.79250  150  567    3.07434    2.79250  9.17%  77.3  210s
 15362  7799    2.79935  236  537    3.07434    2.79935  8.94%  77.3  216s
 15369  7803    2.80120  195  187    3.07434    2.80120  8.88%  77.2  220s
 15383  7814    2.80120  341  217    3.07434    2.80120  8.88%  81.0  225s
 15388  7817    2.80120  283  174    3.07434    2.80120  8.88%  80.9  230s
H15394  7429                       3.0720698    2.80120  8.82%  80.9  234s
 15396  7431    2.80120  390  343    3.07207    2.80120  8.82%  80.9  235s
H15400  7061                       3.0701315    2.80120  8.76%  80.9  242s
 15415  7071    2.80120  194  206    3.07013    2.80120  8.76%  80.8  245s
 15427  7081    2.85719   52  294    3.07013    2.80120  8.76%  84.0  251s
 15431  7084    2.84780   54  244    3.07013    2.80120  8.76%  84.1  256s
 15434  7086    2.80120   56  224    3.07013    2.80120  8.76%  84.2  260s
 15443  7092    2.81707   60  210    3.07013    2.80120  8.76%  84.2  265s
H15452  6741                       3.0639003    2.80120  8.57%  84.3  267s
 15468  6754    2.80120   73  254    3.06390    2.80120  8.57%  84.5  270s
 15500  6775    2.80120   89  259    3.06390    2.80120  8.57%  85.0  275s
 15525  6787    2.83524  101  495    3.06390    2.80120  8.57%  85.8  280s
 15569  6813    2.82181  123  198    3.06390    2.80120  8.57%  86.3  285s
H15587  6486                       3.0638783    2.80120  8.57%  86.4  286s
 15668  6539    2.80784  173  225    3.06388    2.80120  8.57%  87.0  290s
 15771  6586    2.82462  225  181    3.06388    2.80120  8.57%  87.0  295s
 15913  6622    2.90426  302  158    3.06388    2.80120  8.57%  86.6  300s

Cutting planes:
  Gomory: 13
  Cover: 3
  Implied bound: 1794
  Projected implied bound: 30
  MIR: 22
  Flow cover: 20
  GUB cover: 15
  Relax-and-lift: 1

Explored 15914 nodes (1430186 simplex iterations) in 300.00 seconds
Thread count was 1 (of 4 available processors)

Solution count 10: 3.06388 3.0639 3.07013 ... 3.08536

Time limit reached
Best objective 3.063878332156e+00, best bound 2.801199844171e+00, gap 8.5734%
