{
    "assignmentCharacteristics": [
        {
            "command": "/root/thermobench/build/benchmarks/mem/membench -t1 -f -r -s 1000",
            "resourceAssignments": [
                {
                    "intercept": 0.5,
                    "length": 103,
                    "processors": [
                        {
                            "processingUnits": 1,
                            "processor": "A72"
                        }
                    ],
                    "slope": 0.4000000059604645
                },
                {
                    "intercept": 0.20999999344348907,
                    "length": 102,
                    "processors": [
                        {
                            "processingUnits": 1,
                            "processor": "A53"
                        }
                    ],
                    "slope": 0.14000000059604645
                }
            ],
            "task": "0_membench-1K-RO-R"
        },
        {
            "command": "./bitmnp-4M -v0 -c1 -i100",
            "resourceAssignments": [
                {
                    "intercept": 1.9700000286102295,
                    "length": 112,
                    "processors": [
                        {
                            "processingUnits": 1,
                            "processor": "A72"
                        }
                    ],
                    "slope": 0.8999999761581421
                },
                {
                    "intercept": 1.2200000286102295,
                    "length": 245,
                    "processors": [
                        {
                            "processingUnits": 1,
                            "processor": "A53"
                        }
                    ],
                    "slope": 0.28999999165534973
                }
            ],
            "task": "1_bitmnp-4M"
        },
        {
            "command": "./matrix-4K -v0 -c1 -i100",
            "resourceAssignments": [
                {
                    "intercept": 1.7799999713897705,
                    "length": 51,
                    "processors": [
                        {
                            "processingUnits": 1,
                            "processor": "A72"
                        }
                    ],
                    "slope": 1.590000033378601
                },
                {
                    "intercept": 0.3700000047683716,
                    "length": 147,
                    "processors": [
                        {
                            "processingUnits": 1,
                            "processor": "A53"
                        }
                    ],
                    "slope": 0.33000001311302185
                }
            ],
            "task": "2_matrix-4K"
        },
        {
            "command": "/root/thermobench/build/benchmarks/mem/membench -t1 -f -w -s 1000",
            "resourceAssignments": [
                {
                    "intercept": 0.8399999737739563,
                    "length": 74,
                    "processors": [
                        {
                            "processingUnits": 1,
                            "processor": "A72"
                        }
                    ],
                    "slope": 0.75
                },
                {
                    "intercept": 0.23999999463558197,
                    "length": 131,
                    "processors": [
                        {
                            "processingUnits": 1,
                            "processor": "A53"
                        }
                    ],
                    "slope": 0.17000000178813934
                }
            ],
            "task": "3_membench-1K-RW-S"
        },
        {
            "command": "/root/thermobench/build/benchmarks/mem/membench -t1 -f -r -s 1000000",
            "resourceAssignments": [
                {
                    "intercept": 1.8899999856948853,
                    "length": 61,
                    "processors": [
                        {
                            "processingUnits": 1,
                            "processor": "A72"
                        }
                    ],
                    "slope": 0.6899999976158142
                },
                {
                    "intercept": 0.7200000286102295,
                    "length": 42,
                    "processors": [
                        {
                            "processingUnits": 1,
                            "processor": "A53"
                        }
                    ],
                    "slope": 0.5
                }
            ],
            "task": "4_membench-1M-RO-R"
        },
        {
            "command": "./bitmnp-4K -v0 -c1 -i100",
            "resourceAssignments": [
                {
                    "intercept": 0.7699999809265137,
                    "length": 130,
                    "processors": [
                        {
                            "processingUnits": 1,
                            "processor": "A72"
                        }
                    ],
                    "slope": 0.7799999713897705
                },
                {
                    "intercept": 0.23000000417232513,
                    "length": 270,
                    "processors": [
                        {
                            "processingUnits": 1,
                            "processor": "A53"
                        }
                    ],
                    "slope": 0.1899999976158142
                }
            ],
            "task": "5_bitmnp-4K"
        },
        {
            "command": "./ttsprk-4K -v0 -c1 -i100",
            "resourceAssignments": [
                {
                    "intercept": 1.3200000524520874,
                    "length": 90,
                    "processors": [
                        {
                            "processingUnits": 1,
                            "processor": "A72"
                        }
                    ],
                    "slope": 1.3600000143051147
                },
                {
                    "intercept": 0.3700000047683716,
                    "length": 181,
                    "processors": [
                        {
                            "processingUnits": 1,
                            "processor": "A53"
                        }
                    ],
                    "slope": 0.36000001430511475
                }
            ],
            "task": "6_ttsprk-4K"
        },
        {
            "command": "/root/thermobench/build/benchmarks/mem/membench -t1 -f -w -s 1000000",
            "resourceAssignments": [
                {
                    "intercept": 2.509999990463257,
                    "length": 110,
                    "processors": [
                        {
                            "processingUnits": 1,
                            "processor": "A72"
                        }
                    ],
                    "slope": 1.0099999904632568
                },
                {
                    "intercept": 0.949999988079071,
                    "length": 82,
                    "processors": [
                        {
                            "processingUnits": 1,
                            "processor": "A53"
                        }
                    ],
                    "slope": 0.8199999928474426
                }
            ],
            "task": "7_membench-1M-RW-S"
        },
        {
            "command": "./ttsprk-4M -v0 -c1 -i100",
            "resourceAssignments": [
                {
                    "intercept": 1.5800000429153442,
                    "length": 154,
                    "processors": [
                        {
                            "processingUnits": 1,
                            "processor": "A72"
                        }
                    ],
                    "slope": 1.9800000190734863
                },
                {
                    "intercept": 0.3199999928474426,
                    "length": 325,
                    "processors": [
                        {
                            "processingUnits": 1,
                            "processor": "A53"
                        }
                    ],
                    "slope": 0.6700000166893005
                }
            ],
            "task": "8_ttsprk-4M"
        },
        {
            "command": "./iirflt-4K -v0 -c1 -i100",
            "resourceAssignments": [
                {
                    "intercept": 1.350000023841858,
                    "length": 114,
                    "processors": [
                        {
                            "processingUnits": 1,
                            "processor": "A72"
                        }
                    ],
                    "slope": 1.4600000381469727
                },
                {
                    "intercept": 0.30000001192092896,
                    "length": 330,
                    "processors": [
                        {
                            "processingUnits": 1,
                            "processor": "A53"
                        }
                    ],
                    "slope": 0.2199999988079071
                }
            ],
            "task": "9_iirflt-4K"
        },
        {
            "command": "./aifirf-4M -v0 -c1 -i10",
            "resourceAssignments": [
                {
                    "intercept": 2.569999933242798,
                    "length": 74,
                    "processors": [
                        {
                            "processingUnits": 1,
                            "processor": "A72"
                        }
                    ],
                    "slope": 1.7899999618530273
                },
                {
                    "intercept": 1.059999942779541,
                    "length": 207,
                    "processors": [
                        {
                            "processingUnits": 1,
                            "processor": "A53"
                        }
                    ],
                    "slope": 0.36000001430511475
                }
            ],
            "task": "10_aifirf-4M"
        },
        {
            "command": "./puwmod-4K -v0 -c1 -i100",
            "resourceAssignments": [
                {
                    "intercept": 1.2000000476837158,
                    "length": 148,
                    "processors": [
                        {
                            "processingUnits": 1,
                            "processor": "A72"
                        }
                    ],
                    "slope": 1.2599999904632568
                },
                {
                    "intercept": 0.3199999928474426,
                    "length": 282,
                    "processors": [
                        {
                            "processingUnits": 1,
                            "processor": "A53"
                        }
                    ],
                    "slope": 0.2800000011920929
                }
            ],
            "task": "11_puwmod-4K"
        },
        {
            "command": "./a2time-4K -v0 -c1 -i100",
            "resourceAssignments": [
                {
                    "intercept": 1.0199999809265137,
                    "length": 107,
                    "processors": [
                        {
                            "processingUnits": 1,
                            "processor": "A72"
                        }
                    ],
                    "slope": 1.0700000524520874
                },
                {
                    "intercept": 0.20999999344348907,
                    "length": 183,
                    "processors": [
                        {
                            "processingUnits": 1,
                            "processor": "A53"
                        }
                    ],
                    "slope": 0.25
                }
            ],
            "task": "12_a2time-4K"
        },
        {
            "command": "./pntrch-4M -v0 -c1 -i1",
            "resourceAssignments": [
                {
                    "intercept": 2.009999990463257,
                    "length": 77,
                    "processors": [
                        {
                            "processingUnits": 1,
                            "processor": "A72"
                        }
                    ],
                    "slope": 1.8300000429153442
                },
                {
                    "intercept": 0.5400000214576721,
                    "length": 227,
                    "processors": [
                        {
                            "processingUnits": 1,
                            "processor": "A53"
                        }
                    ],
                    "slope": 0.4099999964237213
                }
            ],
            "task": "13_pntrch-4M"
        },
        {
            "command": "/root/thermobench/build/benchmarks/mem/membench -t1 -f -w -s 1000",
            "resourceAssignments": [
                {
                    "intercept": 0.8399999737739563,
                    "length": 67,
                    "processors": [
                        {
                            "processingUnits": 1,
                            "processor": "A72"
                        }
                    ],
                    "slope": 0.75
                },
                {
                    "intercept": 0.23999999463558197,
                    "length": 119,
                    "processors": [
                        {
                            "processingUnits": 1,
                            "processor": "A53"
                        }
                    ],
                    "slope": 0.17000000178813934
                }
            ],
            "task": "14_membench-1K-RW-S"
        },
        {
            "command": "/root/thermobench/build/benchmarks/mem/membench -t1 -f -s 1000",
            "resourceAssignments": [
                {
                    "intercept": 0.46000000834465027,
                    "length": 99,
                    "processors": [
                        {
                            "processingUnits": 1,
                            "processor": "A72"
                        }
                    ],
                    "slope": 0.44999998807907104
                },
                {
                    "intercept": 0.20999999344348907,
                    "length": 99,
                    "processors": [
                        {
                            "processingUnits": 1,
                            "processor": "A53"
                        }
                    ],
                    "slope": 0.15000000596046448
                }
            ],
            "task": "15_membench-1K-RO-S"
        },
        {
            "command": "./tblook-4K -v0 -c1 -i100",
            "resourceAssignments": [
                {
                    "intercept": 1.5099999904632568,
                    "length": 50,
                    "processors": [
                        {
                            "processingUnits": 1,
                            "processor": "A72"
                        }
                    ],
                    "slope": 1.649999976158142
                },
                {
                    "intercept": 0.27000001072883606,
                    "length": 156,
                    "processors": [
                        {
                            "processingUnits": 1,
                            "processor": "A53"
                        }
                    ],
                    "slope": 0.2199999988079071
                }
            ],
            "task": "16_tblook-4K"
        },
        {
            "command": "/root/thermobench/build/benchmarks/mem/membench -t1 -f -r -w -s 4000000",
            "resourceAssignments": [
                {
                    "intercept": 2.180000066757202,
                    "length": 57,
                    "processors": [
                        {
                            "processingUnits": 1,
                            "processor": "A72"
                        }
                    ],
                    "slope": 0.5799999833106995
                },
                {
                    "intercept": 1.6100000143051147,
                    "length": 73,
                    "processors": [
                        {
                            "processingUnits": 1,
                            "processor": "A53"
                        }
                    ],
                    "slope": 0.30000001192092896
                }
            ],
            "task": "17_membench-4M-RW-R"
        },
        {
            "command": "./bitmnp-4M -v0 -c1 -i100",
            "resourceAssignments": [
                {
                    "intercept": 1.9700000286102295,
                    "length": 85,
                    "processors": [
                        {
                            "processingUnits": 1,
                            "processor": "A72"
                        }
                    ],
                    "slope": 0.8999999761581421
                },
                {
                    "intercept": 1.2200000286102295,
                    "length": 186,
                    "processors": [
                        {
                            "processingUnits": 1,
                            "processor": "A53"
                        }
                    ],
                    "slope": 0.28999999165534973
                }
            ],
            "task": "18_bitmnp-4M"
        },
        {
            "command": "./idctrn-4K -v0 -c1 -i100",
            "resourceAssignments": [
                {
                    "intercept": 1.5099999904632568,
                    "length": 41,
                    "processors": [
                        {
                            "processingUnits": 1,
                            "processor": "A72"
                        }
                    ],
                    "slope": 1.5800000429153442
                },
                {
                    "intercept": 0.3199999928474426,
                    "length": 119,
                    "processors": [
                        {
                            "processingUnits": 1,
                            "processor": "A53"
                        }
                    ],
                    "slope": 0.25
                }
            ],
            "task": "19_idctrn-4K"
        },
        {
            "command": "./ttsprk-4M -v0 -c1 -i100",
            "resourceAssignments": [
                {
                    "intercept": 1.5800000429153442,
                    "length": 75,
                    "processors": [
                        {
                            "processingUnits": 1,
                            "processor": "A72"
                        }
                    ],
                    "slope": 1.9800000190734863
                },
                {
                    "intercept": 0.3199999928474426,
                    "length": 159,
                    "processors": [
                        {
                            "processingUnits": 1,
                            "processor": "A53"
                        }
                    ],
                    "slope": 0.6700000166893005
                }
            ],
            "task": "20_ttsprk-4M"
        },
        {
            "command": "/root/thermobench/build/benchmarks/mem/membench -t1 -f -w -s 1000",
            "resourceAssignments": [
                {
                    "intercept": 0.8399999737739563,
                    "length": 116,
                    "processors": [
                        {
                            "processingUnits": 1,
                            "processor": "A72"
                        }
                    ],
                    "slope": 0.75
                },
                {
                    "intercept": 0.23999999463558197,
                    "length": 206,
                    "processors": [
                        {
                            "processingUnits": 1,
                            "processor": "A53"
                        }
                    ],
                    "slope": 0.17000000178813934
                }
            ],
            "task": "21_membench-1K-RW-S"
        },
        {
            "command": "./matrix-4M -v0 -c1 -i100",
            "resourceAssignments": [
                {
                    "intercept": 2.6500000953674316,
                    "length": 107,
                    "processors": [
                        {
                            "processingUnits": 1,
                            "processor": "A72"
                        }
                    ],
                    "slope": 2.009999990463257
                },
                {
                    "intercept": 0.8799999952316284,
                    "length": 301,
                    "processors": [
                        {
                            "processingUnits": 1,
                            "processor": "A53"
                        }
                    ],
                    "slope": 0.5
                }
            ],
            "task": "22_matrix-4M"
        },
        {
            "command": "./bitmnp-4M -v0 -c1 -i100",
            "resourceAssignments": [
                {
                    "intercept": 1.9700000286102295,
                    "length": 138,
                    "processors": [
                        {
                            "processingUnits": 1,
                            "processor": "A72"
                        }
                    ],
                    "slope": 0.8999999761581421
                },
                {
                    "intercept": 1.2200000286102295,
                    "length": 301,
                    "processors": [
                        {
                            "processingUnits": 1,
                            "processor": "A53"
                        }
                    ],
                    "slope": 0.28999999165534973
                }
            ],
            "task": "23_bitmnp-4M"
        },
        {
            "command": "./a2time-4K -v0 -c1 -i100",
            "resourceAssignments": [
                {
                    "intercept": 1.0199999809265137,
                    "length": 97,
                    "processors": [
                        {
                            "processingUnits": 1,
                            "processor": "A72"
                        }
                    ],
                    "slope": 1.0700000524520874
                },
                {
                    "intercept": 0.20999999344348907,
                    "length": 166,
                    "processors": [
                        {
                            "processingUnits": 1,
                            "processor": "A53"
                        }
                    ],
                    "slope": 0.25
                }
            ],
            "task": "24_a2time-4K"
        },
        {
            "command": "/root/thermobench/build/benchmarks/mem/membench -t1 -f -r -s 4000000",
            "resourceAssignments": [
                {
                    "intercept": 2.0399999618530273,
                    "length": 109,
                    "processors": [
                        {
                            "processingUnits": 1,
                            "processor": "A72"
                        }
                    ],
                    "slope": 0.5099999904632568
                },
                {
                    "intercept": 1.5299999713897705,
                    "length": 138,
                    "processors": [
                        {
                            "processingUnits": 1,
                            "processor": "A53"
                        }
                    ],
                    "slope": 0.23000000417232513
                }
            ],
            "task": "25_membench-4M-RO-R"
        },
        {
            "command": "./idctrn-4M -v0 -c1 -i100",
            "resourceAssignments": [
                {
                    "intercept": 2.690000057220459,
                    "length": 87,
                    "processors": [
                        {
                            "processingUnits": 1,
                            "processor": "A72"
                        }
                    ],
                    "slope": 1.7599999904632568
                },
                {
                    "intercept": 1.2200000286102295,
                    "length": 259,
                    "processors": [
                        {
                            "processingUnits": 1,
                            "processor": "A53"
                        }
                    ],
                    "slope": 0.3499999940395355
                }
            ],
            "task": "26_idctrn-4M"
        },
        {
            "command": "./bitmnp-4K -v0 -c1 -i100",
            "resourceAssignments": [
                {
                    "intercept": 0.7699999809265137,
                    "length": 121,
                    "processors": [
                        {
                            "processingUnits": 1,
                            "processor": "A72"
                        }
                    ],
                    "slope": 0.7799999713897705
                },
                {
                    "intercept": 0.23000000417232513,
                    "length": 251,
                    "processors": [
                        {
                            "processingUnits": 1,
                            "processor": "A53"
                        }
                    ],
                    "slope": 0.1899999976158142
                }
            ],
            "task": "27_bitmnp-4K"
        },
        {
            "command": "./puwmod-4K -v0 -c1 -i100",
            "resourceAssignments": [
                {
                    "intercept": 1.2000000476837158,
                    "length": 104,
                    "processors": [
                        {
                            "processingUnits": 1,
                            "processor": "A72"
                        }
                    ],
                    "slope": 1.2599999904632568
                },
                {
                    "intercept": 0.3199999928474426,
                    "length": 198,
                    "processors": [
                        {
                            "processingUnits": 1,
                            "processor": "A53"
                        }
                    ],
                    "slope": 0.2800000011920929
                }
            ],
            "task": "28_puwmod-4K"
        },
        {
            "command": "/root/thermobench/build/benchmarks/mem/membench -t1 -f -w -s 1000000",
            "resourceAssignments": [
                {
                    "intercept": 2.509999990463257,
                    "length": 140,
                    "processors": [
                        {
                            "processingUnits": 1,
                            "processor": "A72"
                        }
                    ],
                    "slope": 1.0099999904632568
                },
                {
                    "intercept": 0.949999988079071,
                    "length": 104,
                    "processors": [
                        {
                            "processingUnits": 1,
                            "processor": "A53"
                        }
                    ],
                    "slope": 0.8199999928474426
                }
            ],
            "task": "29_membench-1M-RW-S"
        },
        {
            "command": "./tblook-4K -v0 -c1 -i100",
            "resourceAssignments": [
                {
                    "intercept": 1.5099999904632568,
                    "length": 159,
                    "processors": [
                        {
                            "processingUnits": 1,
                            "processor": "A72"
                        }
                    ],
                    "slope": 1.649999976158142
                },
                {
                    "intercept": 0.27000001072883606,
                    "length": 495,
                    "processors": [
                        {
                            "processingUnits": 1,
                            "processor": "A53"
                        }
                    ],
                    "slope": 0.2199999988079071
                }
            ],
            "task": "30_tblook-4K"
        },
        {
            "command": "/root/thermobench/build/benchmarks/mem/membench -t1 -f -w -s 1000",
            "resourceAssignments": [
                {
                    "intercept": 0.8399999737739563,
                    "length": 84,
                    "processors": [
                        {
                            "processingUnits": 1,
                            "processor": "A72"
                        }
                    ],
                    "slope": 0.75
                },
                {
                    "intercept": 0.23999999463558197,
                    "length": 149,
                    "processors": [
                        {
                            "processingUnits": 1,
                            "processor": "A53"
                        }
                    ],
                    "slope": 0.17000000178813934
                }
            ],
            "task": "31_membench-1K-RW-S"
        },
        {
            "command": "/root/thermobench/build/benchmarks/mem/membench -t1 -f -w -s 4000000",
            "resourceAssignments": [
                {
                    "intercept": 3.2100000381469727,
                    "length": 65,
                    "processors": [
                        {
                            "processingUnits": 1,
                            "processor": "A72"
                        }
                    ],
                    "slope": 0.3799999952316284
                },
                {
                    "intercept": 1.9700000286102295,
                    "length": 155,
                    "processors": [
                        {
                            "processingUnits": 1,
                            "processor": "A53"
                        }
                    ],
                    "slope": 0.47999998927116394
                }
            ],
            "task": "32_membench-4M-RW-S"
        },
        {
            "command": "/root/thermobench/build/benchmarks/mem/membench -t1 -f -r -s 1000000",
            "resourceAssignments": [
                {
                    "intercept": 1.8899999856948853,
                    "length": 60,
                    "processors": [
                        {
                            "processingUnits": 1,
                            "processor": "A72"
                        }
                    ],
                    "slope": 0.6899999976158142
                },
                {
                    "intercept": 0.7200000286102295,
                    "length": 41,
                    "processors": [
                        {
                            "processingUnits": 1,
                            "processor": "A53"
                        }
                    ],
                    "slope": 0.5
                }
            ],
            "task": "33_membench-1M-RO-R"
        },
        {
            "command": "./aifirf-4M -v0 -c1 -i10",
            "resourceAssignments": [
                {
                    "intercept": 2.569999933242798,
                    "length": 106,
                    "processors": [
                        {
                            "processingUnits": 1,
                            "processor": "A72"
                        }
                    ],
                    "slope": 1.7899999618530273
                },
                {
                    "intercept": 1.059999942779541,
                    "length": 296,
                    "processors": [
                        {
                            "processingUnits": 1,
                            "processor": "A53"
                        }
                    ],
                    "slope": 0.36000001430511475
                }
            ],
            "task": "34_aifirf-4M"
        },
        {
            "command": "./tblook-4K -v0 -c1 -i100",
            "resourceAssignments": [
                {
                    "intercept": 1.5099999904632568,
                    "length": 94,
                    "processors": [
                        {
                            "processingUnits": 1,
                            "processor": "A72"
                        }
                    ],
                    "slope": 1.649999976158142
                },
                {
                    "intercept": 0.27000001072883606,
                    "length": 293,
                    "processors": [
                        {
                            "processingUnits": 1,
                            "processor": "A53"
                        }
                    ],
                    "slope": 0.2199999988079071
                }
            ],
            "task": "35_tblook-4K"
        },
        {
            "command": "/root/thermobench/build/benchmarks/mem/membench -t1 -f -w -s 1000000",
            "resourceAssignments": [
                {
                    "intercept": 2.509999990463257,
                    "length": 153,
                    "processors": [
                        {
                            "processingUnits": 1,
                            "processor": "A72"
                        }
                    ],
                    "slope": 1.0099999904632568
                },
                {
                    "intercept": 0.949999988079071,
                    "length": 114,
                    "processors": [
                        {
                            "processingUnits": 1,
                            "processor": "A53"
                        }
                    ],
                    "slope": 0.8199999928474426
                }
            ],
            "task": "36_membench-1M-RW-S"
        },
        {
            "command": "./a2time-4M -v0 -c1 -i100",
            "resourceAssignments": [
                {
                    "intercept": 2.5199999809265137,
                    "length": 75,
                    "processors": [
                        {
                            "processingUnits": 1,
                            "processor": "A72"
                        }
                    ],
                    "slope": 1.1799999475479126
                },
                {
                    "intercept": 1.3899999856948853,
                    "length": 127,
                    "processors": [
                        {
                            "processingUnits": 1,
                            "processor": "A53"
                        }
                    ],
                    "slope": 0.3499999940395355
                }
            ],
            "task": "37_a2time-4M"
        },
        {
            "command": "./puwmod-4K -v0 -c1 -i100",
            "resourceAssignments": [
                {
                    "intercept": 1.2000000476837158,
                    "length": 125,
                    "processors": [
                        {
                            "processingUnits": 1,
                            "processor": "A72"
                        }
                    ],
                    "slope": 1.2599999904632568
                },
                {
                    "intercept": 0.3199999928474426,
                    "length": 238,
                    "processors": [
                        {
                            "processingUnits": 1,
                            "processor": "A53"
                        }
                    ],
                    "slope": 0.2800000011920929
                }
            ],
            "task": "38_puwmod-4K"
        },
        {
            "command": "./puwmod-4M -v0 -c1 -i100",
            "resourceAssignments": [
                {
                    "intercept": 2.6600000858306885,
                    "length": 125,
                    "processors": [
                        {
                            "processingUnits": 1,
                            "processor": "A72"
                        }
                    ],
                    "slope": 1.4700000286102295
                },
                {
                    "intercept": 1.399999976158142,
                    "length": 244,
                    "processors": [
                        {
                            "processingUnits": 1,
                            "processor": "A53"
                        }
                    ],
                    "slope": 0.36000001430511475
                }
            ],
            "task": "39_puwmod-4M"
        },
        {
            "command": "./bitmnp-4M -v0 -c1 -i100",
            "resourceAssignments": [
                {
                    "intercept": 1.9700000286102295,
                    "length": 78,
                    "processors": [
                        {
                            "processingUnits": 1,
                            "processor": "A72"
                        }
                    ],
                    "slope": 0.8999999761581421
                },
                {
                    "intercept": 1.2200000286102295,
                    "length": 171,
                    "processors": [
                        {
                            "processingUnits": 1,
                            "processor": "A53"
                        }
                    ],
                    "slope": 0.28999999165534973
                }
            ],
            "task": "40_bitmnp-4M"
        },
        {
            "command": "./a2time-4K -v0 -c1 -i100",
            "resourceAssignments": [
                {
                    "intercept": 1.0199999809265137,
                    "length": 113,
                    "processors": [
                        {
                            "processingUnits": 1,
                            "processor": "A72"
                        }
                    ],
                    "slope": 1.0700000524520874
                },
                {
                    "intercept": 0.20999999344348907,
                    "length": 194,
                    "processors": [
                        {
                            "processingUnits": 1,
                            "processor": "A53"
                        }
                    ],
                    "slope": 0.25
                }
            ],
            "task": "41_a2time-4K"
        },
        {
            "command": "/root/thermobench/build/benchmarks/mem/membench -t1 -f -r -s 4000000",
            "resourceAssignments": [
                {
                    "intercept": 2.0399999618530273,
                    "length": 84,
                    "processors": [
                        {
                            "processingUnits": 1,
                            "processor": "A72"
                        }
                    ],
                    "slope": 0.5099999904632568
                },
                {
                    "intercept": 1.5299999713897705,
                    "length": 106,
                    "processors": [
                        {
                            "processingUnits": 1,
                            "processor": "A53"
                        }
                    ],
                    "slope": 0.23000000417232513
                }
            ],
            "task": "42_membench-4M-RO-R"
        },
        {
            "command": "/root/thermobench/build/benchmarks/mem/membench -t1 -f -s 1000000",
            "resourceAssignments": [
                {
                    "intercept": 2.180000066757202,
                    "length": 75,
                    "processors": [
                        {
                            "processingUnits": 1,
                            "processor": "A72"
                        }
                    ],
                    "slope": 1.190000057220459
                },
                {
                    "intercept": 0.9399999976158142,
                    "length": 58,
                    "processors": [
                        {
                            "processingUnits": 1,
                            "processor": "A53"
                        }
                    ],
                    "slope": 0.7099999785423279
                }
            ],
            "task": "43_membench-1M-RO-S"
        },
        {
            "command": "./aifirf-4K -v0 -c1 -i100",
            "resourceAssignments": [
                {
                    "intercept": 1.399999976158142,
                    "length": 128,
                    "processors": [
                        {
                            "processingUnits": 1,
                            "processor": "A72"
                        }
                    ],
                    "slope": 1.5099999904632568
                },
                {
                    "intercept": 0.23000000417232513,
                    "length": 354,
                    "processors": [
                        {
                            "processingUnits": 1,
                            "processor": "A53"
                        }
                    ],
                    "slope": 0.23999999463558197
                }
            ],
            "task": "44_aifirf-4K"
        },
        {
            "command": "/root/thermobench/build/benchmarks/mem/membench -t1 -f -r -w -s 4000000",
            "resourceAssignments": [
                {
                    "intercept": 2.180000066757202,
                    "length": 122,
                    "processors": [
                        {
                            "processingUnits": 1,
                            "processor": "A72"
                        }
                    ],
                    "slope": 0.5799999833106995
                },
                {
                    "intercept": 1.6100000143051147,
                    "length": 157,
                    "processors": [
                        {
                            "processingUnits": 1,
                            "processor": "A53"
                        }
                    ],
                    "slope": 0.30000001192092896
                }
            ],
            "task": "45_membench-4M-RW-R"
        },
        {
            "command": "/root/thermobench/build/benchmarks/mem/membench -t1 -f -r -w -s 4000000",
            "resourceAssignments": [
                {
                    "intercept": 2.180000066757202,
                    "length": 67,
                    "processors": [
                        {
                            "processingUnits": 1,
                            "processor": "A72"
                        }
                    ],
                    "slope": 0.5799999833106995
                },
                {
                    "intercept": 1.6100000143051147,
                    "length": 86,
                    "processors": [
                        {
                            "processingUnits": 1,
                            "processor": "A53"
                        }
                    ],
                    "slope": 0.30000001192092896
                }
            ],
            "task": "46_membench-4M-RW-R"
        },
        {
            "command": "/root/thermobench/build/benchmarks/tinyrenderer/tinyrenderer -f /root/thermobench/benchmarks/tinyrenderer/obj/boggie/*.obj",
            "resourceAssignments": [
                {
                    "intercept": 2.2799999713897705,
                    "length": 143,
                    "processors": [
                        {
                            "processingUnits": 1,
                            "processor": "A72"
                        }
                    ],
                    "slope": 1.1200000047683716
                },
                {
                    "intercept": 1.2799999713897705,
                    "length": 282,
                    "processors": [
                        {
                            "processingUnits": 1,
                            "processor": "A53"
                        }
                    ],
                    "slope": 0.2800000011920929
                }
            ],
            "task": "47_tinyrenderer-boggie"
        },
        {
            "command": "./rspeed-4K -v0 -c1 -i100",
            "resourceAssignments": [
                {
                    "intercept": 1.5800000429153442,
                    "length": 100,
                    "processors": [
                        {
                            "processingUnits": 1,
                            "processor": "A72"
                        }
                    ],
                    "slope": 1.600000023841858
                },
                {
                    "intercept": 0.36000001430511475,
                    "length": 252,
                    "processors": [
                        {
                            "processingUnits": 1,
                            "processor": "A53"
                        }
                    ],
                    "slope": 0.3400000035762787
                }
            ],
            "task": "48_rspeed-4K"
        },
        {
            "command": "./a2time-4M -v0 -c1 -i100",
            "resourceAssignments": [
                {
                    "intercept": 2.5199999809265137,
                    "length": 126,
                    "processors": [
                        {
                            "processingUnits": 1,
                            "processor": "A72"
                        }
                    ],
                    "slope": 1.1799999475479126
                },
                {
                    "intercept": 1.3899999856948853,
                    "length": 213,
                    "processors": [
                        {
                            "processingUnits": 1,
                            "processor": "A53"
                        }
                    ],
                    "slope": 0.3499999940395355
                }
            ],
            "task": "49_a2time-4M"
        },
        {
            "command": "./canrdr-4M -v0 -c1 -i100",
            "resourceAssignments": [
                {
                    "intercept": 2.6700000762939453,
                    "length": 116,
                    "processors": [
                        {
                            "processingUnits": 1,
                            "processor": "A72"
                        }
                    ],
                    "slope": 1.3600000143051147
                },
                {
                    "intercept": 1.4700000286102295,
                    "length": 221,
                    "processors": [
                        {
                            "processingUnits": 1,
                            "processor": "A53"
                        }
                    ],
                    "slope": 0.4000000059604645
                }
            ],
            "task": "50_canrdr-4M"
        },
        {
            "command": "/root/thermobench/build/benchmarks/mem/membench -t1 -f -r -w -s 1000000",
            "resourceAssignments": [
                {
                    "intercept": 2.069999933242798,
                    "length": 118,
                    "processors": [
                        {
                            "processingUnits": 1,
                            "processor": "A72"
                        }
                    ],
                    "slope": 0.7599999904632568
                },
                {
                    "intercept": 0.8100000023841858,
                    "length": 96,
                    "processors": [
                        {
                            "processingUnits": 1,
                            "processor": "A53"
                        }
                    ],
                    "slope": 0.5799999833106995
                }
            ],
            "task": "51_membench-1M-RW-R"
        },
        {
            "command": "./idctrn-4M -v0 -c1 -i100",
            "resourceAssignments": [
                {
                    "intercept": 2.690000057220459,
                    "length": 159,
                    "processors": [
                        {
                            "processingUnits": 1,
                            "processor": "A72"
                        }
                    ],
                    "slope": 1.7599999904632568
                },
                {
                    "intercept": 1.2200000286102295,
                    "length": 473,
                    "processors": [
                        {
                            "processingUnits": 1,
                            "processor": "A53"
                        }
                    ],
                    "slope": 0.3499999940395355
                }
            ],
            "task": "52_idctrn-4M"
        },
        {
            "command": "./iirflt-4M -v0 -c1 -i100",
            "resourceAssignments": [
                {
                    "intercept": 2.640000104904175,
                    "length": 137,
                    "processors": [
                        {
                            "processingUnits": 1,
                            "processor": "A72"
                        }
                    ],
                    "slope": 1.5499999523162842
                },
                {
                    "intercept": 1.2300000190734863,
                    "length": 311,
                    "processors": [
                        {
                            "processingUnits": 1,
                            "processor": "A53"
                        }
                    ],
                    "slope": 0.3100000023841858
                }
            ],
            "task": "53_iirflt-4M"
        },
        {
            "command": "/root/thermobench/build/benchmarks/mem/membench -t1 -f -r -w -s 1000",
            "resourceAssignments": [
                {
                    "intercept": 0.8500000238418579,
                    "length": 44,
                    "processors": [
                        {
                            "processingUnits": 1,
                            "processor": "A72"
                        }
                    ],
                    "slope": 0.7699999809265137
                },
                {
                    "intercept": 0.23000000417232513,
                    "length": 78,
                    "processors": [
                        {
                            "processingUnits": 1,
                            "processor": "A53"
                        }
                    ],
                    "slope": 0.18000000715255737
                }
            ],
            "task": "54_membench-1K-RW-R"
        },
        {
            "command": "./matrix-4K -v0 -c1 -i100",
            "resourceAssignments": [
                {
                    "intercept": 1.7799999713897705,
                    "length": 87,
                    "processors": [
                        {
                            "processingUnits": 1,
                            "processor": "A72"
                        }
                    ],
                    "slope": 1.590000033378601
                },
                {
                    "intercept": 0.3700000047683716,
                    "length": 250,
                    "processors": [
                        {
                            "processingUnits": 1,
                            "processor": "A53"
                        }
                    ],
                    "slope": 0.33000001311302185
                }
            ],
            "task": "55_matrix-4K"
        },
        {
            "command": "./bitmnp-4M -v0 -c1 -i100",
            "resourceAssignments": [
                {
                    "intercept": 1.9700000286102295,
                    "length": 81,
                    "processors": [
                        {
                            "processingUnits": 1,
                            "processor": "A72"
                        }
                    ],
                    "slope": 0.8999999761581421
                },
                {
                    "intercept": 1.2200000286102295,
                    "length": 177,
                    "processors": [
                        {
                            "processingUnits": 1,
                            "processor": "A53"
                        }
                    ],
                    "slope": 0.28999999165534973
                }
            ],
            "task": "56_bitmnp-4M"
        },
        {
            "command": "./ttsprk-4M -v0 -c1 -i100",
            "resourceAssignments": [
                {
                    "intercept": 1.5800000429153442,
                    "length": 137,
                    "processors": [
                        {
                            "processingUnits": 1,
                            "processor": "A72"
                        }
                    ],
                    "slope": 1.9800000190734863
                },
                {
                    "intercept": 0.3199999928474426,
                    "length": 290,
                    "processors": [
                        {
                            "processingUnits": 1,
                            "processor": "A53"
                        }
                    ],
                    "slope": 0.6700000166893005
                }
            ],
            "task": "57_ttsprk-4M"
        },
        {
            "command": "./tblook-4M -v0 -c1 -i100",
            "resourceAssignments": [
                {
                    "intercept": 2.7300000190734863,
                    "length": 120,
                    "processors": [
                        {
                            "processingUnits": 1,
                            "processor": "A72"
                        }
                    ],
                    "slope": 1.7599999904632568
                },
                {
                    "intercept": 1.3300000429153442,
                    "length": 382,
                    "processors": [
                        {
                            "processingUnits": 1,
                            "processor": "A53"
                        }
                    ],
                    "slope": 0.25
                }
            ],
            "task": "58_tblook-4M"
        },
        {
            "command": "./tblook-4K -v0 -c1 -i100",
            "resourceAssignments": [
                {
                    "intercept": 1.5099999904632568,
                    "length": 117,
                    "processors": [
                        {
                            "processingUnits": 1,
                            "processor": "A72"
                        }
                    ],
                    "slope": 1.649999976158142
                },
                {
                    "intercept": 0.27000001072883606,
                    "length": 364,
                    "processors": [
                        {
                            "processingUnits": 1,
                            "processor": "A53"
                        }
                    ],
                    "slope": 0.2199999988079071
                }
            ],
            "task": "59_tblook-4K"
        }
    ],
    "environment": {
        "majorFrameLength": 2620,
        "problemVersion": 1,
        "processors": [
            {
                "name": "A53",
                "processingUnits": 4,
                "type": "main_processor"
            },
            {
                "name": "A72",
                "processingUnits": 2,
                "type": "main_processor"
            }
        ],
        "scPart": 1.0
    },
    "solution": {
        "feasible": true,
        "solutionTime": 300010,
        "solverMetadata": {
            "objective": "9789.0"
        },
        "solverName": "ILP-IDLE-MAX",
        "windows": [
            {
                "length": 159,
                "tasks": [
                    {
                        "length": 104,
                        "processingUnit": 0,
                        "processor": "A53",
                        "start": 0,
                        "task": "29_membench-1M-RW-S"
                    },
                    {
                        "length": 159,
                        "processingUnit": 0,
                        "processor": "A72",
                        "start": 0,
                        "task": "30_tblook-4K"
                    },
                    {
                        "length": 114,
                        "processingUnit": 1,
                        "processor": "A53",
                        "start": 0,
                        "task": "36_membench-1M-RW-S"
                    },
                    {
                        "length": 58,
                        "processingUnit": 2,
                        "processor": "A53",
                        "start": 0,
                        "task": "43_membench-1M-RO-S"
                    },
                    {
                        "length": 96,
                        "processingUnit": 3,
                        "processor": "A53",
                        "start": 0,
                        "task": "51_membench-1M-RW-R"
                    },
                    {
                        "length": 159,
                        "processingUnit": 1,
                        "processor": "A72",
                        "start": 0,
                        "task": "52_idctrn-4M"
                    }
                ]
            },
            {
                "length": 154,
                "tasks": [
                    {
                        "length": 102,
                        "processingUnit": 0,
                        "processor": "A53",
                        "start": 0,
                        "task": "0_membench-1K-RO-R"
                    },
                    {
                        "length": 82,
                        "processingUnit": 1,
                        "processor": "A53",
                        "start": 0,
                        "task": "7_membench-1M-RW-S"
                    },
                    {
                        "length": 154,
                        "processingUnit": 0,
                        "processor": "A72",
                        "start": 0,
                        "task": "8_ttsprk-4M"
                    },
                    {
                        "length": 148,
                        "processingUnit": 1,
                        "processor": "A72",
                        "start": 0,
                        "task": "11_puwmod-4K"
                    },
                    {
                        "length": 99,
                        "processingUnit": 2,
                        "processor": "A53",
                        "start": 0,
                        "task": "15_membench-1K-RO-S"
                    }
                ]
            },
            {
                "length": 143,
                "tasks": [
                    {
                        "length": 138,
                        "processingUnit": 0,
                        "processor": "A72",
                        "start": 0,
                        "task": "23_bitmnp-4M"
                    },
                    {
                        "length": 143,
                        "processingUnit": 1,
                        "processor": "A72",
                        "start": 0,
                        "task": "47_tinyrenderer-boggie"
                    }
                ]
            },
            {
                "length": 137,
                "tasks": [
                    {
                        "length": 137,
                        "processingUnit": 0,
                        "processor": "A72",
                        "start": 0,
                        "task": "53_iirflt-4M"
                    },
                    {
                        "length": 137,
                        "processingUnit": 1,
                        "processor": "A72",
                        "start": 0,
                        "task": "57_ttsprk-4M"
                    }
                ]
            },
            {
                "length": 130,
                "tasks": [
                    {
                        "length": 130,
                        "processingUnit": 0,
                        "processor": "A72",
                        "start": 0,
                        "task": "5_bitmnp-4K"
                    },
                    {
                        "length": 120,
                        "processingUnit": 1,
                        "processor": "A72",
                        "start": 0,
                        "task": "58_tblook-4M"
                    }
                ]
            },
            {
                "length": 128,
                "tasks": [
                    {
                        "length": 125,
                        "processingUnit": 0,
                        "processor": "A72",
                        "start": 0,
                        "task": "38_puwmod-4K"
                    },
                    {
                        "length": 126,
                        "processingUnit": 1,
                        "processor": "A72",
                        "start": 0,
                        "task": "49_a2time-4M"
                    }
                ]
            },
            {
                "length": 128,
                "tasks": [
                    {
                        "length": 125,
                        "processingUnit": 0,
                        "processor": "A72",
                        "start": 0,
                        "task": "39_puwmod-4M"
                    },
                    {
                        "length": 128,
                        "processingUnit": 1,
                        "processor": "A72",
                        "start": 0,
                        "task": "44_aifirf-4K"
                    }
                ]
            },
            {
                "length": 122,
                "tasks": [
                    {
                        "length": 121,
                        "processingUnit": 0,
                        "processor": "A72",
                        "start": 0,
                        "task": "27_bitmnp-4K"
                    },
                    {
                        "length": 122,
                        "processingUnit": 1,
                        "processor": "A72",
                        "start": 0,
                        "task": "45_membench-4M-RW-R"
                    }
                ]
            },
            {
                "length": 120,
                "tasks": [
                    {
                        "length": 114,
                        "processingUnit": 0,
                        "processor": "A72",
                        "start": 0,
                        "task": "9_iirflt-4K"
                    },
                    {
                        "length": 116,
                        "processingUnit": 1,
                        "processor": "A72",
                        "start": 0,
                        "task": "50_canrdr-4M"
                    }
                ]
            },
            {
                "length": 120,
                "tasks": [
                    {
                        "length": 116,
                        "processingUnit": 0,
                        "processor": "A72",
                        "start": 0,
                        "task": "21_membench-1K-RW-S"
                    },
                    {
                        "length": 117,
                        "processingUnit": 1,
                        "processor": "A72",
                        "start": 0,
                        "task": "59_tblook-4K"
                    }
                ]
            },
            {
                "length": 113,
                "tasks": [
                    {
                        "length": 112,
                        "processingUnit": 0,
                        "processor": "A72",
                        "start": 0,
                        "task": "1_bitmnp-4M"
                    },
                    {
                        "length": 113,
                        "processingUnit": 1,
                        "processor": "A72",
                        "start": 0,
                        "task": "41_a2time-4K"
                    }
                ]
            },
            {
                "length": 109,
                "tasks": [
                    {
                        "length": 107,
                        "processingUnit": 0,
                        "processor": "A72",
                        "start": 0,
                        "task": "22_matrix-4M"
                    },
                    {
                        "length": 106,
                        "processingUnit": 1,
                        "processor": "A72",
                        "start": 0,
                        "task": "34_aifirf-4M"
                    }
                ]
            },
            {
                "length": 109,
                "tasks": [
                    {
                        "length": 109,
                        "processingUnit": 0,
                        "processor": "A72",
                        "start": 0,
                        "task": "25_membench-4M-RO-R"
                    },
                    {
                        "length": 100,
                        "processingUnit": 1,
                        "processor": "A72",
                        "start": 0,
                        "task": "48_rspeed-4K"
                    }
                ]
            },
            {
                "length": 107,
                "tasks": [
                    {
                        "length": 107,
                        "processingUnit": 0,
                        "processor": "A72",
                        "start": 0,
                        "task": "12_a2time-4K"
                    },
                    {
                        "length": 104,
                        "processingUnit": 1,
                        "processor": "A72",
                        "start": 0,
                        "task": "28_puwmod-4K"
                    }
                ]
            },
            {
                "length": 97,
                "tasks": [
                    {
                        "length": 90,
                        "processingUnit": 0,
                        "processor": "A72",
                        "start": 0,
                        "task": "6_ttsprk-4K"
                    },
                    {
                        "length": 73,
                        "processingUnit": 0,
                        "processor": "A53",
                        "start": 0,
                        "task": "17_membench-4M-RW-R"
                    },
                    {
                        "length": 97,
                        "processingUnit": 1,
                        "processor": "A72",
                        "start": 0,
                        "task": "24_a2time-4K"
                    }
                ]
            },
            {
                "length": 94,
                "tasks": [
                    {
                        "length": 42,
                        "processingUnit": 0,
                        "processor": "A53",
                        "start": 0,
                        "task": "4_membench-1M-RO-R"
                    },
                    {
                        "length": 84,
                        "processingUnit": 0,
                        "processor": "A72",
                        "start": 0,
                        "task": "31_membench-1K-RW-S"
                    },
                    {
                        "length": 94,
                        "processingUnit": 1,
                        "processor": "A72",
                        "start": 0,
                        "task": "35_tblook-4K"
                    }
                ]
            },
            {
                "length": 87,
                "tasks": [
                    {
                        "length": 87,
                        "processingUnit": 0,
                        "processor": "A72",
                        "start": 0,
                        "task": "26_idctrn-4M"
                    },
                    {
                        "length": 84,
                        "processingUnit": 1,
                        "processor": "A72",
                        "start": 0,
                        "task": "42_membench-4M-RO-R"
                    }
                ]
            },
            {
                "length": 87,
                "tasks": [
                    {
                        "length": 85,
                        "processingUnit": 0,
                        "processor": "A72",
                        "start": 0,
                        "task": "18_bitmnp-4M"
                    },
                    {
                        "length": 87,
                        "processingUnit": 1,
                        "processor": "A72",
                        "start": 0,
                        "task": "55_matrix-4K"
                    }
                ]
            },
            {
                "length": 81,
                "tasks": [
                    {
                        "length": 78,
                        "processingUnit": 0,
                        "processor": "A72",
                        "start": 0,
                        "task": "40_bitmnp-4M"
                    },
                    {
                        "length": 81,
                        "processingUnit": 1,
                        "processor": "A72",
                        "start": 0,
                        "task": "56_bitmnp-4M"
                    }
                ]
            },
            {
                "length": 77,
                "tasks": [
                    {
                        "length": 74,
                        "processingUnit": 0,
                        "processor": "A72",
                        "start": 0,
                        "task": "3_membench-1K-RW-S"
                    },
                    {
                        "length": 77,
                        "processingUnit": 1,
                        "processor": "A72",
                        "start": 0,
                        "task": "13_pntrch-4M"
                    }
                ]
            },
            {
                "length": 75,
                "tasks": [
                    {
                        "length": 65,
                        "processingUnit": 0,
                        "processor": "A72",
                        "start": 0,
                        "task": "32_membench-4M-RW-S"
                    },
                    {
                        "length": 75,
                        "processingUnit": 1,
                        "processor": "A72",
                        "start": 0,
                        "task": "37_a2time-4M"
                    }
                ]
            },
            {
                "length": 75,
                "tasks": [
                    {
                        "length": 74,
                        "processingUnit": 0,
                        "processor": "A72",
                        "start": 0,
                        "task": "10_aifirf-4M"
                    },
                    {
                        "length": 75,
                        "processingUnit": 1,
                        "processor": "A72",
                        "start": 0,
                        "task": "20_ttsprk-4M"
                    },
                    {
                        "length": 41,
                        "processingUnit": 0,
                        "processor": "A53",
                        "start": 0,
                        "task": "33_membench-1M-RO-R"
                    }
                ]
            },
            {
                "length": 67,
                "tasks": [
                    {
                        "length": 67,
                        "processingUnit": 0,
                        "processor": "A72",
                        "start": 0,
                        "task": "14_membench-1K-RW-S"
                    },
                    {
                        "length": 67,
                        "processingUnit": 1,
                        "processor": "A72",
                        "start": 0,
                        "task": "46_membench-4M-RW-R"
                    }
                ]
            },
            {
                "length": 51,
                "tasks": [
                    {
                        "length": 51,
                        "processingUnit": 0,
                        "processor": "A72",
                        "start": 0,
                        "task": "2_matrix-4K"
                    },
                    {
                        "length": 41,
                        "processingUnit": 1,
                        "processor": "A72",
                        "start": 0,
                        "task": "19_idctrn-4K"
                    }
                ]
            },
            {
                "length": 50,
                "tasks": [
                    {
                        "length": 50,
                        "processingUnit": 0,
                        "processor": "A72",
                        "start": 0,
                        "task": "16_tblook-4K"
                    },
                    {
                        "length": 44,
                        "processingUnit": 1,
                        "processor": "A72",
                        "start": 0,
                        "task": "54_membench-1K-RW-R"
                    }
                ]
            }
        ]
    },
    "tasks": [
        {
            "assignmentIndex": 1,
            "command": "/root/thermobench/build/benchmarks/mem/membench -t1 -f -w -s 1000000",
            "length": 104,
            "name": "29_membench-1M-RW-S",
            "processors": [
                {
                    "processor": "A53",
                    "processingUnits": 1
                }
            ]
        },
        {
            "assignmentIndex": 0,
            "command": "./tblook-4K -v0 -c1 -i100",
            "length": 159,
            "name": "30_tblook-4K",
            "processors": [
                {
                    "processor": "A72",
                    "processingUnits": 1
                }
            ]
        },
        {
            "assignmentIndex": 1,
            "command": "/root/thermobench/build/benchmarks/mem/membench -t1 -f -w -s 1000000",
            "length": 114,
            "name": "36_membench-1M-RW-S",
            "processors": [
                {
                    "processor": "A53",
                    "processingUnits": 1
                }
            ]
        },
        {
            "assignmentIndex": 1,
            "command": "/root/thermobench/build/benchmarks/mem/membench -t1 -f -s 1000000",
            "length": 58,
            "name": "43_membench-1M-RO-S",
            "processors": [
                {
                    "processor": "A53",
                    "processingUnits": 1
                }
            ]
        },
        {
            "assignmentIndex": 1,
            "command": "/root/thermobench/build/benchmarks/mem/membench -t1 -f -r -w -s 1000000",
            "length": 96,
            "name": "51_membench-1M-RW-R",
            "processors": [
                {
                    "processor": "A53",
                    "processingUnits": 1
                }
            ]
        },
        {
            "assignmentIndex": 0,
            "command": "./idctrn-4M -v0 -c1 -i100",
            "length": 159,
            "name": "52_idctrn-4M",
            "processors": [
                {
                    "processor": "A72",
                    "processingUnits": 1
                }
            ]
        },
        {
            "assignmentIndex": 1,
            "command": "/root/thermobench/build/benchmarks/mem/membench -t1 -f -r -s 1000",
            "length": 102,
            "name": "0_membench-1K-RO-R",
            "processors": [
                {
                    "processor": "A53",
                    "processingUnits": 1
                }
            ]
        },
        {
            "assignmentIndex": 1,
            "command": "/root/thermobench/build/benchmarks/mem/membench -t1 -f -w -s 1000000",
            "length": 82,
            "name": "7_membench-1M-RW-S",
            "processors": [
                {
                    "processor": "A53",
                    "processingUnits": 1
                }
            ]
        },
        {
            "assignmentIndex": 0,
            "command": "./ttsprk-4M -v0 -c1 -i100",
            "length": 154,
            "name": "8_ttsprk-4M",
            "processors": [
                {
                    "processor": "A72",
                    "processingUnits": 1
                }
            ]
        },
        {
            "assignmentIndex": 0,
            "command": "./puwmod-4K -v0 -c1 -i100",
            "length": 148,
            "name": "11_puwmod-4K",
            "processors": [
                {
                    "processor": "A72",
                    "processingUnits": 1
                }
            ]
        },
        {
            "assignmentIndex": 1,
            "command": "/root/thermobench/build/benchmarks/mem/membench -t1 -f -s 1000",
            "length": 99,
            "name": "15_membench-1K-RO-S",
            "processors": [
                {
                    "processor": "A53",
                    "processingUnits": 1
                }
            ]
        },
        {
            "assignmentIndex": 0,
            "command": "./bitmnp-4M -v0 -c1 -i100",
            "length": 138,
            "name": "23_bitmnp-4M",
            "processors": [
                {
                    "processor": "A72",
                    "processingUnits": 1
                }
            ]
        },
        {
            "assignmentIndex": 0,
            "command": "/root/thermobench/build/benchmarks/tinyrenderer/tinyrenderer -f /root/thermobench/benchmarks/tinyrenderer/obj/boggie/*.obj",
            "length": 143,
            "name": "47_tinyrenderer-boggie",
            "processors": [
                {
                    "processor": "A72",
                    "processingUnits": 1
                }
            ]
        },
        {
            "assignmentIndex": 0,
            "command": "./iirflt-4M -v0 -c1 -i100",
            "length": 137,
            "name": "53_iirflt-4M",
            "processors": [
                {
                    "processor": "A72",
                    "processingUnits": 1
                }
            ]
        },
        {
            "assignmentIndex": 0,
            "command": "./ttsprk-4M -v0 -c1 -i100",
            "length": 137,
            "name": "57_ttsprk-4M",
            "processors": [
                {
                    "processor": "A72",
                    "processingUnits": 1
                }
            ]
        },
        {
            "assignmentIndex": 0,
            "command": "./bitmnp-4K -v0 -c1 -i100",
            "length": 130,
            "name": "5_bitmnp-4K",
            "processors": [
                {
                    "processor": "A72",
                    "processingUnits": 1
                }
            ]
        },
        {
            "assignmentIndex": 0,
            "command": "./tblook-4M -v0 -c1 -i100",
            "length": 120,
            "name": "58_tblook-4M",
            "processors": [
                {
                    "processor": "A72",
                    "processingUnits": 1
                }
            ]
        },
        {
            "assignmentIndex": 0,
            "command": "./puwmod-4K -v0 -c1 -i100",
            "length": 125,
            "name": "38_puwmod-4K",
            "processors": [
                {
                    "processor": "A72",
                    "processingUnits": 1
                }
            ]
        },
        {
            "assignmentIndex": 0,
            "command": "./a2time-4M -v0 -c1 -i100",
            "length": 126,
            "name": "49_a2time-4M",
            "processors": [
                {
                    "processor": "A72",
                    "processingUnits": 1
                }
            ]
        },
        {
            "assignmentIndex": 0,
            "command": "./puwmod-4M -v0 -c1 -i100",
            "length": 125,
            "name": "39_puwmod-4M",
            "processors": [
                {
                    "processor": "A72",
                    "processingUnits": 1
                }
            ]
        },
        {
            "assignmentIndex": 0,
            "command": "./aifirf-4K -v0 -c1 -i100",
            "length": 128,
            "name": "44_aifirf-4K",
            "processors": [
                {
                    "processor": "A72",
                    "processingUnits": 1
                }
            ]
        },
        {
            "assignmentIndex": 0,
            "command": "./bitmnp-4K -v0 -c1 -i100",
            "length": 121,
            "name": "27_bitmnp-4K",
            "processors": [
                {
                    "processor": "A72",
                    "processingUnits": 1
                }
            ]
        },
        {
            "assignmentIndex": 0,
            "command": "/root/thermobench/build/benchmarks/mem/membench -t1 -f -r -w -s 4000000",
            "length": 122,
            "name": "45_membench-4M-RW-R",
            "processors": [
                {
                    "processor": "A72",
                    "processingUnits": 1
                }
            ]
        },
        {
            "assignmentIndex": 0,
            "command": "./iirflt-4K -v0 -c1 -i100",
            "length": 114,
            "name": "9_iirflt-4K",
            "processors": [
                {
                    "processor": "A72",
                    "processingUnits": 1
                }
            ]
        },
        {
            "assignmentIndex": 0,
            "command": "./canrdr-4M -v0 -c1 -i100",
            "length": 116,
            "name": "50_canrdr-4M",
            "processors": [
                {
                    "processor": "A72",
                    "processingUnits": 1
                }
            ]
        },
        {
            "assignmentIndex": 0,
            "command": "/root/thermobench/build/benchmarks/mem/membench -t1 -f -w -s 1000",
            "length": 116,
            "name": "21_membench-1K-RW-S",
            "processors": [
                {
                    "processor": "A72",
                    "processingUnits": 1
                }
            ]
        },
        {
            "assignmentIndex": 0,
            "command": "./tblook-4K -v0 -c1 -i100",
            "length": 117,
            "name": "59_tblook-4K",
            "processors": [
                {
                    "processor": "A72",
                    "processingUnits": 1
                }
            ]
        },
        {
            "assignmentIndex": 0,
            "command": "./bitmnp-4M -v0 -c1 -i100",
            "length": 112,
            "name": "1_bitmnp-4M",
            "processors": [
                {
                    "processor": "A72",
                    "processingUnits": 1
                }
            ]
        },
        {
            "assignmentIndex": 0,
            "command": "./a2time-4K -v0 -c1 -i100",
            "length": 113,
            "name": "41_a2time-4K",
            "processors": [
                {
                    "processor": "A72",
                    "processingUnits": 1
                }
            ]
        },
        {
            "assignmentIndex": 0,
            "command": "./matrix-4M -v0 -c1 -i100",
            "length": 107,
            "name": "22_matrix-4M",
            "processors": [
                {
                    "processor": "A72",
                    "processingUnits": 1
                }
            ]
        },
        {
            "assignmentIndex": 0,
            "command": "./aifirf-4M -v0 -c1 -i10",
            "length": 106,
            "name": "34_aifirf-4M",
            "processors": [
                {
                    "processor": "A72",
                    "processingUnits": 1
                }
            ]
        },
        {
            "assignmentIndex": 0,
            "command": "/root/thermobench/build/benchmarks/mem/membench -t1 -f -r -s 4000000",
            "length": 109,
            "name": "25_membench-4M-RO-R",
            "processors": [
                {
                    "processor": "A72",
                    "processingUnits": 1
                }
            ]
        },
        {
            "assignmentIndex": 0,
            "command": "./rspeed-4K -v0 -c1 -i100",
            "length": 100,
            "name": "48_rspeed-4K",
            "processors": [
                {
                    "processor": "A72",
                    "processingUnits": 1
                }
            ]
        },
        {
            "assignmentIndex": 0,
            "command": "./a2time-4K -v0 -c1 -i100",
            "length": 107,
            "name": "12_a2time-4K",
            "processors": [
                {
                    "processor": "A72",
                    "processingUnits": 1
                }
            ]
        },
        {
            "assignmentIndex": 0,
            "command": "./puwmod-4K -v0 -c1 -i100",
            "length": 104,
            "name": "28_puwmod-4K",
            "processors": [
                {
                    "processor": "A72",
                    "processingUnits": 1
                }
            ]
        },
        {
            "assignmentIndex": 0,
            "command": "./ttsprk-4K -v0 -c1 -i100",
            "length": 90,
            "name": "6_ttsprk-4K",
            "processors": [
                {
                    "processor": "A72",
                    "processingUnits": 1
                }
            ]
        },
        {
            "assignmentIndex": 1,
            "command": "/root/thermobench/build/benchmarks/mem/membench -t1 -f -r -w -s 4000000",
            "length": 73,
            "name": "17_membench-4M-RW-R",
            "processors": [
                {
                    "processor": "A53",
                    "processingUnits": 1
                }
            ]
        },
        {
            "assignmentIndex": 0,
            "command": "./a2time-4K -v0 -c1 -i100",
            "length": 97,
            "name": "24_a2time-4K",
            "processors": [
                {
                    "processor": "A72",
                    "processingUnits": 1
                }
            ]
        },
        {
            "assignmentIndex": 1,
            "command": "/root/thermobench/build/benchmarks/mem/membench -t1 -f -r -s 1000000",
            "length": 42,
            "name": "4_membench-1M-RO-R",
            "processors": [
                {
                    "processor": "A53",
                    "processingUnits": 1
                }
            ]
        },
        {
            "assignmentIndex": 0,
            "command": "/root/thermobench/build/benchmarks/mem/membench -t1 -f -w -s 1000",
            "length": 84,
            "name": "31_membench-1K-RW-S",
            "processors": [
                {
                    "processor": "A72",
                    "processingUnits": 1
                }
            ]
        },
        {
            "assignmentIndex": 0,
            "command": "./tblook-4K -v0 -c1 -i100",
            "length": 94,
            "name": "35_tblook-4K",
            "processors": [
                {
                    "processor": "A72",
                    "processingUnits": 1
                }
            ]
        },
        {
            "assignmentIndex": 0,
            "command": "./idctrn-4M -v0 -c1 -i100",
            "length": 87,
            "name": "26_idctrn-4M",
            "processors": [
                {
                    "processor": "A72",
                    "processingUnits": 1
                }
            ]
        },
        {
            "assignmentIndex": 0,
            "command": "/root/thermobench/build/benchmarks/mem/membench -t1 -f -r -s 4000000",
            "length": 84,
            "name": "42_membench-4M-RO-R",
            "processors": [
                {
                    "processor": "A72",
                    "processingUnits": 1
                }
            ]
        },
        {
            "assignmentIndex": 0,
            "command": "./bitmnp-4M -v0 -c1 -i100",
            "length": 85,
            "name": "18_bitmnp-4M",
            "processors": [
                {
                    "processor": "A72",
                    "processingUnits": 1
                }
            ]
        },
        {
            "assignmentIndex": 0,
            "command": "./matrix-4K -v0 -c1 -i100",
            "length": 87,
            "name": "55_matrix-4K",
            "processors": [
                {
                    "processor": "A72",
                    "processingUnits": 1
                }
            ]
        },
        {
            "assignmentIndex": 0,
            "command": "./bitmnp-4M -v0 -c1 -i100",
            "length": 78,
            "name": "40_bitmnp-4M",
            "processors": [
                {
                    "processor": "A72",
                    "processingUnits": 1
                }
            ]
        },
        {
            "assignmentIndex": 0,
            "command": "./bitmnp-4M -v0 -c1 -i100",
            "length": 81,
            "name": "56_bitmnp-4M",
            "processors": [
                {
                    "processor": "A72",
                    "processingUnits": 1
                }
            ]
        },
        {
            "assignmentIndex": 0,
            "command": "/root/thermobench/build/benchmarks/mem/membench -t1 -f -w -s 1000",
            "length": 74,
            "name": "3_membench-1K-RW-S",
            "processors": [
                {
                    "processor": "A72",
                    "processingUnits": 1
                }
            ]
        },
        {
            "assignmentIndex": 0,
            "command": "./pntrch-4M -v0 -c1 -i1",
            "length": 77,
            "name": "13_pntrch-4M",
            "processors": [
                {
                    "processor": "A72",
                    "processingUnits": 1
                }
            ]
        },
        {
            "assignmentIndex": 0,
            "command": "/root/thermobench/build/benchmarks/mem/membench -t1 -f -w -s 4000000",
            "length": 65,
            "name": "32_membench-4M-RW-S",
            "processors": [
                {
                    "processor": "A72",
                    "processingUnits": 1
                }
            ]
        },
        {
            "assignmentIndex": 0,
            "command": "./a2time-4M -v0 -c1 -i100",
            "length": 75,
            "name": "37_a2time-4M",
            "processors": [
                {
                    "processor": "A72",
                    "processingUnits": 1
                }
            ]
        },
        {
            "assignmentIndex": 0,
            "command": "./aifirf-4M -v0 -c1 -i10",
            "length": 74,
            "name": "10_aifirf-4M",
            "processors": [
                {
                    "processor": "A72",
                    "processingUnits": 1
                }
            ]
        },
        {
            "assignmentIndex": 0,
            "command": "./ttsprk-4M -v0 -c1 -i100",
            "length": 75,
            "name": "20_ttsprk-4M",
            "processors": [
                {
                    "processor": "A72",
                    "processingUnits": 1
                }
            ]
        },
        {
            "assignmentIndex": 1,
            "command": "/root/thermobench/build/benchmarks/mem/membench -t1 -f -r -s 1000000",
            "length": 41,
            "name": "33_membench-1M-RO-R",
            "processors": [
                {
                    "processor": "A53",
                    "processingUnits": 1
                }
            ]
        },
        {
            "assignmentIndex": 0,
            "command": "/root/thermobench/build/benchmarks/mem/membench -t1 -f -w -s 1000",
            "length": 67,
            "name": "14_membench-1K-RW-S",
            "processors": [
                {
                    "processor": "A72",
                    "processingUnits": 1
                }
            ]
        },
        {
            "assignmentIndex": 0,
            "command": "/root/thermobench/build/benchmarks/mem/membench -t1 -f -r -w -s 4000000",
            "length": 67,
            "name": "46_membench-4M-RW-R",
            "processors": [
                {
                    "processor": "A72",
                    "processingUnits": 1
                }
            ]
        },
        {
            "assignmentIndex": 0,
            "command": "./matrix-4K -v0 -c1 -i100",
            "length": 51,
            "name": "2_matrix-4K",
            "processors": [
                {
                    "processor": "A72",
                    "processingUnits": 1
                }
            ]
        },
        {
            "assignmentIndex": 0,
            "command": "./idctrn-4K -v0 -c1 -i100",
            "length": 41,
            "name": "19_idctrn-4K",
            "processors": [
                {
                    "processor": "A72",
                    "processingUnits": 1
                }
            ]
        },
        {
            "assignmentIndex": 0,
            "command": "./tblook-4K -v0 -c1 -i100",
            "length": 50,
            "name": "16_tblook-4K",
            "processors": [
                {
                    "processor": "A72",
                    "processingUnits": 1
                }
            ]
        },
        {
            "assignmentIndex": 0,
            "command": "/root/thermobench/build/benchmarks/mem/membench -t1 -f -r -w -s 1000",
            "length": 44,
            "name": "54_membench-1K-RW-R",
            "processors": [
                {
                    "processor": "A72",
                    "processingUnits": 1
                }
            ]
        }
    ]
}