{
    "assignmentCharacteristics": [
        {
            "command": "/root/thermobench/build/benchmarks/mem/membench -t1 -f -r -w -s 4000000",
            "resourceAssignments": [
                {
                    "intercept": 2.180000066757202,
                    "length": 70,
                    "processors": [
                        {
                            "processingUnits": 1,
                            "processor": "A72"
                        }
                    ],
                    "slope": 0.5799999833106995
                },
                {
                    "intercept": 1.6100000143051147,
                    "length": 90,
                    "processors": [
                        {
                            "processingUnits": 1,
                            "processor": "A53"
                        }
                    ],
                    "slope": 0.30000001192092896
                }
            ],
            "task": "0_membench-4M-RW-R"
        },
        {
            "command": "/root/thermobench/build/benchmarks/mem/membench -t1 -f -s 1000",
            "resourceAssignments": [
                {
                    "intercept": 0.46000000834465027,
                    "length": 46,
                    "processors": [
                        {
                            "processingUnits": 1,
                            "processor": "A72"
                        }
                    ],
                    "slope": 0.44999998807907104
                },
                {
                    "intercept": 0.20999999344348907,
                    "length": 46,
                    "processors": [
                        {
                            "processingUnits": 1,
                            "processor": "A53"
                        }
                    ],
                    "slope": 0.15000000596046448
                }
            ],
            "task": "1_membench-1K-RO-S"
        },
        {
            "command": "./aifirf-4M -v0 -c1 -i10",
            "resourceAssignments": [
                {
                    "intercept": 2.569999933242798,
                    "length": 67,
                    "processors": [
                        {
                            "processingUnits": 1,
                            "processor": "A72"
                        }
                    ],
                    "slope": 1.7899999618530273
                },
                {
                    "intercept": 1.059999942779541,
                    "length": 187,
                    "processors": [
                        {
                            "processingUnits": 1,
                            "processor": "A53"
                        }
                    ],
                    "slope": 0.36000001430511475
                }
            ],
            "task": "2_aifirf-4M"
        },
        {
            "command": "./tblook-4K -v0 -c1 -i100",
            "resourceAssignments": [
                {
                    "intercept": 1.5099999904632568,
                    "length": 71,
                    "processors": [
                        {
                            "processingUnits": 1,
                            "processor": "A72"
                        }
                    ],
                    "slope": 1.649999976158142
                },
                {
                    "intercept": 0.27000001072883606,
                    "length": 221,
                    "processors": [
                        {
                            "processingUnits": 1,
                            "processor": "A53"
                        }
                    ],
                    "slope": 0.2199999988079071
                }
            ],
            "task": "3_tblook-4K"
        },
        {
            "command": "/root/thermobench/build/benchmarks/mem/membench -t1 -f -r -w -s 1000",
            "resourceAssignments": [
                {
                    "intercept": 0.8500000238418579,
                    "length": 58,
                    "processors": [
                        {
                            "processingUnits": 1,
                            "processor": "A72"
                        }
                    ],
                    "slope": 0.7699999809265137
                },
                {
                    "intercept": 0.23000000417232513,
                    "length": 103,
                    "processors": [
                        {
                            "processingUnits": 1,
                            "processor": "A53"
                        }
                    ],
                    "slope": 0.18000000715255737
                }
            ],
            "task": "4_membench-1K-RW-R"
        },
        {
            "command": "./canrdr-4K -v0 -c1 -i100",
            "resourceAssignments": [
                {
                    "intercept": 1.149999976158142,
                    "length": 44,
                    "processors": [
                        {
                            "processingUnits": 1,
                            "processor": "A72"
                        }
                    ],
                    "slope": 1.2000000476837158
                },
                {
                    "intercept": 0.33000001311302185,
                    "length": 83,
                    "processors": [
                        {
                            "processingUnits": 1,
                            "processor": "A53"
                        }
                    ],
                    "slope": 0.3400000035762787
                }
            ],
            "task": "5_canrdr-4K"
        },
        {
            "command": "./rspeed-4K -v0 -c1 -i100",
            "resourceAssignments": [
                {
                    "intercept": 1.5800000429153442,
                    "length": 146,
                    "processors": [
                        {
                            "processingUnits": 1,
                            "processor": "A72"
                        }
                    ],
                    "slope": 1.600000023841858
                },
                {
                    "intercept": 0.36000001430511475,
                    "length": 368,
                    "processors": [
                        {
                            "processingUnits": 1,
                            "processor": "A53"
                        }
                    ],
                    "slope": 0.3400000035762787
                }
            ],
            "task": "6_rspeed-4K"
        },
        {
            "command": "./ttsprk-4K -v0 -c1 -i100",
            "resourceAssignments": [
                {
                    "intercept": 1.3200000524520874,
                    "length": 126,
                    "processors": [
                        {
                            "processingUnits": 1,
                            "processor": "A72"
                        }
                    ],
                    "slope": 1.3600000143051147
                },
                {
                    "intercept": 0.3700000047683716,
                    "length": 254,
                    "processors": [
                        {
                            "processingUnits": 1,
                            "processor": "A53"
                        }
                    ],
                    "slope": 0.36000001430511475
                }
            ],
            "task": "7_ttsprk-4K"
        },
        {
            "command": "./matrix-4K -v0 -c1 -i100",
            "resourceAssignments": [
                {
                    "intercept": 1.7799999713897705,
                    "length": 52,
                    "processors": [
                        {
                            "processingUnits": 1,
                            "processor": "A72"
                        }
                    ],
                    "slope": 1.590000033378601
                },
                {
                    "intercept": 0.3700000047683716,
                    "length": 150,
                    "processors": [
                        {
                            "processingUnits": 1,
                            "processor": "A53"
                        }
                    ],
                    "slope": 0.33000001311302185
                }
            ],
            "task": "8_matrix-4K"
        },
        {
            "command": "/root/thermobench/build/benchmarks/mem/membench -t1 -f -s 1000000",
            "resourceAssignments": [
                {
                    "intercept": 2.180000066757202,
                    "length": 152,
                    "processors": [
                        {
                            "processingUnits": 1,
                            "processor": "A72"
                        }
                    ],
                    "slope": 1.190000057220459
                },
                {
                    "intercept": 0.9399999976158142,
                    "length": 118,
                    "processors": [
                        {
                            "processingUnits": 1,
                            "processor": "A53"
                        }
                    ],
                    "slope": 0.7099999785423279
                }
            ],
            "task": "9_membench-1M-RO-S"
        },
        {
            "command": "/root/thermobench/build/benchmarks/tinyrenderer/tinyrenderer -f /root/thermobench/benchmarks/tinyrenderer/obj/diablo3_pose/*.obj",
            "resourceAssignments": [
                {
                    "intercept": 2.2300000190734863,
                    "length": 100,
                    "processors": [
                        {
                            "processingUnits": 1,
                            "processor": "A72"
                        }
                    ],
                    "slope": 1.1399999856948853
                },
                {
                    "intercept": 1.2799999713897705,
                    "length": 203,
                    "processors": [
                        {
                            "processingUnits": 1,
                            "processor": "A53"
                        }
                    ],
                    "slope": 0.27000001072883606
                }
            ],
            "task": "10_tinyrenderer-diablo"
        },
        {
            "command": "./a2time-4K -v0 -c1 -i100",
            "resourceAssignments": [
                {
                    "intercept": 1.0199999809265137,
                    "length": 147,
                    "processors": [
                        {
                            "processingUnits": 1,
                            "processor": "A72"
                        }
                    ],
                    "slope": 1.0700000524520874
                },
                {
                    "intercept": 0.20999999344348907,
                    "length": 252,
                    "processors": [
                        {
                            "processingUnits": 1,
                            "processor": "A53"
                        }
                    ],
                    "slope": 0.25
                }
            ],
            "task": "11_a2time-4K"
        },
        {
            "command": "/root/thermobench/build/benchmarks/mem/membench -t1 -f -s 4000000",
            "resourceAssignments": [
                {
                    "intercept": 3.049999952316284,
                    "length": 149,
                    "processors": [
                        {
                            "processingUnits": 1,
                            "processor": "A72"
                        }
                    ],
                    "slope": 0.3799999952316284
                },
                {
                    "intercept": 1.7699999809265137,
                    "length": 485,
                    "processors": [
                        {
                            "processingUnits": 1,
                            "processor": "A53"
                        }
                    ],
                    "slope": 0.4399999976158142
                }
            ],
            "task": "12_membench-4M-RO-S"
        },
        {
            "command": "./pntrch-4K -v0 -c1 -i100",
            "resourceAssignments": [
                {
                    "intercept": 1.3300000429153442,
                    "length": 118,
                    "processors": [
                        {
                            "processingUnits": 1,
                            "processor": "A72"
                        }
                    ],
                    "slope": 1.409999966621399
                },
                {
                    "intercept": 0.25999999046325684,
                    "length": 344,
                    "processors": [
                        {
                            "processingUnits": 1,
                            "processor": "A53"
                        }
                    ],
                    "slope": 0.23000000417232513
                }
            ],
            "task": "13_pntrch-4K"
        },
        {
            "command": "/root/thermobench/build/benchmarks/mem/membench -t1 -f -s 4000000",
            "resourceAssignments": [
                {
                    "intercept": 3.049999952316284,
                    "length": 44,
                    "processors": [
                        {
                            "processingUnits": 1,
                            "processor": "A72"
                        }
                    ],
                    "slope": 0.3799999952316284
                },
                {
                    "intercept": 1.7699999809265137,
                    "length": 143,
                    "processors": [
                        {
                            "processingUnits": 1,
                            "processor": "A53"
                        }
                    ],
                    "slope": 0.4399999976158142
                }
            ],
            "task": "14_membench-4M-RO-S"
        },
        {
            "command": "./puwmod-4K -v0 -c1 -i100",
            "resourceAssignments": [
                {
                    "intercept": 1.2000000476837158,
                    "length": 72,
                    "processors": [
                        {
                            "processingUnits": 1,
                            "processor": "A72"
                        }
                    ],
                    "slope": 1.2599999904632568
                },
                {
                    "intercept": 0.3199999928474426,
                    "length": 137,
                    "processors": [
                        {
                            "processingUnits": 1,
                            "processor": "A53"
                        }
                    ],
                    "slope": 0.2800000011920929
                }
            ],
            "task": "15_puwmod-4K"
        },
        {
            "command": "./bitmnp-4K -v0 -c1 -i100",
            "resourceAssignments": [
                {
                    "intercept": 0.7699999809265137,
                    "length": 99,
                    "processors": [
                        {
                            "processingUnits": 1,
                            "processor": "A72"
                        }
                    ],
                    "slope": 0.7799999713897705
                },
                {
                    "intercept": 0.23000000417232513,
                    "length": 205,
                    "processors": [
                        {
                            "processingUnits": 1,
                            "processor": "A53"
                        }
                    ],
                    "slope": 0.1899999976158142
                }
            ],
            "task": "16_bitmnp-4K"
        },
        {
            "command": "./puwmod-4M -v0 -c1 -i100",
            "resourceAssignments": [
                {
                    "intercept": 2.6600000858306885,
                    "length": 52,
                    "processors": [
                        {
                            "processingUnits": 1,
                            "processor": "A72"
                        }
                    ],
                    "slope": 1.4700000286102295
                },
                {
                    "intercept": 1.399999976158142,
                    "length": 102,
                    "processors": [
                        {
                            "processingUnits": 1,
                            "processor": "A53"
                        }
                    ],
                    "slope": 0.36000001430511475
                }
            ],
            "task": "17_puwmod-4M"
        },
        {
            "command": "/root/thermobench/build/benchmarks/mem/membench -t1 -f -r -w -s 4000000",
            "resourceAssignments": [
                {
                    "intercept": 2.180000066757202,
                    "length": 52,
                    "processors": [
                        {
                            "processingUnits": 1,
                            "processor": "A72"
                        }
                    ],
                    "slope": 0.5799999833106995
                },
                {
                    "intercept": 1.6100000143051147,
                    "length": 67,
                    "processors": [
                        {
                            "processingUnits": 1,
                            "processor": "A53"
                        }
                    ],
                    "slope": 0.30000001192092896
                }
            ],
            "task": "18_membench-4M-RW-R"
        },
        {
            "command": "./pntrch-4K -v0 -c1 -i100",
            "resourceAssignments": [
                {
                    "intercept": 1.3300000429153442,
                    "length": 57,
                    "processors": [
                        {
                            "processingUnits": 1,
                            "processor": "A72"
                        }
                    ],
                    "slope": 1.409999966621399
                },
                {
                    "intercept": 0.25999999046325684,
                    "length": 166,
                    "processors": [
                        {
                            "processingUnits": 1,
                            "processor": "A53"
                        }
                    ],
                    "slope": 0.23000000417232513
                }
            ],
            "task": "19_pntrch-4K"
        },
        {
            "command": "./a2time-4K -v0 -c1 -i100",
            "resourceAssignments": [
                {
                    "intercept": 1.0199999809265137,
                    "length": 149,
                    "processors": [
                        {
                            "processingUnits": 1,
                            "processor": "A72"
                        }
                    ],
                    "slope": 1.0700000524520874
                },
                {
                    "intercept": 0.20999999344348907,
                    "length": 255,
                    "processors": [
                        {
                            "processingUnits": 1,
                            "processor": "A53"
                        }
                    ],
                    "slope": 0.25
                }
            ],
            "task": "20_a2time-4K"
        },
        {
            "command": "/root/thermobench/build/benchmarks/mem/membench -t1 -f -r -s 4000000",
            "resourceAssignments": [
                {
                    "intercept": 2.0399999618530273,
                    "length": 94,
                    "processors": [
                        {
                            "processingUnits": 1,
                            "processor": "A72"
                        }
                    ],
                    "slope": 0.5099999904632568
                },
                {
                    "intercept": 1.5299999713897705,
                    "length": 119,
                    "processors": [
                        {
                            "processingUnits": 1,
                            "processor": "A53"
                        }
                    ],
                    "slope": 0.23000000417232513
                }
            ],
            "task": "21_membench-4M-RO-R"
        },
        {
            "command": "./canrdr-4K -v0 -c1 -i100",
            "resourceAssignments": [
                {
                    "intercept": 1.149999976158142,
                    "length": 82,
                    "processors": [
                        {
                            "processingUnits": 1,
                            "processor": "A72"
                        }
                    ],
                    "slope": 1.2000000476837158
                },
                {
                    "intercept": 0.33000001311302185,
                    "length": 155,
                    "processors": [
                        {
                            "processingUnits": 1,
                            "processor": "A53"
                        }
                    ],
                    "slope": 0.3400000035762787
                }
            ],
            "task": "22_canrdr-4K"
        },
        {
            "command": "/root/thermobench/build/benchmarks/tinyrenderer/tinyrenderer -f /root/thermobench/benchmarks/tinyrenderer/obj/diablo3_pose/*.obj",
            "resourceAssignments": [
                {
                    "intercept": 2.2300000190734863,
                    "length": 89,
                    "processors": [
                        {
                            "processingUnits": 1,
                            "processor": "A72"
                        }
                    ],
                    "slope": 1.1399999856948853
                },
                {
                    "intercept": 1.2799999713897705,
                    "length": 181,
                    "processors": [
                        {
                            "processingUnits": 1,
                            "processor": "A53"
                        }
                    ],
                    "slope": 0.27000001072883606
                }
            ],
            "task": "23_tinyrenderer-diablo"
        },
        {
            "command": "./tblook-4K -v0 -c1 -i100",
            "resourceAssignments": [
                {
                    "intercept": 1.5099999904632568,
                    "length": 110,
                    "processors": [
                        {
                            "processingUnits": 1,
                            "processor": "A72"
                        }
                    ],
                    "slope": 1.649999976158142
                },
                {
                    "intercept": 0.27000001072883606,
                    "length": 343,
                    "processors": [
                        {
                            "processingUnits": 1,
                            "processor": "A53"
                        }
                    ],
                    "slope": 0.2199999988079071
                }
            ],
            "task": "24_tblook-4K"
        },
        {
            "command": "./a2time-4K -v0 -c1 -i100",
            "resourceAssignments": [
                {
                    "intercept": 1.0199999809265137,
                    "length": 52,
                    "processors": [
                        {
                            "processingUnits": 1,
                            "processor": "A72"
                        }
                    ],
                    "slope": 1.0700000524520874
                },
                {
                    "intercept": 0.20999999344348907,
                    "length": 89,
                    "processors": [
                        {
                            "processingUnits": 1,
                            "processor": "A53"
                        }
                    ],
                    "slope": 0.25
                }
            ],
            "task": "25_a2time-4K"
        },
        {
            "command": "./puwmod-4M -v0 -c1 -i100",
            "resourceAssignments": [
                {
                    "intercept": 2.6600000858306885,
                    "length": 146,
                    "processors": [
                        {
                            "processingUnits": 1,
                            "processor": "A72"
                        }
                    ],
                    "slope": 1.4700000286102295
                },
                {
                    "intercept": 1.399999976158142,
                    "length": 285,
                    "processors": [
                        {
                            "processingUnits": 1,
                            "processor": "A53"
                        }
                    ],
                    "slope": 0.36000001430511475
                }
            ],
            "task": "26_puwmod-4M"
        },
        {
            "command": "./pntrch-4K -v0 -c1 -i100",
            "resourceAssignments": [
                {
                    "intercept": 1.3300000429153442,
                    "length": 46,
                    "processors": [
                        {
                            "processingUnits": 1,
                            "processor": "A72"
                        }
                    ],
                    "slope": 1.409999966621399
                },
                {
                    "intercept": 0.25999999046325684,
                    "length": 134,
                    "processors": [
                        {
                            "processingUnits": 1,
                            "processor": "A53"
                        }
                    ],
                    "slope": 0.23000000417232513
                }
            ],
            "task": "27_pntrch-4K"
        },
        {
            "command": "./puwmod-4K -v0 -c1 -i100",
            "resourceAssignments": [
                {
                    "intercept": 1.2000000476837158,
                    "length": 109,
                    "processors": [
                        {
                            "processingUnits": 1,
                            "processor": "A72"
                        }
                    ],
                    "slope": 1.2599999904632568
                },
                {
                    "intercept": 0.3199999928474426,
                    "length": 208,
                    "processors": [
                        {
                            "processingUnits": 1,
                            "processor": "A53"
                        }
                    ],
                    "slope": 0.2800000011920929
                }
            ],
            "task": "28_puwmod-4K"
        },
        {
            "command": "./rspeed-4M -v0 -c1 -i100",
            "resourceAssignments": [
                {
                    "intercept": 3.690000057220459,
                    "length": 158,
                    "processors": [
                        {
                            "processingUnits": 1,
                            "processor": "A72"
                        }
                    ],
                    "slope": 2.359999895095825
                },
                {
                    "intercept": 1.6799999475479126,
                    "length": 468,
                    "processors": [
                        {
                            "processingUnits": 1,
                            "processor": "A53"
                        }
                    ],
                    "slope": 0.46000000834465027
                }
            ],
            "task": "29_rspeed-4M"
        },
        {
            "command": "./matrix-4K -v0 -c1 -i100",
            "resourceAssignments": [
                {
                    "intercept": 1.7799999713897705,
                    "length": 110,
                    "processors": [
                        {
                            "processingUnits": 1,
                            "processor": "A72"
                        }
                    ],
                    "slope": 1.590000033378601
                },
                {
                    "intercept": 0.3700000047683716,
                    "length": 316,
                    "processors": [
                        {
                            "processingUnits": 1,
                            "processor": "A53"
                        }
                    ],
                    "slope": 0.33000001311302185
                }
            ],
            "task": "30_matrix-4K"
        },
        {
            "command": "./idctrn-4M -v0 -c1 -i100",
            "resourceAssignments": [
                {
                    "intercept": 2.690000057220459,
                    "length": 57,
                    "processors": [
                        {
                            "processingUnits": 1,
                            "processor": "A72"
                        }
                    ],
                    "slope": 1.7599999904632568
                },
                {
                    "intercept": 1.2200000286102295,
                    "length": 170,
                    "processors": [
                        {
                            "processingUnits": 1,
                            "processor": "A53"
                        }
                    ],
                    "slope": 0.3499999940395355
                }
            ],
            "task": "31_idctrn-4M"
        },
        {
            "command": "/root/thermobench/build/benchmarks/mem/membench -t1 -f -r -w -s 1000",
            "resourceAssignments": [
                {
                    "intercept": 0.8500000238418579,
                    "length": 61,
                    "processors": [
                        {
                            "processingUnits": 1,
                            "processor": "A72"
                        }
                    ],
                    "slope": 0.7699999809265137
                },
                {
                    "intercept": 0.23000000417232513,
                    "length": 108,
                    "processors": [
                        {
                            "processingUnits": 1,
                            "processor": "A53"
                        }
                    ],
                    "slope": 0.18000000715255737
                }
            ],
            "task": "32_membench-1K-RW-R"
        },
        {
            "command": "./a2time-4M -v0 -c1 -i100",
            "resourceAssignments": [
                {
                    "intercept": 2.5199999809265137,
                    "length": 44,
                    "processors": [
                        {
                            "processingUnits": 1,
                            "processor": "A72"
                        }
                    ],
                    "slope": 1.1799999475479126
                },
                {
                    "intercept": 1.3899999856948853,
                    "length": 75,
                    "processors": [
                        {
                            "processingUnits": 1,
                            "processor": "A53"
                        }
                    ],
                    "slope": 0.3499999940395355
                }
            ],
            "task": "33_a2time-4M"
        },
        {
            "command": "./puwmod-4M -v0 -c1 -i100",
            "resourceAssignments": [
                {
                    "intercept": 2.6600000858306885,
                    "length": 156,
                    "processors": [
                        {
                            "processingUnits": 1,
                            "processor": "A72"
                        }
                    ],
                    "slope": 1.4700000286102295
                },
                {
                    "intercept": 1.399999976158142,
                    "length": 305,
                    "processors": [
                        {
                            "processingUnits": 1,
                            "processor": "A53"
                        }
                    ],
                    "slope": 0.36000001430511475
                }
            ],
            "task": "34_puwmod-4M"
        },
        {
            "command": "./a2time-4M -v0 -c1 -i100",
            "resourceAssignments": [
                {
                    "intercept": 2.5199999809265137,
                    "length": 96,
                    "processors": [
                        {
                            "processingUnits": 1,
                            "processor": "A72"
                        }
                    ],
                    "slope": 1.1799999475479126
                },
                {
                    "intercept": 1.3899999856948853,
                    "length": 163,
                    "processors": [
                        {
                            "processingUnits": 1,
                            "processor": "A53"
                        }
                    ],
                    "slope": 0.3499999940395355
                }
            ],
            "task": "35_a2time-4M"
        },
        {
            "command": "./aifirf-4K -v0 -c1 -i100",
            "resourceAssignments": [
                {
                    "intercept": 1.399999976158142,
                    "length": 45,
                    "processors": [
                        {
                            "processingUnits": 1,
                            "processor": "A72"
                        }
                    ],
                    "slope": 1.5099999904632568
                },
                {
                    "intercept": 0.23000000417232513,
                    "length": 125,
                    "processors": [
                        {
                            "processingUnits": 1,
                            "processor": "A53"
                        }
                    ],
                    "slope": 0.23999999463558197
                }
            ],
            "task": "36_aifirf-4K"
        },
        {
            "command": "./puwmod-4K -v0 -c1 -i100",
            "resourceAssignments": [
                {
                    "intercept": 1.2000000476837158,
                    "length": 139,
                    "processors": [
                        {
                            "processingUnits": 1,
                            "processor": "A72"
                        }
                    ],
                    "slope": 1.2599999904632568
                },
                {
                    "intercept": 0.3199999928474426,
                    "length": 265,
                    "processors": [
                        {
                            "processingUnits": 1,
                            "processor": "A53"
                        }
                    ],
                    "slope": 0.2800000011920929
                }
            ],
            "task": "37_puwmod-4K"
        },
        {
            "command": "./a2time-4K -v0 -c1 -i100",
            "resourceAssignments": [
                {
                    "intercept": 1.0199999809265137,
                    "length": 134,
                    "processors": [
                        {
                            "processingUnits": 1,
                            "processor": "A72"
                        }
                    ],
                    "slope": 1.0700000524520874
                },
                {
                    "intercept": 0.20999999344348907,
                    "length": 230,
                    "processors": [
                        {
                            "processingUnits": 1,
                            "processor": "A53"
                        }
                    ],
                    "slope": 0.25
                }
            ],
            "task": "38_a2time-4K"
        },
        {
            "command": "./rspeed-4K -v0 -c1 -i100",
            "resourceAssignments": [
                {
                    "intercept": 1.5800000429153442,
                    "length": 129,
                    "processors": [
                        {
                            "processingUnits": 1,
                            "processor": "A72"
                        }
                    ],
                    "slope": 1.600000023841858
                },
                {
                    "intercept": 0.36000001430511475,
                    "length": 326,
                    "processors": [
                        {
                            "processingUnits": 1,
                            "processor": "A53"
                        }
                    ],
                    "slope": 0.3400000035762787
                }
            ],
            "task": "39_rspeed-4K"
        },
        {
            "command": "./idctrn-4K -v0 -c1 -i100",
            "resourceAssignments": [
                {
                    "intercept": 1.5099999904632568,
                    "length": 63,
                    "processors": [
                        {
                            "processingUnits": 1,
                            "processor": "A72"
                        }
                    ],
                    "slope": 1.5800000429153442
                },
                {
                    "intercept": 0.3199999928474426,
                    "length": 183,
                    "processors": [
                        {
                            "processingUnits": 1,
                            "processor": "A53"
                        }
                    ],
                    "slope": 0.25
                }
            ],
            "task": "40_idctrn-4K"
        },
        {
            "command": "/root/thermobench/build/benchmarks/tinyrenderer/tinyrenderer -f /root/thermobench/benchmarks/tinyrenderer/obj/boggie/*.obj",
            "resourceAssignments": [
                {
                    "intercept": 2.2799999713897705,
                    "length": 78,
                    "processors": [
                        {
                            "processingUnits": 1,
                            "processor": "A72"
                        }
                    ],
                    "slope": 1.1200000047683716
                },
                {
                    "intercept": 1.2799999713897705,
                    "length": 154,
                    "processors": [
                        {
                            "processingUnits": 1,
                            "processor": "A53"
                        }
                    ],
                    "slope": 0.2800000011920929
                }
            ],
            "task": "41_tinyrenderer-boggie"
        },
        {
            "command": "./matrix-4K -v0 -c1 -i100",
            "resourceAssignments": [
                {
                    "intercept": 1.7799999713897705,
                    "length": 46,
                    "processors": [
                        {
                            "processingUnits": 1,
                            "processor": "A72"
                        }
                    ],
                    "slope": 1.590000033378601
                },
                {
                    "intercept": 0.3700000047683716,
                    "length": 133,
                    "processors": [
                        {
                            "processingUnits": 1,
                            "processor": "A53"
                        }
                    ],
                    "slope": 0.33000001311302185
                }
            ],
            "task": "42_matrix-4K"
        },
        {
            "command": "./canrdr-4M -v0 -c1 -i100",
            "resourceAssignments": [
                {
                    "intercept": 2.6700000762939453,
                    "length": 84,
                    "processors": [
                        {
                            "processingUnits": 1,
                            "processor": "A72"
                        }
                    ],
                    "slope": 1.3600000143051147
                },
                {
                    "intercept": 1.4700000286102295,
                    "length": 160,
                    "processors": [
                        {
                            "processingUnits": 1,
                            "processor": "A53"
                        }
                    ],
                    "slope": 0.4000000059604645
                }
            ],
            "task": "43_canrdr-4M"
        },
        {
            "command": "./ttsprk-4K -v0 -c1 -i100",
            "resourceAssignments": [
                {
                    "intercept": 1.3200000524520874,
                    "length": 104,
                    "processors": [
                        {
                            "processingUnits": 1,
                            "processor": "A72"
                        }
                    ],
                    "slope": 1.3600000143051147
                },
                {
                    "intercept": 0.3700000047683716,
                    "length": 210,
                    "processors": [
                        {
                            "processingUnits": 1,
                            "processor": "A53"
                        }
                    ],
                    "slope": 0.36000001430511475
                }
            ],
            "task": "44_ttsprk-4K"
        },
        {
            "command": "/root/thermobench/build/benchmarks/mem/membench -t1 -f -s 1000000",
            "resourceAssignments": [
                {
                    "intercept": 2.180000066757202,
                    "length": 52,
                    "processors": [
                        {
                            "processingUnits": 1,
                            "processor": "A72"
                        }
                    ],
                    "slope": 1.190000057220459
                },
                {
                    "intercept": 0.9399999976158142,
                    "length": 41,
                    "processors": [
                        {
                            "processingUnits": 1,
                            "processor": "A53"
                        }
                    ],
                    "slope": 0.7099999785423279
                }
            ],
            "task": "45_membench-1M-RO-S"
        },
        {
            "command": "./tblook-4M -v0 -c1 -i100",
            "resourceAssignments": [
                {
                    "intercept": 2.7300000190734863,
                    "length": 114,
                    "processors": [
                        {
                            "processingUnits": 1,
                            "processor": "A72"
                        }
                    ],
                    "slope": 1.7599999904632568
                },
                {
                    "intercept": 1.3300000429153442,
                    "length": 363,
                    "processors": [
                        {
                            "processingUnits": 1,
                            "processor": "A53"
                        }
                    ],
                    "slope": 0.25
                }
            ],
            "task": "46_tblook-4M"
        },
        {
            "command": "./a2time-4K -v0 -c1 -i100",
            "resourceAssignments": [
                {
                    "intercept": 1.0199999809265137,
                    "length": 139,
                    "processors": [
                        {
                            "processingUnits": 1,
                            "processor": "A72"
                        }
                    ],
                    "slope": 1.0700000524520874
                },
                {
                    "intercept": 0.20999999344348907,
                    "length": 238,
                    "processors": [
                        {
                            "processingUnits": 1,
                            "processor": "A53"
                        }
                    ],
                    "slope": 0.25
                }
            ],
            "task": "47_a2time-4K"
        },
        {
            "command": "/root/thermobench/build/benchmarks/mem/membench -t1 -f -r -w -s 4000000",
            "resourceAssignments": [
                {
                    "intercept": 2.180000066757202,
                    "length": 102,
                    "processors": [
                        {
                            "processingUnits": 1,
                            "processor": "A72"
                        }
                    ],
                    "slope": 0.5799999833106995
                },
                {
                    "intercept": 1.6100000143051147,
                    "length": 131,
                    "processors": [
                        {
                            "processingUnits": 1,
                            "processor": "A53"
                        }
                    ],
                    "slope": 0.30000001192092896
                }
            ],
            "task": "48_membench-4M-RW-R"
        },
        {
            "command": "./ttsprk-4K -v0 -c1 -i100",
            "resourceAssignments": [
                {
                    "intercept": 1.3200000524520874,
                    "length": 104,
                    "processors": [
                        {
                            "processingUnits": 1,
                            "processor": "A72"
                        }
                    ],
                    "slope": 1.3600000143051147
                },
                {
                    "intercept": 0.3700000047683716,
                    "length": 210,
                    "processors": [
                        {
                            "processingUnits": 1,
                            "processor": "A53"
                        }
                    ],
                    "slope": 0.36000001430511475
                }
            ],
            "task": "49_ttsprk-4K"
        },
        {
            "command": "/root/thermobench/build/benchmarks/mem/membench -t1 -f -r -s 1000000",
            "resourceAssignments": [
                {
                    "intercept": 1.8899999856948853,
                    "length": 74,
                    "processors": [
                        {
                            "processingUnits": 1,
                            "processor": "A72"
                        }
                    ],
                    "slope": 0.6899999976158142
                },
                {
                    "intercept": 0.7200000286102295,
                    "length": 51,
                    "processors": [
                        {
                            "processingUnits": 1,
                            "processor": "A53"
                        }
                    ],
                    "slope": 0.5
                }
            ],
            "task": "50_membench-1M-RO-R"
        },
        {
            "command": "./a2time-4K -v0 -c1 -i100",
            "resourceAssignments": [
                {
                    "intercept": 1.0199999809265137,
                    "length": 144,
                    "processors": [
                        {
                            "processingUnits": 1,
                            "processor": "A72"
                        }
                    ],
                    "slope": 1.0700000524520874
                },
                {
                    "intercept": 0.20999999344348907,
                    "length": 247,
                    "processors": [
                        {
                            "processingUnits": 1,
                            "processor": "A53"
                        }
                    ],
                    "slope": 0.25
                }
            ],
            "task": "51_a2time-4K"
        },
        {
            "command": "/root/thermobench/build/benchmarks/mem/membench -t1 -f -w -s 1000000",
            "resourceAssignments": [
                {
                    "intercept": 2.509999990463257,
                    "length": 70,
                    "processors": [
                        {
                            "processingUnits": 1,
                            "processor": "A72"
                        }
                    ],
                    "slope": 1.0099999904632568
                },
                {
                    "intercept": 0.949999988079071,
                    "length": 52,
                    "processors": [
                        {
                            "processingUnits": 1,
                            "processor": "A53"
                        }
                    ],
                    "slope": 0.8199999928474426
                }
            ],
            "task": "52_membench-1M-RW-S"
        },
        {
            "command": "./tblook-4M -v0 -c1 -i100",
            "resourceAssignments": [
                {
                    "intercept": 2.7300000190734863,
                    "length": 125,
                    "processors": [
                        {
                            "processingUnits": 1,
                            "processor": "A72"
                        }
                    ],
                    "slope": 1.7599999904632568
                },
                {
                    "intercept": 1.3300000429153442,
                    "length": 398,
                    "processors": [
                        {
                            "processingUnits": 1,
                            "processor": "A53"
                        }
                    ],
                    "slope": 0.25
                }
            ],
            "task": "53_tblook-4M"
        },
        {
            "command": "/root/thermobench/build/benchmarks/mem/membench -t1 -f -w -s 4000000",
            "resourceAssignments": [
                {
                    "intercept": 3.2100000381469727,
                    "length": 44,
                    "processors": [
                        {
                            "processingUnits": 1,
                            "processor": "A72"
                        }
                    ],
                    "slope": 0.3799999952316284
                },
                {
                    "intercept": 1.9700000286102295,
                    "length": 105,
                    "processors": [
                        {
                            "processingUnits": 1,
                            "processor": "A53"
                        }
                    ],
                    "slope": 0.47999998927116394
                }
            ],
            "task": "54_membench-4M-RW-S"
        },
        {
            "command": "./matrix-4M -v0 -c1 -i100",
            "resourceAssignments": [
                {
                    "intercept": 2.6500000953674316,
                    "length": 105,
                    "processors": [
                        {
                            "processingUnits": 1,
                            "processor": "A72"
                        }
                    ],
                    "slope": 2.009999990463257
                },
                {
                    "intercept": 0.8799999952316284,
                    "length": 296,
                    "processors": [
                        {
                            "processingUnits": 1,
                            "processor": "A53"
                        }
                    ],
                    "slope": 0.5
                }
            ],
            "task": "55_matrix-4M"
        },
        {
            "command": "/root/thermobench/build/benchmarks/mem/membench -t1 -f -r -w -s 4000000",
            "resourceAssignments": [
                {
                    "intercept": 2.180000066757202,
                    "length": 88,
                    "processors": [
                        {
                            "processingUnits": 1,
                            "processor": "A72"
                        }
                    ],
                    "slope": 0.5799999833106995
                },
                {
                    "intercept": 1.6100000143051147,
                    "length": 113,
                    "processors": [
                        {
                            "processingUnits": 1,
                            "processor": "A53"
                        }
                    ],
                    "slope": 0.30000001192092896
                }
            ],
            "task": "56_membench-4M-RW-R"
        },
        {
            "command": "./matrix-4M -v0 -c1 -i100",
            "resourceAssignments": [
                {
                    "intercept": 2.6500000953674316,
                    "length": 141,
                    "processors": [
                        {
                            "processingUnits": 1,
                            "processor": "A72"
                        }
                    ],
                    "slope": 2.009999990463257
                },
                {
                    "intercept": 0.8799999952316284,
                    "length": 397,
                    "processors": [
                        {
                            "processingUnits": 1,
                            "processor": "A53"
                        }
                    ],
                    "slope": 0.5
                }
            ],
            "task": "57_matrix-4M"
        },
        {
            "command": "/root/thermobench/build/benchmarks/mem/membench -t1 -f -s 1000000",
            "resourceAssignments": [
                {
                    "intercept": 2.180000066757202,
                    "length": 43,
                    "processors": [
                        {
                            "processingUnits": 1,
                            "processor": "A72"
                        }
                    ],
                    "slope": 1.190000057220459
                },
                {
                    "intercept": 0.9399999976158142,
                    "length": 34,
                    "processors": [
                        {
                            "processingUnits": 1,
                            "processor": "A53"
                        }
                    ],
                    "slope": 0.7099999785423279
                }
            ],
            "task": "58_membench-1M-RO-S"
        },
        {
            "command": "./ttsprk-4K -v0 -c1 -i100",
            "resourceAssignments": [
                {
                    "intercept": 1.3200000524520874,
                    "length": 48,
                    "processors": [
                        {
                            "processingUnits": 1,
                            "processor": "A72"
                        }
                    ],
                    "slope": 1.3600000143051147
                },
                {
                    "intercept": 0.3700000047683716,
                    "length": 97,
                    "processors": [
                        {
                            "processingUnits": 1,
                            "processor": "A53"
                        }
                    ],
                    "slope": 0.36000001430511475
                }
            ],
            "task": "59_ttsprk-4K"
        }
    ],
    "environment": {
        "majorFrameLength": 2450,
        "problemVersion": 1,
        "processors": [
            {
                "name": "A53",
                "processingUnits": 4,
                "type": "main_processor"
            },
            {
                "name": "A72",
                "processingUnits": 2,
                "type": "main_processor"
            }
        ],
        "scPart": 1.0
    },
    "solution": {
        "feasible": true,
        "solutionTime": 300007,
        "solverMetadata": {
            "objective": "3743.0"
        },
        "solverName": "ILP-IDLE-MIN",
        "windows": [
            {
                "length": 485,
                "tasks": [
                    {
                        "length": 485,
                        "processingUnit": 0,
                        "processor": "A53",
                        "start": 0,
                        "task": "12_membench-4M-RO-S"
                    },
                    {
                        "length": 468,
                        "processingUnit": 1,
                        "processor": "A53",
                        "start": 0,
                        "task": "29_rspeed-4M"
                    },
                    {
                        "length": 139,
                        "processingUnit": 0,
                        "processor": "A72",
                        "start": 0,
                        "task": "47_a2time-4K"
                    },
                    {
                        "length": 144,
                        "processingUnit": 1,
                        "processor": "A72",
                        "start": 0,
                        "task": "51_a2time-4K"
                    },
                    {
                        "length": 398,
                        "processingUnit": 2,
                        "processor": "A53",
                        "start": 0,
                        "task": "53_tblook-4M"
                    },
                    {
                        "length": 397,
                        "processingUnit": 3,
                        "processor": "A53",
                        "start": 0,
                        "task": "57_matrix-4M"
                    }
                ]
            },
            {
                "length": 368,
                "tasks": [
                    {
                        "length": 368,
                        "processingUnit": 0,
                        "processor": "A53",
                        "start": 0,
                        "task": "6_rspeed-4K"
                    },
                    {
                        "length": 344,
                        "processingUnit": 1,
                        "processor": "A53",
                        "start": 0,
                        "task": "13_pntrch-4K"
                    },
                    {
                        "length": 343,
                        "processingUnit": 2,
                        "processor": "A53",
                        "start": 0,
                        "task": "24_tblook-4K"
                    },
                    {
                        "length": 146,
                        "processingUnit": 0,
                        "processor": "A72",
                        "start": 0,
                        "task": "26_puwmod-4M"
                    },
                    {
                        "length": 363,
                        "processingUnit": 3,
                        "processor": "A53",
                        "start": 0,
                        "task": "46_tblook-4M"
                    },
                    {
                        "length": 43,
                        "processingUnit": 1,
                        "processor": "A72",
                        "start": 0,
                        "task": "58_membench-1M-RO-S"
                    }
                ]
            },
            {
                "length": 326,
                "tasks": [
                    {
                        "length": 152,
                        "processingUnit": 0,
                        "processor": "A72",
                        "start": 0,
                        "task": "9_membench-1M-RO-S"
                    },
                    {
                        "length": 89,
                        "processingUnit": 1,
                        "processor": "A72",
                        "start": 0,
                        "task": "23_tinyrenderer-diablo"
                    },
                    {
                        "length": 316,
                        "processingUnit": 0,
                        "processor": "A53",
                        "start": 0,
                        "task": "30_matrix-4K"
                    },
                    {
                        "length": 305,
                        "processingUnit": 1,
                        "processor": "A53",
                        "start": 0,
                        "task": "34_puwmod-4M"
                    },
                    {
                        "length": 326,
                        "processingUnit": 2,
                        "processor": "A53",
                        "start": 0,
                        "task": "39_rspeed-4K"
                    },
                    {
                        "length": 296,
                        "processingUnit": 3,
                        "processor": "A53",
                        "start": 0,
                        "task": "55_matrix-4M"
                    }
                ]
            },
            {
                "length": 265,
                "tasks": [
                    {
                        "length": 70,
                        "processingUnit": 0,
                        "processor": "A72",
                        "start": 0,
                        "task": "0_membench-4M-RW-R"
                    },
                    {
                        "length": 254,
                        "processingUnit": 0,
                        "processor": "A53",
                        "start": 0,
                        "task": "7_ttsprk-4K"
                    },
                    {
                        "length": 252,
                        "processingUnit": 1,
                        "processor": "A53",
                        "start": 0,
                        "task": "11_a2time-4K"
                    },
                    {
                        "length": 255,
                        "processingUnit": 2,
                        "processor": "A53",
                        "start": 0,
                        "task": "20_a2time-4K"
                    },
                    {
                        "length": 265,
                        "processingUnit": 3,
                        "processor": "A53",
                        "start": 0,
                        "task": "37_puwmod-4K"
                    },
                    {
                        "length": 134,
                        "processingUnit": 1,
                        "processor": "A72",
                        "start": 0,
                        "task": "38_a2time-4K"
                    }
                ]
            },
            {
                "length": 221,
                "tasks": [
                    {
                        "length": 221,
                        "processingUnit": 0,
                        "processor": "A53",
                        "start": 0,
                        "task": "3_tblook-4K"
                    },
                    {
                        "length": 208,
                        "processingUnit": 1,
                        "processor": "A53",
                        "start": 0,
                        "task": "28_puwmod-4K"
                    },
                    {
                        "length": 183,
                        "processingUnit": 2,
                        "processor": "A53",
                        "start": 0,
                        "task": "40_idctrn-4K"
                    },
                    {
                        "length": 210,
                        "processingUnit": 3,
                        "processor": "A53",
                        "start": 0,
                        "task": "44_ttsprk-4K"
                    },
                    {
                        "length": 102,
                        "processingUnit": 0,
                        "processor": "A72",
                        "start": 0,
                        "task": "48_membench-4M-RW-R"
                    },
                    {
                        "length": 88,
                        "processingUnit": 1,
                        "processor": "A72",
                        "start": 0,
                        "task": "56_membench-4M-RW-R"
                    }
                ]
            },
            {
                "length": 210,
                "tasks": [
                    {
                        "length": 46,
                        "processingUnit": 0,
                        "processor": "A72",
                        "start": 0,
                        "task": "1_membench-1K-RO-S"
                    },
                    {
                        "length": 187,
                        "processingUnit": 0,
                        "processor": "A53",
                        "start": 0,
                        "task": "2_aifirf-4M"
                    },
                    {
                        "length": 203,
                        "processingUnit": 1,
                        "processor": "A53",
                        "start": 0,
                        "task": "10_tinyrenderer-diablo"
                    },
                    {
                        "length": 205,
                        "processingUnit": 2,
                        "processor": "A53",
                        "start": 0,
                        "task": "16_bitmnp-4K"
                    },
                    {
                        "length": 210,
                        "processingUnit": 3,
                        "processor": "A53",
                        "start": 0,
                        "task": "49_ttsprk-4K"
                    },
                    {
                        "length": 70,
                        "processingUnit": 1,
                        "processor": "A72",
                        "start": 0,
                        "task": "52_membench-1M-RW-S"
                    }
                ]
            },
            {
                "length": 170,
                "tasks": [
                    {
                        "length": 44,
                        "processingUnit": 0,
                        "processor": "A72",
                        "start": 0,
                        "task": "5_canrdr-4K"
                    },
                    {
                        "length": 143,
                        "processingUnit": 0,
                        "processor": "A53",
                        "start": 0,
                        "task": "14_membench-4M-RO-S"
                    },
                    {
                        "length": 166,
                        "processingUnit": 1,
                        "processor": "A53",
                        "start": 0,
                        "task": "19_pntrch-4K"
                    },
                    {
                        "length": 170,
                        "processingUnit": 2,
                        "processor": "A53",
                        "start": 0,
                        "task": "31_idctrn-4M"
                    },
                    {
                        "length": 44,
                        "processingUnit": 1,
                        "processor": "A72",
                        "start": 0,
                        "task": "33_a2time-4M"
                    },
                    {
                        "length": 163,
                        "processingUnit": 3,
                        "processor": "A53",
                        "start": 0,
                        "task": "35_a2time-4M"
                    }
                ]
            },
            {
                "length": 160,
                "tasks": [
                    {
                        "length": 58,
                        "processingUnit": 0,
                        "processor": "A72",
                        "start": 0,
                        "task": "4_membench-1K-RW-R"
                    },
                    {
                        "length": 150,
                        "processingUnit": 0,
                        "processor": "A53",
                        "start": 0,
                        "task": "8_matrix-4K"
                    },
                    {
                        "length": 155,
                        "processingUnit": 1,
                        "processor": "A53",
                        "start": 0,
                        "task": "22_canrdr-4K"
                    },
                    {
                        "length": 154,
                        "processingUnit": 2,
                        "processor": "A53",
                        "start": 0,
                        "task": "41_tinyrenderer-boggie"
                    },
                    {
                        "length": 160,
                        "processingUnit": 3,
                        "processor": "A53",
                        "start": 0,
                        "task": "43_canrdr-4M"
                    },
                    {
                        "length": 74,
                        "processingUnit": 1,
                        "processor": "A72",
                        "start": 0,
                        "task": "50_membench-1M-RO-R"
                    }
                ]
            },
            {
                "length": 137,
                "tasks": [
                    {
                        "length": 137,
                        "processingUnit": 0,
                        "processor": "A53",
                        "start": 0,
                        "task": "15_puwmod-4K"
                    },
                    {
                        "length": 52,
                        "processingUnit": 0,
                        "processor": "A72",
                        "start": 0,
                        "task": "18_membench-4M-RW-R"
                    },
                    {
                        "length": 94,
                        "processingUnit": 1,
                        "processor": "A72",
                        "start": 0,
                        "task": "21_membench-4M-RO-R"
                    },
                    {
                        "length": 134,
                        "processingUnit": 1,
                        "processor": "A53",
                        "start": 0,
                        "task": "27_pntrch-4K"
                    },
                    {
                        "length": 125,
                        "processingUnit": 2,
                        "processor": "A53",
                        "start": 0,
                        "task": "36_aifirf-4K"
                    },
                    {
                        "length": 133,
                        "processingUnit": 3,
                        "processor": "A53",
                        "start": 0,
                        "task": "42_matrix-4K"
                    }
                ]
            },
            {
                "length": 108,
                "tasks": [
                    {
                        "length": 102,
                        "processingUnit": 0,
                        "processor": "A53",
                        "start": 0,
                        "task": "17_puwmod-4M"
                    },
                    {
                        "length": 52,
                        "processingUnit": 0,
                        "processor": "A72",
                        "start": 0,
                        "task": "25_a2time-4K"
                    },
                    {
                        "length": 108,
                        "processingUnit": 1,
                        "processor": "A53",
                        "start": 0,
                        "task": "32_membench-1K-RW-R"
                    },
                    {
                        "length": 52,
                        "processingUnit": 1,
                        "processor": "A72",
                        "start": 0,
                        "task": "45_membench-1M-RO-S"
                    },
                    {
                        "length": 105,
                        "processingUnit": 2,
                        "processor": "A53",
                        "start": 0,
                        "task": "54_membench-4M-RW-S"
                    },
                    {
                        "length": 97,
                        "processingUnit": 3,
                        "processor": "A53",
                        "start": 0,
                        "task": "59_ttsprk-4K"
                    }
                ]
            }
        ]
    },
    "tasks": [
        {
            "assignmentIndex": 1,
            "command": "/root/thermobench/build/benchmarks/mem/membench -t1 -f -s 4000000",
            "length": 485,
            "name": "12_membench-4M-RO-S",
            "processors": [
                {
                    "processor": "A53",
                    "processingUnits": 1
                }
            ]
        },
        {
            "assignmentIndex": 1,
            "command": "./rspeed-4M -v0 -c1 -i100",
            "length": 468,
            "name": "29_rspeed-4M",
            "processors": [
                {
                    "processor": "A53",
                    "processingUnits": 1
                }
            ]
        },
        {
            "assignmentIndex": 0,
            "command": "./a2time-4K -v0 -c1 -i100",
            "length": 139,
            "name": "47_a2time-4K",
            "processors": [
                {
                    "processor": "A72",
                    "processingUnits": 1
                }
            ]
        },
        {
            "assignmentIndex": 0,
            "command": "./a2time-4K -v0 -c1 -i100",
            "length": 144,
            "name": "51_a2time-4K",
            "processors": [
                {
                    "processor": "A72",
                    "processingUnits": 1
                }
            ]
        },
        {
            "assignmentIndex": 1,
            "command": "./tblook-4M -v0 -c1 -i100",
            "length": 398,
            "name": "53_tblook-4M",
            "processors": [
                {
                    "processor": "A53",
                    "processingUnits": 1
                }
            ]
        },
        {
            "assignmentIndex": 1,
            "command": "./matrix-4M -v0 -c1 -i100",
            "length": 397,
            "name": "57_matrix-4M",
            "processors": [
                {
                    "processor": "A53",
                    "processingUnits": 1
                }
            ]
        },
        {
            "assignmentIndex": 1,
            "command": "./rspeed-4K -v0 -c1 -i100",
            "length": 368,
            "name": "6_rspeed-4K",
            "processors": [
                {
                    "processor": "A53",
                    "processingUnits": 1
                }
            ]
        },
        {
            "assignmentIndex": 1,
            "command": "./pntrch-4K -v0 -c1 -i100",
            "length": 344,
            "name": "13_pntrch-4K",
            "processors": [
                {
                    "processor": "A53",
                    "processingUnits": 1
                }
            ]
        },
        {
            "assignmentIndex": 1,
            "command": "./tblook-4K -v0 -c1 -i100",
            "length": 343,
            "name": "24_tblook-4K",
            "processors": [
                {
                    "processor": "A53",
                    "processingUnits": 1
                }
            ]
        },
        {
            "assignmentIndex": 0,
            "command": "./puwmod-4M -v0 -c1 -i100",
            "length": 146,
            "name": "26_puwmod-4M",
            "processors": [
                {
                    "processor": "A72",
                    "processingUnits": 1
                }
            ]
        },
        {
            "assignmentIndex": 1,
            "command": "./tblook-4M -v0 -c1 -i100",
            "length": 363,
            "name": "46_tblook-4M",
            "processors": [
                {
                    "processor": "A53",
                    "processingUnits": 1
                }
            ]
        },
        {
            "assignmentIndex": 0,
            "command": "/root/thermobench/build/benchmarks/mem/membench -t1 -f -s 1000000",
            "length": 43,
            "name": "58_membench-1M-RO-S",
            "processors": [
                {
                    "processor": "A72",
                    "processingUnits": 1
                }
            ]
        },
        {
            "assignmentIndex": 0,
            "command": "/root/thermobench/build/benchmarks/mem/membench -t1 -f -s 1000000",
            "length": 152,
            "name": "9_membench-1M-RO-S",
            "processors": [
                {
                    "processor": "A72",
                    "processingUnits": 1
                }
            ]
        },
        {
            "assignmentIndex": 0,
            "command": "/root/thermobench/build/benchmarks/tinyrenderer/tinyrenderer -f /root/thermobench/benchmarks/tinyrenderer/obj/diablo3_pose/*.obj",
            "length": 89,
            "name": "23_tinyrenderer-diablo",
            "processors": [
                {
                    "processor": "A72",
                    "processingUnits": 1
                }
            ]
        },
        {
            "assignmentIndex": 1,
            "command": "./matrix-4K -v0 -c1 -i100",
            "length": 316,
            "name": "30_matrix-4K",
            "processors": [
                {
                    "processor": "A53",
                    "processingUnits": 1
                }
            ]
        },
        {
            "assignmentIndex": 1,
            "command": "./puwmod-4M -v0 -c1 -i100",
            "length": 305,
            "name": "34_puwmod-4M",
            "processors": [
                {
                    "processor": "A53",
                    "processingUnits": 1
                }
            ]
        },
        {
            "assignmentIndex": 1,
            "command": "./rspeed-4K -v0 -c1 -i100",
            "length": 326,
            "name": "39_rspeed-4K",
            "processors": [
                {
                    "processor": "A53",
                    "processingUnits": 1
                }
            ]
        },
        {
            "assignmentIndex": 1,
            "command": "./matrix-4M -v0 -c1 -i100",
            "length": 296,
            "name": "55_matrix-4M",
            "processors": [
                {
                    "processor": "A53",
                    "processingUnits": 1
                }
            ]
        },
        {
            "assignmentIndex": 0,
            "command": "/root/thermobench/build/benchmarks/mem/membench -t1 -f -r -w -s 4000000",
            "length": 70,
            "name": "0_membench-4M-RW-R",
            "processors": [
                {
                    "processor": "A72",
                    "processingUnits": 1
                }
            ]
        },
        {
            "assignmentIndex": 1,
            "command": "./ttsprk-4K -v0 -c1 -i100",
            "length": 254,
            "name": "7_ttsprk-4K",
            "processors": [
                {
                    "processor": "A53",
                    "processingUnits": 1
                }
            ]
        },
        {
            "assignmentIndex": 1,
            "command": "./a2time-4K -v0 -c1 -i100",
            "length": 252,
            "name": "11_a2time-4K",
            "processors": [
                {
                    "processor": "A53",
                    "processingUnits": 1
                }
            ]
        },
        {
            "assignmentIndex": 1,
            "command": "./a2time-4K -v0 -c1 -i100",
            "length": 255,
            "name": "20_a2time-4K",
            "processors": [
                {
                    "processor": "A53",
                    "processingUnits": 1
                }
            ]
        },
        {
            "assignmentIndex": 1,
            "command": "./puwmod-4K -v0 -c1 -i100",
            "length": 265,
            "name": "37_puwmod-4K",
            "processors": [
                {
                    "processor": "A53",
                    "processingUnits": 1
                }
            ]
        },
        {
            "assignmentIndex": 0,
            "command": "./a2time-4K -v0 -c1 -i100",
            "length": 134,
            "name": "38_a2time-4K",
            "processors": [
                {
                    "processor": "A72",
                    "processingUnits": 1
                }
            ]
        },
        {
            "assignmentIndex": 1,
            "command": "./tblook-4K -v0 -c1 -i100",
            "length": 221,
            "name": "3_tblook-4K",
            "processors": [
                {
                    "processor": "A53",
                    "processingUnits": 1
                }
            ]
        },
        {
            "assignmentIndex": 1,
            "command": "./puwmod-4K -v0 -c1 -i100",
            "length": 208,
            "name": "28_puwmod-4K",
            "processors": [
                {
                    "processor": "A53",
                    "processingUnits": 1
                }
            ]
        },
        {
            "assignmentIndex": 1,
            "command": "./idctrn-4K -v0 -c1 -i100",
            "length": 183,
            "name": "40_idctrn-4K",
            "processors": [
                {
                    "processor": "A53",
                    "processingUnits": 1
                }
            ]
        },
        {
            "assignmentIndex": 1,
            "command": "./ttsprk-4K -v0 -c1 -i100",
            "length": 210,
            "name": "44_ttsprk-4K",
            "processors": [
                {
                    "processor": "A53",
                    "processingUnits": 1
                }
            ]
        },
        {
            "assignmentIndex": 0,
            "command": "/root/thermobench/build/benchmarks/mem/membench -t1 -f -r -w -s 4000000",
            "length": 102,
            "name": "48_membench-4M-RW-R",
            "processors": [
                {
                    "processor": "A72",
                    "processingUnits": 1
                }
            ]
        },
        {
            "assignmentIndex": 0,
            "command": "/root/thermobench/build/benchmarks/mem/membench -t1 -f -r -w -s 4000000",
            "length": 88,
            "name": "56_membench-4M-RW-R",
            "processors": [
                {
                    "processor": "A72",
                    "processingUnits": 1
                }
            ]
        },
        {
            "assignmentIndex": 0,
            "command": "/root/thermobench/build/benchmarks/mem/membench -t1 -f -s 1000",
            "length": 46,
            "name": "1_membench-1K-RO-S",
            "processors": [
                {
                    "processor": "A72",
                    "processingUnits": 1
                }
            ]
        },
        {
            "assignmentIndex": 1,
            "command": "./aifirf-4M -v0 -c1 -i10",
            "length": 187,
            "name": "2_aifirf-4M",
            "processors": [
                {
                    "processor": "A53",
                    "processingUnits": 1
                }
            ]
        },
        {
            "assignmentIndex": 1,
            "command": "/root/thermobench/build/benchmarks/tinyrenderer/tinyrenderer -f /root/thermobench/benchmarks/tinyrenderer/obj/diablo3_pose/*.obj",
            "length": 203,
            "name": "10_tinyrenderer-diablo",
            "processors": [
                {
                    "processor": "A53",
                    "processingUnits": 1
                }
            ]
        },
        {
            "assignmentIndex": 1,
            "command": "./bitmnp-4K -v0 -c1 -i100",
            "length": 205,
            "name": "16_bitmnp-4K",
            "processors": [
                {
                    "processor": "A53",
                    "processingUnits": 1
                }
            ]
        },
        {
            "assignmentIndex": 1,
            "command": "./ttsprk-4K -v0 -c1 -i100",
            "length": 210,
            "name": "49_ttsprk-4K",
            "processors": [
                {
                    "processor": "A53",
                    "processingUnits": 1
                }
            ]
        },
        {
            "assignmentIndex": 0,
            "command": "/root/thermobench/build/benchmarks/mem/membench -t1 -f -w -s 1000000",
            "length": 70,
            "name": "52_membench-1M-RW-S",
            "processors": [
                {
                    "processor": "A72",
                    "processingUnits": 1
                }
            ]
        },
        {
            "assignmentIndex": 0,
            "command": "./canrdr-4K -v0 -c1 -i100",
            "length": 44,
            "name": "5_canrdr-4K",
            "processors": [
                {
                    "processor": "A72",
                    "processingUnits": 1
                }
            ]
        },
        {
            "assignmentIndex": 1,
            "command": "/root/thermobench/build/benchmarks/mem/membench -t1 -f -s 4000000",
            "length": 143,
            "name": "14_membench-4M-RO-S",
            "processors": [
                {
                    "processor": "A53",
                    "processingUnits": 1
                }
            ]
        },
        {
            "assignmentIndex": 1,
            "command": "./pntrch-4K -v0 -c1 -i100",
            "length": 166,
            "name": "19_pntrch-4K",
            "processors": [
                {
                    "processor": "A53",
                    "processingUnits": 1
                }
            ]
        },
        {
            "assignmentIndex": 1,
            "command": "./idctrn-4M -v0 -c1 -i100",
            "length": 170,
            "name": "31_idctrn-4M",
            "processors": [
                {
                    "processor": "A53",
                    "processingUnits": 1
                }
            ]
        },
        {
            "assignmentIndex": 0,
            "command": "./a2time-4M -v0 -c1 -i100",
            "length": 44,
            "name": "33_a2time-4M",
            "processors": [
                {
                    "processor": "A72",
                    "processingUnits": 1
                }
            ]
        },
        {
            "assignmentIndex": 1,
            "command": "./a2time-4M -v0 -c1 -i100",
            "length": 163,
            "name": "35_a2time-4M",
            "processors": [
                {
                    "processor": "A53",
                    "processingUnits": 1
                }
            ]
        },
        {
            "assignmentIndex": 0,
            "command": "/root/thermobench/build/benchmarks/mem/membench -t1 -f -r -w -s 1000",
            "length": 58,
            "name": "4_membench-1K-RW-R",
            "processors": [
                {
                    "processor": "A72",
                    "processingUnits": 1
                }
            ]
        },
        {
            "assignmentIndex": 1,
            "command": "./matrix-4K -v0 -c1 -i100",
            "length": 150,
            "name": "8_matrix-4K",
            "processors": [
                {
                    "processor": "A53",
                    "processingUnits": 1
                }
            ]
        },
        {
            "assignmentIndex": 1,
            "command": "./canrdr-4K -v0 -c1 -i100",
            "length": 155,
            "name": "22_canrdr-4K",
            "processors": [
                {
                    "processor": "A53",
                    "processingUnits": 1
                }
            ]
        },
        {
            "assignmentIndex": 1,
            "command": "/root/thermobench/build/benchmarks/tinyrenderer/tinyrenderer -f /root/thermobench/benchmarks/tinyrenderer/obj/boggie/*.obj",
            "length": 154,
            "name": "41_tinyrenderer-boggie",
            "processors": [
                {
                    "processor": "A53",
                    "processingUnits": 1
                }
            ]
        },
        {
            "assignmentIndex": 1,
            "command": "./canrdr-4M -v0 -c1 -i100",
            "length": 160,
            "name": "43_canrdr-4M",
            "processors": [
                {
                    "processor": "A53",
                    "processingUnits": 1
                }
            ]
        },
        {
            "assignmentIndex": 0,
            "command": "/root/thermobench/build/benchmarks/mem/membench -t1 -f -r -s 1000000",
            "length": 74,
            "name": "50_membench-1M-RO-R",
            "processors": [
                {
                    "processor": "A72",
                    "processingUnits": 1
                }
            ]
        },
        {
            "assignmentIndex": 1,
            "command": "./puwmod-4K -v0 -c1 -i100",
            "length": 137,
            "name": "15_puwmod-4K",
            "processors": [
                {
                    "processor": "A53",
                    "processingUnits": 1
                }
            ]
        },
        {
            "assignmentIndex": 0,
            "command": "/root/thermobench/build/benchmarks/mem/membench -t1 -f -r -w -s 4000000",
            "length": 52,
            "name": "18_membench-4M-RW-R",
            "processors": [
                {
                    "processor": "A72",
                    "processingUnits": 1
                }
            ]
        },
        {
            "assignmentIndex": 0,
            "command": "/root/thermobench/build/benchmarks/mem/membench -t1 -f -r -s 4000000",
            "length": 94,
            "name": "21_membench-4M-RO-R",
            "processors": [
                {
                    "processor": "A72",
                    "processingUnits": 1
                }
            ]
        },
        {
            "assignmentIndex": 1,
            "command": "./pntrch-4K -v0 -c1 -i100",
            "length": 134,
            "name": "27_pntrch-4K",
            "processors": [
                {
                    "processor": "A53",
                    "processingUnits": 1
                }
            ]
        },
        {
            "assignmentIndex": 1,
            "command": "./aifirf-4K -v0 -c1 -i100",
            "length": 125,
            "name": "36_aifirf-4K",
            "processors": [
                {
                    "processor": "A53",
                    "processingUnits": 1
                }
            ]
        },
        {
            "assignmentIndex": 1,
            "command": "./matrix-4K -v0 -c1 -i100",
            "length": 133,
            "name": "42_matrix-4K",
            "processors": [
                {
                    "processor": "A53",
                    "processingUnits": 1
                }
            ]
        },
        {
            "assignmentIndex": 1,
            "command": "./puwmod-4M -v0 -c1 -i100",
            "length": 102,
            "name": "17_puwmod-4M",
            "processors": [
                {
                    "processor": "A53",
                    "processingUnits": 1
                }
            ]
        },
        {
            "assignmentIndex": 0,
            "command": "./a2time-4K -v0 -c1 -i100",
            "length": 52,
            "name": "25_a2time-4K",
            "processors": [
                {
                    "processor": "A72",
                    "processingUnits": 1
                }
            ]
        },
        {
            "assignmentIndex": 1,
            "command": "/root/thermobench/build/benchmarks/mem/membench -t1 -f -r -w -s 1000",
            "length": 108,
            "name": "32_membench-1K-RW-R",
            "processors": [
                {
                    "processor": "A53",
                    "processingUnits": 1
                }
            ]
        },
        {
            "assignmentIndex": 0,
            "command": "/root/thermobench/build/benchmarks/mem/membench -t1 -f -s 1000000",
            "length": 52,
            "name": "45_membench-1M-RO-S",
            "processors": [
                {
                    "processor": "A72",
                    "processingUnits": 1
                }
            ]
        },
        {
            "assignmentIndex": 1,
            "command": "/root/thermobench/build/benchmarks/mem/membench -t1 -f -w -s 4000000",
            "length": 105,
            "name": "54_membench-4M-RW-S",
            "processors": [
                {
                    "processor": "A53",
                    "processingUnits": 1
                }
            ]
        },
        {
            "assignmentIndex": 1,
            "command": "./ttsprk-4K -v0 -c1 -i100",
            "length": 97,
            "name": "59_ttsprk-4K",
            "processors": [
                {
                    "processor": "A53",
                    "processingUnits": 1
                }
            ]
        }
    ]
}