Using license file /home/benedond/gurobi.lic
Using gurobi.env file
Set parameter Threads to value 1
Academic license - for non-commercial use only
Changed value of parameter TimeLimit to 300.0
   Prev: inf  Min: 0.0  Max: inf  Default: inf
Gurobi Optimizer version 9.0.1 build v9.0.1rc0 (linux64)
Optimize a model with 7440 rows, 7260 columns and 28978 nonzeros
Model fingerprint: 0x8d809685
Variable types: 60 continuous, 7200 integer (7200 binary)
Coefficient statistics:
  Matrix range     [1e+00, 5e+02]
  Objective range  [3e+01, 5e+02]
  Bounds range     [1e+00, 1e+00]
  RHS range        [1e+00, 3e+03]
Presolve removed 17 rows and 17 columns
Presolve time: 0.22s
Presolved: 7423 rows, 7243 columns, 28910 nonzeros
Variable types: 60 continuous, 7183 integer (7183 binary)

Root relaxation: objective 2.991000e+03, 2476 iterations, 0.18 seconds

    Nodes    |    Current Node    |     Objective Bounds      |     Work
 Expl Unexpl |  Obj  Depth IntInf | Incumbent    BestBd   Gap | It/Node Time

     0     0 2991.00000    0  102          - 2991.00000      -     -    1s
     0     0 2991.00000    0   93          - 2991.00000      -     -    2s
     0     0 2991.00000    0  104          - 2991.00000      -     -    9s
H    0     0                    8092.0000000 2991.00000  63.0%     -    9s
H    0     0                    6653.0000000 2991.00000  55.0%     -   10s
     0     0 2991.00000    0  134 6653.00000 2991.00000  55.0%     -   10s
     0     0 2991.00000    0  113 6653.00000 2991.00000  55.0%     -   10s
     0     0 2991.00000    0  130 6653.00000 2991.00000  55.0%     -   11s
     0     0 2991.00000    0  140 6653.00000 2991.00000  55.0%     -   11s
     0     0 2991.00000    0  117 6653.00000 2991.00000  55.0%     -   11s
H    0     0                    6084.0000000 2991.00000  50.8%     -   11s
     0     0 2991.00000    0  119 6084.00000 2991.00000  50.8%     -   11s
     0     0 2991.00000    0   83 6084.00000 2991.00000  50.8%     -   11s
     0     0 2991.00000    0  118 6084.00000 2991.00000  50.8%     -   11s
     0     0 2991.00000    0   93 6084.00000 2991.00000  50.8%     -   12s
     0     0 2991.00000    0  108 6084.00000 2991.00000  50.8%     -   12s
     0     0 2991.00000    0   74 6084.00000 2991.00000  50.8%     -   12s
     0     0 2991.00000    0   93 6084.00000 2991.00000  50.8%     -   12s
     0     0 2991.00000    0  114 6084.00000 2991.00000  50.8%     -   12s
     0     0 2991.00000    0   85 6084.00000 2991.00000  50.8%     -   13s
     0     2 2991.00000    0   85 6084.00000 2991.00000  50.8%     -   13s
    11    13 2991.00000    7  194 6084.00000 2991.00000  50.8%   630   15s
H   27    23                    5326.0000000 2991.00000  43.8%   405   16s
H   83    69                    4980.0000000 2991.00000  39.9%   284   20s
   300   276 3477.35758  255  128 4980.00000 2991.00000  39.9%   129   25s
   511   438 3442.98919   61   93 4980.00000 2991.00000  39.9%   110   40s
   529   450 3463.53875  250  101 4980.00000 2991.00000  39.9%   106   45s
   547   463 2991.00000   20   99 4980.00000 2991.00000  39.9%   142   50s
   684   527 4913.69185   88   36 4980.00000 2991.00000  39.9%   129   55s
H  693   499                    4749.0000000 2991.00000  37.0%   128   55s
H  803   500                    4682.0000000 2991.00000  36.1%   120   57s
H  911   524                    4658.0000000 2991.00000  35.8%   107   58s
H  938   518                    4613.0000000 2991.00000  35.2%   105   58s
H  965   510                    4611.0000000 2991.00000  35.1%   102   58s
H 1019   476                    4585.0000000 2991.00000  34.8%  97.5   59s
H 1046   463                    4566.0000000 2991.00000  34.5%  96.8   59s
  1060   474 2991.00000   45   86 4566.00000 2991.00000  34.5%  96.1   60s
H 1127   495                    4555.0000000 2991.00000  34.3%  94.2   61s
  1449   655 4485.28957  249   53 4555.00000 2991.00000  34.3%  81.3   65s
H 2400  1420                    4501.0000000 2991.00000  33.5%  59.3   69s
H 2501  1440                    4455.0000000 2991.00000  32.9%  57.2   69s
  2528  1453 2991.00000   39  109 4455.00000 2991.00000  32.9%  57.8   70s
  3703  2455 3682.27715  130   89 4455.00000 2991.00000  32.9%  46.7   75s
H 3941  2556                    4383.0000000 2991.00000  31.8%  45.0   77s
H 4527  2980                    4373.0000000 2991.00000  31.6%  40.9   80s
H 4968  3290                    4359.0000000 2991.00000  31.4%  39.1   81s
  5102  3407 4134.94785  173   93 4359.00000 2991.00000  31.4%  38.9   89s
  5104  3408 3981.87269  155   92 4359.00000 2991.00000  31.4%  38.9   90s
  5123  3421 2991.00000   63  114 4359.00000 2991.00000  31.4%  38.7   99s
  5125  3424 3501.44320   21  120 4359.00000 2991.00000  31.4%  42.2  100s
  5149  3439 3490.09280   33   98 4359.00000 2991.00000  31.4%  43.0  105s
  5205  3473 3755.53092   61   82 4359.00000 2991.00000  31.4%  43.3  110s
H 5343  3334                    4353.0000000 2991.00000  31.3%  42.9  112s
H 5424  3203                    4346.0000000 2991.00000  31.2%  42.8  114s
  5503  3244 3645.19078  106   73 4346.00000 2991.00000  31.2%  42.6  115s
H 5615  3098                    4338.0000000 2991.00000  31.1%  42.0  116s
  5930  3258 3342.12544  124  118 4338.00000 2991.00000  31.1%  41.2  120s
H 6107  3198                    4320.0000000 2991.00000  30.8%  40.5  122s
  6200  3246 2991.00000  100  101 4320.00000 2991.00000  30.8%  40.3  125s
  7235  3742 3546.43229   82   90 4320.00000 2991.00000  30.8%  37.5  130s
  7927  4098 3494.99274  134   80 4320.00000 2991.00000  30.8%  36.9  135s
  8935  4531     cutoff  210      4320.00000 2991.00000  30.8%  34.6  140s
  9997  4985     cutoff   47      4320.00000 2991.00000  30.8%  33.5  145s
 10202  5055 3589.26312   71  115 4320.00000 2991.00000  30.8%  33.3  151s
 10843  5272 3089.69522  111  102 4320.00000 2991.00000  30.8%  32.7  155s
 12689  6224 3587.51697   99  112 4320.00000 2991.00000  30.8%  29.8  160s
 13891  6872 2991.00000   87  105 4320.00000 2991.00000  30.8%  28.8  165s
 15288  7910 3646.06697   76   80 4320.00000 2991.00000  30.8%  27.9  170s
 15303  7923 4006.17825   83   72 4320.00000 2991.00000  30.8%  27.9  192s
 16099  8549 3299.21195   41   91 4320.00000 2991.00000  30.8%  27.2  195s
 17611  9676 2997.99288   57  126 4320.00000 2991.00000  30.8%  26.2  200s
 18478 10358 2991.00000   34   99 4320.00000 2991.00000  30.8%  25.9  205s
 19288 10821 3018.38017   91  104 4320.00000 2991.00000  30.8%  25.9  210s
 20404 11741 3897.46110  156   76 4320.00000 2991.00000  30.8%  25.2  217s
 20875 12085 2991.00000   47  147 4320.00000 2991.00000  30.8%  25.0  220s
 22409 13236 3301.34675   90  111 4320.00000 2991.00000  30.8%  24.6  225s
 23347 13955     cutoff  328      4320.00000 2991.00000  30.8%  24.4  230s
 23905 14385 3616.92015  137  110 4320.00000 2991.00000  30.8%  24.4  235s
 25233 15322 3840.24848   92   78 4320.00000 2991.00000  30.8%  24.0  240s
 25505 15529 3485.80988  115  116 4320.00000 2991.00000  30.8%  24.0  246s
 26185 15864 3794.20270   90   95 4320.00000 2991.00000  30.8%  24.1  250s
 26909 16337 2991.00000   56  120 4320.00000 2991.00000  30.8%  24.1  255s
 28141 17289 3857.19576   72   97 4320.00000 2991.00000  30.8%  23.8  260s
 29108 17842 3751.26151   82   66 4320.00000 2991.00000  30.8%  23.8  265s
 29537 18133 3244.74762   40  100 4320.00000 2991.00000  30.8%  23.8  270s
 30492 18788 3514.58355   53   95 4320.00000 2991.00000  30.8%  23.7  275s
 30630 18862 3397.04606  103  109 4320.00000 2991.00000  30.8%  23.7  280s
 31708 19573 3853.91871   98   69 4320.00000 2991.00000  30.8%  23.7  285s
 32893 20305 2991.00000   72  106 4320.00000 2991.00000  30.8%  23.6  290s
 33750 20833 2991.00000   89  108 4320.00000 2991.00000  30.8%  23.7  295s

Cutting planes:
  Gomory: 7
  Projected implied bound: 21
  MIR: 12
  Flow cover: 68
  GUB cover: 3
  Relax-and-lift: 25

Explored 34472 nodes (855393 simplex iterations) in 300.01 seconds
Thread count was 1 (of 4 available processors)

Solution count 10: 4320 4338 4346 ... 4555

Time limit reached
Best objective 4.320000000000e+03, best bound 2.991000000000e+03, gap 30.7639%
