Using license file /home/benedond/gurobi.lic
Using gurobi.env file
Set parameter Threads to value 1
Academic license - for non-commercial use only
Changed value of parameter TimeLimit to 300.0
   Prev: inf  Min: 0.0  Max: inf  Default: inf
Gurobi Optimizer version 9.0.1 build v9.0.1rc0 (linux64)
Optimize a model with 7440 rows, 7260 columns and 28978 nonzeros
Model fingerprint: 0xc95572d2
Variable types: 60 continuous, 7200 integer (7200 binary)
Coefficient statistics:
  Matrix range     [1e+00, 5e+02]
  Objective range  [3e+01, 5e+02]
  Bounds range     [1e+00, 1e+00]
  RHS range        [1e+00, 2e+03]
Presolve removed 16 rows and 16 columns
Presolve time: 0.22s
Presolved: 7424 rows, 7244 columns, 28914 nonzeros
Variable types: 60 continuous, 7184 integer (7184 binary)

Root relaxation: objective 2.962000e+03, 2667 iterations, 0.18 seconds

    Nodes    |    Current Node    |     Objective Bounds      |     Work
 Expl Unexpl |  Obj  Depth IntInf | Incumbent    BestBd   Gap | It/Node Time

     0     0 2962.00000    0  117          - 2962.00000      -     -    1s
     0     0 2962.00000    0  147          - 2962.00000      -     -    2s
     0     0 2962.00000    0  115          - 2962.00000      -     -   11s
H    0     0                    6181.0000000 2962.00000  52.1%     -   11s
H    0     0                    5934.0000000 2962.00000  50.1%     -   11s
H    0     0                    4919.0000000 2962.00000  39.8%     -   12s
     0     0 2962.00000    0  120 4919.00000 2962.00000  39.8%     -   12s
H    0     0                    4783.0000000 2962.00000  38.1%     -   12s
     0     0 2962.00000    0  117 4783.00000 2962.00000  38.1%     -   12s
     0     0 2962.00000    0  118 4783.00000 2962.00000  38.1%     -   12s
     0     0 2962.00000    0  114 4783.00000 2962.00000  38.1%     -   12s
     0     0 2962.00000    0   97 4783.00000 2962.00000  38.1%     -   13s
     0     0 2962.00000    0  119 4783.00000 2962.00000  38.1%     -   13s
     0     0 2962.00000    0  157 4783.00000 2962.00000  38.1%     -   13s
     0     0 2962.00000    0  147 4783.00000 2962.00000  38.1%     -   13s
     0     0 2962.00000    0  111 4783.00000 2962.00000  38.1%     -   13s
     0     0 2962.00000    0  128 4783.00000 2962.00000  38.1%     -   14s
     0     0 2962.00000    0   80 4783.00000 2962.00000  38.1%     -   14s
     0     0 2962.00000    0  115 4783.00000 2962.00000  38.1%     -   14s
     0     0 2962.00000    0   95 4783.00000 2962.00000  38.1%     -   14s
     0     0 2962.00000    0   75 4783.00000 2962.00000  38.1%     -   15s
     0     2 2962.00000    0   75 4783.00000 2962.00000  38.1%     -   16s
H   27    25                    4582.0000000 2962.00000  35.4%   329   21s
H   54    51                    4453.0000000 2962.00000  33.5%   275   23s
    81    80 2962.00000   66  103 4453.00000 2962.00000  33.5%   209   25s
H  204   194                    4416.0000000 2962.00000  32.9%   145   29s
   225   216 2997.08330  195  314 4416.00000 2962.00000  32.9%   133   30s
H  350   333                    4386.0000000 2962.00000  32.5%  91.0   31s
H  385   362                    4238.0000000 2962.00000  30.1%  83.9   33s
H  469   442                    4231.0000000 2962.00000  30.0%  70.3   34s
   539   513 3169.27162  506  148 4231.00000 2962.00000  30.0%  61.8   35s
H  640   605                    4206.0000000 2962.00000  29.6%  53.5   36s
H  667   629                    4187.0000000 2962.00000  29.3%  52.4   38s
   747   682 3341.41768  405  147 4187.00000 2962.00000  29.3%  48.9   48s
   752   685 2962.00000   24  121 4187.00000 2962.00000  29.3%  48.6   50s
   766   695 3427.65240  480  108 4187.00000 2962.00000  29.3%  47.7   55s
   821   710 3534.65217   38   95 4187.00000 2962.00000  29.3%  80.0   60s
H  902   682                    4137.0000000 2962.00000  28.4%  79.3   62s
H  956   665                    4043.0000000 2962.00000  26.7%  80.9   64s
H  979   646                    3994.0000000 2962.00000  25.8%  80.8   65s
H  993   615                    3983.0000000 2962.00000  25.6%  81.6   65s
H 1119   640                    3978.0000000 2962.00000  25.5%  82.3   68s
  1210   656 2962.00000   14  108 3978.00000 2962.00000  25.5%  79.6   70s
  1400   738 2974.02571   37  249 3978.00000 2962.00000  25.5%  82.4   75s
  1883  1017 3685.26459  252   99 3978.00000 2962.00000  25.5%  70.7   80s
H 1975   990                    3882.0000000 2962.00000  23.7%  68.9   81s
  2353  1201 2962.00000   18  266 3882.00000 2962.00000  23.7%  62.0   85s
  2951  1717 3184.22130  129  151 3882.00000 2962.00000  23.7%  58.4   90s
* 3339  1981             148    3869.0000000 2962.00000  23.4%  56.4   93s
  3439  2063 2978.92318   96  268 3869.00000 2962.00000  23.4%  56.6   95s
H 3941  2434                    3854.0000000 2962.00000  23.1%  55.1  101s
  4265  2731 3339.88889  181  140 3854.00000 2962.00000  23.1%  53.0  105s
  4768  3100 2963.55611   29  206 3854.00000 2962.00000  23.1%  52.8  110s
  5102  3380 3052.00000   24  147 3854.00000 2962.00000  23.1%  52.4  120s
  5119  3391 2962.00000   61  129 3854.00000 2962.00000  23.1%  52.2  125s
  5127  3396 2962.00000   25  103 3854.00000 2962.00000  23.1%  56.7  130s
  5154  3407 2962.00000   39  127 3854.00000 2962.00000  23.1%  58.5  135s
  5207  3438 3078.84526   65  117 3854.00000 2962.00000  23.1%  61.3  140s
  5441  3508 2962.00000   35  112 3854.00000 2962.00000  23.1%  61.6  145s
H 5451  3343                    3837.0000000 2962.00000  22.8%  61.8  145s
  5775  3505 3703.58727  202   65 3837.00000 2962.00000  22.8%  60.9  150s
  6126  3658 3755.11328  165   65 3837.00000 2962.00000  22.8%  58.2  155s
  6664  3905 3289.63622   60  127 3837.00000 2962.00000  22.8%  56.1  160s
H 6890  3803                    3828.0000000 2962.00000  22.6%  56.0  164s
  6894  3808 2962.00000  106  109 3828.00000 2962.00000  22.6%  56.0  165s
  7606  4176 3054.12069   89  100 3828.00000 2962.00000  22.6%  54.1  170s
  9696  4989 3162.00000   83  102 3828.00000 2962.00000  22.6%  46.8  175s
H 9839  4886                    3819.0000000 2962.00000  22.4%  46.8  178s
  9951  4928     cutoff  151      3819.00000 2962.00000  22.4%  46.4  180s
 10510  5117 3112.24272   61   90 3819.00000 2962.00000  22.4%  45.6  185s
 11998  5526 3480.82759   47   71 3819.00000 2962.00000  22.4%  42.8  190s
 13253  6047 2962.00000   97  104 3819.00000 2962.00000  22.4%  41.4  196s
 14200  6713 3678.37703  149  101 3819.00000 2962.00000  22.4%  39.9  200s
 15119  7362 3315.54417   72   84 3819.00000 2962.00000  22.4%  39.3  205s
 15303  7491 3334.00000   77   91 3819.00000 2962.00000  22.4%  39.1  220s
 16880  8659 3440.00000   69   90 3819.00000 2962.00000  22.4%  37.2  225s
 18216  9564 2962.00000   57  122 3819.00000 2962.00000  22.4%  36.9  230s
 18906 10166 2962.00000  112  141 3819.00000 2962.00000  22.4%  36.6  235s
 19669 10763 3742.38543  110   91 3819.00000 2962.00000  22.4%  36.4  241s
 20020 11028 3740.32279   83   57 3819.00000 2962.00000  22.4%  36.4  245s
 20596 11372 2962.00000   41  123 3819.00000 2962.00000  22.4%  36.1  250s
 21572 12200 2962.00000   51  118 3819.00000 2962.00000  22.4%  35.6  255s
 22273 12779 3279.74611  114  117 3819.00000 2962.00000  22.4%  35.4  260s
 23089 13323     cutoff  198      3819.00000 2962.00000  22.4%  35.8  265s
 23897 13910     cutoff   66      3819.00000 2962.00000  22.4%  35.5  270s
 24759 14432 2962.00000   55  151 3819.00000 2962.00000  22.4%  35.3  275s
 25230 14843 2992.87031   54  168 3819.00000 2962.00000  22.4%  35.5  280s
 25762 15263 3229.09481   36  159 3819.00000 2962.00000  22.4%  35.5  286s
 26678 15914 3557.51845   44   97 3819.00000 2962.00000  22.4%  35.4  290s
 27980 16889 3236.63541   44  104 3819.00000 2962.00000  22.4%  35.0  295s

Cutting planes:
  Gomory: 4
  Implied bound: 1
  Projected implied bound: 23
  MIR: 19
  Flow cover: 64
  GUB cover: 6
  RLT: 1
  Relax-and-lift: 25

Explored 29055 nodes (1049989 simplex iterations) in 300.00 seconds
Thread count was 1 (of 4 available processors)

Solution count 10: 3819 3828 3837 ... 4043

Time limit reached
Best objective 3.819000000000e+03, best bound 2.962000000000e+03, gap 22.4404%
