Using license file /home/benedond/gurobi.lic
Using gurobi.env file
Set parameter Threads to value 1
Academic license - for non-commercial use only
Changed value of parameter TimeLimit to 300.0
   Prev: inf  Min: 0.0  Max: inf  Default: inf
Gurobi Optimizer version 9.0.1 build v9.0.1rc0 (linux64)
Optimize a model with 14700 rows, 7320 columns and 57838 nonzeros
Model fingerprint: 0x57bba9b3
Variable types: 60 continuous, 7260 integer (7200 binary)
Coefficient statistics:
  Matrix range     [2e-01, 9e+03]
  Objective range  [4e-04, 2e-01]
  Bounds range     [1e+00, 1e+00]
  RHS range        [1e+00, 9e+03]

---------------------------------------------------------------------------
Multi-objectives: starting optimization with 1 objectives ... 
---------------------------------------------------------------------------
---------------------------------------------------------------------------

Multi-objectives: optimize objective 1 (min avg power cons) ...
---------------------------------------------------------------------------

Optimize a model with 14700 rows, 7320 columns and 57838 nonzeros
Variable types: 60 continuous, 7260 integer (7200 binary)
Coefficient statistics:
  Matrix range     [2e-01, 9e+03]
  Objective range  [4e-04, 2e-01]
  Bounds range     [1e+00, 1e+00]
  RHS range        [1e+00, 9e+03]
Presolve removed 2668 rows and 1334 columns
Presolve time: 0.81s
Presolved: 12032 rows, 5986 columns, 47166 nonzeros
Variable types: 60 continuous, 5926 integer (5866 binary)

Root relaxation: objective 1.464249e+00, 1249 iterations, 0.10 seconds

    Nodes    |    Current Node    |     Objective Bounds      |     Work
 Expl Unexpl |  Obj  Depth IntInf | Incumbent    BestBd   Gap | It/Node Time

     0     0    1.46425    0  140          -    1.46425      -     -    6s
H    0     0                       4.0123673    1.46425  63.5%     -    7s
H    0     0                       3.6815184    1.46425  60.2%     -   12s
     0     0    1.46425    0  157    3.68152    1.46425  60.2%     -   13s
     0     0    1.46425    0  141    3.68152    1.46425  60.2%     -   16s
     0     0    1.46425    0  157    3.68152    1.46425  60.2%     -   17s
     0     0    1.46425    0  154    3.68152    1.46425  60.2%     -   17s
     0     0    1.52858    0  144    3.68152    1.52858  58.5%     -   17s
     0     0    1.52858    0  154    3.68152    1.52858  58.5%     -   18s
     0     0    1.55452    0  182    3.68152    1.55452  57.8%     -   18s
     0     0    1.55452    0  173    3.68152    1.55452  57.8%     -   18s
     0     0    1.63233    0  256    3.68152    1.63233  55.7%     -   18s
     0     0    1.63233    0  261    3.68152    1.63233  55.7%     -   18s
     0     0    1.70079    0  196    3.68152    1.70079  53.8%     -   19s
     0     0    1.70544    0  182    3.68152    1.70544  53.7%     -   19s
     0     0    1.70669    0  236    3.68152    1.70669  53.6%     -   19s
     0     0    1.71088    0  250    3.68152    1.71088  53.5%     -   20s
     0     0    1.71494    0  211    3.68152    1.71494  53.4%     -   20s
     0     0    1.71494    0  214    3.68152    1.71494  53.4%     -   20s
     0     0    1.72858    0  219    3.68152    1.72858  53.0%     -   21s
     0     0    1.72933    0  200    3.68152    1.72933  53.0%     -   21s
     0     0    1.74535    0  190    3.68152    1.74535  52.6%     -   21s
     0     0    1.75266    0  197    3.68152    1.75266  52.4%     -   21s
     0     0    1.76203    0  225    3.68152    1.76203  52.1%     -   22s
H    0     0                       3.4562531    1.76203  49.0%     -   22s
     0     0    1.76352    0  243    3.45625    1.76352  49.0%     -   22s
     0     0    1.77194    0  277    3.45625    1.77194  48.7%     -   22s
     0     0    1.77348    0  318    3.45625    1.77348  48.7%     -   22s
     0     0    1.77675    0  351    3.45625    1.77675  48.6%     -   22s
     0     0    1.77737    0  353    3.45625    1.77737  48.6%     -   22s
     0     0    1.78232    0  353    3.45625    1.78232  48.4%     -   23s
     0     0    1.78321    0  376    3.45625    1.78321  48.4%     -   23s
     0     0    1.78570    0  378    3.45625    1.78570  48.3%     -   23s
     0     0    1.78657    0  406    3.45625    1.78657  48.3%     -   24s
     0     0    1.78676    0  417    3.45625    1.78676  48.3%     -   24s
     0     0    1.78691    0  419    3.45625    1.78691  48.3%     -   24s
     0     0    1.78692    0  398    3.45625    1.78692  48.3%     -   24s
     0     0    1.79095    0  338    3.45625    1.79095  48.2%     -   24s
     0     0    1.79132    0  325    3.45625    1.79132  48.2%     -   24s
     0     0    1.79146    0  362    3.45625    1.79146  48.2%     -   24s
     0     0    1.79147    0  356    3.45625    1.79147  48.2%     -   24s
     0     0    1.79559    0  399    3.45625    1.79559  48.0%     -   25s
H    0     0                       3.3410898    1.79559  46.3%     -   27s
     0     0    1.79619    0  376    3.34109    1.79619  46.2%     -   27s
     0     0    1.79629    0  383    3.34109    1.79629  46.2%     -   27s
     0     0    1.80092    0  379    3.34109    1.80092  46.1%     -   28s
     0     0    1.80154    0  395    3.34109    1.80154  46.1%     -   28s
     0     0    1.80165    0  429    3.34109    1.80165  46.1%     -   28s
     0     0    1.80413    0  336    3.34109    1.80413  46.0%     -   28s
     0     0    1.80446    0  390    3.34109    1.80446  46.0%     -   28s
     0     0    1.80456    0  376    3.34109    1.80456  46.0%     -   29s
     0     0    1.80668    0  402    3.34109    1.80668  45.9%     -   29s
     0     0    1.80721    0  391    3.34109    1.80721  45.9%     -   29s
     0     0    1.80735    0  425    3.34109    1.80735  45.9%     -   29s
     0     0    1.80742    0  430    3.34109    1.80742  45.9%     -   29s
     0     0    1.80862    0  360    3.34109    1.80862  45.9%     -   29s
     0     0    1.80884    0  406    3.34109    1.80884  45.9%     -   29s
     0     0    1.80900    0  357    3.34109    1.80900  45.9%     -   30s
     0     0    1.80905    0  335    3.34109    1.80905  45.9%     -   30s
     0     0    1.81103    0  413    3.34109    1.81103  45.8%     -   30s
     0     0    1.81166    0  434    3.34109    1.81166  45.8%     -   30s
     0     0    1.81179    0  424    3.34109    1.81179  45.8%     -   30s
     0     0    1.81318    0  434    3.34109    1.81318  45.7%     -   30s
     0     0    1.81345    0  440    3.34109    1.81345  45.7%     -   31s
     0     0    1.81360    0  426    3.34109    1.81360  45.7%     -   31s
     0     0    1.81370    0  463    3.34109    1.81370  45.7%     -   31s
     0     0    1.81426    0  455    3.34109    1.81426  45.7%     -   31s
     0     0    1.81426    0  448    3.34109    1.81426  45.7%     -   31s
     0     2    1.81433    0  430    3.34109    1.81433  45.7%     -   32s
    12    14    1.91221    6  309    3.34109    1.83677  45.0%  1071   35s
H   87    83                       3.3039184    1.83677  44.4%   395   43s
   131   125    2.49670  107  209    3.30392    1.83677  44.4%   322   45s
   331   297    2.02351   48  388    3.30392    1.84011  44.3%   195   50s
H  510   459                       3.1368857    1.84011  41.3%   174   58s
   511   460    2.57100  163  157    3.13689    1.84011  41.3%   174   62s
   515   463    2.22402   84  220    3.13689    1.84011  41.3%   172   65s
   526   470    2.57049  143  411    3.13689    1.84011  41.3%   169   70s
   530   475    1.84011   13  432    3.13689    1.84011  41.3%   201   76s
   532   476    1.84011   14  428    3.13689    1.84011  41.3%   206   80s
   535   478    1.93624   15  313    3.13689    1.84011  41.3%   218   85s
   542   483    1.84011   19  288    3.13689    1.84011  41.3%   233   90s
   549   487    1.95187   22  325    3.13689    1.84011  41.3%   245   98s
   552   489    1.84419   24  352    3.13689    1.84297  41.2%   251  100s
   560   495    1.85088   28  354    3.13689    1.84414  41.2%   265  105s
   570   501    1.85741   33  319    3.13689    1.84414  41.2%   276  110s
H  583   484                       3.1212694    1.84414  40.9%   290  114s
   585   487    2.08121   40  290    3.12127    1.84414  40.9%   296  115s
H  591   466                       3.0492245    1.84414  39.5%   296  120s
   607   479    1.99669   51  352    3.04922    1.84414  39.5%   310  125s
H  610   457                       3.0249347    1.84414  39.0%   313  128s
   613   461    2.01364   54  245    3.02493    1.84414  39.0%   318  130s
H  637   453                       2.9364123    1.84414  37.2%   334  136s
   659   470    2.02590   77  304    2.93641    1.84414  37.2%   337  140s
H  664   451                       2.9127918    1.84414  36.7%   336  145s
   691   469    2.19909   93  306    2.91279    1.84414  36.7%   345  150s
H  702   456                       2.8946123    1.84414  36.3%   344  156s
   723   472    2.21806  109  258    2.89461    1.84414  36.3%   344  160s
   785   509    2.63513  140  129    2.89461    1.84414  36.3%   338  166s
   841   541    2.55436  168  183    2.89461    1.84414  36.3%   330  170s
  1218   558    2.82698  363  104    2.89461    1.84414  36.3%   247  175s
  1317   556    1.89263   29  306    2.89461    1.85206  36.0%   242  180s
  1333   567    2.00156   37  310    2.89461    1.85206  36.0%   248  185s
  1517   677    2.29517  129  167    2.89461    1.85206  36.0%   242  190s
  1841   834    1.88451   24  339    2.89461    1.85640  35.9%   213  195s
  1860   853    2.12739   33  231    2.89461    1.85640  35.9%   221  200s
  1938   923    2.27025   72  140    2.89461    1.85640  35.9%   221  205s
H 1975   933                       2.8684572    1.85640  35.3%   219  210s
  2198  1135    2.74353  198   92    2.86846    1.85640  35.3%   203  215s
  2360  1275    2.51400  140  136    2.86846    1.85897  35.2%   197  220s
  2461  1336    2.11050   19  188    2.86846    1.86023  35.1%   194  225s
  2897  1737     cutoff  390         2.86846    1.86023  35.1%   171  230s
  2922  1755    2.30165   26  324    2.86846    1.86043  35.1%   175  235s
  2979  1812    2.34489   80  276    2.86846    1.86043  35.1%   175  246s
  3070  1903    2.39132  164  231    2.86846    1.86043  35.1%   172  250s
  3426  2177    1.88044   33  371    2.86846    1.86043  35.1%   161  255s
  3436  2187    2.03812   43  315    2.86846    1.86043  35.1%   164  260s
  3581  2305    1.95166   33  334    2.86846    1.87305  34.7%   161  266s
  3743  2379    1.89086   40  364    2.86846    1.87485  34.6%   159  270s
  3904  2524    2.11978   16  359    2.86846    1.87733  34.6%   156  275s
  4028  2648    2.47515  111  166    2.86846    1.87733  34.6%   157  280s
  4319  2909    2.24279   88  248    2.86846    1.87976  34.5%   152  285s
  4568  3143    2.11466   40  402    2.86846    1.87976  34.5%   147  290s
  4592  3161    2.69510   51  166    2.86846    1.87976  34.5%   150  295s

Cutting planes:
  Gomory: 2
  Cover: 4
  Implied bound: 187
  Projected implied bound: 73
  MIR: 126
  Flow cover: 200
  GUB cover: 12
  Mod-K: 2
  Relax-and-lift: 532

Explored 4651 nodes (765753 simplex iterations) in 300.00 seconds
Thread count was 1 (of 4 available processors)

Solution count 10: 2.86846 2.89461 2.91279 ... 3.34109

Time limit reached
Best objective 2.868457155647e+00, best bound 1.881241524518e+00, gap 34.4163%

---------------------------------------------------------------------------
Multi-objectives: stopped in 300.01 seconds, solution count 10
Time Limit reached

