Using license file /home/benedond/gurobi.lic
Using gurobi.env file
Set parameter Threads to value 1
Academic license - for non-commercial use only
Changed value of parameter TimeLimit to 300.0
   Prev: inf  Min: 0.0  Max: inf  Default: inf
Gurobi Optimizer version 9.0.1 build v9.0.1rc0 (linux64)
Optimize a model with 7440 rows, 7260 columns and 28978 nonzeros
Model fingerprint: 0xf09868c5
Variable types: 60 continuous, 7200 integer (7200 binary)
Coefficient statistics:
  Matrix range     [1e+00, 5e+02]
  Objective range  [4e+01, 5e+02]
  Bounds range     [1e+00, 1e+00]
  RHS range        [1e+00, 3e+03]
Presolve removed 1 rows and 1 columns
Presolve time: 0.10s
Presolved: 7439 rows, 7259 columns, 28974 nonzeros
Variable types: 60 continuous, 7199 integer (7199 binary)

Root relaxation: objective 3.355000e+03, 2084 iterations, 0.14 seconds

    Nodes    |    Current Node    |     Objective Bounds      |     Work
 Expl Unexpl |  Obj  Depth IntInf | Incumbent    BestBd   Gap | It/Node Time

     0     0 3355.00000    0   84          - 3355.00000      -     -    1s
H    0     0                    7512.0000000 3355.00000  55.3%     -    1s
H    0     0                    5767.0000000 3355.00000  41.8%     -    2s
     0     0 3355.00000    0  191 5767.00000 3355.00000  41.8%     -    3s
     0     0 3355.00000    0   99 5767.00000 3355.00000  41.8%     -    5s
H    0     0                    5000.0000000 3355.00000  32.9%     -    6s
     0     0 3355.00000    0  117 5000.00000 3355.00000  32.9%     -    6s
     0     0 3355.00000    0   90 5000.00000 3355.00000  32.9%     -    6s
     0     0 3355.00000    0  120 5000.00000 3355.00000  32.9%     -    7s
     0     0 3355.00000    0  123 5000.00000 3355.00000  32.9%     -    7s
     0     0 3355.00000    0  114 5000.00000 3355.00000  32.9%     -    7s
     0     0 3355.00000    0  166 5000.00000 3355.00000  32.9%     -    8s
     0     0 3355.00000    0  116 5000.00000 3355.00000  32.9%     -    8s
     0     0 3355.00000    0  116 5000.00000 3355.00000  32.9%     -    9s
     0     0 3355.00000    0   73 5000.00000 3355.00000  32.9%     -   10s
     0     0 3355.00000    0   91 5000.00000 3355.00000  32.9%     -   11s
     0     0 3355.00000    0   94 5000.00000 3355.00000  32.9%     -   11s
     0     0 3355.00000    0  102 5000.00000 3355.00000  32.9%     -   11s
     0     0 3355.00000    0   88 5000.00000 3355.00000  32.9%     -   11s
     0     0 3355.00000    0   57 5000.00000 3355.00000  32.9%     -   12s
     0     0 3355.00000    0   98 5000.00000 3355.00000  32.9%     -   12s
     0     0 3355.00000    0   97 5000.00000 3355.00000  32.9%     -   12s
     0     0 3355.00000    0   76 5000.00000 3355.00000  32.9%     -   12s
     0     0 3355.00000    0   51 5000.00000 3355.00000  32.9%     -   12s
     0     0 3355.00000    0   93 5000.00000 3355.00000  32.9%     -   12s
     0     0 3355.00000    0   63 5000.00000 3355.00000  32.9%     -   12s
     0     0 3355.00000    0  114 5000.00000 3355.00000  32.9%     -   12s
     0     0 3355.00000    0   57 5000.00000 3355.00000  32.9%     -   13s
     0     0 3355.00000    0   57 5000.00000 3355.00000  32.9%     -   13s
     0     2 3355.00000    0   57 5000.00000 3355.00000  32.9%     -   13s
     9    10 3355.00000    7   78 5000.00000 3355.00000  32.9%   378   15s
H  140   125                    4811.0000000 3355.00000  30.3%  52.2   18s
   511   448 3873.00000  237  191 4811.00000 3355.00000  30.3%  25.6   34s
   517   452 3355.00000   42   67 4811.00000 3355.00000  30.3%  25.3   35s
H  519   430                    4546.0000000 3355.00000  26.2%  25.2   36s
   545   447 3355.00000   17   74 4546.00000 3355.00000  26.2%  56.6   40s
H  559   431                    4437.0000000 3355.00000  24.4%  59.3   40s
H  586   418                    4423.0000000 3355.00000  24.1%  60.1   41s
H  721   462                    4390.0000000 3355.00000  23.6%  57.5   44s
   727   463 4246.03046  108   91 4390.00000 3355.00000  23.6%  57.5   45s
H  775   459                    4385.0000000 3355.00000  23.5%  55.6   45s
H  912   461                    4297.0000000 3355.00000  21.9%  55.6   49s
   960   485 3398.49751   74   88 4297.00000 3355.00000  21.9%  54.8   50s
H  979   428                    4048.0000000 3355.00000  17.1%  54.6   50s
  1227   529 3888.88658  104   57 4048.00000 3355.00000  17.1%  58.9   55s
H 1590   694                    4035.0000000 3355.00000  16.9%  51.3   57s
  2032  1053 3355.00000   28   60 4035.00000 3355.00000  16.9%  44.3   60s
H 3350  2068                    4010.0000000 3355.00000  16.3%  34.0   64s
  3385  2073 3781.25823   50   51 4010.00000 3355.00000  16.3%  34.2   65s
H 3941  2491                    3982.0000000 3355.00000  15.7%  32.6   69s
  4259  2747 3372.64853   45   94 3982.00000 3355.00000  15.7%  31.3   70s
H 4868  3143                    3969.0000000 3355.00000  15.5%  30.8   73s
  5102  3328 3696.85386   78  191 3969.00000 3355.00000  15.5%  30.2   80s
  5124  3343 3355.00000   23   93 3969.00000 3355.00000  15.5%  33.3   85s
  5163  3363 3355.00000   42   86 3969.00000 3355.00000  15.5%  34.2   90s
  5390  3362 3355.00000   45   75 3969.00000 3355.00000  15.5%  34.6   95s
  5873  3479 3650.00561   49   85 3969.00000 3355.00000  15.5%  33.8  100s
H 5912  3303                    3964.0000000 3355.00000  15.4%  33.8  101s
  6546  3487 3793.25395   53   87 3964.00000 3355.00000  15.4%  32.1  105s
  7052  3651     cutoff   48      3964.00000 3355.00000  15.4%  31.1  110s
  8090  3916 3749.00000   57   72 3964.00000 3355.00000  15.4%  29.1  115s
  9383  4418 3796.48866  121   50 3964.00000 3355.00000  15.4%  27.0  120s
 10202  4712 3907.39917  161   57 3964.00000 3355.00000  15.4%  26.1  128s
 10276  4722     cutoff   53      3964.00000 3355.00000  15.4%  26.1  130s
 11532  5156 3355.00000   38   75 3964.00000 3355.00000  15.4%  25.0  135s
 11972  5233 3635.00000   75   68 3964.00000 3355.00000  15.4%  24.9  140s
 13274  5593 3765.42876  140   71 3964.00000 3355.00000  15.4%  24.0  145s
 14747  6035 3355.00000   96   74 3964.00000 3355.00000  15.4%  23.2  150s
 15303  6448 3707.86408   78   89 3964.00000 3355.00000  15.4%  23.1  170s
 16184  6989     cutoff   56      3964.00000 3355.00000  15.4%  22.9  175s
 16726  7252 3397.35609   77  109 3964.00000 3355.00000  15.4%  22.8  180s
 17659  7901 3563.45018   45  104 3964.00000 3355.00000  15.4%  22.6  185s
 18537  8525 3407.70034  107  104 3964.00000 3355.00000  15.4%  22.3  190s
 19809  9256     cutoff   54      3964.00000 3355.00000  15.4%  22.1  195s
 20404  9496 3904.48717   63   60 3964.00000 3355.00000  15.4%  22.2  201s
 21463 10232 3928.55409  153   84 3964.00000 3355.00000  15.4%  21.8  205s
 22539 10811 3663.97280   51   90 3964.00000 3355.00000  15.4%  21.8  210s
 22784 10944 3747.25925   60   96 3964.00000 3355.00000  15.4%  21.8  215s
 23619 11414 3761.96281   68   96 3964.00000 3355.00000  15.4%  21.8  220s
 24500 11779 3742.20946  100   86 3964.00000 3355.00000  15.4%  22.2  225s
 25425 12198 3593.56429   99   77 3964.00000 3355.00000  15.4%  22.5  230s
 25590 12300 3355.00000   45   77 3964.00000 3355.00000  15.4%  22.5  235s
 26808 12922     cutoff   93      3964.00000 3355.00000  15.4%  22.7  240s
 27533 13229 3355.00000   99   83 3964.00000 3355.00000  15.4%  22.9  245s
 28455 13678 3648.40833   84   83 3964.00000 3355.00000  15.4%  22.9  250s
 29344 14024     cutoff   74      3964.00000 3355.00000  15.4%  23.2  255s
 30372 14389 3607.74772   54   74 3964.00000 3355.00000  15.4%  23.3  260s
 30653 14510 3799.04749   61   73 3964.00000 3355.00000  15.4%  23.4  265s
 31642 15031 3635.00000   68   73 3964.00000 3355.00000  15.4%  23.5  270s
 32600 15422 3355.00000   51   74 3964.00000 3355.00000  15.4%  23.6  275s
 33431 15836 3675.18487   55   77 3964.00000 3355.00000  15.4%  23.8  281s
 33831 15982 3658.64263   53   81 3964.00000 3355.00000  15.4%  23.9  285s
 35132 16576 3653.00000   93   73 3964.00000 3355.00000  15.4%  23.9  290s
 35707 16743 3700.37964   53   81 3964.00000 3355.00000  15.4%  24.0  297s

Cutting planes:
  Gomory: 6
  Cover: 12
  Projected implied bound: 22
  MIR: 5
  Flow cover: 61
  GUB cover: 9
  RLT: 2
  Relax-and-lift: 27

Explored 36048 nodes (918886 simplex iterations) in 300.01 seconds
Thread count was 1 (of 4 available processors)

Solution count 10: 3964 3969 3982 ... 4423

Time limit reached
Best objective 3.964000000000e+03, best bound 3.355000000002e+03, gap 15.3633%
