Using license file /home/benedond/gurobi.lic
Using gurobi.env file
Set parameter Threads to value 1
Academic license - for non-commercial use only
Changed value of parameter TimeLimit to 299.99992871284485
   Prev: inf  Min: 0.0  Max: inf  Default: inf
Gurobi Optimizer version 9.0.1 build v9.0.1rc0 (linux64)
Optimize a model with 7441 rows, 7260 columns and 29038 nonzeros
Model fingerprint: 0xf72f7386
Variable types: 60 continuous, 7200 integer (7200 binary)
Coefficient statistics:
  Matrix range     [1e+00, 5e+02]
  Objective range  [0e+00, 0e+00]
  Bounds range     [1e+00, 1e+00]
  RHS range        [1e+00, 3e+03]
Presolve removed 154 rows and 153 columns
Presolve time: 0.55s
Presolved: 7287 rows, 7107 columns, 28366 nonzeros
Variable types: 60 continuous, 7047 integer (7047 binary)

Root relaxation: objective 0.000000e+00, 869 iterations, 0.05 seconds

    Nodes    |    Current Node    |     Objective Bounds      |     Work
 Expl Unexpl |  Obj  Depth IntInf | Incumbent    BestBd   Gap | It/Node Time

     0     0    0.00000    0   66          -    0.00000      -     -    0s
H    0     0                       0.0000000    0.00000  0.00%     -    0s
     0     0    0.00000    0   66    0.00000    0.00000  0.00%     -    0s

Explored 1 nodes (3094 simplex iterations) in 0.89 seconds
Thread count was 1 (of 4 available processors)

Solution count 1: 0 

Optimal solution found (tolerance 1.00e-04)
Best objective 0.000000000000e+00, best bound 0.000000000000e+00, gap 0.0000%
Changed value of parameter TimeLimit to 298.74020314216614
   Prev: inf  Min: 0.0  Max: inf  Default: inf
Gurobi Optimizer version 9.0.1 build v9.0.1rc0 (linux64)
Optimize a model with 7442 rows, 7260 columns and 29098 nonzeros
Model fingerprint: 0xdcf29e9d
Variable types: 60 continuous, 7200 integer (7200 binary)
Coefficient statistics:
  Matrix range     [1e+00, 5e+02]
  Objective range  [0e+00, 0e+00]
  Bounds range     [1e+00, 1e+00]
  RHS range        [1e+00, 3e+03]
Presolve removed 279 rows and 277 columns
Presolve time: 0.67s
Presolved: 7163 rows, 6983 columns, 27870 nonzeros
Variable types: 60 continuous, 6923 integer (6923 binary)

Root relaxation: objective 0.000000e+00, 1062 iterations, 0.06 seconds

    Nodes    |    Current Node    |     Objective Bounds      |     Work
 Expl Unexpl |  Obj  Depth IntInf | Incumbent    BestBd   Gap | It/Node Time

H    0     0                       0.0000000    0.00000  0.00%     -    0s
     0     0    0.00000    0   20    0.00000    0.00000  0.00%     -    0s

Explored 0 nodes (1876 simplex iterations) in 0.82 seconds
Thread count was 1 (of 4 available processors)

Solution count 1: 0 

Optimal solution found (tolerance 1.00e-04)
Best objective 0.000000000000e+00, best bound 0.000000000000e+00, gap 0.0000%
Changed value of parameter TimeLimit to 297.58503675460815
   Prev: inf  Min: 0.0  Max: inf  Default: inf
Gurobi Optimizer version 9.0.1 build v9.0.1rc0 (linux64)
Optimize a model with 7443 rows, 7260 columns and 29158 nonzeros
Model fingerprint: 0x2c577c76
Variable types: 60 continuous, 7200 integer (7200 binary)
Coefficient statistics:
  Matrix range     [1e+00, 5e+02]
  Objective range  [0e+00, 0e+00]
  Bounds range     [1e+00, 1e+00]
  RHS range        [1e+00, 3e+03]
Presolve removed 380 rows and 377 columns
Presolve time: 0.70s
Presolved: 7063 rows, 6883 columns, 27470 nonzeros
Variable types: 60 continuous, 6823 integer (6823 binary)

Root relaxation: objective 0.000000e+00, 928 iterations, 0.05 seconds

    Nodes    |    Current Node    |     Objective Bounds      |     Work
 Expl Unexpl |  Obj  Depth IntInf | Incumbent    BestBd   Gap | It/Node Time

     0     0    0.00000    0   48          -    0.00000      -     -    0s
     0     0    0.00000    0   22          -    0.00000      -     -    1s
     0     0    0.00000    0   21          -    0.00000      -     -    8s
H    0     0                       0.0000000    0.00000  0.00%     -    8s
     0     0    0.00000    0   21    0.00000    0.00000  0.00%     -    8s

Explored 1 nodes (10350 simplex iterations) in 8.61 seconds
Thread count was 1 (of 4 available processors)

Solution count 1: 0 

Optimal solution found (tolerance 1.00e-04)
Best objective 0.000000000000e+00, best bound 0.000000000000e+00, gap 0.0000%
Changed value of parameter TimeLimit to 288.64114475250244
   Prev: inf  Min: 0.0  Max: inf  Default: inf
Gurobi Optimizer version 9.0.1 build v9.0.1rc0 (linux64)
Optimize a model with 7444 rows, 7260 columns and 29218 nonzeros
Model fingerprint: 0x0c2b8005
Variable types: 60 continuous, 7200 integer (7200 binary)
Coefficient statistics:
  Matrix range     [1e+00, 5e+02]
  Objective range  [0e+00, 0e+00]
  Bounds range     [1e+00, 1e+00]
  RHS range        [1e+00, 3e+03]
Presolve removed 497 rows and 493 columns
Presolve time: 0.76s
Presolved: 6947 rows, 6767 columns, 27006 nonzeros
Variable types: 60 continuous, 6707 integer (6707 binary)

Root relaxation: objective 0.000000e+00, 1074 iterations, 0.06 seconds

    Nodes    |    Current Node    |     Objective Bounds      |     Work
 Expl Unexpl |  Obj  Depth IntInf | Incumbent    BestBd   Gap | It/Node Time

     0     0    0.00000    0   42          -    0.00000      -     -    1s
H    0     0                       0.0000000    0.00000  0.00%     -    1s
     0     0    0.00000    0   42    0.00000    0.00000  0.00%     -    1s

Explored 1 nodes (6962 simplex iterations) in 1.35 seconds
Thread count was 1 (of 4 available processors)

Solution count 1: 0 

Optimal solution found (tolerance 1.00e-04)
Best objective 0.000000000000e+00, best bound 0.000000000000e+00, gap 0.0000%
Changed value of parameter TimeLimit to 286.95266127586365
   Prev: inf  Min: 0.0  Max: inf  Default: inf
Gurobi Optimizer version 9.0.1 build v9.0.1rc0 (linux64)
Optimize a model with 7445 rows, 7260 columns and 29278 nonzeros
Model fingerprint: 0x4ce32a5b
Variable types: 60 continuous, 7200 integer (7200 binary)
Coefficient statistics:
  Matrix range     [1e+00, 5e+02]
  Objective range  [0e+00, 0e+00]
  Bounds range     [1e+00, 1e+00]
  RHS range        [1e+00, 3e+03]
Presolve removed 598 rows and 593 columns
Presolve time: 0.79s
Presolved: 6847 rows, 6667 columns, 26606 nonzeros
Variable types: 60 continuous, 6607 integer (6607 binary)

Root relaxation: objective 0.000000e+00, 878 iterations, 0.05 seconds

    Nodes    |    Current Node    |     Objective Bounds      |     Work
 Expl Unexpl |  Obj  Depth IntInf | Incumbent    BestBd   Gap | It/Node Time

     0     0    0.00000    0   32          -    0.00000      -     -    1s
     0     0    0.00000    0   81          -    0.00000      -     -    1s
     0     0    0.00000    0   81          -    0.00000      -     -    1s
     0     0    0.00000    0   70          -    0.00000      -     -    1s
H    0     0                       0.0000000    0.00000  0.00%     -    1s
     0     0    0.00000    0   80    0.00000    0.00000  0.00%     -    1s

Cutting planes:
  Gomory: 1
  MIR: 37
  Relax-and-lift: 31

Explored 1 nodes (7699 simplex iterations) in 1.72 seconds
Thread count was 1 (of 4 available processors)

Solution count 1: 0 

Optimal solution found (tolerance 1.00e-04)
Best objective 0.000000000000e+00, best bound 0.000000000000e+00, gap 0.0000%
Changed value of parameter TimeLimit to 284.900310754776
   Prev: inf  Min: 0.0  Max: inf  Default: inf
Gurobi Optimizer version 9.0.1 build v9.0.1rc0 (linux64)
Optimize a model with 7446 rows, 7260 columns and 29338 nonzeros
Model fingerprint: 0x09d3f5e7
Variable types: 60 continuous, 7200 integer (7200 binary)
Coefficient statistics:
  Matrix range     [1e+00, 5e+02]
  Objective range  [0e+00, 0e+00]
  Bounds range     [1e+00, 1e+00]
  RHS range        [1e+00, 3e+03]
Presolve removed 701 rows and 695 columns
Presolve time: 0.81s
Presolved: 6745 rows, 6565 columns, 26198 nonzeros
Variable types: 60 continuous, 6505 integer (6505 binary)

Root relaxation: objective 0.000000e+00, 685 iterations, 0.03 seconds

    Nodes    |    Current Node    |     Objective Bounds      |     Work
 Expl Unexpl |  Obj  Depth IntInf | Incumbent    BestBd   Gap | It/Node Time

H    0     0                       0.0000000    0.00000  0.00%     -    0s
     0     0    0.00000    0   12    0.00000    0.00000  0.00%     -    0s

Explored 0 nodes (1675 simplex iterations) in 0.92 seconds
Thread count was 1 (of 4 available processors)

Solution count 1: 0 

Optimal solution found (tolerance 1.00e-04)
Best objective 0.000000000000e+00, best bound 0.000000000000e+00, gap 0.0000%
Changed value of parameter TimeLimit to 283.63376665115356
   Prev: inf  Min: 0.0  Max: inf  Default: inf
Gurobi Optimizer version 9.0.1 build v9.0.1rc0 (linux64)
Optimize a model with 7447 rows, 7260 columns and 29398 nonzeros
Model fingerprint: 0xf27e8b4d
Variable types: 60 continuous, 7200 integer (7200 binary)
Coefficient statistics:
  Matrix range     [1e+00, 5e+02]
  Objective range  [0e+00, 0e+00]
  Bounds range     [1e+00, 1e+00]
  RHS range        [1e+00, 3e+03]
Presolve removed 761 rows and 754 columns
Presolve time: 0.82s
Presolved: 6686 rows, 6506 columns, 25962 nonzeros
Variable types: 60 continuous, 6446 integer (6446 binary)

Root relaxation: objective 0.000000e+00, 758 iterations, 0.05 seconds

    Nodes    |    Current Node    |     Objective Bounds      |     Work
 Expl Unexpl |  Obj  Depth IntInf | Incumbent    BestBd   Gap | It/Node Time

H    0     0                       0.0000000    0.00000  0.00%     -    0s
     0     0    0.00000    0    5    0.00000    0.00000  0.00%     -    0s

Explored 0 nodes (1896 simplex iterations) in 0.99 seconds
Thread count was 1 (of 4 available processors)

Solution count 1: 0 

Optimal solution found (tolerance 1.00e-04)
Best objective 0.000000000000e+00, best bound 0.000000000000e+00, gap 0.0000%
Changed value of parameter TimeLimit to 282.3087902069092
   Prev: inf  Min: 0.0  Max: inf  Default: inf
Gurobi Optimizer version 9.0.1 build v9.0.1rc0 (linux64)
Optimize a model with 7448 rows, 7260 columns and 29458 nonzeros
Model fingerprint: 0xbe07732d
Variable types: 60 continuous, 7200 integer (7200 binary)
Coefficient statistics:
  Matrix range     [1e+00, 5e+02]
  Objective range  [0e+00, 0e+00]
  Bounds range     [1e+00, 1e+00]
  RHS range        [1e+00, 3e+03]
Presolve removed 841 rows and 833 columns
Presolve time: 0.84s
Presolved: 6607 rows, 6427 columns, 25646 nonzeros
Variable types: 60 continuous, 6367 integer (6367 binary)

Root relaxation: objective 0.000000e+00, 852 iterations, 0.05 seconds

    Nodes    |    Current Node    |     Objective Bounds      |     Work
 Expl Unexpl |  Obj  Depth IntInf | Incumbent    BestBd   Gap | It/Node Time

     0     0    0.00000    0   58          -    0.00000      -     -    1s
     0     0    0.00000    0   85          -    0.00000      -     -    1s
H    0     0                       0.0000000    0.00000  0.00%     -    1s
     0     0    0.00000    0    2    0.00000    0.00000  0.00%     -    1s

Cutting planes:
  Gomory: 5
  MIR: 51
  Relax-and-lift: 29

Explored 1 nodes (6672 simplex iterations) in 1.59 seconds
Thread count was 1 (of 4 available processors)

Solution count 1: 0 

Optimal solution found (tolerance 1.00e-04)
Best objective 0.000000000000e+00, best bound 0.000000000000e+00, gap 0.0000%
Changed value of parameter TimeLimit to 280.3660237789154
   Prev: inf  Min: 0.0  Max: inf  Default: inf
Gurobi Optimizer version 9.0.1 build v9.0.1rc0 (linux64)
Optimize a model with 7449 rows, 7260 columns and 29518 nonzeros
Model fingerprint: 0x5c85841e
Variable types: 60 continuous, 7200 integer (7200 binary)
Coefficient statistics:
  Matrix range     [1e+00, 5e+02]
  Objective range  [0e+00, 0e+00]
  Bounds range     [1e+00, 1e+00]
  RHS range        [1e+00, 3e+03]
Presolve removed 894 rows and 885 columns
Presolve time: 0.82s
Presolved: 6555 rows, 6375 columns, 25438 nonzeros
Variable types: 60 continuous, 6315 integer (6315 binary)

Root relaxation: objective 0.000000e+00, 956 iterations, 0.06 seconds

    Nodes    |    Current Node    |     Objective Bounds      |     Work
 Expl Unexpl |  Obj  Depth IntInf | Incumbent    BestBd   Gap | It/Node Time

     0     0    0.00000    0   37          -    0.00000      -     -    1s
     0     0    0.00000    0   22          -    0.00000      -     -    1s
H    0     0                       0.0000000    0.00000  0.00%     -    1s

Cutting planes:
  MIR: 1
  Relax-and-lift: 3

Explored 1 nodes (6556 simplex iterations) in 1.34 seconds
Thread count was 1 (of 4 available processors)

Solution count 1: 0 

Optimal solution found (tolerance 1.00e-04)
Best objective 0.000000000000e+00, best bound 0.000000000000e+00, gap 0.0000%
Changed value of parameter TimeLimit to 278.68593549728394
   Prev: inf  Min: 0.0  Max: inf  Default: inf
Gurobi Optimizer version 9.0.1 build v9.0.1rc0 (linux64)
Optimize a model with 7450 rows, 7260 columns and 29578 nonzeros
Model fingerprint: 0x09b92f73
Variable types: 60 continuous, 7200 integer (7200 binary)
Coefficient statistics:
  Matrix range     [1e+00, 5e+02]
  Objective range  [0e+00, 0e+00]
  Bounds range     [1e+00, 1e+00]
  RHS range        [1e+00, 3e+03]
Presolve removed 959 rows and 949 columns
Presolve time: 0.82s
Presolved: 6491 rows, 6311 columns, 25182 nonzeros
Variable types: 60 continuous, 6251 integer (6251 binary)

Root relaxation: objective 0.000000e+00, 1058 iterations, 0.06 seconds

    Nodes    |    Current Node    |     Objective Bounds      |     Work
 Expl Unexpl |  Obj  Depth IntInf | Incumbent    BestBd   Gap | It/Node Time

     0     0    0.00000    0   30          -    0.00000      -     -    1s
     0     0    0.00000    0   16          -    0.00000      -     -    1s
*    0     0               0       0.0000000    0.00000  0.00%     -    7s

Explored 1 nodes (9692 simplex iterations) in 7.88 seconds
Thread count was 1 (of 4 available processors)

Solution count 1: 0 

Optimal solution found (tolerance 1.00e-04)
Best objective 0.000000000000e+00, best bound 0.000000000000e+00, gap 0.0000%
Changed value of parameter TimeLimit to 270.4649991989136
   Prev: inf  Min: 0.0  Max: inf  Default: inf
Gurobi Optimizer version 9.0.1 build v9.0.1rc0 (linux64)
Optimize a model with 7451 rows, 7260 columns and 29638 nonzeros
Model fingerprint: 0xcc3da675
Variable types: 60 continuous, 7200 integer (7200 binary)
Coefficient statistics:
  Matrix range     [1e+00, 5e+02]
  Objective range  [0e+00, 0e+00]
  Bounds range     [1e+00, 1e+00]
  RHS range        [1e+00, 3e+03]
Presolve removed 1017 rows and 1006 columns
Presolve time: 0.83s
Presolved: 6434 rows, 6254 columns, 24954 nonzeros
Variable types: 60 continuous, 6194 integer (6194 binary)

Root relaxation: objective 0.000000e+00, 894 iterations, 0.05 seconds

    Nodes    |    Current Node    |     Objective Bounds      |     Work
 Expl Unexpl |  Obj  Depth IntInf | Incumbent    BestBd   Gap | It/Node Time

     0     0    0.00000    0    4          -    0.00000      -     -    1s
H    0     0                       0.0000000    0.00000  0.00%     -    1s
     0     0    0.00000    0    4    0.00000    0.00000  0.00%     -    1s

Explored 1 nodes (2581 simplex iterations) in 1.10 seconds
Thread count was 1 (of 4 available processors)

Solution count 1: 0 

Optimal solution found (tolerance 1.00e-04)
Best objective 0.000000000000e+00, best bound 0.000000000000e+00, gap 0.0000%
Changed value of parameter TimeLimit to 269.0285518169403
   Prev: inf  Min: 0.0  Max: inf  Default: inf
Gurobi Optimizer version 9.0.1 build v9.0.1rc0 (linux64)
Optimize a model with 7452 rows, 7260 columns and 29698 nonzeros
Model fingerprint: 0xd52ef54d
Variable types: 60 continuous, 7200 integer (7200 binary)
Coefficient statistics:
  Matrix range     [1e+00, 5e+02]
  Objective range  [0e+00, 0e+00]
  Bounds range     [1e+00, 1e+00]
  RHS range        [1e+00, 3e+03]
Presolve removed 1071 rows and 1059 columns
Presolve time: 0.84s
Presolved: 6381 rows, 6201 columns, 24742 nonzeros
Variable types: 60 continuous, 6141 integer (6141 binary)

Root relaxation: objective 0.000000e+00, 923 iterations, 0.04 seconds

    Nodes    |    Current Node    |     Objective Bounds      |     Work
 Expl Unexpl |  Obj  Depth IntInf | Incumbent    BestBd   Gap | It/Node Time

     0     0    0.00000    0   80          -    0.00000      -     -    1s
     0     0    0.00000    0   22          -    0.00000      -     -    2s
     0     0    0.00000    0  112          -    0.00000      -     -    8s
     0     0    0.00000    0  116          -    0.00000      -     -    9s
     0     0    0.00000    0  109          -    0.00000      -     -    9s
     0     0    0.00000    0   24          -    0.00000      -     -    9s
H    0     0                       0.0000000    0.00000  0.00%     -    9s
     0     0    0.00000    0   24    0.00000    0.00000  0.00%     -    9s

Cutting planes:
  MIR: 11
  RLT: 1
  Relax-and-lift: 43

Explored 1 nodes (25280 simplex iterations) in 9.89 seconds
Thread count was 1 (of 4 available processors)

Solution count 1: 0 

Optimal solution found (tolerance 1.00e-04)
Best objective 0.000000000000e+00, best bound 0.000000000000e+00, gap 0.0000%
Changed value of parameter TimeLimit to 258.79163908958435
   Prev: inf  Min: 0.0  Max: inf  Default: inf
Gurobi Optimizer version 9.0.1 build v9.0.1rc0 (linux64)
Optimize a model with 7453 rows, 7260 columns and 29758 nonzeros
Model fingerprint: 0x3ff047ac
Variable types: 60 continuous, 7200 integer (7200 binary)
Coefficient statistics:
  Matrix range     [1e+00, 5e+02]
  Objective range  [0e+00, 0e+00]
  Bounds range     [1e+00, 1e+00]
  RHS range        [1e+00, 3e+03]
Presolve removed 1139 rows and 1126 columns
Presolve time: 0.84s
Presolved: 6314 rows, 6134 columns, 24474 nonzeros
Variable types: 60 continuous, 6074 integer (6074 binary)

Root relaxation: objective 0.000000e+00, 978 iterations, 0.05 seconds

    Nodes    |    Current Node    |     Objective Bounds      |     Work
 Expl Unexpl |  Obj  Depth IntInf | Incumbent    BestBd   Gap | It/Node Time

     0     0    0.00000    0   52          -    0.00000      -     -    1s
H    0     0                       0.0000000    0.00000  0.00%     -    1s
     0     0    0.00000    0   52    0.00000    0.00000  0.00%     -    1s

Explored 1 nodes (5494 simplex iterations) in 1.32 seconds
Thread count was 1 (of 4 available processors)

Solution count 1: 0 

Optimal solution found (tolerance 1.00e-04)
Best objective 0.000000000000e+00, best bound 0.000000000000e+00, gap 0.0000%
Changed value of parameter TimeLimit to 257.13453364372253
   Prev: inf  Min: 0.0  Max: inf  Default: inf
Gurobi Optimizer version 9.0.1 build v9.0.1rc0 (linux64)
Optimize a model with 7454 rows, 7260 columns and 29818 nonzeros
Model fingerprint: 0xc8df8024
Variable types: 60 continuous, 7200 integer (7200 binary)
Coefficient statistics:
  Matrix range     [1e+00, 5e+02]
  Objective range  [0e+00, 0e+00]
  Bounds range     [1e+00, 1e+00]
  RHS range        [1e+00, 3e+03]
Presolve removed 1179 rows and 1165 columns
Presolve time: 0.81s
Presolved: 6275 rows, 6095 columns, 24318 nonzeros
Variable types: 60 continuous, 6035 integer (6035 binary)

Root relaxation: objective 0.000000e+00, 905 iterations, 0.04 seconds

    Nodes    |    Current Node    |     Objective Bounds      |     Work
 Expl Unexpl |  Obj  Depth IntInf | Incumbent    BestBd   Gap | It/Node Time

     0     0    0.00000    0   87          -    0.00000      -     -    1s
     0     0    0.00000    0   39          -    0.00000      -     -    1s
     0     0    0.00000    0  102          -    0.00000      -     -    7s
     0     0    0.00000    0   76          -    0.00000      -     -    8s
     0     0    0.00000    0   75          -    0.00000      -     -    8s
     0     0    0.00000    0   69          -    0.00000      -     -    8s
H    0     0                       0.0000000    0.00000  0.00%     -    8s
     0     0    0.00000    0   69    0.00000    0.00000  0.00%     -    8s

Cutting planes:
  Gomory: 1
  MIR: 6
  Relax-and-lift: 17

Explored 1 nodes (15597 simplex iterations) in 8.36 seconds
Thread count was 1 (of 4 available processors)

Solution count 1: 0 

Optimal solution found (tolerance 1.00e-04)
Best objective 0.000000000000e+00, best bound 0.000000000000e+00, gap 0.0000%
Changed value of parameter TimeLimit to 248.43258094787598
   Prev: inf  Min: 0.0  Max: inf  Default: inf
Gurobi Optimizer version 9.0.1 build v9.0.1rc0 (linux64)
Optimize a model with 7455 rows, 7260 columns and 29878 nonzeros
Model fingerprint: 0x30c16994
Variable types: 60 continuous, 7200 integer (7200 binary)
Coefficient statistics:
  Matrix range     [1e+00, 5e+02]
  Objective range  [0e+00, 0e+00]
  Bounds range     [1e+00, 1e+00]
  RHS range        [1e+00, 3e+03]
Presolve removed 1229 rows and 1214 columns
Presolve time: 0.79s
Presolved: 6226 rows, 6046 columns, 24122 nonzeros
Variable types: 60 continuous, 5986 integer (5986 binary)

Root relaxation: objective 0.000000e+00, 1138 iterations, 0.06 seconds

    Nodes    |    Current Node    |     Objective Bounds      |     Work
 Expl Unexpl |  Obj  Depth IntInf | Incumbent    BestBd   Gap | It/Node Time

     0     0    0.00000    0   68          -    0.00000      -     -    1s
     0     0    0.00000    0   31          -    0.00000      -     -    1s
H    0     0                       0.0000000    0.00000  0.00%     -    1s

Cutting planes:
  MIR: 8
  Relax-and-lift: 13

Explored 1 nodes (6926 simplex iterations) in 1.70 seconds
Thread count was 1 (of 4 available processors)

Solution count 1: 0 

Optimal solution found (tolerance 1.00e-04)
Best objective 0.000000000000e+00, best bound 0.000000000000e+00, gap 0.0000%
Changed value of parameter TimeLimit to 246.39141964912415
   Prev: inf  Min: 0.0  Max: inf  Default: inf
Gurobi Optimizer version 9.0.1 build v9.0.1rc0 (linux64)
Optimize a model with 7456 rows, 7260 columns and 29938 nonzeros
Model fingerprint: 0x6cb46fb8
Variable types: 60 continuous, 7200 integer (7200 binary)
Coefficient statistics:
  Matrix range     [1e+00, 5e+02]
  Objective range  [0e+00, 0e+00]
  Bounds range     [1e+00, 1e+00]
  RHS range        [1e+00, 3e+03]
Presolve removed 1299 rows and 1283 columns
Presolve time: 0.82s
Presolved: 6157 rows, 5977 columns, 23846 nonzeros
Variable types: 60 continuous, 5917 integer (5917 binary)

Root relaxation: objective 0.000000e+00, 915 iterations, 0.05 seconds

    Nodes    |    Current Node    |     Objective Bounds      |     Work
 Expl Unexpl |  Obj  Depth IntInf | Incumbent    BestBd   Gap | It/Node Time

     0     0    0.00000    0   85          -    0.00000      -     -    1s
     0     0    0.00000    0   78          -    0.00000      -     -    1s
     0     0    0.00000    0  148          -    0.00000      -     -    7s
     0     0    0.00000    0   97          -    0.00000      -     -    8s
     0     0    0.00000    0   67          -    0.00000      -     -    8s
H    0     0                       0.0000000    0.00000  0.00%     -    8s
     0     0    0.00000    0   31    0.00000    0.00000  0.00%     -    8s

Cutting planes:
  Gomory: 10
  MIR: 45
  GUB cover: 1
  Relax-and-lift: 54

Explored 1 nodes (13134 simplex iterations) in 8.19 seconds
Thread count was 1 (of 4 available processors)

Solution count 1: 0 

Optimal solution found (tolerance 1.00e-04)
Best objective 0.000000000000e+00, best bound 0.000000000000e+00, gap 0.0000%
Changed value of parameter TimeLimit to 237.86110162734985
   Prev: inf  Min: 0.0  Max: inf  Default: inf
Gurobi Optimizer version 9.0.1 build v9.0.1rc0 (linux64)
Optimize a model with 7457 rows, 7260 columns and 29998 nonzeros
Model fingerprint: 0x694648f0
Variable types: 60 continuous, 7200 integer (7200 binary)
Coefficient statistics:
  Matrix range     [1e+00, 5e+02]
  Objective range  [0e+00, 0e+00]
  Bounds range     [1e+00, 1e+00]
  RHS range        [1e+00, 3e+03]
Presolve removed 1343 rows and 1326 columns
Presolve time: 0.81s
Presolved: 6114 rows, 5934 columns, 23674 nonzeros
Variable types: 60 continuous, 5874 integer (5874 binary)

Root relaxation: objective 0.000000e+00, 984 iterations, 0.05 seconds

    Nodes    |    Current Node    |     Objective Bounds      |     Work
 Expl Unexpl |  Obj  Depth IntInf | Incumbent    BestBd   Gap | It/Node Time

     0     0    0.00000    0  107          -    0.00000      -     -    1s
     0     0    0.00000    0   38          -    0.00000      -     -    1s
     0     0    0.00000    0   75          -    0.00000      -     -    7s
     0     0    0.00000    0  100          -    0.00000      -     -    7s
     0     0    0.00000    0   93          -    0.00000      -     -    7s
     0     0    0.00000    0   97          -    0.00000      -     -    8s
     0     0    0.00000    0   92          -    0.00000      -     -    8s
     0     0    0.00000    0   57          -    0.00000      -     -    8s
     0     0    0.00000    0   59          -    0.00000      -     -    8s
H    0     0                       0.0000000    0.00000  0.00%     -    8s
     0     0    0.00000    0   49    0.00000    0.00000  0.00%     -    8s

Cutting planes:
  MIR: 66
  RLT: 1
  Relax-and-lift: 42

Explored 1 nodes (16983 simplex iterations) in 8.68 seconds
Thread count was 1 (of 4 available processors)

Solution count 1: 0 

Optimal solution found (tolerance 1.00e-04)
Best objective 0.000000000000e+00, best bound 0.000000000000e+00, gap 0.0000%
Changed value of parameter TimeLimit to 228.83485746383667
   Prev: inf  Min: 0.0  Max: inf  Default: inf
Gurobi Optimizer version 9.0.1 build v9.0.1rc0 (linux64)
Optimize a model with 7458 rows, 7260 columns and 30058 nonzeros
Model fingerprint: 0x1784c614
Variable types: 60 continuous, 7200 integer (7200 binary)
Coefficient statistics:
  Matrix range     [1e+00, 5e+02]
  Objective range  [0e+00, 0e+00]
  Bounds range     [1e+00, 1e+00]
  RHS range        [1e+00, 3e+03]
Presolve removed 1401 rows and 1383 columns
Presolve time: 0.79s
Presolved: 6057 rows, 5877 columns, 23446 nonzeros
Variable types: 60 continuous, 5817 integer (5817 binary)

Root relaxation: objective 0.000000e+00, 962 iterations, 0.05 seconds

    Nodes    |    Current Node    |     Objective Bounds      |     Work
 Expl Unexpl |  Obj  Depth IntInf | Incumbent    BestBd   Gap | It/Node Time

     0     0    0.00000    0   47          -    0.00000      -     -    1s
     0     0    0.00000    0   30          -    0.00000      -     -    1s
     0     0    0.00000    0   45          -    0.00000      -     -    7s
     0     0    0.00000    0  114          -    0.00000      -     -    7s
     0     0    0.00000    0  112          -    0.00000      -     -    7s
     0     0    0.00000    0   84          -    0.00000      -     -    8s
     0     0    0.00000    0   66          -    0.00000      -     -    8s
H    0     0                       0.0000000    0.00000  0.00%     -    8s
     0     0    0.00000    0  214    0.00000    0.00000  0.00%     -    8s

Cutting planes:
  Cover: 2
  MIR: 49
  RLT: 1
  Relax-and-lift: 30

Explored 1 nodes (17599 simplex iterations) in 8.38 seconds
Thread count was 1 (of 4 available processors)

Solution count 1: 0 

Optimal solution found (tolerance 1.00e-04)
Best objective 0.000000000000e+00, best bound 0.000000000000e+00, gap 0.0000%
Changed value of parameter TimeLimit to 220.1169834136963
   Prev: inf  Min: 0.0  Max: inf  Default: inf
Gurobi Optimizer version 9.0.1 build v9.0.1rc0 (linux64)
Optimize a model with 7459 rows, 7260 columns and 30118 nonzeros
Model fingerprint: 0x3a1bb590
Variable types: 60 continuous, 7200 integer (7200 binary)
Coefficient statistics:
  Matrix range     [1e+00, 5e+02]
  Objective range  [0e+00, 0e+00]
  Bounds range     [1e+00, 1e+00]
  RHS range        [1e+00, 3e+03]
Presolve removed 1478 rows and 1459 columns
Presolve time: 0.81s
Presolved: 5981 rows, 5801 columns, 23142 nonzeros
Variable types: 60 continuous, 5741 integer (5741 binary)

Root relaxation: objective 0.000000e+00, 768 iterations, 0.04 seconds

    Nodes    |    Current Node    |     Objective Bounds      |     Work
 Expl Unexpl |  Obj  Depth IntInf | Incumbent    BestBd   Gap | It/Node Time

     0     0    0.00000    0   96          -    0.00000      -     -    1s
     0     0    0.00000    0   30          -    0.00000      -     -    1s
H    0     0                       0.0000000    0.00000  0.00%     -    1s

Cutting planes:
  MIR: 8
  Relax-and-lift: 18

Explored 1 nodes (9741 simplex iterations) in 1.84 seconds
Thread count was 1 (of 4 available processors)

Solution count 1: 0 

Optimal solution found (tolerance 1.00e-04)
Best objective 0.000000000000e+00, best bound 0.000000000000e+00, gap 0.0000%
Changed value of parameter TimeLimit to 217.92553806304932
   Prev: inf  Min: 0.0  Max: inf  Default: inf
Gurobi Optimizer version 9.0.1 build v9.0.1rc0 (linux64)
Optimize a model with 7460 rows, 7260 columns and 30178 nonzeros
Model fingerprint: 0xfbaa8746
Variable types: 60 continuous, 7200 integer (7200 binary)
Coefficient statistics:
  Matrix range     [1e+00, 5e+02]
  Objective range  [0e+00, 0e+00]
  Bounds range     [1e+00, 1e+00]
  RHS range        [1e+00, 3e+03]
Presolve removed 1539 rows and 1519 columns
Presolve time: 0.80s
Presolved: 5921 rows, 5741 columns, 22902 nonzeros
Variable types: 60 continuous, 5681 integer (5681 binary)

Root relaxation: objective 0.000000e+00, 1036 iterations, 0.05 seconds

    Nodes    |    Current Node    |     Objective Bounds      |     Work
 Expl Unexpl |  Obj  Depth IntInf | Incumbent    BestBd   Gap | It/Node Time

     0     0    0.00000    0   73          -    0.00000      -     -    1s
     0     0    0.00000    0   32          -    0.00000      -     -    1s
     0     0    0.00000    0   74          -    0.00000      -     -    7s
     0     0    0.00000    0  127          -    0.00000      -     -    8s
     0     0    0.00000    0  121          -    0.00000      -     -    8s
     0     0    0.00000    0   36          -    0.00000      -     -    8s
     0     0    0.00000    0   34          -    0.00000      -     -    8s
     0     0    0.00000    0  108          -    0.00000      -     -    8s
     0     0    0.00000    0  120          -    0.00000      -     -    8s
     0     0    0.00000    0  100          -    0.00000      -     -    8s
     0     0    0.00000    0  139          -    0.00000      -     -    8s
H    0     0                       0.0000000    0.00000  0.00%     -    9s
     0     0    0.00000    0   99    0.00000    0.00000  0.00%     -    9s

Cutting planes:
  Cover: 4
  MIR: 73
  Relax-and-lift: 79

Explored 1 nodes (21856 simplex iterations) in 9.09 seconds
Thread count was 1 (of 4 available processors)

Solution count 1: 0 

Optimal solution found (tolerance 1.00e-04)
Best objective 0.000000000000e+00, best bound 0.000000000000e+00, gap 0.0000%
Changed value of parameter TimeLimit to 208.4940574169159
   Prev: inf  Min: 0.0  Max: inf  Default: inf
Gurobi Optimizer version 9.0.1 build v9.0.1rc0 (linux64)
Optimize a model with 7461 rows, 7260 columns and 30238 nonzeros
Model fingerprint: 0xada38c7e
Variable types: 60 continuous, 7200 integer (7200 binary)
Coefficient statistics:
  Matrix range     [1e+00, 5e+02]
  Objective range  [0e+00, 0e+00]
  Bounds range     [1e+00, 1e+00]
  RHS range        [1e+00, 3e+03]
Presolve removed 1605 rows and 1584 columns
Presolve time: 0.82s
Presolved: 5856 rows, 5676 columns, 22642 nonzeros
Variable types: 60 continuous, 5616 integer (5616 binary)

Root relaxation: objective 0.000000e+00, 1053 iterations, 0.05 seconds

    Nodes    |    Current Node    |     Objective Bounds      |     Work
 Expl Unexpl |  Obj  Depth IntInf | Incumbent    BestBd   Gap | It/Node Time

     0     0    0.00000    0  128          -    0.00000      -     -    1s
H    0     0                       0.0000000    0.00000  0.00%     -    1s
     0     0    0.00000    0   34    0.00000    0.00000  0.00%     -    1s

Cutting planes:
  Gomory: 3
  MIR: 42
  Relax-and-lift: 50

Explored 1 nodes (12945 simplex iterations) in 1.96 seconds
Thread count was 1 (of 4 available processors)

Solution count 1: 0 

Optimal solution found (tolerance 1.00e-04)
Best objective 0.000000000000e+00, best bound 0.000000000000e+00, gap 0.0000%
Changed value of parameter TimeLimit to 206.17612600326538
   Prev: inf  Min: 0.0  Max: inf  Default: inf
Gurobi Optimizer version 9.0.1 build v9.0.1rc0 (linux64)
Optimize a model with 7462 rows, 7260 columns and 30298 nonzeros
Model fingerprint: 0xc8290fdd
Variable types: 60 continuous, 7200 integer (7200 binary)
Coefficient statistics:
  Matrix range     [1e+00, 5e+02]
  Objective range  [0e+00, 0e+00]
  Bounds range     [1e+00, 1e+00]
  RHS range        [1e+00, 3e+03]
Presolve removed 1673 rows and 1651 columns
Presolve time: 0.83s
Presolved: 5789 rows, 5609 columns, 22374 nonzeros
Variable types: 60 continuous, 5549 integer (5549 binary)

Root relaxation: objective 0.000000e+00, 881 iterations, 0.05 seconds

    Nodes    |    Current Node    |     Objective Bounds      |     Work
 Expl Unexpl |  Obj  Depth IntInf | Incumbent    BestBd   Gap | It/Node Time

     0     0    0.00000    0   51          -    0.00000      -     -    1s
     0     0    0.00000    0   32          -    0.00000      -     -    1s
     0     0    0.00000    0  125          -    0.00000      -     -    7s
     0     0    0.00000    0  112          -    0.00000      -     -    7s
     0     0    0.00000    0  104          -    0.00000      -     -    7s
     0     0    0.00000    0  154          -    0.00000      -     -    8s
     0     0    0.00000    0  154          -    0.00000      -     -    8s
     0     0    0.00000    0   44          -    0.00000      -     -    8s
H    0     0                       0.0000000    0.00000  0.00%     -    8s
     0     0    0.00000    0   44    0.00000    0.00000  0.00%     -    8s

Cutting planes:
  MIR: 15
  RLT: 1
  Relax-and-lift: 61

Explored 1 nodes (18922 simplex iterations) in 8.74 seconds
Thread count was 1 (of 4 available processors)

Solution count 1: 0 

Optimal solution found (tolerance 1.00e-04)
Best objective 0.000000000000e+00, best bound 0.000000000000e+00, gap 0.0000%
Changed value of parameter TimeLimit to 197.0919063091278
   Prev: inf  Min: 0.0  Max: inf  Default: inf
Gurobi Optimizer version 9.0.1 build v9.0.1rc0 (linux64)
Optimize a model with 7463 rows, 7260 columns and 30358 nonzeros
Model fingerprint: 0xd2a82893
Variable types: 60 continuous, 7200 integer (7200 binary)
Coefficient statistics:
  Matrix range     [1e+00, 5e+02]
  Objective range  [0e+00, 0e+00]
  Bounds range     [1e+00, 1e+00]
  RHS range        [1e+00, 3e+03]
Presolve removed 1730 rows and 1707 columns
Presolve time: 0.81s
Presolved: 5733 rows, 5553 columns, 22150 nonzeros
Variable types: 60 continuous, 5493 integer (5493 binary)

Root relaxation: objective 0.000000e+00, 828 iterations, 0.04 seconds

    Nodes    |    Current Node    |     Objective Bounds      |     Work
 Expl Unexpl |  Obj  Depth IntInf | Incumbent    BestBd   Gap | It/Node Time

     0     0    0.00000    0   80          -    0.00000      -     -    1s
     0     0    0.00000    0   13          -    0.00000      -     -    1s
     0     0    0.00000    0  145          -    0.00000      -     -    8s
     0     0    0.00000    0  288          -    0.00000      -     -    9s
     0     0    0.00000    0  531          -    0.00000      -     -    9s
     0     0    0.00000    0   31          -    0.00000      -     -   10s
     0     0    0.00000    0   36          -    0.00000      -     -   10s
     0     0    0.00000    0   58          -    0.00000      -     -   10s
     0     0    0.00000    0   54          -    0.00000      -     -   10s
     0     0    0.00000    0  111          -    0.00000      -     -   10s
     0     0    0.00000    0   98          -    0.00000      -     -   10s
     0     0    0.00000    0   66          -    0.00000      -     -   11s
     0     0    0.00000    0  101          -    0.00000      -     -   11s
     0     0    0.00000    0   24          -    0.00000      -     -   11s
     0     0    0.00000    0   46          -    0.00000      -     -   11s
H    0     0                       0.0000000    0.00000  0.00%     -   11s
     0     0    0.00000    0   33    0.00000    0.00000  0.00%     -   11s

Cutting planes:
  Cover: 4
  Clique: 1
  MIR: 25
  Zero half: 2
  Relax-and-lift: 23

Explored 1 nodes (36525 simplex iterations) in 11.33 seconds
Thread count was 1 (of 4 available processors)

Solution count 1: 0 

Optimal solution found (tolerance 1.00e-04)
Best objective 0.000000000000e+00, best bound 0.000000000000e+00, gap 0.0000%
Changed value of parameter TimeLimit to 185.421080827713
   Prev: inf  Min: 0.0  Max: inf  Default: inf
Gurobi Optimizer version 9.0.1 build v9.0.1rc0 (linux64)
Optimize a model with 7464 rows, 7260 columns and 30418 nonzeros
Model fingerprint: 0xce59fed0
Variable types: 60 continuous, 7200 integer (7200 binary)
Coefficient statistics:
  Matrix range     [1e+00, 5e+02]
  Objective range  [0e+00, 0e+00]
  Bounds range     [1e+00, 1e+00]
  RHS range        [1e+00, 3e+03]
Presolve removed 1757 rows and 1733 columns
Presolve time: 0.78s
Presolved: 5707 rows, 5527 columns, 22046 nonzeros
Variable types: 60 continuous, 5467 integer (5467 binary)

Root relaxation: objective 0.000000e+00, 970 iterations, 0.05 seconds

    Nodes    |    Current Node    |     Objective Bounds      |     Work
 Expl Unexpl |  Obj  Depth IntInf | Incumbent    BestBd   Gap | It/Node Time

     0     0    0.00000    0   79          -    0.00000      -     -    1s
     0     0    0.00000    0   18          -    0.00000      -     -    1s
     0     0    0.00000    0  121          -    0.00000      -     -    7s
     0     0    0.00000    0   75          -    0.00000      -     -    7s
     0     0    0.00000    0   94          -    0.00000      -     -    7s
     0     0    0.00000    0   58          -    0.00000      -     -    7s
     0     0    0.00000    0   54          -    0.00000      -     -    7s
     0     0    0.00000    0   14          -    0.00000      -     -    8s
     0     0    0.00000    0   14          -    0.00000      -     -    8s
     0     0    0.00000    0   55          -    0.00000      -     -    8s
     0     0    0.00000    0   53          -    0.00000      -     -    8s
H    0     0                       0.0000000    0.00000  0.00%     -    8s
     0     0    0.00000    0   25    0.00000    0.00000  0.00%     -    8s

Cutting planes:
  Cover: 7
  Clique: 3
  MIR: 57
  Relax-and-lift: 39

Explored 1 nodes (19906 simplex iterations) in 8.45 seconds
Thread count was 1 (of 4 available processors)

Solution count 1: 0 

Optimal solution found (tolerance 1.00e-04)
Best objective 0.000000000000e+00, best bound 0.000000000000e+00, gap 0.0000%
Changed value of parameter TimeLimit to 176.6318700313568
   Prev: inf  Min: 0.0  Max: inf  Default: inf
Gurobi Optimizer version 9.0.1 build v9.0.1rc0 (linux64)
Optimize a model with 7465 rows, 7260 columns and 30478 nonzeros
Model fingerprint: 0xc746ce36
Variable types: 60 continuous, 7200 integer (7200 binary)
Coefficient statistics:
  Matrix range     [1e+00, 5e+02]
  Objective range  [0e+00, 0e+00]
  Bounds range     [1e+00, 1e+00]
  RHS range        [1e+00, 3e+03]
Presolve removed 1802 rows and 1777 columns
Presolve time: 0.76s
Presolved: 5663 rows, 5483 columns, 21870 nonzeros
Variable types: 60 continuous, 5423 integer (5423 binary)

Root relaxation: objective 0.000000e+00, 987 iterations, 0.05 seconds

    Nodes    |    Current Node    |     Objective Bounds      |     Work
 Expl Unexpl |  Obj  Depth IntInf | Incumbent    BestBd   Gap | It/Node Time

     0     0    0.00000    0   74          -    0.00000      -     -    1s
     0     0    0.00000    0  168          -    0.00000      -     -    1s
     0     0    0.00000    0   76          -    0.00000      -     -    7s
     0     0    0.00000    0   89          -    0.00000      -     -    7s
     0     0    0.00000    0   88          -    0.00000      -     -    7s
     0     0    0.00000    0  117          -    0.00000      -     -    8s
     0     0    0.00000    0   89          -    0.00000      -     -    8s
     0     0    0.00000    0   62          -    0.00000      -     -    8s
     0     0    0.00000    0   56          -    0.00000      -     -    8s
     0     0    0.00000    0   39          -    0.00000      -     -    9s
     0     0    0.00000    0   43          -    0.00000      -     -    9s
     0     0    0.00000    0  118          -    0.00000      -     -    9s
     0     0    0.00000    0  118          -    0.00000      -     -    9s
H    0     0                       0.0000000    0.00000  0.00%     -    9s
     0     0    0.00000    0   63    0.00000    0.00000  0.00%     -    9s

Cutting planes:
  Gomory: 1
  Cover: 1
  MIR: 59
  StrongCG: 2
  Relax-and-lift: 64

Explored 1 nodes (32978 simplex iterations) in 9.83 seconds
Thread count was 1 (of 4 available processors)

Solution count 1: 0 

Optimal solution found (tolerance 1.00e-04)
Best objective 0.000000000000e+00, best bound 0.000000000000e+00, gap 0.0000%
Changed value of parameter TimeLimit to 166.459636926651
   Prev: inf  Min: 0.0  Max: inf  Default: inf
Gurobi Optimizer version 9.0.1 build v9.0.1rc0 (linux64)
Optimize a model with 7466 rows, 7260 columns and 30538 nonzeros
Model fingerprint: 0xb2f98e70
Variable types: 60 continuous, 7200 integer (7200 binary)
Coefficient statistics:
  Matrix range     [1e+00, 5e+02]
  Objective range  [0e+00, 0e+00]
  Bounds range     [1e+00, 1e+00]
  RHS range        [1e+00, 3e+03]
Presolve removed 1857 rows and 1831 columns
Presolve time: 0.81s
Presolved: 5609 rows, 5429 columns, 21654 nonzeros
Variable types: 60 continuous, 5369 integer (5369 binary)

Root relaxation: objective 0.000000e+00, 930 iterations, 0.05 seconds

    Nodes    |    Current Node    |     Objective Bounds      |     Work
 Expl Unexpl |  Obj  Depth IntInf | Incumbent    BestBd   Gap | It/Node Time

     0     0    0.00000    0   90          -    0.00000      -     -    1s
     0     0    0.00000    0  170          -    0.00000      -     -    1s
     0     0    0.00000    0   65          -    0.00000      -     -    7s
     0     0    0.00000    0   59          -    0.00000      -     -    7s
     0     0    0.00000    0   58          -    0.00000      -     -    7s
     0     0    0.00000    0   67          -    0.00000      -     -    8s
     0     0    0.00000    0  130          -    0.00000      -     -    8s
     0     0    0.00000    0   66          -    0.00000      -     -    8s
     0     0    0.00000    0   47          -    0.00000      -     -    8s
     0     0    0.00000    0   44          -    0.00000      -     -    8s
     0     0    0.00000    0   38          -    0.00000      -     -    8s
     0     0    0.00000    0   75          -    0.00000      -     -    8s
     0     0    0.00000    0   18          -    0.00000      -     -    8s
H    0     0                       0.0000000    0.00000  0.00%     -    9s

Cutting planes:
  Cover: 1
  MIR: 11
  Relax-and-lift: 39

Explored 1 nodes (18741 simplex iterations) in 9.05 seconds
Thread count was 1 (of 4 available processors)

Solution count 1: 0 

Optimal solution found (tolerance 1.00e-04)
Best objective 0.000000000000e+00, best bound 0.000000000000e+00, gap 0.0000%
Changed value of parameter TimeLimit to 157.06170558929443
   Prev: inf  Min: 0.0  Max: inf  Default: inf
Gurobi Optimizer version 9.0.1 build v9.0.1rc0 (linux64)
Optimize a model with 7467 rows, 7260 columns and 30598 nonzeros
Model fingerprint: 0x8b36e72f
Variable types: 60 continuous, 7200 integer (7200 binary)
Coefficient statistics:
  Matrix range     [1e+00, 5e+02]
  Objective range  [0e+00, 0e+00]
  Bounds range     [1e+00, 1e+00]
  RHS range        [1e+00, 3e+03]
Presolve removed 1920 rows and 1893 columns
Presolve time: 0.79s
Presolved: 5547 rows, 5367 columns, 21406 nonzeros
Variable types: 60 continuous, 5307 integer (5307 binary)

Root relaxation: objective 0.000000e+00, 816 iterations, 0.04 seconds

    Nodes    |    Current Node    |     Objective Bounds      |     Work
 Expl Unexpl |  Obj  Depth IntInf | Incumbent    BestBd   Gap | It/Node Time

     0     0    0.00000    0   67          -    0.00000      -     -    1s
     0     0    0.00000    0  113          -    0.00000      -     -    1s
     0     0    0.00000    0   74          -    0.00000      -     -    7s
     0     0    0.00000    0   60          -    0.00000      -     -    7s
     0     0    0.00000    0   55          -    0.00000      -     -    8s
     0     0    0.00000    0   82          -    0.00000      -     -    8s
     0     0    0.00000    0   79          -    0.00000      -     -    8s
     0     0    0.00000    0   94          -    0.00000      -     -    8s
     0     0    0.00000    0   93          -    0.00000      -     -    8s
     0     0    0.00000    0   50          -    0.00000      -     -    8s
     0     0    0.00000    0   40          -    0.00000      -     -    8s
     0     0    0.00000    0   45          -    0.00000      -     -    9s
     0     0    0.00000    0  111          -    0.00000      -     -    9s
     0     0    0.00000    0  111          -    0.00000      -     -    9s
     0     0    0.00000    0  110          -    0.00000      -     -    9s
     0     0    0.00000    0   66          -    0.00000      -     -    9s
     0     0    0.00000    0   66          -    0.00000      -     -   10s
     0     0    0.00000    0   64          -    0.00000      -     -   11s
     0     0    0.00000    0   90          -    0.00000      -     -   11s
     0     0    0.00000    0   73          -    0.00000      -     -   11s
     0     0    0.00000    0   95          -    0.00000      -     -   11s
     0     0    0.00000    0   85          -    0.00000      -     -   11s
     0     0    0.00000    0  141          -    0.00000      -     -   12s
     0     0    0.00000    0  120          -    0.00000      -     -   12s
     0     0    0.00000    0   38          -    0.00000      -     -   12s
     0     0    0.00000    0   52          -    0.00000      -     -   12s
     0     0    0.00000    0   57          -    0.00000      -     -   12s
     0     0    0.00000    0   57          -    0.00000      -     -   12s
     0     2    0.00000    0   38          -    0.00000      -     -   13s
     9    10    0.00000    5  209          -    0.00000      -   370   15s
    14    14    0.00000    8  868          -    0.00000      -   420   20s
   140    95    0.00000   97  105          -    0.00000      -   228   25s
   361   216    0.00000   56   26          -    0.00000      -   221   30s
H  515   255                       0.0000000    0.00000  0.00%   185   33s

Cutting planes:
  Gomory: 9
  Cover: 1
  Projected implied bound: 7
  MIR: 3
  Flow cover: 45
  Relax-and-lift: 7

Explored 515 nodes (149180 simplex iterations) in 33.97 seconds
Thread count was 1 (of 4 available processors)

Solution count 1: 0 

Optimal solution found (tolerance 1.00e-04)
Best objective 0.000000000000e+00, best bound 0.000000000000e+00, gap 0.0000%
Changed value of parameter TimeLimit to 122.75389289855957
   Prev: inf  Min: 0.0  Max: inf  Default: inf
Gurobi Optimizer version 9.0.1 build v9.0.1rc0 (linux64)
Optimize a model with 7468 rows, 7260 columns and 30658 nonzeros
Model fingerprint: 0xe8b9c553
Variable types: 60 continuous, 7200 integer (7200 binary)
Coefficient statistics:
  Matrix range     [1e+00, 5e+02]
  Objective range  [0e+00, 0e+00]
  Bounds range     [1e+00, 1e+00]
  RHS range        [1e+00, 3e+03]
Presolve removed 1982 rows and 1954 columns
Presolve time: 0.78s
Presolved: 5486 rows, 5306 columns, 21162 nonzeros
Variable types: 60 continuous, 5246 integer (5246 binary)

Root relaxation: objective 0.000000e+00, 1077 iterations, 0.05 seconds

    Nodes    |    Current Node    |     Objective Bounds      |     Work
 Expl Unexpl |  Obj  Depth IntInf | Incumbent    BestBd   Gap | It/Node Time

     0     0    0.00000    0  105          -    0.00000      -     -    1s
     0     0    0.00000    0   33          -    0.00000      -     -    1s
     0     0    0.00000    0   67          -    0.00000      -     -    7s
     0     0    0.00000    0  121          -    0.00000      -     -    7s
     0     0    0.00000    0   82          -    0.00000      -     -    7s
     0     0    0.00000    0   30          -    0.00000      -     -    7s
     0     0    0.00000    0   23          -    0.00000      -     -    7s
H    0     0                       0.0000000    0.00000  0.00%     -    7s
     0     0    0.00000    0   39    0.00000    0.00000  0.00%     -    7s

Cutting planes:
  Cover: 1
  MIR: 38
  RLT: 2
  Relax-and-lift: 10

Explored 1 nodes (13441 simplex iterations) in 7.72 seconds
Thread count was 1 (of 4 available processors)

Solution count 1: 0 

Optimal solution found (tolerance 1.00e-04)
Best objective 0.000000000000e+00, best bound 0.000000000000e+00, gap 0.0000%
Changed value of parameter TimeLimit to 114.68843650817871
   Prev: inf  Min: 0.0  Max: inf  Default: inf
Gurobi Optimizer version 9.0.1 build v9.0.1rc0 (linux64)
Optimize a model with 7469 rows, 7260 columns and 30718 nonzeros
Model fingerprint: 0x3d86cc7f
Variable types: 60 continuous, 7200 integer (7200 binary)
Coefficient statistics:
  Matrix range     [1e+00, 5e+02]
  Objective range  [0e+00, 0e+00]
  Bounds range     [1e+00, 1e+00]
  RHS range        [1e+00, 3e+03]
Presolve removed 2042 rows and 2013 columns
Presolve time: 0.78s
Presolved: 5427 rows, 5247 columns, 20926 nonzeros
Variable types: 60 continuous, 5187 integer (5187 binary)

Root relaxation: objective 0.000000e+00, 933 iterations, 0.05 seconds

    Nodes    |    Current Node    |     Objective Bounds      |     Work
 Expl Unexpl |  Obj  Depth IntInf | Incumbent    BestBd   Gap | It/Node Time

     0     0    0.00000    0   60          -    0.00000      -     -    1s
     0     0    0.00000    0   41          -    0.00000      -     -    1s
     0     0    0.00000    0   68          -    0.00000      -     -    7s
     0     0    0.00000    0  130          -    0.00000      -     -    7s
     0     0    0.00000    0  130          -    0.00000      -     -    7s
     0     0    0.00000    0   54          -    0.00000      -     -    7s
     0     0    0.00000    0   54          -    0.00000      -     -    7s
     0     0    0.00000    0   40          -    0.00000      -     -    8s
     0     0    0.00000    0   39          -    0.00000      -     -    8s
     0     0    0.00000    0   61          -    0.00000      -     -    8s
     0     0    0.00000    0   79          -    0.00000      -     -    8s
     0     0    0.00000    0   89          -    0.00000      -     -    8s
     0     0    0.00000    0   78          -    0.00000      -     -    8s
     0     0    0.00000    0   23          -    0.00000      -     -    9s
     0     0    0.00000    0   64          -    0.00000      -     -    9s
     0     0    0.00000    0   31          -    0.00000      -     -    9s
     0     0    0.00000    0   21          -    0.00000      -     -    9s
     0     0    0.00000    0   50          -    0.00000      -     -   10s
     0     0    0.00000    0   68          -    0.00000      -     -   10s
     0     0    0.00000    0   69          -    0.00000      -     -   10s
     0     0    0.00000    0   27          -    0.00000      -     -   10s
     0     0    0.00000    0   27          -    0.00000      -     -   10s
     0     0    0.00000    0   16          -    0.00000      -     -   10s
     0     0    0.00000    0   40          -    0.00000      -     -   10s
     0     0    0.00000    0  100          -    0.00000      -     -   11s
     0     0    0.00000    0   15          -    0.00000      -     -   11s
     0     0    0.00000    0   70          -    0.00000      -     -   11s
     0     0    0.00000    0   28          -    0.00000      -     -   11s
     0     0    0.00000    0   60          -    0.00000      -     -   11s
     0     0    0.00000    0   23          -    0.00000      -     -   11s
     0     0    0.00000    0   23          -    0.00000      -     -   11s
     0     0    0.00000    0   68          -    0.00000      -     -   12s
     0     0    0.00000    0   67          -    0.00000      -     -   12s
     0     0    0.00000    0   64          -    0.00000      -     -   12s
     0     0    0.00000    0   21          -    0.00000      -     -   13s
     0     0    0.00000    0   20          -    0.00000      -     -   13s
     0     0    0.00000    0   22          -    0.00000      -     -   13s
     0     0    0.00000    0   31          -    0.00000      -     -   13s
     0     0    0.00000    0   80          -    0.00000      -     -   13s
     0     0    0.00000    0   23          -    0.00000      -     -   13s
     0     0    0.00000    0  110          -    0.00000      -     -   13s
     0     0    0.00000    0   12          -    0.00000      -     -   13s
     0     0    0.00000    0   18          -    0.00000      -     -   13s
     0     0    0.00000    0   18          -    0.00000      -     -   13s
     0     0    0.00000    0   18          -    0.00000      -     -   14s
H    0     0                       0.0000000    0.00000  0.00%     -   14s

Cutting planes:
  Cover: 3
  MIR: 5
  Relax-and-lift: 36

Explored 1 nodes (96627 simplex iterations) in 14.43 seconds
Thread count was 1 (of 4 available processors)

Solution count 1: 0 

Optimal solution found (tolerance 1.00e-04)
Best objective 0.000000000000e+00, best bound 0.000000000000e+00, gap 0.0000%
Changed value of parameter TimeLimit to 99.92119574546814
   Prev: inf  Min: 0.0  Max: inf  Default: inf
Gurobi Optimizer version 9.0.1 build v9.0.1rc0 (linux64)
Optimize a model with 7470 rows, 7260 columns and 30778 nonzeros
Model fingerprint: 0xa98cab86
Variable types: 60 continuous, 7200 integer (7200 binary)
Coefficient statistics:
  Matrix range     [1e+00, 5e+02]
  Objective range  [0e+00, 0e+00]
  Bounds range     [1e+00, 1e+00]
  RHS range        [1e+00, 3e+03]
Presolve removed 2083 rows and 2053 columns
Presolve time: 0.73s
Presolved: 5387 rows, 5207 columns, 20766 nonzeros
Variable types: 60 continuous, 5147 integer (5147 binary)

Root relaxation: objective 0.000000e+00, 1027 iterations, 0.04 seconds

    Nodes    |    Current Node    |     Objective Bounds      |     Work
 Expl Unexpl |  Obj  Depth IntInf | Incumbent    BestBd   Gap | It/Node Time

     0     0    0.00000    0   71          -    0.00000      -     -    1s
     0     0    0.00000    0  292          -    0.00000      -     -    1s
     0     0    0.00000    0  105          -    0.00000      -     -    7s
     0     0    0.00000    0  105          -    0.00000      -     -    7s
     0     0    0.00000    0   79          -    0.00000      -     -    7s
     0     0    0.00000    0   40          -    0.00000      -     -    7s
     0     0    0.00000    0   42          -    0.00000      -     -    7s
     0     0    0.00000    0   75          -    0.00000      -     -    8s
     0     0    0.00000    0   74          -    0.00000      -     -    8s
     0     0    0.00000    0   57          -    0.00000      -     -    8s
     0     0    0.00000    0   68          -    0.00000      -     -    8s
     0     0    0.00000    0   66          -    0.00000      -     -    8s
     0     0    0.00000    0   73          -    0.00000      -     -    8s
     0     0    0.00000    0   33          -    0.00000      -     -    8s
     0     0    0.00000    0   31          -    0.00000      -     -    8s
     0     0    0.00000    0   79          -    0.00000      -     -    9s
     0     0    0.00000    0   30          -    0.00000      -     -    9s
     0     0    0.00000    0   23          -    0.00000      -     -   10s
     0     0    0.00000    0  147          -    0.00000      -     -   10s
     0     0    0.00000    0   90          -    0.00000      -     -   11s
     0     0    0.00000    0   44          -    0.00000      -     -   11s
     0     0    0.00000    0   31          -    0.00000      -     -   11s
     0     0    0.00000    0   29          -    0.00000      -     -   11s
     0     0    0.00000    0   28          -    0.00000      -     -   11s
     0     0    0.00000    0   27          -    0.00000      -     -   11s
     0     0    0.00000    0   25          -    0.00000      -     -   11s
     0     0    0.00000    0   14          -    0.00000      -     -   11s
     0     2    0.00000    0   14          -    0.00000      -     -   12s
    46    38    0.00000   27  459          -    0.00000      -   154   15s
   318   173    0.00000   80  170          -    0.00000      -   160   20s
   511   290    0.00000   12  292          -    0.00000      -   191   28s
H  515   278                       0.0000000    0.00000  0.00%   189   29s

Cutting planes:
  Gomory: 1
  Projected implied bound: 2
  MIR: 1
  Flow cover: 14
  Relax-and-lift: 2

Explored 515 nodes (155936 simplex iterations) in 29.32 seconds
Thread count was 1 (of 4 available processors)

Solution count 1: 0 

Optimal solution found (tolerance 1.00e-04)
Best objective 0.000000000000e+00, best bound 0.000000000000e+00, gap 0.0000%
Changed value of parameter TimeLimit to 70.25089645385742
   Prev: inf  Min: 0.0  Max: inf  Default: inf
Gurobi Optimizer version 9.0.1 build v9.0.1rc0 (linux64)
Optimize a model with 7471 rows, 7260 columns and 30838 nonzeros
Model fingerprint: 0xa68f06d1
Variable types: 60 continuous, 7200 integer (7200 binary)
Coefficient statistics:
  Matrix range     [1e+00, 5e+02]
  Objective range  [0e+00, 0e+00]
  Bounds range     [1e+00, 1e+00]
  RHS range        [1e+00, 3e+03]
Presolve removed 2161 rows and 2130 columns
Presolve time: 0.76s
Presolved: 5310 rows, 5130 columns, 20458 nonzeros
Variable types: 60 continuous, 5070 integer (5070 binary)

Root relaxation: objective 0.000000e+00, 947 iterations, 0.05 seconds

    Nodes    |    Current Node    |     Objective Bounds      |     Work
 Expl Unexpl |  Obj  Depth IntInf | Incumbent    BestBd   Gap | It/Node Time

     0     0    0.00000    0  151          -    0.00000      -     -    1s
     0     0    0.00000    0   27          -    0.00000      -     -    1s
     0     0    0.00000    0   87          -    0.00000      -     -    7s
     0     0    0.00000    0   98          -    0.00000      -     -    7s
     0     0    0.00000    0   53          -    0.00000      -     -    7s
     0     0    0.00000    0   53          -    0.00000      -     -    7s
     0     0    0.00000    0   50          -    0.00000      -     -    8s
     0     0    0.00000    0  107          -    0.00000      -     -    8s
     0     0    0.00000    0   22          -    0.00000      -     -    8s
     0     0    0.00000    0   24          -    0.00000      -     -    8s
     0     0    0.00000    0   66          -    0.00000      -     -    8s
     0     0    0.00000    0   69          -    0.00000      -     -    8s
     0     0    0.00000    0   44          -    0.00000      -     -    8s
     0     0    0.00000    0   36          -    0.00000      -     -    8s
     0     0    0.00000    0   36          -    0.00000      -     -    9s
     0     0    0.00000    0   16          -    0.00000      -     -    9s
     0     0    0.00000    0   36          -    0.00000      -     -   10s
     0     0    0.00000    0  119          -    0.00000      -     -   10s
     0     0    0.00000    0  120          -    0.00000      -     -   10s
     0     0    0.00000    0   47          -    0.00000      -     -   10s
     0     0    0.00000    0   20          -    0.00000      -     -   10s
     0     0    0.00000    0   23          -    0.00000      -     -   10s
     0     0    0.00000    0  103          -    0.00000      -     -   10s
     0     0    0.00000    0   58          -    0.00000      -     -   10s
     0     0    0.00000    0   47          -    0.00000      -     -   10s
     0     0    0.00000    0   34          -    0.00000      -     -   10s
     0     0    0.00000    0   20          -    0.00000      -     -   11s
     0     2    0.00000    0   20          -    0.00000      -     -   11s
    83    48    0.00000   54  399          -    0.00000      -   227   15s
   329   198    0.00000   99   31          -    0.00000      -   163   20s
H  515   295                       0.0000000    0.00000  0.00%   169   24s

Cutting planes:
  Gomory: 5
  Cover: 1
  Projected implied bound: 19
  MIR: 19
  Flow cover: 74
  GUB cover: 1
  Relax-and-lift: 30

Explored 515 nodes (144906 simplex iterations) in 24.83 seconds
Thread count was 1 (of 4 available processors)

Solution count 1: 0 

Optimal solution found (tolerance 1.00e-04)
Best objective 0.000000000000e+00, best bound 0.000000000000e+00, gap 0.0000%
Changed value of parameter TimeLimit to 45.074798583984375
   Prev: inf  Min: 0.0  Max: inf  Default: inf
Gurobi Optimizer version 9.0.1 build v9.0.1rc0 (linux64)
Optimize a model with 7472 rows, 7260 columns and 30898 nonzeros
Model fingerprint: 0x41494c89
Variable types: 60 continuous, 7200 integer (7200 binary)
Coefficient statistics:
  Matrix range     [1e+00, 5e+02]
  Objective range  [0e+00, 0e+00]
  Bounds range     [1e+00, 1e+00]
  RHS range        [1e+00, 3e+03]
Presolve removed 2209 rows and 2177 columns
Presolve time: 0.75s
Presolved: 5263 rows, 5083 columns, 20270 nonzeros
Variable types: 60 continuous, 5023 integer (5023 binary)

Root relaxation: objective 0.000000e+00, 1080 iterations, 0.05 seconds

    Nodes    |    Current Node    |     Objective Bounds      |     Work
 Expl Unexpl |  Obj  Depth IntInf | Incumbent    BestBd   Gap | It/Node Time

     0     0    0.00000    0  109          -    0.00000      -     -    1s
     0     0    0.00000    0   40          -    0.00000      -     -    1s
     0     0    0.00000    0   64          -    0.00000      -     -    7s
     0     0    0.00000    0   96          -    0.00000      -     -    7s
     0     0    0.00000    0   96          -    0.00000      -     -    7s
     0     0    0.00000    0   63          -    0.00000      -     -    8s
     0     0    0.00000    0   62          -    0.00000      -     -    8s
     0     0    0.00000    0  131          -    0.00000      -     -    8s
     0     0    0.00000    0   99          -    0.00000      -     -    8s
     0     0    0.00000    0   74          -    0.00000      -     -    8s
     0     0    0.00000    0   74          -    0.00000      -     -    9s
     0     0    0.00000    0   35          -    0.00000      -     -   10s
     0     0    0.00000    0   73          -    0.00000      -     -   10s
     0     0    0.00000    0   69          -    0.00000      -     -   10s
     0     0    0.00000    0   54          -    0.00000      -     -   10s
     0     0    0.00000    0   50          -    0.00000      -     -   10s
     0     0    0.00000    0   23          -    0.00000      -     -   10s
     0     0    0.00000    0   22          -    0.00000      -     -   10s
     0     0    0.00000    0   45          -    0.00000      -     -   10s
     0     0    0.00000    0   88          -    0.00000      -     -   10s
     0     0    0.00000    0  103          -    0.00000      -     -   10s
     0     0    0.00000    0  103          -    0.00000      -     -   11s
     0     2    0.00000    0   28          -    0.00000      -     -   12s
    54    44    0.00000   32  149          -    0.00000      -   231   15s
*  447     3              58       0.0000000    0.00000  0.00%  85.4   17s

Cutting planes:
  Cover: 7
  Clique: 2
  MIR: 33
  Relax-and-lift: 57

Explored 448 nodes (80608 simplex iterations) in 17.17 seconds
Thread count was 1 (of 4 available processors)

Solution count 1: 0 

Optimal solution found (tolerance 1.00e-04)
Best objective 0.000000000000e+00, best bound 0.000000000000e+00, gap 0.0000%
Changed value of parameter TimeLimit to 27.559759616851807
   Prev: inf  Min: 0.0  Max: inf  Default: inf
Gurobi Optimizer version 9.0.1 build v9.0.1rc0 (linux64)
Optimize a model with 7473 rows, 7260 columns and 30958 nonzeros
Model fingerprint: 0xbd07adcd
Variable types: 60 continuous, 7200 integer (7200 binary)
Coefficient statistics:
  Matrix range     [1e+00, 5e+02]
  Objective range  [0e+00, 0e+00]
  Bounds range     [1e+00, 1e+00]
  RHS range        [1e+00, 3e+03]
Presolve removed 2258 rows and 2225 columns
Presolve time: 0.74s
Presolved: 5215 rows, 5035 columns, 20078 nonzeros
Variable types: 60 continuous, 4975 integer (4975 binary)

Root relaxation: objective 0.000000e+00, 918 iterations, 0.04 seconds

    Nodes    |    Current Node    |     Objective Bounds      |     Work
 Expl Unexpl |  Obj  Depth IntInf | Incumbent    BestBd   Gap | It/Node Time

     0     0    0.00000    0   48          -    0.00000      -     -    1s
     0     0    0.00000    0  121          -    0.00000      -     -    1s
     0     0    0.00000    0   88          -    0.00000      -     -    6s
     0     0    0.00000    0   56          -    0.00000      -     -    7s
     0     0    0.00000    0   56          -    0.00000      -     -    7s
     0     0    0.00000    0   76          -    0.00000      -     -    7s
     0     0    0.00000    0   64          -    0.00000      -     -    7s
     0     0    0.00000    0   53          -    0.00000      -     -    7s
     0     0    0.00000    0   57          -    0.00000      -     -    7s
     0     0    0.00000    0   52          -    0.00000      -     -    7s
     0     0    0.00000    0   54          -    0.00000      -     -    7s
     0     0    0.00000    0   67          -    0.00000      -     -    7s
     0     0    0.00000    0   74          -    0.00000      -     -    7s
     0     0    0.00000    0   62          -    0.00000      -     -    8s
     0     0    0.00000    0   26          -    0.00000      -     -    8s
     0     0    0.00000    0   85          -    0.00000      -     -    9s
     0     0    0.00000    0   91          -    0.00000      -     -    9s
     0     0    0.00000    0   91          -    0.00000      -     -    9s
     0     0    0.00000    0  238          -    0.00000      -     -    9s
     0     0    0.00000    0  237          -    0.00000      -     -    9s
     0     0    0.00000    0   34          -    0.00000      -     -    9s
     0     0    0.00000    0   79          -    0.00000      -     -    9s
     0     0    0.00000    0   30          -    0.00000      -     -    9s
     0     0    0.00000    0   33          -    0.00000      -     -    9s
     0     0    0.00000    0   31          -    0.00000      -     -   10s
     0     0    0.00000    0   19          -    0.00000      -     -   10s
     0     2    0.00000    0   19          -    0.00000      -     -   11s
    33    13    0.00000   12  212          -    0.00000      -   473   15s
   451    56    0.00000   56  158          -    0.00000      -   134   20s
  1553   166    0.00000   44  121          -    0.00000      -  80.2   26s

Cutting planes:
  Cover: 18
  Projected implied bound: 20
  Clique: 3
  MIR: 12
  Flow cover: 110
  GUB cover: 6
  Relax-and-lift: 17

Explored 1568 nodes (187429 simplex iterations) in 27.57 seconds
Thread count was 1 (of 4 available processors)

Solution count 0

Time limit reached
Best objective -, best bound 0.000000000000e+00, gap -
