Using license file /home/benedond/gurobi.lic
Using gurobi.env file
Set parameter Threads to value 1
Academic license - for non-commercial use only
Changed value of parameter TimeLimit to 300.0
   Prev: inf  Min: 0.0  Max: inf  Default: inf
Gurobi Optimizer version 9.0.1 build v9.0.1rc0 (linux64)
Optimize a model with 14700 rows, 7320 columns and 57838 nonzeros
Model fingerprint: 0xbd08e801
Variable types: 60 continuous, 7260 integer (7200 binary)
Coefficient statistics:
  Matrix range     [2e-01, 9e+03]
  Objective range  [4e-04, 2e-01]
  Bounds range     [1e+00, 1e+00]
  RHS range        [1e+00, 9e+03]

---------------------------------------------------------------------------
Multi-objectives: starting optimization with 1 objectives ... 
---------------------------------------------------------------------------
---------------------------------------------------------------------------

Multi-objectives: optimize objective 1 (min avg power cons) ...
---------------------------------------------------------------------------

Optimize a model with 14700 rows, 7320 columns and 57838 nonzeros
Variable types: 60 continuous, 7260 integer (7200 binary)
Coefficient statistics:
  Matrix range     [2e-01, 9e+03]
  Objective range  [4e-04, 2e-01]
  Bounds range     [1e+00, 1e+00]
  RHS range        [1e+00, 9e+03]
Presolve removed 2892 rows and 1446 columns
Presolve time: 0.82s
Presolved: 11808 rows, 5874 columns, 46270 nonzeros
Variable types: 60 continuous, 5814 integer (5754 binary)

Root relaxation: objective 1.379170e+00, 1218 iterations, 0.11 seconds

    Nodes    |    Current Node    |     Objective Bounds      |     Work
 Expl Unexpl |  Obj  Depth IntInf | Incumbent    BestBd   Gap | It/Node Time

     0     0    1.37917    0  148          -    1.37917      -     -    8s
H    0     0                       3.7271215    1.37917  63.0%     -    9s
H    0     0                       3.6300729    1.37917  62.0%     -   14s
     0     0    1.37917    0  139    3.63007    1.37917  62.0%     -   15s
     0     0    1.37917    0  139    3.63007    1.37917  62.0%     -   17s
H    0     0                       3.6176032    1.37917  61.9%     -   18s
     0     0    1.37917    0  165    3.61760    1.37917  61.9%     -   18s
     0     0    1.38933    0  154    3.61760    1.38933  61.6%     -   18s
     0     0    1.44298    0  160    3.61760    1.44298  60.1%     -   19s
     0     0    1.44298    0  151    3.61760    1.44298  60.1%     -   19s
     0     0    1.46808    0  202    3.61760    1.46808  59.4%     -   19s
     0     0    1.46808    0  269    3.61760    1.46808  59.4%     -   19s
     0     0    1.53889    0  185    3.61760    1.53889  57.5%     -   20s
     0     0    1.53889    0  191    3.61760    1.53889  57.5%     -   20s
     0     0    1.55825    0  215    3.61760    1.55825  56.9%     -   20s
     0     0    1.58792    0  182    3.61760    1.58792  56.1%     -   20s
     0     0    1.59553    0  170    3.61760    1.59553  55.9%     -   21s
     0     0    1.59568    0  176    3.61760    1.59568  55.9%     -   21s
     0     0    1.59602    0  224    3.61760    1.59602  55.9%     -   21s
     0     0    1.59606    0  201    3.61760    1.59606  55.9%     -   21s
     0     0    1.59803    0  157    3.61760    1.59803  55.8%     -   22s
H    0     0                       3.4010041    1.59803  53.0%     -   22s
     0     0    1.59975    0  190    3.40100    1.59975  53.0%     -   22s
     0     0    1.63210    0  212    3.40100    1.63210  52.0%     -   22s
     0     0    1.64477    0  250    3.40100    1.64477  51.6%     -   22s
     0     0    1.66969    0  276    3.40100    1.66969  50.9%     -   23s
     0     0    1.67279    0  289    3.40100    1.67279  50.8%     -   23s
     0     0    1.68523    0  295    3.40100    1.68523  50.4%     -   24s
     0     0    1.68718    0  314    3.40100    1.68718  50.4%     -   24s
     0     0    1.69040    0  306    3.40100    1.69040  50.3%     -   24s
     0     0    1.69201    0  276    3.40100    1.69201  50.2%     -   25s
     0     0    1.69432    0  319    3.40100    1.69432  50.2%     -   25s
H    0     0                       3.3753360    1.69432  49.8%     -   28s
     0     0    1.69564    0  379    3.37534    1.69564  49.8%     -   28s
     0     0    1.69927    0  319    3.37534    1.69927  49.7%     -   28s
     0     0    1.70045    0  348    3.37534    1.70045  49.6%     -   28s
     0     0    1.70516    0  361    3.37534    1.70516  49.5%     -   29s
     0     0    1.70619    0  331    3.37534    1.70619  49.5%     -   29s
     0     0    1.70635    0  327    3.37534    1.70635  49.4%     -   29s
     0     0    1.70642    0  343    3.37534    1.70642  49.4%     -   29s
     0     0    1.70999    0  336    3.37534    1.70999  49.3%     -   30s
     0     0    1.71188    0  335    3.37534    1.71188  49.3%     -   30s
     0     0    1.71207    0  355    3.37534    1.71207  49.3%     -   30s
     0     0    1.71216    0  346    3.37534    1.71216  49.3%     -   30s
     0     0    1.71530    0  352    3.37534    1.71530  49.2%     -   30s
     0     0    1.71723    0  371    3.37534    1.71723  49.1%     -   31s
     0     0    1.71748    0  367    3.37534    1.71748  49.1%     -   31s
     0     0    1.71764    0  374    3.37534    1.71764  49.1%     -   31s
     0     0    1.71774    0  384    3.37534    1.71774  49.1%     -   31s
     0     0    1.71983    0  381    3.37534    1.71983  49.0%     -   31s
     0     0    1.72027    0  394    3.37534    1.72027  49.0%     -   32s
     0     0    1.72050    0  402    3.37534    1.72050  49.0%     -   32s
     0     0    1.72062    0  404    3.37534    1.72062  49.0%     -   32s
     0     0    1.72066    0  406    3.37534    1.72066  49.0%     -   32s
     0     0    1.72161    0  373    3.37534    1.72161  49.0%     -   32s
     0     0    1.72185    0  395    3.37534    1.72185  49.0%     -   32s
     0     0    1.72191    0  414    3.37534    1.72191  49.0%     -   33s
     0     0    1.72457    0  388    3.37534    1.72457  48.9%     -   33s
     0     0    1.72515    0  441    3.37534    1.72515  48.9%     -   33s
     0     0    1.72540    0  465    3.37534    1.72540  48.9%     -   34s
     0     0    1.72547    0  372    3.37534    1.72547  48.9%     -   34s
     0     0    1.72682    0  419    3.37534    1.72682  48.8%     -   34s
     0     0    1.72754    0  457    3.37534    1.72754  48.8%     -   34s
     0     0    1.72760    0  452    3.37534    1.72760  48.8%     -   34s
     0     0    1.72844    0  377    3.37534    1.72844  48.8%     -   35s
     0     0    1.72881    0  382    3.37534    1.72881  48.8%     -   35s
     0     0    1.72889    0  391    3.37534    1.72889  48.8%     -   35s
     0     0    1.72956    0  417    3.37534    1.72956  48.8%     -   36s
     0     0    1.72956    0  401    3.37534    1.72956  48.8%     -   36s
     0     2    1.72956    0  401    3.37534    1.72956  48.8%     -   37s
    20    22    1.78188   15  235    3.37534    1.72956  48.8%   819   40s
H   27    27                       3.2832672    1.72956  47.3%   792   42s
H   54    48                       3.2780486    1.72956  47.2%   459   44s
    66    60    2.00874   51  189    3.27805    1.72956  47.2%   386   45s
H   81    71                       3.2621457    1.72956  47.0%   329   46s
H  106    94                       3.2041822    1.72956  46.0%   278   49s
H  108    94                       3.1990850    1.72956  45.9%   275   51s
H  422   365                       3.1946073    1.72956  45.9%  95.3   54s
   430   375    2.11056   12  322    3.19461    1.72956  45.9%   103   55s
H  454   397                       3.1878057    1.72956  45.7%   106   58s
   479   424    1.99498   57  247    3.18781    1.72956  45.7%   121   60s
   511   455    2.09268   80  139    3.18781    1.72956  45.7%   137   67s
H  512   433                       3.1842186    1.72956  45.7%   137   69s
   515   435    2.83196  260  194    3.18422    1.72956  45.7%   136   70s
   523   440    2.22223  110  485    3.18422    1.73551  45.5%   134   75s
   530   445    2.60748  172  470    3.18422    1.74301  45.3%   132   80s
H  535   425                       3.1613360    1.74815  44.7%   131   87s
   540   428    2.69384  174  558    3.16134    1.75005  44.6%   130   90s
   546   432    2.29802   49  541    3.16134    1.75315  44.5%   128   95s
   551   436    2.70397  211  577    3.16134    1.75647  44.4%   127  100s
   557   440    2.83108  264  615    3.16134    1.75904  44.4%   126  105s
   563   444    1.91901   42  576    3.16134    1.76123  44.3%   124  110s
   569   448    2.08732   49  624    3.16134    1.76305  44.2%   123  116s
   574   451    1.87331   37  584    3.16134    1.76449  44.2%   122  120s
   579   454    1.88043   60  575    3.16134    1.76606  44.1%   121  125s
H  583   433                       3.1398300    1.76776  43.7%   120  131s
   587   436    1.88077   20  574    3.13983    1.77140  43.6%   119  135s
   593   440    2.14972   97  585    3.13983    1.77496  43.5%   118  140s
   598   443    1.85191   18  585    3.13983    1.77724  43.4%   117  145s
   603   446    2.83108  261  543    3.13983    1.77968  43.3%   116  150s
   609   450    2.25031   11  577    3.13983    1.78203  43.2%   115  155s
   615   454    2.83196  260  620    3.13983    1.78342  43.2%   114  161s
   620   458    2.15137   93  577    3.13983    1.78447  43.2%   113  165s
   625   461    2.86335  186  588    3.13983    1.78572  43.1%   112  170s
H  625   436                       3.1211174    1.78593  42.8%   112  172s
   629   439    2.83196  266  543    3.12112    1.78628  42.8%   111  175s
   635   443    2.83350  283  553    3.12112    1.78715  42.7%   110  181s
   640   446    2.69384  174  567    3.12112    1.78825  42.7%   109  185s
   645   449    2.14972  100  521    3.12112    1.78908  42.7%   109  190s
   651   453    2.70397  211  507    3.12112    1.79004  42.6%   108  195s
   656   457    2.70397  211  509    3.12112    1.79083  42.6%   107  200s
   661   460    2.83667  292  523    3.12112    1.79161  42.6%   106  205s
   667   464    2.92789  316  492    3.12112    1.79241  42.6%   105  211s
   671   467    2.88732  251  534    3.12112    1.79363  42.5%   104  215s
H  675   443                       3.1147814    1.79510  42.4%   104  221s
   679   446    1.88043   60  463    3.11478    1.79604  42.3%   103  225s
   684   449    2.83935  306  549    3.11478    1.79658  42.3%   102  230s
   689   453    3.07211  321  467    3.11478    1.79716  42.3%   102  235s
   694   456    2.14001   84  489    3.11478    1.79877  42.3%   101  240s
   699   459    1.87312   33  578    3.11478    1.79942  42.2%   100  245s
H  703   435                       3.0953684    1.80003  41.8%   100  253s
   706   437    2.83196  260  564    3.09537    1.80017  41.8%  99.2  255s
   711   440    2.09268   80  560    3.09537    1.80080  41.8%  98.5  260s
   718   447    1.97772   69  284    3.09537    1.80096  41.8%   476  266s
   723   450    2.22223  110  480    3.09537    1.80096  41.8%   473  270s
   729   454    2.83196  266  493    3.09537    1.80188  41.8%   469  275s
H  732   432                       3.0817733    1.80248  41.5%   467  281s
   738   436    1.98288   70  508    3.08177    1.80280  41.5%   463  285s
   745   441    2.14972  100  529    3.08177    1.80313  41.5%   459  290s
   751   445    2.70397  211  525    3.08177    1.80342  41.5%   455  295s

Cutting planes:
  Cover: 2
  Implied bound: 40
  Projected implied bound: 14
  MIR: 257
  Flow cover: 265
  GUB cover: 23
  RLT: 2
  Relax-and-lift: 136

Explored 757 nodes (461121 simplex iterations) in 300.15 seconds
Thread count was 1 (of 4 available processors)

Solution count 10: 3.08177 3.09537 3.11478 ... 3.19909

Time limit reached
Best objective 3.081773284844e+00, best bound 1.803745161121e+00, gap 41.4705%

---------------------------------------------------------------------------
Multi-objectives: stopped in 300.16 seconds, solution count 10
Time Limit reached

