Academic license - for non-commercial use only - expires 2022-11-10
Using license file /home/benedond/Apps/gurobi/gurobi950/gurobi.lic
Using gurobi.env file
Set parameter Threads to value 1
Changed value of parameter TimeLimit to 1200.0
   Prev: inf  Min: 0.0  Max: inf  Default: inf
Gurobi Optimizer version 9.1.2 build v9.1.2rc0 (linux64)
Thread count: 2 physical cores, 4 logical processors, using up to 1 threads
Optimize a model with 975 rows, 480 columns and 3658 nonzeros
Model fingerprint: 0x4aa0298e
Variable types: 15 continuous, 465 integer (450 binary)
Coefficient statistics:
  Matrix range     [2e-01, 3e+03]
  Objective range  [1e-03, 4e-01]
  Bounds range     [1e+00, 1e+00]
  RHS range        [1e+00, 3e+03]

---------------------------------------------------------------------------
Multi-objectives: starting optimization with 1 objectives ... 
---------------------------------------------------------------------------
---------------------------------------------------------------------------

Multi-objectives: optimize objective 1 (min avg power cons) ...
---------------------------------------------------------------------------

Optimize a model with 975 rows, 480 columns and 3658 nonzeros
Model fingerprint: 0x2ee86885
Variable types: 15 continuous, 465 integer (450 binary)
Coefficient statistics:
  Matrix range     [2e-01, 3e+03]
  Objective range  [1e-03, 4e-01]
  Bounds range     [1e+00, 1e+00]
  RHS range        [1e+00, 3e+03]
Presolve removed 701 rows and 324 columns
Presolve time: 0.03s
Presolved: 274 rows, 156 columns, 1689 nonzeros
Variable types: 9 continuous, 147 integer (138 binary)
Found heuristic solution: objective 5.5133768

Root relaxation: objective 1.944829e+00, 91 iterations, 0.00 seconds

    Nodes    |    Current Node    |     Objective Bounds      |     Work
 Expl Unexpl |  Obj  Depth IntInf | Incumbent    BestBd   Gap | It/Node Time

     0     0    1.94483    0   40    5.51338    1.94483  64.7%     -    0s
H    0     0                       4.7554348    1.94483  59.1%     -    0s
     0     0    2.26113    0   38    4.75543    2.26113  52.5%     -    0s
H    0     0                       4.3076087    2.26113  47.5%     -    0s
     0     0    2.26160    0   38    4.30761    2.26160  47.5%     -    0s
     0     0    2.41157    0   43    4.30761    2.41157  44.0%     -    0s
     0     0    2.43400    0   45    4.30761    2.43400  43.5%     -    0s
     0     0    2.58556    0   48    4.30761    2.58556  40.0%     -    0s
H    0     0                       4.1872174    2.58556  38.3%     -    0s
H    0     0                       4.1634783    2.58556  37.9%     -    0s
     0     0    2.63958    0   40    4.16348    2.63958  36.6%     -    0s
     0     0    2.66519    0   47    4.16348    2.66519  36.0%     -    0s
     0     0    2.67079    0   47    4.16348    2.67079  35.9%     -    0s
     0     0    2.67083    0   46    4.16348    2.67083  35.9%     -    0s
     0     0    2.71303    0   51    4.16348    2.71303  34.8%     -    0s
H    0     0                       4.0352754    2.71303  32.8%     -    0s
     0     0    2.71810    0   48    4.03528    2.71810  32.6%     -    0s
     0     0    2.72042    0   52    4.03528    2.72042  32.6%     -    0s
     0     0    2.72083    0   49    4.03528    2.72083  32.6%     -    0s
     0     0    2.72090    0   49    4.03528    2.72090  32.6%     -    0s
     0     0    2.72281    0   50    4.03528    2.72281  32.5%     -    0s
     0     0    2.72295    0   52    4.03528    2.72295  32.5%     -    0s
     0     0    2.72579    0   52    4.03528    2.72579  32.5%     -    0s
     0     0    2.72894    0   52    4.03528    2.72894  32.4%     -    0s
     0     0    2.72915    0   50    4.03528    2.72915  32.4%     -    0s
     0     0    2.72940    0   53    4.03528    2.72940  32.4%     -    0s
     0     0    2.72940    0   53    4.03528    2.72940  32.4%     -    0s
     0     0    2.73170    0   53    4.03528    2.73170  32.3%     -    0s
     0     0    2.73170    0   53    4.03528    2.73170  32.3%     -    0s
     0     0    2.73195    0   51    4.03528    2.73195  32.3%     -    0s
     0     0    2.73195    0   47    4.03528    2.73195  32.3%     -    0s
H    0     0                       3.9588841    2.73195  31.0%     -    0s
H    0     0                       3.8947102    2.73340  29.8%     -    0s
     0     2    2.73340    0   46    3.89471    2.73340  29.8%     -    0s
*   30    16               9       3.8693189    2.77278  28.3%  24.9    0s
*   33    17              11       3.8051449    2.77278  27.1%  22.8    0s
*   34    16              11       3.7409710    2.77278  25.9%  22.3    0s
*  469    90              22       3.6925797    3.23124  12.5%  20.0    0s
H  556    91                       3.6713768    3.28039  10.6%  19.5    0s
*  792   105              31       3.6546667    3.33614  8.72%  18.5    0s
*  887    91              17       3.6340869    3.37765  7.06%  18.5    0s
*  909    83              12       3.6297391    3.39772  6.39%  18.4    0s
* 1090    18              17       3.5816522    3.53912  1.19%  17.8    0s

Cutting planes:
  Learned: 6
  Gomory: 4
  Cover: 35
  Implied bound: 59
  Clique: 3
  MIR: 106
  StrongCG: 13
  GUB cover: 3
  Inf proof: 2
  Zero half: 2
  RLT: 10
  Relax-and-lift: 30

Explored 1109 nodes (20259 simplex iterations) in 0.72 seconds
Thread count was 1 (of 4 available processors)

Solution count 10: 3.58165 3.62974 3.63409 ... 3.89471

Optimal solution found (tolerance 1.00e-04)
Best objective 3.581652166101e+00, best bound 3.581652166101e+00, gap 0.0000%

---------------------------------------------------------------------------
Multi-objectives: solved in 0.72 seconds, solution count 10

