Academic license - for non-commercial use only - expires 2022-11-10
Using license file /home/benedond/Apps/gurobi/gurobi950/gurobi.lic
Using gurobi.env file
Set parameter Threads to value 1
Changed value of parameter TimeLimit to 1200.0
   Prev: inf  Min: 0.0  Max: inf  Default: inf
Gurobi Optimizer version 9.1.2 build v9.1.2rc0 (linux64)
Thread count: 2 physical cores, 4 logical processors, using up to 1 threads
Optimize a model with 1505 rows, 1379 columns and 6603 nonzeros
Model fingerprint: 0x84412f47
Variable types: 50 continuous, 1329 integer (1329 binary)
Coefficient statistics:
  Matrix range     [2e-01, 4e+02]
  Objective range  [2e-02, 4e-01]
  Bounds range     [1e+00, 1e+00]
  RHS range        [1e+00, 1e+03]
Found heuristic solution: objective 4.4626364
Presolve removed 163 rows and 71 columns
Presolve time: 0.03s
Presolved: 1342 rows, 1308 columns, 6174 nonzeros
Variable types: 49 continuous, 1259 integer (1259 binary)

Root relaxation: objective 2.045866e+00, 1646 iterations, 0.04 seconds

    Nodes    |    Current Node    |     Objective Bounds      |     Work
 Expl Unexpl |  Obj  Depth IntInf | Incumbent    BestBd   Gap | It/Node Time

     0     0    2.04587    0  111    4.46264    2.04587  54.2%     -    0s
H    0     0                       3.4514637    2.04587  40.7%     -    0s
H    0     0                       3.4219637    2.04587  40.2%     -    0s
     0     0    2.17203    0  123    3.42196    2.17203  36.5%     -    0s
H    0     0                       3.2828182    2.17203  33.8%     -    0s
     0     0    2.17265    0  131    3.28282    2.17265  33.8%     -    0s
     0     0    2.26055    0  177    3.28282    2.26055  31.1%     -    0s
     0     0    2.26936    0  143    3.28282    2.26936  30.9%     -    0s
     0     0    2.34467    0  116    3.28282    2.34467  28.6%     -    0s
     0     0    2.35940    0  148    3.28282    2.35940  28.1%     -    0s
     0     0    2.36447    0  152    3.28282    2.36447  28.0%     -    0s
     0     0    2.36565    0  161    3.28282    2.36565  27.9%     -    0s
     0     0    2.36571    0  151    3.28282    2.36571  27.9%     -    0s
     0     0    2.40833    0  145    3.28282    2.40833  26.6%     -    0s
H    0     0                       3.2796818    2.40833  26.6%     -    0s
     0     0    2.42705    0  131    3.27968    2.42705  26.0%     -    0s
     0     0    2.43393    0  139    3.27968    2.43393  25.8%     -    0s
     0     0    2.43602    0  136    3.27968    2.43602  25.7%     -    0s
     0     0    2.43727    0  119    3.27968    2.43727  25.7%     -    0s
     0     0    2.43794    0  124    3.27968    2.43794  25.7%     -    0s
     0     0    2.43798    0  129    3.27968    2.43798  25.7%     -    0s
     0     0    2.44860    0  131    3.27968    2.44860  25.3%     -    0s
     0     0    2.45370    0  140    3.27968    2.45370  25.2%     -    0s
     0     0    2.45544    0  133    3.27968    2.45544  25.1%     -    0s
     0     0    2.45572    0  142    3.27968    2.45572  25.1%     -    0s
     0     0    2.45573    0  129    3.27968    2.45573  25.1%     -    0s
     0     0    2.47861    0  145    3.27968    2.47861  24.4%     -    0s
     0     0    2.48252    0  167    3.27968    2.48252  24.3%     -    0s
     0     0    2.48376    0  161    3.27968    2.48376  24.3%     -    0s
     0     0    2.48465    0  175    3.27968    2.48465  24.2%     -    0s
     0     0    2.48508    0  180    3.27968    2.48508  24.2%     -    0s
     0     0    2.48532    0  179    3.27968    2.48532  24.2%     -    0s
     0     0    2.49650    0  152    3.27968    2.49650  23.9%     -    0s
H    0     0                       3.1107091    2.49650  19.7%     -    0s
     0     0    2.49975    0  128    3.11071    2.49975  19.6%     -    0s
     0     0    2.50062    0  130    3.11071    2.50062  19.6%     -    0s
     0     0    2.50100    0  180    3.11071    2.50100  19.6%     -    0s
     0     0    2.50102    0  157    3.11071    2.50102  19.6%     -    0s
     0     0    2.50937    0  133    3.11071    2.50937  19.3%     -    0s
H    0     0                       3.0641454    2.50937  18.1%     -    0s
     0     0    2.50966    0  155    3.06415    2.50966  18.1%     -    0s
     0     0    2.51544    0  160    3.06415    2.51544  17.9%     -    0s
     0     0    2.51779    0  146    3.06415    2.51779  17.8%     -    0s
     0     0    2.51810    0  174    3.06415    2.51810  17.8%     -    0s
     0     0    2.51980    0  166    3.06415    2.51980  17.8%     -    0s
     0     0    2.52061    0  155    3.06415    2.52061  17.7%     -    0s
     0     0    2.52087    0  188    3.06415    2.52087  17.7%     -    0s
     0     0    2.52456    0  155    3.06415    2.52456  17.6%     -    0s
     0     0    2.52597    0  132    3.06415    2.52597  17.6%     -    0s
     0     0    2.52642    0  145    3.06415    2.52642  17.5%     -    0s
     0     0    2.52645    0  165    3.06415    2.52645  17.5%     -    0s
     0     0    2.52752    0  142    3.06415    2.52752  17.5%     -    0s
     0     0    2.52752    0  139    3.06415    2.52752  17.5%     -    1s
     0     2    2.52753    0  138    3.06415    2.52753  17.5%     -    1s
H   78    60                       3.0255091    2.53677  16.2%   125    2s
   464   315    2.57352    9  129    3.02551    2.55023  15.7%   104    5s
H  614   382                       3.0208818    2.64343  12.5%  85.1    9s
H  620   364                       3.0021636    2.64779  11.8%  84.2    9s
   635   374    2.79999   60  206    3.00216    2.65864  11.4%  82.2   10s
H  731   413                       2.9846818    2.69236  9.79%  71.4   13s
H  765   409                       2.9816545    2.70644  9.23%  68.3   14s
   770   413    2.98165   56  237    2.98165    2.70763  9.19%  67.8   15s
   834   459    2.77734   24  148    2.98165    2.71737  8.86%   113   20s
  1041   490    2.73489   29  119    2.98165    2.72503  8.61%   135   25s
  1677   601    2.84395   49  119    2.98165    2.75291  7.67%   122   30s
* 2393   765              71       2.9461273    2.77051  5.96%   111   34s
  2413   778    2.94333   65   27    2.94613    2.77121  5.94%   111   35s
H 2603   772                       2.9311273    2.77434  5.35%   111   36s
H 2812   720                       2.9012546    2.77766  4.26%   111   38s
H 2959   682                       2.8907091    2.78125  3.79%   110   39s
  3048   710    2.87690   51  102    2.89071    2.78276  3.73%   110   40s
  3592   946     cutoff   41         2.89071    2.79348  3.36%   110   45s
  4230  1088    2.85741   52   85    2.89071    2.80779  2.87%   111   50s
  4925  1195     cutoff   73         2.89071    2.81789  2.52%   112   55s
  5707  1145    2.84792   53   70    2.89071    2.83279  2.00%   109   60s
  6312  1022     cutoff   32         2.89071    2.84394  1.62%   109   65s
  7210   539 infeasible   40         2.89071    2.86289  0.96%   107   70s

Cutting planes:
  Gomory: 3
  Cover: 68
  Implied bound: 6
  Projected implied bound: 2
  Clique: 4
  MIR: 190
  StrongCG: 13
  Flow cover: 360
  GUB cover: 3
  Inf proof: 2
  RLT: 8
  Relax-and-lift: 69

Explored 7932 nodes (817096 simplex iterations) in 72.52 seconds
Thread count was 1 (of 4 available processors)

Solution count 10: 2.89071 2.90125 2.93113 ... 3.06415

Optimal solution found (tolerance 1.00e-04)
Best objective 2.890709093863e+00, best bound 2.890436859998e+00, gap 0.0094%
