Academic license - for non-commercial use only - expires 2022-11-10
Using license file /home/benedond/Apps/gurobi/gurobi950/gurobi.lic
Using gurobi.env file
Set parameter Threads to value 1
Changed value of parameter TimeLimit to 1200.0
   Prev: inf  Min: 0.0  Max: inf  Default: inf
Gurobi Optimizer version 9.1.2 build v9.1.2rc0 (linux64)
Thread count: 2 physical cores, 4 logical processors, using up to 1 threads
Optimize a model with 1512 rows, 1386 columns and 6652 nonzeros
Model fingerprint: 0x918028c1
Variable types: 50 continuous, 1336 integer (1336 binary)
Coefficient statistics:
  Matrix range     [2e-01, 4e+02]
  Objective range  [8e-03, 3e-01]
  Bounds range     [1e+00, 1e+00]
  RHS range        [1e+00, 1e+03]
Presolve removed 162 rows and 72 columns
Presolve time: 0.03s
Presolved: 1350 rows, 1314 columns, 6217 nonzeros
Variable types: 49 continuous, 1265 integer (1265 binary)

Root relaxation: objective 2.010978e+00, 1587 iterations, 0.03 seconds

    Nodes    |    Current Node    |     Objective Bounds      |     Work
 Expl Unexpl |  Obj  Depth IntInf | Incumbent    BestBd   Gap | It/Node Time

     0     0    2.01098    0  109          -    2.01098      -     -    0s
     0     0    2.12412    0  154          -    2.12412      -     -    0s
H    0     0                       4.2717364    2.12412  50.3%     -    0s
H    0     0                       4.2678364    2.12412  50.2%     -    0s
     0     0    2.12659    0  127    4.26784    2.12659  50.2%     -    0s
     0     0    2.17048    0  130    4.26784    2.17048  49.1%     -    0s
H    0     0                       4.1024182    2.17048  47.1%     -    0s
     0     0    2.18162    0  157    4.10242    2.18162  46.8%     -    0s
     0     0    2.24750    0  156    4.10242    2.24750  45.2%     -    0s
H    0     0                       3.6532000    2.24750  38.5%     -    0s
H    0     0                       3.2249273    2.24750  30.3%     -    0s
     0     0    2.30803    0  132    3.22493    2.30803  28.4%     -    0s
     0     0    2.31258    0  134    3.22493    2.31258  28.3%     -    0s
     0     0    2.31320    0  159    3.22493    2.31320  28.3%     -    0s
     0     0    2.31331    0  145    3.22493    2.31331  28.3%     -    0s
     0     0    2.31331    0  147    3.22493    2.31331  28.3%     -    0s
     0     0    2.33557    0  109    3.22493    2.33557  27.6%     -    0s
H    0     0                       3.1892728    2.33557  26.8%     -    0s
     0     0    2.34984    0  163    3.18927    2.34984  26.3%     -    0s
     0     0    2.35297    0  148    3.18927    2.35297  26.2%     -    0s
     0     0    2.35395    0  173    3.18927    2.35395  26.2%     -    0s
     0     0    2.35493    0  182    3.18927    2.35493  26.2%     -    0s
     0     0    2.35504    0  167    3.18927    2.35504  26.2%     -    0s
     0     0    2.37069    0  148    3.18927    2.37069  25.7%     -    0s
H    0     0                       3.0538909    2.37069  22.4%     -    0s
     0     0    2.37507    0  137    3.05389    2.37507  22.2%     -    0s
     0     0    2.37525    0  153    3.05389    2.37525  22.2%     -    0s
     0     0    2.39388    0  152    3.05389    2.39388  21.6%     -    0s
     0     0    2.40495    0  151    3.05389    2.40495  21.2%     -    0s
     0     0    2.40703    0  177    3.05389    2.40703  21.2%     -    0s
     0     0    2.40715    0  159    3.05389    2.40715  21.2%     -    0s
     0     0    2.41282    0  165    3.05389    2.41282  21.0%     -    0s
     0     0    2.41570    0  155    3.05389    2.41570  20.9%     -    0s
     0     0    2.41670    0  156    3.05389    2.41670  20.9%     -    0s
     0     0    2.41697    0  178    3.05389    2.41697  20.9%     -    0s
     0     0    2.42490    0  148    3.05389    2.42490  20.6%     -    0s
H    0     0                       3.0509728    2.42490  20.5%     -    0s
     0     0    2.42986    0  152    3.05097    2.42986  20.4%     -    0s
     0     0    2.43000    0  145    3.05097    2.43000  20.4%     -    0s
     0     0    2.43881    0  152    3.05097    2.43881  20.1%     -    0s
     0     0    2.44068    0  166    3.05097    2.44068  20.0%     -    0s
     0     0    2.44131    0  190    3.05097    2.44131  20.0%     -    1s
     0     0    2.44173    0  179    3.05097    2.44173  20.0%     -    1s
     0     0    2.44183    0  171    3.05097    2.44183  20.0%     -    1s
     0     0    2.45005    0  136    3.05097    2.45005  19.7%     -    1s
     0     0    2.45267    0  148    3.05097    2.45267  19.6%     -    1s
     0     0    2.45341    0  153    3.05097    2.45341  19.6%     -    1s
     0     0    2.45351    0  163    3.05097    2.45351  19.6%     -    1s
     0     0    2.45615    0  168    3.05097    2.45615  19.5%     -    1s
     0     0    2.45737    0  161    3.05097    2.45737  19.5%     -    1s
     0     0    2.45760    0  131    3.05097    2.45760  19.4%     -    1s
     0     0    2.46220    0   97    3.05097    2.46220  19.3%     -    1s
     0     0    2.46312    0  142    3.05097    2.46312  19.3%     -    1s
     0     0    2.46435    0  144    3.05097    2.46435  19.2%     -    1s
     0     0    2.46518    0  157    3.05097    2.46518  19.2%     -    1s
     0     0    2.46545    0  144    3.05097    2.46545  19.2%     -    1s
     0     0    2.46671    0  127    3.05097    2.46671  19.2%     -    1s
     0     0    2.46699    0  128    3.05097    2.46699  19.1%     -    1s
     0     0    2.46933    0  153    3.05097    2.46933  19.1%     -    1s
     0     0    2.46933    0  151    3.05097    2.46933  19.1%     -    1s
H    0     0                       2.9642000    2.46972  16.7%     -    1s
     0     2    2.46972    0  149    2.96420    2.46972  16.7%     -    1s
H  108    84                       2.9107455    2.49172  14.4%   159    3s
H  230   167                       2.9083000    2.49619  14.2%   127    4s
   330   229    2.73553   40   95    2.90830    2.50252  14.0%   125    5s
   599   387    2.72701   29  155    2.90830    2.61375  10.1%  98.5   10s
H  606   369                       2.8321364    2.61617  7.63%  97.4   11s
H  633   361                       2.8198000    2.61787  7.16%   131   14s
H  642   344                       2.7729727    2.61787  5.59%   133   14s
H  653   327                       2.7691546    2.61787  5.46%   131   14s
H  659   310                       2.7664091    2.61787  5.37%   130   14s
H  673   287                       2.7580727    2.61787  5.08%   127   14s
   678   288    2.64386   16  112    2.75807    2.62121  4.96%   128   15s
H  688   270                       2.7369818    2.62482  4.10%   130   15s
H  764   245                       2.7358455    2.62904  3.90%   138   16s
  1099   211    2.66155   25  113    2.73585    2.65711  2.88%   129   20s
  1633    32     cutoff   35         2.73585    2.71683  0.69%   119   25s

Cutting planes:
  Cover: 29
  Implied bound: 7
  Clique: 12
  MIR: 109
  StrongCG: 3
  Flow cover: 311
  Mod-K: 2
  RLT: 14
  Relax-and-lift: 113

Explored 1681 nodes (208948 simplex iterations) in 25.20 seconds
Thread count was 1 (of 4 available processors)

Solution count 10: 2.73585 2.73698 2.75807 ... 2.91075

Optimal solution found (tolerance 1.00e-04)
Best objective 2.735845476999e+00, best bound 2.735845476999e+00, gap 0.0000%
