Academic license - for non-commercial use only - expires 2022-11-10
Using license file /home/benedond/Apps/gurobi/gurobi950/gurobi.lic
Using gurobi.env file
Set parameter Threads to value 1
Changed value of parameter TimeLimit to 1200.0
   Prev: inf  Min: 0.0  Max: inf  Default: inf
Gurobi Optimizer version 9.1.2 build v9.1.2rc0 (linux64)
Thread count: 2 physical cores, 4 logical processors, using up to 1 threads
Optimize a model with 2108 rows, 1957 columns and 9439 nonzeros
Model fingerprint: 0x0fb9add2
Variable types: 60 continuous, 1897 integer (1897 binary)
Coefficient statistics:
  Matrix range     [2e-01, 4e+02]
  Objective range  [5e-03, 3e-01]
  Bounds range     [1e+00, 1e+00]
  RHS range        [1e+00, 1e+03]
Presolve removed 209 rows and 108 columns
Presolve time: 0.04s
Presolved: 1899 rows, 1849 columns, 8781 nonzeros
Variable types: 58 continuous, 1791 integer (1791 binary)

Root relaxation: objective 1.958832e+00, 1774 iterations, 0.06 seconds

    Nodes    |    Current Node    |     Objective Bounds      |     Work
 Expl Unexpl |  Obj  Depth IntInf | Incumbent    BestBd   Gap | It/Node Time

     0     0    1.95883    0  153          -    1.95883      -     -    0s
     0     0    2.06543    0  162          -    2.06543      -     -    0s
     0     0    2.06701    0  175          -    2.06701      -     -    0s
     0     0    2.17917    0  135          -    2.17917      -     -    0s
     0     0    2.18101    0  145          -    2.18101      -     -    0s
     0     0    2.23622    0  143          -    2.23622      -     -    0s
H    0     0                       4.3071947    2.23622  48.1%     -    0s
H    0     0                       3.3103222    2.23622  32.4%     -    0s
     0     0    2.28666    0  151    3.31032    2.28666  30.9%     -    0s
     0     0    2.29711    0  160    3.31032    2.29711  30.6%     -    0s
     0     0    2.30146    0  140    3.31032    2.30146  30.5%     -    0s
     0     0    2.30165    0  130    3.31032    2.30165  30.5%     -    0s
     0     0    2.30197    0  147    3.31032    2.30197  30.5%     -    0s
     0     0    2.30200    0  128    3.31032    2.30200  30.5%     -    0s
     0     0    2.32257    0  169    3.31032    2.32257  29.8%     -    0s
H    0     0                       3.2916913    2.32257  29.4%     -    0s
     0     0    2.33448    0  165    3.29169    2.33448  29.1%     -    0s
     0     0    2.33912    0  183    3.29169    2.33912  28.9%     -    0s
     0     0    2.34053    0  165    3.29169    2.34053  28.9%     -    0s
     0     0    2.34071    0  166    3.29169    2.34071  28.9%     -    0s
     0     0    2.37019    0  209    3.29169    2.37019  28.0%     -    1s
     0     0    2.37721    0  185    3.29169    2.37721  27.8%     -    1s
     0     0    2.37762    0  190    3.29169    2.37762  27.8%     -    1s
     0     0    2.37779    0  163    3.29169    2.37779  27.8%     -    1s
     0     0    2.38557    0  178    3.29169    2.38557  27.5%     -    1s
H    0     0                       3.2537785    2.38557  26.7%     -    1s
     0     0    2.38721    0  175    3.25378    2.38721  26.6%     -    1s
     0     0    2.38734    0  168    3.25378    2.38734  26.6%     -    1s
     0     0    2.39295    0  185    3.25378    2.39295  26.5%     -    1s
     0     0    2.39368    0  191    3.25378    2.39368  26.4%     -    1s
     0     0    2.39382    0  199    3.25378    2.39382  26.4%     -    1s
     0     0    2.39806    0  195    3.25378    2.39806  26.3%     -    1s
     0     0    2.39839    0  190    3.25378    2.39839  26.3%     -    1s
     0     0    2.40378    0  182    3.25378    2.40378  26.1%     -    1s
     0     0    2.40476    0  175    3.25378    2.40476  26.1%     -    1s
     0     0    2.40534    0  175    3.25378    2.40534  26.1%     -    1s
     0     0    2.40539    0  196    3.25378    2.40539  26.1%     -    1s
     0     0    2.40823    0  211    3.25378    2.40823  26.0%     -    1s
     0     0    2.40872    0  219    3.25378    2.40872  26.0%     -    1s
     0     0    2.40876    0  218    3.25378    2.40876  26.0%     -    1s
     0     0    2.41268    0  172    3.25378    2.41268  25.8%     -    1s
     0     0    2.41334    0  175    3.25378    2.41334  25.8%     -    1s
     0     0    2.41349    0  208    3.25378    2.41349  25.8%     -    1s
     0     0    2.41804    0  186    3.25378    2.41804  25.7%     -    1s
     0     0    2.41956    0  233    3.25378    2.41956  25.6%     -    1s
     0     0    2.42029    0  237    3.25378    2.42029  25.6%     -    1s
     0     0    2.42048    0  238    3.25378    2.42048  25.6%     -    1s
     0     0    2.42590    0  191    3.25378    2.42590  25.4%     -    1s
     0     0    2.42944    0  206    3.25378    2.42944  25.3%     -    1s
     0     0    2.43006    0  213    3.25378    2.43006  25.3%     -    1s
     0     0    2.43016    0  232    3.25378    2.43016  25.3%     -    1s
     0     0    2.43211    0  177    3.25378    2.43211  25.3%     -    1s
     0     0    2.43258    0  188    3.25378    2.43258  25.2%     -    1s
     0     0    2.43293    0  199    3.25378    2.43293  25.2%     -    1s
     0     0    2.43428    0  210    3.25378    2.43428  25.2%     -    1s
     0     0    2.43428    0  205    3.25378    2.43428  25.2%     -    2s
     0     2    2.43520    0  196    3.25378    2.43520  25.2%     -    2s
H   26    26                       3.1181141    2.45456  21.3%   145    2s
H  130   118                       3.1154564    2.45889  21.1%   153    4s
   172   162    2.73719   40  120    3.11546    2.45889  21.1%   160    5s
H  510   410                       3.1044631    2.47353  20.3%   150    9s
H  512   391                       3.1009665    2.47353  20.2%   150    9s
   514   392    3.09216   31  142    3.10097    2.47353  20.2%   149   10s
   611   457    3.01512   63  232    3.10097    2.52143  18.7%   126   15s
H  638   449                       3.0820336    2.53693  17.7%   120   16s
H  646   429                       2.9916846    2.54101  15.1%   119   17s
   666   442    2.74512   32  232    2.99168    2.54823  14.8%   115   20s
   687   456    2.55619   20  184    2.99168    2.55543  14.6%   164   25s
   828   523    2.85188   91   56    2.99168    2.55789  14.5%   180   30s
H  981   456                       2.9012416    2.55796  11.8%   175   33s
  1003   459    2.73763   32  132    2.90124    2.56353  11.6%   184   35s
H 1034   434                       2.8943356    2.56353  11.4%   187   35s
H 1061   403                       2.8850806    2.56353  11.1%   185   36s
H 1087   337                       2.8145369    2.56353  8.92%   182   36s
  1274   412    2.75650   39  127    2.81454    2.58416  8.19%   176   40s
  1643   489    2.67789   39  157    2.81454    2.62525  6.73%   159   45s
  2086   683    2.77793   23  159    2.81454    2.64000  6.20%   150   50s
  2511   900    2.79793   14   93    2.81454    2.65233  5.76%   143   55s
  2769   970    2.70133   34  136    2.81454    2.66252  5.40%   144   60s
  3036  1088    2.75697   61   82    2.81454    2.66803  5.21%   144   65s
  3336  1196    2.77035   14  100    2.81454    2.68002  4.78%   144   70s
H 3563  1226                       2.8145369    2.68471  4.61%   143   73s
  3660  1270    2.78044   28  119    2.81454    2.68690  4.54%   143   75s
  3920  1332    2.77952   30  118    2.81454    2.69312  4.31%   145   80s
  4260  1423     cutoff   28         2.81454    2.70017  4.06%   143   85s
  4567  1536    2.81323   36  180    2.81454    2.70369  3.94%   142   90s
  4890  1596     cutoff   70         2.81454    2.71014  3.71%   142   95s
H 4969  1613                       2.8145369    2.71206  3.64%   141   97s
  5141  1647     cutoff   39         2.81454    2.71607  3.50%   141  100s
  5526  1741    2.77176   49  128    2.81454    2.72351  3.23%   139  105s
  5902  1759     cutoff   46         2.81454    2.72883  3.04%   138  110s
  6169  1744    2.75995   40  109    2.81454    2.73299  2.90%   138  115s
  6509  1743     cutoff   52         2.81454    2.73968  2.66%   138  120s
  6877  1680     cutoff   21         2.81454    2.74785  2.37%   138  125s
  7176  1681     cutoff   36         2.81454    2.75189  2.23%   137  130s
  7462  1603     cutoff   41         2.81454    2.75670  2.06%   136  135s
* 7635  1396              64       2.8018255    2.75932  1.52%   135  136s
  7873  1269    2.78076   41   78    2.80183    2.76446  1.33%   134  141s
  8172  1086     cutoff   34         2.80183    2.77055  1.12%   133  145s
  8686   715     cutoff   52         2.80183    2.78150  0.73%   130  150s

Cutting planes:
  Gomory: 1
  Cover: 35
  Implied bound: 5
  Projected implied bound: 1
  Clique: 6
  MIR: 297
  StrongCG: 3
  Flow cover: 485
  RLT: 13
  Relax-and-lift: 200

Explored 9459 nodes (1181237 simplex iterations) in 153.98 seconds
Thread count was 1 (of 4 available processors)

Solution count 10: 2.80183 2.81454 2.81454 ... 3.10097

Optimal solution found (tolerance 1.00e-04)
Best objective 2.801825523176e+00, best bound 2.801555358778e+00, gap 0.0096%
