Academic license - for non-commercial use only - expires 2022-11-10
Using license file /home/benedond/Apps/gurobi/gurobi950/gurobi.lic
Using gurobi.env file
Set parameter Threads to value 1
Changed value of parameter TimeLimit to 1200.0
   Prev: inf  Min: 0.0  Max: inf  Default: inf
Gurobi Optimizer version 9.1.2 build v9.1.2rc0 (linux64)
Thread count: 2 physical cores, 4 logical processors, using up to 1 threads
Optimize a model with 2812 rows, 2636 columns and 12782 nonzeros
Model fingerprint: 0x5d37b3ca
Variable types: 70 continuous, 2566 integer (2566 binary)
Coefficient statistics:
  Matrix range     [2e-01, 5e+02]
  Objective range  [8e-03, 3e-01]
  Bounds range     [1e+00, 1e+00]
  RHS range        [1e+00, 1e+03]
Presolve removed 229 rows and 94 columns
Presolve time: 0.05s
Presolved: 2583 rows, 2542 columns, 12271 nonzeros
Variable types: 69 continuous, 2473 integer (2473 binary)

Root relaxation: objective 1.966519e+00, 2636 iterations, 0.08 seconds

    Nodes    |    Current Node    |     Objective Bounds      |     Work
 Expl Unexpl |  Obj  Depth IntInf | Incumbent    BestBd   Gap | It/Node Time

     0     0    1.96652    0  186          -    1.96652      -     -    0s
     0     0    2.05430    0  156          -    2.05430      -     -    0s
     0     0    2.06704    0  161          -    2.06704      -     -    0s
     0     0    2.19228    0  170          -    2.19228      -     -    0s
     0     0    2.20358    0  174          -    2.20358      -     -    0s
     0     0    2.25196    0  156          -    2.25196      -     -    0s
     0     0    2.27729    0  165          -    2.27729      -     -    0s
     0     0    2.29154    0  188          -    2.29154      -     -    0s
     0     0    2.29772    0  135          -    2.29772      -     -    0s
     0     0    2.29913    0  162          -    2.29913      -     -    0s
     0     0    2.29923    0  163          -    2.29923      -     -    0s
     0     0    2.33498    0  141          -    2.33498      -     -    0s
H    0     0                       3.9222695    2.33498  40.5%     -    1s
H    0     0                       3.7342624    2.33498  37.5%     -    1s
     0     0    2.36050    0  144    3.73426    2.36050  36.8%     -    1s
     0     0    2.36494    0  170    3.73426    2.36494  36.7%     -    1s
     0     0    2.36541    0  151    3.73426    2.36541  36.7%     -    1s
     0     0    2.36542    0  163    3.73426    2.36542  36.7%     -    1s
     0     0    2.38128    0  160    3.73426    2.38128  36.2%     -    1s
H    0     0                       3.0152270    2.38128  21.0%     -    1s
     0     0    2.38416    0  151    3.01523    2.38416  20.9%     -    1s
     0     0    2.38554    0  150    3.01523    2.38554  20.9%     -    1s
     0     0    2.38581    0  152    3.01523    2.38581  20.9%     -    1s
     0     0    2.38615    0  159    3.01523    2.38615  20.9%     -    1s
     0     0    2.38617    0  160    3.01523    2.38617  20.9%     -    1s
     0     0    2.40064    0  152    3.01523    2.40064  20.4%     -    1s
H    0     0                       2.9872340    2.40064  19.6%     -    2s
     0     0    2.40390    0  191    2.98723    2.40390  19.5%     -    2s
     0     0    2.40416    0  205    2.98723    2.40416  19.5%     -    2s
     0     0    2.40435    0  210    2.98723    2.40435  19.5%     -    2s
     0     0    2.40771    0  140    2.98723    2.40771  19.4%     -    2s
     0     0    2.41111    0  169    2.98723    2.41111  19.3%     -    2s
     0     0    2.41163    0  172    2.98723    2.41163  19.3%     -    2s
     0     0    2.41177    0  189    2.98723    2.41177  19.3%     -    2s
     0     0    2.41394    0  177    2.98723    2.41394  19.2%     -    2s
     0     0    2.41464    0  209    2.98723    2.41464  19.2%     -    2s
     0     0    2.41494    0  190    2.98723    2.41494  19.2%     -    2s
     0     0    2.41501    0  202    2.98723    2.41501  19.2%     -    2s
     0     0    2.41564    0  173    2.98723    2.41564  19.1%     -    2s
     0     0    2.41564    0  173    2.98723    2.41564  19.1%     -    2s
     0     2    2.41643    0  171    2.98723    2.41643  19.1%     -    2s
H   26    26                       2.9368936    2.44763  16.7%   346    4s
    38    40    2.58091   26  121    2.93689    2.44763  16.7%   387    5s
H   78    76                       2.8914964    2.44763  15.4%   271    5s
   294   237    2.66289   13  123    2.89150    2.45926  14.9%   233   10s
H  341   261                       2.8675248    2.47145  13.8%   228   11s
H  419   313                       2.8619787    2.47145  13.6%   214   12s
H  498   343                       2.8481631    2.48675  12.7%   204   13s
H  510   354                       2.8410284    2.48675  12.5%   202   14s
   511   354    2.81070   27  173    2.84103    2.48675  12.5%   202   15s
   558   385    2.72654   24  208    2.84103    2.48675  12.5%   185   20s
   569   394    2.48948   21  156    2.84103    2.48785  12.4%   217   25s
   678   387     cutoff   30         2.84103    2.51243  11.6%   234   30s
   899   386    2.77919   63  114    2.84103    2.52165  11.2%   222   35s
H  951   371                       2.8388653    2.52222  11.2%   225   36s
  1036   391     cutoff   28         2.83887    2.53946  10.5%   233   40s
  1258   424    2.71187   44  135    2.83887    2.56506  9.64%   236   45s
  1534   491    2.72179   54  126    2.83887    2.58419  8.97%   232   50s
  1869   637     cutoff   29         2.83887    2.59904  8.45%   226   55s
  2119   749     cutoff   33         2.83887    2.61135  8.01%   224   60s
  2383   865    2.73007   26  133    2.83887    2.62621  7.49%   222   65s
  2676   973     cutoff   34         2.83887    2.63722  7.10%   220   70s
  2959  1130    2.81228   35  157    2.83887    2.63995  7.01%   218   75s
  3286  1281    2.82398   31  195    2.83887    2.64990  6.66%   217   80s
  3587  1403    2.82615   52  102    2.83887    2.65870  6.35%   217   85s
  3941  1585    2.82999   33   98    2.83887    2.66614  6.08%   213   90s
  4154  1648    2.75857   37  142    2.83887    2.67204  5.88%   214   95s
  4615  1822    2.79992   23   82    2.83887    2.67979  5.60%   207  100s
  4904  1920     cutoff   71         2.83887    2.68582  5.39%   207  105s
  5161  1988    2.71303   29  137    2.83887    2.69543  5.05%   207  110s
H 5538  1811                       2.8174752    2.70136  4.12%   203  114s
  5577  1813    2.75381   35   92    2.81748    2.70274  4.07%   202  115s
  5870  1881     cutoff   51         2.81748    2.70867  3.86%   204  120s
  6280  1952     cutoff   31         2.81748    2.71823  3.52%   202  125s
H 6420  1878                       2.8147092    2.72241  3.28%   203  127s
H 6454  1316                       2.7944326    2.72270  2.57%   202  127s
  6708  1355    2.75941   48   86    2.79443    2.72668  2.42%   200  130s
  7129  1406     cutoff   60         2.79443    2.73290  2.20%   196  135s
  7595  1367     cutoff   37         2.79443    2.74127  1.90%   193  140s
  8096  1323     cutoff   41         2.79443    2.74814  1.66%   190  145s
  8663  1253    2.78241   51  130    2.79443    2.75701  1.34%   185  150s
  9357  1141    2.78079   37   68    2.79443    2.76465  1.07%   178  156s
 10002  1011     cutoff   48         2.79443    2.77098  0.84%   171  160s
 11194   425     cutoff   46         2.79443    2.78554  0.32%   160  165s

Cutting planes:
  Gomory: 9
  Cover: 19
  Implied bound: 23
  Clique: 16
  MIR: 206
  StrongCG: 2
  Flow cover: 402
  Inf proof: 3
  Zero half: 1
  RLT: 19
  Relax-and-lift: 264

Explored 11666 nodes (1832166 simplex iterations) in 166.74 seconds
Thread count was 1 (of 4 available processors)

Solution count 10: 2.79443 2.81471 2.81748 ... 2.93689

Optimal solution found (tolerance 1.00e-04)
Best objective 2.794432623103e+00, best bound 2.794190727848e+00, gap 0.0087%
