Academic license - for non-commercial use only - expires 2022-11-10
Using license file /home/benedond/Apps/gurobi/gurobi950/gurobi.lic
Using gurobi.env file
Set parameter Threads to value 1
Changed value of parameter TimeLimit to 1200.0
   Prev: inf  Min: 0.0  Max: inf  Default: inf
Gurobi Optimizer version 9.1.2 build v9.1.2rc0 (linux64)
Thread count: 2 physical cores, 4 logical processors, using up to 1 threads
Optimize a model with 3750 rows, 1860 columns and 14518 nonzeros
Model fingerprint: 0x2830bfa1
Variable types: 30 continuous, 1830 integer (1800 binary)
Coefficient statistics:
  Matrix range     [2e-01, 5e+03]
  Objective range  [7e-04, 2e-01]
  Bounds range     [1e+00, 1e+00]
  RHS range        [1e+00, 5e+03]

---------------------------------------------------------------------------
Multi-objectives: starting optimization with 1 objectives ... 
---------------------------------------------------------------------------
---------------------------------------------------------------------------

Multi-objectives: optimize objective 1 (min avg power cons) ...
---------------------------------------------------------------------------

Optimize a model with 3750 rows, 1860 columns and 14518 nonzeros
Model fingerprint: 0xe2e1db87
Variable types: 30 continuous, 1830 integer (1800 binary)
Coefficient statistics:
  Matrix range     [2e-01, 5e+03]
  Objective range  [7e-04, 2e-01]
  Bounds range     [1e+00, 1e+00]
  RHS range        [1e+00, 5e+03]
Presolve removed 2404 rows and 1186 columns
Presolve time: 0.12s
Presolved: 1346 rows, 674 columns, 5097 nonzeros
Variable types: 21 continuous, 653 integer (632 binary)

Root relaxation: objective 1.465611e+00, 257 iterations, 0.00 seconds

    Nodes    |    Current Node    |     Objective Bounds      |     Work
 Expl Unexpl |  Obj  Depth IntInf | Incumbent    BestBd   Gap | It/Node Time

     0     0    1.46561    0   70          -    1.46561      -     -    0s
H    0     0                       4.0125486    1.46561  63.5%     -    0s
H    0     0                       3.7944792    1.46561  61.4%     -    0s
H    0     0                       3.7447986    1.46561  60.9%     -    0s
     0     0    1.46561    0   79    3.74480    1.46561  60.9%     -    0s
H    0     0                       3.6910070    1.46561  60.3%     -    0s
     0     0    1.49012    0   87    3.69101    1.49012  59.6%     -    0s
     0     0    1.57865    0   86    3.69101    1.57865  57.2%     -    0s
     0     0    1.57992    0  104    3.69101    1.57992  57.2%     -    0s
     0     0    1.62997    0   95    3.69101    1.62997  55.8%     -    0s
     0     0    1.63803    0  107    3.69101    1.63803  55.6%     -    0s
     0     0    1.73375    0  131    3.69101    1.73375  53.0%     -    0s
     0     0    1.75190    0  115    3.69101    1.75190  52.5%     -    0s
     0     0    1.77975    0  124    3.69101    1.77975  51.8%     -    0s
H    0     0                       3.5432500    1.77975  49.8%     -    0s
     0     0    1.79890    0  113    3.54325    1.79890  49.2%     -    0s
     0     0    1.89651    0  127    3.54325    1.89651  46.5%     -    0s
     0     0    1.90931    0  129    3.54325    1.90931  46.1%     -    0s
     0     0    1.91350    0  114    3.54325    1.91350  46.0%     -    0s
     0     0    1.91626    0  155    3.54325    1.91626  45.9%     -    0s
     0     0    1.91656    0  136    3.54325    1.91656  45.9%     -    0s
     0     0    1.91688    0  167    3.54325    1.91688  45.9%     -    0s
     0     0    1.91690    0  165    3.54325    1.91690  45.9%     -    0s
     0     0    1.92761    0  119    3.54325    1.92761  45.6%     -    0s
H    0     0                       3.5230278    1.92761  45.3%     -    0s
     0     0    1.93535    0  125    3.52303    1.93535  45.1%     -    0s
     0     0    1.93764    0  129    3.52303    1.93764  45.0%     -    0s
     0     0    1.93811    0  127    3.52303    1.93811  45.0%     -    0s
     0     0    1.93863    0  128    3.52303    1.93863  45.0%     -    0s
     0     0    1.93909    0  129    3.52303    1.93909  45.0%     -    0s
     0     0    1.93916    0  134    3.52303    1.93916  45.0%     -    0s
     0     0    1.94801    0  138    3.52303    1.94801  44.7%     -    0s
H    0     0                       3.1817153    1.94801  38.8%     -    0s
     0     0    1.95080    0  132    3.18172    1.95080  38.7%     -    0s
     0     0    1.95223    0  133    3.18172    1.95223  38.6%     -    0s
     0     0    1.95228    0  133    3.18172    1.95228  38.6%     -    0s
     0     0    1.95389    0  128    3.18172    1.95389  38.6%     -    0s
     0     0    1.95438    0  133    3.18172    1.95438  38.6%     -    0s
     0     0    1.95482    0  131    3.18172    1.95482  38.6%     -    0s
     0     0    1.95500    0  126    3.18172    1.95500  38.6%     -    0s
     0     0    1.95593    0  137    3.18172    1.95593  38.5%     -    0s
H    0     0                       3.1656598    1.95593  38.2%     -    0s
     0     0    1.95618    0  153    3.16566    1.95618  38.2%     -    0s
     0     0    1.95638    0  159    3.16566    1.95638  38.2%     -    0s
     0     0    1.95638    0  157    3.16566    1.95638  38.2%     -    0s
     0     0    1.95768    0  143    3.16566    1.95768  38.2%     -    0s
     0     0    1.95768    0  140    3.16566    1.95768  38.2%     -    0s
H    0     0                       3.1615348    1.95801  38.1%     -    0s
     0     2    1.95801    0  140    3.16153    1.95801  38.1%     -    0s
H   26    24                       3.1274167    1.95801  37.4%  92.8    0s
H   27    25                       3.0858820    1.95801  36.5%  92.4    0s
H   55    43                       3.0763750    1.95801  36.4%  68.3    1s
H  241   190                       3.0323473    2.07247  31.7%  35.0    1s
H  544   435                       2.9899931    2.08152  30.4%  31.4    3s
   631   490    2.53346   52   80    2.98999    2.08152  30.4%  56.8    5s
H  688   489                       2.9559236    2.08152  29.6%  55.8    5s
H  785   478                       2.9532014    2.08152  29.5%  54.2    5s
H  808   473                       2.9377014    2.08152  29.1%  54.7    5s
H  834   467                       2.9194584    2.08152  28.7%  54.8    5s
H  882   452                       2.8830070    2.08152  27.8%  53.8    6s
H  886   436                       2.8712986    2.08152  27.5%  54.0    6s
H  964   460                       2.8678125    2.08152  27.4%  53.7    6s
H 1200   510                       2.8677431    2.09002  27.1%  54.9    7s
  1891   889    2.59051   29   83    2.86774    2.14240  25.3%  53.3   10s
H 2659  1258                       2.8677014    2.17287  24.2%  58.4   14s
  2833  1356    2.28584   29  113    2.86770    2.18021  24.0%  60.1   15s
H 3315  1618                       2.8669792    2.19897  23.3%  63.7   17s
  3800  1860    2.48345   34   86    2.86698    2.21937  22.6%  64.3   20s
  4299  2126    2.43708   39   91    2.86698    2.23094  22.2%  66.7   25s
  5338  2659    2.34264   39   90    2.86698    2.26127  21.1%  67.0   30s
  6362  3085    2.50396   34   93    2.86698    2.29424  20.0%  68.1   35s
  7440  3596     cutoff   33         2.86698    2.30907  19.5%  68.6   40s
  8370  3961    2.78091   46   65    2.86698    2.32672  18.8%  69.9   45s
  9356  4404 infeasible   55         2.86698    2.34211  18.3%  69.7   50s
 10197  4720     cutoff   40         2.86698    2.35327  17.9%  71.8   55s
 10203  4719    2.80452   58  140    2.86698    2.35342  17.9%  71.8   66s
 10230  4737    2.50333   82  166    2.86698    2.35342  17.9%  71.6   70s
 10255  4754    2.58833   53  148    2.86698    2.35342  17.9%  71.4   75s
 10280  4770    2.66734   48  181    2.86698    2.35342  17.9%  71.2   80s
 10300  4784    2.53475   48  163    2.86698    2.35342  17.9%  71.1   85s
 10323  4799    2.70892   37  164    2.86698    2.35342  17.9%  71.0   90s
 10344  4813    2.72706   38  151    2.86698    2.35342  17.9%  70.8   95s
 10365  4827    2.79926   57  160    2.86698    2.35342  17.9%  70.7  100s
 10388  4842    2.61459   42  167    2.86698    2.35342  17.9%  70.5  105s
 10418  4864    2.35342   23  152    2.86698    2.35342  17.9%  72.3  110s
 10430  4870    2.35342   29  139    2.86698    2.35342  17.9%  72.6  115s
 10571  4910    2.48919   39   94    2.86698    2.35342  17.9%  74.1  120s
 10822  5020    2.64888   56   75    2.86698    2.35342  17.9%  76.2  126s
 11172  5113    2.37727   59   94    2.86698    2.35342  17.9%  76.7  130s
 11553  5207    2.51873   44   62    2.86698    2.35342  17.9%  79.7  135s
 12039  5314    2.75679   46   73    2.86698    2.35342  17.9%  80.9  140s
 12566  5426    2.58533   52  114    2.86698    2.35342  17.9%  83.4  145s
 12944  5473    2.75681   38  107    2.86698    2.35342  17.9%  86.0  150s
 13392  5555    2.36299   40  128    2.86698    2.35342  17.9%  88.3  155s
 14036  5685    2.53196   44   85    2.86698    2.35342  17.9%  89.2  160s
 14671  5767    2.74240   50  105    2.86698    2.35342  17.9%  90.3  165s
 15298  5807    2.52172   44  101    2.86698    2.36514  17.5%  92.0  170s
 15699  5832    2.70775   50   86    2.86698    2.37496  17.2%  93.1  175s
 15737  5834    2.57396   57   67    2.86698    2.37615  17.1%  93.1  180s
 16086  5849    2.66828   41  112    2.86698    2.38382  16.9%  94.3  185s
 16515  5898    2.83456   52   62    2.86698    2.39608  16.4%  96.0  190s
 17001  5943    2.54401   45  120    2.86698    2.40827  16.0%  97.2  195s
 17343  5925    2.67785   36  133    2.86698    2.41474  15.8%  99.2  200s
 17740  5932     cutoff   50         2.86698    2.42100  15.6%   100  205s
 18308  5935 infeasible   42         2.86698    2.43163  15.2%   101  210s
 18706  5939    2.67910   70   70    2.86698    2.43886  14.9%   102  215s
 19191  5979    2.84926   54   61    2.86698    2.44745  14.6%   103  220s
 19639  6023    2.60178   47   81    2.86698    2.45543  14.4%   104  225s
 20256  6032     cutoff   48         2.86698    2.46439  14.0%   104  230s
 20851  6100    2.74231   50   61    2.86698    2.47336  13.7%   105  235s
 21396  6104    2.81109   41  105    2.86698    2.47966  13.5%   106  240s
 22049  6119    2.54109   47  117    2.86698    2.48635  13.3%   106  245s
 22471  6106    2.86602   49   89    2.86698    2.49056  13.1%   107  250s
 23036  6106     cutoff   44         2.86698    2.49575  12.9%   108  255s
 23548  6078     cutoff   64         2.86698    2.50161  12.7%   109  260s
 24045  6041    2.59604   46   89    2.86698    2.50687  12.6%   110  265s
 24545  6001    2.66055   56  135    2.86698    2.51160  12.4%   110  270s
 25043  6002    2.55328   39  155    2.86698    2.51386  12.3%   111  275s
 25636  6187    2.61599   46  104    2.86698    2.51828  12.2%   112  280s
 26044  6256    2.70107   60  108    2.86698    2.52458  11.9%   113  285s
 26575  6399     cutoff   50         2.86698    2.52880  11.8%   113  290s
 26977  6506    2.85177   47   60    2.86698    2.53160  11.7%   114  295s
 27446  6614    2.71310   51   97    2.86698    2.53397  11.6%   115  300s
 27960  6791    2.70788   36   64    2.86698    2.53706  11.5%   115  305s
 28554  6984     cutoff   49         2.86698    2.54134  11.4%   116  310s
 29066  7082    2.67014   51   61    2.86698    2.54616  11.2%   116  315s
 29617  7211    2.63084   49   89    2.86698    2.54963  11.1%   116  320s
 30148  7302    2.61776   55   81    2.86698    2.55301  11.0%   117  325s
 30687  7433    2.78157   59   48    2.86698    2.55589  10.9%   117  330s
 31413  7682    2.77674   44   68    2.86698    2.56003  10.7%   117  335s
 31859  7780    2.69279   54   72    2.86698    2.56282  10.6%   117  340s
 32326  7872    2.70040   54  101    2.86698    2.56593  10.5%   118  345s
 32782  7982    2.72054   40   58    2.86698    2.56855  10.4%   118  350s
 33284  8048    2.85632   54   88    2.86698    2.57191  10.3%   118  355s
 33741  8142    2.72762   52   78    2.86698    2.57444  10.2%   119  360s
 34157  8221     cutoff   38         2.86698    2.57608  10.1%   119  365s
 34755  8352    2.67014   58   78    2.86698    2.57968  10.0%   119  370s
 35309  8462     cutoff   55         2.86698    2.58242  9.93%   120  375s
 35770  8502     cutoff   61         2.86698    2.58513  9.83%   120  380s
 36211  8568    2.75333   41  156    2.86698    2.58707  9.76%   120  385s
 36696  8611    2.74320   52   81    2.86698    2.58968  9.67%   121  390s
 37120  8673    2.77312   44   97    2.86698    2.59203  9.59%   121  395s
 37634  8773     cutoff   63         2.86698    2.59394  9.52%   121  400s
 38119  8875     cutoff   39         2.86698    2.59647  9.44%   121  405s
 38449  8966    2.76878   40  162    2.86698    2.59800  9.38%   122  410s
 38994  9114    2.84821   47  123    2.86698    2.59971  9.32%   122  415s
 39518  9215    2.67221   50   88    2.86698    2.60260  9.22%   122  420s
 40004  9270    2.71806   42   87    2.86698    2.60504  9.14%   122  425s
 40564  9349    2.72092   43  102    2.86698    2.60754  9.05%   122  430s
 41015  9405    2.81558   45   52    2.86698    2.60953  8.98%   123  435s
 41527  9479    2.75006   47   62    2.86698    2.61198  8.89%   123  440s
 41995  9552    2.79927   39   93    2.86698    2.61399  8.82%   123  445s
 42370  9605    2.75690   35  111    2.86698    2.61585  8.76%   123  450s
 42812  9678    2.74929   51   88    2.86698    2.61732  8.71%   124  455s
 43188  9729    2.72276   34  129    2.86698    2.61910  8.65%   124  460s
 43631  9796    2.81007   64   83    2.86698    2.62153  8.56%   124  465s
 44163  9826     cutoff   57         2.86698    2.62423  8.47%   125  470s
 44667  9903    2.77300   63   61    2.86698    2.62680  8.38%   125  475s
 45182  9964     cutoff   34         2.86698    2.62958  8.28%   125  480s
 45227  9962    2.78626   50   90    2.86698    2.62976  8.27%   125  490s
 45695  9977     cutoff   59         2.86698    2.63242  8.18%   125  495s
 46184 10008     cutoff   48         2.86698    2.63488  8.10%   125  500s
 46623 10078    2.71712   60   74    2.86698    2.63703  8.02%   125  505s
 47102 10141    2.80094   66   72    2.86698    2.63890  7.96%   125  510s
 47581 10186    2.80294   54   51    2.86698    2.64090  7.89%   125  515s
 48278 10298    2.78434   58   49    2.86698    2.64344  7.80%   125  520s
 48819 10329    2.73600   48   85    2.86698    2.64549  7.73%   125  525s
 49441 10401    2.83163   78   36    2.86698    2.64788  7.64%   125  530s
 49871 10396    2.82478   57  112    2.86698    2.64978  7.58%   125  535s
 50441 10454    2.84847   65   45    2.86698    2.65225  7.49%   125  540s
 50823 10478     cutoff   59         2.86698    2.65394  7.43%   126  545s
 51454 10536    2.71150   54  101    2.86698    2.65581  7.37%   125  550s
 52138 10563    2.81138   60  131    2.86698    2.65913  7.25%   125  555s
 52636 10600     cutoff   49         2.86698    2.66058  7.20%   125  560s
 53202 10683    2.79862   48   92    2.86698    2.66211  7.15%   125  565s
 53845 10746 infeasible   50         2.86698    2.66419  7.07%   125  570s
 54369 10735    2.85902   44   85    2.86698    2.66652  6.99%   125  575s
 55004 10819     cutoff   60         2.86698    2.66884  6.91%   125  580s
 55533 10868     cutoff   43         2.86698    2.67078  6.84%   125  585s
 55867 10884    2.67915   42   95    2.86698    2.67203  6.80%   125  590s
 56239 10944     cutoff   44         2.86698    2.67306  6.76%   125  595s
 56696 10913     cutoff   61         2.86698    2.67532  6.69%   125  600s
 57323 10975    2.71114   37  101    2.86698    2.67747  6.61%   125  605s
 57841 11007    2.77698   55   58    2.86698    2.67885  6.56%   125  610s
 58487 11025    2.78988   41  121    2.86698    2.68083  6.49%   125  615s
 59102 11073    2.74852   56   60    2.86698    2.68261  6.43%   124  620s
 59686 11067     cutoff   56         2.86698    2.68446  6.37%   124  625s
 60206 11077    2.73262   58   50    2.86698    2.68601  6.31%   124  630s
 60803 11132     cutoff   64         2.86698    2.68764  6.26%   124  635s
 61421 11162     cutoff   49         2.86698    2.68961  6.19%   124  640s
 62098 11251    2.75086   71   59    2.86698    2.69140  6.12%   124  645s
 62731 11246     cutoff   58         2.86698    2.69335  6.06%   124  650s
 63416 11303    2.79915   58   39    2.86698    2.69484  6.00%   123  655s
 64091 11342     cutoff   46         2.86698    2.69704  5.93%   123  660s
 64781 11330     cutoff   65         2.86698    2.69907  5.86%   123  665s
 65480 11350    2.70154   44   89    2.86698    2.70067  5.80%   123  670s
 66220 11385    2.80195   68   87    2.86698    2.70254  5.74%   122  675s
 66816 11363    2.76248   45   69    2.86698    2.70459  5.66%   122  680s
 67518 11394     cutoff   58         2.86698    2.70649  5.60%   122  685s
 68147 11428    2.80007   63   65    2.86698    2.70775  5.55%   122  690s
 68846 11489     cutoff   70         2.86698    2.70894  5.51%   121  695s
 69555 11551     cutoff   48         2.86698    2.71062  5.45%   121  700s
 70211 11587    2.74862   55   62    2.86698    2.71202  5.40%   121  705s
 70949 11578    2.78345   67   53    2.86698    2.71410  5.33%   121  710s
 71838 11622    2.81506   45  112    2.86698    2.71615  5.26%   120  715s
 72484 11570    2.86398   65  102    2.86698    2.71758  5.21%   120  720s
 73188 11583    2.78625   62  137    2.86698    2.71947  5.14%   120  725s
 73931 11565    2.84100   59   38    2.86698    2.72124  5.08%   119  730s
 74625 11481    2.75952   42  138    2.86698    2.72306  5.02%   119  735s
 74717 11489    2.84839   64   43    2.86698    2.72318  5.02%   119  746s
 75111 11490     cutoff   37         2.86698    2.72385  4.99%   119  750s
 75869 11492    2.75559   50   70    2.86698    2.72539  4.94%   119  755s
 76594 11470     cutoff   54         2.86698    2.72697  4.88%   119  760s
 77284 11424     cutoff   55         2.86698    2.72857  4.83%   118  765s
 78124 11384    2.86247   46   61    2.86698    2.73038  4.76%   118  770s
 78874 11287 infeasible   66         2.86698    2.73204  4.71%   118  775s
 79664 11259    2.74306   50   84    2.86698    2.73374  4.65%   117  780s
 80444 11201     cutoff   44         2.86698    2.73544  4.59%   117  785s
 81322 11207    2.80369   42   52    2.86698    2.73696  4.54%   117  790s
 82103 11161    2.81180   51   51    2.86698    2.73861  4.48%   116  795s
 82860 11168    2.78770   50   55    2.86698    2.73997  4.43%   116  800s
 83742 11149    2.82709   62   42    2.86698    2.74156  4.37%   116  805s
 84486 11088     cutoff   44         2.86698    2.74316  4.32%   115  810s
 85296 11046     cutoff   66         2.86698    2.74464  4.27%   115  815s
 85888 10994     cutoff   63         2.86698    2.74593  4.22%   115  820s
 86767 10996    2.81934   61   60    2.86698    2.74738  4.17%   114  825s
 87704 10942     cutoff   45         2.86698    2.74902  4.11%   114  830s
 88524 10909    2.82381   67   53    2.86698    2.75055  4.06%   114  835s
 89437 10831    2.78771   53   97    2.86698    2.75227  4.00%   113  840s
 90212 10684    2.80429   54   33    2.86698    2.75456  3.92%   113  845s
 91037 10596    2.76809   43   97    2.86698    2.75623  3.86%   113  850s
 91953 10502    2.86462   51   52    2.86698    2.75842  3.79%   112  855s
 92642 10464    2.80511   53   54    2.86698    2.75968  3.74%   112  860s
 93608 10417    2.79060   60   57    2.86698    2.76134  3.68%   111  865s
 94424 10270     cutoff   60         2.86698    2.76321  3.62%   111  870s
 95523 10185     cutoff   54         2.86698    2.76549  3.54%   111  875s
 96414 10092     cutoff   52         2.86698    2.76711  3.48%   110  880s
 97316 10047 infeasible   62         2.86698    2.76838  3.44%   110  885s
 98249  9991     cutoff   44         2.86698    2.76990  3.39%   109  890s
 99164  9859    2.80811   63  115    2.86698    2.77182  3.32%   109  895s
 100016  9808 infeasible   50         2.86698    2.77334  3.27%   109  900s
 101138  9814     cutoff   34         2.86698    2.77502  3.21%   108  905s
 102426  9751    2.86606   69   71    2.86698    2.77694  3.14%   107  910s
 103388  9561    2.86574   57   42    2.86698    2.77900  3.07%   107  915s
 104567  9442     cutoff   47         2.86698    2.78098  3.00%   106  920s
 105716  9415    2.82772  105   42    2.86698    2.78256  2.94%   106  925s
 106833  9386     cutoff   53         2.86698    2.78393  2.90%   105  930s
 108000  9260     cutoff   32         2.86698    2.78563  2.84%   105  935s
 109023  9165    2.81569   39   77    2.86698    2.78712  2.79%   104  940s
 110256  9006    2.83246   53   67    2.86698    2.78907  2.72%   104  945s
 111492  8817    2.84872   53   41    2.86698    2.79097  2.65%   103  950s
 112629  8587    2.81519   42   61    2.86698    2.79275  2.59%   103  955s
 113876  8388    2.79491   50   56    2.86698    2.79491  2.51%   102  960s
 114961  8299     cutoff   42         2.86698    2.79643  2.46%   101  965s
 116264  8209     cutoff   53         2.86698    2.79809  2.40%   101  970s
 117510  7971     cutoff   73         2.86698    2.80028  2.33%   100  975s
 118915  7818    2.82756   47   76    2.86698    2.80236  2.25%  99.5  980s
 120034  7618    2.83242   64   41    2.86698    2.80465  2.17%  99.0  985s
 121525  7436     cutoff   73         2.86698    2.80709  2.09%  98.2  990s
 123025  7264     cutoff   40         2.86698    2.80923  2.01%  97.5  995s
 124587  7182     cutoff   71         2.86698    2.81118  1.95%  96.7 1000s
H125885  6839                       2.8614792    2.81260  1.71%  96.1 1004s
 126016  6793    2.81582   56   48    2.86148    2.81285  1.70%  96.0 1005s
 126592  6749    2.82295   83   49    2.86148    2.81365  1.67%  95.7 1010s
 127612  6774    2.84905   65   56    2.86148    2.81458  1.64%  95.2 1015s
 128506  6715    2.83132   45   67    2.86148    2.81573  1.60%  94.7 1020s
 130218  6875     cutoff  100         2.86148    2.81725  1.55%  93.8 1025s
 132630  7088    2.82157   42  158    2.86148    2.81909  1.48%  92.5 1030s
 134662  7010    2.84658   93   46    2.86148    2.82118  1.41%  91.5 1035s
 137035  7065     cutoff   92         2.86148    2.82308  1.34%  90.3 1040s
 139276  6948     cutoff   66         2.86148    2.82519  1.27%  89.2 1045s
 141406  6621    2.84622  101   44    2.86148    2.82785  1.18%  88.2 1050s
 143704  6212     cutoff   71         2.86148    2.83042  1.09%  87.2 1055s
 145862  5387     cutoff   56         2.86148    2.83355  0.98%  86.2 1060s
 148002  4569    2.85747   78   47    2.86148    2.83629  0.88%  85.3 1065s
 150262  3282     cutoff   67         2.86148    2.84085  0.72%  84.4 1070s
 152918  1551     cutoff   46         2.86148    2.84929  0.43%  83.3 1075s

Cutting planes:
  Gomory: 10
  Cover: 9
  Implied bound: 258
  Projected implied bound: 23
  Clique: 3
  MIR: 573
  Flow cover: 690
  GUB cover: 27
  Inf proof: 1
  RLT: 4
  Relax-and-lift: 651

Explored 154801 nodes (12780108 simplex iterations) in 1078.37 seconds
Thread count was 1 (of 4 available processors)

Solution count 10: 2.86148 2.86698 2.8677 ... 2.9532

Optimal solution found (tolerance 1.00e-04)
Best objective 2.861479187260e+00, best bound 2.861209412907e+00, gap 0.0094%

---------------------------------------------------------------------------
Multi-objectives: solved in 1078.38 seconds, solution count 10

