Academic license - for non-commercial use only - expires 2022-11-10
Using license file /home/benedond/Apps/gurobi/gurobi950/gurobi.lic
Using gurobi.env file
Set parameter Threads to value 1
Changed value of parameter TimeLimit to 1200.0
   Prev: inf  Min: 0.0  Max: inf  Default: inf
Gurobi Optimizer version 9.1.2 build v9.1.2rc0 (linux64)
Thread count: 2 physical cores, 4 logical processors, using up to 1 threads
Optimize a model with 3750 rows, 1860 columns and 14518 nonzeros
Model fingerprint: 0x0f3bce5d
Variable types: 30 continuous, 1830 integer (1800 binary)
Coefficient statistics:
  Matrix range     [2e-01, 4e+03]
  Objective range  [7e-04, 2e-01]
  Bounds range     [1e+00, 1e+00]
  RHS range        [1e+00, 4e+03]

---------------------------------------------------------------------------
Multi-objectives: starting optimization with 1 objectives ... 
---------------------------------------------------------------------------
---------------------------------------------------------------------------

Multi-objectives: optimize objective 1 (min avg power cons) ...
---------------------------------------------------------------------------

Optimize a model with 3750 rows, 1860 columns and 14518 nonzeros
Model fingerprint: 0x5ce8ab25
Variable types: 30 continuous, 1830 integer (1800 binary)
Coefficient statistics:
  Matrix range     [2e-01, 4e+03]
  Objective range  [7e-04, 2e-01]
  Bounds range     [1e+00, 1e+00]
  RHS range        [1e+00, 4e+03]
Presolve removed 2386 rows and 1166 columns
Presolve time: 0.12s
Presolved: 1364 rows, 694 columns, 5127 nonzeros
Variable types: 30 continuous, 664 integer (636 binary)

Root relaxation: objective 1.556715e+00, 319 iterations, 0.01 seconds

    Nodes    |    Current Node    |     Objective Bounds      |     Work
 Expl Unexpl |  Obj  Depth IntInf | Incumbent    BestBd   Gap | It/Node Time

     0     0    1.55672    0   67          -    1.55672      -     -    0s
H    0     0                       4.1027227    1.55672  62.1%     -    0s
H    0     0                       3.8671606    1.55672  59.7%     -    0s
     0     0    1.55672    0   86    3.86716    1.55672  59.7%     -    0s
H    0     0                       3.8542336    1.55672  59.6%     -    0s
     0     0    1.57023    0  100    3.85423    1.57023  59.3%     -    0s
     0     0    1.64806    0   73    3.85423    1.64806  57.2%     -    0s
H    0     0                       3.4687737    1.64806  52.5%     -    0s
     0     0    1.64806    0   85    3.46877    1.64806  52.5%     -    0s
     0     0    1.71580    0  112    3.46877    1.71580  50.5%     -    0s
     0     0    1.72936    0   93    3.46877    1.72936  50.1%     -    0s
     0     0    1.81138    0  116    3.46877    1.81138  47.8%     -    0s
H    0     0                       3.4623504    1.81138  47.7%     -    0s
     0     0    1.86032    0  111    3.46235    1.86032  46.3%     -    0s
     0     0    1.89018    0  115    3.46235    1.89018  45.4%     -    0s
H    0     0                       3.4588248    1.89018  45.4%     -    0s
     0     0    1.89370    0  107    3.45882    1.89370  45.3%     -    0s
     0     0    1.89512    0  126    3.45882    1.89512  45.2%     -    0s
     0     0    1.89530    0  128    3.45882    1.89530  45.2%     -    0s
     0     0    1.89565    0  126    3.45882    1.89565  45.2%     -    0s
     0     0    1.89573    0  127    3.45882    1.89573  45.2%     -    0s
     0     0    1.92285    0  108    3.45882    1.92285  44.4%     -    0s
     0     0    1.92521    0  115    3.45882    1.92521  44.3%     -    0s
     0     0    1.92859    0  116    3.45882    1.92859  44.2%     -    0s
     0     0    1.92883    0  117    3.45882    1.92883  44.2%     -    0s
     0     0    1.92883    0  119    3.45882    1.92883  44.2%     -    0s
     0     0    1.93721    0  101    3.45882    1.93721  44.0%     -    0s
     0     0    1.93929    0  138    3.45882    1.93929  43.9%     -    0s
     0     0    1.94142    0  130    3.45882    1.94142  43.9%     -    0s
     0     0    1.94223    0  117    3.45882    1.94223  43.8%     -    0s
     0     0    1.94278    0  120    3.45882    1.94278  43.8%     -    0s
     0     0    1.94285    0  133    3.45882    1.94285  43.8%     -    0s
     0     0    1.95090    0  119    3.45882    1.95090  43.6%     -    0s
H    0     0                       3.4273723    1.95090  43.1%     -    0s
     0     0    1.95626    0  163    3.42737    1.95626  42.9%     -    0s
     0     0    1.95814    0  131    3.42737    1.95814  42.9%     -    0s
     0     0    1.95932    0  121    3.42737    1.95932  42.8%     -    0s
     0     0    1.95955    0  120    3.42737    1.95955  42.8%     -    0s
     0     0    1.95966    0  144    3.42737    1.95966  42.8%     -    0s
     0     0    1.97204    0  133    3.42737    1.97204  42.5%     -    0s
H    0     0                       3.3692774    1.97204  41.5%     -    0s
     0     0    1.97904    0  141    3.36928    1.97904  41.3%     -    0s
     0     0    1.98132    0  137    3.36928    1.98132  41.2%     -    0s
     0     0    1.98293    0  141    3.36928    1.98293  41.1%     -    0s
     0     0    1.98378    0  144    3.36928    1.98378  41.1%     -    0s
     0     0    1.98448    0  138    3.36928    1.98448  41.1%     -    0s
     0     0    1.98506    0  162    3.36928    1.98506  41.1%     -    0s
     0     0    1.98525    0  148    3.36928    1.98525  41.1%     -    0s
     0     0    1.98552    0  148    3.36928    1.98552  41.1%     -    0s
     0     0    1.98554    0  149    3.36928    1.98554  41.1%     -    0s
     0     0    1.99330    0  162    3.36928    1.99330  40.8%     -    0s
     0     0    1.99913    0  136    3.36928    1.99913  40.7%     -    0s
     0     0    2.00052    0  130    3.36928    2.00052  40.6%     -    0s
     0     0    2.00081    0  133    3.36928    2.00081  40.6%     -    0s
     0     0    2.00108    0  132    3.36928    2.00108  40.6%     -    0s
     0     0    2.00137    0  138    3.36928    2.00137  40.6%     -    0s
     0     0    2.00140    0  141    3.36928    2.00140  40.6%     -    0s
     0     0    2.00519    0  136    3.36928    2.00519  40.5%     -    0s
H    0     0                       3.3619781    2.00519  40.4%     -    0s
     0     0    2.00536    0  157    3.36198    2.00536  40.4%     -    0s
     0     0    2.00762    0  154    3.36198    2.00762  40.3%     -    0s
H    0     0                       3.3387737    2.00762  39.9%     -    0s
     0     0    2.00790    0  151    3.33877    2.00790  39.9%     -    0s
     0     0    2.00794    0  152    3.33877    2.00794  39.9%     -    0s
     0     0    2.01052    0  171    3.33877    2.01052  39.8%     -    0s
H    0     0                       3.3231898    2.01052  39.5%     -    0s
     0     0    2.01088    0  151    3.32319    2.01088  39.5%     -    0s
     0     0    2.01119    0  164    3.32319    2.01119  39.5%     -    0s
     0     0    2.01138    0  171    3.32319    2.01138  39.5%     -    0s
     0     0    2.01143    0  162    3.32319    2.01143  39.5%     -    0s
     0     0    2.01332    0  138    3.32319    2.01332  39.4%     -    0s
H    0     0                       3.2994088    2.01332  39.0%     -    0s
     0     0    2.01458    0  158    3.29941    2.01458  38.9%     -    0s
     0     0    2.01509    0  155    3.29941    2.01509  38.9%     -    0s
     0     0    2.01536    0  157    3.29941    2.01536  38.9%     -    0s
     0     0    2.01559    0  150    3.29941    2.01559  38.9%     -    0s
     0     0    2.01583    0  150    3.29941    2.01583  38.9%     -    0s
     0     0    2.01591    0  155    3.29941    2.01591  38.9%     -    0s
     0     0    2.01650    0  167    3.29941    2.01650  38.9%     -    0s
H    0     0                       3.2952701    2.01650  38.8%     -    0s
     0     0    2.01683    0  177    3.29527    2.01683  38.8%     -    0s
     0     0    2.01696    0  174    3.29527    2.01696  38.8%     -    0s
     0     0    2.01728    0  147    3.29527    2.01728  38.8%     -    0s
     0     0    2.01770    0  173    3.29527    2.01770  38.8%     -    0s
     0     0    2.01789    0  148    3.29527    2.01789  38.8%     -    0s
     0     0    2.01823    0  171    3.29527    2.01823  38.8%     -    0s
     0     0    2.01823    0  164    3.29527    2.01823  38.8%     -    0s
H    0     0                       3.2894453    2.01842  38.6%     -    1s
     0     2    2.01842    0  164    3.28945    2.01842  38.6%     -    1s
H   52    48                       3.2864526    2.01891  38.6%  69.2    1s
H   56    48                       3.2761095    2.01891  38.4%  65.5    1s
H  104    88                       3.2425475    2.01891  37.7%  44.9    1s
H  110    93                       3.2042920    2.01891  37.0%  42.6    1s
H  130   112                       3.1379197    2.01891  35.7%  36.3    1s
H  137   113                       3.0941898    2.01891  34.8%  34.8    1s
H  164   134                       3.0910949    2.02731  34.4%  40.6    1s
H  234   188                       3.0604599    2.02731  33.8%  38.3    1s
H  245   197                       3.0602263    2.02731  33.8%  38.5    1s
H  260   193                       3.0273869    2.02731  33.0%  36.5    1s
H  300   189                       2.9170000    2.02731  30.5%  33.6    1s
   537   374    2.08781   10  190    2.91700    2.06737  29.1%  34.3    5s
   584   407    2.68806  105  190    2.91700    2.07798  28.8%  50.9   10s
   662   456    2.39139   61   76    2.91700    2.10008  28.0%  87.3   15s
  1290   733    2.28889   49  102    2.91700    2.12710  27.1%  96.0   20s
  2264  1190    2.32205   43  130    2.91700    2.18164  25.2%  87.1   25s
H 2494  1307                       2.9004088    2.19644  24.3%  87.3   26s
  2908  1540    2.33133   45  103    2.90041    2.21907  23.5%  92.7   30s
H 2959  1556                       2.9002482    2.22058  23.4%  92.5   32s
  3347  1786    2.52130   54   93    2.90025    2.22620  23.2%  92.7   35s
  4147  2270    2.62821   52   97    2.90025    2.23814  22.8%  91.3   40s
  4854  2614    2.54015   58  132    2.90025    2.25532  22.2%  93.8   45s
  5514  2975    2.87707   44  123    2.90025    2.26691  21.8%  95.9   50s
  6048  3240    2.86788   66   71    2.90025    2.27590  21.5%  96.0   55s
  6745  3579    2.72576   49   68    2.90025    2.28868  21.1%  97.8   60s
  7424  3891    2.44835   38  105    2.90025    2.29650  20.8%   100   65s
  8176  4316    2.59900   55   88    2.90025    2.30347  20.6%   100   70s
  8928  4739    2.45191   51   92    2.90025    2.31356  20.2%   100   75s
  9636  5086    2.57288   46   86    2.90025    2.31974  20.0%   101   80s
 10168  5281     cutoff   45         2.90025    2.32445  19.9%   103   85s
 10203  5299    2.74473   41  164    2.90025    2.32452  19.9%   103  100s
 10221  5311    2.35916   36  171    2.90025    2.32452  19.9%   103  105s
 10241  5324    2.87549   50  188    2.90025    2.32452  19.9%   103  110s
 10260  5337    2.76629   71  189    2.90025    2.32452  19.9%   103  115s
 10280  5350    2.71201   52  190    2.90025    2.32452  19.9%   103  120s
 10297  5362    2.46937   54  193    2.90025    2.32452  19.9%   102  125s
 10316  5374    2.66810   57  179    2.90025    2.32452  19.9%   102  130s
 10336  5388    2.53345   63  202    2.90025    2.32452  19.9%   102  135s
 10355  5400    2.67258   70  209    2.90025    2.32452  19.9%   102  140s
 10375  5414    2.60923   39  216    2.90025    2.32452  19.9%   102  145s
 10395  5427    2.32654   33  223    2.90025    2.32452  19.9%   101  150s
 10405  5434    2.60047   43  183    2.90025    2.32452  19.9%   101  155s
 10410  5439    2.32452   38  195    2.90025    2.32452  19.9%   105  161s
 10416  5443    2.32452   41  202    2.90025    2.32452  19.9%   105  165s
 10527  5490    2.60797   40  126    2.90025    2.32452  19.9%   106  170s
 10754  5564    2.78139   76   52    2.90025    2.32452  19.9%   107  175s
 11209  5688    2.32452   46  126    2.90025    2.32452  19.9%   106  180s
 11720  5814    2.62227   51  104    2.90025    2.32452  19.9%   106  185s
 12241  5949    2.78554  106   75    2.90025    2.32452  19.9%   106  190s
 12679  6032    2.67656   64  112    2.90025    2.32452  19.9%   108  195s
 13275  6214    2.35972   57  149    2.90025    2.32452  19.9%   108  200s
 13724  6291    2.75180   82   92    2.90025    2.33729  19.4%   109  205s
 14144  6369    2.57342   59  157    2.90025    2.34814  19.0%   110  210s
 14614  6468     cutoff   63         2.90025    2.35281  18.9%   111  215s
 14981  6541    2.61097   65  131    2.90025    2.36616  18.4%   112  220s
 15429  6621    2.60780   50  121    2.90025    2.37206  18.2%   111  225s
 15856  6696    2.53252   53  128    2.90025    2.38265  17.8%   113  230s
 16296  6790    2.64023   66  138    2.90025    2.38734  17.7%   114  235s
 16644  6837    2.88434   59   80    2.90025    2.39418  17.4%   114  240s
 16720  6859    2.89592   75   85    2.90025    2.39525  17.4%   114  247s
 16963  6905    2.80982   70   49    2.90025    2.39907  17.3%   114  250s
 17374  6917     cutoff   62         2.90025    2.40478  17.1%   115  255s
 17854  6969    2.48037   44  108    2.90025    2.41158  16.8%   116  260s
 18313  7033    2.51083   49  125    2.90025    2.41718  16.7%   116  265s
 18862  7067    2.47196   51  111    2.90025    2.42793  16.3%   117  270s
 19335  7130    2.72671   56  137    2.90025    2.43426  16.1%   117  275s
 19901  7196    2.60364   54   87    2.90025    2.43957  15.9%   116  280s
 20404  7216     cutoff   75         2.90025    2.44457  15.7%   117  285s
 20936  7265     cutoff   66         2.90025    2.44941  15.5%   117  290s
 21547  7323    2.63490   48  190    2.90025    2.45561  15.3%   117  295s
 22076  7429    2.87155   50   81    2.90025    2.45808  15.2%   117  300s
 22593  7468    2.74907   58   95    2.90025    2.46280  15.1%   118  305s
 23215  7539    2.80595   66  115    2.90025    2.46728  14.9%   118  310s
 23754  7577    2.72349   44  118    2.90025    2.47301  14.7%   118  315s
 24263  7619    2.59384   65   95    2.90025    2.47646  14.6%   118  320s
 24901  7639    2.79638   78  115    2.90025    2.48014  14.5%   118  325s
 25524  7713    2.71732   71   93    2.90025    2.48321  14.4%   118  330s
 26050  7755    2.70865   59   66    2.90025    2.48805  14.2%   118  335s
 26662  7838    2.82607   79   81    2.90025    2.49270  14.1%   118  340s
 27262  8049    2.76248   65   97    2.90025    2.49624  13.9%   118  345s
 27717  8219    2.67329   62   97    2.90025    2.49887  13.8%   118  350s
 28197  8391    2.65743   55  101    2.90025    2.50264  13.7%   119  355s
 28839  8637     cutoff   65         2.90025    2.50562  13.6%   119  360s
 29307  8856    2.53667   45  104    2.90025    2.50772  13.5%   119  365s
 29906  9088    2.60340   71   96    2.90025    2.50984  13.5%   119  370s
 30404  9229    2.86256   58   65    2.90025    2.51262  13.4%   119  375s
 31056  9487    2.82720   58   76    2.90025    2.51637  13.2%   119  380s
 31650  9722    2.67318   64   77    2.90025    2.52033  13.1%   119  385s
 32117  9869    2.69860   48   92    2.90025    2.52297  13.0%   119  390s
 32624 10033    2.69361   69  119    2.90025    2.52543  12.9%   120  395s
 33061 10161     cutoff   66         2.90025    2.52806  12.8%   120  400s
 33456 10295    2.71016   54   95    2.90025    2.53045  12.8%   120  405s
 33978 10477    2.88590   71   53    2.90025    2.53343  12.6%   120  410s
 34414 10623    2.79515   58  109    2.90025    2.53661  12.5%   121  415s
 34844 10795    2.68218   58  110    2.90025    2.53873  12.5%   121  420s
 35246 10970    2.76420   61   77    2.90025    2.54000  12.4%   121  425s
 35630 11126     cutoff   53         2.90025    2.54153  12.4%   122  430s
 36068 11266    2.59117   60   96    2.90025    2.54345  12.3%   122  435s
 36380 11347    2.61162   59   99    2.90025    2.54500  12.2%   122  451s
 36605 11405    2.63108   56   99    2.90025    2.54564  12.2%   122  455s
 37060 11578    2.68668   69   95    2.90025    2.54781  12.2%   122  460s
 37440 11670    2.71348   43  122    2.90025    2.55032  12.1%   123  465s
 37944 11822    2.62045   58  106    2.90025    2.55207  12.0%   123  470s
 38350 11954    2.88546   72   97    2.90025    2.55426  11.9%   123  475s
 38800 12095     cutoff   59         2.90025    2.55686  11.8%   123  480s
 39176 12177     cutoff   53         2.90025    2.55856  11.8%   124  485s
 39533 12271     cutoff   52         2.90025    2.56039  11.7%   124  490s
 39941 12387    2.79741   73   77    2.90025    2.56191  11.7%   124  495s
 40443 12558    2.58643   63   99    2.90025    2.56381  11.6%   124  500s
 40923 12692    2.86365   67   84    2.90025    2.56526  11.6%   125  505s
 41283 12788    2.65957   52  130    2.90025    2.56697  11.5%   125  510s
 41555 12871     cutoff   69         2.90025    2.56842  11.4%   126  515s
 41974 12981    2.66439   65  165    2.90025    2.57004  11.4%   126  520s
 42222 13042    2.71607   58   75    2.90025    2.57154  11.3%   127  525s
 42661 13181    2.82099   67   64    2.90025    2.57336  11.3%   127  530s
 43070 13269     cutoff   57         2.90025    2.57533  11.2%   127  535s
 43646 13421     cutoff   58         2.90025    2.57767  11.1%   127  540s
 44075 13517    2.70221   47  115    2.90025    2.57995  11.0%   127  545s
 44495 13626    2.64189   54   99    2.90025    2.58148  11.0%   127  550s
 44842 13708     cutoff   67         2.90025    2.58324  10.9%   127  555s
 45167 13759     cutoff   63         2.90025    2.58529  10.9%   128  560s
 45552 13858    2.63372   66  104    2.90025    2.58711  10.8%   128  565s
 45933 13947     cutoff   84         2.90025    2.58870  10.7%   128  570s
 46439 14080    2.74934   57   78    2.90025    2.59051  10.7%   128  575s
 46796 14179    2.80020   71   97    2.90025    2.59202  10.6%   129  580s
 47156 14274     cutoff   65         2.90025    2.59320  10.6%   129  585s
 47590 14413    2.74086   64   81    2.90025    2.59430  10.5%   129  590s
 47954 14492    2.74722   56  122    2.90025    2.59578  10.5%   130  595s
 48378 14605    2.81964   50  118    2.90025    2.59708  10.5%   130  600s
 48661 14642    2.67849   59  158    2.90025    2.59828  10.4%   130  605s
 49066 14744    2.76693   53   80    2.90025    2.59960  10.4%   130  610s
 49525 14886    2.82321   69   92    2.90025    2.60100  10.3%   130  615s
 49858 14919    2.84813   55   83    2.90025    2.60270  10.3%   131  620s
 50231 15000     cutoff   42         2.90025    2.60419  10.2%   131  625s
 50579 15059    2.72641   73   82    2.90025    2.60518  10.2%   131  630s
 50986 15155    2.81492   51   86    2.90025    2.60694  10.1%   132  635s
 51402 15250    2.80950   47  122    2.90025    2.60836  10.1%   132  640s
 51764 15303    2.75411   60   78    2.90025    2.60990  10.0%   132  645s
 52160 15392    2.84669   88   66    2.90025    2.61105  10.0%   132  650s
 52514 15426    2.85054   65   60    2.90025    2.61199  9.94%   132  655s
 52935 15478    2.79633   59   66    2.90025    2.61361  9.88%   133  660s
 53268 15538    2.70761   58  103    2.90025    2.61442  9.86%   133  665s
 53636 15603    2.68371   64  119    2.90025    2.61550  9.82%   133  670s
 53910 15682     cutoff   54         2.90025    2.61630  9.79%   134  675s
 54290 15790    2.67856   57  145    2.90025    2.61746  9.75%   134  680s
 54825 15918    2.84849   59   86    2.90025    2.61890  9.70%   134  685s
 55226 16045    2.83660   52  136    2.90025    2.61993  9.67%   134  690s
 55729 16151    2.79283   52   59    2.90025    2.62103  9.63%   134  695s
 56118 16247    2.73877   54   62    2.90025    2.62181  9.60%   134  700s
 56424 16323    2.74472   82   75    2.90025    2.62272  9.57%   134  705s
 56903 16415    2.76887   73   89    2.90025    2.62380  9.53%   134  710s
 57383 16494    2.88623   48   94    2.90025    2.62513  9.49%   134  715s
 57706 16563    2.76771   61   98    2.90025    2.62595  9.46%   134  720s
 58115 16637     cutoff   70         2.90025    2.62693  9.42%   134  725s
 58621 16742     cutoff  101         2.90025    2.62799  9.39%   134  730s
 59069 16823     cutoff   63         2.90025    2.62919  9.35%   134  735s
 59343 16875     cutoff   76         2.90025    2.63024  9.31%   134  740s
 59801 17004    2.72103   66   95    2.90025    2.63125  9.28%   134  745s
 60179 17088    2.72470   59   97    2.90025    2.63231  9.24%   134  750s
 60548 17145    2.75192   48  141    2.90025    2.63339  9.20%   135  755s
 61027 17264    2.68699   54  180    2.90025    2.63450  9.16%   135  760s
 61357 17300    2.75115   66   54    2.90025    2.63511  9.14%   135  765s
 61758 17394     cutoff   54         2.90025    2.63581  9.12%   135  770s
 62181 17476    2.86414   47  128    2.90025    2.63671  9.09%   135  775s
 62678 17608    2.70039   70   72    2.90025    2.63770  9.05%   135  780s
 63228 17716     cutoff   57         2.90025    2.63882  9.01%   135  785s
 63641 17787    2.83840   63   75    2.90025    2.63933  9.00%   135  790s
 64149 17906    2.89657   64   83    2.90025    2.64038  8.96%   135  795s
 64671 18006    2.86707   69   65    2.90025    2.64142  8.92%   134  800s
 65158 18094    2.71456   77   99    2.90025    2.64256  8.88%   134  805s
 65505 18177    2.85083   76   53    2.90025    2.64340  8.86%   135  810s
 66002 18263    2.84723   53   67    2.90025    2.64449  8.82%   135  815s
 66326 18320    2.85129   54  101    2.90025    2.64549  8.78%   135  820s
 66792 18378    2.87123   66   35    2.90025    2.64651  8.75%   135  825s
 67190 18416    2.89079   40   99    2.90025    2.64785  8.70%   135  830s
 67600 18528    2.83069   61   76    2.90025    2.64854  8.68%   135  835s
 68092 18654     cutoff   70         2.90025    2.64939  8.65%   135  840s
 68480 18705     cutoff   70         2.90025    2.65006  8.63%   135  845s
 68820 18732    2.85815   64  102    2.90025    2.65081  8.60%   135  851s
 69115 18746    2.72214   68   99    2.90025    2.65167  8.57%   135  855s
 69534 18795    2.74274   61  138    2.90025    2.65249  8.54%   135  860s
 70017 18863     cutoff   54         2.90025    2.65369  8.50%   135  865s
 70501 18950    2.87974   65   76    2.90025    2.65460  8.47%   135  870s
 70931 19014    2.76846   66  114    2.90025    2.65550  8.44%   135  875s
 71337 19112    2.80168   74  101    2.90025    2.65629  8.41%   135  880s
 71773 19157    2.69451   45  138    2.90025    2.65718  8.38%   135  885s
 72125 19184    2.68997   63   70    2.90025    2.65806  8.35%   135  890s
 72557 19267    2.77615   54  111    2.90025    2.65873  8.33%   135  895s
 73110 19361     cutoff   66         2.90025    2.66005  8.28%   135  900s
 73586 19423    2.68585   55  102    2.90025    2.66095  8.25%   135  905s
 74002 19498    2.72727   76  120    2.90025    2.66184  8.22%   135  910s
 74529 19556    2.69149   65  105    2.90025    2.66310  8.18%   135  915s
 75002 19659     cutoff   68         2.90025    2.66412  8.14%   135  920s
 75413 19743    2.80303   66   83    2.90025    2.66501  8.11%   135  925s
 75724 19793     cutoff   67         2.90025    2.66575  8.09%   135  930s
 76146 19828    2.86569   66  115    2.90025    2.66665  8.05%   135  935s
 76601 19874     cutoff   64         2.90025    2.66781  8.01%   135  940s
 76951 19898    2.75057   76   99    2.90025    2.66882  7.98%   135  945s
 77388 19959    2.82227   59   52    2.90025    2.66958  7.95%   135  950s
 77864 20015    2.82650   52   89    2.90025    2.67064  7.92%   135  955s
 78277 20089    2.82027   59  100    2.90025    2.67143  7.89%   135  960s
 78737 20120     cutoff   66         2.90025    2.67244  7.85%   135  965s
 79162 20162    2.84174   70   59    2.90025    2.67333  7.82%   135  970s
 79492 20204    2.69199   58  149    2.90025    2.67388  7.81%   135  975s
 79823 20225 infeasible   62         2.90025    2.67452  7.78%   136  980s
 80219 20265    2.79647   68   78    2.90025    2.67507  7.76%   136  985s
 80654 20317    2.82524   61   98    2.90025    2.67592  7.73%   136  990s
 81092 20379    2.86922   63   85    2.90025    2.67696  7.70%   136  995s
 81471 20406    2.89105   56   92    2.90025    2.67760  7.68%   136 1000s
 81731 20443     cutoff   61         2.90025    2.67799  7.66%   136 1005s
 82191 20521    2.73419   56   93    2.90025    2.67873  7.64%   136 1010s
 82600 20584     cutoff   55         2.90025    2.67952  7.61%   136 1015s
 83036 20626     cutoff   65         2.90025    2.68023  7.59%   136 1020s
 83398 20657     cutoff   82         2.90025    2.68078  7.57%   136 1025s
 83750 20712    2.83676   62   65    2.90025    2.68138  7.55%   136 1030s
 84254 20792     cutoff   46         2.90025    2.68231  7.51%   136 1035s
 84660 20854     cutoff   71         2.90025    2.68321  7.48%   136 1040s
 85068 20902    2.78340   66   63    2.90025    2.68376  7.46%   136 1045s
 85563 20943     cutoff   68         2.90025    2.68450  7.44%   136 1050s
 86045 21052    2.80187   67   74    2.90025    2.68507  7.42%   136 1055s
 86494 21099    2.83578   75   90    2.90025    2.68574  7.40%   136 1060s
 86931 21173    2.84397   51  108    2.90025    2.68647  7.37%   135 1065s
 87389 21230    2.76123   68   79    2.90025    2.68719  7.35%   135 1070s
 87818 21309    2.77959   74   89    2.90025    2.68787  7.32%   135 1075s
 88265 21337     cutoff   68         2.90025    2.68858  7.30%   135 1080s
 88873 21384     cutoff   70         2.90025    2.68956  7.26%   135 1085s
 89241 21392 infeasible   61         2.90025    2.69019  7.24%   135 1090s
 89647 21394    2.74977   58   56    2.90025    2.69099  7.22%   135 1095s
 90177 21455     cutoff   65         2.90025    2.69178  7.19%   135 1100s
 90482 21498     cutoff   81         2.90025    2.69213  7.18%   135 1105s
 90812 21548    2.85100   54  107    2.90025    2.69258  7.16%   135 1110s
 91114 21559    2.77389   58  112    2.90025    2.69312  7.14%   136 1115s
 91459 21574    2.84866   66   59    2.90025    2.69381  7.12%   136 1120s
 91874 21600     cutoff   60         2.90025    2.69449  7.09%   136 1125s
 92271 21613    2.71155   71   89    2.90025    2.69512  7.07%   136 1130s
 92782 21700     cutoff   62         2.90025    2.69595  7.04%   135 1135s
 93235 21681    2.73845   70  117    2.90025    2.69709  7.00%   135 1140s
 93663 21732    2.88919   81   83    2.90025    2.69790  6.98%   135 1145s
 94087 21802    2.79116   68   84    2.90025    2.69864  6.95%   135 1150s
 94530 21815    2.79331   55  137    2.90025    2.69962  6.92%   135 1155s
 94867 21850     cutoff   71         2.90025    2.70001  6.90%   135 1160s
 95216 21871    2.85167   65  112    2.90025    2.70068  6.88%   135 1165s
 95722 21944    2.79514   69  164    2.90025    2.70147  6.85%   135 1170s
 96077 21978    2.75118   67  132    2.90025    2.70204  6.83%   135 1175s
 96548 22013    2.73627   51   67    2.90025    2.70274  6.81%   135 1180s
 96985 22054     cutoff   78         2.90025    2.70334  6.79%   135 1185s
 97371 22101     cutoff   50         2.90025    2.70396  6.77%   135 1190s
 97840 22117    2.73253   53   82    2.90025    2.70460  6.75%   135 1195s
 98245 22147    2.71545   71  103    2.90025    2.70525  6.72%   135 1200s

Cutting planes:
  Gomory: 3
  Cover: 791
  Implied bound: 224
  Projected implied bound: 21
  Clique: 1
  MIR: 498
  Flow cover: 635
  GUB cover: 13
  RLT: 1
  Relax-and-lift: 657

Explored 98246 nodes (13297012 simplex iterations) in 1200.00 seconds
Thread count was 1 (of 4 available processors)

Solution count 10: 2.90025 2.90041 2.917 ... 3.20429

Time limit reached
Best objective 2.900248180678e+00, best bound 2.705245693544e+00, gap 6.7236%

---------------------------------------------------------------------------
Multi-objectives: stopped in 1200.03 seconds, solution count 10
Time Limit reached

