Academic license - for non-commercial use only - expires 2022-11-10
Using license file /home/benedond/Apps/gurobi/gurobi950/gurobi.lic
Using gurobi.env file
Set parameter Threads to value 1
Changed value of parameter TimeLimit to 1200.0
   Prev: inf  Min: 0.0  Max: inf  Default: inf
Gurobi Optimizer version 9.1.2 build v9.1.2rc0 (linux64)
Thread count: 2 physical cores, 4 logical processors, using up to 1 threads
Optimize a model with 603 rows, 527 columns and 2459 nonzeros
Model fingerprint: 0x4531b30b
Variable types: 30 continuous, 497 integer (497 binary)
Coefficient statistics:
  Matrix range     [2e-01, 5e+02]
  Objective range  [3e-02, 6e-01]
  Bounds range     [1e+00, 1e+00]
  RHS range        [1e+00, 8e+02]
Presolve removed 208 rows and 64 columns
Presolve time: 0.03s
Presolved: 395 rows, 463 columns, 2646 nonzeros
Variable types: 28 continuous, 435 integer (435 binary)
Found heuristic solution: objective 4.5316464

Root relaxation: objective 2.680699e+00, 447 iterations, 0.01 seconds

    Nodes    |    Current Node    |     Objective Bounds      |     Work
 Expl Unexpl |  Obj  Depth IntInf | Incumbent    BestBd   Gap | It/Node Time

     0     0    2.68070    0   53    4.53165    2.68070  40.8%     -    0s
H    0     0                       3.7274147    2.68070  28.1%     -    0s
H    0     0                       3.6807196    2.68070  27.2%     -    0s
     0     0    2.86490    0   73    3.68072    2.86490  22.2%     -    0s
     0     0    2.88272    0   99    3.68072    2.88272  21.7%     -    0s
     0     0    2.88340    0   87    3.68072    2.88340  21.7%     -    0s
     0     0    2.94888    0   88    3.68072    2.94888  19.9%     -    0s
     0     0    2.95913    0   87    3.68072    2.95913  19.6%     -    0s
     0     0    2.95922    0   87    3.68072    2.95922  19.6%     -    0s
     0     0    3.02287    0  100    3.68072    3.02287  17.9%     -    0s
     0     0    3.02698    0  104    3.68072    3.02698  17.8%     -    0s
     0     0    3.02738    0  104    3.68072    3.02738  17.8%     -    0s
     0     0    3.02749    0  102    3.68072    3.02749  17.7%     -    0s
     0     0    3.04554    0   91    3.68072    3.04554  17.3%     -    0s
     0     0    3.04839    0  100    3.68072    3.04839  17.2%     -    0s
     0     0    3.04871    0   87    3.68072    3.04871  17.2%     -    0s
     0     0    3.04897    0   83    3.68072    3.04897  17.2%     -    0s
     0     0    3.05563    0   78    3.68072    3.05563  17.0%     -    0s
     0     0    3.05694    0   67    3.68072    3.05694  16.9%     -    0s
     0     0    3.05694    0   69    3.68072    3.05694  16.9%     -    0s
     0     0    3.06801    0   96    3.68072    3.06801  16.6%     -    0s
     0     0    3.07012    0   97    3.68072    3.07012  16.6%     -    0s
     0     0    3.07047    0  108    3.68072    3.07047  16.6%     -    0s
     0     0    3.07056    0  108    3.68072    3.07056  16.6%     -    0s
     0     0    3.07650    0   97    3.68072    3.07650  16.4%     -    0s
     0     0    3.07680    0  107    3.68072    3.07680  16.4%     -    0s
     0     0    3.07816    0   75    3.68072    3.07816  16.4%     -    0s
H    0     0                       3.6594634    3.07816  15.9%     -    0s
     0     0    3.07891    0   77    3.65946    3.07891  15.9%     -    0s
     0     0    3.07930    0   86    3.65946    3.07930  15.9%     -    0s
     0     0    3.07944    0   87    3.65946    3.07944  15.8%     -    0s
     0     0    3.08186    0   87    3.65946    3.08186  15.8%     -    0s
     0     0    3.08206    0   97    3.65946    3.08206  15.8%     -    0s
     0     0    3.08221    0  110    3.65946    3.08221  15.8%     -    0s
     0     0    3.08221    0  107    3.65946    3.08221  15.8%     -    0s
     0     2    3.08245    0  107    3.65946    3.08245  15.8%     -    0s
*   90    57              15       3.5817561    3.20180  10.6%  52.1    0s
*  108    28              12       3.4133781    3.26099  4.46%  51.5    0s
H  114    16                       3.3528658    3.26204  2.71%  49.2    0s

Cutting planes:
  Gomory: 2
  Cover: 15
  Implied bound: 8
  Clique: 6
  MIR: 29
  StrongCG: 3
  Relax-and-lift: 122

Explored 148 nodes (8265 simplex iterations) in 0.50 seconds
Thread count was 1 (of 4 available processors)

Solution count 7: 3.35287 3.41338 3.58176 ... 4.53165

Optimal solution found (tolerance 1.00e-04)
Best objective 3.352865847055e+00, best bound 3.352865847055e+00, gap 0.0000%
