Academic license - for non-commercial use only - expires 2022-11-10
Using license file /home/benedond/Apps/gurobi/gurobi950/gurobi.lic
Using gurobi.env file
Set parameter Threads to value 1
Changed value of parameter TimeLimit to 1200.0
   Prev: inf  Min: 0.0  Max: inf  Default: inf
Gurobi Optimizer version 9.1.2 build v9.1.2rc0 (linux64)
Thread count: 2 physical cores, 4 logical processors, using up to 1 threads
Optimize a model with 2111 rows, 1960 columns and 9460 nonzeros
Model fingerprint: 0xe4280835
Variable types: 60 continuous, 1900 integer (1900 binary)
Coefficient statistics:
  Matrix range     [2e-01, 5e+02]
  Objective range  [1e-02, 3e-01]
  Bounds range     [1e+00, 1e+00]
  RHS range        [1e+00, 1e+03]
Presolve removed 186 rows and 76 columns
Presolve time: 0.04s
Presolved: 1925 rows, 1884 columns, 9035 nonzeros
Variable types: 59 continuous, 1825 integer (1825 binary)

Root relaxation: objective 2.185490e+00, 2116 iterations, 0.06 seconds

    Nodes    |    Current Node    |     Objective Bounds      |     Work
 Expl Unexpl |  Obj  Depth IntInf | Incumbent    BestBd   Gap | It/Node Time

     0     0    2.18549    0  194          -    2.18549      -     -    0s
     0     0    2.28615    0  186          -    2.28615      -     -    0s
     0     0    2.30224    0  148          -    2.30224      -     -    0s
     0     0    2.42898    0  135          -    2.42898      -     -    0s
     0     0    2.43615    0  129          -    2.43615      -     -    0s
     0     0    2.51709    0  151          -    2.51709      -     -    0s
H    0     0                       4.5150000    2.51709  44.3%     -    0s
H    0     0                       3.4197014    2.51709  26.4%     -    0s
     0     0    2.55459    0  158    3.41970    2.55459  25.3%     -    0s
     0     0    2.58154    0  150    3.41970    2.58154  24.5%     -    0s
     0     0    2.58517    0  151    3.41970    2.58517  24.4%     -    0s
     0     0    2.58531    0  165    3.41970    2.58531  24.4%     -    0s
     0     0    2.62652    0  167    3.41970    2.62652  23.2%     -    0s
     0     0    2.64157    0  216    3.41970    2.64157  22.8%     -    0s
     0     0    2.64563    0  214    3.41970    2.64563  22.6%     -    0s
     0     0    2.64599    0  205    3.41970    2.64599  22.6%     -    0s
     0     0    2.64611    0  201    3.41970    2.64611  22.6%     -    0s
     0     0    2.66006    0  171    3.41970    2.66006  22.2%     -    1s
     0     0    2.66069    0  170    3.41970    2.66069  22.2%     -    1s
     0     0    2.66172    0  168    3.41970    2.66172  22.2%     -    1s
     0     0    2.66187    0  198    3.41970    2.66187  22.2%     -    1s
     0     0    2.67577    0  206    3.41970    2.67577  21.8%     -    1s
     0     0    2.67763    0  204    3.41970    2.67763  21.7%     -    1s
     0     0    2.67853    0  185    3.41970    2.67853  21.7%     -    1s
     0     0    2.67856    0  176    3.41970    2.67856  21.7%     -    1s
     0     0    2.68334    0  151    3.41970    2.68334  21.5%     -    1s
     0     0    2.68466    0  205    3.41970    2.68466  21.5%     -    1s
     0     0    2.68488    0  213    3.41970    2.68488  21.5%     -    1s
     0     0    2.69322    0  165    3.41970    2.69322  21.2%     -    1s
H    0     0                       3.3750764    2.69322  20.2%     -    1s
     0     0    2.69631    0  206    3.37508    2.69631  20.1%     -    1s
     0     0    2.69668    0  183    3.37508    2.69668  20.1%     -    1s
     0     0    2.70698    0  194    3.37508    2.70698  19.8%     -    1s
     0     0    2.70873    0  200    3.37508    2.70873  19.7%     -    1s
     0     0    2.70960    0  218    3.37508    2.70960  19.7%     -    1s
     0     0    2.70973    0  214    3.37508    2.70973  19.7%     -    1s
     0     0    2.71657    0  177    3.37508    2.71657  19.5%     -    1s
     0     0    2.71871    0  155    3.37508    2.71871  19.4%     -    1s
     0     0    2.71966    0  165    3.37508    2.71966  19.4%     -    1s
     0     0    2.72001    0  172    3.37508    2.72001  19.4%     -    1s
     0     0    2.72353    0  180    3.37508    2.72353  19.3%     -    1s
     0     0    2.72543    0  197    3.37508    2.72543  19.2%     -    1s
     0     0    2.72592    0  197    3.37508    2.72592  19.2%     -    1s
     0     0    2.72646    0  219    3.37508    2.72646  19.2%     -    1s
     0     0    2.72650    0  223    3.37508    2.72650  19.2%     -    1s
     0     0    2.72977    0  168    3.37508    2.72977  19.1%     -    1s
     0     0    2.73081    0  191    3.37508    2.73081  19.1%     -    1s
     0     0    2.73122    0  193    3.37508    2.73122  19.1%     -    1s
     0     0    2.73151    0  190    3.37508    2.73151  19.1%     -    1s
     0     0    2.73506    0  179    3.37508    2.73506  19.0%     -    1s
     0     0    2.73554    0  179    3.37508    2.73554  18.9%     -    1s
     0     0    2.73579    0  195    3.37508    2.73579  18.9%     -    1s
     0     0    2.73795    0  211    3.37508    2.73795  18.9%     -    1s
     0     0    2.73795    0  196    3.37508    2.73795  18.9%     -    2s
H    0     0                       3.3689514    2.73796  18.7%     -    2s
     0     2    2.73798    0  195    3.36895    2.73798  18.7%     -    2s
H   26    26                       3.3583611    2.73911  18.4%   228    3s
H   54    54                       3.2931806    2.73911  16.8%   184    3s
H   78    77                       3.2874931    2.73911  16.7%   168    4s
H   81    80                       3.2786945    2.73911  16.5%   171    4s
H  130   113                       3.2189445    2.74192  14.8%   148    4s
   144   128    3.12569   25   88    3.21894    2.74192  14.8%   161    5s
H  189   154                       3.2167292    2.74192  14.8%   157    5s
H  234   192                       3.2167292    2.75617  14.3%   147    6s
H  330   262                       3.1964514    2.75766  13.7%   133    7s
   513   376    2.82346   44  151    3.19645    2.76162  13.6%   135   10s
   616   445    2.91290   27  179    3.19645    2.83593  11.3%   112   15s
   713   510    2.87594   44  238    3.19645    2.87594  10.0%  96.9   20s
   759   541    2.88352   31  272    3.19645    2.88352  9.79%   136   27s
   762   545    2.88401   20  206    3.19645    2.88401  9.77%   148   30s
   821   576    3.06234   49  121    3.19645    2.89173  9.53%   168   35s
   978   617    3.07965   53   98    3.19645    2.89190  9.53%   195   40s
H 1175   569                       3.1951597    2.90738  9.01%   180   43s
  1293   606    2.92296   27  214    3.19516    2.92140  8.57%   173   45s
  1676   727    2.95451   49  194    3.19516    2.92440  8.47%   159   50s
  2008   840    3.01543   29   87    3.19516    2.92823  8.35%   152   55s
  2340   949    3.10359   65   90    3.19516    2.93020  8.29%   150   60s
  2789  1284    3.11802   87  130    3.19516    2.93503  8.14%   142   65s
  3034  1417     cutoff   66         3.19516    2.93717  8.07%   144   70s
  3497  1705    3.14107   84   59    3.19516    2.94105  7.95%   139   75s
  3926  1998    3.02434   48  134    3.19516    2.94459  7.84%   136   80s
H 3941  1703                       3.1469097    2.94459  6.43%   136   80s
  4182  1873    2.97017   41  154    3.14691    2.94519  6.41%   136   85s
  4552  2116    3.09967   50   43    3.14691    2.94638  6.37%   134   90s
  4784  2219    2.97951   44  161    3.14691    2.94848  6.31%   135   95s
  5173  2468    3.13305   47   58    3.14691    2.95095  6.23%   134  100s
  5522  2705    2.99565   41  175    3.14691    2.95219  6.19%   133  105s
  5866  2915     cutoff   45         3.14691    2.95325  6.15%   133  110s
  6275  3144    3.12557   36  110    3.14691    2.95543  6.08%   132  115s
* 6349  3092              68       3.1402708    2.95579  5.87%   132  115s
H 6420  3073                       3.1360347    2.95708  5.71%   132  117s
H 6447  3077                       3.1339167    2.95708  5.64%   132  117s
H 6495  3053                       3.1292917    2.95760  5.49%   132  118s
H 6605  2992                       3.1216250    2.95826  5.23%   132  120s
H 6665  2808                       3.1110347    2.95943  4.87%   132  120s
H 6889  2864                       3.1089167    2.96013  4.79%   132  124s
  6894  2865    3.02493   43   80    3.10892    2.96013  4.79%   132  125s
  7230  2951    3.01808   41   71    3.10892    2.96373  4.67%   132  130s
  7618  3103    3.10146   38   89    3.10892    2.96642  4.58%   131  135s
  7874  3230    2.98802   44  113    3.10892    2.96813  4.53%   132  140s
H 8204  3288                       3.1044722    2.97009  4.33%   131  144s
  8248  3306    3.04808   42   73    3.10447    2.97021  4.32%   131  145s
  8661  3425     cutoff   37         3.10447    2.97278  4.24%   131  150s
  8906  3538    2.98377   40  175    3.10447    2.97356  4.22%   131  155s
  9279  3705    2.99832   40   95    3.10447    2.97574  4.15%   131  160s
  9621  3850    3.01477   47  101    3.10447    2.97756  4.09%   131  165s
  9856  3964    3.08495   42   95    3.10447    2.97890  4.04%   131  170s
 10203  4092    3.07222   76  196    3.10447    2.98047  3.99%   131  195s
 10253  4125    3.00459   63  249    3.10447    2.98047  3.99%   130  200s
 10288  4149    3.06501   43  238    3.10447    2.98047  3.99%   130  205s
 10324  4173    3.03083   55  322    3.10447    2.98047  3.99%   129  210s
 10351  4191    3.03872   56  342    3.10447    2.98047  3.99%   129  215s
 10379  4209    3.02668   54  290    3.10447    2.98047  3.99%   129  220s
 10407  4228    2.99304   50  291    3.10447    2.98047  3.99%   128  225s
 10436  4247    3.08477   96  282    3.10447    2.98047  3.99%   128  230s
 10469  4269    3.08195   41  321    3.10447    2.98047  3.99%   128  235s
 10493  4285    3.08451   92  265    3.10447    2.98047  3.99%   127  240s
 10508  4295    3.08210   57  234    3.10447    2.98047  3.99%   127  245s
 10512  4298    2.98047   32  241    3.10447    2.98047  3.99%   131  250s
 10516  4298    2.98047   34  197    3.10447    2.98047  3.99%   131  255s
 10520  4299    2.98047   36  197    3.10447    2.98047  3.99%   131  261s
 10524  4300    3.09214   38   97    3.10447    2.98047  3.99%   131  265s
 10540  4299    2.98047   47  169    3.10447    2.98047  3.99%   132  270s
 10623  4287    3.01003   94  153    3.10447    2.98047  3.99%   132  275s
 10735  4263    2.98047   68  165    3.10447    2.98047  3.99%   132  280s
 10849  4248    2.98047   51  253    3.10447    2.98047  3.99%   133  285s
 10972  4258    3.09187   54  127    3.10447    2.98047  3.99%   134  290s
 11161  4311    3.08026   90   65    3.10447    2.98047  3.99%   135  295s
 11362  4341    3.00819   55  102    3.10447    2.98047  3.99%   135  300s
 11585  4384    2.98047   61  175    3.10447    2.98047  3.99%   137  305s
 11823  4402    3.03826   66  111    3.10447    2.98047  3.99%   137  310s
 12129  4415    2.98222   54  131    3.10447    2.98047  3.99%   138  315s
 12416  4460    3.02343   56  106    3.10447    2.98349  3.90%   138  320s
 12705  4532    3.04934   67   74    3.10447    2.98601  3.82%   138  325s
 13010  4612    3.05876   71   87    3.10447    2.98856  3.73%   139  330s
 13316  4656     cutoff   77         3.10447    2.99151  3.64%   139  335s
 13627  4666     cutoff   93         3.10447    2.99401  3.56%   140  340s
 13890  4687    3.00340   64  119    3.10447    2.99668  3.47%   141  345s
 14169  4691    3.06388   65   88    3.10447    2.99980  3.37%   141  350s
 14465  4740    3.06387   89  212    3.10447    3.00104  3.33%   142  355s
 14810  4725    3.08491   61   73    3.10447    3.00341  3.26%   142  360s
 15144  4707    3.08153   94  144    3.10447    3.00663  3.15%   143  365s
 15514  4702     cutoff   78         3.10447    3.01055  3.03%   143  370s
 15806  4680    3.07387   71  154    3.10447    3.01321  2.94%   144  375s
 16148  4674    3.07671   74  155    3.10447    3.01502  2.88%   145  380s
 16508  4658     cutoff   58         3.10447    3.01775  2.79%   145  385s
 16878  4624    3.05117   43  144    3.10447    3.02115  2.68%   145  390s
 17182  4613    3.08075   90  152    3.10447    3.02326  2.62%   146  395s
 17482  4529    3.05406   61   54    3.10447    3.02569  2.54%   147  400s
 17743  4517    3.09277   92  118    3.10447    3.02737  2.48%   147  405s
 18062  4389     cutoff   61         3.10447    3.03114  2.36%   148  410s
 18374  4304     cutoff   51         3.10447    3.03382  2.28%   148  415s
 18688  4198    3.08619   46   79    3.10447    3.03599  2.21%   148  420s
 19087  4087    3.08513   67  149    3.10447    3.03852  2.12%   149  425s
 19315  3980    3.04882   66  111    3.10447    3.04049  2.06%   149  430s
 19669  3883    3.06693   81   58    3.10447    3.04293  1.98%   149  435s
 19960  3803    3.07498   73  127    3.10447    3.04442  1.93%   149  440s
 20327  3673    3.08026   75  117    3.10447    3.04677  1.86%   150  445s
 20598  3592    3.06272   78  136    3.10447    3.04799  1.82%   150  450s
 20947  3450     cutoff   72         3.10447    3.05065  1.73%   150  455s
 21320  3240     cutoff   61         3.10447    3.05391  1.63%   150  460s
 21691  2990     cutoff   66         3.10447    3.05738  1.52%   151  465s
 22032  2764    3.07040   68   98    3.10447    3.06021  1.43%   151  470s
*22223  2415              50       3.1042500    3.06165  1.37%   151  472s
 22344  2339    3.09737  115   90    3.10425    3.06246  1.35%   151  475s
 22676  2129    3.08068   90  122    3.10425    3.06487  1.27%   151  480s
 23133  2019    3.10014   74   75    3.10425    3.06749  1.18%   150  485s
 23493  1884    3.08523   74   59    3.10425    3.06976  1.11%   150  490s
 23972  1687     cutoff   74         3.10425    3.07304  1.01%   149  495s
 24493  1414     cutoff   49         3.10425    3.07706  0.88%   149  500s
 25084  1138     cutoff   70         3.10425    3.08142  0.74%   147  505s
 25853   657     cutoff   66         3.10425    3.08734  0.54%   145  510s

Cutting planes:
  Gomory: 6
  Cover: 121
  Implied bound: 38
  Clique: 10
  MIR: 291
  StrongCG: 1
  Flow cover: 637
  GUB cover: 1
  Inf proof: 2
  Zero half: 2
  RLT: 7
  Relax-and-lift: 185

Explored 26688 nodes (3819738 simplex iterations) in 514.20 seconds
Thread count was 1 (of 4 available processors)

Solution count 10: 3.10425 3.10447 3.10892 ... 3.14691

Optimal solution found (tolerance 1.00e-04)
Best objective 3.104250004049e+00, best bound 3.103942934841e+00, gap 0.0099%
