{
    "assignmentCharacteristics": [
        {
            "command": "./idctrn-4M -v0 -c1 -i100",
            "resourceAssignments": [
                {
                    "intercept": 2.690000057220459,
                    "length": 48,
                    "processors": [
                        {
                            "processingUnits": 1,
                            "processor": "A72"
                        }
                    ],
                    "slope": 1.7599999904632568
                },
                {
                    "intercept": 1.2200000286102295,
                    "length": 143,
                    "processors": [
                        {
                            "processingUnits": 1,
                            "processor": "A53"
                        }
                    ],
                    "slope": 0.3499999940395355
                }
            ],
            "task": "0_idctrn-4M"
        },
        {
            "command": "/root/thermobench/build/benchmarks/mem/membench -t1 -f -r -w -s 1000000",
            "resourceAssignments": [
                {
                    "intercept": 2.069999933242798,
                    "length": 146,
                    "processors": [
                        {
                            "processingUnits": 1,
                            "processor": "A72"
                        }
                    ],
                    "slope": 0.7599999904632568
                },
                {
                    "intercept": 0.8100000023841858,
                    "length": 119,
                    "processors": [
                        {
                            "processingUnits": 1,
                            "processor": "A53"
                        }
                    ],
                    "slope": 0.5799999833106995
                }
            ],
            "task": "1_membench-1M-RW-R"
        },
        {
            "command": "./bitmnp-4M -v0 -c1 -i100",
            "resourceAssignments": [
                {
                    "intercept": 1.9700000286102295,
                    "length": 120,
                    "processors": [
                        {
                            "processingUnits": 1,
                            "processor": "A72"
                        }
                    ],
                    "slope": 0.8999999761581421
                },
                {
                    "intercept": 1.2200000286102295,
                    "length": 262,
                    "processors": [
                        {
                            "processingUnits": 1,
                            "processor": "A53"
                        }
                    ],
                    "slope": 0.28999999165534973
                }
            ],
            "task": "2_bitmnp-4M"
        },
        {
            "command": "/root/thermobench/build/benchmarks/mem/membench -t1 -f -r -w -s 1000",
            "resourceAssignments": [
                {
                    "intercept": 0.8500000238418579,
                    "length": 77,
                    "processors": [
                        {
                            "processingUnits": 1,
                            "processor": "A72"
                        }
                    ],
                    "slope": 0.7699999809265137
                },
                {
                    "intercept": 0.23000000417232513,
                    "length": 137,
                    "processors": [
                        {
                            "processingUnits": 1,
                            "processor": "A53"
                        }
                    ],
                    "slope": 0.18000000715255737
                }
            ],
            "task": "3_membench-1K-RW-R"
        },
        {
            "command": "/root/thermobench/build/benchmarks/mem/membench -t1 -f -r -s 1000000",
            "resourceAssignments": [
                {
                    "intercept": 1.8899999856948853,
                    "length": 136,
                    "processors": [
                        {
                            "processingUnits": 1,
                            "processor": "A72"
                        }
                    ],
                    "slope": 0.6899999976158142
                },
                {
                    "intercept": 0.7200000286102295,
                    "length": 93,
                    "processors": [
                        {
                            "processingUnits": 1,
                            "processor": "A53"
                        }
                    ],
                    "slope": 0.5
                }
            ],
            "task": "4_membench-1M-RO-R"
        },
        {
            "command": "./idctrn-4M -v0 -c1 -i100",
            "resourceAssignments": [
                {
                    "intercept": 2.690000057220459,
                    "length": 83,
                    "processors": [
                        {
                            "processingUnits": 1,
                            "processor": "A72"
                        }
                    ],
                    "slope": 1.7599999904632568
                },
                {
                    "intercept": 1.2200000286102295,
                    "length": 247,
                    "processors": [
                        {
                            "processingUnits": 1,
                            "processor": "A53"
                        }
                    ],
                    "slope": 0.3499999940395355
                }
            ],
            "task": "5_idctrn-4M"
        },
        {
            "command": "./bitmnp-4M -v0 -c1 -i100",
            "resourceAssignments": [
                {
                    "intercept": 1.9700000286102295,
                    "length": 63,
                    "processors": [
                        {
                            "processingUnits": 1,
                            "processor": "A72"
                        }
                    ],
                    "slope": 0.8999999761581421
                },
                {
                    "intercept": 1.2200000286102295,
                    "length": 138,
                    "processors": [
                        {
                            "processingUnits": 1,
                            "processor": "A53"
                        }
                    ],
                    "slope": 0.28999999165534973
                }
            ],
            "task": "6_bitmnp-4M"
        },
        {
            "command": "./bitmnp-4K -v0 -c1 -i100",
            "resourceAssignments": [
                {
                    "intercept": 0.7699999809265137,
                    "length": 63,
                    "processors": [
                        {
                            "processingUnits": 1,
                            "processor": "A72"
                        }
                    ],
                    "slope": 0.7799999713897705
                },
                {
                    "intercept": 0.23000000417232513,
                    "length": 131,
                    "processors": [
                        {
                            "processingUnits": 1,
                            "processor": "A53"
                        }
                    ],
                    "slope": 0.1899999976158142
                }
            ],
            "task": "7_bitmnp-4K"
        },
        {
            "command": "/root/thermobench/build/benchmarks/mem/membench -t1 -f -r -s 1000",
            "resourceAssignments": [
                {
                    "intercept": 0.5,
                    "length": 48,
                    "processors": [
                        {
                            "processingUnits": 1,
                            "processor": "A72"
                        }
                    ],
                    "slope": 0.4000000059604645
                },
                {
                    "intercept": 0.20999999344348907,
                    "length": 48,
                    "processors": [
                        {
                            "processingUnits": 1,
                            "processor": "A53"
                        }
                    ],
                    "slope": 0.14000000059604645
                }
            ],
            "task": "8_membench-1K-RO-R"
        },
        {
            "command": "/root/thermobench/build/benchmarks/mem/membench -t1 -f -w -s 1000",
            "resourceAssignments": [
                {
                    "intercept": 0.8399999737739563,
                    "length": 123,
                    "processors": [
                        {
                            "processingUnits": 1,
                            "processor": "A72"
                        }
                    ],
                    "slope": 0.75
                },
                {
                    "intercept": 0.23999999463558197,
                    "length": 218,
                    "processors": [
                        {
                            "processingUnits": 1,
                            "processor": "A53"
                        }
                    ],
                    "slope": 0.17000000178813934
                }
            ],
            "task": "9_membench-1K-RW-S"
        },
        {
            "command": "./pntrch-4M -v0 -c1 -i1",
            "resourceAssignments": [
                {
                    "intercept": 2.009999990463257,
                    "length": 86,
                    "processors": [
                        {
                            "processingUnits": 1,
                            "processor": "A72"
                        }
                    ],
                    "slope": 1.8300000429153442
                },
                {
                    "intercept": 0.5400000214576721,
                    "length": 253,
                    "processors": [
                        {
                            "processingUnits": 1,
                            "processor": "A53"
                        }
                    ],
                    "slope": 0.4099999964237213
                }
            ],
            "task": "10_pntrch-4M"
        },
        {
            "command": "./pntrch-4K -v0 -c1 -i100",
            "resourceAssignments": [
                {
                    "intercept": 1.3300000429153442,
                    "length": 118,
                    "processors": [
                        {
                            "processingUnits": 1,
                            "processor": "A72"
                        }
                    ],
                    "slope": 1.409999966621399
                },
                {
                    "intercept": 0.25999999046325684,
                    "length": 344,
                    "processors": [
                        {
                            "processingUnits": 1,
                            "processor": "A53"
                        }
                    ],
                    "slope": 0.23000000417232513
                }
            ],
            "task": "11_pntrch-4K"
        },
        {
            "command": "/root/thermobench/build/benchmarks/mem/membench -t1 -f -s 1000",
            "resourceAssignments": [
                {
                    "intercept": 0.46000000834465027,
                    "length": 46,
                    "processors": [
                        {
                            "processingUnits": 1,
                            "processor": "A72"
                        }
                    ],
                    "slope": 0.44999998807907104
                },
                {
                    "intercept": 0.20999999344348907,
                    "length": 46,
                    "processors": [
                        {
                            "processingUnits": 1,
                            "processor": "A53"
                        }
                    ],
                    "slope": 0.15000000596046448
                }
            ],
            "task": "12_membench-1K-RO-S"
        },
        {
            "command": "./iirflt-4M -v0 -c1 -i100",
            "resourceAssignments": [
                {
                    "intercept": 2.640000104904175,
                    "length": 145,
                    "processors": [
                        {
                            "processingUnits": 1,
                            "processor": "A72"
                        }
                    ],
                    "slope": 1.5499999523162842
                },
                {
                    "intercept": 1.2300000190734863,
                    "length": 330,
                    "processors": [
                        {
                            "processingUnits": 1,
                            "processor": "A53"
                        }
                    ],
                    "slope": 0.3100000023841858
                }
            ],
            "task": "13_iirflt-4M"
        },
        {
            "command": "./iirflt-4K -v0 -c1 -i100",
            "resourceAssignments": [
                {
                    "intercept": 1.350000023841858,
                    "length": 42,
                    "processors": [
                        {
                            "processingUnits": 1,
                            "processor": "A72"
                        }
                    ],
                    "slope": 1.4600000381469727
                },
                {
                    "intercept": 0.30000001192092896,
                    "length": 122,
                    "processors": [
                        {
                            "processingUnits": 1,
                            "processor": "A53"
                        }
                    ],
                    "slope": 0.2199999988079071
                }
            ],
            "task": "14_iirflt-4K"
        },
        {
            "command": "./matrix-4M -v0 -c1 -i100",
            "resourceAssignments": [
                {
                    "intercept": 2.6500000953674316,
                    "length": 107,
                    "processors": [
                        {
                            "processingUnits": 1,
                            "processor": "A72"
                        }
                    ],
                    "slope": 2.009999990463257
                },
                {
                    "intercept": 0.8799999952316284,
                    "length": 301,
                    "processors": [
                        {
                            "processingUnits": 1,
                            "processor": "A53"
                        }
                    ],
                    "slope": 0.5
                }
            ],
            "task": "15_matrix-4M"
        },
        {
            "command": "./puwmod-4M -v0 -c1 -i100",
            "resourceAssignments": [
                {
                    "intercept": 2.6600000858306885,
                    "length": 89,
                    "processors": [
                        {
                            "processingUnits": 1,
                            "processor": "A72"
                        }
                    ],
                    "slope": 1.4700000286102295
                },
                {
                    "intercept": 1.399999976158142,
                    "length": 174,
                    "processors": [
                        {
                            "processingUnits": 1,
                            "processor": "A53"
                        }
                    ],
                    "slope": 0.36000001430511475
                }
            ],
            "task": "16_puwmod-4M"
        },
        {
            "command": "/root/thermobench/build/benchmarks/tinyrenderer/tinyrenderer -f /root/thermobench/benchmarks/tinyrenderer/obj/diablo3_pose/*.obj",
            "resourceAssignments": [
                {
                    "intercept": 2.2300000190734863,
                    "length": 77,
                    "processors": [
                        {
                            "processingUnits": 1,
                            "processor": "A72"
                        }
                    ],
                    "slope": 1.1399999856948853
                },
                {
                    "intercept": 1.2799999713897705,
                    "length": 157,
                    "processors": [
                        {
                            "processingUnits": 1,
                            "processor": "A53"
                        }
                    ],
                    "slope": 0.27000001072883606
                }
            ],
            "task": "17_tinyrenderer-diablo"
        },
        {
            "command": "/root/thermobench/build/benchmarks/mem/membench -t1 -f -s 4000000",
            "resourceAssignments": [
                {
                    "intercept": 3.049999952316284,
                    "length": 53,
                    "processors": [
                        {
                            "processingUnits": 1,
                            "processor": "A72"
                        }
                    ],
                    "slope": 0.3799999952316284
                },
                {
                    "intercept": 1.7699999809265137,
                    "length": 173,
                    "processors": [
                        {
                            "processingUnits": 1,
                            "processor": "A53"
                        }
                    ],
                    "slope": 0.4399999976158142
                }
            ],
            "task": "18_membench-4M-RO-S"
        },
        {
            "command": "./aifirf-4M -v0 -c1 -i10",
            "resourceAssignments": [
                {
                    "intercept": 2.569999933242798,
                    "length": 92,
                    "processors": [
                        {
                            "processingUnits": 1,
                            "processor": "A72"
                        }
                    ],
                    "slope": 1.7899999618530273
                },
                {
                    "intercept": 1.059999942779541,
                    "length": 257,
                    "processors": [
                        {
                            "processingUnits": 1,
                            "processor": "A53"
                        }
                    ],
                    "slope": 0.36000001430511475
                }
            ],
            "task": "19_aifirf-4M"
        },
        {
            "command": "./bitmnp-4M -v0 -c1 -i100",
            "resourceAssignments": [
                {
                    "intercept": 1.9700000286102295,
                    "length": 86,
                    "processors": [
                        {
                            "processingUnits": 1,
                            "processor": "A72"
                        }
                    ],
                    "slope": 0.8999999761581421
                },
                {
                    "intercept": 1.2200000286102295,
                    "length": 188,
                    "processors": [
                        {
                            "processingUnits": 1,
                            "processor": "A53"
                        }
                    ],
                    "slope": 0.28999999165534973
                }
            ],
            "task": "20_bitmnp-4M"
        },
        {
            "command": "./aifirf-4K -v0 -c1 -i100",
            "resourceAssignments": [
                {
                    "intercept": 1.399999976158142,
                    "length": 118,
                    "processors": [
                        {
                            "processingUnits": 1,
                            "processor": "A72"
                        }
                    ],
                    "slope": 1.5099999904632568
                },
                {
                    "intercept": 0.23000000417232513,
                    "length": 326,
                    "processors": [
                        {
                            "processingUnits": 1,
                            "processor": "A53"
                        }
                    ],
                    "slope": 0.23999999463558197
                }
            ],
            "task": "21_aifirf-4K"
        },
        {
            "command": "./tblook-4M -v0 -c1 -i100",
            "resourceAssignments": [
                {
                    "intercept": 2.7300000190734863,
                    "length": 147,
                    "processors": [
                        {
                            "processingUnits": 1,
                            "processor": "A72"
                        }
                    ],
                    "slope": 1.7599999904632568
                },
                {
                    "intercept": 1.3300000429153442,
                    "length": 468,
                    "processors": [
                        {
                            "processingUnits": 1,
                            "processor": "A53"
                        }
                    ],
                    "slope": 0.25
                }
            ],
            "task": "22_tblook-4M"
        },
        {
            "command": "/root/thermobench/build/benchmarks/tinyrenderer/tinyrenderer -f /root/thermobench/benchmarks/tinyrenderer/obj/boggie/*.obj",
            "resourceAssignments": [
                {
                    "intercept": 2.2799999713897705,
                    "length": 128,
                    "processors": [
                        {
                            "processingUnits": 1,
                            "processor": "A72"
                        }
                    ],
                    "slope": 1.1200000047683716
                },
                {
                    "intercept": 1.2799999713897705,
                    "length": 253,
                    "processors": [
                        {
                            "processingUnits": 1,
                            "processor": "A53"
                        }
                    ],
                    "slope": 0.2800000011920929
                }
            ],
            "task": "23_tinyrenderer-boggie"
        }
    ],
    "environment": {
        "majorFrameLength": 1030,
        "problemVersion": 1,
        "processors": [
            {
                "name": "A53",
                "processingUnits": 4,
                "type": "main_processor"
            },
            {
                "name": "A72",
                "processingUnits": 2,
                "type": "main_processor"
            }
        ],
        "scPart": 1.0
    },
    "solution": {
        "feasible": true,
        "solutionTime": 144969,
        "solverMetadata": {
            "objective": "3.1179417343394267"
        },
        "solverName": "ILP-SM-I",
        "windows": [
            {
                "length": 344,
                "tasks": [
                    {
                        "length": 218,
                        "processingUnit": 0,
                        "processor": "A53",
                        "start": 0,
                        "task": "9_membench-1K-RW-S"
                    },
                    {
                        "length": 344,
                        "processingUnit": 1,
                        "processor": "A53",
                        "start": 0,
                        "task": "11_pntrch-4K"
                    },
                    {
                        "length": 122,
                        "processingUnit": 2,
                        "processor": "A53",
                        "start": 0,
                        "task": "14_iirflt-4K"
                    },
                    {
                        "length": 326,
                        "processingUnit": 3,
                        "processor": "A53",
                        "start": 0,
                        "task": "21_aifirf-4K"
                    }
                ]
            },
            {
                "length": 301,
                "tasks": [
                    {
                        "length": 77,
                        "processingUnit": 0,
                        "processor": "A72",
                        "start": 0,
                        "task": "3_membench-1K-RW-R"
                    },
                    {
                        "length": 247,
                        "processingUnit": 0,
                        "processor": "A53",
                        "start": 0,
                        "task": "5_idctrn-4M"
                    },
                    {
                        "length": 63,
                        "processingUnit": 1,
                        "processor": "A72",
                        "start": 0,
                        "task": "7_bitmnp-4K"
                    },
                    {
                        "length": 301,
                        "processingUnit": 1,
                        "processor": "A53",
                        "start": 0,
                        "task": "15_matrix-4M"
                    },
                    {
                        "length": 257,
                        "processingUnit": 2,
                        "processor": "A53",
                        "start": 0,
                        "task": "19_aifirf-4M"
                    },
                    {
                        "length": 253,
                        "processingUnit": 3,
                        "processor": "A53",
                        "start": 0,
                        "task": "23_tinyrenderer-boggie"
                    }
                ]
            },
            {
                "length": 188,
                "tasks": [
                    {
                        "length": 120,
                        "processingUnit": 0,
                        "processor": "A72",
                        "start": 0,
                        "task": "2_bitmnp-4M"
                    },
                    {
                        "length": 86,
                        "processingUnit": 1,
                        "processor": "A72",
                        "start": 0,
                        "task": "10_pntrch-4M"
                    },
                    {
                        "length": 174,
                        "processingUnit": 0,
                        "processor": "A53",
                        "start": 0,
                        "task": "16_puwmod-4M"
                    },
                    {
                        "length": 157,
                        "processingUnit": 1,
                        "processor": "A53",
                        "start": 0,
                        "task": "17_tinyrenderer-diablo"
                    },
                    {
                        "length": 173,
                        "processingUnit": 2,
                        "processor": "A53",
                        "start": 0,
                        "task": "18_membench-4M-RO-S"
                    },
                    {
                        "length": 188,
                        "processingUnit": 3,
                        "processor": "A53",
                        "start": 0,
                        "task": "20_bitmnp-4M"
                    }
                ]
            },
            {
                "length": 147,
                "tasks": [
                    {
                        "length": 143,
                        "processingUnit": 0,
                        "processor": "A53",
                        "start": 0,
                        "task": "0_idctrn-4M"
                    },
                    {
                        "length": 119,
                        "processingUnit": 1,
                        "processor": "A53",
                        "start": 0,
                        "task": "1_membench-1M-RW-R"
                    },
                    {
                        "length": 93,
                        "processingUnit": 2,
                        "processor": "A53",
                        "start": 0,
                        "task": "4_membench-1M-RO-R"
                    },
                    {
                        "length": 138,
                        "processingUnit": 3,
                        "processor": "A53",
                        "start": 0,
                        "task": "6_bitmnp-4M"
                    },
                    {
                        "length": 145,
                        "processingUnit": 0,
                        "processor": "A72",
                        "start": 0,
                        "task": "13_iirflt-4M"
                    },
                    {
                        "length": 147,
                        "processingUnit": 1,
                        "processor": "A72",
                        "start": 0,
                        "task": "22_tblook-4M"
                    }
                ]
            },
            {
                "length": 48,
                "tasks": [
                    {
                        "length": 48,
                        "processingUnit": 0,
                        "processor": "A53",
                        "start": 0,
                        "task": "8_membench-1K-RO-R"
                    },
                    {
                        "length": 46,
                        "processingUnit": 1,
                        "processor": "A53",
                        "start": 0,
                        "task": "12_membench-1K-RO-S"
                    }
                ]
            }
        ]
    },
    "tasks": [
        {
            "assignmentIndex": 1,
            "command": "/root/thermobench/build/benchmarks/mem/membench -t1 -f -w -s 1000",
            "length": 218,
            "name": "9_membench-1K-RW-S",
            "processors": [
                {
                    "processor": "A53",
                    "processingUnits": 1
                }
            ]
        },
        {
            "assignmentIndex": 1,
            "command": "./pntrch-4K -v0 -c1 -i100",
            "length": 344,
            "name": "11_pntrch-4K",
            "processors": [
                {
                    "processor": "A53",
                    "processingUnits": 1
                }
            ]
        },
        {
            "assignmentIndex": 1,
            "command": "./iirflt-4K -v0 -c1 -i100",
            "length": 122,
            "name": "14_iirflt-4K",
            "processors": [
                {
                    "processor": "A53",
                    "processingUnits": 1
                }
            ]
        },
        {
            "assignmentIndex": 1,
            "command": "./aifirf-4K -v0 -c1 -i100",
            "length": 326,
            "name": "21_aifirf-4K",
            "processors": [
                {
                    "processor": "A53",
                    "processingUnits": 1
                }
            ]
        },
        {
            "assignmentIndex": 0,
            "command": "/root/thermobench/build/benchmarks/mem/membench -t1 -f -r -w -s 1000",
            "length": 77,
            "name": "3_membench-1K-RW-R",
            "processors": [
                {
                    "processor": "A72",
                    "processingUnits": 1
                }
            ]
        },
        {
            "assignmentIndex": 1,
            "command": "./idctrn-4M -v0 -c1 -i100",
            "length": 247,
            "name": "5_idctrn-4M",
            "processors": [
                {
                    "processor": "A53",
                    "processingUnits": 1
                }
            ]
        },
        {
            "assignmentIndex": 0,
            "command": "./bitmnp-4K -v0 -c1 -i100",
            "length": 63,
            "name": "7_bitmnp-4K",
            "processors": [
                {
                    "processor": "A72",
                    "processingUnits": 1
                }
            ]
        },
        {
            "assignmentIndex": 1,
            "command": "./matrix-4M -v0 -c1 -i100",
            "length": 301,
            "name": "15_matrix-4M",
            "processors": [
                {
                    "processor": "A53",
                    "processingUnits": 1
                }
            ]
        },
        {
            "assignmentIndex": 1,
            "command": "./aifirf-4M -v0 -c1 -i10",
            "length": 257,
            "name": "19_aifirf-4M",
            "processors": [
                {
                    "processor": "A53",
                    "processingUnits": 1
                }
            ]
        },
        {
            "assignmentIndex": 1,
            "command": "/root/thermobench/build/benchmarks/tinyrenderer/tinyrenderer -f /root/thermobench/benchmarks/tinyrenderer/obj/boggie/*.obj",
            "length": 253,
            "name": "23_tinyrenderer-boggie",
            "processors": [
                {
                    "processor": "A53",
                    "processingUnits": 1
                }
            ]
        },
        {
            "assignmentIndex": 0,
            "command": "./bitmnp-4M -v0 -c1 -i100",
            "length": 120,
            "name": "2_bitmnp-4M",
            "processors": [
                {
                    "processor": "A72",
                    "processingUnits": 1
                }
            ]
        },
        {
            "assignmentIndex": 0,
            "command": "./pntrch-4M -v0 -c1 -i1",
            "length": 86,
            "name": "10_pntrch-4M",
            "processors": [
                {
                    "processor": "A72",
                    "processingUnits": 1
                }
            ]
        },
        {
            "assignmentIndex": 1,
            "command": "./puwmod-4M -v0 -c1 -i100",
            "length": 174,
            "name": "16_puwmod-4M",
            "processors": [
                {
                    "processor": "A53",
                    "processingUnits": 1
                }
            ]
        },
        {
            "assignmentIndex": 1,
            "command": "/root/thermobench/build/benchmarks/tinyrenderer/tinyrenderer -f /root/thermobench/benchmarks/tinyrenderer/obj/diablo3_pose/*.obj",
            "length": 157,
            "name": "17_tinyrenderer-diablo",
            "processors": [
                {
                    "processor": "A53",
                    "processingUnits": 1
                }
            ]
        },
        {
            "assignmentIndex": 1,
            "command": "/root/thermobench/build/benchmarks/mem/membench -t1 -f -s 4000000",
            "length": 173,
            "name": "18_membench-4M-RO-S",
            "processors": [
                {
                    "processor": "A53",
                    "processingUnits": 1
                }
            ]
        },
        {
            "assignmentIndex": 1,
            "command": "./bitmnp-4M -v0 -c1 -i100",
            "length": 188,
            "name": "20_bitmnp-4M",
            "processors": [
                {
                    "processor": "A53",
                    "processingUnits": 1
                }
            ]
        },
        {
            "assignmentIndex": 1,
            "command": "./idctrn-4M -v0 -c1 -i100",
            "length": 143,
            "name": "0_idctrn-4M",
            "processors": [
                {
                    "processor": "A53",
                    "processingUnits": 1
                }
            ]
        },
        {
            "assignmentIndex": 1,
            "command": "/root/thermobench/build/benchmarks/mem/membench -t1 -f -r -w -s 1000000",
            "length": 119,
            "name": "1_membench-1M-RW-R",
            "processors": [
                {
                    "processor": "A53",
                    "processingUnits": 1
                }
            ]
        },
        {
            "assignmentIndex": 1,
            "command": "/root/thermobench/build/benchmarks/mem/membench -t1 -f -r -s 1000000",
            "length": 93,
            "name": "4_membench-1M-RO-R",
            "processors": [
                {
                    "processor": "A53",
                    "processingUnits": 1
                }
            ]
        },
        {
            "assignmentIndex": 1,
            "command": "./bitmnp-4M -v0 -c1 -i100",
            "length": 138,
            "name": "6_bitmnp-4M",
            "processors": [
                {
                    "processor": "A53",
                    "processingUnits": 1
                }
            ]
        },
        {
            "assignmentIndex": 0,
            "command": "./iirflt-4M -v0 -c1 -i100",
            "length": 145,
            "name": "13_iirflt-4M",
            "processors": [
                {
                    "processor": "A72",
                    "processingUnits": 1
                }
            ]
        },
        {
            "assignmentIndex": 0,
            "command": "./tblook-4M -v0 -c1 -i100",
            "length": 147,
            "name": "22_tblook-4M",
            "processors": [
                {
                    "processor": "A72",
                    "processingUnits": 1
                }
            ]
        },
        {
            "assignmentIndex": 1,
            "command": "/root/thermobench/build/benchmarks/mem/membench -t1 -f -r -s 1000",
            "length": 48,
            "name": "8_membench-1K-RO-R",
            "processors": [
                {
                    "processor": "A53",
                    "processingUnits": 1
                }
            ]
        },
        {
            "assignmentIndex": 1,
            "command": "/root/thermobench/build/benchmarks/mem/membench -t1 -f -s 1000",
            "length": 46,
            "name": "12_membench-1K-RO-S",
            "processors": [
                {
                    "processor": "A53",
                    "processingUnits": 1
                }
            ]
        }
    ]
}