Academic license - for non-commercial use only - expires 2022-11-10
Using license file /home/benedond/Apps/gurobi/gurobi950/gurobi.lic
Using gurobi.env file
Set parameter Threads to value 1
Changed value of parameter TimeLimit to 1200.0
   Prev: inf  Min: 0.0  Max: inf  Default: inf
Gurobi Optimizer version 9.1.2 build v9.1.2rc0 (linux64)
Thread count: 2 physical cores, 4 logical processors, using up to 1 threads
Optimize a model with 1400 rows, 1279 columns and 6121 nonzeros
Model fingerprint: 0x428aab66
Variable types: 48 continuous, 1231 integer (1231 binary)
Coefficient statistics:
  Matrix range     [2e-01, 4e+02]
  Objective range  [1e-02, 4e-01]
  Bounds range     [1e+00, 1e+00]
  RHS range        [1e+00, 1e+03]
Found heuristic solution: objective 4.0066522
Presolve removed 156 rows and 68 columns
Presolve time: 0.03s
Presolved: 1244 rows, 1211 columns, 5706 nonzeros
Variable types: 48 continuous, 1163 integer (1163 binary)

Root relaxation: objective 1.974300e+00, 1189 iterations, 0.02 seconds

    Nodes    |    Current Node    |     Objective Bounds      |     Work
 Expl Unexpl |  Obj  Depth IntInf | Incumbent    BestBd   Gap | It/Node Time

     0     0    1.97430    0  129    4.00665    1.97430  50.7%     -    0s
H    0     0                       3.8186174    1.97430  48.3%     -    0s
     0     0    2.05467    0  102    3.81862    2.05467  46.2%     -    0s
H    0     0                       3.5912000    2.05467  42.8%     -    0s
     0     0    2.05805    0  114    3.59120    2.05805  42.7%     -    0s
     0     0    2.26986    0  129    3.59120    2.26986  36.8%     -    0s
H    0     0                       3.4942957    2.26986  35.0%     -    0s
H    0     0                       3.2574609    2.26986  30.3%     -    0s
     0     0    2.28041    0  106    3.25746    2.28041  30.0%     -    0s
     0     0    2.33940    0  133    3.25746    2.33940  28.2%     -    0s
     0     0    2.39752    0  128    3.25746    2.39752  26.4%     -    0s
     0     0    2.41356    0  123    3.25746    2.41356  25.9%     -    0s
     0     0    2.41357    0  115    3.25746    2.41357  25.9%     -    0s
     0     0    2.46449    0  132    3.25746    2.46449  24.3%     -    0s
H    0     0                       3.2335478    2.46449  23.8%     -    0s
     0     0    2.48448    0  161    3.23355    2.48448  23.2%     -    0s
     0     0    2.49022    0  149    3.23355    2.49022  23.0%     -    0s
     0     0    2.49145    0  144    3.23355    2.49145  22.9%     -    0s
     0     0    2.49182    0  127    3.23355    2.49182  22.9%     -    0s
     0     0    2.49211    0  131    3.23355    2.49211  22.9%     -    0s
     0     0    2.51547    0  166    3.23355    2.51547  22.2%     -    0s
H    0     0                       3.2109565    2.51547  21.7%     -    0s
H    0     0                       3.0389739    2.51547  17.2%     -    0s
     0     0    2.51831    0  166    3.03897    2.51831  17.1%     -    0s
     0     0    2.51852    0  147    3.03897    2.51852  17.1%     -    0s
     0     0    2.53161    0  154    3.03897    2.53161  16.7%     -    0s
     0     0    2.53345    0  125    3.03897    2.53345  16.6%     -    0s
     0     0    2.53420    0  141    3.03897    2.53420  16.6%     -    0s
     0     0    2.53437    0  129    3.03897    2.53437  16.6%     -    0s
     0     0    2.54596    0  123    3.03897    2.54596  16.2%     -    0s
     0     0    2.54784    0  139    3.03897    2.54784  16.2%     -    0s
     0     0    2.54826    0  146    3.03897    2.54826  16.1%     -    0s
     0     0    2.55749    0  163    3.03897    2.55749  15.8%     -    0s
H    0     0                       3.0326696    2.55749  15.7%     -    0s
     0     0    2.55930    0  166    3.03267    2.55930  15.6%     -    0s
     0     0    2.56039    0  178    3.03267    2.56039  15.6%     -    0s
     0     0    2.56051    0  167    3.03267    2.56051  15.6%     -    0s
     0     0    2.56924    0  142    3.03267    2.56924  15.3%     -    0s
     0     0    2.57497    0  163    3.03267    2.57497  15.1%     -    0s
     0     0    2.57582    0  174    3.03267    2.57582  15.1%     -    0s
     0     0    2.57621    0  169    3.03267    2.57621  15.1%     -    0s
     0     0    2.58421    0  172    3.03267    2.58421  14.8%     -    0s
H    0     0                       3.0288870    2.58421  14.7%     -    0s
     0     0    2.58682    0  167    3.02889    2.58682  14.6%     -    0s
     0     0    2.58758    0  204    3.02889    2.58758  14.6%     -    0s
     0     0    2.58807    0  175    3.02889    2.58807  14.6%     -    0s
     0     0    2.59196    0  164    3.02889    2.59196  14.4%     -    0s
     0     0    2.59509    0  183    3.02889    2.59509  14.3%     -    1s
     0     0    2.59669    0  199    3.02889    2.59669  14.3%     -    1s
     0     0    2.59694    0  191    3.02889    2.59694  14.3%     -    1s
     0     0    2.60011    0  135    3.02889    2.60011  14.2%     -    1s
     0     0    2.60079    0  160    3.02889    2.60079  14.1%     -    1s
     0     0    2.60615    0  139    3.02889    2.60615  14.0%     -    1s
     0     0    2.60615    0  137    3.02889    2.60615  14.0%     -    1s
     0     2    2.60639    0  136    3.02889    2.60639  13.9%     -    1s
H  130   100                       3.0209044    2.62540  13.1%   129    2s
H  156   119                       3.0057392    2.62540  12.7%   120    3s
H  234   181                       2.9977305    2.62545  12.4%   123    4s
   369   268    2.72159   13  107    2.99773    2.65672  11.4%   123    5s
H  510   307                       2.9297478    2.66684  8.97%   119    5s
   586   358    2.69348   15  147    2.92975    2.69348  8.06%   125   10s
   932   379    2.76379   20  121    2.92975    2.71064  7.48%   115   15s
* 1450   400              53       2.9226435    2.75687  5.67%   112   18s
  1636   458    2.82687   29   66    2.92264    2.76595  5.36%   110   20s
H 1683   443                       2.9140522    2.76595  5.08%   109   20s
H 1975   547                       2.9074174    2.77831  4.44%   109   22s
  2447   708    2.89340   41   80    2.90742    2.78795  4.11%   106   25s
  3223   902    2.89988   22   56    2.90742    2.80916  3.38%   101   30s
  4176   982     cutoff   39         2.90742    2.82797  2.73%  98.1   35s
  4996   943     cutoff   40         2.90742    2.84247  2.23%  96.8   40s
* 5316   899              50       2.9035739    2.84711  1.94%  95.8   41s
  5907   773    2.88464   26   26    2.90357    2.85787  1.57%  94.9   45s
  7260   106     cutoff   35         2.90357    2.89447  0.31%  87.8   50s

Cutting planes:
  Cover: 31
  Implied bound: 26
  Clique: 11
  MIR: 136
  StrongCG: 9
  Flow cover: 337
  GUB cover: 2
  Inf proof: 5
  Mod-K: 1
  RLT: 34
  Relax-and-lift: 333

Explored 7369 nodes (649680 simplex iterations) in 50.15 seconds
Thread count was 1 (of 4 available processors)

Solution count 10: 2.90357 2.90742 2.91405 ... 3.03267

Optimal solution found (tolerance 1.00e-04)
Best objective 2.903573931313e+00, best bound 2.903354608446e+00, gap 0.0076%
