Academic license - for non-commercial use only - expires 2022-11-10
Using license file /home/benedond/Apps/gurobi/gurobi950/gurobi.lic
Using gurobi.env file
Set parameter Threads to value 1
Changed value of parameter TimeLimit to 1200.0
   Prev: inf  Min: 0.0  Max: inf  Default: inf
Gurobi Optimizer version 9.1.2 build v9.1.2rc0 (linux64)
Thread count: 2 physical cores, 4 logical processors, using up to 1 threads
Optimize a model with 2834 rows, 1404 columns and 10918 nonzeros
Model fingerprint: 0xb3311340
Variable types: 26 continuous, 1378 integer (1352 binary)
Coefficient statistics:
  Matrix range     [2e-01, 4e+03]
  Objective range  [1e-03, 3e-01]
  Bounds range     [1e+00, 1e+00]
  RHS range        [1e+00, 4e+03]

---------------------------------------------------------------------------
Multi-objectives: starting optimization with 1 objectives ... 
---------------------------------------------------------------------------
---------------------------------------------------------------------------

Multi-objectives: optimize objective 1 (min avg power cons) ...
---------------------------------------------------------------------------

Optimize a model with 2834 rows, 1404 columns and 10918 nonzeros
Model fingerprint: 0x68e10c25
Variable types: 26 continuous, 1378 integer (1352 binary)
Coefficient statistics:
  Matrix range     [2e-01, 4e+03]
  Objective range  [1e-03, 3e-01]
  Bounds range     [1e+00, 1e+00]
  RHS range        [1e+00, 4e+03]
Presolve removed 1805 rows and 883 columns
Presolve time: 0.07s
Presolved: 1029 rows, 521 columns, 3878 nonzeros
Variable types: 20 continuous, 501 integer (481 binary)

Root relaxation: objective 1.457427e+00, 215 iterations, 0.00 seconds

    Nodes    |    Current Node    |     Objective Bounds      |     Work
 Expl Unexpl |  Obj  Depth IntInf | Incumbent    BestBd   Gap | It/Node Time

     0     0    1.45743    0   58          -    1.45743      -     -    0s
H    0     0                       4.1587767    1.45743  65.0%     -    0s
     0     0    1.56632    0   83    4.15878    1.56632  62.3%     -    0s
     0     0    1.57704    0   83    4.15878    1.57704  62.1%     -    0s
     0     0    1.67848    0   81    4.15878    1.67848  59.6%     -    0s
H    0     0                       4.1050389    1.67848  59.1%     -    0s
     0     0    1.70977    0   85    4.10504    1.70977  58.3%     -    0s
     0     0    1.93075    0   77    4.10504    1.93075  53.0%     -    0s
H    0     0                       4.0525437    1.93075  52.4%     -    0s
     0     0    1.94455    0   86    4.05254    1.94455  52.0%     -    0s
     0     0    1.94852    0   82    4.05254    1.94852  51.9%     -    0s
     0     0    1.95063    0   84    4.05254    1.95063  51.9%     -    0s
     0     0    1.95078    0   84    4.05254    1.95078  51.9%     -    0s
     0     0    1.95078    0   86    4.05254    1.95078  51.9%     -    0s
     0     0    2.02065    0   89    4.05254    2.02065  50.1%     -    0s
     0     0    2.02152    0   81    4.05254    2.02152  50.1%     -    0s
     0     0    2.02372    0  103    4.05254    2.02372  50.1%     -    0s
     0     0    2.02495    0   94    4.05254    2.02495  50.0%     -    0s
     0     0    2.02530    0  104    4.05254    2.02530  50.0%     -    0s
     0     0    2.02587    0  109    4.05254    2.02587  50.0%     -    0s
     0     0    2.02607    0  105    4.05254    2.02607  50.0%     -    0s
     0     0    2.02621    0  106    4.05254    2.02621  50.0%     -    0s
     0     0    2.05602    0  108    4.05254    2.05602  49.3%     -    0s
H    0     0                       4.0444661    2.05602  49.2%     -    0s
     0     0    2.06077    0  121    4.04447    2.06077  49.0%     -    0s
     0     0    2.06290    0  107    4.04447    2.06290  49.0%     -    0s
     0     0    2.06467    0  111    4.04447    2.06467  49.0%     -    0s
     0     0    2.06493    0  114    4.04447    2.06493  48.9%     -    0s
     0     0    2.06494    0  115    4.04447    2.06494  48.9%     -    0s
     0     0    2.07308    0   94    4.04447    2.07308  48.7%     -    0s
H    0     0                       4.0384175    2.07308  48.7%     -    0s
     0     0    2.07612    0   95    4.03842    2.07612  48.6%     -    0s
     0     0    2.07639    0   94    4.03842    2.07639  48.6%     -    0s
     0     0    2.07660    0  123    4.03842    2.07660  48.6%     -    0s
     0     0    2.08294    0  124    4.03842    2.08294  48.4%     -    0s
H    0     0                       4.0281942    2.08294  48.3%     -    0s
     0     0    2.08661    0   87    4.02819    2.08661  48.2%     -    0s
     0     0    2.08675    0   98    4.02819    2.08675  48.2%     -    0s
     0     0    2.08900    0   99    4.02819    2.08900  48.1%     -    0s
     0     0    2.08947    0  109    4.02819    2.08947  48.1%     -    0s
     0     0    2.08977    0  110    4.02819    2.08977  48.1%     -    0s
     0     0    2.08986    0  113    4.02819    2.08986  48.1%     -    0s
     0     0    2.09163    0  115    4.02819    2.09163  48.1%     -    0s
     0     0    2.09171    0  121    4.02819    2.09171  48.1%     -    0s
     0     0    2.09468    0  104    4.02819    2.09468  48.0%     -    0s
H    0     0                       4.0176214    2.09468  47.9%     -    0s
     0     0    2.09511    0   86    4.01762    2.09511  47.9%     -    0s
     0     0    2.09604    0   99    4.01762    2.09604  47.8%     -    0s
     0     0    2.09607    0  108    4.01762    2.09607  47.8%     -    0s
     0     0    2.09734    0  127    4.01762    2.09734  47.8%     -    0s
     0     0    2.09734    0  126    4.01762    2.09734  47.8%     -    0s
H    0     0                       3.9537670    2.09734  47.0%     -    0s
     0     2    2.09751    0  124    3.95377    2.09751  46.9%     -    0s
H   54    38                       3.8121165    2.09788  45.0%  26.7    0s
H  322   200                       3.7754952    2.28175  39.6%  41.5    1s
H  489   317                       3.7372816    2.31761  38.0%  41.0    1s
H  510   290                       3.6154272    2.36458  34.6%  43.2    1s
H  528   283                       3.6126117    2.36458  34.5%  41.7    1s
H  531   271                       3.6106602    2.36458  34.5%  41.5    2s
H  536   260                       3.5715631    2.36458  33.8%  41.1    2s
H  589   282                       3.5408641    2.36458  33.2%  58.9    3s
H  667   304                       3.5300777    2.36458  33.0%  63.9    3s
H  688   296                       3.4623010    2.36458  31.7%  63.8    3s
H  719   289                       3.4467379    2.36458  31.4%  64.4    3s
H  878   342                       3.3980000    2.36458  30.4%  65.7    4s
   974   363     cutoff   20         3.39800    2.36458  30.4%  67.0    5s
H  984   348                       3.3852039    2.36458  30.1%  66.8    5s
H 1018   345                       3.3737088    2.37338  29.7%  67.3    5s
H 1192   430                       3.3732427    2.42472  28.1%  69.5    6s
H 1218   449                       3.3730388    2.42607  28.1%  69.4    6s
H 1995   818                       3.3705922    2.54371  24.5%  75.3    9s
  2130   901    3.33654   37   26    3.37059    2.54851  24.4%  75.2   10s
  3350  1304    3.04917   31   86    3.37059    2.66446  20.9%  80.5   15s
  4450  1625     cutoff   35         3.37059    2.73925  18.7%  83.9   20s
  5513  1957    3.32958   33   63    3.37059    2.79299  17.1%  86.9   25s
  6715  2236    3.07317   24   96    3.37059    2.85411  15.3%  88.2   30s
  7182  2323     cutoff   34         3.37059    2.87751  14.6%  90.9   35s
* 7288  2325              57       3.3578835    2.88101  14.2%  90.9   35s
H 7624  2289                       3.3329515    2.89449  13.2%  91.3   37s
  8268  2367    3.28046   44   48    3.33295    2.92226  12.3%  92.1   40s
  9470  2556    3.13573   18   82    3.33295    2.96324  11.1%  92.1   45s
 10202  2611    3.05165   22   62    3.33295    2.98369  10.5%  92.6   57s
 10887  2668     cutoff   29         3.33295    2.99925  10.0%  92.8   60s
 12025  2695    3.23036   25  103    3.33295    3.02876  9.13%  93.4   65s
 13120  2723     cutoff   39         3.33295    3.05975  8.20%  94.0   70s
 14335  2773    3.13903   33   57    3.33295    3.08860  7.33%  94.0   75s
 15658  2645    3.29096   23   35    3.33295    3.12457  6.25%  93.3   80s
 16955  2511    3.33250   33   84    3.33295    3.15206  5.43%  93.1   85s
*18344  2041              50       3.3074466    3.18147  3.81%  91.6   89s
 18572  1983    3.26582   52   33    3.30745    3.18619  3.67%  91.1   90s
H19669  1625                       3.2963495    3.20947  2.64%  88.9   92s
 20758  1254     cutoff   36         3.29635    3.23296  1.92%  86.6   95s
*20793  1088              59       3.2853981    3.23305  1.59%  86.5   95s

Cutting planes:
  Learned: 5
  Gomory: 3
  Cover: 15
  Implied bound: 157
  Projected implied bound: 56
  MIR: 173
  Flow cover: 311
  GUB cover: 9
  Inf proof: 1
  Zero half: 1
  RLT: 16
  Relax-and-lift: 439

Explored 22773 nodes (1855606 simplex iterations) in 97.48 seconds
Thread count was 1 (of 4 available processors)

Solution count 10: 3.2854 3.29635 3.30745 ... 3.3852

Optimal solution found (tolerance 1.00e-04)
Best objective 3.285398063830e+00, best bound 3.285078958307e+00, gap 0.0097%

---------------------------------------------------------------------------
Multi-objectives: solved in 97.48 seconds, solution count 10

