Academic license - for non-commercial use only - expires 2022-11-10
Using license file /home/benedond/Apps/gurobi/gurobi950/gurobi.lic
Using gurobi.env file
Set parameter Threads to value 1
Changed value of parameter TimeLimit to 1200.0
   Prev: inf  Min: 0.0  Max: inf  Default: inf
Gurobi Optimizer version 9.1.2 build v9.1.2rc0 (linux64)
Thread count: 2 physical cores, 4 logical processors, using up to 1 threads
Optimize a model with 3276 rows, 1624 columns and 12654 nonzeros
Model fingerprint: 0xe1e89fd3
Variable types: 28 continuous, 1596 integer (1568 binary)
Coefficient statistics:
  Matrix range     [2e-01, 5e+03]
  Objective range  [8e-04, 2e-01]
  Bounds range     [1e+00, 1e+00]
  RHS range        [1e+00, 5e+03]

---------------------------------------------------------------------------
Multi-objectives: starting optimization with 1 objectives ... 
---------------------------------------------------------------------------
---------------------------------------------------------------------------

Multi-objectives: optimize objective 1 (min avg power cons) ...
---------------------------------------------------------------------------

Optimize a model with 3276 rows, 1624 columns and 12654 nonzeros
Model fingerprint: 0x69e3a1a6
Variable types: 28 continuous, 1596 integer (1568 binary)
Coefficient statistics:
  Matrix range     [2e-01, 5e+03]
  Objective range  [8e-04, 2e-01]
  Bounds range     [1e+00, 1e+00]
  RHS range        [1e+00, 5e+03]
Presolve removed 1974 rows and 963 columns
Presolve time: 0.09s
Presolved: 1302 rows, 661 columns, 4868 nonzeros
Variable types: 28 continuous, 633 integer (605 binary)

Root relaxation: objective 1.455100e+00, 249 iterations, 0.00 seconds

    Nodes    |    Current Node    |     Objective Bounds      |     Work
 Expl Unexpl |  Obj  Depth IntInf | Incumbent    BestBd   Gap | It/Node Time

     0     0    1.45510    0   61          -    1.45510      -     -    0s
H    0     0                       3.9305616    1.45510  63.0%     -    0s
     0     0    1.45510    0   78    3.93056    1.45510  63.0%     -    0s
     0     0    1.46335    0   99    3.93056    1.46335  62.8%     -    0s
     0     0    1.55772    0   67    3.93056    1.55772  60.4%     -    0s
H    0     0                       3.9189846    1.55772  60.3%     -    0s
     0     0    1.56109    0   74    3.91898    1.56109  60.2%     -    0s
     0     0    1.62545    0   86    3.91898    1.62545  58.5%     -    0s
H    0     0                       3.5796615    1.62545  54.6%     -    0s
     0     0    1.63343    0  118    3.57966    1.63343  54.4%     -    0s
     0     0    1.74000    0  110    3.57966    1.74000  51.4%     -    0s
H    0     0                       3.3855462    1.74000  48.6%     -    0s
     0     0    1.74315    0  112    3.38555    1.74315  48.5%     -    0s
     0     0    1.80869    0   91    3.38555    1.80869  46.6%     -    0s
     0     0    1.81708    0   87    3.38555    1.81708  46.3%     -    0s
     0     0    1.82605    0   96    3.38555    1.82605  46.1%     -    0s
     0     0    1.82864    0  112    3.38555    1.82864  46.0%     -    0s
     0     0    1.82903    0  141    3.38555    1.82903  46.0%     -    0s
     0     0    1.82918    0  142    3.38555    1.82918  46.0%     -    0s
     0     0    1.82929    0  147    3.38555    1.82929  46.0%     -    0s
     0     0    1.86154    0  115    3.38555    1.86154  45.0%     -    0s
H    0     0                       3.2591923    1.86154  42.9%     -    0s
     0     0    1.87321    0  120    3.25919    1.87321  42.5%     -    0s
     0     0    1.88330    0  113    3.25919    1.88330  42.2%     -    0s
     0     0    1.88475    0  123    3.25919    1.88475  42.2%     -    0s
     0     0    1.88503    0  115    3.25919    1.88503  42.2%     -    0s
     0     0    1.88506    0  123    3.25919    1.88506  42.2%     -    0s
     0     0    1.90921    0   90    3.25919    1.90921  41.4%     -    0s
     0     0    1.91477    0  112    3.25919    1.91477  41.3%     -    0s
     0     0    1.91735    0  124    3.25919    1.91735  41.2%     -    0s
     0     0    1.91759    0  118    3.25919    1.91759  41.2%     -    0s
     0     0    1.91769    0  132    3.25919    1.91769  41.2%     -    0s
     0     0    1.92901    0  104    3.25919    1.92901  40.8%     -    0s
     0     0    1.93057    0  104    3.25919    1.93057  40.8%     -    0s
     0     0    1.93163    0  115    3.25919    1.93163  40.7%     -    0s
     0     0    1.93209    0  116    3.25919    1.93209  40.7%     -    0s
     0     0    1.93234    0  116    3.25919    1.93234  40.7%     -    0s
     0     0    1.93241    0  117    3.25919    1.93241  40.7%     -    0s
     0     0    1.93795    0  113    3.25919    1.93795  40.5%     -    0s
H    0     0                       3.2322692    1.93795  40.0%     -    0s
     0     0    1.94038    0  117    3.23227    1.94038  40.0%     -    0s
     0     0    1.94063    0  108    3.23227    1.94063  40.0%     -    0s
     0     0    1.94084    0  124    3.23227    1.94084  40.0%     -    0s
     0     0    1.94426    0  123    3.23227    1.94426  39.8%     -    0s
H    0     0                       3.1729385    1.94426  38.7%     -    0s
     0     0    1.94507    0  137    3.17294    1.94507  38.7%     -    0s
     0     0    1.94561    0  130    3.17294    1.94561  38.7%     -    0s
     0     0    1.94642    0  130    3.17294    1.94642  38.7%     -    0s
     0     0    1.94681    0  132    3.17294    1.94681  38.6%     -    0s
     0     0    1.94699    0  135    3.17294    1.94699  38.6%     -    0s
     0     0    1.94976    0  139    3.17294    1.94976  38.6%     -    0s
H    0     0                       3.1707846    1.94976  38.5%     -    0s
     0     0    1.95020    0  118    3.17078    1.95020  38.5%     -    0s
     0     0    1.95037    0  141    3.17078    1.95037  38.5%     -    0s
     0     0    1.95054    0  131    3.17078    1.95054  38.5%     -    0s
     0     0    1.95054    0  129    3.17078    1.95054  38.5%     -    0s
H    0     0                       3.1352769    1.95054  37.8%     -    0s
     0     2    1.95066    0  129    3.13528    1.95066  37.8%     -    0s
H  987   466                       3.1238692    2.16527  30.7%  59.8    3s
H  996   464                       3.1139923    2.16527  30.5%  59.8    3s
H 1043   479                       3.0980000    2.16733  30.0%  59.9    5s
  1603   743    2.92746   96   59    3.09800    2.16733  30.0%  78.3   10s
  2557  1065    2.24827   26   89    3.09800    2.16733  30.0%  77.8   15s
H 2632  1110                       3.0487846    2.16733  28.9%  76.9   15s
  3605  1706    2.59325   44  117    3.04878    2.18051  28.5%  77.8   20s
  4762  2372    3.03734   35   57    3.04878    2.21269  27.4%  76.7   25s
  5791  2941    2.60343   37   89    3.04878    2.24609  26.3%  76.4   30s
H 5907  2990                       3.0487846    2.24843  26.3%  76.5   32s
  6310  3209    2.42460   40   86    3.04878    2.25712  26.0%  77.7   35s
  7113  3605    2.40280   29   85    3.04878    2.26798  25.6%  80.0   40s
* 7388  3767              65       3.0462846    2.27008  25.5%  80.6   41s
  8348  4218    2.66572   32   69    3.04628    2.28915  24.9%  80.0   45s
H 8693  4384                       3.0462615    2.29372  24.7%  80.6   46s
  9276  4651    2.35837   31   92    3.04626    2.30117  24.5%  81.9   50s
 10203  5117    2.36820   41  129    3.04626    2.31023  24.2%  81.5   65s
 10235  5138    2.56189   28  172    3.04626    2.31023  24.2%  81.3   70s
 10259  5154    2.86054   56  165    3.04626    2.31023  24.2%  81.1   75s
H10264  4899                       3.0425461    2.31023  24.1%  81.1   76s
H10266  4654                       3.0403846    2.31023  24.0%  81.0   76s
 10282  4665    2.72074   58  180    3.04038    2.31023  24.0%  80.9   80s
 10306  4681    2.60419   44  149    3.04038    2.31023  24.0%  80.7   85s
 10331  4697    2.51754   31  183    3.04038    2.31023  24.0%  80.5   90s
 10356  4714    2.31688   33  185    3.04038    2.31023  24.0%  80.3   95s
 10381  4731    2.61399   18  149    3.04038    2.31023  24.0%  80.1  100s
 10404  4746    2.71839   48  199    3.04038    2.31023  24.0%  80.0  105s
 10417  4757    2.31023   25  173    3.04038    2.31023  24.0%  82.4  110s
 10429  4765    2.31023   31  155    3.04038    2.31023  24.0%  82.8  115s
 10559  4823    2.31023   29   65    3.04038    2.31023  24.0%  84.0  120s
 11045  4967    2.60165   37   69    3.04038    2.31023  24.0%  84.4  125s
 11705  5136    2.81582   38  138    3.04038    2.31023  24.0%  84.6  130s
 12392  5336     cutoff   39         3.04038    2.31023  24.0%  85.2  135s
 13192  5512    2.77609   61  111    3.04038    2.31023  24.0%  85.5  140s
 13819  5634    2.72489   55  110    3.04038    2.31023  24.0%  86.6  145s
 14574  5749    2.72976   39  101    3.04038    2.32555  23.5%  87.1  150s
 15328  5882    2.59213   40   97    3.04038    2.34511  22.9%  87.6  155s
 16052  5966    2.62137   48  119    3.04038    2.35676  22.5%  88.5  160s
 16753  6078    2.74874   37  166    3.04038    2.36243  22.3%  88.7  165s
 17632  6218     cutoff   66         3.04038    2.37423  21.9%  88.6  170s
H18439  6090                       3.0297000    2.38831  21.2%  88.8  174s
 18456  6099    2.79792   49   41    3.02970    2.38831  21.2%  88.8  175s
 19130  6183    2.58856   48   87    3.02970    2.40202  20.7%  89.4  180s
 19669  6237    2.70900   63   77    3.02970    2.41019  20.4%  89.4  188s
 19839  6245    2.77070   45  108    3.02970    2.41173  20.4%  89.2  190s
 20548  6398    2.92836   61   95    3.02970    2.42077  20.1%  89.5  195s
 21315  6491    2.62266   56   80    3.02970    2.43254  19.7%  89.8  200s
 22037  6545    3.00407   35  132    3.02970    2.44313  19.4%  90.4  205s
 22716  6642    2.72407   40  114    3.02970    2.45010  19.1%  90.9  210s
 23158  6669    2.77062   53  103    3.02970    2.45477  19.0%  92.2  215s
 23817  6748    2.80020   62   82    3.02970    2.46299  18.7%  92.8  220s
 24395  6916    2.50554   40   85    3.02970    2.47016  18.5%  93.4  225s
 25203  7251    2.53371   39  142    3.02970    2.47900  18.2%  93.5  230s
 25770  7492    2.79613   50   88    3.02970    2.48411  18.0%  93.9  235s
 26382  7729    2.96360   54  104    3.02970    2.49089  17.8%  94.1  240s
*26700  7862              73       3.0272692    2.49270  17.7%  94.1  242s
 27164  8049    2.93757   47   90    3.02727    2.49512  17.6%  94.0  245s
H27554  8097                       3.0140000    2.49886  17.1%  94.1  248s
 27794  8204    2.88084   59   58    3.01400    2.50015  17.0%  94.3  250s
 28410  8451     cutoff   76         3.01400    2.50530  16.9%  95.0  255s
 29030  8649     cutoff   57         3.01400    2.51020  16.7%  95.3  260s
 29634  8879     cutoff   55         3.01400    2.51310  16.6%  95.8  265s
 30189  9051    2.74376   69  109    3.01400    2.51760  16.5%  96.4  270s
 30735  9231    2.75669   37  113    3.01400    2.52249  16.3%  96.8  275s
 31382  9467    2.95061   54   63    3.01400    2.52668  16.2%  97.1  280s
 31882  9650    2.90428   48  134    3.01400    2.53032  16.0%  97.8  285s
 32541  9872    2.68911   53   73    3.01400    2.53500  15.9%  97.9  290s
H32567  9788                       3.0053846    2.53522  15.6%  97.9  290s
 33060  9947    2.82431   44   67    3.00538    2.53909  15.5%  98.6  295s
 33577 10133     cutoff   41         3.00538    2.54362  15.4%  98.7  300s
 34196 10343    2.84093   54   96    3.00538    2.54735  15.2%  98.9  305s
 34803 10529    2.66846   50  104    3.00538    2.55271  15.1%  99.5  310s
 35455 10733    2.59601   33  115    3.00538    2.55630  14.9%   100  315s
 36039 10882    2.62299   43   89    3.00538    2.56086  14.8%   100  320s
 36543 11032     cutoff   55         3.00538    2.56423  14.7%   100  325s
 37085 11199 infeasible   47         3.00538    2.56707  14.6%   101  330s
 37608 11374    2.77113   69   98    3.00538    2.56999  14.5%   101  335s
 38346 11604    2.82337   54   86    3.00538    2.57463  14.3%   101  340s
 39004 11807    2.80082   58   73    3.00538    2.57787  14.2%   101  345s
 39661 12037    2.69873   60  101    3.00538    2.58252  14.1%   101  350s
 40207 12181     cutoff   44         3.00538    2.58609  14.0%   101  355s
 40769 12370    2.92276   56   66    3.00538    2.58889  13.9%   102  360s
 41434 12550    2.96010   37  150    3.00538    2.59299  13.7%   102  365s
 41995 12711    2.98548   47   78    3.00538    2.59664  13.6%   102  370s
 42596 12853    2.98304   42  116    3.00538    2.60048  13.5%   102  375s
 43236 13046    2.90994   44  126    3.00538    2.60401  13.4%   102  380s
 43861 13217    2.68087   46   97    3.00538    2.60794  13.2%   102  385s
 44244 13329    2.76530   55   72    3.00538    2.60980  13.2%   102  394s
 44250 13335    2.85810   61   90    3.00538    2.60980  13.2%   102  395s
 44852 13490     cutoff   49         3.00538    2.61284  13.1%   103  400s
 45034 13562    2.94090   44   61    3.00538    2.61417  13.0%   103  405s
 45584 13655    2.69642   33   94    3.00538    2.61801  12.9%   103  410s
 46116 13813    2.89548   53   72    3.00538    2.62016  12.8%   103  415s
 46708 13956    2.81141   57   68    3.00538    2.62341  12.7%   104  420s
 47214 14100    2.71609   53   58    3.00538    2.62598  12.6%   104  425s
 47745 14219    2.79970   61   96    3.00538    2.62839  12.5%   104  430s
 48262 14385     cutoff   68         3.00538    2.63119  12.5%   105  435s
 48729 14518    2.73581   57   79    3.00538    2.63395  12.4%   105  440s
 49359 14708    2.84775   40  151    3.00538    2.63608  12.3%   105  445s
 49876 14852    2.71009   50   53    3.00538    2.63820  12.2%   105  450s
 50431 14992    2.99662   55   50    3.00538    2.63973  12.2%   105  455s
 51018 15091    2.72924   48  134    3.00538    2.64281  12.1%   106  460s
 51632 15233    2.78190   53   74    3.00538    2.64563  12.0%   106  465s
 52176 15399    2.96669   59   51    3.00538    2.64773  11.9%   106  470s
 52786 15544    2.99501   58   69    3.00538    2.65080  11.8%   106  475s
 53503 15745    2.93429   52   95    3.00538    2.65362  11.7%   106  480s
 54125 15885    2.86563   47   75    3.00538    2.65557  11.6%   106  485s
 54657 16017    2.70924   56   90    3.00538    2.65740  11.6%   106  490s
 55224 16164    2.88899   40  104    3.00538    2.65964  11.5%   107  495s
 55744 16316    2.96326   46   68    3.00538    2.66199  11.4%   107  500s
 56357 16439     cutoff   57         3.00538    2.66432  11.3%   107  505s
 57101 16605    2.95414   47   74    3.00538    2.66732  11.2%   107  510s
 57667 16726    2.85412   70  127    3.00538    2.67009  11.2%   107  515s
 58195 16864    2.80250   60   80    3.00538    2.67212  11.1%   107  520s
 58922 17066    2.71557   52   78    3.00538    2.67443  11.0%   107  525s
 59557 17228    2.77036   43   55    3.00538    2.67617  11.0%   106  530s
 60142 17340    2.96738   53  100    3.00538    2.67879  10.9%   106  535s
 60693 17477    2.95891   64   97    3.00538    2.68019  10.8%   107  540s
 61296 17625    3.00138   63   70    3.00538    2.68204  10.8%   107  545s
 61869 17765    2.90458   49  149    3.00538    2.68332  10.7%   107  550s
 62459 17925    2.82576   56   93    3.00538    2.68499  10.7%   107  555s
 63198 18126    2.90463   49  118    3.00538    2.68677  10.6%   106  560s
 63763 18222    2.76058   49   87    3.00538    2.68797  10.6%   107  565s
 64572 18501    2.79526   41   87    3.00538    2.68953  10.5%   106  570s
 65228 18625     cutoff   39         3.00538    2.69122  10.5%   106  575s
 65992 18819    2.88182   70   59    3.00538    2.69335  10.4%   106  580s
 66617 19021    2.97770   51   81    3.00538    2.69475  10.3%   106  585s
 67410 19238    2.77040   57   67    3.00538    2.69691  10.3%   105  590s
 67887 19340     cutoff   54         3.00538    2.69821  10.2%   106  595s
 68539 19479    2.88310   59   52    3.00538    2.70012  10.2%   105  600s
 69213 19683    2.78469   46   82    3.00538    2.70112  10.1%   105  605s
 70074 19974    2.95704   51   85    3.00538    2.70250  10.1%   105  610s
 70792 20163    2.72077   58   60    3.00538    2.70420  10.0%   105  615s
 71662 20450    2.85268   45  160    3.00538    2.70590  10.0%   104  620s
 72060 20534    2.90900   56   55    3.00538    2.70654  9.94%   104  625s
 72820 20759    2.95136   60   54    3.00538    2.70786  9.90%   104  630s
 73437 20941    2.83950   56   84    3.00538    2.70886  9.87%   104  635s
 74205 21105     cutoff   53         3.00538    2.71033  9.82%   104  640s
 74875 21232    2.97762   51   57    3.00538    2.71215  9.76%   104  645s
 75741 21475    2.90703   53  116    3.00538    2.71388  9.70%   103  650s
 76416 21682    2.84921   32   73    3.00538    2.71484  9.67%   103  655s
 77220 21895    2.82778   37   83    3.00538    2.71597  9.63%   103  660s
 77832 22097    2.96470   51   72    3.00538    2.71689  9.60%   103  665s
 78557 22263    2.81118   57   66    3.00538    2.71788  9.57%   103  670s
 79270 22393    2.90889   61   54    3.00538    2.71889  9.53%   102  675s
 80094 22641    2.82610   66   76    3.00538    2.72003  9.49%   102  680s
 80970 22874     cutoff   57         3.00538    2.72105  9.46%   102  685s
 81884 23115     cutoff   57         3.00538    2.72235  9.42%   101  690s
 82706 23344 infeasible   56         3.00538    2.72357  9.38%   101  695s
 83418 23527     cutoff   76         3.00538    2.72477  9.34%   101  700s
 84186 23739    2.76730   53   81    3.00538    2.72569  9.31%   101  705s
 85144 23975    2.90898   39  112    3.00538    2.72722  9.26%   100  710s
 85980 24226    2.73367   46   83    3.00538    2.72827  9.22%   100  715s
 86855 24492     cutoff   47         3.00538    2.72928  9.19%   100  720s
 87455 24623    2.91431   49   97    3.00538    2.73002  9.16%   100  725s
 88385 24841    2.76064   52   49    3.00538    2.73115  9.12%   100  730s
 88479 24881    2.95524   61   45    3.00538    2.73122  9.12%  99.5  739s
 88484 24879    2.81901   62   33    3.00538    2.73122  9.12%  99.5  740s
 89393 25101     cutoff   54         3.00538    2.73237  9.08%  99.1  745s
 90235 25316    2.97077   72   71    3.00538    2.73353  9.05%  99.0  750s
 91147 25529    2.94613   60   44    3.00538    2.73444  9.02%  98.7  755s
 92040 25726    2.86163   59   73    3.00538    2.73546  8.98%  98.4  760s
 92824 25918     cutoff   60         3.00538    2.73641  8.95%  98.2  765s
 93641 26144    2.84820   48   97    3.00538    2.73732  8.92%  98.0  770s
 94562 26396    2.97003   68   36    3.00538    2.73808  8.89%  97.8  775s
 95498 26619    2.82438   47   67    3.00538    2.73908  8.86%  97.5  780s
 96385 26838     cutoff   40         3.00538    2.74005  8.83%  97.3  785s
 97256 27080    2.99187   46   98    3.00538    2.74102  8.80%  97.0  790s
 98078 27227    2.82943   59   48    3.00538    2.74217  8.76%  96.8  795s
 99016 27483    2.93382   61   53    3.00538    2.74299  8.73%  96.6  800s
 100022 27700    2.78048   52  118    3.00538    2.74414  8.69%  96.3  805s
 101121 27963    2.81458   53   45    3.00538    2.74521  8.66%  95.8  810s
 102099 28194    2.90382   57   65    3.00538    2.74595  8.63%  95.5  815s
 102911 28375    2.89582   53   90    3.00538    2.74658  8.61%  95.4  820s
 103997 28643    2.81452   64   48    3.00538    2.74729  8.59%  95.0  825s
 105084 28966    2.89879   66   94    3.00538    2.74824  8.56%  94.6  830s
 106179 29196    2.86994   50   72    3.00538    2.74939  8.52%  94.2  835s
 107055 29360    2.87442   60   42    3.00538    2.75015  8.49%  94.0  840s
 107826 29502    2.81563   59   59    3.00538    2.75080  8.47%  93.9  845s
 108983 29789    2.80393   55   90    3.00538    2.75177  8.44%  93.5  850s
 109894 29973    2.87422   62   43    3.00538    2.75257  8.41%  93.3  855s
 110644 30127    2.95680   40   61    3.00538    2.75326  8.39%  93.2  860s
 111532 30302    2.92171   56   60    3.00538    2.75400  8.36%  93.0  865s
 112638 30519     cutoff   57         3.00538    2.75498  8.33%  92.7  870s
 113332 30715     cutoff   57         3.00538    2.75547  8.32%  92.6  875s
 114230 30882    2.77940   52   50    3.00538    2.75642  8.28%  92.4  880s
 115196 31022    2.87158   48  101    3.00538    2.75738  8.25%  92.1  885s
 116247 31248    2.95760   56   52    3.00538    2.75841  8.22%  91.9  890s
 117256 31398    2.80859   52   63    3.00538    2.75926  8.19%  91.6  895s
 118051 31555    2.89607   62   53    3.00538    2.75983  8.17%  91.5  900s
 118917 31777    2.84589   63   51    3.00538    2.76030  8.15%  91.3  905s
 119809 31964    2.90363   63   56    3.00538    2.76124  8.12%  91.1  910s
 120943 32191    2.96187   52   67    3.00538    2.76199  8.10%  90.8  915s
 121855 32429    2.82214   47   50    3.00538    2.76259  8.08%  90.7  920s
 122755 32578    2.90244   53   84    3.00538    2.76336  8.05%  90.5  925s
 123872 32810    2.95007   67   76    3.00538    2.76403  8.03%  90.2  930s
 125030 33084     cutoff   44         3.00538    2.76483  8.00%  89.9  935s
 126110 33283     cutoff   71         3.00538    2.76555  7.98%  89.6  940s
 126889 33445    2.89097   48   73    3.00538    2.76610  7.96%  89.5  945s
 127854 33639    2.90719   63   75    3.00538    2.76672  7.94%  89.3  950s
 128802 33868    2.99528   47  128    3.00538    2.76736  7.92%  89.2  955s
 129611 33986     cutoff   58         3.00538    2.76806  7.90%  89.1  960s
 130687 34283    2.91424   54   49    3.00538    2.76865  7.88%  88.8  965s
 131599 34438    2.95191   53   53    3.00538    2.76933  7.85%  88.7  970s
 132314 34561    2.78774   38   77    3.00538    2.76995  7.83%  88.6  975s
 133362 34712    2.83897   39  116    3.00538    2.77060  7.81%  88.3  980s
 134245 34868    2.89088   67   50    3.00538    2.77119  7.79%  88.2  985s
 135155 35035    2.78665   55   58    3.00538    2.77187  7.77%  88.1  990s
 136051 35194    2.78362   48   62    3.00538    2.77244  7.75%  87.9  995s
 137054 35421    2.92387   71   46    3.00538    2.77302  7.73%  87.7 1000s
 137960 35619    2.90527   60   44    3.00538    2.77362  7.71%  87.5 1005s
 139029 35822     cutoff   49         3.00538    2.77430  7.69%  87.3 1010s
 140046 35984    2.89365   44   61    3.00538    2.77496  7.67%  87.1 1015s
 140892 36125     cutoff   56         3.00538    2.77547  7.65%  87.0 1020s
 141783 36288    2.92816   56   60    3.00538    2.77594  7.63%  86.9 1025s
 142751 36453    2.99708   61   34    3.00538    2.77649  7.62%  86.7 1030s
 143245 36539    2.81170   46  142    3.00538    2.77672  7.61%  86.6 1035s
 144183 36716     cutoff   52         3.00538    2.77726  7.59%  86.4 1040s
 145416 36971    2.80811   38  124    3.00538    2.77795  7.57%  86.1 1045s
 146422 37190    2.79739   55  113    3.00538    2.77849  7.55%  85.9 1050s
 147315 37342    2.94820   47   95    3.00538    2.77888  7.54%  85.7 1055s
 148442 37517    2.90232   72   63    3.00538    2.77959  7.51%  85.5 1060s
 149527 37681    2.97438   57   41    3.00538    2.78012  7.50%  85.3 1065s
 150516 37842     cutoff   59         3.00538    2.78089  7.47%  85.2 1070s
 151481 37992    2.86164   59   46    3.00538    2.78158  7.45%  85.0 1075s
 152413 38135    2.82542   55   80    3.00538    2.78204  7.43%  84.9 1080s
 153361 38310    2.83848   57   66    3.00538    2.78254  7.41%  84.8 1085s
 154485 38472     cutoff   57         3.00538    2.78319  7.39%  84.6 1090s
 155505 38682     cutoff   54         3.00538    2.78378  7.37%  84.4 1095s
 156436 38803    2.79987   45   58    3.00538    2.78432  7.36%  84.3 1100s
 157289 38906    2.93679   59   50    3.00538    2.78483  7.34%  84.1 1112s
 157991 38969    2.83761   61   41    3.00538    2.78529  7.32%  83.9 1115s
 159047 39135    2.95311   64   79    3.00538    2.78588  7.30%  83.8 1120s
 160107 39257    2.79278   48   66    3.00538    2.78672  7.28%  83.6 1125s
 161181 39400     cutoff   54         3.00538    2.78740  7.25%  83.4 1130s
 162193 39539    2.99127   45   59    3.00538    2.78801  7.23%  83.3 1135s
 163186 39708    2.79557   53   57    3.00538    2.78857  7.21%  83.1 1140s
 164269 39885    2.80895   57   80    3.00538    2.78917  7.19%  83.0 1145s
 165090 40025     cutoff   55         3.00538    2.78967  7.18%  83.0 1150s
 166293 40273    2.99308   29   71    3.00538    2.79034  7.16%  82.7 1155s
 167293 40403    2.79924   56   71    3.00538    2.79095  7.14%  82.6 1160s
 168576 40629    2.92996   60   58    3.00538    2.79163  7.11%  82.4 1165s
 169693 40816 infeasible   65         3.00538    2.79226  7.09%  82.2 1170s
 170834 41028    2.92444   62   84    3.00538    2.79285  7.07%  82.0 1175s
 171834 41171     cutoff   66         3.00538    2.79335  7.06%  81.9 1180s
 173016 41337    2.96439   58   67    3.00538    2.79400  7.03%  81.7 1185s
 173755 41476    2.95904   48   42    3.00538    2.79437  7.02%  81.7 1190s
 174805 41612     cutoff   50         3.00538    2.79488  7.00%  81.5 1195s

Cutting planes:
  Gomory: 6
  Cover: 14
  Implied bound: 263
  Projected implied bound: 22
  Clique: 1
  MIR: 533
  Flow cover: 688
  GUB cover: 41
  Inf proof: 2
  Zero half: 1
  RLT: 4
  Relax-and-lift: 680

Explored 175821 nodes (14316768 simplex iterations) in 1200.00 seconds
Thread count was 1 (of 4 available processors)

Solution count 10: 3.00538 3.014 3.02727 ... 3.04878

Time limit reached
Best objective 3.005384593090e+00, best bound 2.795466947682e+00, gap 6.9847%

---------------------------------------------------------------------------
Multi-objectives: stopped in 1200.05 seconds, solution count 10
Time Limit reached

