Academic license - for non-commercial use only - expires 2022-11-10
Using license file /home/benedond/Apps/gurobi/gurobi950/gurobi.lic
Using gurobi.env file
Set parameter Threads to value 1
Changed value of parameter TimeLimit to 1200.0
   Prev: inf  Min: 0.0  Max: inf  Default: inf
Gurobi Optimizer version 9.1.2 build v9.1.2rc0 (linux64)
Thread count: 2 physical cores, 4 logical processors, using up to 1 threads
Optimize a model with 1621 rows, 1490 columns and 7154 nonzeros
Model fingerprint: 0x390532cc
Variable types: 52 continuous, 1438 integer (1438 binary)
Coefficient statistics:
  Matrix range     [2e-01, 4e+02]
  Objective range  [1e-02, 4e-01]
  Bounds range     [1e+00, 1e+00]
  RHS range        [1e+00, 1e+03]
Found heuristic solution: objective 5.1987170
Presolve removed 172 rows and 73 columns
Presolve time: 0.03s
Presolved: 1449 rows, 1417 columns, 6632 nonzeros
Variable types: 51 continuous, 1366 integer (1366 binary)

Root relaxation: objective 2.421461e+00, 1735 iterations, 0.04 seconds

    Nodes    |    Current Node    |     Objective Bounds      |     Work
 Expl Unexpl |  Obj  Depth IntInf | Incumbent    BestBd   Gap | It/Node Time

     0     0    2.42146    0  137    5.19872    2.42146  53.4%     -    0s
H    0     0                       5.0221509    2.42146  51.8%     -    0s
H    0     0                       4.8316038    2.42146  49.9%     -    0s
     0     0    2.56604    0  128    4.83160    2.56604  46.9%     -    0s
H    0     0                       3.8782830    2.56604  33.8%     -    0s
H    0     0                       3.7746509    2.56604  32.0%     -    0s
     0     0    2.56633    0  126    3.77465    2.56633  32.0%     -    0s
     0     0    2.63852    0  101    3.77465    2.63852  30.1%     -    0s
     0     0    2.63946    0  100    3.77465    2.63946  30.1%     -    0s
     0     0    2.71894    0  148    3.77465    2.71894  28.0%     -    0s
     0     0    2.74304    0  175    3.77465    2.74304  27.3%     -    0s
     0     0    2.74437    0  148    3.77465    2.74437  27.3%     -    0s
     0     0    2.81128    0  167    3.77465    2.81128  25.5%     -    0s
H    0     0                       3.7363868    2.81128  24.8%     -    0s
     0     0    2.83574    0  148    3.73639    2.83574  24.1%     -    0s
     0     0    2.83922    0  163    3.73639    2.83922  24.0%     -    0s
     0     0    2.84072    0  154    3.73639    2.84072  24.0%     -    0s
     0     0    2.84134    0  168    3.73639    2.84134  24.0%     -    0s
     0     0    2.84149    0  169    3.73639    2.84149  24.0%     -    0s
     0     0    2.88645    0  134    3.73639    2.88645  22.7%     -    0s
     0     0    2.89455    0  168    3.73639    2.89455  22.5%     -    0s
     0     0    2.89693    0  131    3.73639    2.89693  22.5%     -    0s
     0     0    2.89714    0  153    3.73639    2.89714  22.5%     -    0s
     0     0    2.91731    0  140    3.73639    2.91731  21.9%     -    0s
H    0     0                       3.7341415    2.91731  21.9%     -    0s
     0     0    2.91884    0  158    3.73414    2.91884  21.8%     -    0s
     0     0    2.92230    0  154    3.73414    2.92230  21.7%     -    0s
     0     0    2.92274    0  134    3.73414    2.92274  21.7%     -    0s
     0     0    2.92284    0  143    3.73414    2.92284  21.7%     -    0s
     0     0    2.93261    0  175    3.73414    2.93261  21.5%     -    0s
     0     0    2.93460    0  186    3.73414    2.93460  21.4%     -    0s
     0     0    2.93483    0  171    3.73414    2.93483  21.4%     -    0s
     0     0    2.94295    0  147    3.73414    2.94295  21.2%     -    0s
     0     0    2.94542    0  183    3.73414    2.94542  21.1%     -    0s
     0     0    2.94635    0  159    3.73414    2.94635  21.1%     -    0s
     0     0    2.94728    0  162    3.73414    2.94728  21.1%     -    0s
     0     0    2.94755    0  144    3.73414    2.94755  21.1%     -    0s
     0     0    2.95365    0  164    3.73414    2.95365  20.9%     -    0s
     0     0    2.95491    0  184    3.73414    2.95491  20.9%     -    0s
     0     0    2.95524    0  180    3.73414    2.95524  20.9%     -    0s
     0     0    2.96251    0  180    3.73414    2.96251  20.7%     -    0s
H    0     0                       3.7141038    2.96251  20.2%     -    1s
     0     0    2.96503    0  183    3.71410    2.96503  20.2%     -    1s
     0     0    2.96578    0  182    3.71410    2.96578  20.1%     -    1s
     0     0    2.96584    0  190    3.71410    2.96584  20.1%     -    1s
     0     0    2.97034    0  161    3.71410    2.97034  20.0%     -    1s
     0     0    2.97226    0  164    3.71410    2.97226  20.0%     -    1s
     0     0    2.97308    0  179    3.71410    2.97308  20.0%     -    1s
     0     0    2.97324    0  146    3.71410    2.97324  19.9%     -    1s
     0     0    2.97522    0  142    3.71410    2.97522  19.9%     -    1s
     0     0    2.97545    0  164    3.71410    2.97545  19.9%     -    1s
     0     0    2.97691    0  154    3.71410    2.97691  19.8%     -    1s
     0     0    2.97691    0  154    3.71410    2.97691  19.8%     -    1s
H    0     0                       3.7057547    2.97749  19.7%     -    1s
     0     2    2.97761    0  153    3.70575    2.97761  19.6%     -    1s
H   26    26                       3.6238397    2.99218  17.4%   183    3s
   267   216    3.03622    6  156    3.62384    3.01248  16.9%   115    5s
H  510   387                       3.5932359    3.02191  15.9%   124    7s
H  512   369                       3.5535094    3.02191  15.0%   124    8s
   560   401    3.26718   27  214    3.55351    3.03296  14.6%   113   10s
   594   423    3.16128   21  115    3.55351    3.05580  14.0%   138   15s
H  656   427                       3.5377925    3.05580  13.6%   144   16s
   844   484    3.52611   31   71    3.53779    3.06848  13.3%   158   20s
  1225   598    3.16380   23  119    3.53779    3.10902  12.1%   149   25s
  1618   700    3.25445   30   87    3.53779    3.12664  11.6%   145   30s
  1940   877    3.25158   27  135    3.53779    3.13770  11.3%   146   35s
  2370  1144    3.36106   34   96    3.53779    3.14775  11.0%   140   40s
  2652  1276    3.32000   32   85    3.53779    3.15824  10.7%   145   45s
  3088  1485    3.53447   24  127    3.53779    3.17116  10.4%   145   50s
  3555  1762    3.48684   26   40    3.53779    3.17641  10.2%   145   55s
H 3941  1635                       3.4766321    3.18241  8.46%   142   59s
H 3944  1615                       3.4740000    3.18241  8.39%   142   59s
  4000  1630     cutoff   40         3.47400    3.18396  8.35%   142   60s
H 4086  1580                       3.4626038    3.18635  7.98%   142   60s
  4443  1724    3.35375   34   98    3.46260    3.19157  7.83%   143   65s
  4866  1910    3.29845   25   56    3.46260    3.19936  7.60%   143   70s
H 5069  1983                       3.4626037    3.20107  7.55%   143   72s
  5263  2074    3.35466   27  136    3.46260    3.20366  7.48%   144   75s
  5771  2260    3.29513   30  109    3.46260    3.21039  7.28%   143   80s
H 5801  2261                       3.4617075    3.21072  7.25%   143   80s
  6071  2347    3.32996   29  136    3.46171    3.21649  7.08%   144   85s
  6517  2464     cutoff   28         3.46171    3.22134  6.94%   144   90s
  6897  2591    3.41623   47   93    3.46171    3.22496  6.84%   144   95s
  7386  2729     cutoff   45         3.46171    3.23127  6.66%   144  100s
  7853  2883    3.38938   48   90    3.46171    3.23688  6.49%   144  105s
  8304  3010    3.40703   32  110    3.46171    3.24144  6.36%   144  110s
H 8317  2934                       3.4552830    3.24144  6.19%   144  110s
  8518  2995    3.44882   49   47    3.45528    3.24368  6.12%   144  115s
  8931  3128    3.33372   48   90    3.45528    3.24797  6.00%   144  120s
  9281  3226    3.33088   36   87    3.45528    3.25116  5.91%   145  125s
  9718  3363    3.36582   39   90    3.45528    3.25502  5.80%   145  130s
 10202  3568     cutoff   37         3.45528    3.25858  5.69%   145  153s
 10304  3599    3.37702   34   90    3.45528    3.25920  5.67%   145  155s
 10774  3670     cutoff   45         3.45528    3.26456  5.52%   145  160s
 11230  3735    3.39776   36  125    3.45528    3.27114  5.33%   146  165s
 11609  3825    3.33472   35   72    3.45528    3.27415  5.24%   146  170s
H11938  3832                       3.4497076    3.27661  5.02%   146  173s
*11945  3829              90       3.4491982    3.27661  5.00%   146  173s
H11982  3815                       3.4476793    3.27678  4.96%   145  173s
 12102  3815    3.39291   38   81    3.44768    3.27791  4.92%   145  175s
 12552  3864    3.40291   46   89    3.44768    3.28337  4.77%   146  180s
 13090  3909    3.43245   81   55    3.44768    3.28929  4.59%   146  185s
 13527  3962    3.39261   51   92    3.44768    3.29241  4.50%   146  190s
 14061  4010    3.41817   46   71    3.44768    3.29837  4.33%   146  195s
 14476  4006    3.40914   28  110    3.44768    3.30241  4.21%   146  200s
 14754  4018    3.42667   38   80    3.44768    3.30568  4.12%   147  208s
 14860  4028    3.43159   35  124    3.44768    3.30638  4.10%   147  210s
 15353  4076     cutoff   34         3.44768    3.31090  3.97%   146  215s
 15845  4058    3.35042   42   70    3.44768    3.31805  3.76%   146  220s
 16380  4103    3.35540   35  133    3.44768    3.32216  3.64%   146  225s
 16895  4061    3.36146   41   94    3.44768    3.32805  3.47%   145  230s
 17305  4010    3.41213   41  144    3.44768    3.33265  3.34%   146  235s
 17805  3993    3.39839   36   66    3.44768    3.33755  3.19%   146  240s
 18320  3985    3.42783   37   74    3.44768    3.34188  3.07%   146  245s
 18772  3909    3.41579   43   48    3.44768    3.34614  2.95%   146  250s
 19262  3865     cutoff   46         3.44768    3.35149  2.79%   145  255s
 19816  3823     cutoff   27         3.44768    3.35547  2.67%   144  260s
H20087  3136                       3.4246982    3.35744  1.96%   144  262s
 20346  3005    3.40114   41   67    3.42470    3.36100  1.86%   144  265s
 21007  2733    3.41538   27  150    3.42470    3.36921  1.62%   143  270s
*21386  1967              62       3.4126604    3.37462  1.11%   142  273s
*21569  1801              62       3.4121510    3.37753  1.01%   142  274s
 21717  1695     cutoff   36         3.41215    3.37948  0.96%   141  275s
 22646   932    3.40240   55   82    3.41215    3.39541  0.49%   138  280s

Cutting planes:
  Gomory: 1
  Cover: 131
  Implied bound: 24
  Projected implied bound: 1
  Clique: 7
  MIR: 280
  StrongCG: 6
  Flow cover: 623
  Inf proof: 2
  Zero half: 2
  RLT: 32
  Relax-and-lift: 484

Explored 23590 nodes (3170626 simplex iterations) in 282.72 seconds
Thread count was 1 (of 4 available processors)

Solution count 10: 3.41215 3.41266 3.4247 ... 3.4626

Optimal solution found (tolerance 1.00e-04)
Best objective 3.412150983456e+00, best bound 3.411812819111e+00, gap 0.0099%
