Academic license - for non-commercial use only - expires 2022-11-10
Using license file /home/benedond/Apps/gurobi/gurobi950/gurobi.lic
Using gurobi.env file
Set parameter Threads to value 1
Changed value of parameter TimeLimit to 1200.0
   Prev: inf  Min: 0.0  Max: inf  Default: inf
Gurobi Optimizer version 9.1.2 build v9.1.2rc0 (linux64)
Thread count: 2 physical cores, 4 logical processors, using up to 1 threads
Optimize a model with 3276 rows, 1624 columns and 12654 nonzeros
Model fingerprint: 0x93906fbb
Variable types: 28 continuous, 1596 integer (1568 binary)
Coefficient statistics:
  Matrix range     [2e-01, 4e+03]
  Objective range  [8e-04, 2e-01]
  Bounds range     [1e+00, 1e+00]
  RHS range        [1e+00, 4e+03]

---------------------------------------------------------------------------
Multi-objectives: starting optimization with 1 objectives ... 
---------------------------------------------------------------------------
---------------------------------------------------------------------------

Multi-objectives: optimize objective 1 (min avg power cons) ...
---------------------------------------------------------------------------

Optimize a model with 3276 rows, 1624 columns and 12654 nonzeros
Model fingerprint: 0x275d060f
Variable types: 28 continuous, 1596 integer (1568 binary)
Coefficient statistics:
  Matrix range     [2e-01, 4e+03]
  Objective range  [8e-04, 2e-01]
  Bounds range     [1e+00, 1e+00]
  RHS range        [1e+00, 4e+03]
Presolve removed 2003 rows and 980 columns
Presolve time: 0.10s
Presolved: 1273 rows, 644 columns, 4796 nonzeros
Variable types: 25 continuous, 619 integer (594 binary)

Root relaxation: objective 1.380814e+00, 214 iterations, 0.00 seconds

    Nodes    |    Current Node    |     Objective Bounds      |     Work
 Expl Unexpl |  Obj  Depth IntInf | Incumbent    BestBd   Gap | It/Node Time

     0     0    1.38081    0   65          -    1.38081      -     -    0s
H    0     0                       3.1811695    1.38081  56.6%     -    0s
H    0     0                       3.1803729    1.38081  56.6%     -    0s
     0     0    1.48550    0   88    3.18037    1.48550  53.3%     -    0s
H    0     0                       3.1172288    1.48550  52.3%     -    0s
     0     0    1.48550    0   99    3.11723    1.48550  52.3%     -    0s
     0     0    1.57631    0  127    3.11723    1.57631  49.4%     -    0s
     0     0    1.59213    0  117    3.11723    1.59213  48.9%     -    0s
     0     0    1.71369    0  120    3.11723    1.71369  45.0%     -    0s
     0     0    1.72794    0  117    3.11723    1.72794  44.6%     -    0s
     0     0    1.84478    0  112    3.11723    1.84478  40.8%     -    0s
     0     0    1.85609    0   97    3.11723    1.85609  40.5%     -    0s
     0     0    1.85971    0  109    3.11723    1.85971  40.3%     -    0s
     0     0    1.86057    0  117    3.11723    1.86057  40.3%     -    0s
     0     0    1.86131    0  164    3.11723    1.86131  40.3%     -    0s
     0     0    1.86158    0  120    3.11723    1.86158  40.3%     -    0s
     0     0    1.86159    0  119    3.11723    1.86159  40.3%     -    0s
     0     0    1.87897    0  151    3.11723    1.87897  39.7%     -    0s
     0     0    1.88299    0  153    3.11723    1.88299  39.6%     -    0s
     0     0    1.88397    0  113    3.11723    1.88397  39.6%     -    0s
     0     0    1.88501    0  153    3.11723    1.88501  39.5%     -    0s
     0     0    1.88531    0  153    3.11723    1.88531  39.5%     -    0s
     0     0    1.88558    0  155    3.11723    1.88558  39.5%     -    0s
     0     0    1.88559    0  158    3.11723    1.88559  39.5%     -    0s
     0     0    1.88811    0  121    3.11723    1.88811  39.4%     -    0s
H    0     0                       3.1006356    1.88811  39.1%     -    0s
     0     0    1.89024    0  121    3.10064    1.89024  39.0%     -    0s
     0     0    1.89068    0  126    3.10064    1.89068  39.0%     -    0s
     0     0    1.89087    0  127    3.10064    1.89087  39.0%     -    0s
     0     0    1.89307    0  116    3.10064    1.89307  38.9%     -    0s
H    0     0                       3.0870254    1.89307  38.7%     -    0s
     0     0    1.89381    0  125    3.08703    1.89381  38.7%     -    0s
     0     0    1.89408    0  116    3.08703    1.89408  38.6%     -    0s
     0     0    1.89422    0  125    3.08703    1.89422  38.6%     -    0s
     0     0    1.89622    0  123    3.08703    1.89622  38.6%     -    0s
     0     0    1.89801    0  143    3.08703    1.89801  38.5%     -    0s
     0     0    1.89860    0  133    3.08703    1.89860  38.5%     -    0s
     0     0    1.89885    0  132    3.08703    1.89885  38.5%     -    0s
     0     0    1.89902    0  127    3.08703    1.89902  38.5%     -    0s
     0     0    1.90006    0  133    3.08703    1.90006  38.5%     -    0s
     0     0    1.90084    0  121    3.08703    1.90084  38.4%     -    0s
     0     0    1.90128    0  121    3.08703    1.90128  38.4%     -    0s
     0     0    1.90144    0  119    3.08703    1.90144  38.4%     -    0s
     0     0    1.90391    0  112    3.08703    1.90391  38.3%     -    0s
     0     0    1.90539    0  127    3.08703    1.90539  38.3%     -    0s
     0     0    1.90562    0  137    3.08703    1.90562  38.3%     -    0s
     0     0    1.90704    0  115    3.08703    1.90704  38.2%     -    0s
     0     0    1.90732    0  126    3.08703    1.90732  38.2%     -    0s
     0     0    1.90744    0  122    3.08703    1.90744  38.2%     -    0s
     0     0    1.90829    0  134    3.08703    1.90829  38.2%     -    0s
     0     0    1.90829    0  131    3.08703    1.90829  38.2%     -    0s
H    0     0                       3.0813305    1.90829  38.1%     -    0s
     0     2    1.90829    0  131    3.08133    1.90829  38.1%     -    0s
H   26    26                       3.0592288    1.90829  37.6%  36.8    0s
H   27    22                       3.0296186    1.90829  37.0%  35.5    0s
H   52    33                       3.0193220    1.90986  36.7%  39.1    0s
H   54    35                       3.0178305    1.90986  36.7%  37.8    0s
H  130    84                       3.0158644    1.91711  36.4%  31.6    1s
H  138    83                       2.9139237    1.91711  34.2%  30.4    1s
H  186    95                       2.9033390    1.91816  33.9%  30.5    1s
   628   313    2.18509   36   87    2.90334    2.04445  29.6%  67.9    5s
H 1221   512                       2.8966271    2.08173  28.1%  75.3    8s
  1534   684    2.29809   20  104    2.89663    2.09811  27.6%  73.1   10s
H 1969   944                       2.8755847    2.12061  26.3%  70.4   11s
H 2109  1039                       2.8736949    2.12302  26.1%  72.0   12s
  2671  1343    2.29001   27  108    2.87369    2.15209  25.1%  72.2   15s
H 2746  1377                       2.8721695    2.15596  24.9%  72.8   15s
  3557  1836    2.40063   33  100    2.87217    2.17944  24.1%  71.9   20s
H 4504  2256                       2.8600932    2.20377  22.9%  73.7   24s
  4566  2291    2.80906   30   46    2.86009    2.20634  22.9%  74.1   25s
  5484  2668    2.55055   26   95    2.86009    2.23133  22.0%  77.5   30s
  6155  2998    2.70402   24   99    2.86009    2.25376  21.2%  82.1   35s
  7337  3551    2.67233   29   85    2.86009    2.28647  20.1%  81.3   40s
  8212  3860    2.41362   26   80    2.86009    2.30343  19.5%  82.9   45s
  9052  4199    2.80416   36   68    2.86009    2.31753  19.0%  84.1   50s
  9963  4548    2.34015   18  158    2.86009    2.33283  18.4%  85.9   55s
 10203  4654    2.76932   57  131    2.86009    2.33612  18.3%  85.6   66s
 10230  4672    2.54619   33  157    2.86009    2.33612  18.3%  85.4   70s
 10256  4689    2.71217   48  124    2.86009    2.33612  18.3%  85.2   75s
 10281  4706    2.52515   35  130    2.86009    2.33612  18.3%  85.0   80s
 10306  4723    2.74135   49  129    2.86009    2.33612  18.3%  84.7   85s
 10330  4739    2.54619   33  166    2.86009    2.33612  18.3%  84.5   90s
 10355  4755    2.61434   35  159    2.86009    2.33612  18.3%  84.3   95s
 10377  4772    2.33612   25  144    2.86009    2.33612  18.3%  85.8  100s
 10391  4781    2.33612   32  117    2.86009    2.33612  18.3%  86.1  105s
H10480  4573                       2.8336356    2.33612  17.6%  86.8  108s
 10604  4611    2.58033   52   62    2.83364    2.33612  17.6%  87.1  110s
H10647  4382                       2.8138898    2.33612  17.0%  86.9  110s
H10674  4169                       2.7955593    2.33612  16.4%  86.9  110s
H10701  3968                       2.7954407    2.33612  16.4%  87.1  111s
H10729  3782                       2.7844661    2.33612  16.1%  87.1  111s
H10756  3598                       2.7801864    2.33612  16.0%  87.1  111s
 11068  3646    2.55373   50   63    2.78019    2.33612  16.0%  87.3  115s
 11638  3769    2.72786   54   37    2.78019    2.33612  16.0%  87.7  120s
 12267  3813     cutoff   50         2.78019    2.33612  16.0%  87.9  125s
 12810  3860    2.73521   56   49    2.78019    2.33612  16.0%  89.1  130s
 13458  3892    2.70326   27  149    2.78019    2.33612  16.0%  90.2  135s
 14226  3906    2.44621   40   68    2.78019    2.33612  16.0%  90.3  140s
 14754  3878    2.54831   47   77    2.78019    2.34883  15.5%  91.4  147s
 15068  3865    2.75146   30  122    2.78019    2.36015  15.1%  92.3  150s
 15630  3815    2.52095   34  115    2.78019    2.38047  14.4%  93.7  155s
 16264  3739    2.41771   42  123    2.78019    2.40446  13.5%  94.8  160s
 16919  3681    2.75796   38   70    2.78019    2.42471  12.8%  95.6  165s
 17683  3609     cutoff   53         2.78019    2.44061  12.2%  96.1  170s
 18309  3542    2.54316   50   79    2.78019    2.45776  11.6%  96.9  175s
 18889  3481    2.48953   45   80    2.78019    2.46618  11.3%  97.4  180s
 19684  3371    2.60516   37  121    2.78019    2.47948  10.8%  97.6  185s
H19865  3108                       2.7665339    2.48286  10.3%  97.8  186s
 20344  2984    2.73124   49   91    2.76653    2.49187  9.93%  98.3  190s
H20994  2942                       2.7479576    2.50231  8.94%  98.7  194s
 21042  2951    2.55478   46   92    2.74796    2.50312  8.91%  98.8  195s
 21742  2996    2.53364   52   72    2.74796    2.51630  8.43%  99.4  200s
 22376  2992    2.68144   52   61    2.74796    2.52854  7.98%   100  205s
 23079  2964     cutoff   40         2.74796    2.53996  7.57%   101  210s
 23824  2929     cutoff   43         2.74796    2.55308  7.09%   101  215s
 24447  2903    2.70848   45   91    2.74796    2.56301  6.73%   102  220s
 25323  2907    2.59345   51  141    2.74796    2.57272  6.38%   101  225s
 25939  2942    2.62194   35  145    2.74796    2.58008  6.11%   102  230s
 26722  2834    2.61513   44   76    2.74796    2.58980  5.76%   102  235s
 27497  2700    2.65940   56   60    2.74796    2.60276  5.28%   102  240s
 28167  2545    2.66322   54   81    2.74796    2.61377  4.88%   102  245s
 28985  2476     cutoff   40         2.74796    2.62301  4.55%   102  250s
 29499  2339    2.69921   50   61    2.74796    2.63179  4.23%   102  259s
 29564  2307     cutoff   46         2.74796    2.63362  4.16%   102  260s
 30660  2171    2.69611   72   40    2.74796    2.64659  3.69%   101  265s
 31997  2027    2.70244   77   46    2.74796    2.66096  3.17%  98.9  270s
 33339  1790    2.71261   60   45    2.74796    2.67509  2.65%  97.4  275s
 34082  1679     cutoff   67         2.74796    2.68187  2.40%  96.6  280s
 35490  1366    2.70466   61  105    2.74796    2.69345  1.98%  95.0  285s
 37594   643     cutoff   63         2.74796    2.71741  1.11%  91.7  290s

Cutting planes:
  Gomory: 4
  Cover: 23
  Implied bound: 183
  Projected implied bound: 13
  MIR: 379
  StrongCG: 1
  Flow cover: 428
  GUB cover: 3
  RLT: 1
  Relax-and-lift: 402

Explored 38574 nodes (3480963 simplex iterations) in 291.86 seconds
Thread count was 1 (of 4 available processors)

Solution count 10: 2.74796 2.76653 2.78019 ... 2.87217

Optimal solution found (tolerance 1.00e-04)
Best objective 2.747957619722e+00, best bound 2.747957619722e+00, gap 0.0000%

---------------------------------------------------------------------------
Multi-objectives: solved in 291.86 seconds, solution count 10

