Academic license - for non-commercial use only - expires 2022-11-10
Using license file /home/benedond/Apps/gurobi/gurobi950/gurobi.lic
Using gurobi.env file
Set parameter Threads to value 1
Changed value of parameter TimeLimit to 1200.0
   Prev: inf  Min: 0.0  Max: inf  Default: inf
Gurobi Optimizer version 9.1.2 build v9.1.2rc0 (linux64)
Thread count: 2 physical cores, 4 logical processors, using up to 1 threads
Optimize a model with 2380 rows, 2219 columns and 10733 nonzeros
Model fingerprint: 0x2be86299
Variable types: 64 continuous, 2155 integer (2155 binary)
Coefficient statistics:
  Matrix range     [2e-01, 4e+02]
  Objective range  [7e-03, 3e-01]
  Bounds range     [1e+00, 1e+00]
  RHS range        [1e+00, 1e+03]
Presolve removed 207 rows and 88 columns
Presolve time: 0.04s
Presolved: 2173 rows, 2131 columns, 10247 nonzeros
Variable types: 62 continuous, 2069 integer (2069 binary)

Root relaxation: objective 1.969146e+00, 2139 iterations, 0.06 seconds

    Nodes    |    Current Node    |     Objective Bounds      |     Work
 Expl Unexpl |  Obj  Depth IntInf | Incumbent    BestBd   Gap | It/Node Time

     0     0    1.96915    0  179          -    1.96915      -     -    0s
     0     0    2.10914    0  179          -    2.10914      -     -    0s
     0     0    2.11040    0  163          -    2.11040      -     -    0s
     0     0    2.20671    0  156          -    2.20671      -     -    0s
     0     0    2.21053    0  189          -    2.21053      -     -    0s
     0     0    2.27179    0  222          -    2.27179      -     -    0s
     0     0    2.29176    0  202          -    2.29176      -     -    0s
     0     0    2.29279    0  165          -    2.29279      -     -    0s
     0     0    2.29309    0  185          -    2.29309      -     -    0s
     0     0    2.29313    0  168          -    2.29313      -     -    0s
     0     0    2.35801    0  219          -    2.35801      -     -    0s
H    0     0                       4.0073786    2.35801  41.2%     -    0s
H    0     0                       3.7630215    2.35801  37.3%     -    0s
     0     0    2.36927    0  201    3.76302    2.36927  37.0%     -    0s
     0     0    2.37606    0  192    3.76302    2.37606  36.9%     -    0s
     0     0    2.37901    0  195    3.76302    2.37901  36.8%     -    0s
     0     0    2.37968    0  210    3.76302    2.37968  36.8%     -    0s
     0     0    2.37976    0  211    3.76302    2.37976  36.8%     -    0s
     0     0    2.38774    0  212    3.76302    2.38774  36.5%     -    0s
H    0     0                       3.6642215    2.38774  34.8%     -    0s
H    0     0                       3.1627643    2.38774  24.5%     -    1s
     0     0    2.39065    0  205    3.16276    2.39065  24.4%     -    1s
     0     0    2.39158    0  226    3.16276    2.39158  24.4%     -    1s
     0     0    2.39169    0  228    3.16276    2.39169  24.4%     -    1s
     0     0    2.40301    0  153    3.16276    2.40301  24.0%     -    1s
     0     0    2.40410    0  210    3.16276    2.40410  24.0%     -    1s
     0     0    2.40459    0  187    3.16276    2.40459  24.0%     -    1s
     0     0    2.40478    0  190    3.16276    2.40478  24.0%     -    1s
     0     0    2.41485    0  197    3.16276    2.41485  23.6%     -    1s
     0     0    2.41601    0  200    3.16276    2.41601  23.6%     -    1s
     0     0    2.41646    0  199    3.16276    2.41646  23.6%     -    1s
     0     0    2.41668    0  215    3.16276    2.41668  23.6%     -    1s
     0     0    2.42891    0  177    3.16276    2.42891  23.2%     -    1s
H    0     0                       3.1504357    2.42891  22.9%     -    1s
     0     0    2.43165    0  169    3.15044    2.43165  22.8%     -    1s
     0     0    2.43411    0  180    3.15044    2.43411  22.7%     -    1s
     0     0    2.43432    0  195    3.15044    2.43432  22.7%     -    1s
     0     0    2.44479    0  157    3.15044    2.44479  22.4%     -    2s
     0     0    2.44787    0  180    3.15044    2.44787  22.3%     -    2s
     0     0    2.44879    0  197    3.15044    2.44879  22.3%     -    2s
     0     0    2.44886    0  207    3.15044    2.44886  22.3%     -    2s
     0     0    2.45350    0  159    3.15044    2.45350  22.1%     -    2s
H    0     0                       3.1205143    2.45350  21.4%     -    2s
     0     0    2.45676    0  169    3.12051    2.45676  21.3%     -    2s
     0     0    2.45697    0  184    3.12051    2.45697  21.3%     -    2s
     0     0    2.46148    0  169    3.12051    2.46148  21.1%     -    2s
     0     0    2.46318    0  166    3.12051    2.46318  21.1%     -    2s
     0     0    2.46370    0  168    3.12051    2.46370  21.0%     -    2s
     0     0    2.46440    0  206    3.12051    2.46440  21.0%     -    2s
     0     0    2.46474    0  201    3.12051    2.46474  21.0%     -    2s
     0     0    2.46961    0  147    3.12051    2.46961  20.9%     -    2s
H    0     0                       3.0810857    2.46961  19.8%     -    2s
     0     0    2.47098    0  156    3.08109    2.47098  19.8%     -    2s
     0     0    2.47194    0  161    3.08109    2.47194  19.8%     -    2s
     0     0    2.47212    0  166    3.08109    2.47212  19.8%     -    2s
     0     0    2.47384    0  151    3.08109    2.47384  19.7%     -    2s
     0     0    2.47384    0  147    3.08109    2.47384  19.7%     -    2s
     0     2    2.47469    0  147    3.08109    2.47469  19.7%     -    2s
H   52    52                       3.0700857    2.48179  19.2%   226    4s
    53    55    2.73722   41   67    3.07009    2.48179  19.2%   237    5s
H  101    96                       3.0510857    2.48179  18.7%   154    5s
H  104    89                       2.9807357    2.48179  16.7%   150    5s
H  104    87                       2.9459786    2.48179  15.8%   150    5s
H  139   107                       2.9360786    2.48498  15.4%   161    6s
H  157   120                       2.9344071    2.48498  15.3%   163    6s
H  203   140                       2.9121286    2.48525  14.7%   150    7s
H  209   144                       2.8999786    2.48525  14.3%   149    7s
H  222   154                       2.8923286    2.48525  14.1%   146    7s
   380   259    2.66667   21  100    2.89233    2.49644  13.7%   148   10s
   561   357    2.54589   21  222    2.89233    2.54154  12.1%   139   15s
   632   405    2.58246   25  248    2.89233    2.58246  10.7%   123   20s
   640   412    2.73389   15  141    2.89233    2.58457  10.6%   165   25s
H  715   414                       2.8836714    2.58563  10.3%   188   30s
H  822   416                       2.8819286    2.59204  10.1%   200   34s
   846   420    2.82549   28  106    2.88193    2.60038  9.77%   205   35s
   983   444    2.76731   23  135    2.88193    2.60701  9.54%   221   40s
H 1027   448                       2.8760000    2.60701  9.35%   225   42s
  1126   482    2.72606   40  192    2.87600    2.62023  8.89%   226   45s
  1326   539    2.74308   32  157    2.87600    2.62638  8.68%   223   50s
  1497   579    2.65518   27  213    2.87600    2.63508  8.38%   226   55s
  1662   619    2.70227   26  145    2.87600    2.63958  8.22%   232   60s
  1820   713     cutoff   27         2.87600    2.64526  8.02%   237   65s
  2023   782    2.66893   15  199    2.87600    2.65378  7.73%   240   70s
  2184   891    2.86535   77   90    2.87600    2.65519  7.68%   243   75s
  2378   968    2.74765   34  114    2.87600    2.66304  7.40%   244   80s
  2530  1060    2.84818   44  130    2.87600    2.66494  7.34%   246   85s
  2788  1231    2.87209   55   79    2.87600    2.66894  7.20%   242   90s
  2965  1315    2.79273   27  141    2.87600    2.67015  7.16%   246   95s
  3246  1498    2.84117   42  123    2.87600    2.67302  7.06%   242  100s
  3431  1599    2.85321   31   84    2.87600    2.67488  6.99%   244  105s
H 3551  1636                       2.8740000    2.67808  6.82%   243  108s
  3628  1652    2.71982   33  167    2.87400    2.68035  6.74%   243  110s
  3859  1795    2.77639   33  130    2.87400    2.68173  6.69%   242  115s
  4023  1867    2.78514   33  115    2.87400    2.68476  6.58%   242  120s
  4274  2009    2.73497   36  127    2.87400    2.68964  6.41%   239  125s
  4478  2106    2.75666   24  141    2.87400    2.69230  6.32%   240  130s
H 4707  2215                       2.8728357    2.69493  6.19%   239  134s
  4718  2226    2.78957   44   69    2.87284    2.69493  6.19%   239  135s
  4924  2330    2.82100   30   99    2.87284    2.69762  6.10%   237  141s
  5130  2423    2.80262   27  100    2.87284    2.69938  6.04%   235  145s
  5302  2479    2.82822   37  126    2.87284    2.70279  5.92%   237  150s
H 5402  2511                       2.8711286    2.70583  5.76%   238  153s
  5503  2569    2.76257   33  112    2.87113    2.70749  5.70%   237  155s
  5775  2679    2.72531   32  224    2.87113    2.71078  5.58%   235  160s
  5949  2741    2.76507   29  102    2.87113    2.71445  5.46%   236  165s
  6179  2825     cutoff   41         2.87113    2.71760  5.35%   236  170s
  6357  2888    2.85192   40  102    2.87113    2.71966  5.28%   238  175s
  6579  2941    2.85918   42  126    2.87113    2.72230  5.18%   237  180s
  6821  3014    2.79665   54  110    2.87113    2.72470  5.10%   237  185s
  7001  3062    2.85662   53   76    2.87113    2.72664  5.03%   236  190s
  7288  3173     cutoff   56         2.87113    2.73014  4.91%   235  195s
  7549  3309    2.85620   29  178    2.87113    2.73202  4.85%   233  200s
  7809  3394    2.83185   59  105    2.87113    2.73388  4.78%   232  205s
  7982  3428    2.76286   32  161    2.87113    2.73582  4.71%   233  210s
  8219  3490    2.84064   31  140    2.87113    2.73889  4.61%   233  215s
  8478  3564     cutoff   27         2.87113    2.74054  4.55%   232  220s
  8689  3633    2.85343   43  137    2.87113    2.74195  4.50%   232  225s
  8856  3650    2.78099   36  141    2.87113    2.74337  4.45%   233  230s
  9079  3706    2.79048   43  131    2.87113    2.74598  4.36%   233  235s
  9341  3771     cutoff   33         2.87113    2.74757  4.30%   233  240s
  9585  3805     cutoff   34         2.87113    2.74958  4.23%   233  245s
H 9653  3800                       2.8692929    2.75074  4.13%   233  247s
  9793  3809     cutoff   30         2.86929    2.75174  4.10%   234  250s
  9839  3812    2.85991   26   83    2.86929    2.75209  4.08%   234  255s
H 9954  3571                       2.8564429    2.75317  3.62%   234  258s
 10027  3562    2.81937   42  123    2.85644    2.75467  3.56%   234  260s
 10202  3591     cutoff   43         2.85644    2.75615  3.51%   234  300s
 10409  3587     cutoff   34         2.85644    2.75850  3.43%   234  305s
 10580  3624    2.78866   29  188    2.85644    2.75986  3.38%   235  310s
 10718  3607    2.83828   43   88    2.85644    2.76250  3.29%   236  315s
 10951  3609    2.81136   40  127    2.85644    2.76434  3.22%   237  320s
 11151  3598    2.84143   45  110    2.85644    2.76661  3.15%   237  325s
 11367  3619    2.85046   37   56    2.85644    2.76851  3.08%   238  330s
 11664  3630    2.81926   38   99    2.85644    2.77107  2.99%   237  335s
 11847  3578    2.80020   45  125    2.85644    2.77433  2.87%   238  340s
 12110  3567    2.80863   57  112    2.85644    2.77705  2.78%   238  345s
 12387  3561    2.81807   50   90    2.85644    2.77995  2.68%   237  350s
 12709  3584     cutoff   35         2.85644    2.78218  2.60%   236  355s
 13033  3566    2.82384   53  134    2.85644    2.78449  2.52%   235  360s
 13308  3485    2.85307   37  132    2.85644    2.78792  2.40%   234  365s
 13537  3439    2.83607   48  119    2.85644    2.79096  2.29%   234  371s
 13695  3424     cutoff   24         2.85644    2.79237  2.24%   234  375s
 13959  3405    2.84234   57  110    2.85644    2.79505  2.15%   234  380s
 14260  3308    2.84510   42  109    2.85644    2.79852  2.03%   233  385s
 14673  3247     cutoff   34         2.85644    2.80165  1.92%   230  390s
 15039  3241     cutoff   37         2.85644    2.80378  1.84%   229  395s
 15391  3107    2.83599   38   87    2.85644    2.80775  1.70%   227  400s
 15862  3091     cutoff   26         2.85644    2.81066  1.60%   225  405s
 16255  3035     cutoff   32         2.85644    2.81296  1.52%   223  410s
 16673  2972     cutoff   36         2.85644    2.81567  1.43%   221  415s
 17138  2801     cutoff   66         2.85644    2.81922  1.30%   218  420s
 17665  2692     cutoff   42         2.85644    2.82212  1.20%   215  425s
 18232  2597    2.85484   44   56    2.85644    2.82456  1.12%   212  430s
 18824  2468     cutoff   48         2.85644    2.82729  1.02%   208  435s
 19367  2233     cutoff   52         2.85644    2.83046  0.91%   205  440s
 20099  1943     cutoff   54         2.85644    2.83435  0.77%   201  445s
 20766  1593     cutoff   31         2.85644    2.83804  0.64%   197  450s
 21534  1083     cutoff   41         2.85644    2.84325  0.46%   193  455s
 22389   523    2.85600   58   77    2.85644    2.84890  0.26%   188  460s

Cutting planes:
  Gomory: 3
  Cover: 121
  Implied bound: 20
  Clique: 10
  MIR: 282
  StrongCG: 5
  Flow cover: 813
  GUB cover: 1
  Inf proof: 2
  RLT: 19
  Relax-and-lift: 587

Explored 22935 nodes (4239105 simplex iterations) in 463.45 seconds
Thread count was 1 (of 4 available processors)

Solution count 10: 2.85644 2.86929 2.87113 ... 2.91213

Optimal solution found (tolerance 1.00e-04)
Best objective 2.856442852329e+00, best bound 2.856231307558e+00, gap 0.0074%
