Academic license - for non-commercial use only - expires 2022-11-10
Using license file /home/benedond/Apps/gurobi/gurobi950/gurobi.lic
Using gurobi.env file
Set parameter Threads to value 1
Changed value of parameter TimeLimit to 1200.0
   Prev: inf  Min: 0.0  Max: inf  Default: inf
Gurobi Optimizer version 9.1.2 build v9.1.2rc0 (linux64)
Thread count: 2 physical cores, 4 logical processors, using up to 1 threads
Optimize a model with 4794 rows, 2380 columns and 18630 nonzeros
Model fingerprint: 0x765dac86
Variable types: 34 continuous, 2346 integer (2312 binary)
Coefficient statistics:
  Matrix range     [2e-01, 4e+03]
  Objective range  [7e-04, 2e-01]
  Bounds range     [1e+00, 1e+00]
  RHS range        [1e+00, 4e+03]

---------------------------------------------------------------------------
Multi-objectives: starting optimization with 1 objectives ... 
---------------------------------------------------------------------------
---------------------------------------------------------------------------

Multi-objectives: optimize objective 1 (min avg power cons) ...
---------------------------------------------------------------------------

Optimize a model with 4794 rows, 2380 columns and 18630 nonzeros
Model fingerprint: 0x073c5176
Variable types: 34 continuous, 2346 integer (2312 binary)
Coefficient statistics:
  Matrix range     [2e-01, 4e+03]
  Objective range  [7e-04, 2e-01]
  Bounds range     [1e+00, 1e+00]
  RHS range        [1e+00, 4e+03]
Presolve removed 3041 rows and 1490 columns
Presolve time: 0.18s
Presolved: 1753 rows, 890 columns, 6634 nonzeros
Variable types: 33 continuous, 857 integer (824 binary)

Root relaxation: objective 1.687421e+00, 367 iterations, 0.01 seconds

    Nodes    |    Current Node    |     Objective Bounds      |     Work
 Expl Unexpl |  Obj  Depth IntInf | Incumbent    BestBd   Gap | It/Node Time

     0     0    1.68742    0   80          -    1.68742      -     -    0s
H    0     0                       3.9749311    1.68742  57.5%     -    0s
H    0     0                       3.9511311    1.68742  57.3%     -    0s
     0     0    1.69197    0  117    3.95113    1.69197  57.2%     -    0s
H    0     0                       3.7518759    1.69197  54.9%     -    0s
     0     0    1.69197    0  113    3.75188    1.69197  54.9%     -    0s
     0     0    1.73721    0  100    3.75188    1.73721  53.7%     -    0s
H    0     0                       3.6178690    1.73721  52.0%     -    0s
     0     0    1.73743    0   93    3.61787    1.73743  52.0%     -    0s
     0     0    1.85078    0  118    3.61787    1.85078  48.8%     -    0s
H    0     0                       3.5935724    1.85078  48.5%     -    0s
     0     0    1.87310    0  115    3.59357    1.87310  47.9%     -    0s
     0     0    1.93130    0  107    3.59357    1.93130  46.3%     -    0s
H    0     0                       3.5399173    1.93130  45.4%     -    0s
     0     0    1.96718    0  114    3.53992    1.96718  44.4%     -    0s
     0     0    2.01127    0  129    3.53992    2.01127  43.2%     -    0s
     0     0    2.01934    0  137    3.53992    2.01934  43.0%     -    0s
     0     0    2.02987    0  194    3.53992    2.02987  42.7%     -    0s
H    0     0                       3.5107242    2.02987  42.2%     -    0s
     0     0    2.03318    0  178    3.51072    2.03318  42.1%     -    0s
     0     0    2.03323    0  132    3.51072    2.03323  42.1%     -    0s
     0     0    2.04100    0  123    3.51072    2.04100  41.9%     -    0s
H    0     0                       3.4947724    2.04100  41.6%     -    0s
     0     0    2.04275    0  183    3.49477    2.04275  41.5%     -    0s
     0     0    2.05484    0  142    3.49477    2.05484  41.2%     -    0s
     0     0    2.05653    0  150    3.49477    2.05653  41.2%     -    0s
     0     0    2.05720    0  209    3.49477    2.05720  41.1%     -    0s
     0     0    2.06065    0  209    3.49477    2.06065  41.0%     -    0s
     0     0    2.06087    0  210    3.49477    2.06087  41.0%     -    0s
     0     0    2.06088    0  213    3.49477    2.06088  41.0%     -    0s
     0     0    2.07324    0  140    3.49477    2.07324  40.7%     -    0s
     0     0    2.08617    0  156    3.49477    2.08617  40.3%     -    0s
     0     0    2.08956    0  159    3.49477    2.08956  40.2%     -    0s
     0     0    2.09072    0  161    3.49477    2.09072  40.2%     -    0s
     0     0    2.09122    0  162    3.49477    2.09122  40.2%     -    0s
     0     0    2.09125    0  162    3.49477    2.09125  40.2%     -    0s
     0     0    2.09869    0  171    3.49477    2.09869  39.9%     -    0s
     0     0    2.10251    0  176    3.49477    2.10251  39.8%     -    0s
     0     0    2.10408    0  178    3.49477    2.10408  39.8%     -    0s
     0     0    2.10429    0  186    3.49477    2.10429  39.8%     -    0s
     0     0    2.10442    0  185    3.49477    2.10442  39.8%     -    0s
     0     0    2.11057    0  158    3.49477    2.11057  39.6%     -    0s
     0     0    2.11342    0  162    3.49477    2.11342  39.5%     -    0s
     0     0    2.11410    0  168    3.49477    2.11410  39.5%     -    0s
     0     0    2.11424    0  167    3.49477    2.11424  39.5%     -    0s
     0     0    2.11838    0  165    3.49477    2.11838  39.4%     -    0s
H    0     0                       3.4702414    2.11838  39.0%     -    0s
     0     0    2.12009    0  161    3.47024    2.12009  38.9%     -    0s
     0     0    2.12020    0  162    3.47024    2.12020  38.9%     -    0s
     0     0    2.12314    0  164    3.47024    2.12314  38.8%     -    0s
     0     0    2.12425    0  168    3.47024    2.12425  38.8%     -    0s
     0     0    2.12443    0  169    3.47024    2.12443  38.8%     -    0s
     0     0    2.12728    0  172    3.47024    2.12728  38.7%     -    1s
H    0     0                       3.4490414    2.12728  38.3%     -    1s
     0     0    2.12795    0  171    3.44904    2.12795  38.3%     -    1s
     0     0    2.12826    0  173    3.44904    2.12826  38.3%     -    1s
     0     0    2.12862    0  177    3.44904    2.12862  38.3%     -    1s
     0     0    2.12870    0  173    3.44904    2.12870  38.3%     -    1s
     0     0    2.13042    0  169    3.44904    2.13042  38.2%     -    1s
     0     0    2.13108    0  173    3.44904    2.13108  38.2%     -    1s
     0     0    2.13132    0  173    3.44904    2.13132  38.2%     -    1s
     0     0    2.13138    0  170    3.44904    2.13138  38.2%     -    1s
     0     0    2.13247    0  196    3.44904    2.13247  38.2%     -    1s
     0     0    2.13247    0  193    3.44904    2.13247  38.2%     -    1s
H    0     0                       3.4348483    2.13277  37.9%     -    1s
H    0     0                       3.4189035    2.13277  37.6%     -    1s
     0     2    2.13277    0  191    3.41890    2.13277  37.6%     -    1s
H   26    26                       3.4104552    2.14750  37.0%   163    1s
   543   440    2.66259   81  181    3.41046    2.17027  36.4%  39.3    5s
   625   497    2.79962   46  103    3.41046    2.18100  36.0%  83.6   10s
H  717   522                       3.4086345    2.18100  36.0%  94.2   11s
H  764   509                       3.4071448    2.18104  36.0%  93.3   11s
H  852   544                       3.3916759    2.18104  35.7%   106   13s
H  868   534                       3.2787655    2.18104  33.5%   106   13s
H  894   519                       3.2318897    2.18104  32.5%   105   14s
H  974   495                       3.1826552    2.19084  31.2%   102   15s
H 1208   591                       3.1281311    2.20970  29.4%   111   19s
  1300   637    2.71686   56  113    3.12813    2.21760  29.1%   110   20s
H 1312   627                       3.1279104    2.21760  29.1%   110   20s
  2058  1123    2.42087   33  136    3.12791    2.30603  26.3%  94.8   25s
  2528  1462    2.36785   24  148    3.12791    2.31205  26.1%   100   30s
H 2730  1590                       3.1265242    2.32040  25.8%   100   32s
  2971  1759    2.71743   27  140    3.12652    2.33798  25.2%  98.1   35s
  3323  1991    2.75549   71  106    3.12652    2.34365  25.0%   103   40s
  3851  2379    2.73182   56  129    3.12652    2.36445  24.4%   100   45s
  4331  2730    2.80446   26  134    3.12652    2.37577  24.0%   100   50s
  4698  2974    2.85897   32  100    3.12652    2.39145  23.5%   103   55s
  4924  3137    2.92461   84   80    3.12652    2.39351  23.4%   103   60s
H 5209  3274                       3.1149724    2.40097  22.9%   102   63s
  5263  3310    2.54877   28  161    3.11497    2.40163  22.9%   103   65s
H 5372  3391                       3.1140552    2.40296  22.8%   103   66s
  5679  3605    3.04875   58  107    3.11406    2.40436  22.8%   104   70s
  6124  3874    2.50205   23  136    3.11406    2.41028  22.6%   104   75s
  6488  4145    2.83367   46  109    3.11406    2.41481  22.5%   106   80s
  6822  4371    2.68958   29  140    3.11406    2.42230  22.2%   107   85s
  7285  4701    3.00493   63   80    3.11406    2.42758  22.0%   107   90s
  7656  4949    2.80796   57  145    3.11406    2.43123  21.9%   109   95s
  8136  5235    2.60145   30  126    3.11406    2.43825  21.7%   109  100s
  8468  5445     cutoff   49         3.11406    2.43969  21.7%   110  105s
  8936  5770    2.76897   53  101    3.11406    2.44476  21.5%   110  110s
  9259  5937    2.87253   40   84    3.11406    2.44616  21.4%   111  115s
  9688  6224    2.90607   48  109    3.11406    2.45274  21.2%   111  120s
 10138  6525    2.55372   22  139    3.11406    2.45724  21.1%   111  125s
 10203  6568    2.66428   35  193    3.11406    2.45834  21.1%   111  147s
 10225  6583    2.98820   89  218    3.11406    2.45834  21.1%   111  150s
 10245  6596    2.95309   57  195    3.11406    2.45834  21.1%   111  155s
 10261  6607    2.81648   37  224    3.11406    2.45834  21.1%   111  160s
 10278  6618    2.80677   30  233    3.11406    2.45834  21.1%   110  165s
 10294  6629    2.82751   51  232    3.11406    2.45834  21.1%   110  170s
 10310  6639    3.00350   84  227    3.11406    2.45834  21.1%   110  175s
 10326  6650    2.84436   51  223    3.11406    2.45834  21.1%   110  180s
 10342  6661    2.73714   35  224    3.11406    2.45834  21.1%   110  185s
 10359  6672    2.69299   64  229    3.11406    2.45834  21.1%   110  190s
 10374  6682    2.87883   46  216    3.11406    2.45834  21.1%   109  195s
 10394  6695    2.82751   51  218    3.11406    2.45834  21.1%   109  200s
 10410  6706    3.00350   84  220    3.11406    2.45834  21.1%   109  205s
 10426  6717    2.84436   51  220    3.11406    2.45834  21.1%   109  211s
 10428  6720    2.45834   26  212    3.11406    2.45834  21.1%   112  216s
 10432  6723    2.45834   28  213    3.11406    2.45834  21.1%   112  221s
 10437  6726    2.45834   30  149    3.11406    2.45834  21.1%   112  225s
 10474  6749    2.45834   49  144    3.11406    2.45834  21.1%   114  230s
 10562  6779    2.92606   40  112    3.11406    2.45834  21.1%   115  235s
 10767  6870    2.88479   90   95    3.11406    2.45834  21.1%   117  240s
 11055  6969    2.68226   40  104    3.11406    2.45834  21.1%   118  245s
 11426  7106    2.70300   41  127    3.11406    2.45834  21.1%   118  250s
 11724  7213    2.66194   52  117    3.11406    2.45834  21.1%   119  255s
 12112  7322    3.04918   58  100    3.11406    2.45834  21.1%   119  260s
 12595  7486    3.07611   61   55    3.11406    2.45834  21.1%   119  265s
 12914  7555    2.45834   35  151    3.11406    2.45834  21.1%   120  270s
 13254  7648    3.04691   66   93    3.11406    2.45834  21.1%   122  275s
 13615  7741    2.79969   35  144    3.11406    2.45834  21.1%   123  280s
 13843  7809     cutoff   61         3.11406    2.45834  21.1%   125  285s
 14275  7938    3.09831   82   48    3.11406    2.46659  20.8%   126  290s
 14592  8035    2.70952   51  193    3.11406    2.47379  20.6%   127  295s
 14818  8115    2.74538   51  146    3.11406    2.48024  20.4%   128  300s
 15147  8185    3.00668   63  129    3.11406    2.48307  20.3%   130  305s
 15437  8283    2.70725   53  123    3.11406    2.48457  20.2%   130  310s
 15737  8374    2.89375   58  137    3.11406    2.48987  20.0%   132  321s
 15939  8393    2.82075   42  135    3.11406    2.49554  19.9%   132  325s
 16298  8471    2.74153   39  131    3.11406    2.50168  19.7%   133  330s
 16573  8522    2.88364   40  150    3.11406    2.50422  19.6%   134  335s
 16892  8640    2.70598   57  122    3.11406    2.50844  19.4%   134  340s
 17316  8763 infeasible   76         3.11406    2.51684  19.2%   135  345s
 17616  8848    2.72756   39  137    3.11406    2.52366  19.0%   136  350s
 17907  8957    2.65494   56  111    3.11406    2.52996  18.8%   136  355s
 18306  9073    2.91108   42  154    3.11406    2.53465  18.6%   136  360s
 18559  9143    2.71824   46   78    3.11406    2.54137  18.4%   137  365s
 18911  9233    2.89381   59   96    3.11406    2.54414  18.3%   138  370s
 19196  9293    3.09907   81   80    3.11406    2.54654  18.2%   139  375s
 19549  9402    3.06151   63  106    3.11406    2.55029  18.1%   140  380s
 19846  9446    2.76181   49   83    3.11406    2.55544  17.9%   140  385s
 20125  9535    2.60295   43  156    3.11406    2.56004  17.8%   141  390s
 20454  9577    2.84511   50  174    3.11406    2.56342  17.7%   141  395s
 20856  9715    3.00781   52  104    3.11406    2.56642  17.6%   141  400s
 21294  9798     cutoff   70         3.11406    2.56881  17.5%   142  405s
 21713  9842    2.79668   51  128    3.11406    2.57273  17.4%   142  410s
 22005  9907    2.93047   51  140    3.11406    2.57590  17.3%   143  415s
 22435  9990    2.68047   56  136    3.11406    2.57946  17.2%   143  420s
 22742 10078    2.83358   41  104    3.11406    2.58320  17.0%   144  425s
 23079 10153    2.77338   47  106    3.11406    2.58649  16.9%   145  430s
 23497 10250    2.96192   45   98    3.11406    2.58814  16.9%   145  435s
 23923 10351    2.74759   55  114    3.11406    2.59141  16.8%   145  440s
 24329 10437    2.83005   42   93    3.11406    2.59377  16.7%   145  445s
 24600 10522    3.08268   63   67    3.11406    2.59507  16.7%   146  450s
 25077 10639    2.94406   59   75    3.11406    2.60070  16.5%   145  455s
 25472 10711    3.10441   55   98    3.11406    2.60408  16.4%   146  460s
 25828 10805    2.72915   38  123    3.11406    2.60574  16.3%   146  465s
 26150 10882    2.93483   65   94    3.11406    2.60844  16.2%   146  470s
 26479 10972    2.87323   62   95    3.11406    2.61059  16.2%   147  475s
 26912 11060    3.10327   58   79    3.11406    2.61451  16.0%   147  480s
 27258 11152    2.86007   55  111    3.11406    2.61794  15.9%   147  485s
 27638 11249    2.70586   58  132    3.11406    2.61941  15.9%   147  490s
 27839 11314    2.98317   48  106    3.11406    2.62082  15.8%   148  495s
 28176 11399    2.68843   48  138    3.11406    2.62287  15.8%   148  500s
 28579 11491    2.82967   42  122    3.11406    2.62422  15.7%   148  505s
 28955 11590    2.90109   56   87    3.11406    2.62542  15.7%   148  510s
 29371 11674    2.67503   35  139    3.11406    2.62783  15.6%   148  515s
 29608 11742    2.96169   48  107    3.11406    2.62863  15.6%   149  520s
 30018 11860    3.00897   66   82    3.11406    2.62951  15.6%   149  525s
 30354 11919    2.67874   54  150    3.11406    2.63185  15.5%   149  530s
 30482 11936    2.89585   67  123    3.11406    2.63231  15.5%   150  544s
 30506 11939    2.98196   60  101    3.11406    2.63249  15.5%   150  545s
 30802 12076    2.86469   43  129    3.11406    2.63375  15.4%   150  550s
 31131 12286    3.00010   59   97    3.11406    2.63484  15.4%   150  555s
 31436 12448    3.00227   39  143    3.11406    2.63624  15.3%   150  560s
 31849 12685    2.89733   57  115    3.11406    2.63728  15.3%   150  565s
 32220 12873     cutoff   59         3.11406    2.63896  15.3%   150  570s
 32613 13083     cutoff   60         3.11406    2.64060  15.2%   150  575s
 32903 13196    2.82675   56  173    3.11406    2.64224  15.2%   150  580s
 33320 13424    2.78218   37  145    3.11406    2.64362  15.1%   150  585s
 33729 13654    3.10537   37  125    3.11406    2.64426  15.1%   150  590s
 33969 13763    2.70068   72  125    3.11406    2.64478  15.1%   151  595s
 34271 13932    2.85265   40  163    3.11406    2.64559  15.0%   151  600s
 34682 14147    2.90571   45  147    3.11406    2.64641  15.0%   151  605s
 34987 14314     cutoff   45         3.11406    2.64802  15.0%   151  610s
 35230 14439    2.72626   43  142    3.11406    2.64889  14.9%   151  615s
 35504 14562    3.04689   49   90    3.11406    2.64986  14.9%   152  620s
 35801 14736     cutoff   78         3.11406    2.65121  14.9%   152  625s
 36036 14859    2.83798   52   97    3.11406    2.65213  14.8%   153  630s
 36312 14995    2.72694   54  173    3.11406    2.65295  14.8%   153  635s
 36550 15122     cutoff   51         3.11406    2.65344  14.8%   153  640s
 36942 15291    3.02722   57  104    3.11406    2.65475  14.7%   153  645s
 37299 15451    3.10091   47   96    3.11406    2.65578  14.7%   154  650s
 37574 15570     cutoff   61         3.11406    2.65706  14.7%   154  655s
 37900 15732    3.06798   67   98    3.11406    2.65812  14.6%   154  660s
 38169 15879    3.07069   61   81    3.11406    2.65872  14.6%   155  665s
 38448 15994    2.79575   51  137    3.11406    2.65969  14.6%   155  670s
 38700 16097    2.83160   51  112    3.11406    2.66129  14.5%   155  675s
 38976 16246    3.03533   42  114    3.11406    2.66217  14.5%   156  680s
 39307 16427    2.90211   48  101    3.11406    2.66266  14.5%   156  685s
 39669 16591    3.05484   60  107    3.11406    2.66433  14.4%   156  690s
 40025 16747    2.89921   47   78    3.11406    2.66547  14.4%   156  695s
 40292 16880    2.75456   39  171    3.11406    2.66600  14.4%   156  700s
 40532 17004    3.07592   66   59    3.11406    2.66687  14.4%   156  705s
 40874 17170    2.69239   46  117    3.11406    2.66790  14.3%   156  710s
 41160 17336    2.69304   40  124    3.11406    2.66868  14.3%   156  715s
 41428 17490    2.85971   39  127    3.11406    2.66901  14.3%   157  720s
 41772 17671    2.94906   65  130    3.11406    2.67002  14.3%   157  725s
 42056 17837    3.04108   64   57    3.11406    2.67064  14.2%   157  730s
 42316 17971    3.07514   82   85    3.11406    2.67108  14.2%   157  735s
 42646 18145    2.90551   47   91    3.11406    2.67165  14.2%   158  740s
 42916 18263     cutoff   45         3.11406    2.67267  14.2%   158  745s
 43276 18450    3.06184   48   82    3.11406    2.67349  14.1%   158  750s
 43652 18626    2.83742   58   90    3.11406    2.67429  14.1%   158  755s
 44082 18865    3.11228   64   96    3.11406    2.67505  14.1%   157  760s
 44417 19020    2.92797   41  145    3.11406    2.67555  14.1%   157  765s
 44788 19152    2.72716   43  139    3.11406    2.67607  14.1%   157  770s
 45077 19279    2.92675   55  134    3.11406    2.67714  14.0%   158  776s
 45343 19414    2.94066   45  120    3.11406    2.67750  14.0%   158  780s
 45608 19535     cutoff   61         3.11406    2.67803  14.0%   158  785s
 45978 19733    3.06454   56   78    3.11406    2.67874  14.0%   158  790s
 46248 19871     cutoff   63         3.11406    2.67907  14.0%   158  795s
 46558 20033    3.03840   48   87    3.11406    2.67980  13.9%   158  800s
 46904 20195    2.86799   56  122    3.11406    2.68032  13.9%   158  805s
 47220 20315    2.91527   53  152    3.11406    2.68116  13.9%   158  810s
 47479 20424    2.83859   44  140    3.11406    2.68184  13.9%   158  815s
 47690 20535    2.92766   55  124    3.11406    2.68264  13.9%   159  820s
 47971 20688    2.96342   53  137    3.11406    2.68314  13.8%   159  825s
 48278 20851     cutoff   72         3.11406    2.68343  13.8%   159  830s
 48569 21024    3.10643   65  112    3.11406    2.68396  13.8%   159  835s
 48844 21129    2.75552   50  126    3.11406    2.68460  13.8%   160  840s
 49202 21289    3.02149   57   97    3.11406    2.68524  13.8%   160  845s
 49551 21439    2.96992   51  118    3.11406    2.68614  13.7%   160  850s
 49925 21666    2.77430   50  119    3.11406    2.68666  13.7%   160  855s
 50228 21831    2.97705   56  140    3.11406    2.68692  13.7%   160  860s
 50622 22032     cutoff   54         3.11406    2.68759  13.7%   159  865s
 50939 22224    2.97941   58  105    3.11406    2.68792  13.7%   159  870s
 51276 22386     cutoff   33         3.11406    2.68858  13.7%   159  875s
 51495 22485    3.00711   59  101    3.11406    2.68934  13.6%   160  880s
 51841 22645    2.99283   53  106    3.11406    2.68992  13.6%   160  885s
 52108 22762    2.83842   56  134    3.11406    2.69034  13.6%   160  890s
 52372 22897    2.81105   52  143    3.11406    2.69088  13.6%   160  895s
 52630 23023     cutoff   51         3.11406    2.69152  13.6%   160  900s
 52912 23173    2.75426   51  118    3.11406    2.69224  13.5%   160  905s
 53135 23287    3.04588   72   99    3.11406    2.69264  13.5%   160  910s
 53393 23414 infeasible   58         3.11406    2.69295  13.5%   161  915s
 53588 23478     cutoff   69         3.11406    2.69347  13.5%   161  920s
 53797 23572    2.90597   48  109    3.11406    2.69376  13.5%   161  925s
 54016 23677    2.91336   62  119    3.11406    2.69437  13.5%   162  930s
 54191 23749    2.95543   50  115    3.11406    2.69464  13.5%   162  935s
 54485 23877    3.03273   57  101    3.11406    2.69515  13.5%   162  940s
 54757 24001    2.88958   57  110    3.11406    2.69564  13.4%   162  945s
 54939 24071    3.10491   39  122    3.11406    2.69604  13.4%   162  950s
 55274 24231     cutoff   44         3.11406    2.69700  13.4%   162  955s
 55620 24408    2.95457   56  132    3.11406    2.69737  13.4%   162  960s
 55832 24486    2.82870   48  148    3.11406    2.69761  13.4%   163  965s
 56150 24652    2.86234   57  116    3.11406    2.69797  13.4%   163  970s
 56406 24778    2.77528   42  109    3.11406    2.69865  13.3%   163  975s
 56737 24941    2.90137   44  107    3.11406    2.69917  13.3%   163  980s
 57149 25156    2.85549   49  112    3.11406    2.69952  13.3%   162  985s
 57326 25240    3.03870   58  118    3.11406    2.69973  13.3%   163  990s
 57620 25379    2.88713   59   87    3.11406    2.70017  13.3%   163  995s
 57877 25494    3.05583   68   99    3.11406    2.70077  13.3%   163 1000s
 58105 25593    2.71903   43  154    3.11406    2.70130  13.3%   163 1005s
 58348 25709    2.97648   61   86    3.11406    2.70167  13.2%   163 1010s
 58672 25878     cutoff   73         3.11406    2.70204  13.2%   163 1015s
 58933 25982    2.84585   45  157    3.11406    2.70278  13.2%   163 1020s
 59144 26062     cutoff   52         3.11406    2.70324  13.2%   163 1025s
 59390 26187    2.83765   49   76    3.11406    2.70343  13.2%   164 1030s
 59634 26309    3.08001   52  111    3.11406    2.70386  13.2%   164 1035s
 59849 26395    3.09098   54  122    3.11406    2.70442  13.2%   164 1040s
 59972 26430    2.92646   62  104    3.11406    2.70489  13.1%   164 1059s
 59997 26451    3.04036   85   60    3.11406    2.70489  13.1%   164 1060s
 60200 26545    3.05023   64   91    3.11406    2.70526  13.1%   164 1065s
 60448 26668    2.87878   51  115    3.11406    2.70556  13.1%   165 1070s
 60664 26731    2.79031   48  114    3.11406    2.70590  13.1%   165 1075s
 60989 26871    3.04016   79   66    3.11406    2.70640  13.1%   165 1080s
 61334 27021    2.98093   47   85    3.11406    2.70692  13.1%   165 1085s
 61695 27225     cutoff   63         3.11406    2.70733  13.1%   165 1090s
 61923 27308    2.99859   59  122    3.11406    2.70785  13.0%   165 1095s
 62243 27458    2.98559   69   87    3.11406    2.70843  13.0%   165 1100s
 62610 27611    3.07010   59   96    3.11406    2.70892  13.0%   165 1105s
 62848 27713    2.91177   60  109    3.11406    2.70924  13.0%   165 1110s
 63197 27891     cutoff   64         3.11406    2.70969  13.0%   165 1115s
 63462 27979    3.03808   58   85    3.11406    2.71021  13.0%   165 1120s
 63726 28115    2.93911   56  111    3.11406    2.71059  13.0%   165 1125s
 63998 28213     cutoff   59         3.11406    2.71099  12.9%   165 1130s
 64273 28343    2.92959   60  183    3.11406    2.71171  12.9%   165 1135s
 64472 28428     cutoff   51         3.11406    2.71200  12.9%   166 1140s
 64785 28586    2.86866   41  187    3.11406    2.71238  12.9%   166 1145s
 64990 28714    2.96639   66   91    3.11406    2.71251  12.9%   166 1150s
 65317 28893    2.84018   47  129    3.11406    2.71304  12.9%   166 1155s
 65605 29005    2.79558   44  132    3.11406    2.71363  12.9%   166 1160s
 65829 29105     cutoff   49         3.11406    2.71390  12.9%   166 1165s
 66080 29234    3.03266   63   82    3.11406    2.71435  12.8%   166 1170s
 66364 29345    2.90536   42  189    3.11406    2.71497  12.8%   166 1175s
 66565 29423     cutoff   60         3.11406    2.71516  12.8%   167 1180s
 66837 29543    2.76677   54  128    3.11406    2.71540  12.8%   167 1186s
 66919 29586    2.72087   42  149    3.11406    2.71543  12.8%   167 1190s
 67163 29683     cutoff   51         3.11406    2.71587  12.8%   167 1195s

Cutting planes:
  Gomory: 6
  Cover: 370
  Implied bound: 287
  Projected implied bound: 13
  MIR: 499
  Flow cover: 576
  GUB cover: 11
  RLT: 7
  Relax-and-lift: 861

Explored 67400 nodes (11272275 simplex iterations) in 1200.00 seconds
Thread count was 1 (of 4 available processors)

Solution count 10: 3.11406 3.11497 3.12652 ... 3.40714

Time limit reached
Best objective 3.114055184393e+00, best bound 2.716251882119e+00, gap 12.7744%

---------------------------------------------------------------------------
Multi-objectives: stopped in 1200.03 seconds, solution count 10
Time Limit reached

