{
    "assignmentCharacteristics": [
        {
            "command": "/root/thermobench/build/benchmarks/mem/membench -t1 -f -r -s 1000",
            "resourceAssignments": [
                {
                    "intercept": 0.5,
                    "length": 84,
                    "processors": [
                        {
                            "processingUnits": 1,
                            "processor": "A72"
                        }
                    ],
                    "slope": 0.4000000059604645
                },
                {
                    "intercept": 0.20999999344348907,
                    "length": 84,
                    "processors": [
                        {
                            "processingUnits": 1,
                            "processor": "A53"
                        }
                    ],
                    "slope": 0.14000000059604645
                }
            ],
            "task": "0_membench-1K-RO-R"
        },
        {
            "command": "/root/thermobench/build/benchmarks/mem/membench -t1 -f -r -w -s 1000",
            "resourceAssignments": [
                {
                    "intercept": 0.8500000238418579,
                    "length": 43,
                    "processors": [
                        {
                            "processingUnits": 1,
                            "processor": "A72"
                        }
                    ],
                    "slope": 0.7699999809265137
                },
                {
                    "intercept": 0.23000000417232513,
                    "length": 77,
                    "processors": [
                        {
                            "processingUnits": 1,
                            "processor": "A53"
                        }
                    ],
                    "slope": 0.18000000715255737
                }
            ],
            "task": "1_membench-1K-RW-R"
        },
        {
            "command": "/root/thermobench/build/benchmarks/mem/membench -t1 -f -w -s 1000000",
            "resourceAssignments": [
                {
                    "intercept": 2.509999990463257,
                    "length": 65,
                    "processors": [
                        {
                            "processingUnits": 1,
                            "processor": "A72"
                        }
                    ],
                    "slope": 1.0099999904632568
                },
                {
                    "intercept": 0.949999988079071,
                    "length": 49,
                    "processors": [
                        {
                            "processingUnits": 1,
                            "processor": "A53"
                        }
                    ],
                    "slope": 0.8199999928474426
                }
            ],
            "task": "2_membench-1M-RW-S"
        },
        {
            "command": "./idctrn-4K -v0 -c1 -i100",
            "resourceAssignments": [
                {
                    "intercept": 1.5099999904632568,
                    "length": 111,
                    "processors": [
                        {
                            "processingUnits": 1,
                            "processor": "A72"
                        }
                    ],
                    "slope": 1.5800000429153442
                },
                {
                    "intercept": 0.3199999928474426,
                    "length": 321,
                    "processors": [
                        {
                            "processingUnits": 1,
                            "processor": "A53"
                        }
                    ],
                    "slope": 0.25
                }
            ],
            "task": "3_idctrn-4K"
        },
        {
            "command": "/root/thermobench/build/benchmarks/mem/membench -t1 -f -r -s 4000000",
            "resourceAssignments": [
                {
                    "intercept": 2.0399999618530273,
                    "length": 132,
                    "processors": [
                        {
                            "processingUnits": 1,
                            "processor": "A72"
                        }
                    ],
                    "slope": 0.5099999904632568
                },
                {
                    "intercept": 1.5299999713897705,
                    "length": 167,
                    "processors": [
                        {
                            "processingUnits": 1,
                            "processor": "A53"
                        }
                    ],
                    "slope": 0.23000000417232513
                }
            ],
            "task": "4_membench-4M-RO-R"
        },
        {
            "command": "./bitmnp-4K -v0 -c1 -i100",
            "resourceAssignments": [
                {
                    "intercept": 0.7699999809265137,
                    "length": 67,
                    "processors": [
                        {
                            "processingUnits": 1,
                            "processor": "A72"
                        }
                    ],
                    "slope": 0.7799999713897705
                },
                {
                    "intercept": 0.23000000417232513,
                    "length": 139,
                    "processors": [
                        {
                            "processingUnits": 1,
                            "processor": "A53"
                        }
                    ],
                    "slope": 0.1899999976158142
                }
            ],
            "task": "5_bitmnp-4K"
        },
        {
            "command": "./canrdr-4M -v0 -c1 -i100",
            "resourceAssignments": [
                {
                    "intercept": 2.6700000762939453,
                    "length": 108,
                    "processors": [
                        {
                            "processingUnits": 1,
                            "processor": "A72"
                        }
                    ],
                    "slope": 1.3600000143051147
                },
                {
                    "intercept": 1.4700000286102295,
                    "length": 206,
                    "processors": [
                        {
                            "processingUnits": 1,
                            "processor": "A53"
                        }
                    ],
                    "slope": 0.4000000059604645
                }
            ],
            "task": "6_canrdr-4M"
        },
        {
            "command": "./idctrn-4K -v0 -c1 -i100",
            "resourceAssignments": [
                {
                    "intercept": 1.5099999904632568,
                    "length": 89,
                    "processors": [
                        {
                            "processingUnits": 1,
                            "processor": "A72"
                        }
                    ],
                    "slope": 1.5800000429153442
                },
                {
                    "intercept": 0.3199999928474426,
                    "length": 258,
                    "processors": [
                        {
                            "processingUnits": 1,
                            "processor": "A53"
                        }
                    ],
                    "slope": 0.25
                }
            ],
            "task": "7_idctrn-4K"
        },
        {
            "command": "./puwmod-4M -v0 -c1 -i100",
            "resourceAssignments": [
                {
                    "intercept": 2.6600000858306885,
                    "length": 84,
                    "processors": [
                        {
                            "processingUnits": 1,
                            "processor": "A72"
                        }
                    ],
                    "slope": 1.4700000286102295
                },
                {
                    "intercept": 1.399999976158142,
                    "length": 164,
                    "processors": [
                        {
                            "processingUnits": 1,
                            "processor": "A53"
                        }
                    ],
                    "slope": 0.36000001430511475
                }
            ],
            "task": "8_puwmod-4M"
        },
        {
            "command": "./a2time-4K -v0 -c1 -i100",
            "resourceAssignments": [
                {
                    "intercept": 1.0199999809265137,
                    "length": 97,
                    "processors": [
                        {
                            "processingUnits": 1,
                            "processor": "A72"
                        }
                    ],
                    "slope": 1.0700000524520874
                },
                {
                    "intercept": 0.20999999344348907,
                    "length": 166,
                    "processors": [
                        {
                            "processingUnits": 1,
                            "processor": "A53"
                        }
                    ],
                    "slope": 0.25
                }
            ],
            "task": "9_a2time-4K"
        },
        {
            "command": "./a2time-4M -v0 -c1 -i100",
            "resourceAssignments": [
                {
                    "intercept": 2.5199999809265137,
                    "length": 117,
                    "processors": [
                        {
                            "processingUnits": 1,
                            "processor": "A72"
                        }
                    ],
                    "slope": 1.1799999475479126
                },
                {
                    "intercept": 1.3899999856948853,
                    "length": 198,
                    "processors": [
                        {
                            "processingUnits": 1,
                            "processor": "A53"
                        }
                    ],
                    "slope": 0.3499999940395355
                }
            ],
            "task": "10_a2time-4M"
        },
        {
            "command": "./ttsprk-4M -v0 -c1 -i100",
            "resourceAssignments": [
                {
                    "intercept": 1.5800000429153442,
                    "length": 46,
                    "processors": [
                        {
                            "processingUnits": 1,
                            "processor": "A72"
                        }
                    ],
                    "slope": 1.9800000190734863
                },
                {
                    "intercept": 0.3199999928474426,
                    "length": 98,
                    "processors": [
                        {
                            "processingUnits": 1,
                            "processor": "A53"
                        }
                    ],
                    "slope": 0.6700000166893005
                }
            ],
            "task": "11_ttsprk-4M"
        },
        {
            "command": "./tblook-4K -v0 -c1 -i100",
            "resourceAssignments": [
                {
                    "intercept": 1.5099999904632568,
                    "length": 75,
                    "processors": [
                        {
                            "processingUnits": 1,
                            "processor": "A72"
                        }
                    ],
                    "slope": 1.649999976158142
                },
                {
                    "intercept": 0.27000001072883606,
                    "length": 234,
                    "processors": [
                        {
                            "processingUnits": 1,
                            "processor": "A53"
                        }
                    ],
                    "slope": 0.2199999988079071
                }
            ],
            "task": "12_tblook-4K"
        },
        {
            "command": "./bitmnp-4K -v0 -c1 -i100",
            "resourceAssignments": [
                {
                    "intercept": 0.7699999809265137,
                    "length": 89,
                    "processors": [
                        {
                            "processingUnits": 1,
                            "processor": "A72"
                        }
                    ],
                    "slope": 0.7799999713897705
                },
                {
                    "intercept": 0.23000000417232513,
                    "length": 185,
                    "processors": [
                        {
                            "processingUnits": 1,
                            "processor": "A53"
                        }
                    ],
                    "slope": 0.1899999976158142
                }
            ],
            "task": "13_bitmnp-4K"
        },
        {
            "command": "./ttsprk-4K -v0 -c1 -i100",
            "resourceAssignments": [
                {
                    "intercept": 1.3200000524520874,
                    "length": 47,
                    "processors": [
                        {
                            "processingUnits": 1,
                            "processor": "A72"
                        }
                    ],
                    "slope": 1.3600000143051147
                },
                {
                    "intercept": 0.3700000047683716,
                    "length": 95,
                    "processors": [
                        {
                            "processingUnits": 1,
                            "processor": "A53"
                        }
                    ],
                    "slope": 0.36000001430511475
                }
            ],
            "task": "14_ttsprk-4K"
        },
        {
            "command": "/root/thermobench/build/benchmarks/tinyrenderer/tinyrenderer -f /root/thermobench/benchmarks/tinyrenderer/obj/boggie/*.obj",
            "resourceAssignments": [
                {
                    "intercept": 2.2799999713897705,
                    "length": 87,
                    "processors": [
                        {
                            "processingUnits": 1,
                            "processor": "A72"
                        }
                    ],
                    "slope": 1.1200000047683716
                },
                {
                    "intercept": 1.2799999713897705,
                    "length": 172,
                    "processors": [
                        {
                            "processingUnits": 1,
                            "processor": "A53"
                        }
                    ],
                    "slope": 0.2800000011920929
                }
            ],
            "task": "15_tinyrenderer-boggie"
        },
        {
            "command": "/root/thermobench/build/benchmarks/tinyrenderer/tinyrenderer -f /root/thermobench/benchmarks/tinyrenderer/obj/boggie/*.obj",
            "resourceAssignments": [
                {
                    "intercept": 2.2799999713897705,
                    "length": 66,
                    "processors": [
                        {
                            "processingUnits": 1,
                            "processor": "A72"
                        }
                    ],
                    "slope": 1.1200000047683716
                },
                {
                    "intercept": 1.2799999713897705,
                    "length": 131,
                    "processors": [
                        {
                            "processingUnits": 1,
                            "processor": "A53"
                        }
                    ],
                    "slope": 0.2800000011920929
                }
            ],
            "task": "16_tinyrenderer-boggie"
        },
        {
            "command": "./bitmnp-4M -v0 -c1 -i100",
            "resourceAssignments": [
                {
                    "intercept": 1.9700000286102295,
                    "length": 85,
                    "processors": [
                        {
                            "processingUnits": 1,
                            "processor": "A72"
                        }
                    ],
                    "slope": 0.8999999761581421
                },
                {
                    "intercept": 1.2200000286102295,
                    "length": 186,
                    "processors": [
                        {
                            "processingUnits": 1,
                            "processor": "A53"
                        }
                    ],
                    "slope": 0.28999999165534973
                }
            ],
            "task": "17_bitmnp-4M"
        },
        {
            "command": "./pntrch-4M -v0 -c1 -i1",
            "resourceAssignments": [
                {
                    "intercept": 2.009999990463257,
                    "length": 116,
                    "processors": [
                        {
                            "processingUnits": 1,
                            "processor": "A72"
                        }
                    ],
                    "slope": 1.8300000429153442
                },
                {
                    "intercept": 0.5400000214576721,
                    "length": 342,
                    "processors": [
                        {
                            "processingUnits": 1,
                            "processor": "A53"
                        }
                    ],
                    "slope": 0.4099999964237213
                }
            ],
            "task": "18_pntrch-4M"
        },
        {
            "command": "./ttsprk-4M -v0 -c1 -i100",
            "resourceAssignments": [
                {
                    "intercept": 1.5800000429153442,
                    "length": 108,
                    "processors": [
                        {
                            "processingUnits": 1,
                            "processor": "A72"
                        }
                    ],
                    "slope": 1.9800000190734863
                },
                {
                    "intercept": 0.3199999928474426,
                    "length": 228,
                    "processors": [
                        {
                            "processingUnits": 1,
                            "processor": "A53"
                        }
                    ],
                    "slope": 0.6700000166893005
                }
            ],
            "task": "19_ttsprk-4M"
        },
        {
            "command": "./a2time-4K -v0 -c1 -i100",
            "resourceAssignments": [
                {
                    "intercept": 1.0199999809265137,
                    "length": 93,
                    "processors": [
                        {
                            "processingUnits": 1,
                            "processor": "A72"
                        }
                    ],
                    "slope": 1.0700000524520874
                },
                {
                    "intercept": 0.20999999344348907,
                    "length": 160,
                    "processors": [
                        {
                            "processingUnits": 1,
                            "processor": "A53"
                        }
                    ],
                    "slope": 0.25
                }
            ],
            "task": "20_a2time-4K"
        },
        {
            "command": "/root/thermobench/build/benchmarks/mem/membench -t1 -f -w -s 1000",
            "resourceAssignments": [
                {
                    "intercept": 0.8399999737739563,
                    "length": 133,
                    "processors": [
                        {
                            "processingUnits": 1,
                            "processor": "A72"
                        }
                    ],
                    "slope": 0.75
                },
                {
                    "intercept": 0.23999999463558197,
                    "length": 236,
                    "processors": [
                        {
                            "processingUnits": 1,
                            "processor": "A53"
                        }
                    ],
                    "slope": 0.17000000178813934
                }
            ],
            "task": "21_membench-1K-RW-S"
        },
        {
            "command": "./aifirf-4K -v0 -c1 -i100",
            "resourceAssignments": [
                {
                    "intercept": 1.399999976158142,
                    "length": 136,
                    "processors": [
                        {
                            "processingUnits": 1,
                            "processor": "A72"
                        }
                    ],
                    "slope": 1.5099999904632568
                },
                {
                    "intercept": 0.23000000417232513,
                    "length": 376,
                    "processors": [
                        {
                            "processingUnits": 1,
                            "processor": "A53"
                        }
                    ],
                    "slope": 0.23999999463558197
                }
            ],
            "task": "22_aifirf-4K"
        },
        {
            "command": "./puwmod-4K -v0 -c1 -i100",
            "resourceAssignments": [
                {
                    "intercept": 1.2000000476837158,
                    "length": 145,
                    "processors": [
                        {
                            "processingUnits": 1,
                            "processor": "A72"
                        }
                    ],
                    "slope": 1.2599999904632568
                },
                {
                    "intercept": 0.3199999928474426,
                    "length": 276,
                    "processors": [
                        {
                            "processingUnits": 1,
                            "processor": "A53"
                        }
                    ],
                    "slope": 0.2800000011920929
                }
            ],
            "task": "23_puwmod-4K"
        },
        {
            "command": "./ttsprk-4K -v0 -c1 -i100",
            "resourceAssignments": [
                {
                    "intercept": 1.3200000524520874,
                    "length": 119,
                    "processors": [
                        {
                            "processingUnits": 1,
                            "processor": "A72"
                        }
                    ],
                    "slope": 1.3600000143051147
                },
                {
                    "intercept": 0.3700000047683716,
                    "length": 240,
                    "processors": [
                        {
                            "processingUnits": 1,
                            "processor": "A53"
                        }
                    ],
                    "slope": 0.36000001430511475
                }
            ],
            "task": "24_ttsprk-4K"
        },
        {
            "command": "./puwmod-4M -v0 -c1 -i100",
            "resourceAssignments": [
                {
                    "intercept": 2.6600000858306885,
                    "length": 60,
                    "processors": [
                        {
                            "processingUnits": 1,
                            "processor": "A72"
                        }
                    ],
                    "slope": 1.4700000286102295
                },
                {
                    "intercept": 1.399999976158142,
                    "length": 117,
                    "processors": [
                        {
                            "processingUnits": 1,
                            "processor": "A53"
                        }
                    ],
                    "slope": 0.36000001430511475
                }
            ],
            "task": "25_puwmod-4M"
        },
        {
            "command": "/root/thermobench/build/benchmarks/mem/membench -t1 -f -r -w -s 1000000",
            "resourceAssignments": [
                {
                    "intercept": 2.069999933242798,
                    "length": 50,
                    "processors": [
                        {
                            "processingUnits": 1,
                            "processor": "A72"
                        }
                    ],
                    "slope": 0.7599999904632568
                },
                {
                    "intercept": 0.8100000023841858,
                    "length": 41,
                    "processors": [
                        {
                            "processingUnits": 1,
                            "processor": "A53"
                        }
                    ],
                    "slope": 0.5799999833106995
                }
            ],
            "task": "26_membench-1M-RW-R"
        },
        {
            "command": "/root/thermobench/build/benchmarks/mem/membench -t1 -f -r -w -s 4000000",
            "resourceAssignments": [
                {
                    "intercept": 2.180000066757202,
                    "length": 130,
                    "processors": [
                        {
                            "processingUnits": 1,
                            "processor": "A72"
                        }
                    ],
                    "slope": 0.5799999833106995
                },
                {
                    "intercept": 1.6100000143051147,
                    "length": 167,
                    "processors": [
                        {
                            "processingUnits": 1,
                            "processor": "A53"
                        }
                    ],
                    "slope": 0.30000001192092896
                }
            ],
            "task": "27_membench-4M-RW-R"
        },
        {
            "command": "./iirflt-4M -v0 -c1 -i100",
            "resourceAssignments": [
                {
                    "intercept": 2.640000104904175,
                    "length": 123,
                    "processors": [
                        {
                            "processingUnits": 1,
                            "processor": "A72"
                        }
                    ],
                    "slope": 1.5499999523162842
                },
                {
                    "intercept": 1.2300000190734863,
                    "length": 280,
                    "processors": [
                        {
                            "processingUnits": 1,
                            "processor": "A53"
                        }
                    ],
                    "slope": 0.3100000023841858
                }
            ],
            "task": "28_iirflt-4M"
        },
        {
            "command": "./rspeed-4M -v0 -c1 -i100",
            "resourceAssignments": [
                {
                    "intercept": 3.690000057220459,
                    "length": 72,
                    "processors": [
                        {
                            "processingUnits": 1,
                            "processor": "A72"
                        }
                    ],
                    "slope": 2.359999895095825
                },
                {
                    "intercept": 1.6799999475479126,
                    "length": 214,
                    "processors": [
                        {
                            "processingUnits": 1,
                            "processor": "A53"
                        }
                    ],
                    "slope": 0.46000000834465027
                }
            ],
            "task": "29_rspeed-4M"
        },
        {
            "command": "./aifirf-4M -v0 -c1 -i10",
            "resourceAssignments": [
                {
                    "intercept": 2.569999933242798,
                    "length": 45,
                    "processors": [
                        {
                            "processingUnits": 1,
                            "processor": "A72"
                        }
                    ],
                    "slope": 1.7899999618530273
                },
                {
                    "intercept": 1.059999942779541,
                    "length": 126,
                    "processors": [
                        {
                            "processingUnits": 1,
                            "processor": "A53"
                        }
                    ],
                    "slope": 0.36000001430511475
                }
            ],
            "task": "30_aifirf-4M"
        },
        {
            "command": "/root/thermobench/build/benchmarks/mem/membench -t1 -f -r -w -s 4000000",
            "resourceAssignments": [
                {
                    "intercept": 2.180000066757202,
                    "length": 102,
                    "processors": [
                        {
                            "processingUnits": 1,
                            "processor": "A72"
                        }
                    ],
                    "slope": 0.5799999833106995
                },
                {
                    "intercept": 1.6100000143051147,
                    "length": 131,
                    "processors": [
                        {
                            "processingUnits": 1,
                            "processor": "A53"
                        }
                    ],
                    "slope": 0.30000001192092896
                }
            ],
            "task": "31_membench-4M-RW-R"
        }
    ],
    "environment": {
        "majorFrameLength": 1260,
        "problemVersion": 1,
        "processors": [
            {
                "name": "A53",
                "processingUnits": 4,
                "type": "main_processor"
            },
            {
                "name": "A72",
                "processingUnits": 2,
                "type": "main_processor"
            }
        ],
        "scPart": 1.0
    },
    "solution": {
        "feasible": true,
        "solutionTime": 1200037,
        "solverMetadata": {
            "objective": "2.7698968376313884"
        },
        "solverName": "ILP-SM-I",
        "windows": [
            {
                "length": 280,
                "tasks": [
                    {
                        "length": 67,
                        "processingUnit": 0,
                        "processor": "A72",
                        "start": 0,
                        "task": "5_bitmnp-4K"
                    },
                    {
                        "length": 206,
                        "processingUnit": 0,
                        "processor": "A53",
                        "start": 0,
                        "task": "6_canrdr-4M"
                    },
                    {
                        "length": 198,
                        "processingUnit": 1,
                        "processor": "A53",
                        "start": 0,
                        "task": "10_a2time-4M"
                    },
                    {
                        "length": 136,
                        "processingUnit": 1,
                        "processor": "A72",
                        "start": 0,
                        "task": "22_aifirf-4K"
                    },
                    {
                        "length": 280,
                        "processingUnit": 2,
                        "processor": "A53",
                        "start": 0,
                        "task": "28_iirflt-4M"
                    },
                    {
                        "length": 214,
                        "processingUnit": 3,
                        "processor": "A53",
                        "start": 0,
                        "task": "29_rspeed-4M"
                    }
                ]
            },
            {
                "length": 276,
                "tasks": [
                    {
                        "length": 258,
                        "processingUnit": 0,
                        "processor": "A53",
                        "start": 0,
                        "task": "7_idctrn-4K"
                    },
                    {
                        "length": 228,
                        "processingUnit": 1,
                        "processor": "A53",
                        "start": 0,
                        "task": "19_ttsprk-4M"
                    },
                    {
                        "length": 276,
                        "processingUnit": 2,
                        "processor": "A53",
                        "start": 0,
                        "task": "23_puwmod-4K"
                    },
                    {
                        "length": 240,
                        "processingUnit": 3,
                        "processor": "A53",
                        "start": 0,
                        "task": "24_ttsprk-4K"
                    }
                ]
            },
            {
                "length": 236,
                "tasks": [
                    {
                        "length": 166,
                        "processingUnit": 0,
                        "processor": "A53",
                        "start": 0,
                        "task": "9_a2time-4K"
                    },
                    {
                        "length": 234,
                        "processingUnit": 1,
                        "processor": "A53",
                        "start": 0,
                        "task": "12_tblook-4K"
                    },
                    {
                        "length": 160,
                        "processingUnit": 2,
                        "processor": "A53",
                        "start": 0,
                        "task": "20_a2time-4K"
                    },
                    {
                        "length": 236,
                        "processingUnit": 3,
                        "processor": "A53",
                        "start": 0,
                        "task": "21_membench-1K-RW-S"
                    }
                ]
            },
            {
                "length": 172,
                "tasks": [
                    {
                        "length": 111,
                        "processingUnit": 0,
                        "processor": "A72",
                        "start": 0,
                        "task": "3_idctrn-4K"
                    },
                    {
                        "length": 167,
                        "processingUnit": 0,
                        "processor": "A53",
                        "start": 0,
                        "task": "4_membench-4M-RO-R"
                    },
                    {
                        "length": 164,
                        "processingUnit": 1,
                        "processor": "A53",
                        "start": 0,
                        "task": "8_puwmod-4M"
                    },
                    {
                        "length": 89,
                        "processingUnit": 1,
                        "processor": "A72",
                        "start": 0,
                        "task": "13_bitmnp-4K"
                    },
                    {
                        "length": 172,
                        "processingUnit": 2,
                        "processor": "A53",
                        "start": 0,
                        "task": "15_tinyrenderer-boggie"
                    },
                    {
                        "length": 167,
                        "processingUnit": 3,
                        "processor": "A53",
                        "start": 0,
                        "task": "27_membench-4M-RW-R"
                    }
                ]
            },
            {
                "length": 131,
                "tasks": [
                    {
                        "length": 131,
                        "processingUnit": 0,
                        "processor": "A53",
                        "start": 0,
                        "task": "16_tinyrenderer-boggie"
                    },
                    {
                        "length": 85,
                        "processingUnit": 0,
                        "processor": "A72",
                        "start": 0,
                        "task": "17_bitmnp-4M"
                    },
                    {
                        "length": 116,
                        "processingUnit": 1,
                        "processor": "A72",
                        "start": 0,
                        "task": "18_pntrch-4M"
                    },
                    {
                        "length": 117,
                        "processingUnit": 1,
                        "processor": "A53",
                        "start": 0,
                        "task": "25_puwmod-4M"
                    },
                    {
                        "length": 126,
                        "processingUnit": 2,
                        "processor": "A53",
                        "start": 0,
                        "task": "30_aifirf-4M"
                    },
                    {
                        "length": 131,
                        "processingUnit": 3,
                        "processor": "A53",
                        "start": 0,
                        "task": "31_membench-4M-RW-R"
                    }
                ]
            },
            {
                "length": 98,
                "tasks": [
                    {
                        "length": 84,
                        "processingUnit": 0,
                        "processor": "A53",
                        "start": 0,
                        "task": "0_membench-1K-RO-R"
                    },
                    {
                        "length": 77,
                        "processingUnit": 1,
                        "processor": "A53",
                        "start": 0,
                        "task": "1_membench-1K-RW-R"
                    },
                    {
                        "length": 98,
                        "processingUnit": 2,
                        "processor": "A53",
                        "start": 0,
                        "task": "11_ttsprk-4M"
                    },
                    {
                        "length": 95,
                        "processingUnit": 3,
                        "processor": "A53",
                        "start": 0,
                        "task": "14_ttsprk-4K"
                    }
                ]
            },
            {
                "length": 49,
                "tasks": [
                    {
                        "length": 49,
                        "processingUnit": 0,
                        "processor": "A53",
                        "start": 0,
                        "task": "2_membench-1M-RW-S"
                    },
                    {
                        "length": 41,
                        "processingUnit": 1,
                        "processor": "A53",
                        "start": 0,
                        "task": "26_membench-1M-RW-R"
                    }
                ]
            }
        ]
    },
    "tasks": [
        {
            "assignmentIndex": 0,
            "command": "./bitmnp-4K -v0 -c1 -i100",
            "length": 67,
            "name": "5_bitmnp-4K",
            "processors": [
                {
                    "processor": "A72",
                    "processingUnits": 1
                }
            ]
        },
        {
            "assignmentIndex": 1,
            "command": "./canrdr-4M -v0 -c1 -i100",
            "length": 206,
            "name": "6_canrdr-4M",
            "processors": [
                {
                    "processor": "A53",
                    "processingUnits": 1
                }
            ]
        },
        {
            "assignmentIndex": 1,
            "command": "./a2time-4M -v0 -c1 -i100",
            "length": 198,
            "name": "10_a2time-4M",
            "processors": [
                {
                    "processor": "A53",
                    "processingUnits": 1
                }
            ]
        },
        {
            "assignmentIndex": 0,
            "command": "./aifirf-4K -v0 -c1 -i100",
            "length": 136,
            "name": "22_aifirf-4K",
            "processors": [
                {
                    "processor": "A72",
                    "processingUnits": 1
                }
            ]
        },
        {
            "assignmentIndex": 1,
            "command": "./iirflt-4M -v0 -c1 -i100",
            "length": 280,
            "name": "28_iirflt-4M",
            "processors": [
                {
                    "processor": "A53",
                    "processingUnits": 1
                }
            ]
        },
        {
            "assignmentIndex": 1,
            "command": "./rspeed-4M -v0 -c1 -i100",
            "length": 214,
            "name": "29_rspeed-4M",
            "processors": [
                {
                    "processor": "A53",
                    "processingUnits": 1
                }
            ]
        },
        {
            "assignmentIndex": 1,
            "command": "./idctrn-4K -v0 -c1 -i100",
            "length": 258,
            "name": "7_idctrn-4K",
            "processors": [
                {
                    "processor": "A53",
                    "processingUnits": 1
                }
            ]
        },
        {
            "assignmentIndex": 1,
            "command": "./ttsprk-4M -v0 -c1 -i100",
            "length": 228,
            "name": "19_ttsprk-4M",
            "processors": [
                {
                    "processor": "A53",
                    "processingUnits": 1
                }
            ]
        },
        {
            "assignmentIndex": 1,
            "command": "./puwmod-4K -v0 -c1 -i100",
            "length": 276,
            "name": "23_puwmod-4K",
            "processors": [
                {
                    "processor": "A53",
                    "processingUnits": 1
                }
            ]
        },
        {
            "assignmentIndex": 1,
            "command": "./ttsprk-4K -v0 -c1 -i100",
            "length": 240,
            "name": "24_ttsprk-4K",
            "processors": [
                {
                    "processor": "A53",
                    "processingUnits": 1
                }
            ]
        },
        {
            "assignmentIndex": 1,
            "command": "./a2time-4K -v0 -c1 -i100",
            "length": 166,
            "name": "9_a2time-4K",
            "processors": [
                {
                    "processor": "A53",
                    "processingUnits": 1
                }
            ]
        },
        {
            "assignmentIndex": 1,
            "command": "./tblook-4K -v0 -c1 -i100",
            "length": 234,
            "name": "12_tblook-4K",
            "processors": [
                {
                    "processor": "A53",
                    "processingUnits": 1
                }
            ]
        },
        {
            "assignmentIndex": 1,
            "command": "./a2time-4K -v0 -c1 -i100",
            "length": 160,
            "name": "20_a2time-4K",
            "processors": [
                {
                    "processor": "A53",
                    "processingUnits": 1
                }
            ]
        },
        {
            "assignmentIndex": 1,
            "command": "/root/thermobench/build/benchmarks/mem/membench -t1 -f -w -s 1000",
            "length": 236,
            "name": "21_membench-1K-RW-S",
            "processors": [
                {
                    "processor": "A53",
                    "processingUnits": 1
                }
            ]
        },
        {
            "assignmentIndex": 0,
            "command": "./idctrn-4K -v0 -c1 -i100",
            "length": 111,
            "name": "3_idctrn-4K",
            "processors": [
                {
                    "processor": "A72",
                    "processingUnits": 1
                }
            ]
        },
        {
            "assignmentIndex": 1,
            "command": "/root/thermobench/build/benchmarks/mem/membench -t1 -f -r -s 4000000",
            "length": 167,
            "name": "4_membench-4M-RO-R",
            "processors": [
                {
                    "processor": "A53",
                    "processingUnits": 1
                }
            ]
        },
        {
            "assignmentIndex": 1,
            "command": "./puwmod-4M -v0 -c1 -i100",
            "length": 164,
            "name": "8_puwmod-4M",
            "processors": [
                {
                    "processor": "A53",
                    "processingUnits": 1
                }
            ]
        },
        {
            "assignmentIndex": 0,
            "command": "./bitmnp-4K -v0 -c1 -i100",
            "length": 89,
            "name": "13_bitmnp-4K",
            "processors": [
                {
                    "processor": "A72",
                    "processingUnits": 1
                }
            ]
        },
        {
            "assignmentIndex": 1,
            "command": "/root/thermobench/build/benchmarks/tinyrenderer/tinyrenderer -f /root/thermobench/benchmarks/tinyrenderer/obj/boggie/*.obj",
            "length": 172,
            "name": "15_tinyrenderer-boggie",
            "processors": [
                {
                    "processor": "A53",
                    "processingUnits": 1
                }
            ]
        },
        {
            "assignmentIndex": 1,
            "command": "/root/thermobench/build/benchmarks/mem/membench -t1 -f -r -w -s 4000000",
            "length": 167,
            "name": "27_membench-4M-RW-R",
            "processors": [
                {
                    "processor": "A53",
                    "processingUnits": 1
                }
            ]
        },
        {
            "assignmentIndex": 1,
            "command": "/root/thermobench/build/benchmarks/tinyrenderer/tinyrenderer -f /root/thermobench/benchmarks/tinyrenderer/obj/boggie/*.obj",
            "length": 131,
            "name": "16_tinyrenderer-boggie",
            "processors": [
                {
                    "processor": "A53",
                    "processingUnits": 1
                }
            ]
        },
        {
            "assignmentIndex": 0,
            "command": "./bitmnp-4M -v0 -c1 -i100",
            "length": 85,
            "name": "17_bitmnp-4M",
            "processors": [
                {
                    "processor": "A72",
                    "processingUnits": 1
                }
            ]
        },
        {
            "assignmentIndex": 0,
            "command": "./pntrch-4M -v0 -c1 -i1",
            "length": 116,
            "name": "18_pntrch-4M",
            "processors": [
                {
                    "processor": "A72",
                    "processingUnits": 1
                }
            ]
        },
        {
            "assignmentIndex": 1,
            "command": "./puwmod-4M -v0 -c1 -i100",
            "length": 117,
            "name": "25_puwmod-4M",
            "processors": [
                {
                    "processor": "A53",
                    "processingUnits": 1
                }
            ]
        },
        {
            "assignmentIndex": 1,
            "command": "./aifirf-4M -v0 -c1 -i10",
            "length": 126,
            "name": "30_aifirf-4M",
            "processors": [
                {
                    "processor": "A53",
                    "processingUnits": 1
                }
            ]
        },
        {
            "assignmentIndex": 1,
            "command": "/root/thermobench/build/benchmarks/mem/membench -t1 -f -r -w -s 4000000",
            "length": 131,
            "name": "31_membench-4M-RW-R",
            "processors": [
                {
                    "processor": "A53",
                    "processingUnits": 1
                }
            ]
        },
        {
            "assignmentIndex": 1,
            "command": "/root/thermobench/build/benchmarks/mem/membench -t1 -f -r -s 1000",
            "length": 84,
            "name": "0_membench-1K-RO-R",
            "processors": [
                {
                    "processor": "A53",
                    "processingUnits": 1
                }
            ]
        },
        {
            "assignmentIndex": 1,
            "command": "/root/thermobench/build/benchmarks/mem/membench -t1 -f -r -w -s 1000",
            "length": 77,
            "name": "1_membench-1K-RW-R",
            "processors": [
                {
                    "processor": "A53",
                    "processingUnits": 1
                }
            ]
        },
        {
            "assignmentIndex": 1,
            "command": "./ttsprk-4M -v0 -c1 -i100",
            "length": 98,
            "name": "11_ttsprk-4M",
            "processors": [
                {
                    "processor": "A53",
                    "processingUnits": 1
                }
            ]
        },
        {
            "assignmentIndex": 1,
            "command": "./ttsprk-4K -v0 -c1 -i100",
            "length": 95,
            "name": "14_ttsprk-4K",
            "processors": [
                {
                    "processor": "A53",
                    "processingUnits": 1
                }
            ]
        },
        {
            "assignmentIndex": 1,
            "command": "/root/thermobench/build/benchmarks/mem/membench -t1 -f -w -s 1000000",
            "length": 49,
            "name": "2_membench-1M-RW-S",
            "processors": [
                {
                    "processor": "A53",
                    "processingUnits": 1
                }
            ]
        },
        {
            "assignmentIndex": 1,
            "command": "/root/thermobench/build/benchmarks/mem/membench -t1 -f -r -w -s 1000000",
            "length": 41,
            "name": "26_membench-1M-RW-R",
            "processors": [
                {
                    "processor": "A53",
                    "processingUnits": 1
                }
            ]
        }
    ]
}