{
    "assignmentCharacteristics": [
        {
            "command": "./matrix-4M -v0 -c1 -i100",
            "resourceAssignments": [
                {
                    "intercept": 2.6500000953674316,
                    "length": 40,
                    "processors": [
                        {
                            "processingUnits": 1,
                            "processor": "A72"
                        }
                    ],
                    "slope": 2.009999990463257
                },
                {
                    "intercept": 0.8799999952316284,
                    "length": 113,
                    "processors": [
                        {
                            "processingUnits": 1,
                            "processor": "A53"
                        }
                    ],
                    "slope": 0.5
                }
            ],
            "task": "0_matrix-4M"
        },
        {
            "command": "./canrdr-4K -v0 -c1 -i100",
            "resourceAssignments": [
                {
                    "intercept": 1.149999976158142,
                    "length": 155,
                    "processors": [
                        {
                            "processingUnits": 1,
                            "processor": "A72"
                        }
                    ],
                    "slope": 1.2000000476837158
                },
                {
                    "intercept": 0.33000001311302185,
                    "length": 292,
                    "processors": [
                        {
                            "processingUnits": 1,
                            "processor": "A53"
                        }
                    ],
                    "slope": 0.3400000035762787
                }
            ],
            "task": "1_canrdr-4K"
        },
        {
            "command": "/root/thermobench/build/benchmarks/mem/membench -t1 -f -r -w -s 1000000",
            "resourceAssignments": [
                {
                    "intercept": 2.069999933242798,
                    "length": 80,
                    "processors": [
                        {
                            "processingUnits": 1,
                            "processor": "A72"
                        }
                    ],
                    "slope": 0.7599999904632568
                },
                {
                    "intercept": 0.8100000023841858,
                    "length": 65,
                    "processors": [
                        {
                            "processingUnits": 1,
                            "processor": "A53"
                        }
                    ],
                    "slope": 0.5799999833106995
                }
            ],
            "task": "2_membench-1M-RW-R"
        },
        {
            "command": "./bitmnp-4K -v0 -c1 -i100",
            "resourceAssignments": [
                {
                    "intercept": 0.7699999809265137,
                    "length": 45,
                    "processors": [
                        {
                            "processingUnits": 1,
                            "processor": "A72"
                        }
                    ],
                    "slope": 0.7799999713897705
                },
                {
                    "intercept": 0.23000000417232513,
                    "length": 94,
                    "processors": [
                        {
                            "processingUnits": 1,
                            "processor": "A53"
                        }
                    ],
                    "slope": 0.1899999976158142
                }
            ],
            "task": "3_bitmnp-4K"
        },
        {
            "command": "/root/thermobench/build/benchmarks/mem/membench -t1 -f -r -w -s 1000",
            "resourceAssignments": [
                {
                    "intercept": 0.8500000238418579,
                    "length": 92,
                    "processors": [
                        {
                            "processingUnits": 1,
                            "processor": "A72"
                        }
                    ],
                    "slope": 0.7699999809265137
                },
                {
                    "intercept": 0.23000000417232513,
                    "length": 163,
                    "processors": [
                        {
                            "processingUnits": 1,
                            "processor": "A53"
                        }
                    ],
                    "slope": 0.18000000715255737
                }
            ],
            "task": "4_membench-1K-RW-R"
        },
        {
            "command": "./iirflt-4M -v0 -c1 -i100",
            "resourceAssignments": [
                {
                    "intercept": 2.640000104904175,
                    "length": 146,
                    "processors": [
                        {
                            "processingUnits": 1,
                            "processor": "A72"
                        }
                    ],
                    "slope": 1.5499999523162842
                },
                {
                    "intercept": 1.2300000190734863,
                    "length": 332,
                    "processors": [
                        {
                            "processingUnits": 1,
                            "processor": "A53"
                        }
                    ],
                    "slope": 0.3100000023841858
                }
            ],
            "task": "5_iirflt-4M"
        },
        {
            "command": "./tblook-4M -v0 -c1 -i100",
            "resourceAssignments": [
                {
                    "intercept": 2.7300000190734863,
                    "length": 109,
                    "processors": [
                        {
                            "processingUnits": 1,
                            "processor": "A72"
                        }
                    ],
                    "slope": 1.7599999904632568
                },
                {
                    "intercept": 1.3300000429153442,
                    "length": 347,
                    "processors": [
                        {
                            "processingUnits": 1,
                            "processor": "A53"
                        }
                    ],
                    "slope": 0.25
                }
            ],
            "task": "6_tblook-4M"
        },
        {
            "command": "./iirflt-4K -v0 -c1 -i100",
            "resourceAssignments": [
                {
                    "intercept": 1.350000023841858,
                    "length": 123,
                    "processors": [
                        {
                            "processingUnits": 1,
                            "processor": "A72"
                        }
                    ],
                    "slope": 1.4600000381469727
                },
                {
                    "intercept": 0.30000001192092896,
                    "length": 356,
                    "processors": [
                        {
                            "processingUnits": 1,
                            "processor": "A53"
                        }
                    ],
                    "slope": 0.2199999988079071
                }
            ],
            "task": "7_iirflt-4K"
        },
        {
            "command": "./pntrch-4K -v0 -c1 -i100",
            "resourceAssignments": [
                {
                    "intercept": 1.3300000429153442,
                    "length": 143,
                    "processors": [
                        {
                            "processingUnits": 1,
                            "processor": "A72"
                        }
                    ],
                    "slope": 1.409999966621399
                },
                {
                    "intercept": 0.25999999046325684,
                    "length": 417,
                    "processors": [
                        {
                            "processingUnits": 1,
                            "processor": "A53"
                        }
                    ],
                    "slope": 0.23000000417232513
                }
            ],
            "task": "8_pntrch-4K"
        },
        {
            "command": "./iirflt-4K -v0 -c1 -i100",
            "resourceAssignments": [
                {
                    "intercept": 1.350000023841858,
                    "length": 86,
                    "processors": [
                        {
                            "processingUnits": 1,
                            "processor": "A72"
                        }
                    ],
                    "slope": 1.4600000381469727
                },
                {
                    "intercept": 0.30000001192092896,
                    "length": 249,
                    "processors": [
                        {
                            "processingUnits": 1,
                            "processor": "A53"
                        }
                    ],
                    "slope": 0.2199999988079071
                }
            ],
            "task": "9_iirflt-4K"
        },
        {
            "command": "/root/thermobench/build/benchmarks/mem/membench -t1 -f -w -s 1000000",
            "resourceAssignments": [
                {
                    "intercept": 2.509999990463257,
                    "length": 129,
                    "processors": [
                        {
                            "processingUnits": 1,
                            "processor": "A72"
                        }
                    ],
                    "slope": 1.0099999904632568
                },
                {
                    "intercept": 0.949999988079071,
                    "length": 96,
                    "processors": [
                        {
                            "processingUnits": 1,
                            "processor": "A53"
                        }
                    ],
                    "slope": 0.8199999928474426
                }
            ],
            "task": "10_membench-1M-RW-S"
        },
        {
            "command": "./iirflt-4K -v0 -c1 -i100",
            "resourceAssignments": [
                {
                    "intercept": 1.350000023841858,
                    "length": 72,
                    "processors": [
                        {
                            "processingUnits": 1,
                            "processor": "A72"
                        }
                    ],
                    "slope": 1.4600000381469727
                },
                {
                    "intercept": 0.30000001192092896,
                    "length": 209,
                    "processors": [
                        {
                            "processingUnits": 1,
                            "processor": "A53"
                        }
                    ],
                    "slope": 0.2199999988079071
                }
            ],
            "task": "11_iirflt-4K"
        },
        {
            "command": "./tblook-4K -v0 -c1 -i100",
            "resourceAssignments": [
                {
                    "intercept": 1.5099999904632568,
                    "length": 102,
                    "processors": [
                        {
                            "processingUnits": 1,
                            "processor": "A72"
                        }
                    ],
                    "slope": 1.649999976158142
                },
                {
                    "intercept": 0.27000001072883606,
                    "length": 318,
                    "processors": [
                        {
                            "processingUnits": 1,
                            "processor": "A53"
                        }
                    ],
                    "slope": 0.2199999988079071
                }
            ],
            "task": "12_tblook-4K"
        },
        {
            "command": "/root/thermobench/build/benchmarks/tinyrenderer/tinyrenderer -f /root/thermobench/benchmarks/tinyrenderer/obj/diablo3_pose/*.obj",
            "resourceAssignments": [
                {
                    "intercept": 2.2300000190734863,
                    "length": 116,
                    "processors": [
                        {
                            "processingUnits": 1,
                            "processor": "A72"
                        }
                    ],
                    "slope": 1.1399999856948853
                },
                {
                    "intercept": 1.2799999713897705,
                    "length": 236,
                    "processors": [
                        {
                            "processingUnits": 1,
                            "processor": "A53"
                        }
                    ],
                    "slope": 0.27000001072883606
                }
            ],
            "task": "13_tinyrenderer-diablo"
        },
        {
            "command": "./aifirf-4K -v0 -c1 -i100",
            "resourceAssignments": [
                {
                    "intercept": 1.399999976158142,
                    "length": 42,
                    "processors": [
                        {
                            "processingUnits": 1,
                            "processor": "A72"
                        }
                    ],
                    "slope": 1.5099999904632568
                },
                {
                    "intercept": 0.23000000417232513,
                    "length": 116,
                    "processors": [
                        {
                            "processingUnits": 1,
                            "processor": "A53"
                        }
                    ],
                    "slope": 0.23999999463558197
                }
            ],
            "task": "14_aifirf-4K"
        },
        {
            "command": "/root/thermobench/build/benchmarks/mem/membench -t1 -f -r -w -s 4000000",
            "resourceAssignments": [
                {
                    "intercept": 2.180000066757202,
                    "length": 100,
                    "processors": [
                        {
                            "processingUnits": 1,
                            "processor": "A72"
                        }
                    ],
                    "slope": 0.5799999833106995
                },
                {
                    "intercept": 1.6100000143051147,
                    "length": 128,
                    "processors": [
                        {
                            "processingUnits": 1,
                            "processor": "A53"
                        }
                    ],
                    "slope": 0.30000001192092896
                }
            ],
            "task": "15_membench-4M-RW-R"
        },
        {
            "command": "/root/thermobench/build/benchmarks/mem/membench -t1 -f -r -w -s 1000000",
            "resourceAssignments": [
                {
                    "intercept": 2.069999933242798,
                    "length": 74,
                    "processors": [
                        {
                            "processingUnits": 1,
                            "processor": "A72"
                        }
                    ],
                    "slope": 0.7599999904632568
                },
                {
                    "intercept": 0.8100000023841858,
                    "length": 60,
                    "processors": [
                        {
                            "processingUnits": 1,
                            "processor": "A53"
                        }
                    ],
                    "slope": 0.5799999833106995
                }
            ],
            "task": "16_membench-1M-RW-R"
        },
        {
            "command": "./puwmod-4K -v0 -c1 -i100",
            "resourceAssignments": [
                {
                    "intercept": 1.2000000476837158,
                    "length": 40,
                    "processors": [
                        {
                            "processingUnits": 1,
                            "processor": "A72"
                        }
                    ],
                    "slope": 1.2599999904632568
                },
                {
                    "intercept": 0.3199999928474426,
                    "length": 76,
                    "processors": [
                        {
                            "processingUnits": 1,
                            "processor": "A53"
                        }
                    ],
                    "slope": 0.2800000011920929
                }
            ],
            "task": "17_puwmod-4K"
        },
        {
            "command": "./idctrn-4K -v0 -c1 -i100",
            "resourceAssignments": [
                {
                    "intercept": 1.5099999904632568,
                    "length": 93,
                    "processors": [
                        {
                            "processingUnits": 1,
                            "processor": "A72"
                        }
                    ],
                    "slope": 1.5800000429153442
                },
                {
                    "intercept": 0.3199999928474426,
                    "length": 269,
                    "processors": [
                        {
                            "processingUnits": 1,
                            "processor": "A53"
                        }
                    ],
                    "slope": 0.25
                }
            ],
            "task": "18_idctrn-4K"
        },
        {
            "command": "./ttsprk-4M -v0 -c1 -i100",
            "resourceAssignments": [
                {
                    "intercept": 1.5800000429153442,
                    "length": 62,
                    "processors": [
                        {
                            "processingUnits": 1,
                            "processor": "A72"
                        }
                    ],
                    "slope": 1.9800000190734863
                },
                {
                    "intercept": 0.3199999928474426,
                    "length": 131,
                    "processors": [
                        {
                            "processingUnits": 1,
                            "processor": "A53"
                        }
                    ],
                    "slope": 0.6700000166893005
                }
            ],
            "task": "19_ttsprk-4M"
        },
        {
            "command": "./a2time-4M -v0 -c1 -i100",
            "resourceAssignments": [
                {
                    "intercept": 2.5199999809265137,
                    "length": 63,
                    "processors": [
                        {
                            "processingUnits": 1,
                            "processor": "A72"
                        }
                    ],
                    "slope": 1.1799999475479126
                },
                {
                    "intercept": 1.3899999856948853,
                    "length": 107,
                    "processors": [
                        {
                            "processingUnits": 1,
                            "processor": "A53"
                        }
                    ],
                    "slope": 0.3499999940395355
                }
            ],
            "task": "20_a2time-4M"
        },
        {
            "command": "./puwmod-4M -v0 -c1 -i100",
            "resourceAssignments": [
                {
                    "intercept": 2.6600000858306885,
                    "length": 151,
                    "processors": [
                        {
                            "processingUnits": 1,
                            "processor": "A72"
                        }
                    ],
                    "slope": 1.4700000286102295
                },
                {
                    "intercept": 1.399999976158142,
                    "length": 295,
                    "processors": [
                        {
                            "processingUnits": 1,
                            "processor": "A53"
                        }
                    ],
                    "slope": 0.36000001430511475
                }
            ],
            "task": "21_puwmod-4M"
        },
        {
            "command": "./iirflt-4M -v0 -c1 -i100",
            "resourceAssignments": [
                {
                    "intercept": 2.640000104904175,
                    "length": 103,
                    "processors": [
                        {
                            "processingUnits": 1,
                            "processor": "A72"
                        }
                    ],
                    "slope": 1.5499999523162842
                },
                {
                    "intercept": 1.2300000190734863,
                    "length": 234,
                    "processors": [
                        {
                            "processingUnits": 1,
                            "processor": "A53"
                        }
                    ],
                    "slope": 0.3100000023841858
                }
            ],
            "task": "22_iirflt-4M"
        },
        {
            "command": "./iirflt-4K -v0 -c1 -i100",
            "resourceAssignments": [
                {
                    "intercept": 1.350000023841858,
                    "length": 60,
                    "processors": [
                        {
                            "processingUnits": 1,
                            "processor": "A72"
                        }
                    ],
                    "slope": 1.4600000381469727
                },
                {
                    "intercept": 0.30000001192092896,
                    "length": 174,
                    "processors": [
                        {
                            "processingUnits": 1,
                            "processor": "A53"
                        }
                    ],
                    "slope": 0.2199999988079071
                }
            ],
            "task": "23_iirflt-4K"
        },
        {
            "command": "/root/thermobench/build/benchmarks/mem/membench -t1 -f -r -s 1000",
            "resourceAssignments": [
                {
                    "intercept": 0.5,
                    "length": 156,
                    "processors": [
                        {
                            "processingUnits": 1,
                            "processor": "A72"
                        }
                    ],
                    "slope": 0.4000000059604645
                },
                {
                    "intercept": 0.20999999344348907,
                    "length": 155,
                    "processors": [
                        {
                            "processingUnits": 1,
                            "processor": "A53"
                        }
                    ],
                    "slope": 0.14000000059604645
                }
            ],
            "task": "24_membench-1K-RO-R"
        },
        {
            "command": "/root/thermobench/build/benchmarks/mem/membench -t1 -f -r -s 1000",
            "resourceAssignments": [
                {
                    "intercept": 0.5,
                    "length": 105,
                    "processors": [
                        {
                            "processingUnits": 1,
                            "processor": "A72"
                        }
                    ],
                    "slope": 0.4000000059604645
                },
                {
                    "intercept": 0.20999999344348907,
                    "length": 104,
                    "processors": [
                        {
                            "processingUnits": 1,
                            "processor": "A53"
                        }
                    ],
                    "slope": 0.14000000059604645
                }
            ],
            "task": "25_membench-1K-RO-R"
        },
        {
            "command": "./tblook-4M -v0 -c1 -i100",
            "resourceAssignments": [
                {
                    "intercept": 2.7300000190734863,
                    "length": 69,
                    "processors": [
                        {
                            "processingUnits": 1,
                            "processor": "A72"
                        }
                    ],
                    "slope": 1.7599999904632568
                },
                {
                    "intercept": 1.3300000429153442,
                    "length": 220,
                    "processors": [
                        {
                            "processingUnits": 1,
                            "processor": "A53"
                        }
                    ],
                    "slope": 0.25
                }
            ],
            "task": "26_tblook-4M"
        },
        {
            "command": "./canrdr-4M -v0 -c1 -i100",
            "resourceAssignments": [
                {
                    "intercept": 2.6700000762939453,
                    "length": 101,
                    "processors": [
                        {
                            "processingUnits": 1,
                            "processor": "A72"
                        }
                    ],
                    "slope": 1.3600000143051147
                },
                {
                    "intercept": 1.4700000286102295,
                    "length": 192,
                    "processors": [
                        {
                            "processingUnits": 1,
                            "processor": "A53"
                        }
                    ],
                    "slope": 0.4000000059604645
                }
            ],
            "task": "27_canrdr-4M"
        },
        {
            "command": "/root/thermobench/build/benchmarks/mem/membench -t1 -f -w -s 1000000",
            "resourceAssignments": [
                {
                    "intercept": 2.509999990463257,
                    "length": 105,
                    "processors": [
                        {
                            "processingUnits": 1,
                            "processor": "A72"
                        }
                    ],
                    "slope": 1.0099999904632568
                },
                {
                    "intercept": 0.949999988079071,
                    "length": 78,
                    "processors": [
                        {
                            "processingUnits": 1,
                            "processor": "A53"
                        }
                    ],
                    "slope": 0.8199999928474426
                }
            ],
            "task": "28_membench-1M-RW-S"
        },
        {
            "command": "./bitmnp-4K -v0 -c1 -i100",
            "resourceAssignments": [
                {
                    "intercept": 0.7699999809265137,
                    "length": 64,
                    "processors": [
                        {
                            "processingUnits": 1,
                            "processor": "A72"
                        }
                    ],
                    "slope": 0.7799999713897705
                },
                {
                    "intercept": 0.23000000417232513,
                    "length": 133,
                    "processors": [
                        {
                            "processingUnits": 1,
                            "processor": "A53"
                        }
                    ],
                    "slope": 0.1899999976158142
                }
            ],
            "task": "29_bitmnp-4K"
        },
        {
            "command": "./matrix-4K -v0 -c1 -i100",
            "resourceAssignments": [
                {
                    "intercept": 1.7799999713897705,
                    "length": 62,
                    "processors": [
                        {
                            "processingUnits": 1,
                            "processor": "A72"
                        }
                    ],
                    "slope": 1.590000033378601
                },
                {
                    "intercept": 0.3700000047683716,
                    "length": 178,
                    "processors": [
                        {
                            "processingUnits": 1,
                            "processor": "A53"
                        }
                    ],
                    "slope": 0.33000001311302185
                }
            ],
            "task": "30_matrix-4K"
        },
        {
            "command": "./aifirf-4K -v0 -c1 -i100",
            "resourceAssignments": [
                {
                    "intercept": 1.399999976158142,
                    "length": 86,
                    "processors": [
                        {
                            "processingUnits": 1,
                            "processor": "A72"
                        }
                    ],
                    "slope": 1.5099999904632568
                },
                {
                    "intercept": 0.23000000417232513,
                    "length": 238,
                    "processors": [
                        {
                            "processingUnits": 1,
                            "processor": "A53"
                        }
                    ],
                    "slope": 0.23999999463558197
                }
            ],
            "task": "31_aifirf-4K"
        },
        {
            "command": "/root/thermobench/build/benchmarks/mem/membench -t1 -f -w -s 4000000",
            "resourceAssignments": [
                {
                    "intercept": 3.2100000381469727,
                    "length": 91,
                    "processors": [
                        {
                            "processingUnits": 1,
                            "processor": "A72"
                        }
                    ],
                    "slope": 0.3799999952316284
                },
                {
                    "intercept": 1.9700000286102295,
                    "length": 216,
                    "processors": [
                        {
                            "processingUnits": 1,
                            "processor": "A53"
                        }
                    ],
                    "slope": 0.47999998927116394
                }
            ],
            "task": "32_membench-4M-RW-S"
        },
        {
            "command": "./ttsprk-4K -v0 -c1 -i100",
            "resourceAssignments": [
                {
                    "intercept": 1.3200000524520874,
                    "length": 107,
                    "processors": [
                        {
                            "processingUnits": 1,
                            "processor": "A72"
                        }
                    ],
                    "slope": 1.3600000143051147
                },
                {
                    "intercept": 0.3700000047683716,
                    "length": 216,
                    "processors": [
                        {
                            "processingUnits": 1,
                            "processor": "A53"
                        }
                    ],
                    "slope": 0.36000001430511475
                }
            ],
            "task": "33_ttsprk-4K"
        }
    ],
    "environment": {
        "majorFrameLength": 1400,
        "problemVersion": 1,
        "processors": [
            {
                "name": "A53",
                "processingUnits": 4,
                "type": "main_processor"
            },
            {
                "name": "A72",
                "processingUnits": 2,
                "type": "main_processor"
            }
        ],
        "scPart": 1.0
    },
    "solution": {
        "feasible": true,
        "solutionTime": 376548,
        "solverMetadata": {
            "objective": "2.6800071512801305"
        },
        "solverName": "ILP-SM-II",
        "windows": [
            {
                "length": 65,
                "tasks": [
                    {
                        "length": 65,
                        "processingUnit": 0,
                        "processor": "A53",
                        "start": 0,
                        "task": "2_membench-1M-RW-R"
                    },
                    {
                        "length": 45,
                        "processingUnit": 0,
                        "processor": "A72",
                        "start": 0,
                        "task": "3_bitmnp-4K"
                    },
                    {
                        "length": 60,
                        "processingUnit": 1,
                        "processor": "A53",
                        "start": 0,
                        "task": "16_membench-1M-RW-R"
                    },
                    {
                        "length": 64,
                        "processingUnit": 1,
                        "processor": "A72",
                        "start": 0,
                        "task": "29_bitmnp-4K"
                    }
                ]
            },
            {
                "length": 113,
                "tasks": [
                    {
                        "length": 113,
                        "processingUnit": 0,
                        "processor": "A53",
                        "start": 0,
                        "task": "0_matrix-4M"
                    },
                    {
                        "length": 96,
                        "processingUnit": 1,
                        "processor": "A53",
                        "start": 0,
                        "task": "10_membench-1M-RW-S"
                    },
                    {
                        "length": 100,
                        "processingUnit": 0,
                        "processor": "A72",
                        "start": 0,
                        "task": "15_membench-4M-RW-R"
                    },
                    {
                        "length": 107,
                        "processingUnit": 2,
                        "processor": "A53",
                        "start": 0,
                        "task": "20_a2time-4M"
                    },
                    {
                        "length": 78,
                        "processingUnit": 3,
                        "processor": "A53",
                        "start": 0,
                        "task": "28_membench-1M-RW-S"
                    },
                    {
                        "length": 91,
                        "processingUnit": 1,
                        "processor": "A72",
                        "start": 0,
                        "task": "32_membench-4M-RW-S"
                    }
                ]
            },
            {
                "length": 131,
                "tasks": [
                    {
                        "length": 116,
                        "processingUnit": 0,
                        "processor": "A53",
                        "start": 0,
                        "task": "14_aifirf-4K"
                    },
                    {
                        "length": 76,
                        "processingUnit": 1,
                        "processor": "A53",
                        "start": 0,
                        "task": "17_puwmod-4K"
                    },
                    {
                        "length": 131,
                        "processingUnit": 2,
                        "processor": "A53",
                        "start": 0,
                        "task": "19_ttsprk-4M"
                    },
                    {
                        "length": 104,
                        "processingUnit": 3,
                        "processor": "A53",
                        "start": 0,
                        "task": "25_membench-1K-RO-R"
                    }
                ]
            },
            {
                "length": 216,
                "tasks": [
                    {
                        "length": 209,
                        "processingUnit": 0,
                        "processor": "A53",
                        "start": 0,
                        "task": "11_iirflt-4K"
                    },
                    {
                        "length": 174,
                        "processingUnit": 1,
                        "processor": "A53",
                        "start": 0,
                        "task": "23_iirflt-4K"
                    },
                    {
                        "length": 178,
                        "processingUnit": 2,
                        "processor": "A53",
                        "start": 0,
                        "task": "30_matrix-4K"
                    },
                    {
                        "length": 216,
                        "processingUnit": 3,
                        "processor": "A53",
                        "start": 0,
                        "task": "33_ttsprk-4K"
                    }
                ]
            },
            {
                "length": 236,
                "tasks": [
                    {
                        "length": 123,
                        "processingUnit": 0,
                        "processor": "A72",
                        "start": 0,
                        "task": "7_iirflt-4K"
                    },
                    {
                        "length": 236,
                        "processingUnit": 0,
                        "processor": "A53",
                        "start": 0,
                        "task": "13_tinyrenderer-diablo"
                    },
                    {
                        "length": 234,
                        "processingUnit": 1,
                        "processor": "A53",
                        "start": 0,
                        "task": "22_iirflt-4M"
                    },
                    {
                        "length": 156,
                        "processingUnit": 1,
                        "processor": "A72",
                        "start": 0,
                        "task": "24_membench-1K-RO-R"
                    },
                    {
                        "length": 220,
                        "processingUnit": 2,
                        "processor": "A53",
                        "start": 0,
                        "task": "26_tblook-4M"
                    },
                    {
                        "length": 192,
                        "processingUnit": 3,
                        "processor": "A53",
                        "start": 0,
                        "task": "27_canrdr-4M"
                    }
                ]
            },
            {
                "length": 292,
                "tasks": [
                    {
                        "length": 292,
                        "processingUnit": 0,
                        "processor": "A53",
                        "start": 0,
                        "task": "1_canrdr-4K"
                    },
                    {
                        "length": 249,
                        "processingUnit": 1,
                        "processor": "A53",
                        "start": 0,
                        "task": "9_iirflt-4K"
                    },
                    {
                        "length": 269,
                        "processingUnit": 2,
                        "processor": "A53",
                        "start": 0,
                        "task": "18_idctrn-4K"
                    },
                    {
                        "length": 238,
                        "processingUnit": 3,
                        "processor": "A53",
                        "start": 0,
                        "task": "31_aifirf-4K"
                    }
                ]
            },
            {
                "length": 347,
                "tasks": [
                    {
                        "length": 92,
                        "processingUnit": 0,
                        "processor": "A72",
                        "start": 0,
                        "task": "4_membench-1K-RW-R"
                    },
                    {
                        "length": 332,
                        "processingUnit": 0,
                        "processor": "A53",
                        "start": 0,
                        "task": "5_iirflt-4M"
                    },
                    {
                        "length": 347,
                        "processingUnit": 1,
                        "processor": "A53",
                        "start": 0,
                        "task": "6_tblook-4M"
                    },
                    {
                        "length": 143,
                        "processingUnit": 1,
                        "processor": "A72",
                        "start": 0,
                        "task": "8_pntrch-4K"
                    },
                    {
                        "length": 318,
                        "processingUnit": 2,
                        "processor": "A53",
                        "start": 0,
                        "task": "12_tblook-4K"
                    },
                    {
                        "length": 295,
                        "processingUnit": 3,
                        "processor": "A53",
                        "start": 0,
                        "task": "21_puwmod-4M"
                    }
                ]
            }
        ]
    },
    "tasks": [
        {
            "assignmentIndex": 1,
            "command": "/root/thermobench/build/benchmarks/mem/membench -t1 -f -r -w -s 1000000",
            "length": 65,
            "name": "2_membench-1M-RW-R",
            "processors": [
                {
                    "processor": "A53",
                    "processingUnits": 1
                }
            ]
        },
        {
            "assignmentIndex": 0,
            "command": "./bitmnp-4K -v0 -c1 -i100",
            "length": 45,
            "name": "3_bitmnp-4K",
            "processors": [
                {
                    "processor": "A72",
                    "processingUnits": 1
                }
            ]
        },
        {
            "assignmentIndex": 1,
            "command": "/root/thermobench/build/benchmarks/mem/membench -t1 -f -r -w -s 1000000",
            "length": 60,
            "name": "16_membench-1M-RW-R",
            "processors": [
                {
                    "processor": "A53",
                    "processingUnits": 1
                }
            ]
        },
        {
            "assignmentIndex": 0,
            "command": "./bitmnp-4K -v0 -c1 -i100",
            "length": 64,
            "name": "29_bitmnp-4K",
            "processors": [
                {
                    "processor": "A72",
                    "processingUnits": 1
                }
            ]
        },
        {
            "assignmentIndex": 1,
            "command": "./matrix-4M -v0 -c1 -i100",
            "length": 113,
            "name": "0_matrix-4M",
            "processors": [
                {
                    "processor": "A53",
                    "processingUnits": 1
                }
            ]
        },
        {
            "assignmentIndex": 1,
            "command": "/root/thermobench/build/benchmarks/mem/membench -t1 -f -w -s 1000000",
            "length": 96,
            "name": "10_membench-1M-RW-S",
            "processors": [
                {
                    "processor": "A53",
                    "processingUnits": 1
                }
            ]
        },
        {
            "assignmentIndex": 0,
            "command": "/root/thermobench/build/benchmarks/mem/membench -t1 -f -r -w -s 4000000",
            "length": 100,
            "name": "15_membench-4M-RW-R",
            "processors": [
                {
                    "processor": "A72",
                    "processingUnits": 1
                }
            ]
        },
        {
            "assignmentIndex": 1,
            "command": "./a2time-4M -v0 -c1 -i100",
            "length": 107,
            "name": "20_a2time-4M",
            "processors": [
                {
                    "processor": "A53",
                    "processingUnits": 1
                }
            ]
        },
        {
            "assignmentIndex": 1,
            "command": "/root/thermobench/build/benchmarks/mem/membench -t1 -f -w -s 1000000",
            "length": 78,
            "name": "28_membench-1M-RW-S",
            "processors": [
                {
                    "processor": "A53",
                    "processingUnits": 1
                }
            ]
        },
        {
            "assignmentIndex": 0,
            "command": "/root/thermobench/build/benchmarks/mem/membench -t1 -f -w -s 4000000",
            "length": 91,
            "name": "32_membench-4M-RW-S",
            "processors": [
                {
                    "processor": "A72",
                    "processingUnits": 1
                }
            ]
        },
        {
            "assignmentIndex": 1,
            "command": "./aifirf-4K -v0 -c1 -i100",
            "length": 116,
            "name": "14_aifirf-4K",
            "processors": [
                {
                    "processor": "A53",
                    "processingUnits": 1
                }
            ]
        },
        {
            "assignmentIndex": 1,
            "command": "./puwmod-4K -v0 -c1 -i100",
            "length": 76,
            "name": "17_puwmod-4K",
            "processors": [
                {
                    "processor": "A53",
                    "processingUnits": 1
                }
            ]
        },
        {
            "assignmentIndex": 1,
            "command": "./ttsprk-4M -v0 -c1 -i100",
            "length": 131,
            "name": "19_ttsprk-4M",
            "processors": [
                {
                    "processor": "A53",
                    "processingUnits": 1
                }
            ]
        },
        {
            "assignmentIndex": 1,
            "command": "/root/thermobench/build/benchmarks/mem/membench -t1 -f -r -s 1000",
            "length": 104,
            "name": "25_membench-1K-RO-R",
            "processors": [
                {
                    "processor": "A53",
                    "processingUnits": 1
                }
            ]
        },
        {
            "assignmentIndex": 1,
            "command": "./iirflt-4K -v0 -c1 -i100",
            "length": 209,
            "name": "11_iirflt-4K",
            "processors": [
                {
                    "processor": "A53",
                    "processingUnits": 1
                }
            ]
        },
        {
            "assignmentIndex": 1,
            "command": "./iirflt-4K -v0 -c1 -i100",
            "length": 174,
            "name": "23_iirflt-4K",
            "processors": [
                {
                    "processor": "A53",
                    "processingUnits": 1
                }
            ]
        },
        {
            "assignmentIndex": 1,
            "command": "./matrix-4K -v0 -c1 -i100",
            "length": 178,
            "name": "30_matrix-4K",
            "processors": [
                {
                    "processor": "A53",
                    "processingUnits": 1
                }
            ]
        },
        {
            "assignmentIndex": 1,
            "command": "./ttsprk-4K -v0 -c1 -i100",
            "length": 216,
            "name": "33_ttsprk-4K",
            "processors": [
                {
                    "processor": "A53",
                    "processingUnits": 1
                }
            ]
        },
        {
            "assignmentIndex": 0,
            "command": "./iirflt-4K -v0 -c1 -i100",
            "length": 123,
            "name": "7_iirflt-4K",
            "processors": [
                {
                    "processor": "A72",
                    "processingUnits": 1
                }
            ]
        },
        {
            "assignmentIndex": 1,
            "command": "/root/thermobench/build/benchmarks/tinyrenderer/tinyrenderer -f /root/thermobench/benchmarks/tinyrenderer/obj/diablo3_pose/*.obj",
            "length": 236,
            "name": "13_tinyrenderer-diablo",
            "processors": [
                {
                    "processor": "A53",
                    "processingUnits": 1
                }
            ]
        },
        {
            "assignmentIndex": 1,
            "command": "./iirflt-4M -v0 -c1 -i100",
            "length": 234,
            "name": "22_iirflt-4M",
            "processors": [
                {
                    "processor": "A53",
                    "processingUnits": 1
                }
            ]
        },
        {
            "assignmentIndex": 0,
            "command": "/root/thermobench/build/benchmarks/mem/membench -t1 -f -r -s 1000",
            "length": 156,
            "name": "24_membench-1K-RO-R",
            "processors": [
                {
                    "processor": "A72",
                    "processingUnits": 1
                }
            ]
        },
        {
            "assignmentIndex": 1,
            "command": "./tblook-4M -v0 -c1 -i100",
            "length": 220,
            "name": "26_tblook-4M",
            "processors": [
                {
                    "processor": "A53",
                    "processingUnits": 1
                }
            ]
        },
        {
            "assignmentIndex": 1,
            "command": "./canrdr-4M -v0 -c1 -i100",
            "length": 192,
            "name": "27_canrdr-4M",
            "processors": [
                {
                    "processor": "A53",
                    "processingUnits": 1
                }
            ]
        },
        {
            "assignmentIndex": 1,
            "command": "./canrdr-4K -v0 -c1 -i100",
            "length": 292,
            "name": "1_canrdr-4K",
            "processors": [
                {
                    "processor": "A53",
                    "processingUnits": 1
                }
            ]
        },
        {
            "assignmentIndex": 1,
            "command": "./iirflt-4K -v0 -c1 -i100",
            "length": 249,
            "name": "9_iirflt-4K",
            "processors": [
                {
                    "processor": "A53",
                    "processingUnits": 1
                }
            ]
        },
        {
            "assignmentIndex": 1,
            "command": "./idctrn-4K -v0 -c1 -i100",
            "length": 269,
            "name": "18_idctrn-4K",
            "processors": [
                {
                    "processor": "A53",
                    "processingUnits": 1
                }
            ]
        },
        {
            "assignmentIndex": 1,
            "command": "./aifirf-4K -v0 -c1 -i100",
            "length": 238,
            "name": "31_aifirf-4K",
            "processors": [
                {
                    "processor": "A53",
                    "processingUnits": 1
                }
            ]
        },
        {
            "assignmentIndex": 0,
            "command": "/root/thermobench/build/benchmarks/mem/membench -t1 -f -r -w -s 1000",
            "length": 92,
            "name": "4_membench-1K-RW-R",
            "processors": [
                {
                    "processor": "A72",
                    "processingUnits": 1
                }
            ]
        },
        {
            "assignmentIndex": 1,
            "command": "./iirflt-4M -v0 -c1 -i100",
            "length": 332,
            "name": "5_iirflt-4M",
            "processors": [
                {
                    "processor": "A53",
                    "processingUnits": 1
                }
            ]
        },
        {
            "assignmentIndex": 1,
            "command": "./tblook-4M -v0 -c1 -i100",
            "length": 347,
            "name": "6_tblook-4M",
            "processors": [
                {
                    "processor": "A53",
                    "processingUnits": 1
                }
            ]
        },
        {
            "assignmentIndex": 0,
            "command": "./pntrch-4K -v0 -c1 -i100",
            "length": 143,
            "name": "8_pntrch-4K",
            "processors": [
                {
                    "processor": "A72",
                    "processingUnits": 1
                }
            ]
        },
        {
            "assignmentIndex": 1,
            "command": "./tblook-4K -v0 -c1 -i100",
            "length": 318,
            "name": "12_tblook-4K",
            "processors": [
                {
                    "processor": "A53",
                    "processingUnits": 1
                }
            ]
        },
        {
            "assignmentIndex": 1,
            "command": "./puwmod-4M -v0 -c1 -i100",
            "length": 295,
            "name": "21_puwmod-4M",
            "processors": [
                {
                    "processor": "A53",
                    "processingUnits": 1
                }
            ]
        }
    ]
}