Academic license - for non-commercial use only - expires 2022-11-10
Using license file /home/benedond/Apps/gurobi/gurobi950/gurobi.lic
Using gurobi.env file
Set parameter Threads to value 1
Changed value of parameter TimeLimit to 1200.0
   Prev: inf  Min: 0.0  Max: inf  Default: inf
Gurobi Optimizer version 9.1.2 build v9.1.2rc0 (linux64)
Thread count: 2 physical cores, 4 logical processors, using up to 1 threads
Optimize a model with 5364 rows, 2664 columns and 20878 nonzeros
Model fingerprint: 0xd92f09d1
Variable types: 36 continuous, 2628 integer (2592 binary)
Coefficient statistics:
  Matrix range     [2e-01, 5e+03]
  Objective range  [6e-04, 2e-01]
  Bounds range     [1e+00, 1e+00]
  RHS range        [1e+00, 5e+03]

---------------------------------------------------------------------------
Multi-objectives: starting optimization with 1 objectives ... 
---------------------------------------------------------------------------
---------------------------------------------------------------------------

Multi-objectives: optimize objective 1 (min avg power cons) ...
---------------------------------------------------------------------------

Optimize a model with 5364 rows, 2664 columns and 20878 nonzeros
Model fingerprint: 0x5de19a50
Variable types: 36 continuous, 2628 integer (2592 binary)
Coefficient statistics:
  Matrix range     [2e-01, 5e+03]
  Objective range  [6e-04, 2e-01]
  Bounds range     [1e+00, 1e+00]
  RHS range        [1e+00, 5e+03]
Presolve removed 3273 rows and 1611 columns
Presolve time: 0.23s
Presolved: 2091 rows, 1053 columns, 7948 nonzeros
Variable types: 35 continuous, 1018 integer (983 binary)

Root relaxation: objective 1.496114e+00, 348 iterations, 0.01 seconds

    Nodes    |    Current Node    |     Objective Bounds      |     Work
 Expl Unexpl |  Obj  Depth IntInf | Incumbent    BestBd   Gap | It/Node Time

     0     0    1.49611    0   78          -    1.49611      -     -    0s
H    0     0                       3.6736627    1.49611  59.3%     -    0s
H    0     0                       3.6716085    1.49611  59.3%     -    0s
     0     0    1.49611    0  100    3.67161    1.49611  59.3%     -    0s
H    0     0                       3.5522952    1.49611  57.9%     -    0s
     0     0    1.49611    0   95    3.55230    1.49611  57.9%     -    0s
     0     0    1.49611    0   88    3.55230    1.49611  57.9%     -    0s
H    0     0                       3.5268494    1.49611  57.6%     -    0s
     0     0    1.49611    0   92    3.52685    1.49611  57.6%     -    0s
     0     0    1.50435    0  136    3.52685    1.50435  57.3%     -    0s
H    0     0                       3.5206868    1.50435  57.3%     -    0s
     0     0    1.51957    0  183    3.52069    1.51957  56.8%     -    0s
     0     0    1.61423    0  171    3.52069    1.61423  54.2%     -    0s
H    0     0                       3.3574277    1.61423  51.9%     -    0s
     0     0    1.61701    0  177    3.35743    1.61701  51.8%     -    0s
     0     0    1.69416    0  108    3.35743    1.69416  49.5%     -    0s
H    0     0                       3.3024518    1.69416  48.7%     -    0s
     0     0    1.70288    0  104    3.30245    1.70288  48.4%     -    0s
     0     0    1.73230    0  127    3.30245    1.73230  47.5%     -    0s
H    0     0                       3.2975362    1.73230  47.5%     -    0s
     0     0    1.73622    0  117    3.29754    1.73622  47.3%     -    0s
     0     0    1.77786    0  163    3.29754    1.77786  46.1%     -    0s
H    0     0                       3.2955362    1.77786  46.1%     -    0s
     0     0    1.78916    0  154    3.29554    1.78916  45.7%     -    0s
     0     0    1.79205    0  161    3.29554    1.79205  45.6%     -    0s
     0     0    1.79439    0  164    3.29554    1.79439  45.6%     -    1s
     0     0    1.79479    0  147    3.29554    1.79479  45.5%     -    1s
     0     0    1.79519    0  159    3.29554    1.79519  45.5%     -    1s
     0     0    1.79524    0  164    3.29554    1.79524  45.5%     -    1s
     0     0    1.80137    0  171    3.29554    1.80137  45.3%     -    1s
     0     0    1.80709    0  173    3.29554    1.80709  45.2%     -    1s
     0     0    1.80894    0  174    3.29554    1.80894  45.1%     -    1s
     0     0    1.81048    0  178    3.29554    1.81048  45.1%     -    1s
     0     0    1.81205    0  181    3.29554    1.81205  45.0%     -    1s
     0     0    1.81234    0  201    3.29554    1.81234  45.0%     -    1s
     0     0    1.81246    0  195    3.29554    1.81246  45.0%     -    1s
     0     0    1.81993    0  184    3.29554    1.81993  44.8%     -    1s
     0     0    1.82208    0  170    3.29554    1.82208  44.7%     -    1s
     0     0    1.82254    0  198    3.29554    1.82254  44.7%     -    1s
     0     0    1.82260    0  177    3.29554    1.82260  44.7%     -    1s
     0     0    1.82746    0  224    3.29554    1.82746  44.5%     -    1s
     0     0    1.82920    0  181    3.29554    1.82920  44.5%     -    1s
     0     0    1.82973    0  203    3.29554    1.82973  44.5%     -    1s
     0     0    1.82975    0  213    3.29554    1.82975  44.5%     -    1s
     0     0    1.83295    0  191    3.29554    1.83295  44.4%     -    1s
     0     0    1.83443    0  213    3.29554    1.83443  44.3%     -    1s
     0     0    1.83463    0  214    3.29554    1.83463  44.3%     -    1s
     0     0    1.83472    0  213    3.29554    1.83472  44.3%     -    1s
     0     0    1.83863    0  204    3.29554    1.83863  44.2%     -    1s
H    0     0                       3.2066024    1.83863  42.7%     -    1s
H    0     0                       2.9550783    1.83863  37.8%     -    1s
     0     0    1.83983    0  208    2.95508    1.83983  37.7%     -    1s
     0     0    1.83989    0  220    2.95508    1.83989  37.7%     -    1s
     0     0    1.84209    0  194    2.95508    1.84209  37.7%     -    1s
H    0     0                       2.8687711    1.84209  35.8%     -    1s
     0     0    1.84458    0  197    2.86877    1.84458  35.7%     -    1s
     0     0    1.84510    0  205    2.86877    1.84510  35.7%     -    1s
     0     0    1.84547    0  201    2.86877    1.84547  35.7%     -    1s
     0     0    1.84560    0  204    2.86877    1.84560  35.7%     -    1s
     0     0    1.84849    0  252    2.86877    1.84849  35.6%     -    1s
     0     0    1.84943    0  234    2.86877    1.84943  35.5%     -    1s
     0     0    1.84966    0  268    2.86877    1.84966  35.5%     -    1s
     0     0    1.84971    0  244    2.86877    1.84971  35.5%     -    1s
     0     0    1.85073    0  190    2.86877    1.85073  35.5%     -    1s
     0     0    1.85106    0  203    2.86877    1.85106  35.5%     -    1s
     0     0    1.85139    0  228    2.86877    1.85139  35.5%     -    1s
     0     0    1.85174    0  231    2.86877    1.85174  35.5%     -    1s
     0     0    1.85178    0  219    2.86877    1.85178  35.5%     -    1s
     0     0    1.85237    0  212    2.86877    1.85237  35.4%     -    1s
     0     0    1.85237    0  210    2.86877    1.85237  35.4%     -    1s
H    0     0                       2.8643374    1.85319  35.3%     -    2s
H    0     0                       2.8029759    1.85319  33.9%     -    2s
     0     2    1.85319    0  209    2.80298    1.85319  33.9%     -    2s
H   27    23                       2.7894398    1.85694  33.4%   152    2s
H   53    45                       2.7864157    1.85694  33.4%   111    2s
H   79    62                       2.7618072    1.85694  32.8%  87.1    2s
H  109    86                       2.7547771    1.85694  32.6%  73.6    2s
H  131   107                       2.7482229    1.87214  31.9%  76.1    2s
H  388   258                       2.7096506    1.88933  30.3%  64.5    4s
   455   319    2.16313   38  113    2.70965    1.88956  30.3%  76.2    5s
   575   401    2.16411   38  200    2.70965    1.90726  29.6%  70.7   10s
   664   452    2.42741   54  115    2.70965    1.96372  27.5%   128   15s
H  731   453                       2.7041868    2.02677  25.1%   137   16s
H  761   435                       2.6995603    2.02677  24.9%   134   17s
  1019   502    2.36687   71   96    2.69956    2.03252  24.7%   130   20s
  1649   745    2.15468   17  143    2.69956    2.05058  24.0%   115   25s
  1980   945    2.09596   24  171    2.69956    2.07369  23.2%   124   30s
  2402  1216    2.69387  110  109    2.69956    2.09855  22.3%   122   35s
  2817  1501    2.37242   38  112    2.69956    2.10561  22.0%   123   40s
  3253  1760    2.27345   13  172    2.69956    2.11606  21.6%   125   45s
  3555  1942    2.35202   50  113    2.69956    2.12321  21.3%   128   50s
  3941  2177    2.46300   37  124    2.69956    2.12947  21.1%   128   57s
  4062  2269    2.33775   31  159    2.69956    2.13073  21.1%   129   60s
  4411  2534    2.68506   66   90    2.69956    2.13467  20.9%   131   65s
  4745  2728    2.31583   29  116    2.69956    2.13694  20.8%   134   70s
  5104  2983    2.39412   54  137    2.69956    2.14059  20.7%   134   75s
  5615  3258     cutoff   32         2.69956    2.15071  20.3%   133   80s
  6073  3519    2.25652   27  187    2.69956    2.15812  20.1%   134   85s
  6510  3787    2.28507   23  191    2.69956    2.16577  19.8%   134   90s
  6971  4061    2.19055   21  156    2.69956    2.17350  19.5%   133   95s
  7244  4239    2.62904   37   93    2.69956    2.17486  19.4%   135  100s
  7650  4484    2.54134   35  124    2.69956    2.17999  19.2%   137  105s
  7999  4677    2.28698   36  177    2.69956    2.18559  19.0%   137  110s
  8301  4855    2.62806   31   98    2.69956    2.18712  19.0%   138  115s
  8771  5148    2.61911   52   59    2.69956    2.19131  18.8%   139  120s
  9097  5327    2.60942   41  124    2.69956    2.19654  18.6%   140  125s
  9361  5447    2.45523   34  133    2.69956    2.20000  18.5%   143  130s
  9681  5614    2.49880   47   87    2.69956    2.20395  18.4%   143  135s
 10000  5790    2.34180   32  160    2.69956    2.20606  18.3%   145  140s
 10203  5884    2.50104   38  210    2.69956    2.20797  18.2%   145  166s
 10233  5904    2.55377   39  233    2.69956    2.20797  18.2%   144  170s
 10249  5915    2.29018   33  234    2.69956    2.20797  18.2%   144  175s
 10263  5924    2.63315   38  220    2.69956    2.20797  18.2%   144  180s
 10278  5934    2.41251   34  212    2.69956    2.20797  18.2%   144  185s
 10290  5942    2.61835   36  203    2.69956    2.20797  18.2%   143  190s
 10303  5951    2.50104   38  252    2.69956    2.20797  18.2%   143  195s
 10316  5959    2.42503   38  220    2.69956    2.20797  18.2%   143  200s
 10329  5968    2.66372   51  207    2.69956    2.20797  18.2%   143  205s
 10342  5977    2.50324   50  206    2.69956    2.20797  18.2%   143  210s
 10354  5985    2.48625   43  210    2.69956    2.20797  18.2%   143  215s
 10366  5993    2.50964   31  219    2.69956    2.20797  18.2%   142  220s
 10378  6001    2.41251   34  244    2.69956    2.20797  18.2%   142  225s
 10390  6009    2.61835   36  219    2.69956    2.20797  18.2%   142  230s
 10402  6017    2.68247   73  221    2.69956    2.20797  18.2%   142  235s
 10415  6025    2.61925   33  295    2.69956    2.20797  18.2%   142  240s
 10427  6033    2.39805   28  223    2.69956    2.20797  18.2%   142  245s
 10429  6035    2.66372   51  219    2.69956    2.20797  18.2%   142  252s
 10431  6038    2.20797   20  118    2.69956    2.20797  18.2%   147  255s
 10434  6040    2.20797   22  211    2.69956    2.20797  18.2%   147  260s
 10437  6042    2.20797   23  230    2.69956    2.20797  18.2%   147  265s
 10442  6045    2.20797   26  218    2.69956    2.20797  18.2%   147  270s
 10459  6057    2.20797   34  159    2.69956    2.20797  18.2%   148  275s
 10518  6089    2.35283   64   94    2.69956    2.20797  18.2%   149  280s
 10645  6121    2.49722   47  116    2.69956    2.20797  18.2%   151  285s
 10825  6128    2.24915   32  155    2.69956    2.20797  18.2%   151  290s
 11061  6176    2.31727   36  114    2.69956    2.20797  18.2%   151  295s
 11204  6235    2.49682   56  101    2.69956    2.20797  18.2%   152  300s
 11451  6309     cutoff   41         2.69956    2.20797  18.2%   152  305s
 11696  6382    2.23273   45  153    2.69956    2.20797  18.2%   153  310s
 12022  6465    2.20797   34  195    2.69956    2.20797  18.2%   152  315s
 12212  6539    2.21690   52  138    2.69956    2.20797  18.2%   154  320s
 12584  6622    2.20797   36  156    2.69956    2.20797  18.2%   154  325s
 12970  6714    2.43317   32  126    2.69956    2.20797  18.2%   153  330s
 13180  6749    2.40749   41  139    2.69956    2.20797  18.2%   153  335s
 13438  6825    2.34412   29  127    2.69956    2.20797  18.2%   153  340s
 13718  6926    2.55829   55  138    2.69956    2.20797  18.2%   154  345s
 14028  7025    2.35576   43  122    2.69956    2.20797  18.2%   154  350s
 14271  7082    2.55336   51  173    2.69956    2.20797  18.2%   155  355s
 14475  7124    2.40524   42  102    2.69956    2.20797  18.2%   156  360s
 14734  7218    2.52813   80   96    2.69956    2.20797  18.2%   157  365s
 15012  7297    2.51467   61  108    2.69956    2.20797  18.2%   158  370s
 15259  7350    2.26378   30  162    2.69956    2.20797  18.2%   159  375s
 15456  7374    2.27318   32  176    2.69956    2.20797  18.2%   160  380s
 15588  7427    2.50449   66  109    2.69956    2.20797  18.2%   161  385s
 15788  7460 infeasible   35         2.69956    2.20797  18.2%   162  390s
 15960  7489     cutoff   54         2.69956    2.20797  18.2%   163  395s
 16257  7554    2.32242   32  234    2.69956    2.20797  18.2%   163  400s
 16607  7621    2.31272   39  198    2.69956    2.20797  18.2%   163  405s
 16833  7679    2.61871   75   90    2.69956    2.20797  18.2%   164  410s
 17053  7697    2.57866   41   92    2.69956    2.20797  18.2%   164  415s
 17357  7773    2.69090   79  133    2.69956    2.20797  18.2%   164  420s
 17534  7788    2.67905   45  100    2.69956    2.20797  18.2%   165  425s
 17677  7807    2.62607   51  135    2.69956    2.20797  18.2%   166  430s
 17812  7846    2.44335   75  103    2.69956    2.20797  18.2%   167  435s
 17958  7880    2.53165   64  102    2.69956    2.20797  18.2%   168  440s
 18190  7933    2.58209   73  124    2.69956    2.20889  18.2%   169  445s
 18333  7947    2.64884   45  146    2.69956    2.20919  18.2%   170  450s
 18600  7996    2.58294   57  109    2.69956    2.21203  18.1%   170  455s
 18779  8015    2.32954   28  191    2.69956    2.21431  18.0%   171  460s
 18908  8037    2.30014   48  165    2.69956    2.21548  17.9%   172  465s
 19125  8090    2.56728   54  160    2.69956    2.21737  17.9%   172  470s
 19437  8162    2.50972   56  118    2.69956    2.22095  17.7%   172  475s
 19623  8193    2.46707   43  149    2.69956    2.22438  17.6%   173  480s
 19777  8214    2.62679   40  117    2.69956    2.22532  17.6%   174  485s
 19989  8266    2.54387   47  141    2.69956    2.22729  17.5%   174  490s
 20232  8299     cutoff   57         2.69956    2.22912  17.4%   175  495s
 20432  8338    2.48356   52  179    2.69956    2.23155  17.3%   175  500s
 20658  8391    2.39993   46  129    2.69956    2.23279  17.3%   176  505s
 20852  8427    2.49345   62  185    2.69956    2.23349  17.3%   176  510s
 21123  8503    2.25269   31  235    2.69956    2.23635  17.2%   176  515s
 21299  8562    2.36515   46  124    2.69956    2.23716  17.1%   177  520s
 21501  8577    2.48962   53  100    2.69956    2.23946  17.0%   178  525s
 21674  8587    2.62915   38  122    2.69956    2.24080  17.0%   179  530s
 21915  8644    2.54278   51  108    2.69956    2.24321  16.9%   179  535s
 22197  8696     cutoff   53         2.69956    2.24521  16.8%   179  540s
 22360  8732    2.64419   67  145    2.69956    2.24548  16.8%   180  545s
 22618  8783    2.59494   74   95    2.69956    2.24738  16.8%   180  550s
 22787  8824    2.48230   57  195    2.69956    2.24878  16.7%   181  555s
 22999  8846    2.56143   39  142    2.69956    2.25069  16.6%   182  560s
 23187  8874    2.64511   46  121    2.69956    2.25253  16.6%   183  565s
 23387  8900    2.50151   65  123    2.69956    2.25385  16.5%   184  570s
 23553  8916     cutoff   61         2.69956    2.25438  16.5%   184  575s
 23761  8937    2.29095   25  180    2.69956    2.25586  16.4%   185  580s
 23933  8977    2.38376   49  223    2.69956    2.25692  16.4%   186  585s
 24105  9022    2.60268   43   97    2.69956    2.25849  16.3%   187  590s
 24227  9046     cutoff   65         2.69956    2.25892  16.3%   188  595s
 24355  9081    2.68787   53  144    2.69956    2.25964  16.3%   189  600s
 24492  9112    2.36302   41  159    2.69956    2.26045  16.3%   190  605s
 24584  9121    2.48598   61  188    2.69956    2.26131  16.2%   190  617s
 24689  9141    2.37534   47   95    2.69956    2.26156  16.2%   190  620s
 24948  9170    2.62171   55  145    2.69956    2.26388  16.1%   190  625s
 25117  9186     cutoff   53         2.69956    2.26499  16.1%   191  630s
 25404  9238    2.43763   40  163    2.69956    2.26697  16.0%   191  635s
 25556  9290    2.51394   43   82    2.69956    2.26758  16.0%   192  640s
 25779  9314    2.57339   50   83    2.69956    2.26815  16.0%   192  645s
 25969  9322    2.54037   39  163    2.69956    2.26912  15.9%   193  650s
 26232  9373     cutoff   69         2.69956    2.27016  15.9%   193  655s
 26543  9415    2.57862   47  115    2.69956    2.27210  15.8%   193  660s
 26716  9446    2.53974   49   98    2.69956    2.27335  15.8%   194  665s
 26892  9471    2.61988   50  142    2.69956    2.27463  15.7%   194  670s
 27050  9499     cutoff   37         2.69956    2.27545  15.7%   195  675s
 27257  9512    2.59823   62  113    2.69956    2.27655  15.7%   196  680s
 27433  9547    2.68741   54  159    2.69956    2.27763  15.6%   196  685s
 27633  9597    2.40325   37  200    2.69956    2.27840  15.6%   197  690s
 27843  9604    2.38125   42  126    2.69956    2.27930  15.6%   197  695s
 27991  9623    2.41858   47  165    2.69956    2.28032  15.5%   198  700s
 28271  9644    2.69032   52  126    2.69956    2.28150  15.5%   198  705s
 28511  9671    2.53004   41   97    2.69956    2.28332  15.4%   198  710s
 28710  9760    2.48145   44  151    2.69956    2.28388  15.4%   198  715s
 28985  9870    2.44328   60  161    2.69956    2.28485  15.4%   198  720s
 29014  9888    2.54845   56  174    2.69956    2.28492  15.4%   199  725s
 29134  9947    2.45785   43  165    2.69956    2.28514  15.4%   200  730s
 29285 10004    2.52210   34  169    2.69956    2.28567  15.3%   200  735s
 29565 10114    2.31026   44  185    2.69956    2.28728  15.3%   200  740s
 29732 10201    2.51776   54  111    2.69956    2.28763  15.3%   201  745s
 30014 10325    2.40914   42  164    2.69956    2.28912  15.2%   201  750s
 30323 10500     cutoff   45         2.69956    2.29025  15.2%   201  755s
 30521 10600    2.47196   35  193    2.69956    2.29095  15.1%   201  760s
 30755 10706    2.63605   34   98    2.69956    2.29195  15.1%   201  765s
 30948 10787    2.58494   59  138    2.69956    2.29305  15.1%   201  770s
 31199 10908    2.42500   54  122    2.69956    2.29379  15.0%   201  775s
 31567 11091    2.35425   50  163    2.69956    2.29514  15.0%   201  780s
 31688 11153    2.38225   53  144    2.69956    2.29585  15.0%   202  785s
 31957 11254    2.38846   56  150    2.69956    2.29679  14.9%   201  790s
 32189 11353    2.67868   55  119    2.69956    2.29787  14.9%   202  795s
 32349 11431    2.60246   68   84    2.69956    2.29843  14.9%   202  800s
 32556 11518    2.66760   59   79    2.69956    2.29992  14.8%   202  805s
 32723 11569     cutoff   64         2.69956    2.30057  14.8%   203  810s
 32921 11662    2.58697   45  102    2.69956    2.30096  14.8%   203  815s
 33194 11770    2.34688   59  143    2.69956    2.30175  14.7%   203  820s
 33429 11865    2.33351   33  274    2.69956    2.30234  14.7%   203  825s
 33654 12009    2.61813   61  139    2.69956    2.30261  14.7%   203  830s
 33777 12068    2.69634   43  103    2.69956    2.30319  14.7%   204  835s
 33992 12178    2.46556   57  111    2.69956    2.30453  14.6%   204  840s
 34202 12258    2.48511   38  181    2.69956    2.30565  14.6%   204  845s
 34349 12339    2.50808   45  120    2.69956    2.30592  14.6%   205  850s
 34525 12401    2.35511   32  195    2.69956    2.30720  14.5%   205  855s
 34679 12440    2.46403   39  222    2.69956    2.30765  14.5%   205  868s
 34749 12476    2.55889   66  116    2.69956    2.30791  14.5%   205  870s
 34973 12574    2.49366   46  203    2.69956    2.30925  14.5%   205  875s
 35169 12662    2.61574   59  153    2.69956    2.31050  14.4%   205  880s
 35321 12734    2.67550   65  106    2.69956    2.31094  14.4%   206  885s
 35515 12795    2.40471   49  155    2.69956    2.31130  14.4%   206  890s
 35721 12875    2.61846   37  143    2.69956    2.31175  14.4%   206  895s
 35901 12950    2.53556   49  136    2.69956    2.31258  14.3%   206  900s
 36078 13022    2.54172   72  139    2.69956    2.31272  14.3%   207  905s
 36220 13120    2.47901   55  107    2.69956    2.31290  14.3%   207  910s
 36333 13178    2.61588   58  145    2.69956    2.31307  14.3%   208  915s
 36504 13277    2.61064   52  136    2.69956    2.31333  14.3%   208  920s
 36690 13390    2.42484   48  150    2.69956    2.31372  14.3%   209  925s
 36847 13474    2.52635   46  120    2.69956    2.31415  14.3%   209  930s
 37008 13547    2.39392   46  203    2.69956    2.31459  14.3%   210  935s
 37178 13633    2.39691   51  182    2.69956    2.31478  14.3%   210  940s
 37375 13737     cutoff   58         2.69956    2.31568  14.2%   210  945s
 37569 13826    2.38673   46  117    2.69956    2.31650  14.2%   210  950s
 37773 13898    2.69585   37  186    2.69956    2.31717  14.2%   211  955s
 37996 13986    2.53506   57  187    2.69956    2.31854  14.1%   211  960s
 38126 14045    2.40876   49  191    2.69956    2.31901  14.1%   211  965s
 38377 14147    2.41315   36  107    2.69956    2.32006  14.1%   211  970s
 38531 14246    2.60713   78  139    2.69956    2.32042  14.0%   212  975s
 38722 14329    2.59443   32  252    2.69956    2.32077  14.0%   212  980s
 38964 14434    2.49732   36  118    2.69956    2.32159  14.0%   212  985s
 39084 14490    2.58121   35  125    2.69956    2.32180  14.0%   212  990s
 39216 14558    2.41385   57  189    2.69956    2.32225  14.0%   213  995s
 39329 14627    2.43731   41  127    2.69956    2.32236  14.0%   213 1013s
 39362 14643     cutoff   66         2.69956    2.32242  14.0%   213 1015s
 39525 14731    2.60878   63  101    2.69956    2.32281  14.0%   214 1020s
 39701 14803    2.55658   50  129    2.69956    2.32333  13.9%   214 1025s
 39986 14950    2.56921   61  110    2.69956    2.32390  13.9%   214 1030s
 40237 15049     cutoff   49         2.69956    2.32474  13.9%   214 1035s
 40518 15150     cutoff   57         2.69956    2.32541  13.9%   213 1040s
 40805 15311    2.57025   42  135    2.69956    2.32614  13.8%   213 1045s
 41007 15425    2.47275   57  138    2.69956    2.32651  13.8%   213 1050s
 41139 15479    2.38863   41   96    2.69956    2.32675  13.8%   214 1055s
 41442 15612    2.67162   41  123    2.69956    2.32754  13.8%   213 1060s
 41660 15698    2.35662   40  136    2.69956    2.32858  13.7%   213 1065s
 41841 15784    2.38972   51  201    2.69956    2.32887  13.7%   214 1070s
 42106 15923    2.53842   52   85    2.69956    2.32930  13.7%   214 1075s
 42308 16026    2.65724   65  196    2.69956    2.32986  13.7%   214 1080s
 42521 16141    2.36056   51  130    2.69956    2.33024  13.7%   214 1085s
 42688 16233    2.62166   50  223    2.69956    2.33045  13.7%   214 1090s
 42857 16269    2.44288   52   91    2.69956    2.33098  13.7%   214 1095s
 43092 16396     cutoff   46         2.69956    2.33139  13.6%   214 1100s
 43294 16495    2.34474   48  143    2.69956    2.33186  13.6%   214 1106s
 43422 16572     cutoff   60         2.69956    2.33210  13.6%   214 1110s
 43576 16649    2.62181   32  194    2.69956    2.33235  13.6%   215 1115s
 43683 16673    2.58737   46  113    2.69956    2.33265  13.6%   215 1120s
 43934 16786    2.34383   41  210    2.69956    2.33291  13.6%   215 1125s
 44164 16898    2.56837   39  163    2.69956    2.33347  13.6%   215 1130s
 44309 16967    2.55255   55  167    2.69956    2.33376  13.6%   215 1135s
 44447 17009    2.57362   51   93    2.69956    2.33388  13.5%   216 1140s
 44666 17109     cutoff   70         2.69956    2.33428  13.5%   216 1145s
 44815 17154    2.36813   45  172    2.69956    2.33468  13.5%   216 1150s
 44955 17194    2.49850   44  209    2.69956    2.33504  13.5%   217 1155s
 45104 17241     cutoff   59         2.69956    2.33522  13.5%   217 1160s
 45322 17344    2.42830   46  139    2.69956    2.33560  13.5%   217 1165s
 45537 17435    2.39703   52  154    2.69956    2.33573  13.5%   217 1170s
 45796 17577     cutoff   41         2.69956    2.33615  13.5%   217 1175s
 45995 17646    2.50628   40  227    2.69956    2.33665  13.4%   217 1180s
 46190 17749    2.52934   53  117    2.69956    2.33705  13.4%   217 1185s
 46381 17880    2.41116   45  188    2.69956    2.33726  13.4%   217 1190s
 46599 17978    2.62878   47   76    2.69956    2.33756  13.4%   217 1195s

Cutting planes:
  Gomory: 4
  Cover: 29
  Implied bound: 302
  Projected implied bound: 15
  MIR: 615
  StrongCG: 1
  Flow cover: 891
  GUB cover: 6
  Relax-and-lift: 660

Explored 46783 nodes (10190202 simplex iterations) in 1200.00 seconds
Thread count was 1 (of 4 available processors)

Solution count 10: 2.69956 2.70419 2.70965 ... 2.86434

Time limit reached
Best objective 2.699560268232e+00, best bound 2.338051199073e+00, gap 13.3914%

---------------------------------------------------------------------------
Multi-objectives: stopped in 1200.02 seconds, solution count 10
Time Limit reached

