Academic license - for non-commercial use only - expires 2022-11-10
Using license file /home/benedond/Apps/gurobi/gurobi950/gurobi.lic
Using gurobi.env file
Set parameter Threads to value 1
Changed value of parameter TimeLimit to 1200.0
   Prev: inf  Min: 0.0  Max: inf  Default: inf
Gurobi Optimizer version 9.1.2 build v9.1.2rc0 (linux64)
Thread count: 2 physical cores, 4 logical processors, using up to 1 threads
Optimize a model with 5364 rows, 2664 columns and 20878 nonzeros
Model fingerprint: 0x032f8e61
Variable types: 36 continuous, 2628 integer (2592 binary)
Coefficient statistics:
  Matrix range     [2e-01, 5e+03]
  Objective range  [7e-04, 2e-01]
  Bounds range     [1e+00, 1e+00]
  RHS range        [1e+00, 5e+03]

---------------------------------------------------------------------------
Multi-objectives: starting optimization with 1 objectives ... 
---------------------------------------------------------------------------
---------------------------------------------------------------------------

Multi-objectives: optimize objective 1 (min avg power cons) ...
---------------------------------------------------------------------------

Optimize a model with 5364 rows, 2664 columns and 20878 nonzeros
Model fingerprint: 0x4a87507a
Variable types: 36 continuous, 2628 integer (2592 binary)
Coefficient statistics:
  Matrix range     [2e-01, 5e+03]
  Objective range  [7e-04, 2e-01]
  Bounds range     [1e+00, 1e+00]
  RHS range        [1e+00, 5e+03]
Presolve removed 3419 rows and 1687 columns
Presolve time: 0.22s
Presolved: 1945 rows, 977 columns, 7400 nonzeros
Variable types: 30 continuous, 947 integer (917 binary)

Root relaxation: objective 1.311785e+00, 417 iterations, 0.01 seconds

    Nodes    |    Current Node    |     Objective Bounds      |     Work
 Expl Unexpl |  Obj  Depth IntInf | Incumbent    BestBd   Gap | It/Node Time

     0     0    1.31178    0   86          -    1.31178      -     -    0s
     0     0    1.32813    0   95          -    1.32813      -     -    0s
     0     0    1.32813    0   87          -    1.32813      -     -    0s
     0     0    1.40019    0  148          -    1.40019      -     -    0s
H    0     0                       3.3983542    1.40019  58.8%     -    0s
H    0     0                       3.3242570    1.40019  57.9%     -    0s
     0     0    1.40019    0  141    3.32426    1.40019  57.9%     -    0s
     0     0    1.45945    0  165    3.32426    1.45945  56.1%     -    0s
H    0     0                       3.2805764    1.45945  55.5%     -    0s
     0     0    1.46218    0  162    3.28058    1.46218  55.4%     -    0s
     0     0    1.57278    0  190    3.28058    1.57278  52.1%     -    0s
H    0     0                       3.2385764    1.57278  51.4%     -    0s
     0     0    1.58535    0  140    3.23858    1.58535  51.0%     -    0s
     0     0    1.60176    0  149    3.23858    1.60176  50.5%     -    0s
     0     0    1.60331    0  145    3.23858    1.60331  50.5%     -    0s
     0     0    1.60343    0  137    3.23858    1.60343  50.5%     -    0s
     0     0    1.60343    0  137    3.23858    1.60343  50.5%     -    0s
     0     0    1.61091    0  122    3.23858    1.61091  50.3%     -    0s
H    0     0                       3.1759097    1.61091  49.3%     -    0s
     0     0    1.61180    0  124    3.17591    1.61180  49.2%     -    0s
     0     0    1.61184    0  128    3.17591    1.61184  49.2%     -    0s
     0     0    1.62215    0  126    3.17591    1.62215  48.9%     -    0s
     0     0    1.62402    0  144    3.17591    1.62402  48.9%     -    0s
     0     0    1.62560    0  149    3.17591    1.62560  48.8%     -    0s
     0     0    1.62591    0  155    3.17591    1.62591  48.8%     -    0s
     0     0    1.62592    0  154    3.17591    1.62592  48.8%     -    0s
     0     0    1.64531    0  179    3.17591    1.64531  48.2%     -    0s
H    0     0                       3.1076111    1.64531  47.1%     -    1s
     0     0    1.64889    0  196    3.10761    1.64889  46.9%     -    1s
     0     0    1.64918    0  192    3.10761    1.64918  46.9%     -    1s
     0     0    1.64950    0  185    3.10761    1.64950  46.9%     -    1s
     0     0    1.64977    0  184    3.10761    1.64977  46.9%     -    1s
     0     0    1.64987    0  184    3.10761    1.64987  46.9%     -    1s
     0     0    1.66085    0  165    3.10761    1.66085  46.6%     -    1s
     0     0    1.66735    0  204    3.10761    1.66735  46.3%     -    1s
     0     0    1.66960    0  204    3.10761    1.66960  46.3%     -    1s
     0     0    1.66992    0  184    3.10761    1.66992  46.3%     -    1s
     0     0    1.67016    0  182    3.10761    1.67016  46.3%     -    1s
     0     0    1.67058    0  211    3.10761    1.67058  46.2%     -    1s
     0     0    1.67104    0  187    3.10761    1.67104  46.2%     -    1s
     0     0    1.67190    0  204    3.10761    1.67190  46.2%     -    1s
     0     0    1.67212    0  216    3.10761    1.67212  46.2%     -    1s
     0     0    1.67217    0  219    3.10761    1.67217  46.2%     -    1s
     0     0    1.67856    0  183    3.10761    1.67856  46.0%     -    1s
H    0     0                       3.0265139    1.67856  44.5%     -    1s
     0     0    1.68093    0  188    3.02651    1.68093  44.5%     -    1s
     0     0    1.68111    0  183    3.02651    1.68111  44.5%     -    1s
     0     0    1.68112    0  184    3.02651    1.68112  44.5%     -    1s
     0     0    1.68391    0  175    3.02651    1.68391  44.4%     -    1s
     0     0    1.68527    0  212    3.02651    1.68527  44.3%     -    1s
     0     0    1.68576    0  182    3.02651    1.68576  44.3%     -    1s
     0     0    1.68603    0  187    3.02651    1.68603  44.3%     -    1s
     0     0    1.68605    0  219    3.02651    1.68605  44.3%     -    1s
     0     0    1.68887    0  204    3.02651    1.68887  44.2%     -    1s
H    0     0                       2.9764792    1.68887  43.3%     -    1s
     0     0    1.68914    0  208    2.97648    1.68914  43.3%     -    1s
     0     0    1.68917    0  203    2.97648    1.68917  43.2%     -    1s
     0     0    1.69274    0  204    2.97648    1.69274  43.1%     -    1s
H    0     0                       2.9665000    1.69274  42.9%     -    1s
     0     0    1.69329    0  212    2.96650    1.69329  42.9%     -    1s
     0     0    1.69357    0  212    2.96650    1.69357  42.9%     -    1s
     0     0    1.69366    0  219    2.96650    1.69366  42.9%     -    1s
     0     0    1.69440    0  193    2.96650    1.69440  42.9%     -    1s
     0     0    1.69440    0  186    2.96650    1.69440  42.9%     -    1s
H    0     0                       2.8045208    1.69441  39.6%     -    3s
H    0     0                       2.8029792    1.69441  39.5%     -    3s
H    0     0                       2.8024097    1.69441  39.5%     -    3s
     0     2    1.69441    0  185    2.80241    1.69441  39.5%     -    3s
H   26    26                       2.7996458    1.69609  39.4%   149    3s
H  156   135                       2.7986597    1.69609  39.4%  64.2    4s
H  300   264                       2.7930139    1.70958  38.8%  50.1    4s
H  312   267                       2.7909514    1.72909  38.0%  53.3    4s
   479   432    2.63051  163  130    2.79095    1.72909  38.0%  45.1    5s
   574   503    1.75350   15  232    2.79095    1.74935  37.3%  38.2   10s
H  618   503                       2.7888542    1.77402  36.4%  35.5   14s
   619   504    2.64045  146  242    2.78885    1.77416  36.4%  35.4   15s
   684   545    1.88204   42  128    2.78885    1.78966  35.8%   119   20s
   897   621    2.19290   16  104    2.78885    1.79153  35.8%   141   25s
H  906   596                       2.7691806    1.79153  35.3%   143   25s
H  918   578                       2.7655625    1.79153  35.2%   146   25s
H 1038   602                       2.7547083    1.79361  34.9%   158   29s
H 1053   586                       2.7440417    1.79361  34.6%   158   29s
  1085   598    1.91756   13  168    2.74404    1.80618  34.2%   155   30s
H 1134   606                       2.7431111    1.80618  34.2%   159   31s
H 1142   591                       2.7014792    1.80618  33.1%   158   31s
H 1161   578                       2.6993125    1.80618  33.1%   157   32s
H 1168   562                       2.6851667    1.80618  32.7%   156   32s
  1377   626    2.36409   53  110    2.68517    1.81130  32.5%   146   35s
  1612   701    2.22177   33  129    2.68517    1.82696  32.0%   147   40s
  1975   942    2.63906   49   92    2.68517    1.85206  31.0%   145   47s
  2172  1033    2.25050   35  159    2.68517    1.89162  29.6%   144   50s
  2434  1216    2.18930   29  181    2.68517    1.89997  29.2%   144   55s
H 2459  1220                       2.6695486    1.90002  28.8%   144   55s
H 2487  1229                       2.6558125    1.90002  28.5%   145   56s
H 2514  1226                       2.6404792    1.90349  27.9%   145   56s
H 2520  1224                       2.6362431    1.90349  27.8%   145   57s
H 2568  1242                       2.6333820    1.90400  27.7%   149   58s
H 2605  1249                       2.6303195    1.90400  27.6%   149   61s
H 2648  1250                       2.6264861    1.90564  27.4%   148   62s
H 2709  1301                       2.6215278    1.90613  27.3%   151   64s
  2714  1306    2.35893   23  184    2.62153    1.90613  27.3%   151   65s
H 2949  1442                       2.6174722    1.91385  26.9%   152   69s
  2982  1463    2.06072   25  211    2.61747    1.91549  26.8%   153   70s
H 2991  1462                       2.6108958    1.91549  26.6%   153   70s
H 3051  1491                       2.6053542    1.92293  26.2%   154   71s
  3248  1583    2.09647   31  181    2.60535    1.93102  25.9%   155   75s
  3513  1767    2.23624   26  109    2.60535    1.93635  25.7%   155   80s
  3693  1885    2.42619   53  145    2.60535    1.93997  25.5%   158   85s
  3931  2015    2.54029   34  131    2.60535    1.94949  25.2%   159   90s
  4136  2132    2.39249   37  160    2.60535    1.95573  24.9%   161   95s
H 4339  2246                       2.6030208    1.95848  24.8%   162   99s
  4358  2256    2.13402   25  133    2.60302    1.95859  24.8%   162  100s
  4572  2377    2.53714   24  145    2.60302    1.96560  24.5%   164  105s
  4783  2490    2.58781   32  138    2.60302    1.97421  24.2%   165  110s
  4937  2561    2.21196   26  158    2.60302    1.97775  24.0%   168  115s
  5105  2648    2.21273   20  220    2.60302    1.98079  23.9%   171  120s
  5281  2763    2.16221   25  131    2.60302    1.98487  23.7%   174  125s
  5487  2875    2.54639   37  130    2.60302    1.98959  23.6%   175  130s
  5714  3024    2.26995   40  112    2.60302    1.99319  23.4%   175  135s
  5883  3114    2.41629   34  149    2.60302    1.99474  23.4%   177  140s
  6052  3202    2.33792   23  194    2.60302    1.99664  23.3%   179  145s
  6260  3333    2.22128   22  124    2.60302    1.99835  23.2%   179  150s
  6433  3410    2.38180   38  119    2.60302    1.99953  23.2%   181  155s
  6592  3511    2.45212   27  135    2.60302    2.00239  23.1%   183  160s
  6731  3579    2.07372   23  204    2.60302    2.00664  22.9%   185  165s
  6890  3675    2.37986   22  118    2.60302    2.00849  22.8%   186  178s
  6930  3680     cutoff   36         2.60302    2.00877  22.8%   186  180s
  7123  3785    2.20032   32  180    2.60302    2.01106  22.7%   187  185s
  7279  3868    2.24759   23  145    2.60302    2.01418  22.6%   189  190s
  7435  3961    2.34572   42  142    2.60302    2.01689  22.5%   190  195s
  7562  4043    2.45728   46  175    2.60302    2.01838  22.5%   192  200s
  7681  4118    2.47305   25  128    2.60302    2.01875  22.4%   195  205s
  7883  4221    2.42991   37   95    2.60302    2.02273  22.3%   195  210s
  8064  4304    2.41935   33  156    2.60302    2.02652  22.1%   196  215s
  8232  4389    2.30526   28  175    2.60302    2.02807  22.1%   197  220s
  8420  4490    2.34352   32  147    2.60302    2.02940  22.0%   198  225s
  8559  4589    2.47891   54  153    2.60302    2.02995  22.0%   200  230s
  8659  4615     cutoff   33         2.60302    2.03097  22.0%   202  235s
  8810  4657    2.47361   35  170    2.60302    2.03204  21.9%   204  240s
  8968  4755    2.20027   32  127    2.60302    2.03315  21.9%   205  245s
  9145  4863    2.28131   33  196    2.60302    2.03688  21.7%   206  250s
  9350  4952    2.15239   21  182    2.60302    2.04019  21.6%   206  255s
  9498  5028    2.19227   33  177    2.60302    2.04204  21.6%   207  260s
  9644  5071    2.39927   33  158    2.60302    2.04428  21.5%   208  265s
  9804  5140    2.45080   47  107    2.60302    2.04500  21.4%   210  270s
 10018  5242    2.37507   27  180    2.60302    2.04588  21.4%   209  275s
 10146  5303    2.51159   27  149    2.60302    2.04618  21.4%   210  280s
 10203  5314    2.45592   54  186    2.60302    2.04669  21.4%   210  317s
 10225  5329    2.56462   67  260    2.60302    2.04669  21.4%   210  320s
 10248  5344    2.31627   32  258    2.60302    2.04669  21.4%   209  325s
 10264  5355    2.34414   34  266    2.60302    2.04669  21.4%   209  330s
 10278  5364    2.10867   44  239    2.60302    2.04669  21.4%   209  335s
 10295  5375    2.23395   27  250    2.60302    2.04669  21.4%   208  340s
 10309  5385    2.44392   45  253    2.60302    2.04669  21.4%   208  345s
 10323  5394    2.40466   49  274    2.60302    2.04669  21.4%   208  350s
 10336  5403    2.33911   41  270    2.60302    2.04669  21.4%   208  355s
 10351  5413    2.38418   26  274    2.60302    2.04669  21.4%   207  360s
 10364  5421    2.34414   34  272    2.60302    2.04669  21.4%   207  365s
 10377  5430    2.27967   18  257    2.60302    2.04669  21.4%   207  370s
 10391  5439    2.34987   24  262    2.60302    2.04669  21.4%   207  375s
 10405  5449    2.25438   53  267    2.60302    2.04669  21.4%   206  380s
 10417  5457    2.26649   68  250    2.60302    2.04669  21.4%   206  385s
 10431  5466    2.26614   43  268    2.60302    2.04669  21.4%   206  390s
 10439  5471    2.37800   40  266    2.60302    2.04669  21.4%   206  395s
 10440  5472    2.34631   44  266    2.60302    2.04669  21.4%   206  400s
 10445  5475    2.04669   25  226    2.60302    2.04669  21.4%   212  406s
 10449  5478    2.04669   27  169    2.60302    2.04669  21.4%   212  410s
 10460  5484    2.04669   32  161    2.60302    2.04669  21.4%   212  415s
 10499  5510    2.04669   52  169    2.60302    2.04669  21.4%   213  420s
 10570  5537    2.05043   28  133    2.60302    2.04669  21.4%   214  425s
 10750  5573    2.04669   29  171    2.60302    2.04669  21.4%   214  430s
 10837  5612    2.07456   32  235    2.60302    2.04669  21.4%   215  435s
 10943  5659    2.07480   49  163    2.60302    2.04669  21.4%   217  440s
 11078  5706 infeasible   50         2.60302    2.04669  21.4%   217  445s
 11160  5721    2.04669   43  197    2.60302    2.04669  21.4%   218  450s
 11273  5759    2.27330   58  123    2.60302    2.04669  21.4%   220  455s
 11395  5796    2.17711   57  161    2.60302    2.04669  21.4%   220  460s
 11536  5843    2.21596   62  124    2.60302    2.04669  21.4%   221  465s
 11666  5894    2.35372   52  164    2.60302    2.04669  21.4%   222  470s
 11805  5913    2.18971   40  103    2.60302    2.04669  21.4%   222  477s
 11868  5923    2.29600   41  147    2.60302    2.04669  21.4%   222  480s
 11980  5968    2.04669   35  193    2.60302    2.04669  21.4%   224  485s
 12125  6025    2.39967   51   83    2.60302    2.04669  21.4%   225  490s
 12309  6046    2.56999   52  100    2.60302    2.04669  21.4%   226  495s
 12387  6070    2.32338   55  147    2.60302    2.04669  21.4%   228  500s
 12585  6103    2.53786   52   93    2.60302    2.04669  21.4%   228  505s
 12651  6117    2.44898   53  169    2.60302    2.04669  21.4%   230  510s
 12761  6137    2.23406   33  195    2.60302    2.04669  21.4%   232  515s
 12874  6163    2.04669   58  185    2.60302    2.04669  21.4%   233  520s
 12990  6204    2.37085   32  224    2.60302    2.04669  21.4%   235  525s
 13092  6233    2.38057   46  172    2.60302    2.04669  21.4%   237  530s
 13239  6261    2.16877   50  153    2.60302    2.04669  21.4%   237  535s
 13364  6297    2.28389   51  121    2.60302    2.04669  21.4%   239  540s
 13528  6342    2.13710   38  177    2.60302    2.04669  21.4%   240  545s
 13640  6373    2.24596   40  201    2.60302    2.04669  21.4%   241  550s
 13876  6448    2.17415   46  118    2.60302    2.04669  21.4%   241  555s
 14050  6510    2.14942   61  138    2.60302    2.04669  21.4%   241  560s
 14205  6541    2.12174   48  146    2.60302    2.04669  21.4%   242  565s
 14408  6599    2.18164   38  115    2.60302    2.04669  21.4%   242  570s
 14538  6649    2.22611   50  186    2.60302    2.04669  21.4%   244  575s
 14671  6698    2.58170   70   88    2.60302    2.04669  21.4%   245  580s
 14805  6725    2.22910   44  134    2.60302    2.04669  21.4%   246  585s
 14925  6741    2.21912   43  155    2.60302    2.04669  21.4%   247  590s
 15077  6776    2.25357   51  174    2.60302    2.04669  21.4%   248  595s
 15161  6794    2.43111   47  155    2.60302    2.04669  21.4%   250  600s
 15302  6834    2.41003   64   91    2.60302    2.04669  21.4%   251  605s
 15428  6848    2.20407   50  134    2.60302    2.04669  21.4%   253  610s
 15536  6895    2.31755   60  141    2.60302    2.04669  21.4%   254  615s
 15704  6932    2.52824   71   87    2.60302    2.04669  21.4%   254  620s
 15825  6955    2.57390   65   86    2.60302    2.04669  21.4%   255  625s
 15955  6980    2.41302   47   95    2.60302    2.04669  21.4%   256  630s
 16083  6976    2.18247   47  149    2.60302    2.04669  21.4%   257  635s
 16229  7000    2.21754   45  104    2.60302    2.04669  21.4%   258  640s
 16382  7049    2.31966   50  113    2.60302    2.04669  21.4%   259  645s
 16480  7065    2.37844   42  101    2.60302    2.04669  21.4%   260  650s
 16681  7114    2.21570   48  140    2.60302    2.04669  21.4%   259  655s
 16720  7130    2.30209   65  150    2.60302    2.04694  21.4%   260  671s
 16751  7130    2.26831   52  169    2.60302    2.04839  21.3%   260  675s
 16851  7149    2.36497   32  238    2.60302    2.04875  21.3%   260  680s
 16947  7152    2.32518   52  201    2.60302    2.05006  21.2%   261  685s
 17061  7182    2.41984   46  155    2.60302    2.05073  21.2%   262  690s
 17185  7190    2.36326   56  127    2.60302    2.05243  21.2%   263  695s
 17324  7193    2.15369   49  127    2.60302    2.05475  21.1%   264  700s
 17399  7208    2.33568   58  142    2.60302    2.05625  21.0%   265  705s
 17520  7214    2.51416   53  138    2.60302    2.05779  20.9%   266  710s
 17649  7222    2.49714   71   99    2.60302    2.06275  20.8%   267  715s
 17740  7245    2.18776   57  143    2.60302    2.06322  20.7%   268  720s
 17842  7264    2.51432   42  124    2.60302    2.06483  20.7%   269  725s
 17927  7283    2.26927   62  130    2.60302    2.06517  20.7%   270  730s
 18037  7329    2.51684   96   74    2.60302    2.06525  20.7%   271  735s
 18181  7348    2.46672   46  113    2.60302    2.06728  20.6%   271  740s
 18296  7361    2.36095   59  177    2.60302    2.06928  20.5%   272  745s
 18387  7372    2.52688   62   80    2.60302    2.07011  20.5%   273  750s
 18540  7395    2.50140   34  143    2.60302    2.07250  20.4%   273  755s
 18648  7410    2.49120   56  110    2.60302    2.07324  20.4%   274  760s
 18774  7426    2.12553   34  274    2.60302    2.07459  20.3%   275  765s
 18876  7460    2.54832   42   85    2.60302    2.07539  20.3%   276  770s
 18981  7473    2.33629   67  120    2.60302    2.07618  20.2%   276  775s
 19101  7477    2.26385   58  147    2.60302    2.07707  20.2%   277  780s
 19233  7517    2.32303   38  186    2.60302    2.07893  20.1%   277  785s
 19360  7524     cutoff   45         2.60302    2.08028  20.1%   277  790s
 19472  7541    2.11741   42  225    2.60302    2.08168  20.0%   278  795s
 19564  7575    2.27330   64  193    2.60302    2.08222  20.0%   279  800s
 19655  7585    2.37364   48  164    2.60302    2.08237  20.0%   280  805s
 19764  7598    2.28584   45  131    2.60302    2.08322  20.0%   281  810s
 19952  7636    2.10755   41  173    2.60302    2.08504  19.9%   281  815s
 20049  7651    2.37975   36  219    2.60302    2.08613  19.9%   282  820s
 20162  7673    2.22716   45  143    2.60302    2.08789  19.8%   282  825s
 20261  7698    2.41969   39  208    2.60302    2.08824  19.8%   283  830s
 20397  7702    2.44063   44  171    2.60302    2.08990  19.7%   283  835s
 20468  7708    2.59135   50  190    2.60302    2.09099  19.7%   285  840s
 20544  7723    2.26563   41  205    2.60302    2.09126  19.7%   286  845s
 20629  7745    2.27422   61  160    2.60302    2.09193  19.6%   287  850s
 20681  7759    2.23948   39  189    2.60302    2.09194  19.6%   289  855s
 20812  7801    2.33571   52  156    2.60302    2.09246  19.6%   289  860s
 20938  7807    2.23369   35  203    2.60302    2.09269  19.6%   290  865s
 21096  7827    2.13683   55  156    2.60302    2.09328  19.6%   290  870s
 21171  7850    2.39947   38  126    2.60302    2.09412  19.6%   292  875s
 21312  7887     cutoff   61         2.60302    2.09555  19.5%   292  880s
 21512  7928    2.31239   52  105    2.60302    2.09709  19.4%   291  885s
 21658  7949    2.33586   52  112    2.60302    2.09876  19.4%   292  890s
 21760  7966    2.22348   56  161    2.60302    2.09922  19.4%   292  895s
 21879  7978    2.44033   51  132    2.60302    2.10053  19.3%   293  900s
 21972  7975    2.24476   52  181    2.60302    2.10102  19.3%   294  905s
 22134  8000    2.36345   33  225    2.60302    2.10242  19.2%   294  910s
 22253  8012 infeasible   43         2.60302    2.10389  19.2%   295  915s
 22310  8008    2.54960   34  175    2.60302    2.10500  19.1%   297  920s
 22516  8056    2.40919   63  147    2.60302    2.10587  19.1%   296  925s
 22649  8060    2.54343   57  147    2.60302    2.10708  19.1%   296  930s
 22820  8061    2.34266   66  145    2.60302    2.10812  19.0%   296  935s
 22958  8096    2.27033   51  142    2.60302    2.10875  19.0%   296  940s
 23084  8082    2.15847   52  166    2.60302    2.11017  18.9%   297  945s
 23172  8092    2.34882   46  199    2.60302    2.11155  18.9%   298  950s
 23380  8101    2.33299   45  139    2.60302    2.11272  18.8%   297  955s
 23541  8123    2.54700   56  139    2.60302    2.11426  18.8%   297  960s
 23649  8138    2.26216   54  147    2.60302    2.11467  18.8%   298  965s
 23763  8152    2.47383   42  131    2.60302    2.11536  18.7%   299  970s
 23837  8146     cutoff   52         2.60302    2.11644  18.7%   300  975s
 23987  8154    2.24160   46  183    2.60302    2.11723  18.7%   300  980s
 24062  8168    2.51635   43  161    2.60302    2.11780  18.6%   301  985s
 24145  8182    2.43467   55  150    2.60302    2.11810  18.6%   302  990s
 24262  8183    2.34569   61  151    2.60302    2.11924  18.6%   303  995s
 24396  8215    2.28880   61  155    2.60302    2.12042  18.5%   303 1000s
 24523  8229    2.27959   53  127    2.60302    2.12118  18.5%   303 1005s
 24655  8267    2.37147   49  113    2.60302    2.12214  18.5%   303 1010s
 24799  8250     cutoff   68         2.60302    2.12283  18.4%   304 1015s
 25030  8258    2.49290   71  119    2.60302    2.12460  18.4%   303 1020s
 25101  8282    2.31799   41  138    2.60302    2.12466  18.4%   304 1025s
 25165  8291    2.24783   50  174    2.60302    2.12474  18.4%   305 1030s
 25242  8297    2.26329   56  155    2.60302    2.12557  18.3%   306 1035s
 25399  8332    2.47261   45  126    2.60302    2.12649  18.3%   306 1040s
 25479  8323    2.31241   49  134    2.60302    2.12822  18.2%   307 1045s
 25567  8327    2.47181   63  170    2.60302    2.12840  18.2%   308 1050s
 25705  8371    2.17013   36  209    2.60302    2.12914  18.2%   307 1055s
 25767  8391    2.26599   56  130    2.60302    2.12948  18.2%   308 1060s
 25941  8414    2.40375   50  118    2.60302    2.13012  18.2%   308 1065s
 26177  8441     cutoff   41         2.60302    2.13176  18.1%   307 1070s
 26282  8451    2.33264   55  161    2.60302    2.13312  18.1%   308 1075s
 26375  8473    2.44015   46  111    2.60302    2.13361  18.0%   308 1080s
 26481  8475    2.27268   47  175    2.60302    2.13481  18.0%   309 1085s
 26550  8490    2.26323   37  123    2.60302    2.13521  18.0%   309 1109s
 26580  8487     cutoff   62         2.60302    2.13524  18.0%   309 1110s
 26666  8501    2.20672   49  123    2.60302    2.13561  18.0%   310 1115s
 26821  8512    2.48633   46  156    2.60302    2.13692  17.9%   310 1120s
 26905  8540     cutoff   42         2.60302    2.13748  17.9%   310 1125s
 26995  8567    2.37660   48  148    2.60302    2.13830  17.9%   311 1130s
 27078  8592     cutoff   52         2.60302    2.13855  17.8%   312 1135s
 27230  8653    2.22836   47  179    2.60302    2.13963  17.8%   312 1140s
 27363  8707    2.59271   60  133    2.60302    2.14048  17.8%   312 1145s
 27503  8787    2.39949   59  141    2.60302    2.14071  17.8%   312 1150s
 27578  8809     cutoff   49         2.60302    2.14095  17.8%   313 1155s
 27764  8871    2.39919   54  123    2.60302    2.14264  17.7%   312 1160s
 27895  8937    2.16187   55  210    2.60302    2.14356  17.7%   312 1179s
 27897  8939    2.21536   57  173    2.60302    2.14356  17.7%   312 1180s
 28007  8985    2.37553   52  149    2.60302    2.14425  17.6%   313 1185s
 28200  9098    2.42020   64  150    2.60302    2.14544  17.6%   312 1190s
 28291  9149    2.33493   34  146    2.60302    2.14558  17.6%   313 1195s

Cutting planes:
  Learned: 1
  Gomory: 7
  Cover: 133
  Implied bound: 197
  Projected implied bound: 23
  MIR: 662
  Flow cover: 785
  GUB cover: 8
  RLT: 4
  Relax-and-lift: 899

Explored 28391 nodes (8911333 simplex iterations) in 1200.00 seconds
Thread count was 1 (of 4 available processors)

Solution count 10: 2.60302 2.60535 2.6109 ... 2.64048

Time limit reached
Best objective 2.603020839300e+00, best bound 2.146227603178e+00, gap 17.5486%

---------------------------------------------------------------------------
Multi-objectives: stopped in 1200.01 seconds, solution count 10
Time Limit reached

