Academic license - for non-commercial use only - expires 2022-11-10
Using license file /home/benedond/Apps/gurobi/gurobi950/gurobi.lic
Using gurobi.env file
Set parameter Threads to value 1
Changed value of parameter TimeLimit to 1200.0
   Prev: inf  Min: 0.0  Max: inf  Default: inf
Gurobi Optimizer version 9.1.2 build v9.1.2rc0 (linux64)
Thread count: 2 physical cores, 4 logical processors, using up to 1 threads
Optimize a model with 2382 rows, 2221 columns and 10747 nonzeros
Model fingerprint: 0x9437ddd9
Variable types: 64 continuous, 2157 integer (2157 binary)
Coefficient statistics:
  Matrix range     [2e-01, 4e+02]
  Objective range  [8e-03, 3e-01]
  Bounds range     [1e+00, 1e+00]
  RHS range        [1e+00, 1e+03]
Presolve removed 197 rows and 80 columns
Presolve time: 0.04s
Presolved: 2185 rows, 2141 columns, 10262 nonzeros
Variable types: 64 continuous, 2077 integer (2077 binary)

Root relaxation: objective 2.282896e+00, 2657 iterations, 0.08 seconds

    Nodes    |    Current Node    |     Objective Bounds      |     Work
 Expl Unexpl |  Obj  Depth IntInf | Incumbent    BestBd   Gap | It/Node Time

     0     0    2.28290    0  196          -    2.28290      -     -    0s
     0     0    2.42399    0  183          -    2.42399      -     -    0s
     0     0    2.42872    0  169          -    2.42872      -     -    0s
     0     0    2.55544    0  186          -    2.55544      -     -    0s
     0     0    2.55845    0  161          -    2.55845      -     -    0s
     0     0    2.55883    0  177          -    2.55883      -     -    0s
     0     0    2.67022    0  179          -    2.67022      -     -    0s
H    0     0                       4.7771360    2.67022  44.1%     -    0s
H    0     0                       4.2531837    2.67022  37.2%     -    0s
H    0     0                       3.9313605    2.67022  32.1%     -    0s
     0     0    2.67822    0  184    3.93136    2.67822  31.9%     -    0s
     0     0    2.68026    0  162    3.93136    2.68026  31.8%     -    0s
     0     0    2.68073    0  181    3.93136    2.68073  31.8%     -    0s
     0     0    2.68074    0  180    3.93136    2.68074  31.8%     -    0s
     0     0    2.74161    0  175    3.93136    2.74161  30.3%     -    1s
H    0     0                       3.8882585    2.74161  29.5%     -    1s
     0     0    2.77911    0  149    3.88826    2.77911  28.5%     -    1s
     0     0    2.78600    0  181    3.88826    2.78600  28.3%     -    1s
     0     0    2.78816    0  179    3.88826    2.78816  28.3%     -    1s
     0     0    2.78913    0  162    3.88826    2.78913  28.3%     -    1s
     0     0    2.78928    0  162    3.88826    2.78928  28.3%     -    1s
     0     0    2.82699    0  174    3.88826    2.82699  27.3%     -    1s
     0     0    2.83006    0  173    3.88826    2.83006  27.2%     -    1s
     0     0    2.83033    0  178    3.88826    2.83033  27.2%     -    1s
     0     0    2.83846    0  178    3.88826    2.83846  27.0%     -    1s
     0     0    2.84093    0  211    3.88826    2.84093  26.9%     -    1s
     0     0    2.84256    0  193    3.88826    2.84256  26.9%     -    1s
     0     0    2.84290    0  194    3.88826    2.84290  26.9%     -    1s
     0     0    2.85507    0  185    3.88826    2.85507  26.6%     -    1s
     0     0    2.85733    0  180    3.88826    2.85733  26.5%     -    1s
     0     0    2.85752    0  161    3.88826    2.85752  26.5%     -    1s
     0     0    2.86457    0  189    3.88826    2.86457  26.3%     -    1s
H    0     0                       3.8213265    2.86457  25.0%     -    1s
     0     0    2.86551    0  179    3.82133    2.86551  25.0%     -    1s
     0     0    2.86599    0  213    3.82133    2.86599  25.0%     -    1s
     0     0    2.87103    0  171    3.82133    2.87103  24.9%     -    1s
     0     0    2.87339    0  183    3.82133    2.87339  24.8%     -    1s
     0     0    2.87349    0  201    3.82133    2.87349  24.8%     -    1s
     0     0    2.87680    0  187    3.82133    2.87680  24.7%     -    1s
H    0     0                       3.7413741    2.87680  23.1%     -    1s
H    0     0                       3.6656122    2.87680  21.5%     -    1s
     0     0    2.87872    0  217    3.66561    2.87872  21.5%     -    1s
     0     0    2.87890    0  202    3.66561    2.87890  21.5%     -    1s
     0     0    2.88195    0  191    3.66561    2.88195  21.4%     -    1s
     0     0    2.88195    0  187    3.66561    2.88195  21.4%     -    2s
H    0     0                       3.5806054    2.88195  19.5%     -    2s
     0     2    2.88219    0  187    3.58061    2.88219  19.5%     -    2s
H   26    26                       3.5754898    2.88750  19.2%   261    3s
H   27    27                       3.4619252    2.88750  16.6%   260    3s
H   52    52                       3.4479456    2.88750  16.3%   247    4s
H   54    54                       3.2999864    2.88750  12.5%   248    4s
    63    64    3.26424   48  134    3.29999    2.88750  12.5%   272    5s
H  265   183                       3.2999864    2.90137  12.1%   181    8s
   367   251    2.98300    9  151    3.29999    2.90617  11.9%   180   10s
   541   364    3.02417   15  198    3.29999    2.93624  11.0%   175   15s
H  577   367                       3.2999863    2.98840  9.44%   164   16s
   622   397    3.01258   14  208    3.29999    3.01258  8.71%   152   20s
H  637   385                       3.2999863    3.01742  8.56%   148   25s
   641   390    3.01781   17  206    3.29999    3.01781  8.55%   194   30s
   677   407    3.04096   35  183    3.29999    3.02244  8.41%   211   35s
H  691   389                       3.2878775    3.02244  8.07%   217   36s
   760   394    3.22076   31  207    3.28788    3.02245  8.07%   232   40s
   860   407    3.04542   26  185    3.28788    3.03156  7.80%   248   45s
   946   414    3.19105   69  143    3.28788    3.03156  7.80%   267   50s
  1078   448    3.06818   32  178    3.28788    3.03417  7.72%   264   55s
  1233   497    3.23848   52  117    3.28788    3.04036  7.53%   258   60s
  1394   517    3.14295   42  135    3.28788    3.05240  7.16%   253   65s
  1537   561    3.20549   50  104    3.28788    3.05754  7.01%   253   70s
  1741   614    3.12490   27  120    3.28788    3.06337  6.83%   246   75s
  1929   723    3.26195   51   81    3.28788    3.07069  6.61%   239   80s
  2046   767    3.10363   22  150    3.28788    3.07383  6.51%   240   85s
  2240   875    3.16427   39   79    3.28788    3.07941  6.34%   234   90s
  2388   933    3.27280   40  133    3.28788    3.08114  6.29%   233   95s
  2476   967    3.24720   43  135    3.28788    3.08547  6.16%   237  100s
  2669  1032    3.18173   38   74    3.28788    3.09094  5.99%   233  105s
  2863  1136    3.10715   29  155    3.28788    3.09285  5.93%   229  110s
  3059  1225    3.24980   48  130    3.28788    3.09628  5.83%   227  115s
  3248  1314    3.19354   35  147    3.28788    3.10092  5.69%   226  120s
  3468  1421    3.14926   31   53    3.28788    3.10369  5.60%   224  125s
  3670  1504    3.15090   31  194    3.28788    3.10870  5.45%   223  130s
  3782  1553    3.23422   34  133    3.28788    3.11250  5.33%   224  135s
  4036  1641    3.13511   28  152    3.28788    3.11481  5.26%   221  140s
  4226  1723    3.18550   38  197    3.28788    3.11694  5.20%   222  145s
  4354  1770     cutoff   34         3.28788    3.11900  5.14%   222  150s
  4538  1828    3.14486   32  219    3.28788    3.12033  5.10%   221  155s
  4721  1932    3.16666   30  186    3.28788    3.12266  5.03%   220  160s
  4907  2008    3.17307   32  130    3.28788    3.12432  4.97%   218  165s
  5058  2101    3.26894   38  118    3.28788    3.12539  4.94%   217  170s
  5269  2160    3.28342   30  118    3.28788    3.12748  4.88%   215  175s
  5449  2210    3.26576   29  138    3.28788    3.12946  4.82%   215  180s
  5607  2269    3.18542   30  134    3.28788    3.13084  4.78%   215  185s
  5704  2294    3.17761   21  122    3.28788    3.13235  4.73%   215  190s
  5893  2394    3.23205   30  129    3.28788    3.13413  4.68%   215  195s
  6041  2469    3.16700   35  145    3.28788    3.13565  4.63%   215  200s
  6217  2549    3.21206   34   94    3.28788    3.13635  4.61%   214  205s
  6480  2638     cutoff   35         3.28788    3.13827  4.55%   212  210s
  6683  2696    3.28608   37  156    3.28788    3.13952  4.51%   213  215s
  6889  2746     cutoff   32         3.28788    3.14167  4.45%   213  220s
  7073  2787    3.22871   34  146    3.28788    3.14356  4.39%   212  225s
  7278  2841    3.19388   35  111    3.28788    3.14571  4.32%   212  230s
  7450  2879    3.24297   41  101    3.28788    3.14688  4.29%   212  235s
  7657  2943    3.15005   34  123    3.28788    3.14886  4.23%   212  240s
  7888  3043    3.21419   31  111    3.28788    3.15013  4.19%   210  245s
  8065  3125     cutoff   32         3.28788    3.15096  4.16%   210  250s
  8197  3157    3.22184   41   97    3.28788    3.15194  4.13%   210  255s
H 8218  3156                       3.2878775    3.15211  4.13%   211  255s
  8386  3237    3.21293   34  136    3.28788    3.15364  4.08%   210  260s
  8587  3296    3.26151   52  137    3.28788    3.15536  4.03%   209  265s
  8739  3340    3.16449   32  157    3.28788    3.15660  3.99%   209  270s
H 8856  3390                       3.2878774    3.15765  3.96%   209  274s
  8919  3434 infeasible   49         3.28788    3.15773  3.96%   208  275s
  9116  3497    3.17808   44  195    3.28788    3.15857  3.93%   208  280s
  9221  3532     cutoff   30         3.28788    3.15919  3.91%   208  285s
  9409  3608    3.25848   45  121    3.28788    3.16011  3.89%   207  290s
  9606  3663     cutoff   33         3.28788    3.16173  3.84%   207  295s
  9801  3740    3.20823   35   84    3.28788    3.16323  3.79%   206  300s
  9975  3789     cutoff   33         3.28788    3.16405  3.77%   206  305s
 10197  3854    3.21461   30  188    3.28788    3.16540  3.73%   205  310s
 10202  3859    3.23427   35  192    3.28788    3.16540  3.73%   205  360s
 10417  3933     cutoff   43         3.28788    3.16722  3.67%   205  365s
 10582  3974    3.28187   40  149    3.28788    3.16844  3.63%   206  370s
*10734  3972              40       3.2868095    3.16970  3.56%   206  374s
 10767  3973     cutoff   45         3.28681    3.17007  3.55%   206  375s
H10822  3952                       3.2812653    3.17027  3.38%   206  377s
 10948  3993    3.27627   60   95    3.28127    3.17072  3.37%   206  380s
 11155  4043     cutoff   29         3.28127    3.17186  3.33%   206  385s
 11377  4085    3.27919   41  104    3.28127    3.17307  3.30%   206  390s
 11629  4172    3.23427   44  118    3.28127    3.17423  3.26%   205  395s
 11805  4234    3.22883   43   63    3.28127    3.17504  3.24%   205  400s
 12077  4305    3.18896   30   60    3.28127    3.17637  3.20%   204  405s
 12312  4340    3.26340   46  146    3.28127    3.17799  3.15%   203  410s
H12423  4018                       3.2677075    3.17859  2.73%   203  412s
*12461  2012              82       3.2281973    3.17859  1.54%   202  412s
 12570  1970     cutoff   44         3.22820    3.18068  1.47%   202  415s
 12767  1934     cutoff   38         3.22820    3.18299  1.40%   202  420s
H12769  1851                       3.2264354    3.18304  1.34%   202  420s
H12769  1373                       3.2175102    3.18304  1.07%   202  420s
 12950  1308    3.20060   33  106    3.21751    3.18507  1.01%   202  425s
 13151  1214     cutoff   40         3.21751    3.18811  0.91%   202  430s
 13368  1127     cutoff   41         3.21751    3.19125  0.82%   202  435s
 13593   994     cutoff   36         3.21751    3.19515  0.69%   201  440s
H13898   827                       3.2171156    3.19930  0.55%   200  445s
 14197   611    3.21274   43  131    3.21712    3.20478  0.38%   198  450s
 14524   332     cutoff   35         3.21712    3.21034  0.21%   197  455s

Cutting planes:
  Gomory: 7
  Cover: 110
  Implied bound: 16
  Clique: 5
  MIR: 398
  StrongCG: 2
  Flow cover: 700
  GUB cover: 3
  RLT: 24
  Relax-and-lift: 570

Explored 14856 nodes (2890493 simplex iterations) in 458.05 seconds
Thread count was 1 (of 4 available processors)

Solution count 10: 3.21712 3.21751 3.22644 ... 3.28788

Optimal solution found (tolerance 1.00e-04)
Best objective 3.217115644219e+00, best bound 3.216834004222e+00, gap 0.0088%
