Using license file /home/benedond/gurobi.lic
Using gurobi.env file
Set parameter Threads to value 1
Academic license - for non-commercial use only
Gurobi Optimizer version 9.0.1 build v9.0.1rc0 (linux64)
Optimize a model with 1351 rows, 1275 columns and 5098 nonzeros
Model fingerprint: 0x87b0efb5
Variable types: 25 continuous, 1250 integer (1250 binary)
Coefficient statistics:
  Matrix range     [1e+00, 5e+02]
  Objective range  [0e+00, 0e+00]
  Bounds range     [1e+00, 1e+00]
  RHS range        [1e+00, 1e+03]
Presolve removed 984 rows and 951 columns
Presolve time: 0.37s
Presolved: 367 rows, 324 columns, 1254 nonzeros
Variable types: 18 continuous, 306 integer (306 binary)

Root relaxation: objective 0.000000e+00, 130 iterations, 0.00 seconds

    Nodes    |    Current Node    |     Objective Bounds      |     Work
 Expl Unexpl |  Obj  Depth IntInf | Incumbent    BestBd   Gap | It/Node Time

H    0     0                       0.0000000    0.00000  0.00%     -    0s
     0     0    0.00000    0   62    0.00000    0.00000  0.00%     -    0s

Explored 0 nodes (130 simplex iterations) in 0.37 seconds
Thread count was 1 (of 4 available processors)

Solution count 1: 0 

Optimal solution found (tolerance 1.00e-04)
Best objective 0.000000000000e+00, best bound 0.000000000000e+00, gap 0.0000%
Gurobi Optimizer version 9.0.1 build v9.0.1rc0 (linux64)
Optimize a model with 1352 rows, 1275 columns and 5123 nonzeros
Model fingerprint: 0x63f46250
Variable types: 25 continuous, 1250 integer (1250 binary)
Coefficient statistics:
  Matrix range     [1e+00, 5e+02]
  Objective range  [0e+00, 0e+00]
  Bounds range     [1e+00, 1e+00]
  RHS range        [1e+00, 1e+03]
Presolve removed 992 rows and 958 columns
Presolve time: 0.35s
Presolved: 360 rows, 317 columns, 1226 nonzeros
Variable types: 18 continuous, 299 integer (299 binary)

Root relaxation: objective 0.000000e+00, 142 iterations, 0.00 seconds

    Nodes    |    Current Node    |     Objective Bounds      |     Work
 Expl Unexpl |  Obj  Depth IntInf | Incumbent    BestBd   Gap | It/Node Time

H    0     0                       0.0000000    0.00000  0.00%     -    0s
     0     0    0.00000    0   54    0.00000    0.00000  0.00%     -    0s

Explored 0 nodes (142 simplex iterations) in 0.35 seconds
Thread count was 1 (of 4 available processors)

Solution count 1: 0 

Optimal solution found (tolerance 1.00e-04)
Best objective 0.000000000000e+00, best bound 0.000000000000e+00, gap 0.0000%
Gurobi Optimizer version 9.0.1 build v9.0.1rc0 (linux64)
Optimize a model with 1353 rows, 1275 columns and 5148 nonzeros
Model fingerprint: 0xf009ce93
Variable types: 25 continuous, 1250 integer (1250 binary)
Coefficient statistics:
  Matrix range     [1e+00, 5e+02]
  Objective range  [0e+00, 0e+00]
  Bounds range     [1e+00, 1e+00]
  RHS range        [1e+00, 1e+03]
Presolve removed 1001 rows and 966 columns
Presolve time: 0.34s
Presolved: 352 rows, 309 columns, 1195 nonzeros
Variable types: 17 continuous, 292 integer (292 binary)

Root relaxation: objective 0.000000e+00, 128 iterations, 0.00 seconds

    Nodes    |    Current Node    |     Objective Bounds      |     Work
 Expl Unexpl |  Obj  Depth IntInf | Incumbent    BestBd   Gap | It/Node Time

H    0     0                       0.0000000    0.00000  0.00%     -    0s
     0     0    0.00000    0    5    0.00000    0.00000  0.00%     -    0s

Explored 0 nodes (242 simplex iterations) in 0.34 seconds
Thread count was 1 (of 4 available processors)

Solution count 1: 0 

Optimal solution found (tolerance 1.00e-04)
Best objective 0.000000000000e+00, best bound 0.000000000000e+00, gap 0.0000%
Gurobi Optimizer version 9.0.1 build v9.0.1rc0 (linux64)
Optimize a model with 1354 rows, 1275 columns and 5173 nonzeros
Model fingerprint: 0x8773d0ac
Variable types: 25 continuous, 1250 integer (1250 binary)
Coefficient statistics:
  Matrix range     [1e+00, 5e+02]
  Objective range  [0e+00, 0e+00]
  Bounds range     [1e+00, 1e+00]
  RHS range        [1e+00, 1e+03]
Presolve removed 1074 rows and 992 columns
Presolve time: 0.28s
Presolved: 280 rows, 283 columns, 1012 nonzeros
Variable types: 16 continuous, 267 integer (267 binary)

Root relaxation: objective 0.000000e+00, 164 iterations, 0.00 seconds

    Nodes    |    Current Node    |     Objective Bounds      |     Work
 Expl Unexpl |  Obj  Depth IntInf | Incumbent    BestBd   Gap | It/Node Time

H    0     0                       0.0000000    0.00000  0.00%     -    0s
     0     0    0.00000    0   51    0.00000    0.00000  0.00%     -    0s

Explored 0 nodes (164 simplex iterations) in 0.29 seconds
Thread count was 1 (of 4 available processors)

Solution count 1: 0 

Optimal solution found (tolerance 1.00e-04)
Best objective 0.000000000000e+00, best bound 0.000000000000e+00, gap 0.0000%
Gurobi Optimizer version 9.0.1 build v9.0.1rc0 (linux64)
Optimize a model with 1355 rows, 1275 columns and 5198 nonzeros
Model fingerprint: 0x069619bc
Variable types: 25 continuous, 1250 integer (1250 binary)
Coefficient statistics:
  Matrix range     [1e+00, 5e+02]
  Objective range  [0e+00, 0e+00]
  Bounds range     [1e+00, 1e+00]
  RHS range        [1e+00, 1e+03]
Presolve removed 1017 rows and 980 columns
Presolve time: 0.30s
Presolved: 338 rows, 295 columns, 1141 nonzeros
Variable types: 17 continuous, 278 integer (278 binary)

Root relaxation: objective 0.000000e+00, 134 iterations, 0.00 seconds

    Nodes    |    Current Node    |     Objective Bounds      |     Work
 Expl Unexpl |  Obj  Depth IntInf | Incumbent    BestBd   Gap | It/Node Time

H    0     0                       0.0000000    0.00000  0.00%     -    0s
     0     0    0.00000    0   12    0.00000    0.00000  0.00%     -    0s

Explored 0 nodes (407 simplex iterations) in 0.31 seconds
Thread count was 1 (of 4 available processors)

Solution count 1: 0 

Optimal solution found (tolerance 1.00e-04)
Best objective 0.000000000000e+00, best bound 0.000000000000e+00, gap 0.0000%
Gurobi Optimizer version 9.0.1 build v9.0.1rc0 (linux64)
Optimize a model with 1356 rows, 1275 columns and 5223 nonzeros
Model fingerprint: 0x487ead3c
Variable types: 25 continuous, 1250 integer (1250 binary)
Coefficient statistics:
  Matrix range     [1e+00, 5e+02]
  Objective range  [0e+00, 0e+00]
  Bounds range     [1e+00, 1e+00]
  RHS range        [1e+00, 1e+03]
Presolve removed 1025 rows and 987 columns
Presolve time: 0.29s
Presolved: 331 rows, 288 columns, 1113 nonzeros
Variable types: 17 continuous, 271 integer (271 binary)

Root relaxation: objective 0.000000e+00, 123 iterations, 0.00 seconds

    Nodes    |    Current Node    |     Objective Bounds      |     Work
 Expl Unexpl |  Obj  Depth IntInf | Incumbent    BestBd   Gap | It/Node Time

     0     0    0.00000    0   14          -    0.00000      -     -    0s
H    0     0                       0.0000000    0.00000  0.00%     -    0s

Explored 1 nodes (528 simplex iterations) in 0.30 seconds
Thread count was 1 (of 4 available processors)

Solution count 1: 0 

Optimal solution found (tolerance 1.00e-04)
Best objective 0.000000000000e+00, best bound 0.000000000000e+00, gap 0.0000%
Gurobi Optimizer version 9.0.1 build v9.0.1rc0 (linux64)
Optimize a model with 1357 rows, 1275 columns and 5248 nonzeros
Model fingerprint: 0x346adc2e
Variable types: 25 continuous, 1250 integer (1250 binary)
Coefficient statistics:
  Matrix range     [1e+00, 5e+02]
  Objective range  [0e+00, 0e+00]
  Bounds range     [1e+00, 1e+00]
  RHS range        [1e+00, 1e+03]
Presolve removed 1031 rows and 992 columns
Presolve time: 0.28s
Presolved: 326 rows, 283 columns, 1093 nonzeros
Variable types: 17 continuous, 266 integer (266 binary)

Root relaxation: objective 0.000000e+00, 120 iterations, 0.00 seconds

    Nodes    |    Current Node    |     Objective Bounds      |     Work
 Expl Unexpl |  Obj  Depth IntInf | Incumbent    BestBd   Gap | It/Node Time

     0     0    0.00000    0   11          -    0.00000      -     -    0s
H    0     0                       0.0000000    0.00000  0.00%     -    0s
     0     0    0.00000    0   11    0.00000    0.00000  0.00%     -    0s

Explored 1 nodes (505 simplex iterations) in 0.29 seconds
Thread count was 1 (of 4 available processors)

Solution count 1: 0 

Optimal solution found (tolerance 1.00e-04)
Best objective 0.000000000000e+00, best bound 0.000000000000e+00, gap 0.0000%
Gurobi Optimizer version 9.0.1 build v9.0.1rc0 (linux64)
Optimize a model with 1358 rows, 1275 columns and 5273 nonzeros
Model fingerprint: 0xf57dffc9
Variable types: 25 continuous, 1250 integer (1250 binary)
Coefficient statistics:
  Matrix range     [1e+00, 5e+02]
  Objective range  [0e+00, 0e+00]
  Bounds range     [1e+00, 1e+00]
  RHS range        [1e+00, 1e+03]
Presolve removed 1141 rows and 1056 columns
Presolve time: 0.21s
Presolved: 217 rows, 219 columns, 770 nonzeros
Variable types: 14 continuous, 205 integer (205 binary)

Root relaxation: objective 0.000000e+00, 100 iterations, 0.00 seconds

    Nodes    |    Current Node    |     Objective Bounds      |     Work
 Expl Unexpl |  Obj  Depth IntInf | Incumbent    BestBd   Gap | It/Node Time

H    0     0                       0.0000000    0.00000  0.00%     -    0s
     0     0    0.00000    0   29    0.00000    0.00000  0.00%     -    0s

Explored 0 nodes (100 simplex iterations) in 0.21 seconds
Thread count was 1 (of 4 available processors)

Solution count 1: 0 

Optimal solution found (tolerance 1.00e-04)
Best objective 0.000000000000e+00, best bound 0.000000000000e+00, gap 0.0000%
Gurobi Optimizer version 9.0.1 build v9.0.1rc0 (linux64)
Optimize a model with 1359 rows, 1275 columns and 5298 nonzeros
Model fingerprint: 0xdec3f2ea
Variable types: 25 continuous, 1250 integer (1250 binary)
Coefficient statistics:
  Matrix range     [1e+00, 5e+02]
  Objective range  [0e+00, 0e+00]
  Bounds range     [1e+00, 1e+00]
  RHS range        [1e+00, 1e+03]
Presolve removed 1146 rows and 1061 columns
Presolve time: 0.20s
Presolved: 213 rows, 214 columns, 752 nonzeros
Variable types: 14 continuous, 200 integer (200 binary)

Root relaxation: objective 0.000000e+00, 114 iterations, 0.00 seconds

    Nodes    |    Current Node    |     Objective Bounds      |     Work
 Expl Unexpl |  Obj  Depth IntInf | Incumbent    BestBd   Gap | It/Node Time

H    0     0                       0.0000000    0.00000  0.00%     -    0s
     0     0    0.00000    0   27    0.00000    0.00000  0.00%     -    0s

Explored 0 nodes (114 simplex iterations) in 0.20 seconds
Thread count was 1 (of 4 available processors)

Solution count 1: 0 

Optimal solution found (tolerance 1.00e-04)
Best objective 0.000000000000e+00, best bound 0.000000000000e+00, gap 0.0000%
Gurobi Optimizer version 9.0.1 build v9.0.1rc0 (linux64)
Optimize a model with 1360 rows, 1275 columns and 5323 nonzeros
Model fingerprint: 0x5ec5e1ec
Variable types: 25 continuous, 1250 integer (1250 binary)
Coefficient statistics:
  Matrix range     [1e+00, 5e+02]
  Objective range  [0e+00, 0e+00]
  Bounds range     [1e+00, 1e+00]
  RHS range        [1e+00, 1e+03]
Presolve removed 1150 rows and 1065 columns
Presolve time: 0.19s
Presolved: 210 rows, 210 columns, 738 nonzeros
Variable types: 14 continuous, 196 integer (196 binary)

Root relaxation: objective 0.000000e+00, 117 iterations, 0.00 seconds

    Nodes    |    Current Node    |     Objective Bounds      |     Work
 Expl Unexpl |  Obj  Depth IntInf | Incumbent    BestBd   Gap | It/Node Time

     0     0    0.00000    0   34          -    0.00000      -     -    0s
     0     0    0.00000    0   20          -    0.00000      -     -    0s
     0     0    0.00000    0   20          -    0.00000      -     -    0s
H    0     0                       0.0000000    0.00000  0.00%     -    0s
     0     0    0.00000    0   10    0.00000    0.00000  0.00%     -    0s

Cutting planes:
  Gomory: 5
  Cover: 6
  Clique: 2
  MIR: 19
  Relax-and-lift: 5

Explored 1 nodes (564 simplex iterations) in 0.21 seconds
Thread count was 1 (of 4 available processors)

Solution count 1: 0 

Optimal solution found (tolerance 1.00e-04)
Best objective 0.000000000000e+00, best bound 0.000000000000e+00, gap 0.0000%
Gurobi Optimizer version 9.0.1 build v9.0.1rc0 (linux64)
Optimize a model with 1361 rows, 1275 columns and 5348 nonzeros
Model fingerprint: 0x72c7cd4b
Variable types: 25 continuous, 1250 integer (1250 binary)
Coefficient statistics:
  Matrix range     [1e+00, 5e+02]
  Objective range  [0e+00, 0e+00]
  Bounds range     [1e+00, 1e+00]
  RHS range        [1e+00, 1e+03]
Presolve removed 1161 rows and 1075 columns
Presolve time: 0.18s
Presolved: 200 rows, 200 columns, 699 nonzeros
Variable types: 14 continuous, 186 integer (186 binary)

Root relaxation: objective 0.000000e+00, 108 iterations, 0.00 seconds

    Nodes    |    Current Node    |     Objective Bounds      |     Work
 Expl Unexpl |  Obj  Depth IntInf | Incumbent    BestBd   Gap | It/Node Time

     0     0    0.00000    0    6          -    0.00000      -     -    0s
     0     0    0.00000    0   11          -    0.00000      -     -    0s
     0     0    0.00000    0   19          -    0.00000      -     -    0s
     0     0    0.00000    0    6          -    0.00000      -     -    0s
H    0     0                       0.0000000    0.00000  0.00%     -    0s
     0     0    0.00000    0    6    0.00000    0.00000  0.00%     -    0s

Cutting planes:
  Cover: 2
  Clique: 4
  MIR: 4
  Relax-and-lift: 1

Explored 1 nodes (708 simplex iterations) in 0.20 seconds
Thread count was 1 (of 4 available processors)

Solution count 1: 0 

Optimal solution found (tolerance 1.00e-04)
Best objective 0.000000000000e+00, best bound 0.000000000000e+00, gap 0.0000%
Gurobi Optimizer version 9.0.1 build v9.0.1rc0 (linux64)
Optimize a model with 1362 rows, 1275 columns and 5373 nonzeros
Model fingerprint: 0x7f591264
Variable types: 25 continuous, 1250 integer (1250 binary)
Coefficient statistics:
  Matrix range     [1e+00, 5e+02]
  Objective range  [0e+00, 0e+00]
  Bounds range     [1e+00, 1e+00]
  RHS range        [1e+00, 1e+03]
Presolve removed 1165 rows and 1079 columns
Presolve time: 0.17s
Presolved: 197 rows, 196 columns, 686 nonzeros
Variable types: 13 continuous, 183 integer (183 binary)

Root relaxation: objective 0.000000e+00, 97 iterations, 0.00 seconds

    Nodes    |    Current Node    |     Objective Bounds      |     Work
 Expl Unexpl |  Obj  Depth IntInf | Incumbent    BestBd   Gap | It/Node Time

     0     0    0.00000    0   10          -    0.00000      -     -    0s
     0     0    0.00000    0   36          -    0.00000      -     -    0s
     0     0    0.00000    0   20          -    0.00000      -     -    0s
     0     0    0.00000    0    8          -    0.00000      -     -    0s
     0     0    0.00000    0    9          -    0.00000      -     -    0s
     0     0    0.00000    0   12          -    0.00000      -     -    0s
     0     0    0.00000    0   13          -    0.00000      -     -    0s
     0     0    0.00000    0   11          -    0.00000      -     -    0s
     0     0    0.00000    0    6          -    0.00000      -     -    0s
H    0     0                       0.0000000    0.00000  0.00%     -    0s
     0     0    0.00000    0    6    0.00000    0.00000  0.00%     -    0s

Cutting planes:
  MIR: 3

Explored 1 nodes (1175 simplex iterations) in 0.22 seconds
Thread count was 1 (of 4 available processors)

Solution count 1: 0 

Optimal solution found (tolerance 1.00e-04)
Best objective 0.000000000000e+00, best bound 0.000000000000e+00, gap 0.0000%
Gurobi Optimizer version 9.0.1 build v9.0.1rc0 (linux64)
Optimize a model with 1363 rows, 1275 columns and 5398 nonzeros
Model fingerprint: 0xe0b8e81b
Variable types: 25 continuous, 1250 integer (1250 binary)
Coefficient statistics:
  Matrix range     [1e+00, 5e+02]
  Objective range  [0e+00, 0e+00]
  Bounds range     [1e+00, 1e+00]
  RHS range        [1e+00, 1e+03]
Presolve removed 1167 rows and 1082 columns
Presolve time: 0.17s
Presolved: 196 rows, 193 columns, 679 nonzeros
Variable types: 13 continuous, 180 integer (180 binary)

Root relaxation: objective 0.000000e+00, 100 iterations, 0.00 seconds

    Nodes    |    Current Node    |     Objective Bounds      |     Work
 Expl Unexpl |  Obj  Depth IntInf | Incumbent    BestBd   Gap | It/Node Time

     0     0    0.00000    0    8          -    0.00000      -     -    0s
     0     0    0.00000    0   35          -    0.00000      -     -    0s
     0     0    0.00000    0    8          -    0.00000      -     -    0s
     0     0    0.00000    0    8          -    0.00000      -     -    0s
     0     0    0.00000    0   14          -    0.00000      -     -    0s
     0     0    0.00000    0    6          -    0.00000      -     -    0s
     0     2    0.00000    0    6          -    0.00000      -     -    0s
*  267     0              11       0.0000000    0.00000  0.00%   5.5    0s

Cutting planes:
  Gomory: 1
  Cover: 26
  MIR: 15
  Relax-and-lift: 6

Explored 268 nodes (2329 simplex iterations) in 0.28 seconds
Thread count was 1 (of 4 available processors)

Solution count 1: 0 

Optimal solution found (tolerance 1.00e-04)
Best objective 0.000000000000e+00, best bound 0.000000000000e+00, gap 0.0000%
Gurobi Optimizer version 9.0.1 build v9.0.1rc0 (linux64)
Optimize a model with 1364 rows, 1275 columns and 5423 nonzeros
Model fingerprint: 0xe920300b
Variable types: 25 continuous, 1250 integer (1250 binary)
Coefficient statistics:
  Matrix range     [1e+00, 5e+02]
  Objective range  [0e+00, 0e+00]
  Bounds range     [1e+00, 1e+00]
  RHS range        [1e+00, 1e+03]
Presolve removed 1173 rows and 1088 columns
Presolve time: 0.16s
Presolved: 191 rows, 187 columns, 657 nonzeros
Variable types: 13 continuous, 174 integer (174 binary)

Root relaxation: objective 0.000000e+00, 108 iterations, 0.00 seconds

    Nodes    |    Current Node    |     Objective Bounds      |     Work
 Expl Unexpl |  Obj  Depth IntInf | Incumbent    BestBd   Gap | It/Node Time

     0     0    0.00000    0   10          -    0.00000      -     -    0s
     0     0    0.00000    0   12          -    0.00000      -     -    0s
     0     0    0.00000    0    8          -    0.00000      -     -    0s
     0     0    0.00000    0    9          -    0.00000      -     -    0s
     0     0    0.00000    0    4          -    0.00000      -     -    0s
     0     0    0.00000    0    8          -    0.00000      -     -    0s
     0     0    0.00000    0    8          -    0.00000      -     -    0s
     0     0    0.00000    0    6          -    0.00000      -     -    0s
     0     0    0.00000    0    6          -    0.00000      -     -    0s
     0     2    0.00000    0    6          -    0.00000      -     -    0s

Cutting planes:
  Cover: 107
  MIR: 21
  Relax-and-lift: 6

Explored 433 nodes (5136 simplex iterations) in 0.32 seconds
Thread count was 1 (of 4 available processors)

Solution count 0

Model is infeasible
Best objective -, best bound -, gap -
Gurobi Optimizer version 9.0.1 build v9.0.1rc0 (linux64)
Optimize a model with 1364 rows, 1275 columns and 5423 nonzeros
Model fingerprint: 0xa330de8f
Variable types: 25 continuous, 1250 integer (1250 binary)
Coefficient statistics:
  Matrix range     [1e+00, 5e+02]
  Objective range  [0e+00, 0e+00]
  Bounds range     [1e+00, 1e+00]
  RHS range        [1e+00, 1e+03]
Presolve removed 1165 rows and 1082 columns
Presolve time: 0.16s
Presolved: 199 rows, 193 columns, 684 nonzeros
Variable types: 13 continuous, 180 integer (180 binary)

Root relaxation: objective 0.000000e+00, 106 iterations, 0.00 seconds

    Nodes    |    Current Node    |     Objective Bounds      |     Work
 Expl Unexpl |  Obj  Depth IntInf | Incumbent    BestBd   Gap | It/Node Time

     0     0    0.00000    0   10          -    0.00000      -     -    0s
     0     0    0.00000    0   28          -    0.00000      -     -    0s
     0     0    0.00000    0   16          -    0.00000      -     -    0s
     0     0    0.00000    0   15          -    0.00000      -     -    0s
     0     0    0.00000    0   10          -    0.00000      -     -    0s
     0     0    0.00000    0   24          -    0.00000      -     -    0s
     0     0    0.00000    0   11          -    0.00000      -     -    0s
     0     0    0.00000    0    9          -    0.00000      -     -    0s
     0     2    0.00000    0    9          -    0.00000      -     -    0s
*  148     3              18       0.0000000    0.00000  0.00%  10.7    0s

Cutting planes:
  Gomory: 7
  Cover: 22
  Clique: 2
  MIR: 17
  Inf proof: 1
  Relax-and-lift: 6

Explored 149 nodes (2743 simplex iterations) in 0.26 seconds
Thread count was 1 (of 4 available processors)

Solution count 1: 0 

Optimal solution found (tolerance 1.00e-04)
Best objective 0.000000000000e+00, best bound 0.000000000000e+00, gap 0.0000%
Gurobi Optimizer version 9.0.1 build v9.0.1rc0 (linux64)
Optimize a model with 1365 rows, 1275 columns and 5448 nonzeros
Model fingerprint: 0x659a9912
Variable types: 25 continuous, 1250 integer (1250 binary)
Coefficient statistics:
  Matrix range     [1e+00, 5e+02]
  Objective range  [0e+00, 0e+00]
  Bounds range     [1e+00, 1e+00]
  RHS range        [1e+00, 1e+03]
Presolve removed 1085 rows and 1038 columns
Presolve time: 0.19s
Presolved: 280 rows, 237 columns, 910 nonzeros
Variable types: 16 continuous, 221 integer (221 binary)

Root relaxation: objective 0.000000e+00, 95 iterations, 0.00 seconds

    Nodes    |    Current Node    |     Objective Bounds      |     Work
 Expl Unexpl |  Obj  Depth IntInf | Incumbent    BestBd   Gap | It/Node Time

     0     0    0.00000    0   23          -    0.00000      -     -    0s
     0     0    0.00000    0   34          -    0.00000      -     -    0s
     0     0    0.00000    0   34          -    0.00000      -     -    0s
     0     0    0.00000    0   10          -    0.00000      -     -    0s
     0     0    0.00000    0   20          -    0.00000      -     -    0s
     0     0    0.00000    0   14          -    0.00000      -     -    0s
     0     0    0.00000    0   14          -    0.00000      -     -    0s
     0     0    0.00000    0    6          -    0.00000      -     -    0s
     0     0    0.00000    0   10          -    0.00000      -     -    0s
     0     0    0.00000    0   11          -    0.00000      -     -    0s
     0     0    0.00000    0   10          -    0.00000      -     -    0s
     0     2    0.00000    0    8          -    0.00000      -     -    0s

Cutting planes:
  Gomory: 1
  Cover: 17
  Clique: 7
  MIR: 21
  Relax-and-lift: 11

Explored 130 nodes (2582 simplex iterations) in 0.30 seconds
Thread count was 1 (of 4 available processors)

Solution count 0

Model is infeasible
Best objective -, best bound -, gap -
Gurobi Optimizer version 9.0.1 build v9.0.1rc0 (linux64)
Optimize a model with 1365 rows, 1275 columns and 5448 nonzeros
Model fingerprint: 0x2ca77388
Variable types: 25 continuous, 1250 integer (1250 binary)
Coefficient statistics:
  Matrix range     [1e+00, 5e+02]
  Objective range  [0e+00, 0e+00]
  Bounds range     [1e+00, 1e+00]
  RHS range        [1e+00, 1e+03]
Presolve removed 1081 rows and 1034 columns
Presolve time: 0.19s
Presolved: 284 rows, 241 columns, 926 nonzeros
Variable types: 16 continuous, 225 integer (225 binary)

Root relaxation: objective 0.000000e+00, 75 iterations, 0.00 seconds

    Nodes    |    Current Node    |     Objective Bounds      |     Work
 Expl Unexpl |  Obj  Depth IntInf | Incumbent    BestBd   Gap | It/Node Time

     0     0    0.00000    0    6          -    0.00000      -     -    0s
     0     0    0.00000    0   37          -    0.00000      -     -    0s
     0     0    0.00000    0    6          -    0.00000      -     -    0s
     0     0    0.00000    0    8          -    0.00000      -     -    0s
     0     0    0.00000    0    8          -    0.00000      -     -    0s
     0     2    0.00000    0    8          -    0.00000      -     -    0s
*  196     1              14       0.0000000    0.00000  0.00%   7.8    0s

Cutting planes:
  Cover: 12
  Clique: 5
  MIR: 14
  Relax-and-lift: 8

Explored 197 nodes (2088 simplex iterations) in 0.29 seconds
Thread count was 1 (of 4 available processors)

Solution count 1: 0 

Optimal solution found (tolerance 1.00e-04)
Best objective 0.000000000000e+00, best bound 0.000000000000e+00, gap 0.0000%
Gurobi Optimizer version 9.0.1 build v9.0.1rc0 (linux64)
Optimize a model with 1366 rows, 1275 columns and 5473 nonzeros
Model fingerprint: 0x9b4ebe94
Variable types: 25 continuous, 1250 integer (1250 binary)
Coefficient statistics:
  Matrix range     [1e+00, 5e+02]
  Objective range  [0e+00, 0e+00]
  Bounds range     [1e+00, 1e+00]
  RHS range        [1e+00, 1e+03]
Presolve removed 1173 rows and 1088 columns
Presolve time: 0.14s
Presolved: 193 rows, 187 columns, 658 nonzeros
Variable types: 13 continuous, 174 integer (174 binary)

Root relaxation: objective 0.000000e+00, 115 iterations, 0.00 seconds

    Nodes    |    Current Node    |     Objective Bounds      |     Work
 Expl Unexpl |  Obj  Depth IntInf | Incumbent    BestBd   Gap | It/Node Time

     0     0    0.00000    0   16          -    0.00000      -     -    0s
     0     0    0.00000    0   19          -    0.00000      -     -    0s
     0     0    0.00000    0   13          -    0.00000      -     -    0s
     0     0    0.00000    0   14          -    0.00000      -     -    0s
     0     0    0.00000    0   13          -    0.00000      -     -    0s
     0     0    0.00000    0    6          -    0.00000      -     -    0s
     0     2    0.00000    0    6          -    0.00000      -     -    0s

Cutting planes:
  Gomory: 5
  Cover: 39
  Clique: 9
  MIR: 20
  RLT: 1
  Relax-and-lift: 11

Explored 162 nodes (3130 simplex iterations) in 0.25 seconds
Thread count was 1 (of 4 available processors)

Solution count 0

Model is infeasible
Best objective -, best bound -, gap -
Gurobi Optimizer version 9.0.1 build v9.0.1rc0 (linux64)
Optimize a model with 1366 rows, 1275 columns and 5473 nonzeros
Model fingerprint: 0xac55860e
Variable types: 25 continuous, 1250 integer (1250 binary)
Coefficient statistics:
  Matrix range     [1e+00, 5e+02]
  Objective range  [0e+00, 0e+00]
  Bounds range     [1e+00, 1e+00]
  RHS range        [1e+00, 1e+03]
Presolve removed 1171 rows and 1086 columns
Presolve time: 0.14s
Presolved: 195 rows, 189 columns, 666 nonzeros
Variable types: 13 continuous, 176 integer (176 binary)

Root relaxation: objective 0.000000e+00, 127 iterations, 0.00 seconds

    Nodes    |    Current Node    |     Objective Bounds      |     Work
 Expl Unexpl |  Obj  Depth IntInf | Incumbent    BestBd   Gap | It/Node Time

     0     0    0.00000    0    8          -    0.00000      -     -    0s
     0     0    0.00000    0   27          -    0.00000      -     -    0s
     0     0    0.00000    0   27          -    0.00000      -     -    0s
     0     0    0.00000    0    5          -    0.00000      -     -    0s
     0     0    0.00000    0   10          -    0.00000      -     -    0s
     0     0    0.00000    0    9          -    0.00000      -     -    0s
     0     0    0.00000    0    6          -    0.00000      -     -    0s
     0     0    0.00000    0    6          -    0.00000      -     -    0s
     0     2    0.00000    0    6          -    0.00000      -     -    0s
*  149     3              23       0.0000000    0.00000  0.00%  17.4    0s

Cutting planes:
  Cover: 14
  Clique: 2
  MIR: 21
  StrongCG: 1
  Relax-and-lift: 5

Explored 150 nodes (3363 simplex iterations) in 0.24 seconds
Thread count was 1 (of 4 available processors)

Solution count 1: 0 

Optimal solution found (tolerance 1.00e-04)
Best objective 0.000000000000e+00, best bound 0.000000000000e+00, gap 0.0000%
Gurobi Optimizer version 9.0.1 build v9.0.1rc0 (linux64)
Optimize a model with 1367 rows, 1275 columns and 5498 nonzeros
Model fingerprint: 0x502b8bf0
Variable types: 25 continuous, 1250 integer (1250 binary)
Coefficient statistics:
  Matrix range     [1e+00, 5e+02]
  Objective range  [0e+00, 0e+00]
  Bounds range     [1e+00, 1e+00]
  RHS range        [1e+00, 1e+03]
Presolve removed 1171 rows and 1087 columns
Presolve time: 0.14s
Presolved: 196 rows, 188 columns, 668 nonzeros
Variable types: 13 continuous, 175 integer (175 binary)

Root relaxation: objective 0.000000e+00, 76 iterations, 0.00 seconds

    Nodes    |    Current Node    |     Objective Bounds      |     Work
 Expl Unexpl |  Obj  Depth IntInf | Incumbent    BestBd   Gap | It/Node Time

     0     0    0.00000    0    8          -    0.00000      -     -    0s
     0     0    0.00000    0    5          -    0.00000      -     -    0s
     0     0    0.00000    0    7          -    0.00000      -     -    0s
     0     0    0.00000    0    9          -    0.00000      -     -    0s
     0     0    0.00000    0    8          -    0.00000      -     -    0s
     0     0    0.00000    0    6          -    0.00000      -     -    0s
     0     0    0.00000    0    7          -    0.00000      -     -    0s
     0     0    0.00000    0    6          -    0.00000      -     -    0s
     0     0    0.00000    0    6          -    0.00000      -     -    0s
H    0     0                       0.0000000    0.00000  0.00%     -    0s
     0     0    0.00000    0    6    0.00000    0.00000  0.00%     -    0s

Cutting planes:
  Cover: 12
  Clique: 3
  MIR: 2
  Relax-and-lift: 3

Explored 1 nodes (684 simplex iterations) in 0.16 seconds
Thread count was 1 (of 4 available processors)

Solution count 1: 0 

Optimal solution found (tolerance 1.00e-04)
Best objective 0.000000000000e+00, best bound 0.000000000000e+00, gap 0.0000%
Gurobi Optimizer version 9.0.1 build v9.0.1rc0 (linux64)
Optimize a model with 1368 rows, 1275 columns and 5523 nonzeros
Model fingerprint: 0x4c87a8cb
Variable types: 25 continuous, 1250 integer (1250 binary)
Coefficient statistics:
  Matrix range     [1e+00, 5e+02]
  Objective range  [0e+00, 0e+00]
  Bounds range     [1e+00, 1e+00]
  RHS range        [1e+00, 1e+03]
Presolve removed 1176 rows and 1091 columns
Presolve time: 0.13s
Presolved: 192 rows, 184 columns, 649 nonzeros
Variable types: 13 continuous, 171 integer (171 binary)

Root relaxation: objective 0.000000e+00, 101 iterations, 0.00 seconds

    Nodes    |    Current Node    |     Objective Bounds      |     Work
 Expl Unexpl |  Obj  Depth IntInf | Incumbent    BestBd   Gap | It/Node Time

     0     0    0.00000    0   14          -    0.00000      -     -    0s
     0     0    0.00000    0   22          -    0.00000      -     -    0s
     0     0    0.00000    0    8          -    0.00000      -     -    0s
     0     0    0.00000    0    8          -    0.00000      -     -    0s
H    0     0                       0.0000000    0.00000  0.00%     -    0s
     0     0    0.00000    0   12    0.00000    0.00000  0.00%     -    0s

Cutting planes:
  Cover: 7
  Implied bound: 1
  Clique: 4
  MIR: 12
  Relax-and-lift: 5

Explored 1 nodes (621 simplex iterations) in 0.15 seconds
Thread count was 1 (of 4 available processors)

Solution count 1: 0 

Optimal solution found (tolerance 1.00e-04)
Best objective 0.000000000000e+00, best bound 0.000000000000e+00, gap 0.0000%
Gurobi Optimizer version 9.0.1 build v9.0.1rc0 (linux64)
Optimize a model with 1369 rows, 1275 columns and 5548 nonzeros
Model fingerprint: 0xfb18ed50
Variable types: 25 continuous, 1250 integer (1250 binary)
Coefficient statistics:
  Matrix range     [1e+00, 5e+02]
  Objective range  [0e+00, 0e+00]
  Bounds range     [1e+00, 1e+00]
  RHS range        [1e+00, 1e+03]
Presolve removed 1176 rows and 1092 columns
Presolve time: 0.13s
Presolved: 193 rows, 183 columns, 649 nonzeros
Variable types: 13 continuous, 170 integer (170 binary)

Root relaxation: objective 0.000000e+00, 100 iterations, 0.00 seconds

    Nodes    |    Current Node    |     Objective Bounds      |     Work
 Expl Unexpl |  Obj  Depth IntInf | Incumbent    BestBd   Gap | It/Node Time

     0     0    0.00000    0   18          -    0.00000      -     -    0s
     0     0    0.00000    0   23          -    0.00000      -     -    0s
     0     0    0.00000    0   12          -    0.00000      -     -    0s
     0     0    0.00000    0   12          -    0.00000      -     -    0s
     0     0    0.00000    0   11          -    0.00000      -     -    0s
     0     0    0.00000    0    7          -    0.00000      -     -    0s
     0     0    0.00000    0   12          -    0.00000      -     -    0s
     0     0    0.00000    0    9          -    0.00000      -     -    0s
     0     0    0.00000    0    9          -    0.00000      -     -    0s
     0     2    0.00000    0    9          -    0.00000      -     -    0s

Cutting planes:
  Gomory: 1
  Cover: 93
  Clique: 14
  MIR: 43
  Relax-and-lift: 11

Explored 420 nodes (5842 simplex iterations) in 0.30 seconds
Thread count was 1 (of 4 available processors)

Solution count 0

Model is infeasible
Best objective -, best bound -, gap -
Gurobi Optimizer version 9.0.1 build v9.0.1rc0 (linux64)
Optimize a model with 1369 rows, 1275 columns and 5548 nonzeros
Model fingerprint: 0x594bf15e
Variable types: 25 continuous, 1250 integer (1250 binary)
Coefficient statistics:
  Matrix range     [1e+00, 5e+02]
  Objective range  [0e+00, 0e+00]
  Bounds range     [1e+00, 1e+00]
  RHS range        [1e+00, 1e+03]
Presolve removed 1177 rows and 1093 columns
Presolve time: 0.13s
Presolved: 192 rows, 182 columns, 645 nonzeros
Variable types: 13 continuous, 169 integer (169 binary)

Root relaxation: objective 0.000000e+00, 95 iterations, 0.00 seconds

    Nodes    |    Current Node    |     Objective Bounds      |     Work
 Expl Unexpl |  Obj  Depth IntInf | Incumbent    BestBd   Gap | It/Node Time

     0     0    0.00000    0   10          -    0.00000      -     -    0s
     0     0    0.00000    0   18          -    0.00000      -     -    0s
     0     0    0.00000    0   20          -    0.00000      -     -    0s
     0     0    0.00000    0    8          -    0.00000      -     -    0s
     0     0    0.00000    0   12          -    0.00000      -     -    0s
     0     0    0.00000    0   14          -    0.00000      -     -    0s
     0     0    0.00000    0    8          -    0.00000      -     -    0s
     0     0    0.00000    0   10          -    0.00000      -     -    0s
     0     0    0.00000    0   15          -    0.00000      -     -    0s
     0     0    0.00000    0    8          -    0.00000      -     -    0s
     0     2    0.00000    0    8          -    0.00000      -     -    0s
*  288     1              12       0.0000000    0.00000  0.00%   7.0    0s

Cutting planes:
  Gomory: 1
  Cover: 42
  Clique: 5
  MIR: 32
  Relax-and-lift: 5

Explored 289 nodes (2997 simplex iterations) in 0.25 seconds
Thread count was 1 (of 4 available processors)

Solution count 1: 0 

Optimal solution found (tolerance 1.00e-04)
Best objective 0.000000000000e+00, best bound 0.000000000000e+00, gap 0.0000%
Gurobi Optimizer version 9.0.1 build v9.0.1rc0 (linux64)
Optimize a model with 1370 rows, 1275 columns and 5573 nonzeros
Model fingerprint: 0x7eabfebc
Variable types: 25 continuous, 1250 integer (1250 binary)
Coefficient statistics:
  Matrix range     [1e+00, 5e+02]
  Objective range  [0e+00, 0e+00]
  Bounds range     [1e+00, 1e+00]
  RHS range        [1e+00, 1e+03]
Presolve removed 1185 rows and 1101 columns
Presolve time: 0.12s
Presolved: 185 rows, 174 columns, 617 nonzeros
Variable types: 12 continuous, 162 integer (162 binary)

Root relaxation: objective 0.000000e+00, 106 iterations, 0.00 seconds

    Nodes    |    Current Node    |     Objective Bounds      |     Work
 Expl Unexpl |  Obj  Depth IntInf | Incumbent    BestBd   Gap | It/Node Time

     0     0    0.00000    0    8          -    0.00000      -     -    0s
     0     0    0.00000    0   14          -    0.00000      -     -    0s
     0     0    0.00000    0    6          -    0.00000      -     -    0s
     0     0    0.00000    0   20          -    0.00000      -     -    0s
     0     0    0.00000    0   28          -    0.00000      -     -    0s
     0     0    0.00000    0    8          -    0.00000      -     -    0s
     0     0    0.00000    0   30          -    0.00000      -     -    0s
     0     0    0.00000    0   11          -    0.00000      -     -    0s
     0     0    0.00000    0    6          -    0.00000      -     -    0s
     0     2    0.00000    0    6          -    0.00000      -     -    0s

Cutting planes:
  Cover: 32
  Clique: 5
  MIR: 26
  Relax-and-lift: 4

Explored 130 nodes (2717 simplex iterations) in 0.22 seconds
Thread count was 1 (of 4 available processors)

Solution count 0

Model is infeasible
Best objective -, best bound -, gap -
Gurobi Optimizer version 9.0.1 build v9.0.1rc0 (linux64)
Optimize a model with 1370 rows, 1275 columns and 5573 nonzeros
Model fingerprint: 0x6caceb35
Variable types: 25 continuous, 1250 integer (1250 binary)
Coefficient statistics:
  Matrix range     [1e+00, 5e+02]
  Objective range  [0e+00, 0e+00]
  Bounds range     [1e+00, 1e+00]
  RHS range        [1e+00, 1e+03]
Presolve removed 1179 rows and 1095 columns
Presolve time: 0.13s
Presolved: 191 rows, 180 columns, 638 nonzeros
Variable types: 13 continuous, 167 integer (167 binary)

Root relaxation: objective 0.000000e+00, 115 iterations, 0.00 seconds

    Nodes    |    Current Node    |     Objective Bounds      |     Work
 Expl Unexpl |  Obj  Depth IntInf | Incumbent    BestBd   Gap | It/Node Time

     0     0    0.00000    0    8          -    0.00000      -     -    0s
     0     0    0.00000    0   16          -    0.00000      -     -    0s
     0     0    0.00000    0   12          -    0.00000      -     -    0s
     0     0    0.00000    0   10          -    0.00000      -     -    0s
     0     0    0.00000    0   14          -    0.00000      -     -    0s
     0     0    0.00000    0   21          -    0.00000      -     -    0s
     0     0    0.00000    0   12          -    0.00000      -     -    0s
     0     0    0.00000    0   12          -    0.00000      -     -    0s
     0     2    0.00000    0   12          -    0.00000      -     -    0s
H  831     3                       0.0000000    0.00000  0.00%   8.4    0s

Cutting planes:
  Cover: 155
  Implied bound: 14
  Clique: 6
  MIR: 29
  Inf proof: 3
  Relax-and-lift: 8

Explored 832 nodes (7769 simplex iterations) in 0.37 seconds
Thread count was 1 (of 4 available processors)

Solution count 1: 0 

Optimal solution found (tolerance 1.00e-04)
Best objective 0.000000000000e+00, best bound 0.000000000000e+00, gap 0.0000%
Gurobi Optimizer version 9.0.1 build v9.0.1rc0 (linux64)
Optimize a model with 1371 rows, 1275 columns and 5598 nonzeros
Model fingerprint: 0x6a555072
Variable types: 25 continuous, 1250 integer (1250 binary)
Coefficient statistics:
  Matrix range     [1e+00, 5e+02]
  Objective range  [0e+00, 0e+00]
  Bounds range     [1e+00, 1e+00]
  RHS range        [1e+00, 1e+03]
Presolve removed 1185 rows and 1101 columns
Presolve time: 0.12s
Presolved: 186 rows, 174 columns, 617 nonzeros
Variable types: 12 continuous, 162 integer (162 binary)

Root relaxation: objective 0.000000e+00, 94 iterations, 0.00 seconds

    Nodes    |    Current Node    |     Objective Bounds      |     Work
 Expl Unexpl |  Obj  Depth IntInf | Incumbent    BestBd   Gap | It/Node Time

     0     0    0.00000    0   10          -    0.00000      -     -    0s
     0     0    0.00000    0   13          -    0.00000      -     -    0s
     0     0    0.00000    0   14          -    0.00000      -     -    0s
     0     0    0.00000    0   11          -    0.00000      -     -    0s
     0     0    0.00000    0   11          -    0.00000      -     -    0s
     0     0    0.00000    0    8          -    0.00000      -     -    0s
     0     2    0.00000    0    8          -    0.00000      -     -    0s

Cutting planes:
  Gomory: 3
  Cover: 27
  MIR: 9
  Relax-and-lift: 4

Explored 312 nodes (2621 simplex iterations) in 0.22 seconds
Thread count was 1 (of 4 available processors)

Solution count 0

Model is infeasible
Best objective -, best bound -, gap -
Gurobi Optimizer version 9.0.1 build v9.0.1rc0 (linux64)
Optimize a model with 1371 rows, 1275 columns and 5598 nonzeros
Model fingerprint: 0x44fff915
Variable types: 25 continuous, 1250 integer (1250 binary)
Coefficient statistics:
  Matrix range     [1e+00, 5e+02]
  Objective range  [0e+00, 0e+00]
  Bounds range     [1e+00, 1e+00]
  RHS range        [1e+00, 1e+03]
Presolve removed 1180 rows and 1096 columns
Presolve time: 0.12s
Presolved: 191 rows, 179 columns, 636 nonzeros
Variable types: 13 continuous, 166 integer (166 binary)

Root relaxation: objective 0.000000e+00, 113 iterations, 0.00 seconds

    Nodes    |    Current Node    |     Objective Bounds      |     Work
 Expl Unexpl |  Obj  Depth IntInf | Incumbent    BestBd   Gap | It/Node Time

     0     0    0.00000    0    8          -    0.00000      -     -    0s
     0     0    0.00000    0   25          -    0.00000      -     -    0s
     0     0    0.00000    0    6          -    0.00000      -     -    0s
     0     0    0.00000    0   15          -    0.00000      -     -    0s
     0     0    0.00000    0   13          -    0.00000      -     -    0s
     0     0    0.00000    0   35          -    0.00000      -     -    0s
     0     0    0.00000    0   11          -    0.00000      -     -    0s
     0     0    0.00000    0    7          -    0.00000      -     -    0s
     0     2    0.00000    0    7          -    0.00000      -     -    0s
*  253     0              22       0.0000000    0.00000  0.00%  11.1    0s

Cutting planes:
  Gomory: 1
  Cover: 31
  Clique: 3
  MIR: 23
  Relax-and-lift: 6

Explored 254 nodes (4015 simplex iterations) in 0.25 seconds
Thread count was 1 (of 4 available processors)

Solution count 1: 0 

Optimal solution found (tolerance 1.00e-04)
Best objective 0.000000000000e+00, best bound 0.000000000000e+00, gap 0.0000%
Gurobi Optimizer version 9.0.1 build v9.0.1rc0 (linux64)
Optimize a model with 1372 rows, 1275 columns and 5623 nonzeros
Model fingerprint: 0x889cf0b4
Variable types: 25 continuous, 1250 integer (1250 binary)
Coefficient statistics:
  Matrix range     [1e+00, 5e+02]
  Objective range  [0e+00, 0e+00]
  Bounds range     [1e+00, 1e+00]
  RHS range        [1e+00, 1e+03]
Presolve removed 1136 rows and 1081 columns
Presolve time: 0.13s
Presolved: 236 rows, 194 columns, 740 nonzeros
Variable types: 15 continuous, 179 integer (179 binary)

Root relaxation: objective 0.000000e+00, 81 iterations, 0.00 seconds

    Nodes    |    Current Node    |     Objective Bounds      |     Work
 Expl Unexpl |  Obj  Depth IntInf | Incumbent    BestBd   Gap | It/Node Time

     0     0    0.00000    0   12          -    0.00000      -     -    0s
     0     0    0.00000    0   13          -    0.00000      -     -    0s
     0     0    0.00000    0   14          -    0.00000      -     -    0s
     0     0    0.00000    0   14          -    0.00000      -     -    0s
     0     0    0.00000    0   10          -    0.00000      -     -    0s
     0     0    0.00000    0   10          -    0.00000      -     -    0s
     0     0    0.00000    0   14          -    0.00000      -     -    0s
     0     0    0.00000    0   16          -    0.00000      -     -    0s
     0     0    0.00000    0    7          -    0.00000      -     -    0s
     0     0    0.00000    0   11          -    0.00000      -     -    0s
     0     0    0.00000    0   13          -    0.00000      -     -    0s
     0     0    0.00000    0   13          -    0.00000      -     -    0s
     0     2    0.00000    0   13          -    0.00000      -     -    0s

Cutting planes:
  Cover: 44
  Clique: 6
  MIR: 34
  Relax-and-lift: 13

Explored 270 nodes (2923 simplex iterations) in 0.25 seconds
Thread count was 1 (of 4 available processors)

Solution count 0

Model is infeasible
Best objective -, best bound -, gap -
Gurobi Optimizer version 9.0.1 build v9.0.1rc0 (linux64)
Optimize a model with 1372 rows, 1275 columns and 5623 nonzeros
Model fingerprint: 0x300c81ab
Variable types: 25 continuous, 1250 integer (1250 binary)
Coefficient statistics:
  Matrix range     [1e+00, 5e+02]
  Objective range  [0e+00, 0e+00]
  Bounds range     [1e+00, 1e+00]
  RHS range        [1e+00, 1e+03]
Presolve removed 1126 rows and 1072 columns
Presolve time: 0.13s
Presolved: 246 rows, 203 columns, 775 nonzeros
Variable types: 15 continuous, 188 integer (188 binary)

Root relaxation: objective 0.000000e+00, 92 iterations, 0.00 seconds

    Nodes    |    Current Node    |     Objective Bounds      |     Work
 Expl Unexpl |  Obj  Depth IntInf | Incumbent    BestBd   Gap | It/Node Time

     0     0    0.00000    0    8          -    0.00000      -     -    0s
     0     0    0.00000    0   21          -    0.00000      -     -    0s
     0     0    0.00000    0   10          -    0.00000      -     -    0s
     0     0    0.00000    0   12          -    0.00000      -     -    0s
     0     0    0.00000    0   12          -    0.00000      -     -    0s
     0     0    0.00000    0   12          -    0.00000      -     -    0s
     0     0    0.00000    0   10          -    0.00000      -     -    0s
     0     0    0.00000    0    8          -    0.00000      -     -    0s
H    0     0                       0.0000000    0.00000  0.00%     -    0s
     0     0    0.00000    0    8    0.00000    0.00000  0.00%     -    0s

Cutting planes:
  Cover: 2
  Clique: 1
  MIR: 3
  Relax-and-lift: 2

Explored 1 nodes (796 simplex iterations) in 0.17 seconds
Thread count was 1 (of 4 available processors)

Solution count 1: 0 

Optimal solution found (tolerance 1.00e-04)
Best objective 0.000000000000e+00, best bound 0.000000000000e+00, gap 0.0000%
Gurobi Optimizer version 9.0.1 build v9.0.1rc0 (linux64)
Optimize a model with 1373 rows, 1275 columns and 5648 nonzeros
Model fingerprint: 0xb4bdc513
Variable types: 25 continuous, 1250 integer (1250 binary)
Coefficient statistics:
  Matrix range     [1e+00, 5e+02]
  Objective range  [0e+00, 0e+00]
  Bounds range     [1e+00, 1e+00]
  RHS range        [1e+00, 1e+03]
Presolve removed 1135 rows and 1080 columns
Presolve time: 0.12s
Presolved: 238 rows, 195 columns, 743 nonzeros
Variable types: 15 continuous, 180 integer (180 binary)

Root relaxation: objective 0.000000e+00, 76 iterations, 0.00 seconds

    Nodes    |    Current Node    |     Objective Bounds      |     Work
 Expl Unexpl |  Obj  Depth IntInf | Incumbent    BestBd   Gap | It/Node Time

     0     0    0.00000    0   13          -    0.00000      -     -    0s
     0     0    0.00000    0   16          -    0.00000      -     -    0s
     0     0    0.00000    0   16          -    0.00000      -     -    0s
     0     0    0.00000    0   13          -    0.00000      -     -    0s
     0     0    0.00000    0   13          -    0.00000      -     -    0s
     0     0    0.00000    0   15          -    0.00000      -     -    0s
     0     0    0.00000    0   15          -    0.00000      -     -    0s
     0     0    0.00000    0   10          -    0.00000      -     -    0s
     0     0    0.00000    0   16          -    0.00000      -     -    0s
     0     0    0.00000    0   12          -    0.00000      -     -    0s
     0     0    0.00000    0   12          -    0.00000      -     -    0s
     0     2    0.00000    0   11          -    0.00000      -     -    0s
*  267     3               8       0.0000000    0.00000  0.00%   6.3    0s

Cutting planes:
  Gomory: 1
  Cover: 24
  MIR: 17
  Relax-and-lift: 4

Explored 268 nodes (2543 simplex iterations) in 0.23 seconds
Thread count was 1 (of 4 available processors)

Solution count 1: 0 

Optimal solution found (tolerance 1.00e-04)
Best objective 0.000000000000e+00, best bound 0.000000000000e+00, gap 0.0000%
Gurobi Optimizer version 9.0.1 build v9.0.1rc0 (linux64)
Optimize a model with 1374 rows, 1275 columns and 5673 nonzeros
Model fingerprint: 0x92814c37
Variable types: 25 continuous, 1250 integer (1250 binary)
Coefficient statistics:
  Matrix range     [1e+00, 5e+02]
  Objective range  [0e+00, 0e+00]
  Bounds range     [1e+00, 1e+00]
  RHS range        [1e+00, 1e+03]
Presolve removed 1182 rows and 1099 columns
Presolve time: 0.11s
Presolved: 192 rows, 176 columns, 623 nonzeros
Variable types: 14 continuous, 162 integer (162 binary)

Root relaxation: objective 0.000000e+00, 108 iterations, 0.00 seconds

    Nodes    |    Current Node    |     Objective Bounds      |     Work
 Expl Unexpl |  Obj  Depth IntInf | Incumbent    BestBd   Gap | It/Node Time

     0     0    0.00000    0   10          -    0.00000      -     -    0s
     0     0    0.00000    0   39          -    0.00000      -     -    0s
     0     0    0.00000    0   21          -    0.00000      -     -    0s
     0     0    0.00000    0   18          -    0.00000      -     -    0s
     0     0    0.00000    0   12          -    0.00000      -     -    0s
     0     0    0.00000    0   13          -    0.00000      -     -    0s
     0     0    0.00000    0   13          -    0.00000      -     -    0s
     0     2    0.00000    0   13          -    0.00000      -     -    0s

Cutting planes:
  Cover: 25
  Clique: 5
  MIR: 17
  Relax-and-lift: 6

Explored 230 nodes (2337 simplex iterations) in 0.21 seconds
Thread count was 1 (of 4 available processors)

Solution count 0

Model is infeasible
Best objective -, best bound -, gap -
Gurobi Optimizer version 9.0.1 build v9.0.1rc0 (linux64)
Optimize a model with 1374 rows, 1275 columns and 5673 nonzeros
Model fingerprint: 0xd18c7c89
Variable types: 25 continuous, 1250 integer (1250 binary)
Coefficient statistics:
  Matrix range     [1e+00, 5e+02]
  Objective range  [0e+00, 0e+00]
  Bounds range     [1e+00, 1e+00]
  RHS range        [1e+00, 1e+03]
Presolve removed 1182 rows and 1099 columns
Presolve time: 0.11s
Presolved: 192 rows, 176 columns, 623 nonzeros
Variable types: 14 continuous, 162 integer (162 binary)

Root relaxation: objective 0.000000e+00, 128 iterations, 0.00 seconds

    Nodes    |    Current Node    |     Objective Bounds      |     Work
 Expl Unexpl |  Obj  Depth IntInf | Incumbent    BestBd   Gap | It/Node Time

     0     0    0.00000    0    8          -    0.00000      -     -    0s
     0     0    0.00000    0   17          -    0.00000      -     -    0s
     0     0    0.00000    0   10          -    0.00000      -     -    0s
     0     0    0.00000    0    8          -    0.00000      -     -    0s
     0     0    0.00000    0   20          -    0.00000      -     -    0s
     0     0    0.00000    0    7          -    0.00000      -     -    0s
     0     0    0.00000    0   11          -    0.00000      -     -    0s
     0     0    0.00000    0   15          -    0.00000      -     -    0s
     0     0    0.00000    0   10          -    0.00000      -     -    0s
H    0     0                       0.0000000    0.00000  0.00%     -    0s
     0     0    0.00000    0   10    0.00000    0.00000  0.00%     -    0s

Cutting planes:
  Cover: 1
  Clique: 2
  Relax-and-lift: 1

Explored 1 nodes (1367 simplex iterations) in 0.16 seconds
Thread count was 1 (of 4 available processors)

Solution count 1: 0 

Optimal solution found (tolerance 1.00e-04)
Best objective 0.000000000000e+00, best bound 0.000000000000e+00, gap 0.0000%
Gurobi Optimizer version 9.0.1 build v9.0.1rc0 (linux64)
Optimize a model with 1375 rows, 1275 columns and 5698 nonzeros
Model fingerprint: 0x9cd8834d
Variable types: 25 continuous, 1250 integer (1250 binary)
Coefficient statistics:
  Matrix range     [1e+00, 5e+02]
  Objective range  [0e+00, 0e+00]
  Bounds range     [1e+00, 1e+00]
  RHS range        [1e+00, 1e+03]
Presolve removed 1188 rows and 1105 columns
Presolve time: 0.11s
Presolved: 187 rows, 170 columns, 597 nonzeros
Variable types: 14 continuous, 156 integer (156 binary)

Root relaxation: objective 0.000000e+00, 120 iterations, 0.00 seconds

    Nodes    |    Current Node    |     Objective Bounds      |     Work
 Expl Unexpl |  Obj  Depth IntInf | Incumbent    BestBd   Gap | It/Node Time

     0     0    0.00000    0   10          -    0.00000      -     -    0s
     0     0    0.00000    0   26          -    0.00000      -     -    0s
     0     0    0.00000    0   14          -    0.00000      -     -    0s
     0     0    0.00000    0   15          -    0.00000      -     -    0s
     0     0    0.00000    0   14          -    0.00000      -     -    0s
     0     0    0.00000    0    8          -    0.00000      -     -    0s
     0     2    0.00000    0    8          -    0.00000      -     -    0s
*  196     1              17       0.0000000    0.00000  0.00%   7.8    0s

Cutting planes:
  Cover: 36
  Clique: 10
  MIR: 9
  Inf proof: 2
  Relax-and-lift: 5

Explored 197 nodes (2307 simplex iterations) in 0.19 seconds
Thread count was 1 (of 4 available processors)

Solution count 1: 0 

Optimal solution found (tolerance 1.00e-04)
Best objective 0.000000000000e+00, best bound 0.000000000000e+00, gap 0.0000%
Gurobi Optimizer version 9.0.1 build v9.0.1rc0 (linux64)
Optimize a model with 1375 rows, 1275 columns and 5698 nonzeros
Model fingerprint: 0x9cd8834d
Variable types: 25 continuous, 1250 integer (1250 binary)
Coefficient statistics:
  Matrix range     [1e+00, 5e+02]
  Objective range  [0e+00, 0e+00]
  Bounds range     [1e+00, 1e+00]
  RHS range        [1e+00, 1e+03]
Presolve removed 1188 rows and 1105 columns
Presolve time: 0.11s
Presolved: 187 rows, 170 columns, 597 nonzeros
Variable types: 14 continuous, 156 integer (156 binary)

Root relaxation: objective 0.000000e+00, 120 iterations, 0.00 seconds

    Nodes    |    Current Node    |     Objective Bounds      |     Work
 Expl Unexpl |  Obj  Depth IntInf | Incumbent    BestBd   Gap | It/Node Time

     0     0    0.00000    0   10          -    0.00000      -     -    0s
     0     0    0.00000    0   26          -    0.00000      -     -    0s
     0     0    0.00000    0   14          -    0.00000      -     -    0s
     0     0    0.00000    0   15          -    0.00000      -     -    0s
     0     0    0.00000    0   14          -    0.00000      -     -    0s
     0     0    0.00000    0    8          -    0.00000      -     -    0s
     0     2    0.00000    0    8          -    0.00000      -     -    0s
*  196     1              17       0.0000000    0.00000  0.00%   7.8    0s

Cutting planes:
  Cover: 36
  Clique: 10
  MIR: 9
  Inf proof: 2
  Relax-and-lift: 5

Explored 197 nodes (2307 simplex iterations) in 0.20 seconds
Thread count was 1 (of 4 available processors)

Solution count 1: 0 

Optimal solution found (tolerance 1.00e-04)
Best objective 0.000000000000e+00, best bound 0.000000000000e+00, gap 0.0000%
