Tasks lengths
[34, 47, 50, 51, 60, 69, 78, 81, 84, 84, 84, 86, 86, 89, 102, 106, 107, 110, 111, 111, 112, 126, 128, 128, 132, 135, 136, 144, 149, 149, 152, 152, 159, 162, 169, 185, 197, 232, 236, 242, 249, 253, 264, 316, 377, 401, 416, 433, 434, 468]
16
Using license file /home/benedond/gurobi.lic
Using gurobi.env file
Set parameter Threads to value 1
Academic license - for non-commercial use only
Changed value of parameter TimeLimit to 300.0
   Prev: inf  Min: 0.0  Max: inf  Default: inf
Gurobi Optimizer version 9.0.1 build v9.0.1rc0 (linux64)
Optimize a model with 873 rows, 816 columns and 3246 nonzeros
Model fingerprint: 0x3fcf8d2c
Model has 800 quadratic objective terms
Variable types: 16 continuous, 800 integer (800 binary)
Coefficient statistics:
  Matrix range     [1e+00, 5e+02]
  Objective range  [0e+00, 0e+00]
  QObjective range [4e-04, 4e-03]
  Bounds range     [1e+00, 1e+00]
  RHS range        [1e+00, 1e+03]
Presolve removed 369 rows and 363 columns
Presolve time: 0.18s
Presolved: 941 rows, 890 columns, 3095 nonzeros
Variable types: 0 continuous, 890 integer (437 binary)

Root relaxation: objective 0.000000e+00, 185 iterations, 0.00 seconds

    Nodes    |    Current Node    |     Objective Bounds      |     Work
 Expl Unexpl |  Obj  Depth IntInf | Incumbent    BestBd   Gap | It/Node Time

     0     0    0.00000    0   63          -    0.00000      -     -    0s
     0     0    0.00000    0   71          -    0.00000      -     -    0s
     0     0    0.00000    0   61          -    0.00000      -     -    0s
     0     0    0.00000    0   59          -    0.00000      -     -    0s
H    0     0                       4.9685999    0.00000   100%     -    0s
H    0     0                       4.8947561    0.00190   100%     -    0s
     0     2    0.00190    0   59    4.89476    0.00190   100%     -    0s
H  351   274                       4.8907191    0.06582  98.7%   8.0    0s
H  378   295                       4.6819323    0.06582  98.6%   8.1    0s
H  405   320                       4.6353604    0.06582  98.6%   7.9    0s
H  432   347                       3.6991426    0.06582  98.2%   7.6    0s
H  576   432                       3.6000535    0.74298  79.4%  22.0    1s
H  603   425                       3.5926167    0.74298  79.3%  22.7    1s
H  630   424                       3.5833750    0.74298  79.3%  22.8    1s
H  684   438                       3.5008367    0.74298  78.8%  22.4    1s
H  688   424                       3.4927920    0.74298  78.7%  22.3    1s
H  765   439                       3.3852467    0.74298  78.1%  20.4    1s
H  792   430                       3.3829905    0.74298  78.0%  21.5    1s
H  846   446                       3.3764085    0.74298  78.0%  22.6    2s
H  900   462                       3.3559049    0.74298  77.9%  22.9    2s
H  991   479                       3.3505659    0.77044  77.0%  27.6    2s
H 1018   480                       3.3212344    0.77044  76.8%  29.0    2s
H 1154   523                       3.3160910    0.79129  76.1%  31.2    2s
H 3150  2099                       3.3149003    0.89790  72.9%  22.0    4s
  3625  2489    1.86540   38   76    3.31490    0.90994  72.6%  22.0    5s
H 4734  3380                       3.2569280    0.92860  71.5%  20.3    5s
H 5168  3480                       3.2327284    0.93409  71.1%  21.9    7s
H 5222  3337                       3.2299312    0.93409  71.1%  22.2    7s
H 5359  3226                       3.2210963    0.93409  71.0%  22.7    7s
H 5467  3119                       3.1905188    0.93409  70.7%  22.6    7s
H 5548  3021                       3.1882246    0.93409  70.7%  22.5    7s
H 5907  3060                       3.1645564    1.03648  67.2%  22.1    8s
  7889  3962    1.39518   41   71    3.16456    1.14785  63.7%  21.2   10s
H 8093  3929                       3.1555733    1.15391  63.4%  20.9   10s
H 8139  3808                       3.1545707    1.15720  63.3%  20.9   10s
*14631  7356             183       3.1320721    1.30153  58.4%  19.1   14s
 14992  7607    1.91046   58   80    3.13207    1.30813  58.2%  19.1   15s
H15308  7447                       3.1201887    1.31236  57.9%  19.0   19s
 15316  7452    2.78626   70  186    3.12019    2.78626  10.7%  19.0   20s
 15371  7489    2.81400   84  186    3.12019    2.81400  9.81%  18.9   25s
H15398  7130                       3.1043557    2.82015  9.15%  19.5   27s
H15452  6787                       3.0957017    2.82015  8.90%  19.5   27s
H15479  6450                       3.0754972    2.82158  8.26%  19.5   27s
H15506  6129                       3.0691232    2.82158  8.07%  19.6   28s
 15800  6196    2.92263   55  124    3.06912    2.82265  8.03%  19.7   30s
H16720  6097                       3.0623270    2.82952  7.60%  20.0   31s
 18668  6477    3.02957   98   68    3.06233    2.84169  7.20%  20.2   35s
 21590  6942    2.86165   49   99    3.06233    2.86134  6.56%  20.5   40s
 25118  7507    2.99878   66  102    3.06233    2.87470  6.13%  20.4   45s
 28392  7848    2.90071   68   70    3.06233    2.88356  5.84%  20.2   50s
 31827  8271    2.89458   68   81    3.06233    2.88862  5.67%  19.8   55s
 35835  9714    3.00115   88   77    3.06233    2.89430  5.49%  19.3   60s
 40011 11594    3.00205   59  123    3.06233    2.89933  5.32%  18.9   65s
 44325 13520    2.90210   70   84    3.06233    2.90210  5.23%  18.3   70s
 48964 15420    2.97930   77   66    3.06233    2.90608  5.10%  18.0   75s
 53889 17616     cutoff   85         3.06233    2.90779  5.05%  17.4   80s
 58879 19743    3.01826   66   77    3.06233    2.90951  4.99%  17.0   85s
 63268 21262     cutoff   61         3.06233    2.91147  4.93%  16.8   90s
H64671 16180                       3.0165286    2.91185  3.47%  16.7   91s
 67656 17409    2.99359   79   70    3.01653    2.91240  3.45%  16.4   95s
 72172 18567    2.97760   69   60    3.01653    2.91482  3.37%  16.2  100s
 77266 19983    2.95203   64   89    3.01653    2.91787  3.27%  16.0  105s
 82560 21332    2.99394   75   68    3.01653    2.92083  3.17%  15.8  110s
 87919 22926     cutoff   72         3.01653    2.92233  3.12%  15.5  115s
 93076 24118    2.98906   75   85    3.01653    2.92471  3.04%  15.3  120s
 98392 25424    2.98590   61   85    3.01653    2.92683  2.97%  15.1  125s
 104249 26817    2.99731   64   78    3.01653    2.92865  2.91%  14.9  130s
H105477 25130                       3.0079313    2.92886  2.63%  14.8  131s
 108388 25557    2.93039   70  105    3.00793    2.93039  2.58%  14.8  135s
 113510 26529    2.98193   81   78    3.00793    2.93217  2.52%  14.7  140s
 118734 27394    2.98751   84   62    3.00793    2.93430  2.45%  14.5  145s
 124247 28559    2.93575   67   87    3.00793    2.93568  2.40%  14.4  150s
 129837 29515     cutoff   78         3.00793    2.93783  2.33%  14.3  155s
 135098 30321    2.98824   95   50    3.00793    2.93997  2.26%  14.2  160s
 140654 31245    2.94632   73   77    3.00793    2.94193  2.19%  14.1  165s
 146647 32519    2.94310   78   70    3.00793    2.94310  2.16%  14.0  170s
 151852 33563     cutoff   83         3.00793    2.94397  2.13%  13.9  175s
 157552 34321     cutoff   79         3.00793    2.94542  2.08%  13.8  180s
 163137 35144    2.99381   97   55    3.00793    2.94671  2.04%  13.7  185s
 168355 36041    2.99065   91   48    3.00793    2.94761  2.01%  13.6  190s
 174171 36877    2.97230   65   83    3.00793    2.94879  1.97%  13.5  195s
 179741 37853     cutoff   88         3.00793    2.94985  1.93%  13.4  200s
 184457 38660    2.97378   78   68    3.00793    2.95057  1.91%  13.3  205s
 190506 39589    2.95157   70   81    3.00793    2.95157  1.87%  13.2  210s
 196284 40633    2.99595   75   60    3.00793    2.95231  1.85%  13.1  215s
 202186 41450     cutoff   83         3.00793    2.95337  1.81%  13.0  220s
 208101 42485    2.95425   63   73    3.00793    2.95402  1.79%  12.9  225s
 214255 43307 infeasible   85         3.00793    2.95468  1.77%  12.8  230s
 220287 44277    2.98227   82   50    3.00793    2.95545  1.74%  12.7  235s
 226051 44849    3.00643   68   68    3.00793    2.95627  1.72%  12.7  240s
 232110 45621    2.95751   66   60    3.00793    2.95715  1.69%  12.6  245s
 237476 46236    3.00685   62   73    3.00793    2.95785  1.66%  12.5  250s
 243584 46979    2.96033   88   57    3.00793    2.95858  1.64%  12.5  255s
 249607 47624    2.98664   93   40    3.00793    2.95949  1.61%  12.4  260s
 255413 48171     cutoff   59         3.00793    2.96029  1.58%  12.3  265s
 261643 48894    2.98937   91   66    3.00793    2.96111  1.56%  12.3  270s
 267301 49356    3.00210   93   54    3.00793    2.96173  1.54%  12.2  275s
 272494 49929    2.96234   84   46    3.00793    2.96234  1.52%  12.1  280s
 278118 50404     cutoff   82         3.00793    2.96299  1.49%  12.1  285s
 283216 50887     cutoff   75         3.00793    2.96344  1.48%  12.1  290s
 288352 51363    2.98951   73   72    3.00793    2.96406  1.46%  12.0  295s

Cutting planes:
  Gomory: 45
  Cover: 12
  Implied bound: 435
  Projected implied bound: 64
  MIR: 54
  Flow cover: 101
  GUB cover: 6
  Zero half: 13
  Mod-K: 1
  Relax-and-lift: 37

Explored 293353 nodes (3515007 simplex iterations) in 300.00 seconds
Thread count was 1 (of 4 available processors)

Solution count 10: 3.00793 3.01653 3.06233 ... 3.15457

Time limit reached
Best objective 3.007931260489e+00, best bound 2.964517992255e+00, gap 1.4433%
