Tasks lengths
[48, 52, 53, 62, 67, 67, 71, 73, 81, 83, 90, 92, 94, 95, 95, 98, 100, 101, 102, 110, 110, 117, 118, 121, 124, 131, 134, 137, 139, 140, 145, 147, 154, 159, 171, 173, 183, 194, 195, 234, 238, 240, 242, 267, 305, 305, 323, 330, 389, 394]
14
Using license file /home/benedond/gurobi.lic
Using gurobi.env file
Set parameter Threads to value 1
Academic license - for non-commercial use only
Changed value of parameter TimeLimit to 300.0
   Prev: inf  Min: 0.0  Max: inf  Default: inf
Gurobi Optimizer version 9.0.1 build v9.0.1rc0 (linux64)
Optimize a model with 767 rows, 714 columns and 2840 nonzeros
Model fingerprint: 0x926fbc72
Model has 700 quadratic objective terms
Variable types: 14 continuous, 700 integer (700 binary)
Coefficient statistics:
  Matrix range     [1e+00, 4e+02]
  Objective range  [0e+00, 0e+00]
  QObjective range [4e-04, 4e-03]
  Bounds range     [1e+00, 1e+00]
  RHS range        [1e+00, 1e+03]
Presolve removed 297 rows and 293 columns
Presolve time: 0.13s
Presolved: 877 rows, 828 columns, 2882 nonzeros
Variable types: 0 continuous, 828 integer (407 binary)

Root relaxation: objective 0.000000e+00, 160 iterations, 0.00 seconds

    Nodes    |    Current Node    |     Objective Bounds      |     Work
 Expl Unexpl |  Obj  Depth IntInf | Incumbent    BestBd   Gap | It/Node Time

     0     0    0.00000    0   61          -    0.00000      -     -    0s
     0     0    0.00000    0   78          -    0.00000      -     -    0s
H    0     0                       4.3262262    0.00000   100%     -    0s
H    0     0                       4.1653582    0.00000   100%     -    0s
     0     0    0.00000    0   57    4.16536    0.00000   100%     -    0s
     0     0    0.00000    0   57    4.16536    0.00000   100%     -    0s
     0     2    0.00000    0   57    4.16536    0.00000   100%     -    0s
H  162   159                       4.0233949    0.16263  96.0%  19.6    0s
H  216   204                       4.0061714    0.16263  95.9%  18.0    0s
H  378   341                       3.9915315    0.18417  95.4%  16.8    0s
H  459   416                       3.7047925    0.18417  95.0%  15.4    0s
H  656   514                       3.6113559    0.51125  85.8%  30.6    1s
H  684   504                       3.5997938    0.51125  85.8%  30.0    1s
H  688   485                       3.5786539    0.51125  85.7%  30.0    1s
H  712   464                       3.5710508    0.51125  85.7%  29.8    1s
H  957   590                       3.5316174    0.51464  85.4%  27.6    2s
H  984   590                       3.5288338    0.51464  85.4%  27.0    2s
H 1038   596                       3.4323778    0.58345  83.0%  26.9    2s
H 1092   607                       3.4277694    0.58345  83.0%  26.7    2s
H 1119   608                       3.4066847    0.58345  82.9%  26.5    2s
H 1448   783                       3.3773696    0.60669  82.0%  23.8    2s
H 2524  1630                       3.3368930    0.66304  80.1%  22.3    3s
H 4045  2826                       3.3324973    0.71448  78.6%  20.9    4s
  4895  3491    1.98874   58   47    3.33250    0.73271  78.0%  19.6    5s
H 5490  3684                       3.3139941    0.73875  77.7%  21.7    6s
H 5545  3528                       3.2890189    0.73875  77.5%  21.9    6s
H 5599  3394                       3.2155265    0.73875  77.0%  21.9    6s
H 5626  3252                       3.2015498    0.73875  76.9%  21.8    6s
H 5680  3123                       3.1845061    0.73875  76.8%  21.7    6s
H 5938  3093                       3.1646992    0.73875  76.7%  21.6    7s
 10202  5021    1.17025   34   71    3.16470    0.89950  71.6%  18.6   10s
 15304  7864    1.99457  146  397    3.16470    0.93992  70.3%  16.7   15s
H15318  7479                       3.1480368    2.87477  8.68%  16.7   16s
H15323  7108                       3.1032258    2.87807  7.26%  16.7   17s
 15406  7119    2.96860   51   83    3.10323    2.90116  6.51%  17.2   20s
*15717  6825             106       3.0924399    2.91335  5.79%  17.4   21s
 17808  6972    2.97451   47   77    3.09244    2.94733  4.69%  18.2   25s
 21680  6724    3.00488   59  107    3.09244    2.96819  4.02%  18.6   30s
 25977  6161    3.05922   77   56    3.09244    2.99007  3.31%  18.5   35s
 30652  5419    3.05387   84   90    3.09244    3.00205  2.92%  17.9   40s
 35308  4361    3.02733   63   72    3.09244    3.01431  2.53%  17.5   45s
 39998  4621    3.07300   65   88    3.09244    3.02376  2.22%  17.0   50s
 45582  4848    3.07552   75   66    3.09244    3.03399  1.89%  16.4   55s
 50992  4655     cutoff   69         3.09244    3.04368  1.58%  15.9   60s
 56745  4299    3.05597   68   86    3.09244    3.05209  1.30%  15.4   65s
 62446  3337    3.06186   74   53    3.09244    3.06186  0.99%  15.1   70s
 67631  1754     cutoff   78         3.09244    3.07473  0.57%  14.7   75s

Cutting planes:
  Gomory: 25
  Cover: 7
  Implied bound: 391
  Projected implied bound: 19
  Clique: 1
  MIR: 33
  Flow cover: 108
  GUB cover: 3
  Zero half: 4
  RLT: 1
  Relax-and-lift: 25

Explored 70829 nodes (1031284 simplex iterations) in 77.84 seconds
Thread count was 1 (of 4 available processors)

Solution count 10: 3.09244 3.10323 3.14804 ... 3.3325

Optimal solution found (tolerance 1.00e-04)
Best objective 3.092439909749e+00, best bound 3.092136072617e+00, gap 0.0098%
