Using license file /home/benedond/gurobi.lic
Using gurobi.env file
Set parameter Threads to value 1
Academic license - for non-commercial use only
Changed value of parameter TimeLimit to 300.0
   Prev: inf  Min: 0.0  Max: inf  Default: inf
Gurobi Optimizer version 9.0.1 build v9.0.1rc0 (linux64)
Optimize a model with 5075 rows, 2520 columns and 19738 nonzeros
Model fingerprint: 0x5e99e3e0
Variable types: 35 continuous, 2485 integer (2450 binary)
Coefficient statistics:
  Matrix range     [2e-01, 4e+03]
  Objective range  [7e-04, 2e-01]
  Bounds range     [1e+00, 1e+00]
  RHS range        [1e+00, 4e+03]

---------------------------------------------------------------------------
Multi-objectives: starting optimization with 1 objectives ... 
---------------------------------------------------------------------------
---------------------------------------------------------------------------

Multi-objectives: optimize objective 1 (min avg power cons) ...
---------------------------------------------------------------------------

Optimize a model with 5075 rows, 2520 columns and 19738 nonzeros
Variable types: 35 continuous, 2485 integer (2450 binary)
Coefficient statistics:
  Matrix range     [2e-01, 4e+03]
  Objective range  [7e-04, 2e-01]
  Bounds range     [1e+00, 1e+00]
  RHS range        [1e+00, 4e+03]
Presolve removed 3038 rows and 1512 columns
Presolve time: 0.28s
Presolved: 2037 rows, 1008 columns, 7661 nonzeros
Variable types: 30 continuous, 978 integer (948 binary)

Root relaxation: objective 1.541000e+00, 360 iterations, 0.01 seconds

    Nodes    |    Current Node    |     Objective Bounds      |     Work
 Expl Unexpl |  Obj  Depth IntInf | Incumbent    BestBd   Gap | It/Node Time

     0     0    1.54100    0   82          -    1.54100      -     -    0s
     0     0    1.55728    0   89          -    1.55728      -     -    0s
     0     0    1.55996    0   89          -    1.55996      -     -    0s
     0     0    1.61250    0  130          -    1.61250      -     -    0s
     0     0    1.62348    0  147          -    1.62348      -     -    0s
     0     0    1.67126    0  106          -    1.67126      -     -    0s
H    0     0                       4.0811533    1.67126  59.0%     -    0s
H    0     0                       3.9598467    1.67126  57.8%     -    0s
     0     0    1.69689    0  153    3.95985    1.69689  57.1%     -    0s
     0     0    1.85269    0  135    3.95985    1.85269  53.2%     -    0s
H    0     0                       3.8856132    1.85269  52.3%     -    0s
     0     0    1.87861    0  118    3.88561    1.87861  51.7%     -    0s
     0     0    1.87987    0  171    3.88561    1.87987  51.6%     -    0s
H    0     0                       3.8536861    1.87987  51.2%     -    0s
     0     0    1.88017    0  153    3.85369    1.88017  51.2%     -    0s
     0     0    1.88033    0  154    3.85369    1.88033  51.2%     -    0s
     0     0    1.88033    0  153    3.85369    1.88033  51.2%     -    0s
     0     0    1.89712    0  151    3.85369    1.89712  50.8%     -    1s
H    0     0                       3.7683285    1.89712  49.7%     -    1s
     0     0    1.89905    0  135    3.76833    1.89905  49.6%     -    1s
     0     0    1.89921    0  131    3.76833    1.89921  49.6%     -    1s
     0     0    1.89929    0  143    3.76833    1.89929  49.6%     -    1s
     0     0    1.91274    0  131    3.76833    1.91274  49.2%     -    1s
     0     0    1.91757    0  161    3.76833    1.91757  49.1%     -    1s
     0     0    1.92158    0  175    3.76833    1.92158  49.0%     -    1s
     0     0    1.92406    0  189    3.76833    1.92406  48.9%     -    1s
     0     0    1.92479    0  201    3.76833    1.92479  48.9%     -    1s
     0     0    1.92554    0  172    3.76833    1.92554  48.9%     -    1s
     0     0    1.92576    0  157    3.76833    1.92576  48.9%     -    1s
     0     0    1.92582    0  157    3.76833    1.92582  48.9%     -    1s
     0     0    1.93699    0  205    3.76833    1.93699  48.6%     -    1s
H    0     0                       3.7161095    1.93699  47.9%     -    1s
     0     0    1.94461    0  206    3.71611    1.94461  47.7%     -    1s
     0     0    1.95066    0  174    3.71611    1.95066  47.5%     -    1s
     0     0    1.95127    0  179    3.71611    1.95127  47.5%     -    1s
     0     0    1.95178    0  176    3.71611    1.95178  47.5%     -    1s
     0     0    1.95204    0  186    3.71611    1.95204  47.5%     -    1s
     0     0    1.95223    0  216    3.71611    1.95223  47.5%     -    1s
     0     0    1.95248    0  185    3.71611    1.95248  47.5%     -    1s
     0     0    1.95259    0  182    3.71611    1.95259  47.5%     -    1s
     0     0    1.95582    0  195    3.71611    1.95582  47.4%     -    1s
H    0     0                       3.5741460    1.95582  45.3%     -    1s
     0     0    1.95638    0  213    3.57415    1.95638  45.3%     -    1s
     0     0    1.95653    0  213    3.57415    1.95653  45.3%     -    1s
     0     0    1.95999    0  156    3.57415    1.95999  45.2%     -    1s
     0     0    1.96395    0  150    3.57415    1.96395  45.1%     -    1s
     0     0    1.96398    0  152    3.57415    1.96398  45.1%     -    1s
     0     0    1.96496    0  159    3.57415    1.96496  45.0%     -    1s
     0     0    1.96524    0  153    3.57415    1.96524  45.0%     -    1s
     0     0    1.96538    0  159    3.57415    1.96538  45.0%     -    1s
     0     0    1.96611    0  164    3.57415    1.96611  45.0%     -    1s
     0     0    1.96611    0  150    3.57415    1.96611  45.0%     -    1s
H    0     0                       3.5643285    1.96646  44.8%     -    1s
H    0     0                       3.4795256    1.96646  43.5%     -    2s
     0     2    1.96646    0  146    3.47953    1.96646  43.5%     -    2s
H    9     7                       3.4584380    2.02966  41.3%   184    3s
H  397   240                       3.2760146    2.10429  35.8%  45.0    4s
   498   343    2.66428   75  109    3.27601    2.10429  35.8%  53.6    5s
   546   376 infeasible   17         3.27601    2.10429  35.8%  72.9   10s
H  590   385                       3.2524088    2.13487  34.4%  82.4   11s
H  591   366                       3.1838248    2.13487  32.9%  82.7   11s
H  617   365                       3.1725548    2.13487  32.7%  83.4   12s
H  644   359                       3.0821314    2.13487  30.7%  82.8   12s
H  672   353                       3.0749489    2.13487  30.6%  81.0   12s
H  699   344                       3.0736716    2.13487  30.5%  82.3   13s
H  753   342                       3.0653650    2.15133  29.8%  82.2   14s
   778   361    2.28380   39  137    3.06536    2.15133  29.8%  91.2   15s
  1249   529    2.46164   30  117    3.06536    2.19278  28.5%  94.3   20s
H 1256   502                       3.0183285    2.19278  27.4%  94.3   20s
  1531   690    2.82253   14  135    3.01833    2.21073  26.8%   105   25s
  1887   913    2.90948   32   97    3.01833    2.25980  25.1%   107   30s
  2186  1082    2.91399   63   79    3.01833    2.28507  24.3%   105   35s
H 2234  1108                       3.0158759    2.28785  24.1%   107   36s
  2571  1303    2.71440   36  135    3.01588    2.29736  23.8%   107   40s
H 2730  1405                       3.0091314    2.30927  23.3%   107   41s
  2973  1532    2.68936   36  150    3.00913    2.32724  22.7%   107   45s
  3261  1695     cutoff   51         3.00913    2.33921  22.3%   110   50s
  3574  1854 infeasible   58         3.00913    2.36090  21.5%   117   55s
  3914  2038 infeasible   31         3.00913    2.37623  21.0%   118   60s
  4211  2157     cutoff   34         3.00913    2.38555  20.7%   123   65s
  4502  2287     cutoff   39         3.00913    2.39919  20.3%   123   70s
  4966  2517    2.85249   36  116    3.00913    2.40887  19.9%   123   75s
  5385  2725    2.67000   43   95    3.00913    2.41954  19.6%   123   80s
  5800  2905    2.61595   32  112    3.00913    2.42925  19.3%   123   85s
  5907  2956    2.65829   41  113    3.00913    2.43122  19.2%   124   91s
  6117  3049    2.53116   35  153    3.00913    2.43396  19.1%   124   95s
  6380  3157    2.50363   24  204    3.00913    2.44109  18.9%   127  100s
  6649  3307    2.58039   23  109    3.00913    2.44715  18.7%   129  105s
  6967  3451 infeasible   23         3.00913    2.45510  18.4%   130  110s
  7338  3641     cutoff   48         3.00913    2.46033  18.2%   131  115s
  7700  3842    2.54111   34  144    3.00913    2.46970  17.9%   132  120s
  8047  4016    2.50893   27  162    3.00913    2.47468  17.8%   132  125s
  8397  4192    2.90270   40  108    3.00913    2.48268  17.5%   135  130s
  8782  4394    2.50518   25  119    3.00913    2.49136  17.2%   135  135s
  9117  4502    2.72985   46  110    3.00913    2.49797  17.0%   137  140s
  9556  4672    2.93192   47  100    3.00913    2.50175  16.9%   136  145s
  9951  4818    2.92337   31  161    3.00913    2.50765  16.7%   136  150s
 10202  4937    2.98891   42  136    3.00913    2.51154  16.5%   137  182s
 10381  4998    2.76487   39  165    3.00913    2.51593  16.4%   137  185s
 10786  5183    2.76215   48  145    3.00913    2.52311  16.2%   137  190s
 11081  5308    2.66105   32  114    3.00913    2.52706  16.0%   139  195s
 11387  5466    2.78135   41  102    3.00913    2.53008  15.9%   140  200s
 11876  5646    2.70147   33  158    3.00913    2.53797  15.7%   139  205s
 12297  5829    2.86579   32   68    3.00913    2.54192  15.5%   139  210s
H12665  5969                       3.0027080    2.54803  15.1%   139  214s
 12753  6013    2.95272   32   77    3.00271    2.54908  15.1%   139  215s
 13215  6197     cutoff   24         3.00271    2.55470  14.9%   138  220s
 13495  6319    2.73394   30  100    3.00271    2.55752  14.8%   140  225s
 13763  6423    2.65125   44   93    3.00271    2.56139  14.7%   141  230s
 14158  6543    2.77114   34  127    3.00271    2.56730  14.5%   141  235s
 14418  6663    2.77855   25  142    3.00271    2.56891  14.4%   142  240s
 14880  6883    2.76544   36  117    3.00271    2.57273  14.3%   142  245s
 15080  6973    2.77379   37  140    3.00271    2.57443  14.3%   142  250s
 15485  7135    2.98726   49  137    3.00271    2.57748  14.2%   142  255s
 15740  7250    2.82430   38  111    3.00271    2.57957  14.1%   144  260s
 16071  7341    2.92991   38  155    3.00271    2.58342  14.0%   145  265s
 16317  7445    2.79127   27  120    3.00271    2.58528  13.9%   146  270s
 16720  7606    2.67240   37  100    3.00271    2.59129  13.7%   146  285s
 17004  7737    2.79392   24  112    3.00271    2.59336  13.6%   145  290s
 17326  7856    2.87398   30  128    3.00271    2.59524  13.6%   146  295s
 17630  7950    2.88834   32  152    3.00271    2.59777  13.5%   146  300s

Cutting planes:
  Learned: 2
  Gomory: 3
  Cover: 29
  Implied bound: 147
  Projected implied bound: 92
  MIR: 173
  Flow cover: 350
  GUB cover: 17
  Zero half: 2
  Mod-K: 3
  RLT: 11
  Relax-and-lift: 512

Explored 17631 nodes (2590512 simplex iterations) in 300.00 seconds
Thread count was 1 (of 4 available processors)

Solution count 10: 3.00271 3.00913 3.01588 ... 3.18382

Time limit reached
Best objective 3.002708047911e+00, best bound 2.597766117842e+00, gap 13.4859%

---------------------------------------------------------------------------
Multi-objectives: stopped in 300.01 seconds, solution count 10
Time Limit reached

