Using license file /home/benedond/gurobi.lic
Using gurobi.env file
Set parameter Threads to value 1
Academic license - for non-commercial use only
Changed value of parameter TimeLimit to 300.0
   Prev: inf  Min: 0.0  Max: inf  Default: inf
Gurobi Optimizer version 9.0.1 build v9.0.1rc0 (linux64)
Optimize a model with 3611 rows, 3410 columns and 16590 nonzeros
Model fingerprint: 0x9bd369dd
Variable types: 80 continuous, 3330 integer (3330 binary)
Coefficient statistics:
  Matrix range     [2e-01, 4e+02]
  Objective range  [6e-03, 2e-01]
  Bounds range     [1e+00, 1e+00]
  RHS range        [1e+00, 2e+03]
Found heuristic solution: objective 4.6785582
Presolve removed 122 rows and 100 columns
Presolve time: 0.07s
Presolved: 3489 rows, 3310 columns, 16104 nonzeros
Variable types: 79 continuous, 3231 integer (3231 binary)

Root relaxation: objective 1.940935e+00, 2878 iterations, 0.12 seconds

    Nodes    |    Current Node    |     Objective Bounds      |     Work
 Expl Unexpl |  Obj  Depth IntInf | Incumbent    BestBd   Gap | It/Node Time

     0     0    1.94094    0  240    4.67856    1.94094  58.5%     -    0s
H    0     0                       3.9645116    1.94094  51.0%     -    0s
     0     0    2.04268    0  205    3.96451    2.04268  48.5%     -    0s
H    0     0                       3.5088314    2.04268  41.8%     -    0s
     0     0    2.05355    0  198    3.50883    2.05355  41.5%     -    0s
     0     0    2.17319    0  235    3.50883    2.17319  38.1%     -    1s
     0     0    2.18731    0  217    3.50883    2.18731  37.7%     -    1s
     0     0    2.23950    0  214    3.50883    2.23950  36.2%     -    1s
H    0     0                       3.4569477    2.23950  35.2%     -    1s
     0     0    2.26028    0  231    3.45695    2.26028  34.6%     -    1s
     0     0    2.26308    0  216    3.45695    2.26308  34.5%     -    1s
     0     0    2.26341    0  209    3.45695    2.26341  34.5%     -    1s
     0     0    2.26341    0  212    3.45695    2.26341  34.5%     -    1s
     0     0    2.30160    0  187    3.45695    2.30160  33.4%     -    1s
     0     0    2.33629    0  209    3.45695    2.33629  32.4%     -    1s
     0     0    2.34396    0  215    3.45695    2.34396  32.2%     -    1s
     0     0    2.34669    0  196    3.45695    2.34669  32.1%     -    2s
     0     0    2.34682    0  223    3.45695    2.34682  32.1%     -    2s
     0     0    2.35607    0  193    3.45695    2.35607  31.8%     -    2s
     0     0    2.36009    0  194    3.45695    2.36009  31.7%     -    2s
     0     0    2.36121    0  196    3.45695    2.36121  31.7%     -    2s
     0     0    2.36153    0  179    3.45695    2.36153  31.7%     -    2s
     0     0    2.36183    0  185    3.45695    2.36183  31.7%     -    2s
     0     0    2.36192    0  180    3.45695    2.36192  31.7%     -    2s
     0     0    2.37052    0  214    3.45695    2.37052  31.4%     -    2s
     0     0    2.37329    0  232    3.45695    2.37329  31.3%     -    2s
     0     0    2.37417    0  240    3.45695    2.37417  31.3%     -    2s
     0     0    2.37434    0  230    3.45695    2.37434  31.3%     -    2s
     0     0    2.38508    0  210    3.45695    2.38508  31.0%     -    2s
     0     0    2.38773    0  208    3.45695    2.38773  30.9%     -    2s
     0     0    2.38824    0  242    3.45695    2.38824  30.9%     -    2s
     0     0    2.38846    0  235    3.45695    2.38846  30.9%     -    2s
     0     0    2.39758    0  214    3.45695    2.39758  30.6%     -    2s
     0     0    2.39936    0  251    3.45695    2.39936  30.6%     -    2s
     0     0    2.40115    0  226    3.45695    2.40115  30.5%     -    2s
     0     0    2.40149    0  234    3.45695    2.40149  30.5%     -    2s
     0     0    2.40192    0  225    3.45695    2.40192  30.5%     -    2s
     0     0    2.40198    0  253    3.45695    2.40198  30.5%     -    2s
     0     0    2.40560    0  283    3.45695    2.40560  30.4%     -    3s
     0     0    2.40624    0  281    3.45695    2.40624  30.4%     -    3s
     0     0    2.40646    0  277    3.45695    2.40646  30.4%     -    3s
     0     0    2.41360    0  238    3.45695    2.41360  30.2%     -    3s
H    0     0                       3.4151802    2.41360  29.3%     -    3s
     0     0    2.41571    0  291    3.41518    2.41571  29.3%     -    3s
     0     0    2.41648    0  286    3.41518    2.41648  29.2%     -    3s
     0     0    2.41755    0  273    3.41518    2.41755  29.2%     -    3s
     0     0    2.41786    0  272    3.41518    2.41786  29.2%     -    3s
     0     0    2.42569    0  265    3.41518    2.42569  29.0%     -    3s
     0     0    2.42732    0  271    3.41518    2.42732  28.9%     -    3s
     0     0    2.42820    0  339    3.41518    2.42820  28.9%     -    3s
     0     0    2.42855    0  291    3.41518    2.42855  28.9%     -    3s
     0     0    2.42877    0  339    3.41518    2.42877  28.9%     -    3s
     0     0    2.43260    0  262    3.41518    2.43260  28.8%     -    3s
H    0     0                       3.3066338    2.43260  26.4%     -    3s
     0     0    2.43317    0  278    3.30663    2.43317  26.4%     -    3s
     0     0    2.43357    0  265    3.30663    2.43357  26.4%     -    3s
     0     0    2.43375    0  280    3.30663    2.43375  26.4%     -    3s
     0     0    2.43699    0  255    3.30663    2.43699  26.3%     -    4s
     0     0    2.43858    0  241    3.30663    2.43858  26.3%     -    4s
     0     0    2.43905    0  258    3.30663    2.43905  26.2%     -    4s
     0     0    2.43919    0  235    3.30663    2.43919  26.2%     -    4s
     0     0    2.44091    0  289    3.30663    2.44091  26.2%     -    4s
     0     0    2.44143    0  276    3.30663    2.44143  26.2%     -    4s
     0     0    2.44194    0  301    3.30663    2.44194  26.2%     -    4s
     0     0    2.44226    0  320    3.30663    2.44226  26.1%     -    4s
     0     0    2.44424    0  262    3.30663    2.44424  26.1%     -    4s
     0     0    2.44424    0  256    3.30663    2.44424  26.1%     -    5s
H    0     0                       3.0295872    2.44424  19.3%     -    8s
     0     2    2.44437    0  256    3.02959    2.44437  19.3%     -    8s
     7     9    2.46072    5  279    3.02959    2.45315  19.0%   651   10s
H    9     9                       3.0153779    2.45315  18.6%   620   10s
    78    80    2.66585   60  124    3.01538    2.45315  18.6%   386   15s
   212   201    2.61300   36  107    3.01538    2.45607  18.5%   315   20s
H  260   247                       3.0140349    2.45607  18.5%   315   21s
   397   369    2.84131   70  150    3.01403    2.46092  18.4%   261   25s
H  470   432                       3.0111221    2.46214  18.2%   264   28s
H  510   473                       3.0063837    2.46214  18.1%   255   31s
   521   481    2.73022   85  306    3.00638    2.46214  18.1%   250   35s
   540   493    2.53611   27  277    3.00638    2.49451  17.0%   241   42s
   547   498    2.68528   44  312    3.00638    2.50049  16.8%   238   45s
   568   512    2.63315    2  344    3.00638    2.51218  16.4%   229   55s
   571   516    2.51462   14  347    3.00638    2.51462  16.4%   277   61s
   573   517    2.51583   15  339    3.00638    2.51583  16.3%   279   65s
   580   522    2.60905   18  237    3.00638    2.51836  16.2%   284   70s
H  591   500                       2.9995233    2.52092  16.0%   290   74s
   596   506    2.60694   26  209    2.99952    2.52240  15.9%   294   75s
   612   516    2.55368   34  208    2.99952    2.52356  15.9%   308   80s
   652   543    2.69753   54  100    2.99952    2.52356  15.9%   325   85s
H  705   548                       2.9977791    2.52356  15.8%   333   88s
H  732   536                       2.9640582    2.52356  14.9%   333   89s
   735   538    2.86511   96  105    2.96406    2.52356  14.9%   333   90s
   765   543    2.55115   34  261    2.96406    2.52358  14.9%   342   95s
   795   563    2.57664   49  212    2.96406    2.52358  14.9%   356  100s
   828   583    2.78175   65  187    2.96406    2.52358  14.9%   369  105s
   899   584    2.54239   29  238    2.96406    2.54239  14.2%   367  110s
   922   599    2.58029   41  329    2.96406    2.55120  13.9%   380  115s
   950   618    2.60583   55  306    2.96406    2.55120  13.9%   396  120s
   977   632    2.67840   68  235    2.96406    2.55120  13.9%   415  125s
  1015   654    2.94508   87  234    2.96406    2.55120  13.9%   429  130s
  1076   684    2.82647  118  147    2.96406    2.55120  13.9%   443  135s
  1162   728    2.81007  104  114    2.96406    2.55131  13.9%   437  140s
  1351   822    2.75593   76   80    2.96406    2.55374  13.8%   400  145s
  1555   866    2.67511   54  272    2.96406    2.55662  13.7%   370  150s
H 1603   843                       2.9640581    2.55826  13.7%   364  160s
  1726   916    2.56395   41  304    2.96406    2.55827  13.7%   354  165s
  1821   959    2.83294   65  228    2.96406    2.55989  13.6%   354  170s
  1938  1064    2.91716  115  129    2.96406    2.56399  13.5%   348  175s
  1993  1094     cutoff   53         2.96406    2.56441  13.5%   355  180s
  2061  1128    2.57956   16  222    2.96406    2.57193  13.2%   354  185s
  2162  1217    2.93180   90   95    2.96406    2.57392  13.2%   350  190s
  2275  1286    2.78280   49  279    2.96406    2.57913  13.0%   347  195s
  2291  1302    2.72342   57  195    2.96406    2.57913  13.0%   353  200s
  2308  1319    2.66303   66  244    2.96406    2.57913  13.0%   360  205s
  2335  1344    2.76387   79  184    2.96406    2.57913  13.0%   368  210s
  2388  1371    2.93072  106   95    2.96406    2.57913  13.0%   372  215s
  2475  1419    2.86771   21  132    2.96406    2.58061  12.9%   370  220s
H 2596  1517                       2.9640581    2.58782  12.7%   360  223s
  2657  1568    2.63540   39  242    2.96406    2.58782  12.7%   354  225s
H 2695  1593                       2.9622965    2.59059  12.5%   358  230s
  2806  1630     cutoff   45         2.96230    2.59081  12.5%   354  235s
H 2958  1719                       2.9575349    2.59223  12.4%   344  246s
H 2986  1722                       2.9513837    2.59283  12.1%   342  247s
  3063  1787    2.84920   41  211    2.95138    2.59328  12.1%   339  250s
  3109  1824    2.71693   54  266    2.95138    2.59341  12.1%   340  255s
  3210  1914    2.80270   54   96    2.95138    2.59414  12.1%   339  260s
* 3365  2001             167       2.9465930    2.59414  12.0%   327  261s
  3422  2051    2.86622   87  167    2.94659    2.59414  12.0%   327  265s
  3563  2157    2.72499   41  156    2.94659    2.59519  11.9%   322  270s
  3633  2212    2.65763   50  273    2.94659    2.59558  11.9%   323  275s
  3761  2302    2.80257  114   66    2.94659    2.59558  11.9%   323  280s
H 3763  1881                       2.8802674    2.59558  9.88%   323  280s
  3916  1909    2.72160   26  214    2.88027    2.59613  9.86%   318  285s
  3970  1951    2.86064   21  223    2.88027    2.59704  9.83%   320  290s
  4051  1995    2.76406   21  102    2.88027    2.59790  9.80%   321  295s
  4192  2088    2.77656   38  197    2.88027    2.60109  9.69%   317  300s

Cutting planes:
  Gomory: 3
  Cover: 22
  Implied bound: 14
  Clique: 5
  MIR: 338
  StrongCG: 3
  Flow cover: 734
  GUB cover: 1
  RLT: 16
  Relax-and-lift: 463

Explored 4193 nodes (1352287 simplex iterations) in 300.00 seconds
Thread count was 1 (of 4 available processors)

Solution count 10: 2.88027 2.94659 2.95138 ... 3.01112

Time limit reached
Best objective 2.880267444210e+00, best bound 2.601093600500e+00, gap 9.6926%
