Using license file /home/benedond/gurobi.lic
Using gurobi.env file
Set parameter Threads to value 1
Academic license - for non-commercial use only
Changed value of parameter TimeLimit to 300.0
   Prev: inf  Min: 0.0  Max: inf  Default: inf
Gurobi Optimizer version 9.0.1 build v9.0.1rc0 (linux64)
Optimize a model with 4521 rows, 4295 columns and 20975 nonzeros
Model fingerprint: 0x81afd5b4
Variable types: 90 continuous, 4205 integer (4205 binary)
Coefficient statistics:
  Matrix range     [2e-01, 5e+02]
  Objective range  [5e-03, 2e-01]
  Bounds range     [1e+00, 1e+00]
  RHS range        [1e+00, 2e+03]
Found heuristic solution: objective 4.6071019
Presolve removed 119 rows and 89 columns
Presolve time: 0.08s
Presolved: 4402 rows, 4206 columns, 20584 nonzeros
Variable types: 89 continuous, 4117 integer (4117 binary)

Root relaxation: objective 1.939635e+00, 3957 iterations, 0.24 seconds

    Nodes    |    Current Node    |     Objective Bounds      |     Work
 Expl Unexpl |  Obj  Depth IntInf | Incumbent    BestBd   Gap | It/Node Time

     0     0    1.93963    0  284    4.60710    1.93963  57.9%     -    0s
H    0     0                       4.1373333    1.93963  53.1%     -    0s
H    0     0                       3.8404907    1.93963  49.5%     -    0s
H    0     0                       3.5032546    1.93963  44.6%     -    0s
     0     0    2.00892    0  308    3.50325    2.00892  42.7%     -    1s
H    0     0                       3.4892222    2.00892  42.4%     -    1s
     0     0    2.02296    0  257    3.48922    2.02296  42.0%     -    1s
     0     0    2.14913    0  249    3.48922    2.14913  38.4%     -    1s
     0     0    2.16694    0  248    3.48922    2.16694  37.9%     -    1s
     0     0    2.16750    0  251    3.48922    2.16750  37.9%     -    1s
     0     0    2.16757    0  232    3.48922    2.16757  37.9%     -    1s
     0     0    2.21938    0  302    3.48922    2.21938  36.4%     -    1s
H    0     0                       3.4784491    2.21938  36.2%     -    2s
     0     0    2.26735    0  324    3.47845    2.26735  34.8%     -    2s
     0     0    2.27177    0  307    3.47845    2.27177  34.7%     -    2s
     0     0    2.27274    0  335    3.47845    2.27274  34.7%     -    2s
     0     0    2.27298    0  303    3.47845    2.27298  34.7%     -    2s
     0     0    2.27302    0  289    3.47845    2.27302  34.7%     -    2s
     0     0    2.30327    0  251    3.47845    2.30327  33.8%     -    2s
     0     0    2.31297    0  255    3.47845    2.31297  33.5%     -    2s
     0     0    2.31405    0  265    3.47845    2.31405  33.5%     -    2s
     0     0    2.31435    0  243    3.47845    2.31435  33.5%     -    2s
     0     0    2.31435    0  244    3.47845    2.31435  33.5%     -    2s
     0     0    2.33244    0  303    3.47845    2.33244  32.9%     -    3s
     0     0    2.33423    0  299    3.47845    2.33423  32.9%     -    3s
     0     0    2.33540    0  327    3.47845    2.33540  32.9%     -    3s
     0     0    2.33560    0  283    3.47845    2.33560  32.9%     -    3s
     0     0    2.34578    0  296    3.47845    2.34578  32.6%     -    3s
     0     0    2.34924    0  340    3.47845    2.34924  32.5%     -    3s
     0     0    2.34959    0  367    3.47845    2.34959  32.5%     -    3s
     0     0    2.35001    0  375    3.47845    2.35001  32.4%     -    3s
     0     0    2.35021    0  371    3.47845    2.35021  32.4%     -    3s
     0     0    2.36352    0  290    3.47845    2.36352  32.1%     -    3s
     0     0    2.36481    0  306    3.47845    2.36481  32.0%     -    3s
     0     0    2.36497    0  281    3.47845    2.36497  32.0%     -    3s
     0     0    2.37207    0  344    3.47845    2.37207  31.8%     -    4s
     0     0    2.37309    0  300    3.47845    2.37309  31.8%     -    4s
     0     0    2.37320    0  264    3.47845    2.37320  31.8%     -    4s
     0     0    2.38054    0  329    3.47845    2.38054  31.6%     -    4s
     0     0    2.38257    0  314    3.47845    2.38257  31.5%     -    4s
     0     0    2.38306    0  283    3.47845    2.38306  31.5%     -    4s
     0     0    2.38326    0  338    3.47845    2.38326  31.5%     -    4s
     0     0    2.38766    0  309    3.47845    2.38766  31.4%     -    4s
     0     0    2.38957    0  375    3.47845    2.38957  31.3%     -    4s
     0     0    2.38990    0  350    3.47845    2.38990  31.3%     -    4s
     0     0    2.39012    0  352    3.47845    2.39012  31.3%     -    4s
     0     0    2.39228    0  317    3.47845    2.39228  31.2%     -    4s
     0     0    2.39270    0  289    3.47845    2.39270  31.2%     -    5s
     0     0    2.39278    0  335    3.47845    2.39278  31.2%     -    5s
     0     0    2.39564    0  272    3.47845    2.39564  31.1%     -    5s
H    0     0                       3.4400926    2.39564  30.4%     -    5s
     0     0    2.39661    0  346    3.44009    2.39661  30.3%     -    5s
     0     0    2.39681    0  306    3.44009    2.39681  30.3%     -    5s
     0     0    2.39820    0  345    3.44009    2.39820  30.3%     -    5s
     0     0    2.39820    0  344    3.44009    2.39820  30.3%     -    6s
H    0     0                       3.4088843    2.39820  29.6%     -    7s
H    0     0                       3.0592315    2.39879  21.6%     -   13s
     0     2    2.39879    0  344    3.05923    2.39879  21.6%     -   13s
    11    13    2.41281    7  301    3.05923    2.40706  21.3%   450   15s
    88    90    2.50037   71  239    3.05923    2.40706  21.3%   299   20s
   247   231    3.05120  194  107    3.05923    2.40706  21.3%   248   25s
   427   376    2.48804    7  273    3.05923    2.41359  21.1%   209   30s
H  494   423                       3.0318380    2.41359  20.4%   218   35s
   514   443    2.71184   55  221    3.03184    2.41359  20.4%   214   40s
   528   452    2.65665   99  346    3.03184    2.45715  19.0%   208   45s
H  537   434                       3.0182083    2.47472  18.0%   205   55s
   550   443    2.91158   92  382    3.01821    2.49358  17.4%   200   60s
   565   453    2.70222   51  346    3.01821    2.50922  16.9%   195   65s
   579   462    2.92180  100  385    3.01821    2.52394  16.4%   190   70s
   594   472    2.53469   28  330    3.01821    2.53469  16.0%   185   75s
   609   482    2.62404   40  351    3.01821    2.54220  15.8%   180   80s
H  620   466                       3.0165417    2.54447  15.6%   290   83s
   625   469    2.87477   65  312    3.01654    2.54447  15.6%   288   85s
H  635   452                       3.0093333    2.54602  15.4%   283   96s
   642   456    2.72104   53  433    3.00933    2.54802  15.3%   280  104s
   644   458    2.54802    7  430    3.00933    2.54802  15.3%   279  105s
   645   460    2.54830   21  371    3.00933    2.54830  15.3%   313  110s
   647   462    2.54843   22  393    3.00933    2.54843  15.3%   315  118s
   650   464    2.70664   23  187    3.00933    2.54844  15.3%   320  120s
   664   473    2.62264   30  259    3.00933    2.55066  15.2%   330  125s
   671   478    2.55125   34  221    3.00933    2.55116  15.2%   333  131s
   688   489    2.58053   42  316    3.00933    2.55392  15.1%   343  138s
   694   493    2.69705   45  227    3.00933    2.55392  15.1%   347  140s
   714   506    2.64216   55  209    3.00933    2.55392  15.1%   357  145s
   738   522    2.71896   67  199    3.00933    2.55392  15.1%   367  150s
   767   542    2.61211   82  217    3.00933    2.55392  15.1%   377  155s
   794   559    2.86768   95  169    3.00933    2.55392  15.1%   392  160s
   848   595    2.82127  122  154    3.00933    2.55392  15.1%   395  165s
   906   632    2.86676  151  117    3.00933    2.55392  15.1%   399  170s
   993   627    2.58023   33  311    3.00933    2.55399  15.1%   379  179s
   994   628    2.57897   33  286    3.00933    2.55399  15.1%   379  180s
  1026   649    2.94514   49  200    3.00933    2.55399  15.1%   389  185s
  1064   675    2.97537   68  206    3.00933    2.55399  15.1%   396  190s
  1098   697    2.74380   85  234    3.00933    2.55399  15.1%   404  195s
  1142   722    2.87038  107  145    3.00933    2.55399  15.1%   409  200s
  1202   743    2.87076  137  150    3.00933    2.55399  15.1%   409  205s
  1269   765    2.87512  171  155    3.00933    2.55399  15.1%   405  210s
  1372   781    2.99374  222  133    3.00933    2.55399  15.1%   392  215s
  1484   765     cutoff   41         3.00933    2.55455  15.1%   376  220s
  1524   784    2.99283   61  203    3.00933    2.55455  15.1%   381  225s
  1570   808    2.80794   84  249    3.00933    2.55455  15.1%   383  230s
  1602   828    2.95212  100  221    3.00933    2.55455  15.1%   386  235s
  1631   833    2.94451  115  198    3.00933    2.55455  15.1%   386  240s
  1692   824     cutoff  146         3.00933    2.55455  15.1%   381  245s
H 1721   712                       2.9691111    2.55455  14.0%   377  247s
  1738   719    2.58306   47  256    2.96911    2.55464  14.0%   376  250s
H 1798   706                       2.9554630    2.55464  13.6%   373  257s
  1833   731    2.70218  115  201    2.95546    2.55464  13.6%   373  260s
  1944   826    2.92135  196   42    2.95546    2.55464  13.6%   363  265s
H 1975   839                       2.9519074    2.55464  13.5%   358  271s
  2082   892    2.69406   39  266    2.95191    2.56188  13.2%   346  275s
  2149   959    2.75562   95  225    2.95191    2.56188  13.2%   344  280s
  2223  1028    2.83779  151  135    2.95191    2.56188  13.2%   339  285s
  2375  1130    2.63188   42  207    2.95191    2.56195  13.2%   326  290s
H 2385  1111                       2.9445046    2.56195  13.0%   326  294s
  2388  1116    2.66470   53  224    2.94450    2.56195  13.0%   327  295s

Cutting planes:
  Gomory: 4
  Cover: 17
  Implied bound: 6
  Clique: 9
  MIR: 192
  StrongCG: 3
  Flow cover: 530
  GUB cover: 1
  Zero half: 3
  RLT: 24
  Relax-and-lift: 219

Explored 2510 nodes (821756 simplex iterations) in 300.00 seconds
Thread count was 1 (of 4 available processors)

Solution count 10: 2.9445 2.95191 2.95546 ... 3.40888

Time limit reached
Best objective 2.944504643790e+00, best bound 2.561951950961e+00, gap 12.9921%
