Using license file /home/benedond/gurobi.lic
Using gurobi.env file
Set parameter Threads to value 1
Academic license - for non-commercial use only
Gurobi Optimizer version 9.0.1 build v9.0.1rc0 (linux64)
Optimize a model with 3361 rows, 3240 columns and 12958 nonzeros
Model fingerprint: 0x963f84e2
Variable types: 40 continuous, 3200 integer (3200 binary)
Coefficient statistics:
  Matrix range     [1e+00, 5e+02]
  Objective range  [0e+00, 0e+00]
  Bounds range     [1e+00, 1e+00]
  RHS range        [1e+00, 2e+03]
Presolve removed 242 rows and 241 columns
Presolve time: 0.42s
Presolved: 3119 rows, 2999 columns, 11954 nonzeros
Variable types: 40 continuous, 2959 integer (2959 binary)

Root relaxation: objective 0.000000e+00, 514 iterations, 0.02 seconds

    Nodes    |    Current Node    |     Objective Bounds      |     Work
 Expl Unexpl |  Obj  Depth IntInf | Incumbent    BestBd   Gap | It/Node Time

     0     0    0.00000    0   20          -    0.00000      -     -    0s
H    0     0                       0.0000000    0.00000  0.00%     -    0s
     0     0    0.00000    0   20    0.00000    0.00000  0.00%     -    0s

Explored 1 nodes (1659 simplex iterations) in 0.54 seconds
Thread count was 1 (of 4 available processors)

Solution count 1: 0 

Optimal solution found (tolerance 1.00e-04)
Best objective 0.000000000000e+00, best bound 0.000000000000e+00, gap 0.0000%
Gurobi Optimizer version 9.0.1 build v9.0.1rc0 (linux64)
Optimize a model with 3362 rows, 3240 columns and 12998 nonzeros
Model fingerprint: 0x5136dde1
Variable types: 40 continuous, 3200 integer (3200 binary)
Coefficient statistics:
  Matrix range     [1e+00, 5e+02]
  Objective range  [0e+00, 0e+00]
  Bounds range     [1e+00, 1e+00]
  RHS range        [1e+00, 2e+03]
Presolve removed 312 rows and 310 columns
Presolve time: 0.43s
Presolved: 3050 rows, 2930 columns, 11678 nonzeros
Variable types: 40 continuous, 2890 integer (2890 binary)

Root relaxation: objective 0.000000e+00, 517 iterations, 0.02 seconds

    Nodes    |    Current Node    |     Objective Bounds      |     Work
 Expl Unexpl |  Obj  Depth IntInf | Incumbent    BestBd   Gap | It/Node Time

     0     0    0.00000    0    2          -    0.00000      -     -    0s
H    0     0                       0.0000000    0.00000  0.00%     -    0s
     0     0    0.00000    0    2    0.00000    0.00000  0.00%     -    0s

Explored 1 nodes (1764 simplex iterations) in 0.55 seconds
Thread count was 1 (of 4 available processors)

Solution count 1: 0 

Optimal solution found (tolerance 1.00e-04)
Best objective 0.000000000000e+00, best bound 0.000000000000e+00, gap 0.0000%
Gurobi Optimizer version 9.0.1 build v9.0.1rc0 (linux64)
Optimize a model with 3363 rows, 3240 columns and 13038 nonzeros
Model fingerprint: 0x524fc48d
Variable types: 40 continuous, 3200 integer (3200 binary)
Coefficient statistics:
  Matrix range     [1e+00, 5e+02]
  Objective range  [0e+00, 0e+00]
  Bounds range     [1e+00, 1e+00]
  RHS range        [1e+00, 2e+03]
Presolve removed 420 rows and 417 columns
Presolve time: 0.49s
Presolved: 2943 rows, 2823 columns, 11250 nonzeros
Variable types: 40 continuous, 2783 integer (2783 binary)

Root relaxation: objective 0.000000e+00, 523 iterations, 0.02 seconds

    Nodes    |    Current Node    |     Objective Bounds      |     Work
 Expl Unexpl |  Obj  Depth IntInf | Incumbent    BestBd   Gap | It/Node Time

     0     0    0.00000    0   19          -    0.00000      -     -    0s
H    0     0                       0.0000000    0.00000  0.00%     -    0s
     0     0    0.00000    0   19    0.00000    0.00000  0.00%     -    0s

Explored 1 nodes (1906 simplex iterations) in 0.63 seconds
Thread count was 1 (of 4 available processors)

Solution count 1: 0 

Optimal solution found (tolerance 1.00e-04)
Best objective 0.000000000000e+00, best bound 0.000000000000e+00, gap 0.0000%
Gurobi Optimizer version 9.0.1 build v9.0.1rc0 (linux64)
Optimize a model with 3364 rows, 3240 columns and 13078 nonzeros
Model fingerprint: 0x4bb6ecfe
Variable types: 40 continuous, 3200 integer (3200 binary)
Coefficient statistics:
  Matrix range     [1e+00, 5e+02]
  Objective range  [0e+00, 0e+00]
  Bounds range     [1e+00, 1e+00]
  RHS range        [1e+00, 2e+03]
Presolve removed 491 rows and 487 columns
Presolve time: 0.49s
Presolved: 2873 rows, 2753 columns, 10970 nonzeros
Variable types: 40 continuous, 2713 integer (2713 binary)

Root relaxation: objective 0.000000e+00, 425 iterations, 0.01 seconds

    Nodes    |    Current Node    |     Objective Bounds      |     Work
 Expl Unexpl |  Obj  Depth IntInf | Incumbent    BestBd   Gap | It/Node Time

     0     0    0.00000    0   41          -    0.00000      -     -    0s
H    0     0                       0.0000000    0.00000  0.00%     -    0s
     0     0    0.00000    0   41    0.00000    0.00000  0.00%     -    0s

Explored 1 nodes (2108 simplex iterations) in 0.61 seconds
Thread count was 1 (of 4 available processors)

Solution count 1: 0 

Optimal solution found (tolerance 1.00e-04)
Best objective 0.000000000000e+00, best bound 0.000000000000e+00, gap 0.0000%
Gurobi Optimizer version 9.0.1 build v9.0.1rc0 (linux64)
Optimize a model with 3365 rows, 3240 columns and 13118 nonzeros
Model fingerprint: 0x233a693c
Variable types: 40 continuous, 3200 integer (3200 binary)
Coefficient statistics:
  Matrix range     [1e+00, 5e+02]
  Objective range  [0e+00, 0e+00]
  Bounds range     [1e+00, 1e+00]
  RHS range        [1e+00, 2e+03]
Presolve removed 571 rows and 566 columns
Presolve time: 0.51s
Presolved: 2794 rows, 2674 columns, 10654 nonzeros
Variable types: 40 continuous, 2634 integer (2634 binary)

Root relaxation: objective 0.000000e+00, 427 iterations, 0.01 seconds

    Nodes    |    Current Node    |     Objective Bounds      |     Work
 Expl Unexpl |  Obj  Depth IntInf | Incumbent    BestBd   Gap | It/Node Time

     0     0    0.00000    0   46          -    0.00000      -     -    0s
H    0     0                       0.0000000    0.00000  0.00%     -    0s
     0     0    0.00000    0   46    0.00000    0.00000  0.00%     -    0s

Explored 1 nodes (2072 simplex iterations) in 0.64 seconds
Thread count was 1 (of 4 available processors)

Solution count 1: 0 

Optimal solution found (tolerance 1.00e-04)
Best objective 0.000000000000e+00, best bound 0.000000000000e+00, gap 0.0000%
Gurobi Optimizer version 9.0.1 build v9.0.1rc0 (linux64)
Optimize a model with 3366 rows, 3240 columns and 13158 nonzeros
Model fingerprint: 0x26e1d49f
Variable types: 40 continuous, 3200 integer (3200 binary)
Coefficient statistics:
  Matrix range     [1e+00, 5e+02]
  Objective range  [0e+00, 0e+00]
  Bounds range     [1e+00, 1e+00]
  RHS range        [1e+00, 2e+03]
Presolve removed 635 rows and 629 columns
Presolve time: 0.50s
Presolved: 2731 rows, 2611 columns, 10402 nonzeros
Variable types: 40 continuous, 2571 integer (2571 binary)

Root relaxation: objective 0.000000e+00, 493 iterations, 0.01 seconds

    Nodes    |    Current Node    |     Objective Bounds      |     Work
 Expl Unexpl |  Obj  Depth IntInf | Incumbent    BestBd   Gap | It/Node Time

H    0     0                       0.0000000    0.00000  0.00%     -    0s
     0     0    0.00000    0    6    0.00000    0.00000  0.00%     -    0s

Explored 0 nodes (678 simplex iterations) in 0.54 seconds
Thread count was 1 (of 4 available processors)

Solution count 1: 0 

Optimal solution found (tolerance 1.00e-04)
Best objective 0.000000000000e+00, best bound 0.000000000000e+00, gap 0.0000%
Gurobi Optimizer version 9.0.1 build v9.0.1rc0 (linux64)
Optimize a model with 3367 rows, 3240 columns and 13198 nonzeros
Model fingerprint: 0x129fb2be
Variable types: 40 continuous, 3200 integer (3200 binary)
Coefficient statistics:
  Matrix range     [1e+00, 5e+02]
  Objective range  [0e+00, 0e+00]
  Bounds range     [1e+00, 1e+00]
  RHS range        [1e+00, 2e+03]
Presolve removed 706 rows and 699 columns
Presolve time: 0.53s
Presolved: 2661 rows, 2541 columns, 10122 nonzeros
Variable types: 40 continuous, 2501 integer (2501 binary)

Root relaxation: objective 0.000000e+00, 359 iterations, 0.01 seconds

    Nodes    |    Current Node    |     Objective Bounds      |     Work
 Expl Unexpl |  Obj  Depth IntInf | Incumbent    BestBd   Gap | It/Node Time

H    0     0                       0.0000000    0.00000  0.00%     -    0s
     0     0    0.00000    0    7    0.00000    0.00000  0.00%     -    0s

Explored 0 nodes (1102 simplex iterations) in 0.57 seconds
Thread count was 1 (of 4 available processors)

Solution count 1: 0 

Optimal solution found (tolerance 1.00e-04)
Best objective 0.000000000000e+00, best bound 0.000000000000e+00, gap 0.0000%
Gurobi Optimizer version 9.0.1 build v9.0.1rc0 (linux64)
Optimize a model with 3368 rows, 3240 columns and 13238 nonzeros
Model fingerprint: 0x7bdb2ad7
Variable types: 40 continuous, 3200 integer (3200 binary)
Coefficient statistics:
  Matrix range     [1e+00, 5e+02]
  Objective range  [0e+00, 0e+00]
  Bounds range     [1e+00, 1e+00]
  RHS range        [1e+00, 2e+03]
Presolve removed 773 rows and 765 columns
Presolve time: 0.52s
Presolved: 2595 rows, 2475 columns, 9858 nonzeros
Variable types: 40 continuous, 2435 integer (2435 binary)

Root relaxation: objective 0.000000e+00, 554 iterations, 0.02 seconds

    Nodes    |    Current Node    |     Objective Bounds      |     Work
 Expl Unexpl |  Obj  Depth IntInf | Incumbent    BestBd   Gap | It/Node Time

     0     0    0.00000    0   25          -    0.00000      -     -    0s
H    0     0                       0.0000000    0.00000  0.00%     -    0s
     0     0    0.00000    0   25    0.00000    0.00000  0.00%     -    0s

Explored 1 nodes (3687 simplex iterations) in 0.70 seconds
Thread count was 1 (of 4 available processors)

Solution count 1: 0 

Optimal solution found (tolerance 1.00e-04)
Best objective 0.000000000000e+00, best bound 0.000000000000e+00, gap 0.0000%
Gurobi Optimizer version 9.0.1 build v9.0.1rc0 (linux64)
Optimize a model with 3369 rows, 3240 columns and 13278 nonzeros
Model fingerprint: 0x30bb8bf1
Variable types: 40 continuous, 3200 integer (3200 binary)
Coefficient statistics:
  Matrix range     [1e+00, 5e+02]
  Objective range  [0e+00, 0e+00]
  Bounds range     [1e+00, 1e+00]
  RHS range        [1e+00, 2e+03]
Presolve removed 841 rows and 832 columns
Presolve time: 0.54s
Presolved: 2528 rows, 2408 columns, 9590 nonzeros
Variable types: 40 continuous, 2368 integer (2368 binary)

Root relaxation: objective 0.000000e+00, 443 iterations, 0.01 seconds

    Nodes    |    Current Node    |     Objective Bounds      |     Work
 Expl Unexpl |  Obj  Depth IntInf | Incumbent    BestBd   Gap | It/Node Time

     0     0    0.00000    0   18          -    0.00000      -     -    0s
H    0     0                       0.0000000    0.00000  0.00%     -    0s
     0     0    0.00000    0   18    0.00000    0.00000  0.00%     -    0s

Explored 1 nodes (3564 simplex iterations) in 0.67 seconds
Thread count was 1 (of 4 available processors)

Solution count 1: 0 

Optimal solution found (tolerance 1.00e-04)
Best objective 0.000000000000e+00, best bound 0.000000000000e+00, gap 0.0000%
Gurobi Optimizer version 9.0.1 build v9.0.1rc0 (linux64)
Optimize a model with 3370 rows, 3240 columns and 13318 nonzeros
Model fingerprint: 0x91db6b4c
Variable types: 40 continuous, 3200 integer (3200 binary)
Coefficient statistics:
  Matrix range     [1e+00, 5e+02]
  Objective range  [0e+00, 0e+00]
  Bounds range     [1e+00, 1e+00]
  RHS range        [1e+00, 2e+03]
Presolve removed 919 rows and 909 columns
Presolve time: 0.56s
Presolved: 2451 rows, 2331 columns, 9282 nonzeros
Variable types: 40 continuous, 2291 integer (2291 binary)

Root relaxation: objective 0.000000e+00, 355 iterations, 0.01 seconds

    Nodes    |    Current Node    |     Objective Bounds      |     Work
 Expl Unexpl |  Obj  Depth IntInf | Incumbent    BestBd   Gap | It/Node Time

     0     0    0.00000    0   13          -    0.00000      -     -    0s
H    0     0                       0.0000000    0.00000  0.00%     -    0s
     0     0    0.00000    0   13    0.00000    0.00000  0.00%     -    0s

Explored 1 nodes (1465 simplex iterations) in 0.63 seconds
Thread count was 1 (of 4 available processors)

Solution count 1: 0 

Optimal solution found (tolerance 1.00e-04)
Best objective 0.000000000000e+00, best bound 0.000000000000e+00, gap 0.0000%
Gurobi Optimizer version 9.0.1 build v9.0.1rc0 (linux64)
Optimize a model with 3371 rows, 3240 columns and 13358 nonzeros
Model fingerprint: 0xddd80335
Variable types: 40 continuous, 3200 integer (3200 binary)
Coefficient statistics:
  Matrix range     [1e+00, 5e+02]
  Objective range  [0e+00, 0e+00]
  Bounds range     [1e+00, 1e+00]
  RHS range        [1e+00, 2e+03]
Presolve removed 978 rows and 967 columns
Presolve time: 0.55s
Presolved: 2393 rows, 2273 columns, 9050 nonzeros
Variable types: 40 continuous, 2233 integer (2233 binary)

Root relaxation: objective 0.000000e+00, 389 iterations, 0.01 seconds

    Nodes    |    Current Node    |     Objective Bounds      |     Work
 Expl Unexpl |  Obj  Depth IntInf | Incumbent    BestBd   Gap | It/Node Time

     0     0    0.00000    0   11          -    0.00000      -     -    0s
H    0     0                       0.0000000    0.00000  0.00%     -    0s
     0     0    0.00000    0   11    0.00000    0.00000  0.00%     -    0s

Explored 1 nodes (1743 simplex iterations) in 0.65 seconds
Thread count was 1 (of 4 available processors)

Solution count 1: 0 

Optimal solution found (tolerance 1.00e-04)
Best objective 0.000000000000e+00, best bound 0.000000000000e+00, gap 0.0000%
Gurobi Optimizer version 9.0.1 build v9.0.1rc0 (linux64)
Optimize a model with 3372 rows, 3240 columns and 13398 nonzeros
Model fingerprint: 0x74435643
Variable types: 40 continuous, 3200 integer (3200 binary)
Coefficient statistics:
  Matrix range     [1e+00, 5e+02]
  Objective range  [0e+00, 0e+00]
  Bounds range     [1e+00, 1e+00]
  RHS range        [1e+00, 2e+03]
Presolve removed 1049 rows and 1037 columns
Presolve time: 0.56s
Presolved: 2323 rows, 2203 columns, 8770 nonzeros
Variable types: 40 continuous, 2163 integer (2163 binary)

Root relaxation: objective 0.000000e+00, 398 iterations, 0.01 seconds

    Nodes    |    Current Node    |     Objective Bounds      |     Work
 Expl Unexpl |  Obj  Depth IntInf | Incumbent    BestBd   Gap | It/Node Time

H    0     0                       0.0000000    0.00000  0.00%     -    0s
     0     0    0.00000    0    8    0.00000    0.00000  0.00%     -    0s

Explored 0 nodes (640 simplex iterations) in 0.60 seconds
Thread count was 1 (of 4 available processors)

Solution count 1: 0 

Optimal solution found (tolerance 1.00e-04)
Best objective 0.000000000000e+00, best bound 0.000000000000e+00, gap 0.0000%
Gurobi Optimizer version 9.0.1 build v9.0.1rc0 (linux64)
Optimize a model with 3373 rows, 3240 columns and 13438 nonzeros
Model fingerprint: 0x76c92a79
Variable types: 40 continuous, 3200 integer (3200 binary)
Coefficient statistics:
  Matrix range     [1e+00, 5e+02]
  Objective range  [0e+00, 0e+00]
  Bounds range     [1e+00, 1e+00]
  RHS range        [1e+00, 2e+03]
Presolve removed 1111 rows and 1098 columns
Presolve time: 0.56s
Presolved: 2262 rows, 2142 columns, 8526 nonzeros
Variable types: 40 continuous, 2102 integer (2102 binary)

Root relaxation: objective 0.000000e+00, 422 iterations, 0.01 seconds

    Nodes    |    Current Node    |     Objective Bounds      |     Work
 Expl Unexpl |  Obj  Depth IntInf | Incumbent    BestBd   Gap | It/Node Time

H    0     0                       0.0000000    0.00000  0.00%     -    0s
     0     0    0.00000    0   25    0.00000    0.00000  0.00%     -    0s

Explored 0 nodes (858 simplex iterations) in 0.60 seconds
Thread count was 1 (of 4 available processors)

Solution count 1: 0 

Optimal solution found (tolerance 1.00e-04)
Best objective 0.000000000000e+00, best bound 0.000000000000e+00, gap 0.0000%
Gurobi Optimizer version 9.0.1 build v9.0.1rc0 (linux64)
Optimize a model with 3374 rows, 3240 columns and 13478 nonzeros
Model fingerprint: 0x03760ffe
Variable types: 40 continuous, 3200 integer (3200 binary)
Coefficient statistics:
  Matrix range     [1e+00, 5e+02]
  Objective range  [0e+00, 0e+00]
  Bounds range     [1e+00, 1e+00]
  RHS range        [1e+00, 2e+03]
Presolve removed 1186 rows and 1172 columns
Presolve time: 0.58s
Presolved: 2188 rows, 2068 columns, 8230 nonzeros
Variable types: 40 continuous, 2028 integer (2028 binary)

Root relaxation: objective 0.000000e+00, 365 iterations, 0.01 seconds

    Nodes    |    Current Node    |     Objective Bounds      |     Work
 Expl Unexpl |  Obj  Depth IntInf | Incumbent    BestBd   Gap | It/Node Time

H    0     0                       0.0000000    0.00000  0.00%     -    0s
     0     0    0.00000    0    4    0.00000    0.00000  0.00%     -    0s

Explored 0 nodes (546 simplex iterations) in 0.61 seconds
Thread count was 1 (of 4 available processors)

Solution count 1: 0 

Optimal solution found (tolerance 1.00e-04)
Best objective 0.000000000000e+00, best bound 0.000000000000e+00, gap 0.0000%
Gurobi Optimizer version 9.0.1 build v9.0.1rc0 (linux64)
Optimize a model with 3375 rows, 3240 columns and 13518 nonzeros
Model fingerprint: 0x7ffeab98
Variable types: 40 continuous, 3200 integer (3200 binary)
Coefficient statistics:
  Matrix range     [1e+00, 5e+02]
  Objective range  [0e+00, 0e+00]
  Bounds range     [1e+00, 1e+00]
  RHS range        [1e+00, 2e+03]
Presolve removed 1241 rows and 1226 columns
Presolve time: 0.58s
Presolved: 2134 rows, 2014 columns, 8014 nonzeros
Variable types: 40 continuous, 1974 integer (1974 binary)

Root relaxation: objective 0.000000e+00, 403 iterations, 0.01 seconds

    Nodes    |    Current Node    |     Objective Bounds      |     Work
 Expl Unexpl |  Obj  Depth IntInf | Incumbent    BestBd   Gap | It/Node Time

     0     0    0.00000    0    8          -    0.00000      -     -    0s
H    0     0                       0.0000000    0.00000  0.00%     -    0s
     0     0    0.00000    0    8    0.00000    0.00000  0.00%     -    0s

Explored 1 nodes (3117 simplex iterations) in 0.69 seconds
Thread count was 1 (of 4 available processors)

Solution count 1: 0 

Optimal solution found (tolerance 1.00e-04)
Best objective 0.000000000000e+00, best bound 0.000000000000e+00, gap 0.0000%
Gurobi Optimizer version 9.0.1 build v9.0.1rc0 (linux64)
Optimize a model with 3376 rows, 3240 columns and 13558 nonzeros
Model fingerprint: 0x2215243f
Variable types: 40 continuous, 3200 integer (3200 binary)
Coefficient statistics:
  Matrix range     [1e+00, 5e+02]
  Objective range  [0e+00, 0e+00]
  Bounds range     [1e+00, 1e+00]
  RHS range        [1e+00, 2e+03]
Presolve removed 1305 rows and 1289 columns
Presolve time: 0.59s
Presolved: 2071 rows, 1951 columns, 7762 nonzeros
Variable types: 40 continuous, 1911 integer (1911 binary)

Root relaxation: objective 0.000000e+00, 391 iterations, 0.01 seconds

    Nodes    |    Current Node    |     Objective Bounds      |     Work
 Expl Unexpl |  Obj  Depth IntInf | Incumbent    BestBd   Gap | It/Node Time

     0     0    0.00000    0   26          -    0.00000      -     -    0s
     0     0    0.00000    0   75          -    0.00000      -     -    0s
     0     0    0.00000    0   70          -    0.00000      -     -    0s
     0     0    0.00000    0   12          -    0.00000      -     -    0s
     0     0    0.00000    0   26          -    0.00000      -     -    0s
     0     0    0.00000    0   12          -    0.00000      -     -    0s
     0     0    0.00000    0   20          -    0.00000      -     -    0s
     0     0    0.00000    0   30          -    0.00000      -     -    0s
     0     0    0.00000    0   38          -    0.00000      -     -    1s
     0     0    0.00000    0   44          -    0.00000      -     -    1s
     0     0    0.00000    0   16          -    0.00000      -     -    1s
     0     0    0.00000    0   16          -    0.00000      -     -    1s
H    0     0                       0.0000000    0.00000  0.00%     -    1s
     0     0    0.00000    0   16    0.00000    0.00000  0.00%     -    1s

Cutting planes:
  MIR: 3
  Relax-and-lift: 2

Explored 1 nodes (9727 simplex iterations) in 1.23 seconds
Thread count was 1 (of 4 available processors)

Solution count 1: 0 

Optimal solution found (tolerance 1.00e-04)
Best objective 0.000000000000e+00, best bound 0.000000000000e+00, gap 0.0000%
Gurobi Optimizer version 9.0.1 build v9.0.1rc0 (linux64)
Optimize a model with 3377 rows, 3240 columns and 13598 nonzeros
Model fingerprint: 0x3e83ff86
Variable types: 40 continuous, 3200 integer (3200 binary)
Coefficient statistics:
  Matrix range     [1e+00, 5e+02]
  Objective range  [0e+00, 0e+00]
  Bounds range     [1e+00, 1e+00]
  RHS range        [1e+00, 2e+03]
Presolve removed 1374 rows and 1357 columns
Presolve time: 0.59s
Presolved: 2003 rows, 1883 columns, 7490 nonzeros
Variable types: 40 continuous, 1843 integer (1843 binary)

Root relaxation: objective 0.000000e+00, 398 iterations, 0.01 seconds

    Nodes    |    Current Node    |     Objective Bounds      |     Work
 Expl Unexpl |  Obj  Depth IntInf | Incumbent    BestBd   Gap | It/Node Time

     0     0    0.00000    0    6          -    0.00000      -     -    0s
H    0     0                       0.0000000    0.00000  0.00%     -    0s
     0     0    0.00000    0    6    0.00000    0.00000  0.00%     -    0s

Explored 1 nodes (2074 simplex iterations) in 0.70 seconds
Thread count was 1 (of 4 available processors)

Solution count 1: 0 

Optimal solution found (tolerance 1.00e-04)
Best objective 0.000000000000e+00, best bound 0.000000000000e+00, gap 0.0000%
Gurobi Optimizer version 9.0.1 build v9.0.1rc0 (linux64)
Optimize a model with 3378 rows, 3240 columns and 13638 nonzeros
Model fingerprint: 0xb6ca21fa
Variable types: 40 continuous, 3200 integer (3200 binary)
Coefficient statistics:
  Matrix range     [1e+00, 5e+02]
  Objective range  [0e+00, 0e+00]
  Bounds range     [1e+00, 1e+00]
  RHS range        [1e+00, 2e+03]
Presolve removed 1426 rows and 1408 columns
Presolve time: 0.58s
Presolved: 1952 rows, 1832 columns, 7286 nonzeros
Variable types: 40 continuous, 1792 integer (1792 binary)

Root relaxation: objective 0.000000e+00, 318 iterations, 0.01 seconds

    Nodes    |    Current Node    |     Objective Bounds      |     Work
 Expl Unexpl |  Obj  Depth IntInf | Incumbent    BestBd   Gap | It/Node Time

     0     0    0.00000    0   25          -    0.00000      -     -    0s
     0     0    0.00000    0   63          -    0.00000      -     -    0s
     0     0    0.00000    0   22          -    0.00000      -     -    0s
     0     0    0.00000    0   19          -    0.00000      -     -    0s
     0     0    0.00000    0   25          -    0.00000      -     -    0s
     0     0    0.00000    0   21          -    0.00000      -     -    0s
     0     0    0.00000    0   16          -    0.00000      -     -    0s
     0     0    0.00000    0   20          -    0.00000      -     -    0s
     0     0    0.00000    0   22          -    0.00000      -     -    0s
     0     0    0.00000    0   19          -    0.00000      -     -    0s
     0     0    0.00000    0   29          -    0.00000      -     -    1s
     0     0    0.00000    0   72          -    0.00000      -     -    1s
     0     0    0.00000    0   20          -    0.00000      -     -    1s
     0     0    0.00000    0   21          -    0.00000      -     -    1s
     0     0    0.00000    0   20          -    0.00000      -     -    1s
     0     0    0.00000    0   20          -    0.00000      -     -    1s
     0     0    0.00000    0   14          -    0.00000      -     -    1s
     0     0    0.00000    0   14          -    0.00000      -     -    1s
H    0     0                       0.0000000    0.00000  0.00%     -    1s
     0     0    0.00000    0   29    0.00000    0.00000  0.00%     -    1s

Cutting planes:
  Gomory: 1
  Cover: 2
  MIR: 30
  RLT: 1
  Relax-and-lift: 2

Explored 1 nodes (14308 simplex iterations) in 1.92 seconds
Thread count was 1 (of 4 available processors)

Solution count 1: 0 

Optimal solution found (tolerance 1.00e-04)
Best objective 0.000000000000e+00, best bound 0.000000000000e+00, gap 0.0000%
Gurobi Optimizer version 9.0.1 build v9.0.1rc0 (linux64)
Optimize a model with 3379 rows, 3240 columns and 13678 nonzeros
Model fingerprint: 0x8ce219f8
Variable types: 40 continuous, 3200 integer (3200 binary)
Coefficient statistics:
  Matrix range     [1e+00, 5e+02]
  Objective range  [0e+00, 0e+00]
  Bounds range     [1e+00, 1e+00]
  RHS range        [1e+00, 2e+03]
Presolve removed 1481 rows and 1462 columns
Presolve time: 0.59s
Presolved: 1898 rows, 1778 columns, 7070 nonzeros
Variable types: 40 continuous, 1738 integer (1738 binary)

Root relaxation: objective 0.000000e+00, 357 iterations, 0.01 seconds

    Nodes    |    Current Node    |     Objective Bounds      |     Work
 Expl Unexpl |  Obj  Depth IntInf | Incumbent    BestBd   Gap | It/Node Time

     0     0    0.00000    0   15          -    0.00000      -     -    0s
     0     0    0.00000    0   52          -    0.00000      -     -    0s
     0     0    0.00000    0   41          -    0.00000      -     -    0s
     0     0    0.00000    0   26          -    0.00000      -     -    0s
     0     0    0.00000    0   26          -    0.00000      -     -    0s
     0     0    0.00000    0   20          -    0.00000      -     -    0s
H    0     0                       0.0000000    0.00000  0.00%     -    0s
     0     0    0.00000    0   20    0.00000    0.00000  0.00%     -    0s

Cutting planes:
  MIR: 1
  Relax-and-lift: 5

Explored 1 nodes (6734 simplex iterations) in 0.85 seconds
Thread count was 1 (of 4 available processors)

Solution count 1: 0 

Optimal solution found (tolerance 1.00e-04)
Best objective 0.000000000000e+00, best bound 0.000000000000e+00, gap 0.0000%
Gurobi Optimizer version 9.0.1 build v9.0.1rc0 (linux64)
Optimize a model with 3380 rows, 3240 columns and 13718 nonzeros
Model fingerprint: 0x439a7d14
Variable types: 40 continuous, 3200 integer (3200 binary)
Coefficient statistics:
  Matrix range     [1e+00, 5e+02]
  Objective range  [0e+00, 0e+00]
  Bounds range     [1e+00, 1e+00]
  RHS range        [1e+00, 2e+03]
Presolve removed 1552 rows and 1532 columns
Presolve time: 0.60s
Presolved: 1828 rows, 1708 columns, 6790 nonzeros
Variable types: 40 continuous, 1668 integer (1668 binary)

Root relaxation: objective 0.000000e+00, 318 iterations, 0.01 seconds

    Nodes    |    Current Node    |     Objective Bounds      |     Work
 Expl Unexpl |  Obj  Depth IntInf | Incumbent    BestBd   Gap | It/Node Time

     0     0    0.00000    0   29          -    0.00000      -     -    0s
     0     0    0.00000    0  105          -    0.00000      -     -    0s
     0     0    0.00000    0   96          -    0.00000      -     -    0s
     0     0    0.00000    0   26          -    0.00000      -     -    0s
     0     0    0.00000    0   32          -    0.00000      -     -    1s
     0     0    0.00000    0   66          -    0.00000      -     -    1s
     0     0    0.00000    0   62          -    0.00000      -     -    1s
     0     0    0.00000    0   26          -    0.00000      -     -    1s
     0     0    0.00000    0   34          -    0.00000      -     -    1s
     0     0    0.00000    0   29          -    0.00000      -     -    1s
     0     0    0.00000    0   29          -    0.00000      -     -    1s
     0     0    0.00000    0   16          -    0.00000      -     -    1s
     0     0    0.00000    0   15          -    0.00000      -     -    1s
     0     0    0.00000    0   16          -    0.00000      -     -    1s
     0     0    0.00000    0   16          -    0.00000      -     -    1s
     0     2    0.00000    0   13          -    0.00000      -     -    1s
H  470     2                       0.0000000    0.00000  0.00%  57.8    2s

Cutting planes:
  Cover: 5
  Implied bound: 1
  MIR: 15
  Relax-and-lift: 23

Explored 471 nodes (39536 simplex iterations) in 2.81 seconds
Thread count was 1 (of 4 available processors)

Solution count 1: 0 

Optimal solution found (tolerance 1.00e-04)
Best objective 0.000000000000e+00, best bound 0.000000000000e+00, gap 0.0000%
Gurobi Optimizer version 9.0.1 build v9.0.1rc0 (linux64)
Optimize a model with 3381 rows, 3240 columns and 13758 nonzeros
Model fingerprint: 0x5c001ca3
Variable types: 40 continuous, 3200 integer (3200 binary)
Coefficient statistics:
  Matrix range     [1e+00, 5e+02]
  Objective range  [0e+00, 0e+00]
  Bounds range     [1e+00, 1e+00]
  RHS range        [1e+00, 2e+03]
Presolve removed 1583 rows and 1562 columns
Presolve time: 0.58s
Presolved: 1798 rows, 1678 columns, 6670 nonzeros
Variable types: 40 continuous, 1638 integer (1638 binary)

Root relaxation: objective 0.000000e+00, 356 iterations, 0.01 seconds

    Nodes    |    Current Node    |     Objective Bounds      |     Work
 Expl Unexpl |  Obj  Depth IntInf | Incumbent    BestBd   Gap | It/Node Time

     0     0    0.00000    0   17          -    0.00000      -     -    0s
     0     0    0.00000    0   78          -    0.00000      -     -    0s
     0     0    0.00000    0   18          -    0.00000      -     -    0s
     0     0    0.00000    0   15          -    0.00000      -     -    1s
     0     0    0.00000    0   55          -    0.00000      -     -    1s
     0     0    0.00000    0   34          -    0.00000      -     -    1s
     0     0    0.00000    0   18          -    0.00000      -     -    1s
     0     0    0.00000    0   17          -    0.00000      -     -    1s
     0     0    0.00000    0   28          -    0.00000      -     -    1s
     0     0    0.00000    0   24          -    0.00000      -     -    1s
     0     0    0.00000    0   21          -    0.00000      -     -    1s
     0     0    0.00000    0   18          -    0.00000      -     -    1s
     0     2    0.00000    0   13          -    0.00000      -     -    2s
H 1039   448                       0.0000000    0.00000  0.00%  38.8    3s

Cutting planes:
  Cover: 1
  Projected implied bound: 1
  Clique: 1
  Flow cover: 10
  Relax-and-lift: 8

Explored 1039 nodes (57847 simplex iterations) in 3.68 seconds
Thread count was 1 (of 4 available processors)

Solution count 1: 0 

Optimal solution found (tolerance 1.00e-04)
Best objective 0.000000000000e+00, best bound 0.000000000000e+00, gap 0.0000%
Gurobi Optimizer version 9.0.1 build v9.0.1rc0 (linux64)
Optimize a model with 3382 rows, 3240 columns and 13798 nonzeros
Model fingerprint: 0x213af368
Variable types: 40 continuous, 3200 integer (3200 binary)
Coefficient statistics:
  Matrix range     [1e+00, 5e+02]
  Objective range  [0e+00, 0e+00]
  Bounds range     [1e+00, 1e+00]
  RHS range        [1e+00, 2e+03]
Presolve removed 1651 rows and 1629 columns
Presolve time: 0.59s
Presolved: 1731 rows, 1611 columns, 6402 nonzeros
Variable types: 40 continuous, 1571 integer (1571 binary)

Root relaxation: objective 0.000000e+00, 376 iterations, 0.01 seconds

    Nodes    |    Current Node    |     Objective Bounds      |     Work
 Expl Unexpl |  Obj  Depth IntInf | Incumbent    BestBd   Gap | It/Node Time

     0     0    0.00000    0   29          -    0.00000      -     -    0s
     0     0    0.00000    0   58          -    0.00000      -     -    0s
     0     0    0.00000    0   49          -    0.00000      -     -    0s
     0     0    0.00000    0   27          -    0.00000      -     -    0s
     0     0    0.00000    0   35          -    0.00000      -     -    0s
     0     0    0.00000    0    8          -    0.00000      -     -    0s
     0     0    0.00000    0    8          -    0.00000      -     -    0s
     0     0    0.00000    0   22          -    0.00000      -     -    0s
     0     0    0.00000    0   23          -    0.00000      -     -    0s
     0     0    0.00000    0   27          -    0.00000      -     -    0s
     0     0    0.00000    0   32          -    0.00000      -     -    0s
     0     0    0.00000    0   17          -    0.00000      -     -    0s
     0     0    0.00000    0   17          -    0.00000      -     -    0s
     0     2    0.00000    0   13          -    0.00000      -     -    1s
*  196     2              57       0.0000000    0.00000  0.00%  64.9    1s

Cutting planes:
  Gomory: 2
  Cover: 3
  MIR: 56
  Relax-and-lift: 17

Explored 197 nodes (22314 simplex iterations) in 1.55 seconds
Thread count was 1 (of 4 available processors)

Solution count 1: 0 

Optimal solution found (tolerance 1.00e-04)
Best objective 0.000000000000e+00, best bound 0.000000000000e+00, gap 0.0000%
Gurobi Optimizer version 9.0.1 build v9.0.1rc0 (linux64)
Optimize a model with 3383 rows, 3240 columns and 13838 nonzeros
Model fingerprint: 0x1fd72544
Variable types: 40 continuous, 3200 integer (3200 binary)
Coefficient statistics:
  Matrix range     [1e+00, 5e+02]
  Objective range  [0e+00, 0e+00]
  Bounds range     [1e+00, 1e+00]
  RHS range        [1e+00, 2e+03]
Presolve removed 1660 rows and 1637 columns
Presolve time: 0.58s
Presolved: 1723 rows, 1603 columns, 6370 nonzeros
Variable types: 40 continuous, 1563 integer (1563 binary)

Root relaxation: objective 0.000000e+00, 336 iterations, 0.01 seconds

    Nodes    |    Current Node    |     Objective Bounds      |     Work
 Expl Unexpl |  Obj  Depth IntInf | Incumbent    BestBd   Gap | It/Node Time

     0     0    0.00000    0   73          -    0.00000      -     -    0s
     0     0    0.00000    0   29          -    0.00000      -     -    0s
     0     0    0.00000    0   21          -    0.00000      -     -    1s
     0     0    0.00000    0   41          -    0.00000      -     -    1s
     0     0    0.00000    0   30          -    0.00000      -     -    1s
     0     0    0.00000    0   28          -    0.00000      -     -    1s
     0     0    0.00000    0   26          -    0.00000      -     -    1s
     0     0    0.00000    0   55          -    0.00000      -     -    1s
     0     0    0.00000    0   15          -    0.00000      -     -    2s
     0     0    0.00000    0   22          -    0.00000      -     -    2s
     0     0    0.00000    0   15          -    0.00000      -     -    2s
H    0     0                       0.0000000    0.00000  0.00%     -    2s
     0     0    0.00000    0   15    0.00000    0.00000  0.00%     -    2s

Cutting planes:
  Implied bound: 1
  MIR: 1
  Relax-and-lift: 3

Explored 1 nodes (7603 simplex iterations) in 2.05 seconds
Thread count was 1 (of 4 available processors)

Solution count 1: 0 

Optimal solution found (tolerance 1.00e-04)
Best objective 0.000000000000e+00, best bound 0.000000000000e+00, gap 0.0000%
Gurobi Optimizer version 9.0.1 build v9.0.1rc0 (linux64)
Optimize a model with 3384 rows, 3240 columns and 13878 nonzeros
Model fingerprint: 0xd9ace4fb
Variable types: 40 continuous, 3200 integer (3200 binary)
Coefficient statistics:
  Matrix range     [1e+00, 5e+02]
  Objective range  [0e+00, 0e+00]
  Bounds range     [1e+00, 1e+00]
  RHS range        [1e+00, 2e+03]
Presolve removed 1675 rows and 1651 columns
Presolve time: 0.57s
Presolved: 1709 rows, 1589 columns, 6314 nonzeros
Variable types: 40 continuous, 1549 integer (1549 binary)

Root relaxation: objective 0.000000e+00, 349 iterations, 0.01 seconds

    Nodes    |    Current Node    |     Objective Bounds      |     Work
 Expl Unexpl |  Obj  Depth IntInf | Incumbent    BestBd   Gap | It/Node Time

     0     0    0.00000    0   22          -    0.00000      -     -    0s
     0     0    0.00000    0   22          -    0.00000      -     -    0s
     0     0    0.00000    0   22          -    0.00000      -     -    0s
     0     0    0.00000    0   67          -    0.00000      -     -    0s
     0     0    0.00000    0   70          -    0.00000      -     -    0s
     0     0    0.00000    0   33          -    0.00000      -     -    0s
     0     0    0.00000    0   21          -    0.00000      -     -    1s
     0     0    0.00000    0   26          -    0.00000      -     -    1s
     0     0    0.00000    0   24          -    0.00000      -     -    1s
     0     0    0.00000    0   18          -    0.00000      -     -    1s
     0     0    0.00000    0   18          -    0.00000      -     -    1s
     0     0    0.00000    0   19          -    0.00000      -     -    1s
     0     0    0.00000    0   24          -    0.00000      -     -    1s
H    0     0                       0.0000000    0.00000  0.00%     -    1s
     0     0    0.00000    0   40    0.00000    0.00000  0.00%     -    1s

Cutting planes:
  Cover: 2
  Implied bound: 1
  Clique: 4
  MIR: 20
  Relax-and-lift: 14

Explored 1 nodes (8604 simplex iterations) in 1.63 seconds
Thread count was 1 (of 4 available processors)

Solution count 1: 0 

Optimal solution found (tolerance 1.00e-04)
Best objective 0.000000000000e+00, best bound 0.000000000000e+00, gap 0.0000%
Gurobi Optimizer version 9.0.1 build v9.0.1rc0 (linux64)
Optimize a model with 3385 rows, 3240 columns and 13918 nonzeros
Model fingerprint: 0xf0fe2706
Variable types: 40 continuous, 3200 integer (3200 binary)
Coefficient statistics:
  Matrix range     [1e+00, 5e+02]
  Objective range  [0e+00, 0e+00]
  Bounds range     [1e+00, 1e+00]
  RHS range        [1e+00, 2e+03]
Presolve removed 1722 rows and 1697 columns
Presolve time: 0.58s
Presolved: 1663 rows, 1543 columns, 6130 nonzeros
Variable types: 40 continuous, 1503 integer (1503 binary)

Root relaxation: objective 0.000000e+00, 438 iterations, 0.01 seconds

    Nodes    |    Current Node    |     Objective Bounds      |     Work
 Expl Unexpl |  Obj  Depth IntInf | Incumbent    BestBd   Gap | It/Node Time

     0     0    0.00000    0   49          -    0.00000      -     -    0s
     0     0    0.00000    0   22          -    0.00000      -     -    0s
     0     0    0.00000    0   24          -    0.00000      -     -    1s
     0     0    0.00000    0   61          -    0.00000      -     -    1s
     0     0    0.00000    0   22          -    0.00000      -     -    1s
     0     0    0.00000    0   24          -    0.00000      -     -    1s
     0     0    0.00000    0   35          -    0.00000      -     -    1s
     0     0    0.00000    0   28          -    0.00000      -     -    1s
     0     0    0.00000    0   22          -    0.00000      -     -    1s
     0     0    0.00000    0   22          -    0.00000      -     -    1s
     0     2    0.00000    0   22          -    0.00000      -     -    2s
H  563   272                       0.0000000    0.00000  0.00%  44.3    3s

Cutting planes:
  Gomory: 1
  Projected implied bound: 1
  Flow cover: 1
  GUB cover: 2

Explored 563 nodes (39576 simplex iterations) in 3.60 seconds
Thread count was 1 (of 4 available processors)

Solution count 1: 0 

Optimal solution found (tolerance 1.00e-04)
Best objective 0.000000000000e+00, best bound 0.000000000000e+00, gap 0.0000%
Gurobi Optimizer version 9.0.1 build v9.0.1rc0 (linux64)
Optimize a model with 3386 rows, 3240 columns and 13958 nonzeros
Model fingerprint: 0x54f7e2fd
Variable types: 40 continuous, 3200 integer (3200 binary)
Coefficient statistics:
  Matrix range     [1e+00, 5e+02]
  Objective range  [0e+00, 0e+00]
  Bounds range     [1e+00, 1e+00]
  RHS range        [1e+00, 2e+03]
Presolve removed 1728 rows and 1702 columns
Presolve time: 0.56s
Presolved: 1658 rows, 1538 columns, 6110 nonzeros
Variable types: 40 continuous, 1498 integer (1498 binary)

Root relaxation: objective 0.000000e+00, 411 iterations, 0.01 seconds

    Nodes    |    Current Node    |     Objective Bounds      |     Work
 Expl Unexpl |  Obj  Depth IntInf | Incumbent    BestBd   Gap | It/Node Time

     0     0    0.00000    0   18          -    0.00000      -     -    0s
     0     0    0.00000    0   30          -    0.00000      -     -    0s
     0     0    0.00000    0   30          -    0.00000      -     -    0s
     0     0    0.00000    0   64          -    0.00000      -     -    0s
     0     0    0.00000    0   23          -    0.00000      -     -    1s
     0     0    0.00000    0   44          -    0.00000      -     -    1s
     0     0    0.00000    0   36          -    0.00000      -     -    1s
     0     0    0.00000    0   15          -    0.00000      -     -    1s
H    0     0                       0.0000000    0.00000  0.00%     -    1s
     0     0    0.00000    0   15    0.00000    0.00000  0.00%     -    1s

Cutting planes:
  MIR: 6
  Relax-and-lift: 3

Explored 1 nodes (5088 simplex iterations) in 1.91 seconds
Thread count was 1 (of 4 available processors)

Solution count 1: 0 

Optimal solution found (tolerance 1.00e-04)
Best objective 0.000000000000e+00, best bound 0.000000000000e+00, gap 0.0000%
Gurobi Optimizer version 9.0.1 build v9.0.1rc0 (linux64)
Optimize a model with 3387 rows, 3240 columns and 13998 nonzeros
Model fingerprint: 0x84cce433
Variable types: 40 continuous, 3200 integer (3200 binary)
Coefficient statistics:
  Matrix range     [1e+00, 5e+02]
  Objective range  [0e+00, 0e+00]
  Bounds range     [1e+00, 1e+00]
  RHS range        [1e+00, 2e+03]
Presolve removed 1799 rows and 1772 columns
Presolve time: 0.58s
Presolved: 1588 rows, 1468 columns, 5830 nonzeros
Variable types: 40 continuous, 1428 integer (1428 binary)

Root relaxation: objective 0.000000e+00, 491 iterations, 0.01 seconds

    Nodes    |    Current Node    |     Objective Bounds      |     Work
 Expl Unexpl |  Obj  Depth IntInf | Incumbent    BestBd   Gap | It/Node Time

     0     0    0.00000    0   32          -    0.00000      -     -    0s
     0     0    0.00000    0   40          -    0.00000      -     -    0s
     0     0    0.00000    0   24          -    0.00000      -     -    1s
     0     0    0.00000    0   61          -    0.00000      -     -    1s
     0     0    0.00000    0   61          -    0.00000      -     -    1s
     0     0    0.00000    0   19          -    0.00000      -     -    1s
     0     0    0.00000    0   26          -    0.00000      -     -    1s
     0     0    0.00000    0   20          -    0.00000      -     -    1s
     0     0    0.00000    0   37          -    0.00000      -     -    1s
     0     0    0.00000    0   33          -    0.00000      -     -    1s
     0     0    0.00000    0   29          -    0.00000      -     -    1s
     0     0    0.00000    0   20          -    0.00000      -     -    1s
     0     0    0.00000    0   20          -    0.00000      -     -    1s
     0     2    0.00000    0   19          -    0.00000      -     -    1s

Cutting planes:
  Gomory: 3
  Cover: 433
  MIR: 93
  Relax-and-lift: 46

Explored 2550 nodes (43478 simplex iterations) in 3.97 seconds
Thread count was 1 (of 4 available processors)

Solution count 0

Model is infeasible
Best objective -, best bound -, gap -
Gurobi Optimizer version 9.0.1 build v9.0.1rc0 (linux64)
Optimize a model with 3387 rows, 3240 columns and 13998 nonzeros
Model fingerprint: 0xbd6c9b98
Variable types: 40 continuous, 3200 integer (3200 binary)
Coefficient statistics:
  Matrix range     [1e+00, 5e+02]
  Objective range  [0e+00, 0e+00]
  Bounds range     [1e+00, 1e+00]
  RHS range        [1e+00, 2e+03]
Presolve removed 1734 rows and 1707 columns
Presolve time: 0.56s
Presolved: 1653 rows, 1533 columns, 6090 nonzeros
Variable types: 40 continuous, 1493 integer (1493 binary)

Root relaxation: objective 0.000000e+00, 449 iterations, 0.01 seconds

    Nodes    |    Current Node    |     Objective Bounds      |     Work
 Expl Unexpl |  Obj  Depth IntInf | Incumbent    BestBd   Gap | It/Node Time

     0     0    0.00000    0   50          -    0.00000      -     -    0s
     0     0    0.00000    0   27          -    0.00000      -     -    0s
H    0     0                       0.0000000    0.00000  0.00%     -    1s
     0     0    0.00000    0   20    0.00000    0.00000  0.00%     -    1s

Explored 1 nodes (4235 simplex iterations) in 1.83 seconds
Thread count was 1 (of 4 available processors)

Solution count 1: 0 

Optimal solution found (tolerance 1.00e-04)
Best objective 0.000000000000e+00, best bound 0.000000000000e+00, gap 0.0000%
Gurobi Optimizer version 9.0.1 build v9.0.1rc0 (linux64)
Optimize a model with 3388 rows, 3240 columns and 14038 nonzeros
Model fingerprint: 0x3b575689
Variable types: 40 continuous, 3200 integer (3200 binary)
Coefficient statistics:
  Matrix range     [1e+00, 5e+02]
  Objective range  [0e+00, 0e+00]
  Bounds range     [1e+00, 1e+00]
  RHS range        [1e+00, 2e+03]
Presolve removed 1735 rows and 1707 columns
Presolve time: 0.55s
Presolved: 1653 rows, 1533 columns, 6090 nonzeros
Variable types: 40 continuous, 1493 integer (1493 binary)

Root relaxation: objective 0.000000e+00, 400 iterations, 0.01 seconds

    Nodes    |    Current Node    |     Objective Bounds      |     Work
 Expl Unexpl |  Obj  Depth IntInf | Incumbent    BestBd   Gap | It/Node Time

     0     0    0.00000    0   68          -    0.00000      -     -    0s
     0     0    0.00000    0   86          -    0.00000      -     -    0s
     0     0    0.00000    0    4          -    0.00000      -     -    1s
     0     0    0.00000    0   14          -    0.00000      -     -    1s
     0     0    0.00000    0   18          -    0.00000      -     -    1s
     0     0    0.00000    0   30          -    0.00000      -     -    1s
     0     0    0.00000    0   39          -    0.00000      -     -    1s
     0     0    0.00000    0   36          -    0.00000      -     -    1s
     0     0    0.00000    0   29          -    0.00000      -     -    1s
     0     0    0.00000    0   29          -    0.00000      -     -    1s
     0     0    0.00000    0   24          -    0.00000      -     -    1s
     0     0    0.00000    0   24          -    0.00000      -     -    1s
     0     2    0.00000    0   24          -    0.00000      -     -    2s
*  105     2              33       0.0000000    0.00000  0.00%  24.1    2s

Cutting planes:
  Cover: 2
  Implied bound: 1
  MIR: 11
  Relax-and-lift: 6

Explored 106 nodes (9215 simplex iterations) in 2.25 seconds
Thread count was 1 (of 4 available processors)

Solution count 1: 0 

Optimal solution found (tolerance 1.00e-04)
Best objective 0.000000000000e+00, best bound 0.000000000000e+00, gap 0.0000%
Gurobi Optimizer version 9.0.1 build v9.0.1rc0 (linux64)
Optimize a model with 3389 rows, 3240 columns and 14078 nonzeros
Model fingerprint: 0x687e4d2f
Variable types: 40 continuous, 3200 integer (3200 binary)
Coefficient statistics:
  Matrix range     [1e+00, 5e+02]
  Objective range  [0e+00, 0e+00]
  Bounds range     [1e+00, 1e+00]
  RHS range        [1e+00, 2e+03]
Presolve removed 1756 rows and 1727 columns
Presolve time: 0.53s
Presolved: 1633 rows, 1513 columns, 6010 nonzeros
Variable types: 40 continuous, 1473 integer (1473 binary)

Root relaxation: objective 0.000000e+00, 422 iterations, 0.01 seconds

    Nodes    |    Current Node    |     Objective Bounds      |     Work
 Expl Unexpl |  Obj  Depth IntInf | Incumbent    BestBd   Gap | It/Node Time

     0     0    0.00000    0   54          -    0.00000      -     -    0s
     0     0    0.00000    0  121          -    0.00000      -     -    0s
     0     0    0.00000    0   30          -    0.00000      -     -    1s
     0     0    0.00000    0   37          -    0.00000      -     -    1s
     0     0    0.00000    0   27          -    0.00000      -     -    1s
     0     0    0.00000    0   27          -    0.00000      -     -    1s
     0     0    0.00000    0   26          -    0.00000      -     -    1s
     0     0    0.00000    0   26          -    0.00000      -     -    1s
     0     0    0.00000    0   22          -    0.00000      -     -    1s
     0     0    0.00000    0   22          -    0.00000      -     -    1s
     0     0    0.00000    0   20          -    0.00000      -     -    1s
     0     0    0.00000    0   16          -    0.00000      -     -    1s
     0     0    0.00000    0   18          -    0.00000      -     -    1s
     0     0    0.00000    0   24          -    0.00000      -     -    1s
     0     0    0.00000    0   23          -    0.00000      -     -    1s
     0     0    0.00000    0   35          -    0.00000      -     -    1s
     0     0    0.00000    0   40          -    0.00000      -     -    2s
     0     0    0.00000    0   22          -    0.00000      -     -    2s
     0     2    0.00000    0   22          -    0.00000      -     -    2s
*  574     2              28       0.0000000    0.00000  0.00%  13.5    2s

Cutting planes:
  Gomory: 2
  Cover: 33
  MIR: 76
  Relax-and-lift: 12

Explored 575 nodes (16123 simplex iterations) in 2.51 seconds
Thread count was 1 (of 4 available processors)

Solution count 1: 0 

Optimal solution found (tolerance 1.00e-04)
Best objective 0.000000000000e+00, best bound 0.000000000000e+00, gap 0.0000%
Gurobi Optimizer version 9.0.1 build v9.0.1rc0 (linux64)
Optimize a model with 3390 rows, 3240 columns and 14118 nonzeros
Model fingerprint: 0xe645b254
Variable types: 40 continuous, 3200 integer (3200 binary)
Coefficient statistics:
  Matrix range     [1e+00, 5e+02]
  Objective range  [0e+00, 0e+00]
  Bounds range     [1e+00, 1e+00]
  RHS range        [1e+00, 2e+03]
Presolve removed 1832 rows and 1802 columns
Presolve time: 0.55s
Presolved: 1558 rows, 1438 columns, 5710 nonzeros
Variable types: 40 continuous, 1398 integer (1398 binary)

Root relaxation: objective 0.000000e+00, 385 iterations, 0.01 seconds

    Nodes    |    Current Node    |     Objective Bounds      |     Work
 Expl Unexpl |  Obj  Depth IntInf | Incumbent    BestBd   Gap | It/Node Time

     0     0    0.00000    0   16          -    0.00000      -     -    0s
     0     0    0.00000    0   26          -    0.00000      -     -    0s
     0     0    0.00000    0   29          -    0.00000      -     -    0s
     0     0    0.00000    0   30          -    0.00000      -     -    1s
     0     0    0.00000    0   53          -    0.00000      -     -    1s
     0     0    0.00000    0   51          -    0.00000      -     -    1s
     0     0    0.00000    0   26          -    0.00000      -     -    1s
     0     0    0.00000    0   28          -    0.00000      -     -    1s
     0     0    0.00000    0   44          -    0.00000      -     -    1s
     0     0    0.00000    0   36          -    0.00000      -     -    1s
     0     0    0.00000    0   24          -    0.00000      -     -    1s
     0     0    0.00000    0   23          -    0.00000      -     -    1s
     0     0    0.00000    0   37          -    0.00000      -     -    1s
     0     0    0.00000    0   30          -    0.00000      -     -    1s
     0     2    0.00000    0   24          -    0.00000      -     -    2s

Cutting planes:
  Gomory: 3
  Cover: 389
  Implied bound: 2
  MIR: 102
  Inf proof: 1
  RLT: 1
  Relax-and-lift: 33

Explored 1709 nodes (35965 simplex iterations) in 3.18 seconds
Thread count was 1 (of 4 available processors)

Solution count 0

Model is infeasible
Best objective -, best bound -, gap -
Gurobi Optimizer version 9.0.1 build v9.0.1rc0 (linux64)
Optimize a model with 3390 rows, 3240 columns and 14118 nonzeros
Model fingerprint: 0x642325af
Variable types: 40 continuous, 3200 integer (3200 binary)
Coefficient statistics:
  Matrix range     [1e+00, 5e+02]
  Objective range  [0e+00, 0e+00]
  Bounds range     [1e+00, 1e+00]
  RHS range        [1e+00, 2e+03]
Presolve removed 1809 rows and 1779 columns
Presolve time: 0.54s
Presolved: 1581 rows, 1461 columns, 5802 nonzeros
Variable types: 40 continuous, 1421 integer (1421 binary)

Root relaxation: objective 0.000000e+00, 399 iterations, 0.01 seconds

    Nodes    |    Current Node    |     Objective Bounds      |     Work
 Expl Unexpl |  Obj  Depth IntInf | Incumbent    BestBd   Gap | It/Node Time

     0     0    0.00000    0   50          -    0.00000      -     -    0s
     0     0    0.00000    0   47          -    0.00000      -     -    0s
     0     0    0.00000    0   22          -    0.00000      -     -    1s
     0     0    0.00000    0   41          -    0.00000      -     -    1s
     0     0    0.00000    0   46          -    0.00000      -     -    1s
     0     0    0.00000    0   24          -    0.00000      -     -    1s
H    0     0                       0.0000000    0.00000  0.00%     -    1s
     0     0    0.00000    0   17    0.00000    0.00000  0.00%     -    1s

Cutting planes:
  Gomory: 1
  Cover: 1
  MIR: 44
  Relax-and-lift: 13

Explored 1 nodes (5621 simplex iterations) in 1.78 seconds
Thread count was 1 (of 4 available processors)

Solution count 1: 0 

Optimal solution found (tolerance 1.00e-04)
Best objective 0.000000000000e+00, best bound 0.000000000000e+00, gap 0.0000%
Gurobi Optimizer version 9.0.1 build v9.0.1rc0 (linux64)
Optimize a model with 3391 rows, 3240 columns and 14158 nonzeros
Model fingerprint: 0x8854d549
Variable types: 40 continuous, 3200 integer (3200 binary)
Coefficient statistics:
  Matrix range     [1e+00, 5e+02]
  Objective range  [0e+00, 0e+00]
  Bounds range     [1e+00, 1e+00]
  RHS range        [1e+00, 2e+03]
Presolve removed 1901 rows and 1870 columns
Presolve time: 0.56s
Presolved: 1490 rows, 1370 columns, 5438 nonzeros
Variable types: 40 continuous, 1330 integer (1330 binary)

Root relaxation: objective 0.000000e+00, 426 iterations, 0.01 seconds

    Nodes    |    Current Node    |     Objective Bounds      |     Work
 Expl Unexpl |  Obj  Depth IntInf | Incumbent    BestBd   Gap | It/Node Time

     0     0    0.00000    0   49          -    0.00000      -     -    0s
     0     0    0.00000    0   17          -    0.00000      -     -    0s
     0     0    0.00000    0   30          -    0.00000      -     -    1s
     0     0    0.00000    0   59          -    0.00000      -     -    1s
     0     0    0.00000    0   51          -    0.00000      -     -    1s
     0     0    0.00000    0   27          -    0.00000      -     -    1s
     0     0    0.00000    0   24          -    0.00000      -     -    1s
     0     0    0.00000    0   18          -    0.00000      -     -    1s
     0     0    0.00000    0   39          -    0.00000      -     -    1s
     0     0    0.00000    0   27          -    0.00000      -     -    1s
     0     0    0.00000    0   27          -    0.00000      -     -    1s
     0     0    0.00000    0   21          -    0.00000      -     -    1s
     0     0    0.00000    0   52          -    0.00000      -     -    1s
     0     0    0.00000    0   28          -    0.00000      -     -    1s
     0     0    0.00000    0   27          -    0.00000      -     -    1s
     0     2    0.00000    0   24          -    0.00000      -     -    1s

Cutting planes:
  Gomory: 6
  Cover: 776
  Implied bound: 1
  MIR: 106
  Inf proof: 1
  Relax-and-lift: 42

Explored 2681 nodes (57896 simplex iterations) in 4.32 seconds
Thread count was 1 (of 4 available processors)

Solution count 0

Model is infeasible
Best objective -, best bound -, gap -
Gurobi Optimizer version 9.0.1 build v9.0.1rc0 (linux64)
Optimize a model with 3391 rows, 3240 columns and 14158 nonzeros
Model fingerprint: 0x721db3e1
Variable types: 40 continuous, 3200 integer (3200 binary)
Coefficient statistics:
  Matrix range     [1e+00, 5e+02]
  Objective range  [0e+00, 0e+00]
  Bounds range     [1e+00, 1e+00]
  RHS range        [1e+00, 2e+03]
Presolve removed 1893 rows and 1862 columns
Presolve time: 0.55s
Presolved: 1498 rows, 1378 columns, 5470 nonzeros
Variable types: 40 continuous, 1338 integer (1338 binary)

Root relaxation: objective 0.000000e+00, 440 iterations, 0.01 seconds

    Nodes    |    Current Node    |     Objective Bounds      |     Work
 Expl Unexpl |  Obj  Depth IntInf | Incumbent    BestBd   Gap | It/Node Time

     0     0    0.00000    0   57          -    0.00000      -     -    0s
     0     0    0.00000    0   26          -    0.00000      -     -    0s
     0     0    0.00000    0   30          -    0.00000      -     -    1s
     0     0    0.00000    0   41          -    0.00000      -     -    1s
     0     0    0.00000    0   39          -    0.00000      -     -    1s
     0     0    0.00000    0   23          -    0.00000      -     -    1s
     0     0    0.00000    0   25          -    0.00000      -     -    1s
     0     0    0.00000    0   39          -    0.00000      -     -    1s
     0     0    0.00000    0   39          -    0.00000      -     -    1s
     0     0    0.00000    0   21          -    0.00000      -     -    1s
     0     0    0.00000    0   23          -    0.00000      -     -    1s
     0     0    0.00000    0   25          -    0.00000      -     -    1s
     0     0    0.00000    0   27          -    0.00000      -     -    1s
     0     0    0.00000    0   24          -    0.00000      -     -    1s
     0     2    0.00000    0   16          -    0.00000      -     -    1s
*  195     3              35       0.0000000    0.00000  0.00%  17.9    2s

Cutting planes:
  Gomory: 1
  Cover: 11
  MIR: 34
  Relax-and-lift: 14

Explored 196 nodes (11667 simplex iterations) in 2.03 seconds
Thread count was 1 (of 4 available processors)

Solution count 1: 0 

Optimal solution found (tolerance 1.00e-04)
Best objective 0.000000000000e+00, best bound 0.000000000000e+00, gap 0.0000%
Gurobi Optimizer version 9.0.1 build v9.0.1rc0 (linux64)
Optimize a model with 3392 rows, 3240 columns and 14198 nonzeros
Model fingerprint: 0x8d4e9b52
Variable types: 40 continuous, 3200 integer (3200 binary)
Coefficient statistics:
  Matrix range     [1e+00, 5e+02]
  Objective range  [0e+00, 0e+00]
  Bounds range     [1e+00, 1e+00]
  RHS range        [1e+00, 2e+03]
Presolve removed 1953 rows and 1921 columns
Presolve time: 0.57s
Presolved: 1439 rows, 1319 columns, 5234 nonzeros
Variable types: 40 continuous, 1279 integer (1279 binary)

Root relaxation: objective 0.000000e+00, 420 iterations, 0.01 seconds

    Nodes    |    Current Node    |     Objective Bounds      |     Work
 Expl Unexpl |  Obj  Depth IntInf | Incumbent    BestBd   Gap | It/Node Time

     0     0    0.00000    0   32          -    0.00000      -     -    0s
     0     0    0.00000    0   47          -    0.00000      -     -    0s
     0     0    0.00000    0   56          -    0.00000      -     -    0s
     0     0    0.00000    0   50          -    0.00000      -     -    0s
     0     0    0.00000    0   27          -    0.00000      -     -    1s
     0     0    0.00000    0   34          -    0.00000      -     -    1s
     0     0    0.00000    0   15          -    0.00000      -     -    1s
     0     0    0.00000    0   14          -    0.00000      -     -    1s
     0     0    0.00000    0   29          -    0.00000      -     -    1s
     0     0    0.00000    0   30          -    0.00000      -     -    1s
     0     0    0.00000    0   27          -    0.00000      -     -    1s
     0     0    0.00000    0   49          -    0.00000      -     -    1s
     0     0    0.00000    0   27          -    0.00000      -     -    1s
     0     0    0.00000    0   48          -    0.00000      -     -    1s
     0     0    0.00000    0   28          -    0.00000      -     -    1s
     0     0    0.00000    0   28          -    0.00000      -     -    1s
     0     2    0.00000    0   21          -    0.00000      -     -    1s
* 1348     4              44       0.0000000    0.00000  0.00%  21.7    2s

Cutting planes:
  Gomory: 2
  Cover: 282
  MIR: 85
  Relax-and-lift: 24

Explored 1349 nodes (37163 simplex iterations) in 2.40 seconds
Thread count was 1 (of 4 available processors)

Solution count 1: 0 

Optimal solution found (tolerance 1.00e-04)
Best objective 0.000000000000e+00, best bound 0.000000000000e+00, gap 0.0000%
Gurobi Optimizer version 9.0.1 build v9.0.1rc0 (linux64)
Optimize a model with 3393 rows, 3240 columns and 14238 nonzeros
Model fingerprint: 0x7f78fe7b
Variable types: 40 continuous, 3200 integer (3200 binary)
Coefficient statistics:
  Matrix range     [1e+00, 5e+02]
  Objective range  [0e+00, 0e+00]
  Bounds range     [1e+00, 1e+00]
  RHS range        [1e+00, 2e+03]
Presolve removed 1970 rows and 1937 columns
Presolve time: 0.55s
Presolved: 1423 rows, 1303 columns, 5170 nonzeros
Variable types: 40 continuous, 1263 integer (1263 binary)

Root relaxation: objective 0.000000e+00, 434 iterations, 0.01 seconds

    Nodes    |    Current Node    |     Objective Bounds      |     Work
 Expl Unexpl |  Obj  Depth IntInf | Incumbent    BestBd   Gap | It/Node Time

     0     0    0.00000    0   20          -    0.00000      -     -    0s
     0     0    0.00000    0   44          -    0.00000      -     -    0s
     0     0    0.00000    0   28          -    0.00000      -     -    0s
     0     0    0.00000    0   32          -    0.00000      -     -    0s
     0     0    0.00000    0   41          -    0.00000      -     -    1s
     0     0    0.00000    0   45          -    0.00000      -     -    1s
     0     0    0.00000    0   43          -    0.00000      -     -    1s
     0     0    0.00000    0   25          -    0.00000      -     -    1s
     0     0    0.00000    0   25          -    0.00000      -     -    1s
     0     0    0.00000    0   33          -    0.00000      -     -    1s
     0     0    0.00000    0   48          -    0.00000      -     -    1s
     0     0    0.00000    0   29          -    0.00000      -     -    1s
     0     0    0.00000    0   28          -    0.00000      -     -    1s
     0     0    0.00000    0   37          -    0.00000      -     -    1s
     0     0    0.00000    0   34          -    0.00000      -     -    1s
     0     0    0.00000    0   29          -    0.00000      -     -    1s
     0     0    0.00000    0   29          -    0.00000      -     -    1s
     0     2    0.00000    0   29          -    0.00000      -     -    1s
* 1056     0              22       0.0000000    0.00000  0.00%  12.2    2s

Cutting planes:
  Gomory: 2
  Cover: 166
  MIR: 113
  Relax-and-lift: 28

Explored 1057 nodes (21717 simplex iterations) in 2.03 seconds
Thread count was 1 (of 4 available processors)

Solution count 1: 0 

Optimal solution found (tolerance 1.00e-04)
Best objective 0.000000000000e+00, best bound 0.000000000000e+00, gap 0.0000%
Gurobi Optimizer version 9.0.1 build v9.0.1rc0 (linux64)
Optimize a model with 3394 rows, 3240 columns and 14278 nonzeros
Model fingerprint: 0x46f6236c
Variable types: 40 continuous, 3200 integer (3200 binary)
Coefficient statistics:
  Matrix range     [1e+00, 5e+02]
  Objective range  [0e+00, 0e+00]
  Bounds range     [1e+00, 1e+00]
  RHS range        [1e+00, 2e+03]
Presolve removed 2035 rows and 2001 columns
Presolve time: 0.56s
Presolved: 1359 rows, 1239 columns, 4914 nonzeros
Variable types: 40 continuous, 1199 integer (1199 binary)

Root relaxation: objective 0.000000e+00, 424 iterations, 0.01 seconds

    Nodes    |    Current Node    |     Objective Bounds      |     Work
 Expl Unexpl |  Obj  Depth IntInf | Incumbent    BestBd   Gap | It/Node Time

     0     0    0.00000    0   51          -    0.00000      -     -    0s
     0     0    0.00000    0   36          -    0.00000      -     -    0s
     0     0    0.00000    0   32          -    0.00000      -     -    1s
     0     0    0.00000    0   55          -    0.00000      -     -    1s
     0     0    0.00000    0   34          -    0.00000      -     -    1s
     0     0    0.00000    0   35          -    0.00000      -     -    1s
     0     0    0.00000    0   36          -    0.00000      -     -    1s
     0     0    0.00000    0   37          -    0.00000      -     -    1s
     0     0    0.00000    0   39          -    0.00000      -     -    1s
     0     0    0.00000    0   38          -    0.00000      -     -    1s
     0     0    0.00000    0   30          -    0.00000      -     -    1s
     0     0    0.00000    0   30          -    0.00000      -     -    1s
     0     2    0.00000    0   30          -    0.00000      -     -    1s

Cutting planes:
  Gomory: 9
  Cover: 822
  MIR: 87
  Relax-and-lift: 43

Explored 3728 nodes (69508 simplex iterations) in 4.93 seconds
Thread count was 1 (of 4 available processors)

Solution count 0

Model is infeasible
Best objective -, best bound -, gap -
Gurobi Optimizer version 9.0.1 build v9.0.1rc0 (linux64)
Optimize a model with 3394 rows, 3240 columns and 14278 nonzeros
Model fingerprint: 0xd3617104
Variable types: 40 continuous, 3200 integer (3200 binary)
Coefficient statistics:
  Matrix range     [1e+00, 5e+02]
  Objective range  [0e+00, 0e+00]
  Bounds range     [1e+00, 1e+00]
  RHS range        [1e+00, 2e+03]
Presolve removed 2035 rows and 2001 columns
Presolve time: 0.57s
Presolved: 1359 rows, 1239 columns, 4914 nonzeros
Variable types: 40 continuous, 1199 integer (1199 binary)

Root relaxation: objective 0.000000e+00, 391 iterations, 0.01 seconds

    Nodes    |    Current Node    |     Objective Bounds      |     Work
 Expl Unexpl |  Obj  Depth IntInf | Incumbent    BestBd   Gap | It/Node Time

     0     0    0.00000    0   28          -    0.00000      -     -    0s
     0     0    0.00000    0   36          -    0.00000      -     -    0s
     0     0    0.00000    0   17          -    0.00000      -     -    1s
     0     0    0.00000    0   46          -    0.00000      -     -    1s
     0     0    0.00000    0   46          -    0.00000      -     -    1s
     0     0    0.00000    0   31          -    0.00000      -     -    1s
     0     0    0.00000    0   17          -    0.00000      -     -    1s
     0     0    0.00000    0   20          -    0.00000      -     -    1s
     0     0    0.00000    0   28          -    0.00000      -     -    1s
     0     0    0.00000    0   16          -    0.00000      -     -    1s
     0     0    0.00000    0   13          -    0.00000      -     -    1s
     0     2    0.00000    0   13          -    0.00000      -     -    1s
*  513     1              36       0.0000000    0.00000  0.00%   9.2    1s

Cutting planes:
  Gomory: 2
  Cover: 69
  Clique: 2
  MIR: 40
  Relax-and-lift: 13

Explored 514 nodes (11837 simplex iterations) in 1.94 seconds
Thread count was 1 (of 4 available processors)

Solution count 1: 0 

Optimal solution found (tolerance 1.00e-04)
Best objective 0.000000000000e+00, best bound 0.000000000000e+00, gap 0.0000%
Gurobi Optimizer version 9.0.1 build v9.0.1rc0 (linux64)
Optimize a model with 3395 rows, 3240 columns and 14318 nonzeros
Model fingerprint: 0x6821b50a
Variable types: 40 continuous, 3200 integer (3200 binary)
Coefficient statistics:
  Matrix range     [1e+00, 5e+02]
  Objective range  [0e+00, 0e+00]
  Bounds range     [1e+00, 1e+00]
  RHS range        [1e+00, 2e+03]
Presolve removed 2087 rows and 2052 columns
Presolve time: 0.55s
Presolved: 1308 rows, 1188 columns, 4710 nonzeros
Variable types: 40 continuous, 1148 integer (1148 binary)

Root relaxation: objective 0.000000e+00, 461 iterations, 0.01 seconds

    Nodes    |    Current Node    |     Objective Bounds      |     Work
 Expl Unexpl |  Obj  Depth IntInf | Incumbent    BestBd   Gap | It/Node Time

     0     0    0.00000    0   36          -    0.00000      -     -    0s
     0     0    0.00000    0   51          -    0.00000      -     -    0s
     0     0    0.00000    0   29          -    0.00000      -     -    1s
     0     0    0.00000    0   41          -    0.00000      -     -    1s
     0     0    0.00000    0   22          -    0.00000      -     -    1s
     0     0    0.00000    0   38          -    0.00000      -     -    1s
     0     0    0.00000    0   34          -    0.00000      -     -    1s
     0     0    0.00000    0   33          -    0.00000      -     -    1s
     0     0    0.00000    0   23          -    0.00000      -     -    1s
     0     0    0.00000    0   34          -    0.00000      -     -    1s
     0     0    0.00000    0   28          -    0.00000      -     -    1s
     0     0    0.00000    0   27          -    0.00000      -     -    1s
     0     0    0.00000    0   35          -    0.00000      -     -    1s
     0     0    0.00000    0   29          -    0.00000      -     -    1s
     0     2    0.00000    0   28          -    0.00000      -     -    1s
  3941   250    0.00000   25   26          -    0.00000      -  18.8    5s

Cutting planes:
  MIR: 1
  Flow cover: 4
  GUB cover: 2
  Inf proof: 1
  RLT: 1
  Relax-and-lift: 4

Explored 11383 nodes (204064 simplex iterations) in 9.65 seconds
Thread count was 1 (of 4 available processors)

Solution count 0

Model is infeasible
Best objective -, best bound -, gap -
Gurobi Optimizer version 9.0.1 build v9.0.1rc0 (linux64)
Optimize a model with 3395 rows, 3240 columns and 14318 nonzeros
Model fingerprint: 0x3aa3f8c7
Variable types: 40 continuous, 3200 integer (3200 binary)
Coefficient statistics:
  Matrix range     [1e+00, 5e+02]
  Objective range  [0e+00, 0e+00]
  Bounds range     [1e+00, 1e+00]
  RHS range        [1e+00, 2e+03]
Presolve removed 2074 rows and 2039 columns
Presolve time: 0.56s
Presolved: 1321 rows, 1201 columns, 4762 nonzeros
Variable types: 40 continuous, 1161 integer (1161 binary)

Root relaxation: objective 0.000000e+00, 395 iterations, 0.01 seconds

    Nodes    |    Current Node    |     Objective Bounds      |     Work
 Expl Unexpl |  Obj  Depth IntInf | Incumbent    BestBd   Gap | It/Node Time

     0     0    0.00000    0   28          -    0.00000      -     -    0s
     0     0    0.00000    0  134          -    0.00000      -     -    0s
     0     0    0.00000    0   23          -    0.00000      -     -    1s
     0     0    0.00000    0   39          -    0.00000      -     -    1s
     0     0    0.00000    0   40          -    0.00000      -     -    1s
     0     0    0.00000    0   40          -    0.00000      -     -    1s
     0     0    0.00000    0   33          -    0.00000      -     -    1s
     0     0    0.00000    0   24          -    0.00000      -     -    1s
     0     0    0.00000    0   26          -    0.00000      -     -    1s
     0     0    0.00000    0   37          -    0.00000      -     -    1s
     0     0    0.00000    0   36          -    0.00000      -     -    1s
     0     0    0.00000    0   26          -    0.00000      -     -    1s
     0     0    0.00000    0   25          -    0.00000      -     -    1s
     0     2    0.00000    0   25          -    0.00000      -     -    1s
* 1655     0              31       0.0000000    0.00000  0.00%  13.0    2s

Cutting planes:
  Gomory: 4
  Cover: 277
  MIR: 109
  Relax-and-lift: 28

Explored 1656 nodes (28687 simplex iterations) in 2.21 seconds
Thread count was 1 (of 4 available processors)

Solution count 1: 0 

Optimal solution found (tolerance 1.00e-04)
Best objective 0.000000000000e+00, best bound 0.000000000000e+00, gap 0.0000%
Gurobi Optimizer version 9.0.1 build v9.0.1rc0 (linux64)
Optimize a model with 3396 rows, 3240 columns and 14358 nonzeros
Model fingerprint: 0xd30aa842
Variable types: 40 continuous, 3200 integer (3200 binary)
Coefficient statistics:
  Matrix range     [1e+00, 5e+02]
  Objective range  [0e+00, 0e+00]
  Bounds range     [1e+00, 1e+00]
  RHS range        [1e+00, 2e+03]
Presolve removed 2135 rows and 2099 columns
Presolve time: 0.56s
Presolved: 1261 rows, 1141 columns, 4522 nonzeros
Variable types: 40 continuous, 1101 integer (1101 binary)

Root relaxation: objective 0.000000e+00, 393 iterations, 0.01 seconds

    Nodes    |    Current Node    |     Objective Bounds      |     Work
 Expl Unexpl |  Obj  Depth IntInf | Incumbent    BestBd   Gap | It/Node Time

     0     0    0.00000    0   48          -    0.00000      -     -    0s
     0     0    0.00000    0  102          -    0.00000      -     -    0s
     0     0    0.00000    0   45          -    0.00000      -     -    1s
     0     0    0.00000    0   48          -    0.00000      -     -    1s
     0     0    0.00000    0   38          -    0.00000      -     -    1s
     0     0    0.00000    0   33          -    0.00000      -     -    1s
     0     0    0.00000    0   27          -    0.00000      -     -    1s
     0     0    0.00000    0   34          -    0.00000      -     -    1s
     0     0    0.00000    0   25          -    0.00000      -     -    1s
     0     0    0.00000    0   34          -    0.00000      -     -    1s
     0     0    0.00000    0   39          -    0.00000      -     -    1s
     0     0    0.00000    0   37          -    0.00000      -     -    1s
     0     0    0.00000    0   35          -    0.00000      -     -    1s
     0     0    0.00000    0   28          -    0.00000      -     -    1s
     0     2    0.00000    0   26          -    0.00000      -     -    1s
  2255   263 infeasible   44               -    0.00000      -  25.8    5s

Cutting planes:
  Inf proof: 1
  Relax-and-lift: 2

Explored 2632 nodes (68177 simplex iterations) in 5.35 seconds
Thread count was 1 (of 4 available processors)

Solution count 0

Model is infeasible
Best objective -, best bound -, gap -
Gurobi Optimizer version 9.0.1 build v9.0.1rc0 (linux64)
Optimize a model with 3396 rows, 3240 columns and 14358 nonzeros
Model fingerprint: 0xf9927dc2
Variable types: 40 continuous, 3200 integer (3200 binary)
Coefficient statistics:
  Matrix range     [1e+00, 5e+02]
  Objective range  [0e+00, 0e+00]
  Bounds range     [1e+00, 1e+00]
  RHS range        [1e+00, 2e+03]
Presolve removed 2116 rows and 2080 columns
Presolve time: 0.55s
Presolved: 1280 rows, 1160 columns, 4598 nonzeros
Variable types: 40 continuous, 1120 integer (1120 binary)

Root relaxation: objective 0.000000e+00, 413 iterations, 0.01 seconds

    Nodes    |    Current Node    |     Objective Bounds      |     Work
 Expl Unexpl |  Obj  Depth IntInf | Incumbent    BestBd   Gap | It/Node Time

     0     0    0.00000    0   42          -    0.00000      -     -    0s
     0     0    0.00000    0   42          -    0.00000      -     -    0s
     0     0    0.00000    0   20          -    0.00000      -     -    1s
     0     0    0.00000    0   46          -    0.00000      -     -    1s
     0     0    0.00000    0   26          -    0.00000      -     -    1s
     0     0    0.00000    0   26          -    0.00000      -     -    1s
     0     0    0.00000    0   34          -    0.00000      -     -    1s
     0     0    0.00000    0   34          -    0.00000      -     -    1s
     0     0    0.00000    0   26          -    0.00000      -     -    1s
     0     0    0.00000    0   26          -    0.00000      -     -    1s
     0     2    0.00000    0   18          -    0.00000      -     -    1s
H 2572   249                       0.0000000    0.00000  0.00%  11.5    3s

Cutting planes:
  Flow cover: 9
  Relax-and-lift: 5

Explored 2572 nodes (36681 simplex iterations) in 3.20 seconds
Thread count was 1 (of 4 available processors)

Solution count 1: 0 

Optimal solution found (tolerance 1.00e-04)
Best objective 0.000000000000e+00, best bound 0.000000000000e+00, gap 0.0000%
Gurobi Optimizer version 9.0.1 build v9.0.1rc0 (linux64)
Optimize a model with 3397 rows, 3240 columns and 14398 nonzeros
Model fingerprint: 0xe4df11ba
Variable types: 40 continuous, 3200 integer (3200 binary)
Coefficient statistics:
  Matrix range     [1e+00, 5e+02]
  Objective range  [0e+00, 0e+00]
  Bounds range     [1e+00, 1e+00]
  RHS range        [1e+00, 2e+03]
Presolve removed 2154 rows and 2117 columns
Presolve time: 0.55s
Presolved: 1243 rows, 1123 columns, 4450 nonzeros
Variable types: 40 continuous, 1083 integer (1083 binary)

Root relaxation: objective 0.000000e+00, 425 iterations, 0.01 seconds

    Nodes    |    Current Node    |     Objective Bounds      |     Work
 Expl Unexpl |  Obj  Depth IntInf | Incumbent    BestBd   Gap | It/Node Time

     0     0    0.00000    0   35          -    0.00000      -     -    0s
     0     0    0.00000    0   22          -    0.00000      -     -    0s
     0     0    0.00000    0   46          -    0.00000      -     -    1s
     0     0    0.00000    0   47          -    0.00000      -     -    1s
     0     0    0.00000    0   47          -    0.00000      -     -    1s
     0     0    0.00000    0   42          -    0.00000      -     -    1s
     0     0    0.00000    0   44          -    0.00000      -     -    1s
     0     0    0.00000    0   35          -    0.00000      -     -    1s
     0     0    0.00000    0   41          -    0.00000      -     -    1s
     0     0    0.00000    0   37          -    0.00000      -     -    1s
     0     0    0.00000    0   37          -    0.00000      -     -    1s
     0     0    0.00000    0   30          -    0.00000      -     -    1s
     0     0    0.00000    0   38          -    0.00000      -     -    1s
     0     0    0.00000    0   38          -    0.00000      -     -    1s
     0     0    0.00000    0   33          -    0.00000      -     -    1s
     0     2    0.00000    0   32          -    0.00000      -     -    1s

Cutting planes:
  Flow cover: 12
  Inf proof: 1
  Relax-and-lift: 6

Explored 3075 nodes (73764 simplex iterations) in 4.66 seconds
Thread count was 1 (of 4 available processors)

Solution count 0

Model is infeasible
Best objective -, best bound -, gap -
Gurobi Optimizer version 9.0.1 build v9.0.1rc0 (linux64)
Optimize a model with 3397 rows, 3240 columns and 14398 nonzeros
Model fingerprint: 0xbdd77e4e
Variable types: 40 continuous, 3200 integer (3200 binary)
Coefficient statistics:
  Matrix range     [1e+00, 5e+02]
  Objective range  [0e+00, 0e+00]
  Bounds range     [1e+00, 1e+00]
  RHS range        [1e+00, 2e+03]
Presolve removed 2134 rows and 2097 columns
Presolve time: 0.54s
Presolved: 1263 rows, 1143 columns, 4530 nonzeros
Variable types: 40 continuous, 1103 integer (1103 binary)

Root relaxation: objective 0.000000e+00, 358 iterations, 0.01 seconds

    Nodes    |    Current Node    |     Objective Bounds      |     Work
 Expl Unexpl |  Obj  Depth IntInf | Incumbent    BestBd   Gap | It/Node Time

     0     0    0.00000    0   34          -    0.00000      -     -    0s
     0     0    0.00000    0   84          -    0.00000      -     -    0s
     0     0    0.00000    0   36          -    0.00000      -     -    0s
     0     0    0.00000    0   45          -    0.00000      -     -    0s
     0     0    0.00000    0   43          -    0.00000      -     -    0s
     0     0    0.00000    0   34          -    0.00000      -     -    0s
     0     0    0.00000    0   34          -    0.00000      -     -    0s
     0     0    0.00000    0   27          -    0.00000      -     -    1s
     0     0    0.00000    0   27          -    0.00000      -     -    1s
     0     0    0.00000    0   22          -    0.00000      -     -    1s
     0     0    0.00000    0   28          -    0.00000      -     -    1s
     0     0    0.00000    0   40          -    0.00000      -     -    1s
     0     0    0.00000    0   38          -    0.00000      -     -    1s
     0     0    0.00000    0   43          -    0.00000      -     -    1s
     0     0    0.00000    0   42          -    0.00000      -     -    1s
     0     0    0.00000    0   24          -    0.00000      -     -    1s
     0     0    0.00000    0   24          -    0.00000      -     -    1s
     0     2    0.00000    0   24          -    0.00000      -     -    1s
* 1783     2              45       0.0000000    0.00000  0.00%  16.8    2s

Cutting planes:
  Gomory: 4
  Cover: 390
  MIR: 154
  RLT: 1
  Relax-and-lift: 40

Explored 1784 nodes (37361 simplex iterations) in 2.38 seconds
Thread count was 1 (of 4 available processors)

Solution count 1: 0 

Optimal solution found (tolerance 1.00e-04)
Best objective 0.000000000000e+00, best bound 0.000000000000e+00, gap 0.0000%
Gurobi Optimizer version 9.0.1 build v9.0.1rc0 (linux64)
Optimize a model with 3398 rows, 3240 columns and 14438 nonzeros
Model fingerprint: 0x5e45fe8c
Variable types: 40 continuous, 3200 integer (3200 binary)
Coefficient statistics:
  Matrix range     [1e+00, 5e+02]
  Objective range  [0e+00, 0e+00]
  Bounds range     [1e+00, 1e+00]
  RHS range        [1e+00, 2e+03]
Presolve removed 2178 rows and 2140 columns
Presolve time: 0.55s
Presolved: 1220 rows, 1100 columns, 4358 nonzeros
Variable types: 40 continuous, 1060 integer (1060 binary)

Root relaxation: objective 0.000000e+00, 435 iterations, 0.01 seconds

    Nodes    |    Current Node    |     Objective Bounds      |     Work
 Expl Unexpl |  Obj  Depth IntInf | Incumbent    BestBd   Gap | It/Node Time

     0     0    0.00000    0   44          -    0.00000      -     -    0s
     0     0    0.00000    0   39          -    0.00000      -     -    0s
     0     0    0.00000    0   29          -    0.00000      -     -    0s
     0     0    0.00000    0   57          -    0.00000      -     -    0s
     0     0    0.00000    0   47          -    0.00000      -     -    0s
     0     0    0.00000    0  136          -    0.00000      -     -    0s
     0     0    0.00000    0   32          -    0.00000      -     -    1s
     0     0    0.00000    0   35          -    0.00000      -     -    1s
     0     0    0.00000    0   35          -    0.00000      -     -    1s
     0     0    0.00000    0   39          -    0.00000      -     -    1s
     0     0    0.00000    0   38          -    0.00000      -     -    1s
     0     0    0.00000    0   32          -    0.00000      -     -    1s
     0     0    0.00000    0   35          -    0.00000      -     -    1s
     0     0    0.00000    0   20          -    0.00000      -     -    1s
     0     0    0.00000    0   27          -    0.00000      -     -    1s
     0     0    0.00000    0   28          -    0.00000      -     -    1s
     0     0    0.00000    0   30          -    0.00000      -     -    1s
     0     0    0.00000    0   36          -    0.00000      -     -    1s
     0     0    0.00000    0   36          -    0.00000      -     -    1s
     0     2    0.00000    0   29          -    0.00000      -     -    1s

Cutting planes:
  Gomory: 1
  Cover: 844
  MIR: 130
  Relax-and-lift: 27

Explored 2919 nodes (58386 simplex iterations) in 3.55 seconds
Thread count was 1 (of 4 available processors)

Solution count 0

Model is infeasible
Best objective -, best bound -, gap -
Gurobi Optimizer version 9.0.1 build v9.0.1rc0 (linux64)
Optimize a model with 3398 rows, 3240 columns and 14438 nonzeros
Model fingerprint: 0xdc00852a
Variable types: 40 continuous, 3200 integer (3200 binary)
Coefficient statistics:
  Matrix range     [1e+00, 5e+02]
  Objective range  [0e+00, 0e+00]
  Bounds range     [1e+00, 1e+00]
  RHS range        [1e+00, 2e+03]
Presolve removed 2126 rows and 2088 columns
Presolve time: 0.52s
Presolved: 1272 rows, 1152 columns, 4566 nonzeros
Variable types: 40 continuous, 1112 integer (1112 binary)

Root relaxation: objective 0.000000e+00, 449 iterations, 0.01 seconds

    Nodes    |    Current Node    |     Objective Bounds      |     Work
 Expl Unexpl |  Obj  Depth IntInf | Incumbent    BestBd   Gap | It/Node Time

     0     0    0.00000    0   47          -    0.00000      -     -    0s
     0     0    0.00000    0   99          -    0.00000      -     -    0s
     0     0    0.00000    0   20          -    0.00000      -     -    1s
     0     0    0.00000    0   35          -    0.00000      -     -    1s
     0     0    0.00000    0   36          -    0.00000      -     -    1s
     0     0    0.00000    0   17          -    0.00000      -     -    1s
     0     0    0.00000    0   20          -    0.00000      -     -    1s
     0     0    0.00000    0   19          -    0.00000      -     -    1s
     0     0    0.00000    0   22          -    0.00000      -     -    1s
     0     0    0.00000    0   22          -    0.00000      -     -    1s
     0     0    0.00000    0   14          -    0.00000      -     -    1s
     0     0    0.00000    0   22          -    0.00000      -     -    1s
     0     0    0.00000    0   25          -    0.00000      -     -    1s
     0     0    0.00000    0   27          -    0.00000      -     -    1s
     0     0    0.00000    0   25          -    0.00000      -     -    1s
     0     0    0.00000    0   20          -    0.00000      -     -    1s
     0     2    0.00000    0   12          -    0.00000      -     -    1s
* 1637     0              35       0.0000000    0.00000  0.00%  12.3    2s

Cutting planes:
  Gomory: 3
  Cover: 265
  MIR: 111
  Relax-and-lift: 30

Explored 1638 nodes (27225 simplex iterations) in 2.39 seconds
Thread count was 1 (of 4 available processors)

Solution count 1: 0 

Optimal solution found (tolerance 1.00e-04)
Best objective 0.000000000000e+00, best bound 0.000000000000e+00, gap 0.0000%
Gurobi Optimizer version 9.0.1 build v9.0.1rc0 (linux64)
Optimize a model with 3399 rows, 3240 columns and 14478 nonzeros
Model fingerprint: 0x1325ab35
Variable types: 40 continuous, 3200 integer (3200 binary)
Coefficient statistics:
  Matrix range     [1e+00, 5e+02]
  Objective range  [0e+00, 0e+00]
  Bounds range     [1e+00, 1e+00]
  RHS range        [1e+00, 2e+03]
Presolve removed 2150 rows and 2111 columns
Presolve time: 0.51s
Presolved: 1249 rows, 1129 columns, 4474 nonzeros
Variable types: 40 continuous, 1089 integer (1089 binary)

Root relaxation: objective 0.000000e+00, 442 iterations, 0.01 seconds

    Nodes    |    Current Node    |     Objective Bounds      |     Work
 Expl Unexpl |  Obj  Depth IntInf | Incumbent    BestBd   Gap | It/Node Time

     0     0    0.00000    0   52          -    0.00000      -     -    0s
     0     0    0.00000    0   34          -    0.00000      -     -    0s
     0     0    0.00000    0   36          -    0.00000      -     -    0s
     0     0    0.00000    0   41          -    0.00000      -     -    1s
     0     0    0.00000    0   41          -    0.00000      -     -    1s
     0     0    0.00000    0   31          -    0.00000      -     -    1s
     0     0    0.00000    0   31          -    0.00000      -     -    1s
     0     0    0.00000    0   39          -    0.00000      -     -    1s
     0     0    0.00000    0   39          -    0.00000      -     -    1s
     0     0    0.00000    0   42          -    0.00000      -     -    1s
     0     0    0.00000    0   42          -    0.00000      -     -    1s
     0     0    0.00000    0   34          -    0.00000      -     -    1s
     0     0    0.00000    0   39          -    0.00000      -     -    1s
     0     0    0.00000    0   39          -    0.00000      -     -    1s
     0     0    0.00000    0   35          -    0.00000      -     -    1s
     0     2    0.00000    0   31          -    0.00000      -     -    1s
  3550   159    0.00000   41   28          -    0.00000      -  14.4    5s

Cutting planes:
  Cover: 1
  Projected implied bound: 2
  MIR: 8
  Flow cover: 18
  GUB cover: 3
  RLT: 1
  Relax-and-lift: 4

Explored 4850 nodes (97744 simplex iterations) in 6.69 seconds
Thread count was 1 (of 4 available processors)

Solution count 0

Model is infeasible
Best objective -, best bound -, gap -
Gurobi Optimizer version 9.0.1 build v9.0.1rc0 (linux64)
Optimize a model with 3399 rows, 3240 columns and 14478 nonzeros
Model fingerprint: 0x8e130bd7
Variable types: 40 continuous, 3200 integer (3200 binary)
Coefficient statistics:
  Matrix range     [1e+00, 5e+02]
  Objective range  [0e+00, 0e+00]
  Bounds range     [1e+00, 1e+00]
  RHS range        [1e+00, 2e+03]
Presolve removed 2150 rows and 2111 columns
Presolve time: 0.51s
Presolved: 1249 rows, 1129 columns, 4474 nonzeros
Variable types: 40 continuous, 1089 integer (1089 binary)

Root relaxation: objective 0.000000e+00, 381 iterations, 0.01 seconds

    Nodes    |    Current Node    |     Objective Bounds      |     Work
 Expl Unexpl |  Obj  Depth IntInf | Incumbent    BestBd   Gap | It/Node Time

     0     0    0.00000    0   42          -    0.00000      -     -    0s
     0     0    0.00000    0   25          -    0.00000      -     -    0s
     0     0    0.00000    0   22          -    0.00000      -     -    1s
     0     0    0.00000    0   36          -    0.00000      -     -    1s
     0     0    0.00000    0   26          -    0.00000      -     -    1s
     0     0    0.00000    0   30          -    0.00000      -     -    1s
     0     0    0.00000    0   30          -    0.00000      -     -    1s
     0     0    0.00000    0   27          -    0.00000      -     -    1s
     0     0    0.00000    0   30          -    0.00000      -     -    1s
     0     0    0.00000    0   32          -    0.00000      -     -    1s
     0     0    0.00000    0   33          -    0.00000      -     -    1s
     0     0    0.00000    0   25          -    0.00000      -     -    1s
     0     2    0.00000    0   25          -    0.00000      -     -    1s
* 1456     5              43       0.0000000    0.00000  0.00%  11.6    2s

Cutting planes:
  Gomory: 6
  Cover: 339
  MIR: 71
  Relax-and-lift: 19

Explored 1457 nodes (25106 simplex iterations) in 2.16 seconds
Thread count was 1 (of 4 available processors)

Solution count 1: 0 

Optimal solution found (tolerance 1.00e-04)
Best objective 0.000000000000e+00, best bound 0.000000000000e+00, gap 0.0000%
Gurobi Optimizer version 9.0.1 build v9.0.1rc0 (linux64)
Optimize a model with 3400 rows, 3240 columns and 14518 nonzeros
Model fingerprint: 0x6f87099e
Variable types: 40 continuous, 3200 integer (3200 binary)
Coefficient statistics:
  Matrix range     [1e+00, 5e+02]
  Objective range  [0e+00, 0e+00]
  Bounds range     [1e+00, 1e+00]
  RHS range        [1e+00, 2e+03]
Presolve removed 2187 rows and 2147 columns
Presolve time: 0.51s
Presolved: 1213 rows, 1093 columns, 4330 nonzeros
Variable types: 40 continuous, 1053 integer (1053 binary)

Root relaxation: objective 0.000000e+00, 418 iterations, 0.01 seconds

    Nodes    |    Current Node    |     Objective Bounds      |     Work
 Expl Unexpl |  Obj  Depth IntInf | Incumbent    BestBd   Gap | It/Node Time

     0     0    0.00000    0   36          -    0.00000      -     -    0s
     0     0    0.00000    0   37          -    0.00000      -     -    0s
     0     0    0.00000    0   38          -    0.00000      -     -    1s
     0     0    0.00000    0   48          -    0.00000      -     -    1s
     0     0    0.00000    0   42          -    0.00000      -     -    1s
     0     0    0.00000    0   46          -    0.00000      -     -    1s
     0     0    0.00000    0   45          -    0.00000      -     -    1s
     0     0    0.00000    0   36          -    0.00000      -     -    1s
     0     0    0.00000    0   38          -    0.00000      -     -    1s
     0     0    0.00000    0   34          -    0.00000      -     -    1s
     0     0    0.00000    0   47          -    0.00000      -     -    1s
     0     0    0.00000    0   34          -    0.00000      -     -    1s
     0     0    0.00000    0   31          -    0.00000      -     -    1s
     0     2    0.00000    0   26          -    0.00000      -     -    1s

Cutting planes:
  MIR: 3
  Flow cover: 6
  Relax-and-lift: 5

Explored 2649 nodes (61364 simplex iterations) in 4.43 seconds
Thread count was 1 (of 4 available processors)

Solution count 0

Model is infeasible
Best objective -, best bound -, gap -
Gurobi Optimizer version 9.0.1 build v9.0.1rc0 (linux64)
Optimize a model with 3400 rows, 3240 columns and 14518 nonzeros
Model fingerprint: 0xcf81b5b5
Variable types: 40 continuous, 3200 integer (3200 binary)
Coefficient statistics:
  Matrix range     [1e+00, 5e+02]
  Objective range  [0e+00, 0e+00]
  Bounds range     [1e+00, 1e+00]
  RHS range        [1e+00, 2e+03]
Presolve removed 2187 rows and 2147 columns
Presolve time: 0.51s
Presolved: 1213 rows, 1093 columns, 4330 nonzeros
Variable types: 40 continuous, 1053 integer (1053 binary)

Root relaxation: objective 0.000000e+00, 453 iterations, 0.01 seconds

    Nodes    |    Current Node    |     Objective Bounds      |     Work
 Expl Unexpl |  Obj  Depth IntInf | Incumbent    BestBd   Gap | It/Node Time

     0     0    0.00000    0   18          -    0.00000      -     -    0s
     0     0    0.00000    0   17          -    0.00000      -     -    0s
     0     0    0.00000    0   29          -    0.00000      -     -    1s
     0     0    0.00000    0   45          -    0.00000      -     -    1s
     0     0    0.00000    0   39          -    0.00000      -     -    1s
     0     0    0.00000    0   33          -    0.00000      -     -    1s
     0     0    0.00000    0   32          -    0.00000      -     -    1s
     0     0    0.00000    0   22          -    0.00000      -     -    1s
     0     0    0.00000    0   23          -    0.00000      -     -    1s
     0     0    0.00000    0   18          -    0.00000      -     -    1s
     0     0    0.00000    0   22          -    0.00000      -     -    1s
     0     0    0.00000    0   22          -    0.00000      -     -    1s
     0     0    0.00000    0   21          -    0.00000      -     -    1s
     0     0    0.00000    0   21          -    0.00000      -     -    1s
     0     0    0.00000    0   21          -    0.00000      -     -    1s
     0     2    0.00000    0   18          -    0.00000      -     -    1s
* 2312     2              21       0.0000000    0.00000  0.00%  12.2    2s

Cutting planes:
  Gomory: 2
  Cover: 540
  Implied bound: 1
  MIR: 89
  RLT: 1
  Relax-and-lift: 29

Explored 2313 nodes (34346 simplex iterations) in 2.72 seconds
Thread count was 1 (of 4 available processors)

Solution count 1: 0 

Optimal solution found (tolerance 1.00e-04)
Best objective 0.000000000000e+00, best bound 0.000000000000e+00, gap 0.0000%
Gurobi Optimizer version 9.0.1 build v9.0.1rc0 (linux64)
Optimize a model with 3400 rows, 3240 columns and 14518 nonzeros
Model fingerprint: 0xcf81b5b5
Variable types: 40 continuous, 3200 integer (3200 binary)
Coefficient statistics:
  Matrix range     [1e+00, 5e+02]
  Objective range  [0e+00, 0e+00]
  Bounds range     [1e+00, 1e+00]
  RHS range        [1e+00, 2e+03]
Presolve removed 2187 rows and 2147 columns
Presolve time: 0.51s
Presolved: 1213 rows, 1093 columns, 4330 nonzeros
Variable types: 40 continuous, 1053 integer (1053 binary)

Root relaxation: objective 0.000000e+00, 453 iterations, 0.01 seconds

    Nodes    |    Current Node    |     Objective Bounds      |     Work
 Expl Unexpl |  Obj  Depth IntInf | Incumbent    BestBd   Gap | It/Node Time

     0     0    0.00000    0   18          -    0.00000      -     -    0s
     0     0    0.00000    0   17          -    0.00000      -     -    0s
     0     0    0.00000    0   29          -    0.00000      -     -    1s
     0     0    0.00000    0   45          -    0.00000      -     -    1s
     0     0    0.00000    0   39          -    0.00000      -     -    1s
     0     0    0.00000    0   33          -    0.00000      -     -    1s
     0     0    0.00000    0   32          -    0.00000      -     -    1s
     0     0    0.00000    0   22          -    0.00000      -     -    1s
     0     0    0.00000    0   23          -    0.00000      -     -    1s
     0     0    0.00000    0   18          -    0.00000      -     -    1s
     0     0    0.00000    0   22          -    0.00000      -     -    1s
     0     0    0.00000    0   22          -    0.00000      -     -    1s
     0     0    0.00000    0   21          -    0.00000      -     -    1s
     0     0    0.00000    0   21          -    0.00000      -     -    1s
     0     0    0.00000    0   21          -    0.00000      -     -    1s
     0     2    0.00000    0   18          -    0.00000      -     -    1s
* 2312     2              21       0.0000000    0.00000  0.00%  12.2    2s

Cutting planes:
  Gomory: 2
  Cover: 540
  Implied bound: 1
  MIR: 89
  RLT: 1
  Relax-and-lift: 29

Explored 2313 nodes (34346 simplex iterations) in 2.72 seconds
Thread count was 1 (of 4 available processors)

Solution count 1: 0 

Optimal solution found (tolerance 1.00e-04)
Best objective 0.000000000000e+00, best bound 0.000000000000e+00, gap 0.0000%
