Using license file /home/benedond/gurobi.lic
Using gurobi.env file
Set parameter Threads to value 1
Academic license - for non-commercial use only
Changed value of parameter TimeLimit to 300.0
   Prev: inf  Min: 0.0  Max: inf  Default: inf
Gurobi Optimizer version 9.0.1 build v9.0.1rc0 (linux64)
Optimize a model with 6600 rows, 3280 columns and 25758 nonzeros
Model fingerprint: 0x48897586
Variable types: 40 continuous, 3240 integer (3200 binary)
Coefficient statistics:
  Matrix range     [2e-01, 5e+03]
  Objective range  [6e-04, 2e-01]
  Bounds range     [1e+00, 1e+00]
  RHS range        [1e+00, 5e+03]

---------------------------------------------------------------------------
Multi-objectives: starting optimization with 1 objectives ... 
---------------------------------------------------------------------------
---------------------------------------------------------------------------

Multi-objectives: optimize objective 1 (min avg power cons) ...
---------------------------------------------------------------------------

Optimize a model with 6600 rows, 3280 columns and 25758 nonzeros
Variable types: 40 continuous, 3240 integer (3200 binary)
Coefficient statistics:
  Matrix range     [2e-01, 5e+03]
  Objective range  [6e-04, 2e-01]
  Bounds range     [1e+00, 1e+00]
  RHS range        [1e+00, 5e+03]
Presolve removed 4092 rows and 2035 columns
Presolve time: 0.42s
Presolved: 2508 rows, 1245 columns, 9486 nonzeros
Variable types: 35 continuous, 1210 integer (1175 binary)

Root relaxation: objective 1.465619e+00, 460 iterations, 0.01 seconds

    Nodes    |    Current Node    |     Objective Bounds      |     Work
 Expl Unexpl |  Obj  Depth IntInf | Incumbent    BestBd   Gap | It/Node Time

     0     0    1.46562    0   94          -    1.46562      -     -    0s
H    0     0                       3.7576905    1.46562  61.0%     -    0s
H    0     0                       3.4784881    1.46562  57.9%     -    0s
     0     0    1.46562    0  126    3.47849    1.46562  57.9%     -    0s
H    0     0                       3.4242679    1.46562  57.2%     -    0s
     0     0    1.46562    0  120    3.42427    1.46562  57.2%     -    0s
     0     0    1.47322    0  128    3.42427    1.47322  57.0%     -    0s
H    0     0                       3.3633333    1.47322  56.2%     -    0s
     0     0    1.48766    0  182    3.36333    1.48766  55.8%     -    1s
     0     0    1.54649    0  128    3.36333    1.54649  54.0%     -    1s
H    0     0                       3.2777262    1.54649  52.8%     -    1s
     0     0    1.55109    0  145    3.27773    1.55109  52.7%     -    1s
     0     0    1.65446    0  154    3.27773    1.65446  49.5%     -    1s
     0     0    1.66410    0  171    3.27773    1.66410  49.2%     -    1s
     0     0    1.69112    0  206    3.27773    1.69112  48.4%     -    1s
     0     0    1.70081    0  174    3.27773    1.70081  48.1%     -    1s
     0     0    1.70597    0  144    3.27773    1.70597  48.0%     -    1s
H    0     0                       3.2514345    1.70597  47.5%     -    1s
     0     0    1.70974    0  168    3.25143    1.70974  47.4%     -    1s
     0     0    1.71398    0  119    3.25143    1.71398  47.3%     -    1s
     0     0    1.71423    0  143    3.25143    1.71423  47.3%     -    1s
     0     0    1.71611    0  162    3.25143    1.71611  47.2%     -    1s
H    0     0                       3.2365060    1.71611  47.0%     -    1s
     0     0    1.71611    0  150    3.23651    1.71611  47.0%     -    1s
     0     0    1.71611    0  118    3.23651    1.71611  47.0%     -    2s
     0     0    1.71695    0  129    3.23651    1.71695  47.0%     -    2s
     0     0    1.72145    0  158    3.23651    1.72145  46.8%     -    2s
     0     0    1.72300    0  179    3.23651    1.72300  46.8%     -    2s
     0     0    1.73032    0  169    3.23651    1.73032  46.5%     -    2s
H    0     0                       3.2336786    1.73032  46.5%     -    2s
     0     0    1.73265    0  193    3.23368    1.73265  46.4%     -    2s
     0     0    1.74504    0  218    3.23368    1.74504  46.0%     -    2s
     0     0    1.74710    0  212    3.23368    1.74710  46.0%     -    2s
     0     0    1.74749    0  286    3.23368    1.74749  46.0%     -    2s
     0     0    1.74782    0  292    3.23368    1.74782  45.9%     -    2s
     0     0    1.74784    0  299    3.23368    1.74784  45.9%     -    2s
     0     0    1.75083    0  205    3.23368    1.75083  45.9%     -    2s
     0     0    1.75218    0  234    3.23368    1.75218  45.8%     -    2s
     0     0    1.75317    0  236    3.23368    1.75317  45.8%     -    2s
     0     0    1.75350    0  234    3.23368    1.75350  45.8%     -    2s
     0     0    1.75390    0  206    3.23368    1.75390  45.8%     -    2s
     0     0    1.75412    0  236    3.23368    1.75412  45.8%     -    2s
     0     0    1.75422    0  220    3.23368    1.75422  45.8%     -    2s
     0     0    1.75639    0  254    3.23368    1.75639  45.7%     -    2s
     0     0    1.75699    0  252    3.23368    1.75699  45.7%     -    2s
     0     0    1.75723    0  252    3.23368    1.75723  45.7%     -    2s
     0     0    1.75735    0  255    3.23368    1.75735  45.7%     -    2s
     0     0    1.75934    0  261    3.23368    1.75934  45.6%     -    2s
     0     0    1.75977    0  212    3.23368    1.75977  45.6%     -    2s
     0     0    1.75987    0  215    3.23368    1.75987  45.6%     -    2s
     0     0    1.76145    0  232    3.23368    1.76145  45.5%     -    3s
     0     0    1.76229    0  233    3.23368    1.76229  45.5%     -    3s
     0     0    1.76236    0  235    3.23368    1.76236  45.5%     -    3s
     0     0    1.76403    0  199    3.23368    1.76403  45.4%     -    3s
     0     0    1.76442    0  238    3.23368    1.76442  45.4%     -    3s
     0     0    1.76450    0  231    3.23368    1.76450  45.4%     -    3s
     0     0    1.76497    0  232    3.23368    1.76497  45.4%     -    3s
     0     0    1.76497    0  230    3.23368    1.76497  45.4%     -    3s
     0     2    1.76511    0  224    3.23368    1.76511  45.4%     -    3s
H   27    27                       3.2050833    1.76637  44.9%   260    4s
H   54    53                       3.2034167    1.76637  44.9%   274    4s
    84    81 infeasible   62         3.20342    1.76637  44.9%   197    5s
H  136   118                       3.1500833    1.76637  43.9%   136    5s
H  163   143                       3.1408512    1.76637  43.8%   116    5s
H  325   284                       3.1396429    1.77676  43.4%  75.4    6s
H  379   338                       3.1152024    1.77676  43.0%  67.3    7s
H  408   358                       3.1109107    1.77676  42.9%  63.9    7s
H  435   383                       3.0821786    1.77696  42.3%  67.2    7s
H  510   450                       3.0713691    1.77696  42.1%  60.8    8s
H  512   429                       3.0532083    1.77696  41.8%  60.6    9s
H  513   407                       3.0478036    1.77696  41.7%  60.5    9s
   516   409    2.02051   25  217    3.04780    1.77696  41.7%  60.1   10s
H  517   390                       3.0468691    1.77959  41.6%  60.0   10s
H  527   377                       3.0461726    1.81780  40.3%  58.9   13s
   533   381    2.73982   71  265    3.04617    1.82611  40.1%  58.2   15s
   548   391    2.11108   33  300    3.04617    1.83823  39.7%  56.6   20s
   568   405    2.93903  158  252    3.04617    1.84153  39.5%  93.2   25s
H  583   393                       3.0331964    1.84758  39.1%  90.8   29s
   586   395    2.87747   90  306    3.03320    1.84841  39.1%  90.3   30s
H  595   381                       3.0322322    1.84975  39.0%  88.9   34s
   598   385    1.88771   25  185    3.03223    1.85111  39.0%   116   35s
H  623   378                       3.0136607    1.86139  38.2%   136   40s
   672   410    1.96601   62  143    3.01366    1.86729  38.0%   170   45s
H  688   400                       3.0123929    1.86729  38.0%   177   46s
H  731   409                       3.0111964    1.86729  38.0%   194   49s
   749   423    2.11066  101  176    3.01120    1.86729  38.0%   201   50s
   882   504    2.58159  167   78    3.01120    1.86729  38.0%   198   56s
H  993   510                       3.0102560    1.86729  38.0%   179   60s
  1186   599    1.91753   34  203    3.01026    1.86938  37.9%   178   65s
  1339   675    1.99127   36  199    3.01026    1.87309  37.8%   186   70s
  1529   788    1.97761   52  186    3.01026    1.87719  37.6%   189   75s
  1790   995    1.96106   40  202    3.01026    1.87763  37.6%   182   80s
H 1986  1137                       3.0102560    1.89102  37.2%   178   86s
  2180  1267    2.10008   39  137    3.01026    1.89811  36.9%   173   90s
  2364  1396    2.34502   44  230    3.01026    1.90765  36.6%   177   95s
  2594  1574     cutoff   72         3.01026    1.91599  36.4%   176  100s
  2718  1674    2.03539   67  174    3.01026    1.92833  35.9%   179  105s
  2958  1871    2.65728   44  175    3.01026    1.93350  35.8%   176  114s
  2964  1877    2.68679   50  151    3.01026    1.93350  35.8%   176  115s
  3133  1985    2.31639   74  149    3.01026    1.93560  35.7%   179  120s
  3399  2187    2.15625   32  195    3.01026    1.93875  35.6%   178  125s
  3714  2459    2.97097  111   49    3.01026    1.94151  35.5%   175  130s
  3833  2560    2.77060   74  119    3.01026    1.94184  35.5%   180  135s
  4086  2732    2.96928   73  129    3.01026    1.94230  35.5%   180  140s
  4296  2870    2.44008   47  193    3.01026    1.94443  35.4%   180  145s
  4457  2991    2.89593   57  142    3.01026    1.94514  35.4%   183  150s
  4648  3137    2.82052   92  119    3.01026    1.94860  35.3%   185  155s
  4885  3324    2.35148   40  249    3.01026    1.95180  35.2%   186  160s
  5059  3415    2.05252   53  204    3.01026    1.95273  35.1%   187  165s
  5243  3574    2.19449   36  199    3.01026    1.95283  35.1%   189  170s
  5294  3616    2.58717   53  167    3.01026    1.95313  35.1%   192  175s
  5337  3656    2.72063   75  139    3.01026    1.95313  35.1%   197  180s
  5539  3778    2.19855   33  163    3.01026    1.95421  35.1%   197  185s
  5794  3974    2.35747   48  273    3.01026    1.95750  35.0%   195  190s
H 5907  4063                       3.0038869    1.96039  34.7%   198  206s
  6077  4200    2.41983   65  132    3.00389    1.96153  34.7%   199  210s
  6232  4313    2.12989   57  245    3.00389    1.96237  34.7%   200  215s
H 6288  4306                       2.9788453    1.96237  34.1%   201  216s
H 6321  4327                       2.9774465    1.96491  34.0%   201  218s
H 6348  4339                       2.9757084    1.96491  34.0%   200  218s
  6375  4356    2.44983   73  148    2.97571    1.96531  34.0%   201  220s
  6460  4421    2.14118   42  175    2.97571    1.96669  33.9%   203  225s
H 6511  4429                       2.9652321    1.96669  33.7%   204  228s
  6576  4461    2.49177   51  189    2.96523    1.96941  33.6%   204  230s
H 6621  4472                       2.9604464    1.96942  33.5%   206  233s
H 6648  4475                       2.9547202    1.96942  33.3%   205  234s
  6697  4506    2.19899   41  168    2.95472    1.96942  33.3%   205  235s
  6837  4620    2.58898   74  157    2.95472    1.97099  33.3%   205  240s
  7011  4757    2.40658   52  219    2.95472    1.97185  33.3%   205  245s
  7146  4859    2.02772   47  202    2.95472    1.97664  33.1%   205  250s
  7296  4991    2.40425   59  155    2.95472    1.97668  33.1%   204  255s
H 7377  4961                       2.9437024    1.97829  32.8%   204  258s
H 7404  4836                       2.9220060    1.97829  32.3%   204  259s
H 7431  4829                       2.9178750    1.97829  32.2%   204  259s
  7451  4842    2.17772   57  177    2.91788    1.97850  32.2%   204  260s
H 7485  4858                       2.9150596    1.97850  32.1%   204  261s
  7599  4954    2.65050  106   82    2.91506    1.97919  32.1%   204  265s
  7734  5051    2.29352   57  236    2.91506    1.98110  32.0%   204  270s
  7916  5164    2.61828   42  174    2.91506    1.98215  32.0%   204  275s
  8030  5249    2.09777   46  179    2.91506    1.98406  31.9%   206  280s
  8165  5347    2.39511   44  183    2.91506    1.98568  31.9%   207  285s
  8294  5425    2.42609   38  207    2.91506    1.98620  31.9%   208  290s
  8414  5518    2.39912   62  110    2.91506    1.98684  31.8%   210  295s
  8575  5652    2.32280   53  142    2.91506    1.98742  31.8%   210  300s

Cutting planes:
  Gomory: 1
  Cover: 43
  Implied bound: 166
  Projected implied bound: 108
  MIR: 330
  Flow cover: 587
  GUB cover: 21
  Mod-K: 1
  RLT: 6
  Relax-and-lift: 309

Explored 8576 nodes (1816111 simplex iterations) in 300.00 seconds
Thread count was 1 (of 4 available processors)

Solution count 10: 2.91506 2.91788 2.92201 ... 2.97885

Time limit reached
Best objective 2.915059552803e+00, best bound 1.987416645535e+00, gap 31.8224%

---------------------------------------------------------------------------
Multi-objectives: stopped in 300.01 seconds, solution count 10
Time Limit reached

