Tasks lengths
[37, 41, 43, 46, 46, 46, 47, 48, 50, 52, 54, 59, 60, 68, 69, 74, 74, 75, 75, 78, 79, 80, 80, 81, 81, 81, 81, 84, 84, 85, 86, 88, 88, 89, 92, 92, 94, 95, 98, 98, 99, 100, 105, 106, 108, 109, 110, 110, 113, 114, 117, 119, 119, 119, 120, 127, 127, 128, 129, 130, 130, 132, 134, 140, 141, 143, 144, 149, 149, 151, 154, 154, 154, 156, 158, 158, 176, 184, 202, 202, 212, 224, 233, 235, 242, 249, 256, 259, 262, 274, 285, 325, 355, 368, 377, 405, 419, 426, 443, 503]
31
Using license file /home/benedond/gurobi.lic
Using gurobi.env file
Set parameter Threads to value 1
Academic license - for non-commercial use only
Changed value of parameter TimeLimit to 300.0
   Prev: inf  Min: 0.0  Max: inf  Default: inf
Gurobi Optimizer version 9.0.1 build v9.0.1rc0 (linux64)
Optimize a model with 3243 rows, 3131 columns and 12491 nonzeros
Model fingerprint: 0x39ee1041
Model has 3100 quadratic objective terms
Variable types: 31 continuous, 3100 integer (3100 binary)
Coefficient statistics:
  Matrix range     [1e+00, 5e+02]
  Objective range  [0e+00, 0e+00]
  QObjective range [2e-04, 2e-03]
  Bounds range     [1e+00, 1e+00]
  RHS range        [1e+00, 2e+03]
Presolve removed 46 rows and 46 columns
Presolve time: 0.20s
Presolved: 6251 rows, 6139 columns, 21469 nonzeros
Variable types: 0 continuous, 6139 integer (3054 binary)

Root relaxation: objective 0.000000e+00, 884 iterations, 0.07 seconds

    Nodes    |    Current Node    |     Objective Bounds      |     Work
 Expl Unexpl |  Obj  Depth IntInf | Incumbent    BestBd   Gap | It/Node Time

     0     0    0.00000    0  152          -    0.00000      -     -    1s
     0     0    0.00000    0  156          -    0.00000      -     -    2s
     0     0    0.00000    0  126          -    0.00000      -     -    3s
     0     0    0.00000    0  130          -    0.00000      -     -    3s
     0     0    0.00000    0  132          -    0.00000      -     -    4s
     0     0    0.00000    0  132          -    0.00000      -     -    4s
H    0     0                       4.5416896    0.00070   100%     -    5s
H    0     0                       4.5208085    0.00070   100%     -    5s
     0     0    0.00070    0  127    4.52081    0.00070   100%     -    6s
     0     0    0.00070    0  133    4.52081    0.00070   100%     -    6s
     0     0    0.00070    0  133    4.52081    0.00070   100%     -    6s
     0     0    0.00070    0  138    4.52081    0.00070   100%     -    7s
     0     0    0.00070    0  127    4.52081    0.00070   100%     -    7s
     0     2    0.16362    0  127    4.52081    0.16362  96.4%     -    7s
   411   411    0.16362  410  132    4.52081    0.16362  96.4%  22.6   10s
H  540   536                       4.5128330    0.16362  96.4%  24.5   10s
H  567   561                       4.5070859    0.16362  96.4%  24.8   10s
H  591   585                       4.4023019    0.16362  96.3%  24.8   11s
H  621   615                       4.3936160    0.16362  96.3%  24.7   11s
H  648   642                       4.3924466    0.16362  96.3%  25.2   11s
H  729   723                       4.3803976    0.16362  96.3%  26.2   11s
H  783   777                       4.3789309    0.16362  96.3%  28.4   12s
H  785   779                       4.2112947    0.16362  96.1%  28.9   12s
H  837   831                       4.1928197    0.16362  96.1%  29.0   12s
H  864   858                       4.1211200    0.16362  96.0%  29.1   12s
H  891   885                       4.1203865    0.16362  96.0%  28.6   12s
H  972   964                       4.0431438    0.16362  96.0%  29.4   13s
H 1053  1045                       3.8447363    0.16362  95.7%  29.5   13s
H 1107  1099                       3.8299123    0.16362  95.7%  28.8   14s
H 1134  1126                       3.7687239    0.16362  95.7%  28.4   15s
  1423  1366    0.16362   31  155    3.76872    0.16362  95.7%  34.9   20s
  1637  1509    0.16362  138  150    3.76872    0.16362  95.7%  55.0   25s
  1807  1618    0.28165  223  152    3.76872    0.16362  95.7%  76.9   30s
H 1838  1570                       3.7663445    0.16362  95.7%  76.8   30s
H 1975  1594                       3.6906362    0.16362  95.6%  76.1   31s
H 2000  1551                       3.6203224    0.16362  95.5%  75.7   31s
H 2081  1546                       3.6179346    0.16362  95.5%  75.2   32s
H 2108  1505                       3.6136815    0.16362  95.5%  75.1   32s
H 2135  1467                       3.5556993    0.16362  95.4%  74.8   32s
H 2326  1520                       3.5295471    0.16362  95.4%  73.7   34s
H 2353  1485                       3.5061695    0.16362  95.3%  73.2   34s
  2368  1475    0.16362  115  120    3.50617    0.16362  95.3%  73.1   35s
H 2731  1665                       3.5015848    0.16362  95.3%  77.8   39s
  2867  1755    0.37163  365  118    3.50158    0.16362  95.3%  78.3   40s
H 2958  1767                       3.4299541    0.16362  95.2%  78.0   42s
H 2959  1728                       3.4127744    0.16362  95.2%  78.1   44s
  3066  1801    0.79782  464  130    3.41277    0.16362  95.2%  78.2   45s
  5102  3415    0.65212  169 1630    3.41277    0.16362  95.2%  57.8   51s
  5115  3426    0.16362   28  226    3.41277    0.16362  95.2%  59.6   55s
  5166  3458    0.16362   53  187    3.41277    0.16362  95.2%  61.2   60s
  5372  3593    0.29781  156  139    3.41277    0.16362  95.2%  66.2   65s
H 5621  3579                       3.4124843    0.16362  95.2%  69.8   67s
  5772  3674    1.04214  356  174    3.41248    0.16362  95.2%  72.7   70s
H 5811  3532                       3.4116623    0.16362  95.2%  73.1   70s
H 5865  3408                       3.4034407    0.16362  95.2%  74.7   71s
H 5907  3279                       3.3988847    0.16362  95.2%  74.7   71s
H 5919  3148                       3.3980683    0.16362  95.2%  74.8   71s
H 5973  3035                       3.3885396    0.16362  95.2%  74.6   73s
H 6000  2903                       3.3880863    0.16362  95.2%  74.5   74s
H 6027  2779                       3.3836008    0.16362  95.2%  74.5   74s
  6034  2785    0.22436   46  144    3.38360    0.16362  95.2%  74.8   75s
H 6162  2756                       3.3761394    0.16362  95.2%  77.8   77s
  6360  2890    0.52350  209  128    3.37614    0.16362  95.2%  80.5   80s
H 6378  2792                       3.3718231    0.16362  95.1%  80.8   80s
  6676  2962     cutoff  365         3.37182    0.16362  95.1%  85.1   85s
H 6890  2980                       3.3632277    0.16362  95.1%  87.1   89s
  6895  2985    0.26314  162  128    3.36323    0.16362  95.1%  87.2   90s
  8159  3654    0.60594  188  146    3.36323    0.16362  95.1%  82.9   95s
H 8969  4060                       3.3568264    0.16362  95.1%  77.1   97s
 10257  4780    0.16362  140  108    3.35683    0.16362  95.1%  69.0  100s
 13805  7848    1.51200  167   99    3.35683    0.16362  95.1%  55.9  105s
 15304  9191    0.36892  141 1632    3.35683    0.16362  95.1%  52.2  128s
 15309  9194    2.86464  319  136    3.35683    0.16362  95.1%  52.2  131s
H15314  8737                       3.3517205    2.01117  40.0%  52.1  135s
H15316  8301                       3.3492672    2.50479  25.2%  52.1  136s
 15323  8306    2.99054  297  459    3.34927    2.99054  10.7%  52.1  141s
 15330  8310    3.29200  300  436    3.34927    3.06873  8.38%  52.1  145s
 15336  8314    3.07698  197  488    3.34927    3.07698  8.13%  52.1  151s
H15340  7901                       3.3478415    3.08174  7.95%  52.0  156s
 15348  7906    3.09234  177  481    3.34784    3.09234  7.63%  52.0  160s
 15366  7918    3.10047  413  511    3.34784    3.10047  7.39%  52.0  165s
 15382  7930    3.10047  253  170    3.34784    3.10047  7.39%  55.2  170s
H15388  7537                       3.3408068    3.10047  7.19%  55.1  173s
 15392  7540    3.10047  172  370    3.34081    3.10047  7.19%  55.1  175s
H15392  7162                       3.3274788    3.10047  6.82%  55.1  177s
 15400  7167    3.10047   89  410    3.32748    3.10047  6.82%  55.1  180s
 15425  7184    3.10086  186  485    3.32748    3.10086  6.81%  55.0  185s
 15428  7188    3.10149   44  444    3.32748    3.10149  6.79%  57.5  190s
 15432  7190    3.10190   46  437    3.32748    3.10190  6.78%  57.7  195s
 15437  7194    3.10410   48  464    3.32748    3.10190  6.78%  57.8  200s
 15447  7200    3.18604   53  299    3.32748    3.10257  6.76%  58.0  205s
H15452  6841                       3.3185170    3.10257  6.51%  58.1  206s
H15479  6515                       3.3127134    3.10261  6.34%  58.2  208s
 15493  6525    3.11029   76  352    3.31271    3.10261  6.34%  58.4  210s
 15537  6542    3.14565   98  291    3.31271    3.10265  6.34%  58.7  215s
 15581  6563    3.14431  120  367    3.31271    3.10294  6.33%  59.3  220s
 15619  6583    3.17566  139  190    3.31271    3.10294  6.33%  59.9  225s
 15695  6624    3.14103  178  273    3.31271    3.10294  6.33%  60.1  230s
 15785  6636    3.16954  226  240    3.31271    3.10294  6.33%  60.2  235s
 15903  6631    3.10298   55  471    3.31271    3.10298  6.33%  60.4  240s
 15938  6654    3.25476   72  358    3.31271    3.10316  6.33%  61.5  245s
 15976  6675    3.15481   91  428    3.31271    3.10316  6.33%  62.6  250s
 16022  6699    3.12191  114  435    3.31271    3.10316  6.33%  63.8  255s
H16080  6403                       3.3115434    3.10316  6.29%  64.3  258s
 16098  6413    3.13320  153  395    3.31154    3.10316  6.29%  64.5  260s
H16134  6123                       3.3111915    3.10316  6.28%  64.9  262s
 16167  6137     cutoff  187         3.31119    3.10316  6.28%  65.2  265s
 16334  6152    3.24374   82  251    3.31119    3.10410  6.25%  66.0  270s
H16337  5858                       3.3093889    3.10410  6.20%  66.0  270s
H16364  5594                       3.3089753    3.10410  6.19%  66.6  272s
 16407  5612    3.25573  118  324    3.30898    3.10410  6.19%  67.4  275s
 16626  5639    3.11492   63  458    3.30898    3.10410  6.19%  67.7  281s
 16720  5698    3.16812  150  265    3.30898    3.10410  6.19%  67.8  286s
 16804  5718    3.12989   63  352    3.30898    3.10437  6.18%  68.3  290s
 17121  5900    3.15548  152  254    3.30898    3.10460  6.18%  67.8  295s

Cutting planes:
  Gomory: 36
  Cover: 2
  Implied bound: 1733
  Projected implied bound: 38
  Clique: 2
  MIR: 136
  StrongCG: 1
  Flow cover: 38
  GUB cover: 4
  Zero half: 6
  RLT: 1
  Relax-and-lift: 8

Explored 17271 nodes (1218084 simplex iterations) in 300.00 seconds
Thread count was 1 (of 4 available processors)

Solution count 10: 3.30898 3.30939 3.31119 ... 3.34927

Time limit reached
Best objective 3.308975318265e+00, best bound 3.104962693855e+00, gap 6.1654%
