Using license file /home/benedond/gurobi.lic
Using gurobi.env file
Set parameter Threads to value 1
Academic license - for non-commercial use only
Changed value of parameter TimeLimit to 299.99992656707764
   Prev: inf  Min: 0.0  Max: inf  Default: inf
Gurobi Optimizer version 9.0.1 build v9.0.1rc0 (linux64)
Optimize a model with 7441 rows, 7260 columns and 29038 nonzeros
Model fingerprint: 0x42f63d8a
Variable types: 60 continuous, 7200 integer (7200 binary)
Coefficient statistics:
  Matrix range     [1e+00, 4e+02]
  Objective range  [0e+00, 0e+00]
  Bounds range     [1e+00, 1e+00]
  RHS range        [1e+00, 3e+03]
Presolve removed 168 rows and 167 columns
Presolve time: 0.57s
Presolved: 7273 rows, 7093 columns, 28310 nonzeros
Variable types: 60 continuous, 7033 integer (7033 binary)

Root relaxation: objective 0.000000e+00, 1092 iterations, 0.06 seconds

    Nodes    |    Current Node    |     Objective Bounds      |     Work
 Expl Unexpl |  Obj  Depth IntInf | Incumbent    BestBd   Gap | It/Node Time

     0     0    0.00000    0   18          -    0.00000      -     -    0s
H    0     0                       0.0000000    0.00000  0.00%     -    1s
     0     0    0.00000    0   18    0.00000    0.00000  0.00%     -    1s

Explored 1 nodes (5920 simplex iterations) in 1.03 seconds
Thread count was 1 (of 4 available processors)

Solution count 1: 0 

Optimal solution found (tolerance 1.00e-04)
Best objective 0.000000000000e+00, best bound 0.000000000000e+00, gap 0.0000%
Changed value of parameter TimeLimit to 298.5894362926483
   Prev: inf  Min: 0.0  Max: inf  Default: inf
Gurobi Optimizer version 9.0.1 build v9.0.1rc0 (linux64)
Optimize a model with 7442 rows, 7260 columns and 29098 nonzeros
Model fingerprint: 0xb9370057
Variable types: 60 continuous, 7200 integer (7200 binary)
Coefficient statistics:
  Matrix range     [1e+00, 4e+02]
  Objective range  [0e+00, 0e+00]
  Bounds range     [1e+00, 1e+00]
  RHS range        [1e+00, 3e+03]
Presolve removed 269 rows and 267 columns
Presolve time: 0.65s
Presolved: 7173 rows, 6993 columns, 27910 nonzeros
Variable types: 60 continuous, 6933 integer (6933 binary)

Root relaxation: objective 0.000000e+00, 1038 iterations, 0.06 seconds

    Nodes    |    Current Node    |     Objective Bounds      |     Work
 Expl Unexpl |  Obj  Depth IntInf | Incumbent    BestBd   Gap | It/Node Time

     0     0    0.00000    0   34          -    0.00000      -     -    0s
H    0     0                       0.0000000    0.00000  0.00%     -    0s
     0     0    0.00000    0   34    0.00000    0.00000  0.00%     -    0s

Explored 1 nodes (3522 simplex iterations) in 1.00 seconds
Thread count was 1 (of 4 available processors)

Solution count 1: 0 

Optimal solution found (tolerance 1.00e-04)
Best objective 0.000000000000e+00, best bound 0.000000000000e+00, gap 0.0000%
Changed value of parameter TimeLimit to 297.2527492046356
   Prev: inf  Min: 0.0  Max: inf  Default: inf
Gurobi Optimizer version 9.0.1 build v9.0.1rc0 (linux64)
Optimize a model with 7443 rows, 7260 columns and 29158 nonzeros
Model fingerprint: 0x6c64bf45
Variable types: 60 continuous, 7200 integer (7200 binary)
Coefficient statistics:
  Matrix range     [1e+00, 4e+02]
  Objective range  [0e+00, 0e+00]
  Bounds range     [1e+00, 1e+00]
  RHS range        [1e+00, 3e+03]
Presolve removed 385 rows and 382 columns
Presolve time: 0.70s
Presolved: 7058 rows, 6878 columns, 27450 nonzeros
Variable types: 60 continuous, 6818 integer (6818 binary)

Root relaxation: objective 0.000000e+00, 737 iterations, 0.04 seconds

    Nodes    |    Current Node    |     Objective Bounds      |     Work
 Expl Unexpl |  Obj  Depth IntInf | Incumbent    BestBd   Gap | It/Node Time

H    0     0                       0.0000000    0.00000  0.00%     -    0s
     0     0    0.00000    0    2    0.00000    0.00000  0.00%     -    0s

Explored 0 nodes (1896 simplex iterations) in 0.85 seconds
Thread count was 1 (of 4 available processors)

Solution count 1: 0 

Optimal solution found (tolerance 1.00e-04)
Best objective 0.000000000000e+00, best bound 0.000000000000e+00, gap 0.0000%
Changed value of parameter TimeLimit to 296.06380891799927
   Prev: inf  Min: 0.0  Max: inf  Default: inf
Gurobi Optimizer version 9.0.1 build v9.0.1rc0 (linux64)
Optimize a model with 7444 rows, 7260 columns and 29218 nonzeros
Model fingerprint: 0xc790be97
Variable types: 60 continuous, 7200 integer (7200 binary)
Coefficient statistics:
  Matrix range     [1e+00, 4e+02]
  Objective range  [0e+00, 0e+00]
  Bounds range     [1e+00, 1e+00]
  RHS range        [1e+00, 3e+03]
Presolve removed 508 rows and 504 columns
Presolve time: 0.78s
Presolved: 6936 rows, 6756 columns, 26962 nonzeros
Variable types: 60 continuous, 6696 integer (6696 binary)

Root relaxation: objective 0.000000e+00, 826 iterations, 0.04 seconds

    Nodes    |    Current Node    |     Objective Bounds      |     Work
 Expl Unexpl |  Obj  Depth IntInf | Incumbent    BestBd   Gap | It/Node Time

     0     0    0.00000    0   53          -    0.00000      -     -    1s
     0     0    0.00000    0    9          -    0.00000      -     -    1s
     0     0    0.00000    0   57          -    0.00000      -     -    8s
H    0     0                       0.0000000    0.00000  0.00%     -    8s
     0     0    0.00000    0   57    0.00000    0.00000  0.00%     -    8s

Explored 1 nodes (12456 simplex iterations) in 8.77 seconds
Thread count was 1 (of 4 available processors)

Solution count 1: 0 

Optimal solution found (tolerance 1.00e-04)
Best objective 0.000000000000e+00, best bound 0.000000000000e+00, gap 0.0000%
Changed value of parameter TimeLimit to 286.94398021698
   Prev: inf  Min: 0.0  Max: inf  Default: inf
Gurobi Optimizer version 9.0.1 build v9.0.1rc0 (linux64)
Optimize a model with 7445 rows, 7260 columns and 29278 nonzeros
Model fingerprint: 0x42037a99
Variable types: 60 continuous, 7200 integer (7200 binary)
Coefficient statistics:
  Matrix range     [1e+00, 4e+02]
  Objective range  [0e+00, 0e+00]
  Bounds range     [1e+00, 1e+00]
  RHS range        [1e+00, 3e+03]
Presolve removed 606 rows and 601 columns
Presolve time: 0.80s
Presolved: 6839 rows, 6659 columns, 26574 nonzeros
Variable types: 60 continuous, 6599 integer (6599 binary)

Root relaxation: objective 0.000000e+00, 836 iterations, 0.04 seconds

    Nodes    |    Current Node    |     Objective Bounds      |     Work
 Expl Unexpl |  Obj  Depth IntInf | Incumbent    BestBd   Gap | It/Node Time

     0     0    0.00000    0   54          -    0.00000      -     -    1s
     0     0    0.00000    0   29          -    0.00000      -     -    1s
H    0     0                       0.0000000    0.00000  0.00%     -    8s
     0     0    0.00000    0   40    0.00000    0.00000  0.00%     -    8s

Explored 1 nodes (7641 simplex iterations) in 8.43 seconds
Thread count was 1 (of 4 available processors)

Solution count 1: 0 

Optimal solution found (tolerance 1.00e-04)
Best objective 0.000000000000e+00, best bound 0.000000000000e+00, gap 0.0000%
Changed value of parameter TimeLimit to 278.17820596694946
   Prev: inf  Min: 0.0  Max: inf  Default: inf
Gurobi Optimizer version 9.0.1 build v9.0.1rc0 (linux64)
Optimize a model with 7446 rows, 7260 columns and 29338 nonzeros
Model fingerprint: 0xe7dcf019
Variable types: 60 continuous, 7200 integer (7200 binary)
Coefficient statistics:
  Matrix range     [1e+00, 4e+02]
  Objective range  [0e+00, 0e+00]
  Bounds range     [1e+00, 1e+00]
  RHS range        [1e+00, 3e+03]
Presolve removed 708 rows and 702 columns
Presolve time: 0.82s
Presolved: 6738 rows, 6558 columns, 26170 nonzeros
Variable types: 60 continuous, 6498 integer (6498 binary)

Root relaxation: objective 0.000000e+00, 1169 iterations, 0.06 seconds

    Nodes    |    Current Node    |     Objective Bounds      |     Work
 Expl Unexpl |  Obj  Depth IntInf | Incumbent    BestBd   Gap | It/Node Time

*    0     0               0       0.0000000    0.00000  0.00%     -    0s

Explored 0 nodes (2681 simplex iterations) in 0.97 seconds
Thread count was 1 (of 4 available processors)

Solution count 1: 0 

Optimal solution found (tolerance 1.00e-04)
Best objective 0.000000000000e+00, best bound 0.000000000000e+00, gap 0.0000%
Changed value of parameter TimeLimit to 276.8545536994934
   Prev: inf  Min: 0.0  Max: inf  Default: inf
Gurobi Optimizer version 9.0.1 build v9.0.1rc0 (linux64)
Optimize a model with 7447 rows, 7260 columns and 29398 nonzeros
Model fingerprint: 0xd5675ee6
Variable types: 60 continuous, 7200 integer (7200 binary)
Coefficient statistics:
  Matrix range     [1e+00, 4e+02]
  Objective range  [0e+00, 0e+00]
  Bounds range     [1e+00, 1e+00]
  RHS range        [1e+00, 3e+03]
Presolve removed 810 rows and 803 columns
Presolve time: 0.84s
Presolved: 6637 rows, 6457 columns, 25766 nonzeros
Variable types: 60 continuous, 6397 integer (6397 binary)

Root relaxation: objective 0.000000e+00, 769 iterations, 0.04 seconds

    Nodes    |    Current Node    |     Objective Bounds      |     Work
 Expl Unexpl |  Obj  Depth IntInf | Incumbent    BestBd   Gap | It/Node Time

H    0     0                       0.0000000    0.00000  0.00%     -    0s
     0     0    0.00000    0   19    0.00000    0.00000  0.00%     -    0s

Explored 0 nodes (1111 simplex iterations) in 0.93 seconds
Thread count was 1 (of 4 available processors)

Solution count 1: 0 

Optimal solution found (tolerance 1.00e-04)
Best objective 0.000000000000e+00, best bound 0.000000000000e+00, gap 0.0000%
Changed value of parameter TimeLimit to 275.58359479904175
   Prev: inf  Min: 0.0  Max: inf  Default: inf
Gurobi Optimizer version 9.0.1 build v9.0.1rc0 (linux64)
Optimize a model with 7448 rows, 7260 columns and 29458 nonzeros
Model fingerprint: 0xb0e218a5
Variable types: 60 continuous, 7200 integer (7200 binary)
Coefficient statistics:
  Matrix range     [1e+00, 4e+02]
  Objective range  [0e+00, 0e+00]
  Bounds range     [1e+00, 1e+00]
  RHS range        [1e+00, 3e+03]
Presolve removed 882 rows and 874 columns
Presolve time: 0.84s
Presolved: 6566 rows, 6386 columns, 25482 nonzeros
Variable types: 60 continuous, 6326 integer (6326 binary)

Root relaxation: objective 0.000000e+00, 824 iterations, 0.04 seconds

    Nodes    |    Current Node    |     Objective Bounds      |     Work
 Expl Unexpl |  Obj  Depth IntInf | Incumbent    BestBd   Gap | It/Node Time

     0     0    0.00000    0   45          -    0.00000      -     -    1s
H    0     0                       0.0000000    0.00000  0.00%     -    1s
     0     0    0.00000    0   45    0.00000    0.00000  0.00%     -    1s

Explored 1 nodes (3112 simplex iterations) in 1.29 seconds
Thread count was 1 (of 4 available processors)

Solution count 1: 0 

Optimal solution found (tolerance 1.00e-04)
Best objective 0.000000000000e+00, best bound 0.000000000000e+00, gap 0.0000%
Changed value of parameter TimeLimit to 273.9461348056793
   Prev: inf  Min: 0.0  Max: inf  Default: inf
Gurobi Optimizer version 9.0.1 build v9.0.1rc0 (linux64)
Optimize a model with 7449 rows, 7260 columns and 29518 nonzeros
Model fingerprint: 0x70f34e65
Variable types: 60 continuous, 7200 integer (7200 binary)
Coefficient statistics:
  Matrix range     [1e+00, 4e+02]
  Objective range  [0e+00, 0e+00]
  Bounds range     [1e+00, 1e+00]
  RHS range        [1e+00, 3e+03]
Presolve removed 955 rows and 946 columns
Presolve time: 0.87s
Presolved: 6494 rows, 6314 columns, 25194 nonzeros
Variable types: 60 continuous, 6254 integer (6254 binary)

Root relaxation: objective 0.000000e+00, 936 iterations, 0.05 seconds

    Nodes    |    Current Node    |     Objective Bounds      |     Work
 Expl Unexpl |  Obj  Depth IntInf | Incumbent    BestBd   Gap | It/Node Time

     0     0    0.00000    0   38          -    0.00000      -     -    1s
H    0     0                       0.0000000    0.00000  0.00%     -    1s
     0     0    0.00000    0   38    0.00000    0.00000  0.00%     -    1s

Explored 1 nodes (4712 simplex iterations) in 1.32 seconds
Thread count was 1 (of 4 available processors)

Solution count 1: 0 

Optimal solution found (tolerance 1.00e-04)
Best objective 0.000000000000e+00, best bound 0.000000000000e+00, gap 0.0000%
Changed value of parameter TimeLimit to 272.2897598743439
   Prev: inf  Min: 0.0  Max: inf  Default: inf
Gurobi Optimizer version 9.0.1 build v9.0.1rc0 (linux64)
Optimize a model with 7450 rows, 7260 columns and 29578 nonzeros
Model fingerprint: 0xaa1091b9
Variable types: 60 continuous, 7200 integer (7200 binary)
Coefficient statistics:
  Matrix range     [1e+00, 4e+02]
  Objective range  [0e+00, 0e+00]
  Bounds range     [1e+00, 1e+00]
  RHS range        [1e+00, 3e+03]
Presolve removed 926 rows and 916 columns
Presolve time: 0.79s
Presolved: 6524 rows, 6344 columns, 25314 nonzeros
Variable types: 60 continuous, 6284 integer (6284 binary)

Root relaxation: objective 0.000000e+00, 928 iterations, 0.06 seconds

    Nodes    |    Current Node    |     Objective Bounds      |     Work
 Expl Unexpl |  Obj  Depth IntInf | Incumbent    BestBd   Gap | It/Node Time

     0     0    0.00000    0   56          -    0.00000      -     -    1s
     0     0    0.00000    0   12          -    0.00000      -     -    1s
H    0     0                       0.0000000    0.00000  0.00%     -    1s

Cutting planes:
  Gomory: 2
  MIR: 6
  Relax-and-lift: 3

Explored 1 nodes (5502 simplex iterations) in 1.50 seconds
Thread count was 1 (of 4 available processors)

Solution count 1: 0 

Optimal solution found (tolerance 1.00e-04)
Best objective 0.000000000000e+00, best bound 0.000000000000e+00, gap 0.0000%
Changed value of parameter TimeLimit to 270.43801522254944
   Prev: inf  Min: 0.0  Max: inf  Default: inf
Gurobi Optimizer version 9.0.1 build v9.0.1rc0 (linux64)
Optimize a model with 7451 rows, 7260 columns and 29638 nonzeros
Model fingerprint: 0x1b88cd15
Variable types: 60 continuous, 7200 integer (7200 binary)
Coefficient statistics:
  Matrix range     [1e+00, 4e+02]
  Objective range  [0e+00, 0e+00]
  Bounds range     [1e+00, 1e+00]
  RHS range        [1e+00, 3e+03]
Presolve removed 984 rows and 973 columns
Presolve time: 0.79s
Presolved: 6467 rows, 6287 columns, 25086 nonzeros
Variable types: 60 continuous, 6227 integer (6227 binary)

Root relaxation: objective 0.000000e+00, 715 iterations, 0.03 seconds

    Nodes    |    Current Node    |     Objective Bounds      |     Work
 Expl Unexpl |  Obj  Depth IntInf | Incumbent    BestBd   Gap | It/Node Time

     0     0    0.00000    0   53          -    0.00000      -     -    1s
     0     0    0.00000    0   10          -    0.00000      -     -    1s
H    0     0                       0.0000000    0.00000  0.00%     -    1s

Cutting planes:
  Gomory: 2
  MIR: 9
  Relax-and-lift: 4

Explored 1 nodes (7519 simplex iterations) in 1.48 seconds
Thread count was 1 (of 4 available processors)

Solution count 1: 0 

Optimal solution found (tolerance 1.00e-04)
Best objective 0.000000000000e+00, best bound 0.000000000000e+00, gap 0.0000%
Changed value of parameter TimeLimit to 268.6194269657135
   Prev: inf  Min: 0.0  Max: inf  Default: inf
Gurobi Optimizer version 9.0.1 build v9.0.1rc0 (linux64)
Optimize a model with 7452 rows, 7260 columns and 29698 nonzeros
Model fingerprint: 0xb4360d30
Variable types: 60 continuous, 7200 integer (7200 binary)
Coefficient statistics:
  Matrix range     [1e+00, 4e+02]
  Objective range  [0e+00, 0e+00]
  Bounds range     [1e+00, 1e+00]
  RHS range        [1e+00, 3e+03]
Presolve removed 1054 rows and 1042 columns
Presolve time: 0.80s
Presolved: 6398 rows, 6218 columns, 24810 nonzeros
Variable types: 60 continuous, 6158 integer (6158 binary)

Root relaxation: objective 0.000000e+00, 754 iterations, 0.04 seconds

    Nodes    |    Current Node    |     Objective Bounds      |     Work
 Expl Unexpl |  Obj  Depth IntInf | Incumbent    BestBd   Gap | It/Node Time

     0     0    0.00000    0   90          -    0.00000      -     -    1s
     0     0    0.00000    0   37          -    0.00000      -     -    1s
H    0     0                       0.0000000    0.00000  0.00%     -    1s

Cutting planes:
  MIR: 1
  Relax-and-lift: 7

Explored 1 nodes (5933 simplex iterations) in 1.45 seconds
Thread count was 1 (of 4 available processors)

Solution count 1: 0 

Optimal solution found (tolerance 1.00e-04)
Best objective 0.000000000000e+00, best bound 0.000000000000e+00, gap 0.0000%
Changed value of parameter TimeLimit to 266.812819480896
   Prev: inf  Min: 0.0  Max: inf  Default: inf
Gurobi Optimizer version 9.0.1 build v9.0.1rc0 (linux64)
Optimize a model with 7453 rows, 7260 columns and 29758 nonzeros
Model fingerprint: 0x789c15d6
Variable types: 60 continuous, 7200 integer (7200 binary)
Coefficient statistics:
  Matrix range     [1e+00, 4e+02]
  Objective range  [0e+00, 0e+00]
  Bounds range     [1e+00, 1e+00]
  RHS range        [1e+00, 3e+03]
Presolve removed 1115 rows and 1102 columns
Presolve time: 0.81s
Presolved: 6338 rows, 6158 columns, 24570 nonzeros
Variable types: 60 continuous, 6098 integer (6098 binary)

Root relaxation: objective 0.000000e+00, 823 iterations, 0.04 seconds

    Nodes    |    Current Node    |     Objective Bounds      |     Work
 Expl Unexpl |  Obj  Depth IntInf | Incumbent    BestBd   Gap | It/Node Time

     0     0    0.00000    0  112          -    0.00000      -     -    1s
H    0     0                       0.0000000    0.00000  0.00%     -    1s
     0     0    0.00000    0   12    0.00000    0.00000  0.00%     -    1s

Cutting planes:
  Gomory: 10
  MIR: 36
  Relax-and-lift: 35

Explored 1 nodes (5863 simplex iterations) in 1.58 seconds
Thread count was 1 (of 4 available processors)

Solution count 1: 0 

Optimal solution found (tolerance 1.00e-04)
Best objective 0.000000000000e+00, best bound 0.000000000000e+00, gap 0.0000%
Changed value of parameter TimeLimit to 264.89061856269836
   Prev: inf  Min: 0.0  Max: inf  Default: inf
Gurobi Optimizer version 9.0.1 build v9.0.1rc0 (linux64)
Optimize a model with 7454 rows, 7260 columns and 29818 nonzeros
Model fingerprint: 0x1a282888
Variable types: 60 continuous, 7200 integer (7200 binary)
Coefficient statistics:
  Matrix range     [1e+00, 4e+02]
  Objective range  [0e+00, 0e+00]
  Bounds range     [1e+00, 1e+00]
  RHS range        [1e+00, 3e+03]
Presolve removed 1185 rows and 1171 columns
Presolve time: 0.82s
Presolved: 6269 rows, 6089 columns, 24294 nonzeros
Variable types: 60 continuous, 6029 integer (6029 binary)

Root relaxation: objective 0.000000e+00, 866 iterations, 0.04 seconds

    Nodes    |    Current Node    |     Objective Bounds      |     Work
 Expl Unexpl |  Obj  Depth IntInf | Incumbent    BestBd   Gap | It/Node Time

     0     0    0.00000    0   65          -    0.00000      -     -    1s
     0     0    0.00000    0   23          -    0.00000      -     -    1s
     0     0    0.00000    0   87          -    0.00000      -     -    8s
     0     0    0.00000    0   99          -    0.00000      -     -    8s
     0     0    0.00000    0   95          -    0.00000      -     -    8s
     0     0    0.00000    0   87          -    0.00000      -     -    8s
     0     0    0.00000    0   84          -    0.00000      -     -    8s
     0     0    0.00000    0   47          -    0.00000      -     -    8s
     0     0    0.00000    0   90          -    0.00000      -     -    9s
     0     0    0.00000    0   43          -    0.00000      -     -    9s
     0     0    0.00000    0   69          -    0.00000      -     -    9s
     0     0    0.00000    0   36          -    0.00000      -     -    9s
H    0     0                       0.0000000    0.00000  0.00%     -    9s
     0     0    0.00000    0   36    0.00000    0.00000  0.00%     -    9s

Cutting planes:
  Implied bound: 1
  Relax-and-lift: 1

Explored 1 nodes (25028 simplex iterations) in 9.85 seconds
Thread count was 1 (of 4 available processors)

Solution count 1: 0 

Optimal solution found (tolerance 1.00e-04)
Best objective 0.000000000000e+00, best bound 0.000000000000e+00, gap 0.0000%
Changed value of parameter TimeLimit to 254.7046799659729
   Prev: inf  Min: 0.0  Max: inf  Default: inf
Gurobi Optimizer version 9.0.1 build v9.0.1rc0 (linux64)
Optimize a model with 7455 rows, 7260 columns and 29878 nonzeros
Model fingerprint: 0x5a64eb55
Variable types: 60 continuous, 7200 integer (7200 binary)
Coefficient statistics:
  Matrix range     [1e+00, 4e+02]
  Objective range  [0e+00, 0e+00]
  Bounds range     [1e+00, 1e+00]
  RHS range        [1e+00, 3e+03]
Presolve removed 1235 rows and 1220 columns
Presolve time: 0.81s
Presolved: 6220 rows, 6040 columns, 24098 nonzeros
Variable types: 60 continuous, 5980 integer (5980 binary)

Root relaxation: objective 0.000000e+00, 696 iterations, 0.04 seconds

    Nodes    |    Current Node    |     Objective Bounds      |     Work
 Expl Unexpl |  Obj  Depth IntInf | Incumbent    BestBd   Gap | It/Node Time

     0     0    0.00000    0   84          -    0.00000      -     -    1s
     0     0    0.00000    0   33          -    0.00000      -     -    1s
H    0     0                       0.0000000    0.00000  0.00%     -    8s
     0     0    0.00000    0   32    0.00000    0.00000  0.00%     -    8s

Explored 1 nodes (11930 simplex iterations) in 8.10 seconds
Thread count was 1 (of 4 available processors)

Solution count 1: 0 

Optimal solution found (tolerance 1.00e-04)
Best objective 0.000000000000e+00, best bound 0.000000000000e+00, gap 0.0000%
Changed value of parameter TimeLimit to 246.26406836509705
   Prev: inf  Min: 0.0  Max: inf  Default: inf
Gurobi Optimizer version 9.0.1 build v9.0.1rc0 (linux64)
Optimize a model with 7456 rows, 7260 columns and 29938 nonzeros
Model fingerprint: 0x1e64da7d
Variable types: 60 continuous, 7200 integer (7200 binary)
Coefficient statistics:
  Matrix range     [1e+00, 4e+02]
  Objective range  [0e+00, 0e+00]
  Bounds range     [1e+00, 1e+00]
  RHS range        [1e+00, 3e+03]
Presolve removed 1302 rows and 1286 columns
Presolve time: 0.80s
Presolved: 6154 rows, 5974 columns, 23834 nonzeros
Variable types: 60 continuous, 5914 integer (5914 binary)

Root relaxation: objective 0.000000e+00, 765 iterations, 0.04 seconds

    Nodes    |    Current Node    |     Objective Bounds      |     Work
 Expl Unexpl |  Obj  Depth IntInf | Incumbent    BestBd   Gap | It/Node Time

     0     0    0.00000    0  113          -    0.00000      -     -    1s
H    0     0                       0.0000000    0.00000  0.00%     -    1s
     0     0    0.00000    0   23    0.00000    0.00000  0.00%     -    1s

Cutting planes:
  Gomory: 5
  Cover: 5
  MIR: 38
  Relax-and-lift: 23

Explored 1 nodes (4381 simplex iterations) in 1.46 seconds
Thread count was 1 (of 4 available processors)

Solution count 1: 0 

Optimal solution found (tolerance 1.00e-04)
Best objective 0.000000000000e+00, best bound 0.000000000000e+00, gap 0.0000%
Changed value of parameter TimeLimit to 244.46519994735718
   Prev: inf  Min: 0.0  Max: inf  Default: inf
Gurobi Optimizer version 9.0.1 build v9.0.1rc0 (linux64)
Optimize a model with 7457 rows, 7260 columns and 29998 nonzeros
Model fingerprint: 0xad743380
Variable types: 60 continuous, 7200 integer (7200 binary)
Coefficient statistics:
  Matrix range     [1e+00, 4e+02]
  Objective range  [0e+00, 0e+00]
  Bounds range     [1e+00, 1e+00]
  RHS range        [1e+00, 3e+03]
Presolve removed 1361 rows and 1344 columns
Presolve time: 0.80s
Presolved: 6096 rows, 5916 columns, 23602 nonzeros
Variable types: 60 continuous, 5856 integer (5856 binary)

Root relaxation: objective 0.000000e+00, 954 iterations, 0.06 seconds

    Nodes    |    Current Node    |     Objective Bounds      |     Work
 Expl Unexpl |  Obj  Depth IntInf | Incumbent    BestBd   Gap | It/Node Time

     0     0    0.00000    0   27          -    0.00000      -     -    1s
     0     0    0.00000    0   13          -    0.00000      -     -    1s
     0     0    0.00000    0   88          -    0.00000      -     -    7s
     0     0    0.00000    0   94          -    0.00000      -     -    8s
     0     0    0.00000    0  102          -    0.00000      -     -    8s
H    0     0                       0.0000000    0.00000  0.00%     -    8s
     0     0    0.00000    0   47    0.00000    0.00000  0.00%     -    8s

Cutting planes:
  Gomory: 3
  Clique: 4
  MIR: 61
  Relax-and-lift: 51

Explored 1 nodes (13883 simplex iterations) in 8.49 seconds
Thread count was 1 (of 4 available processors)

Solution count 1: 0 

Optimal solution found (tolerance 1.00e-04)
Best objective 0.000000000000e+00, best bound 0.000000000000e+00, gap 0.0000%
Changed value of parameter TimeLimit to 235.6242082118988
   Prev: inf  Min: 0.0  Max: inf  Default: inf
Gurobi Optimizer version 9.0.1 build v9.0.1rc0 (linux64)
Optimize a model with 7458 rows, 7260 columns and 30058 nonzeros
Model fingerprint: 0xfff75187
Variable types: 60 continuous, 7200 integer (7200 binary)
Coefficient statistics:
  Matrix range     [1e+00, 4e+02]
  Objective range  [0e+00, 0e+00]
  Bounds range     [1e+00, 1e+00]
  RHS range        [1e+00, 3e+03]
Presolve removed 1407 rows and 1389 columns
Presolve time: 0.79s
Presolved: 6051 rows, 5871 columns, 23422 nonzeros
Variable types: 60 continuous, 5811 integer (5811 binary)

Root relaxation: objective 0.000000e+00, 942 iterations, 0.05 seconds

    Nodes    |    Current Node    |     Objective Bounds      |     Work
 Expl Unexpl |  Obj  Depth IntInf | Incumbent    BestBd   Gap | It/Node Time

     0     0    0.00000    0   59          -    0.00000      -     -    1s
     0     0    0.00000    0   41          -    0.00000      -     -    1s
     0     0    0.00000    0   83          -    0.00000      -     -    7s
     0     0    0.00000    0   71          -    0.00000      -     -    7s
     0     0    0.00000    0   69          -    0.00000      -     -    7s
     0     0    0.00000    0   63          -    0.00000      -     -    8s
     0     0    0.00000    0   34          -    0.00000      -     -    8s
     0     0    0.00000    0   28          -    0.00000      -     -    8s
     0     0    0.00000    0   71          -    0.00000      -     -    9s
     0     0    0.00000    0   71          -    0.00000      -     -    9s
     0     0    0.00000    0   35          -    0.00000      -     -    9s
     0     0    0.00000    0   44          -    0.00000      -     -    9s
     0     0    0.00000    0   60          -    0.00000      -     -    9s
     0     0    0.00000    0   97          -    0.00000      -     -    9s
     0     0    0.00000    0   34          -    0.00000      -     -   10s
     0     0    0.00000    0  113          -    0.00000      -     -   10s
     0     0    0.00000    0   55          -    0.00000      -     -   11s
     0     0    0.00000    0   55          -    0.00000      -     -   11s
H    0     0                       0.0000000    0.00000  0.00%     -   11s
     0     0    0.00000    0   55    0.00000    0.00000  0.00%     -   11s

Cutting planes:
  MIR: 17
  RLT: 1
  Relax-and-lift: 54

Explored 1 nodes (47785 simplex iterations) in 11.80 seconds
Thread count was 1 (of 4 available processors)

Solution count 1: 0 

Optimal solution found (tolerance 1.00e-04)
Best objective 0.000000000000e+00, best bound 0.000000000000e+00, gap 0.0000%
Changed value of parameter TimeLimit to 223.48538827896118
   Prev: inf  Min: 0.0  Max: inf  Default: inf
Gurobi Optimizer version 9.0.1 build v9.0.1rc0 (linux64)
Optimize a model with 7459 rows, 7260 columns and 30118 nonzeros
Model fingerprint: 0x98a7982f
Variable types: 60 continuous, 7200 integer (7200 binary)
Coefficient statistics:
  Matrix range     [1e+00, 4e+02]
  Objective range  [0e+00, 0e+00]
  Bounds range     [1e+00, 1e+00]
  RHS range        [1e+00, 3e+03]
Presolve removed 1461 rows and 1442 columns
Presolve time: 0.77s
Presolved: 5998 rows, 5818 columns, 23210 nonzeros
Variable types: 60 continuous, 5758 integer (5758 binary)

Root relaxation: objective 0.000000e+00, 810 iterations, 0.04 seconds

    Nodes    |    Current Node    |     Objective Bounds      |     Work
 Expl Unexpl |  Obj  Depth IntInf | Incumbent    BestBd   Gap | It/Node Time

     0     0    0.00000    0  195          -    0.00000      -     -    1s
     0     0    0.00000    0   23          -    0.00000      -     -    1s
     0     0    0.00000    0   66          -    0.00000      -     -    7s
     0     0    0.00000    0  157          -    0.00000      -     -    7s
     0     0    0.00000    0  125          -    0.00000      -     -    7s
     0     0    0.00000    0   27          -    0.00000      -     -    8s
H    0     0                       0.0000000    0.00000  0.00%     -    8s
     0     0    0.00000    0   27    0.00000    0.00000  0.00%     -    8s

Cutting planes:
  MIR: 5
  Relax-and-lift: 21

Explored 1 nodes (13755 simplex iterations) in 8.24 seconds
Thread count was 1 (of 4 available processors)

Solution count 1: 0 

Optimal solution found (tolerance 1.00e-04)
Best objective 0.000000000000e+00, best bound 0.000000000000e+00, gap 0.0000%
Changed value of parameter TimeLimit to 214.89565229415894
   Prev: inf  Min: 0.0  Max: inf  Default: inf
Gurobi Optimizer version 9.0.1 build v9.0.1rc0 (linux64)
Optimize a model with 7460 rows, 7260 columns and 30178 nonzeros
Model fingerprint: 0xa9bd3b9f
Variable types: 60 continuous, 7200 integer (7200 binary)
Coefficient statistics:
  Matrix range     [1e+00, 4e+02]
  Objective range  [0e+00, 0e+00]
  Bounds range     [1e+00, 1e+00]
  RHS range        [1e+00, 3e+03]
Presolve removed 1540 rows and 1520 columns
Presolve time: 0.79s
Presolved: 5920 rows, 5740 columns, 22898 nonzeros
Variable types: 60 continuous, 5680 integer (5680 binary)

Root relaxation: objective 0.000000e+00, 850 iterations, 0.04 seconds

    Nodes    |    Current Node    |     Objective Bounds      |     Work
 Expl Unexpl |  Obj  Depth IntInf | Incumbent    BestBd   Gap | It/Node Time

     0     0    0.00000    0   56          -    0.00000      -     -    1s
     0     0    0.00000    0   28          -    0.00000      -     -    1s
     0     0    0.00000    0  101          -    0.00000      -     -    8s
     0     0    0.00000    0   67          -    0.00000      -     -    8s
     0     0    0.00000    0   70          -    0.00000      -     -    8s
     0     0    0.00000    0   27          -    0.00000      -     -    8s
     0     0    0.00000    0   34          -    0.00000      -     -    8s
     0     0    0.00000    0   78          -    0.00000      -     -    8s
     0     0    0.00000    0   75          -    0.00000      -     -    8s
     0     0    0.00000    0   83          -    0.00000      -     -    8s
     0     0    0.00000    0   74          -    0.00000      -     -    8s
     0     0    0.00000    0   96          -    0.00000      -     -    8s
     0     0    0.00000    0   95          -    0.00000      -     -    8s
     0     0    0.00000    0   54          -    0.00000      -     -    8s
     0     0    0.00000    0   25          -    0.00000      -     -    8s
     0     2    0.00000    0   25          -    0.00000      -     -    9s
     4     5    0.00000    2  117          -    0.00000      -   447   10s
    68    44    0.00000   50   66          -    0.00000      -   370   15s
   656   191    0.00000   95  130          -    0.00000      -   127   20s
H  785     2                       0.0000000    0.00000  0.00%   120   20s

Cutting planes:
  Cover: 17
  MIR: 31
  Relax-and-lift: 13

Explored 786 nodes (117785 simplex iterations) in 20.86 seconds
Thread count was 1 (of 4 available processors)

Solution count 1: 0 

Optimal solution found (tolerance 1.00e-04)
Best objective 0.000000000000e+00, best bound 0.000000000000e+00, gap 0.0000%
Changed value of parameter TimeLimit to 193.70063757896423
   Prev: inf  Min: 0.0  Max: inf  Default: inf
Gurobi Optimizer version 9.0.1 build v9.0.1rc0 (linux64)
Optimize a model with 7461 rows, 7260 columns and 30238 nonzeros
Model fingerprint: 0x317689a6
Variable types: 60 continuous, 7200 integer (7200 binary)
Coefficient statistics:
  Matrix range     [1e+00, 4e+02]
  Objective range  [0e+00, 0e+00]
  Bounds range     [1e+00, 1e+00]
  RHS range        [1e+00, 3e+03]
Presolve removed 1612 rows and 1591 columns
Presolve time: 0.81s
Presolved: 5849 rows, 5669 columns, 22614 nonzeros
Variable types: 60 continuous, 5609 integer (5609 binary)

Root relaxation: objective 0.000000e+00, 837 iterations, 0.04 seconds

    Nodes    |    Current Node    |     Objective Bounds      |     Work
 Expl Unexpl |  Obj  Depth IntInf | Incumbent    BestBd   Gap | It/Node Time

     0     0    0.00000    0  102          -    0.00000      -     -    1s
     0     0    0.00000    0  115          -    0.00000      -     -    1s
     0     0    0.00000    0   31          -    0.00000      -     -    7s
     0     0    0.00000    0   75          -    0.00000      -     -    8s
     0     0    0.00000    0   84          -    0.00000      -     -    8s
     0     0    0.00000    0   32          -    0.00000      -     -    8s
     0     0    0.00000    0   90          -    0.00000      -     -    8s
     0     0    0.00000    0  102          -    0.00000      -     -    8s
     0     0    0.00000    0   74          -    0.00000      -     -    8s
     0     0    0.00000    0   52          -    0.00000      -     -    9s
     0     0    0.00000    0   54          -    0.00000      -     -    9s
     0     0    0.00000    0   24          -    0.00000      -     -    9s
     0     0    0.00000    0   24          -    0.00000      -     -    9s
     0     0    0.00000    0   46          -    0.00000      -     -    9s
     0     0    0.00000    0   46          -    0.00000      -     -    9s
     0     0    0.00000    0   60          -    0.00000      -     -   10s
     0     0    0.00000    0   62          -    0.00000      -     -   10s
     0     0    0.00000    0   60          -    0.00000      -     -   10s
     0     0    0.00000    0   21          -    0.00000      -     -   11s
     0     0    0.00000    0   20          -    0.00000      -     -   11s
     0     0    0.00000    0   37          -    0.00000      -     -   11s
     0     0    0.00000    0   31          -    0.00000      -     -   11s
     0     0    0.00000    0   82          -    0.00000      -     -   11s
     0     0    0.00000    0   71          -    0.00000      -     -   11s
     0     0    0.00000    0   17          -    0.00000      -     -   12s
     0     0    0.00000    0   20          -    0.00000      -     -   12s
     0     0    0.00000    0   10          -    0.00000      -     -   12s
H    0     0                       0.0000000    0.00000  0.00%     -   12s
     0     0    0.00000    0   10    0.00000    0.00000  0.00%     -   12s

Cutting planes:
  Implied bound: 1
  MIR: 9
  Relax-and-lift: 11

Explored 1 nodes (55592 simplex iterations) in 12.39 seconds
Thread count was 1 (of 4 available processors)

Solution count 1: 0 

Optimal solution found (tolerance 1.00e-04)
Best objective 0.000000000000e+00, best bound 0.000000000000e+00, gap 0.0000%
Changed value of parameter TimeLimit to 180.95914959907532
   Prev: inf  Min: 0.0  Max: inf  Default: inf
Gurobi Optimizer version 9.0.1 build v9.0.1rc0 (linux64)
Optimize a model with 7462 rows, 7260 columns and 30298 nonzeros
Model fingerprint: 0xc7975fa7
Variable types: 60 continuous, 7200 integer (7200 binary)
Coefficient statistics:
  Matrix range     [1e+00, 4e+02]
  Objective range  [0e+00, 0e+00]
  Bounds range     [1e+00, 1e+00]
  RHS range        [1e+00, 3e+03]
Presolve removed 1673 rows and 1651 columns
Presolve time: 0.83s
Presolved: 5789 rows, 5609 columns, 22374 nonzeros
Variable types: 60 continuous, 5549 integer (5549 binary)

Root relaxation: objective 0.000000e+00, 922 iterations, 0.05 seconds

    Nodes    |    Current Node    |     Objective Bounds      |     Work
 Expl Unexpl |  Obj  Depth IntInf | Incumbent    BestBd   Gap | It/Node Time

H    0     0                       0.0000000    0.00000  0.00%     -    1s
     0     0    0.00000    0   31    0.00000    0.00000  0.00%     -    1s

Explored 0 nodes (3784 simplex iterations) in 1.06 seconds
Thread count was 1 (of 4 available processors)

Solution count 1: 0 

Optimal solution found (tolerance 1.00e-04)
Best objective 0.000000000000e+00, best bound 0.000000000000e+00, gap 0.0000%
Changed value of parameter TimeLimit to 179.55898880958557
   Prev: inf  Min: 0.0  Max: inf  Default: inf
Gurobi Optimizer version 9.0.1 build v9.0.1rc0 (linux64)
Optimize a model with 7463 rows, 7260 columns and 30358 nonzeros
Model fingerprint: 0x4626f839
Variable types: 60 continuous, 7200 integer (7200 binary)
Coefficient statistics:
  Matrix range     [1e+00, 4e+02]
  Objective range  [0e+00, 0e+00]
  Bounds range     [1e+00, 1e+00]
  RHS range        [1e+00, 3e+03]
Presolve removed 1717 rows and 1694 columns
Presolve time: 0.81s
Presolved: 5746 rows, 5566 columns, 22202 nonzeros
Variable types: 60 continuous, 5506 integer (5506 binary)

Root relaxation: objective 0.000000e+00, 944 iterations, 0.05 seconds

    Nodes    |    Current Node    |     Objective Bounds      |     Work
 Expl Unexpl |  Obj  Depth IntInf | Incumbent    BestBd   Gap | It/Node Time

     0     0    0.00000    0   47          -    0.00000      -     -    1s
     0     0    0.00000    0   43          -    0.00000      -     -    1s
     0     0    0.00000    0   67          -    0.00000      -     -    7s
     0     0    0.00000    0  149          -    0.00000      -     -    8s
     0     0    0.00000    0   96          -    0.00000      -     -    8s
     0     0    0.00000    0   94          -    0.00000      -     -    8s
     0     0    0.00000    0   82          -    0.00000      -     -    8s
     0     0    0.00000    0   76          -    0.00000      -     -    8s
     0     0    0.00000    0   74          -    0.00000      -     -    8s
     0     0    0.00000    0   36          -    0.00000      -     -    8s
     0     0    0.00000    0  118          -    0.00000      -     -    8s
     0     0    0.00000    0   75          -    0.00000      -     -    9s
     0     0    0.00000    0   75          -    0.00000      -     -    9s
     0     0    0.00000    0   26          -    0.00000      -     -   10s
     0     0    0.00000    0   68          -    0.00000      -     -   10s
     0     0    0.00000    0   56          -    0.00000      -     -   10s
     0     0    0.00000    0  108          -    0.00000      -     -   10s
     0     0    0.00000    0   96          -    0.00000      -     -   10s
     0     0    0.00000    0   32          -    0.00000      -     -   10s
     0     0    0.00000    0   37          -    0.00000      -     -   10s
     0     0    0.00000    0  116          -    0.00000      -     -   11s
H    0     0                       0.0000000    0.00000  0.00%     -   11s
     0     0    0.00000    0  116    0.00000    0.00000  0.00%     -   11s

Cutting planes:
  MIR: 10
  Relax-and-lift: 7

Explored 1 nodes (38801 simplex iterations) in 11.15 seconds
Thread count was 1 (of 4 available processors)

Solution count 1: 0 

Optimal solution found (tolerance 1.00e-04)
Best objective 0.000000000000e+00, best bound 0.000000000000e+00, gap 0.0000%
Changed value of parameter TimeLimit to 168.06073665618896
   Prev: inf  Min: 0.0  Max: inf  Default: inf
Gurobi Optimizer version 9.0.1 build v9.0.1rc0 (linux64)
Optimize a model with 7464 rows, 7260 columns and 30418 nonzeros
Model fingerprint: 0xc4b94512
Variable types: 60 continuous, 7200 integer (7200 binary)
Coefficient statistics:
  Matrix range     [1e+00, 4e+02]
  Objective range  [0e+00, 0e+00]
  Bounds range     [1e+00, 1e+00]
  RHS range        [1e+00, 3e+03]
Presolve removed 1779 rows and 1755 columns
Presolve time: 0.79s
Presolved: 5685 rows, 5505 columns, 21958 nonzeros
Variable types: 60 continuous, 5445 integer (5445 binary)

Root relaxation: objective 0.000000e+00, 913 iterations, 0.04 seconds

    Nodes    |    Current Node    |     Objective Bounds      |     Work
 Expl Unexpl |  Obj  Depth IntInf | Incumbent    BestBd   Gap | It/Node Time

     0     0    0.00000    0   48          -    0.00000      -     -    1s
     0     0    0.00000    0   39          -    0.00000      -     -    1s
     0     0    0.00000    0   52          -    0.00000      -     -    7s
     0     0    0.00000    0   76          -    0.00000      -     -    7s
     0     0    0.00000    0  100          -    0.00000      -     -    8s
     0     0    0.00000    0  111          -    0.00000      -     -    8s
     0     0    0.00000    0   79          -    0.00000      -     -    8s
     0     0    0.00000    0   36          -    0.00000      -     -    8s
     0     0    0.00000    0   36          -    0.00000      -     -    8s
     0     0    0.00000    0   69          -    0.00000      -     -    9s
     0     0    0.00000    0  123          -    0.00000      -     -    9s
     0     0    0.00000    0   24          -    0.00000      -     -    9s
     0     0    0.00000    0   31          -    0.00000      -     -    9s
     0     0    0.00000    0   34          -    0.00000      -     -    9s
     0     0    0.00000    0   36          -    0.00000      -     -    9s
     0     0    0.00000    0   29          -    0.00000      -     -   10s
     0     0    0.00000    0   29          -    0.00000      -     -   10s
     0     0    0.00000    0   59          -    0.00000      -     -   11s
     0     0    0.00000    0  104          -    0.00000      -     -   11s
     0     0    0.00000    0  104          -    0.00000      -     -   11s
     0     0    0.00000    0   30          -    0.00000      -     -   11s
     0     0    0.00000    0   26          -    0.00000      -     -   11s
     0     0    0.00000    0   34          -    0.00000      -     -   11s
     0     0    0.00000    0   38          -    0.00000      -     -   11s
     0     0    0.00000    0   12          -    0.00000      -     -   12s
     0     0    0.00000    0   29          -    0.00000      -     -   12s
     0     0    0.00000    0   35          -    0.00000      -     -   12s
H    0     0                       0.0000000    0.00000  0.00%     -   12s
     0     0    0.00000    0   35    0.00000    0.00000  0.00%     -   12s

Cutting planes:
  Clique: 2
  MIR: 7
  Relax-and-lift: 28

Explored 1 nodes (63651 simplex iterations) in 12.64 seconds
Thread count was 1 (of 4 available processors)

Solution count 1: 0 

Optimal solution found (tolerance 1.00e-04)
Best objective 0.000000000000e+00, best bound 0.000000000000e+00, gap 0.0000%
Changed value of parameter TimeLimit to 155.0788230895996
   Prev: inf  Min: 0.0  Max: inf  Default: inf
Gurobi Optimizer version 9.0.1 build v9.0.1rc0 (linux64)
Optimize a model with 7465 rows, 7260 columns and 30478 nonzeros
Model fingerprint: 0x505e9d1e
Variable types: 60 continuous, 7200 integer (7200 binary)
Coefficient statistics:
  Matrix range     [1e+00, 4e+02]
  Objective range  [0e+00, 0e+00]
  Bounds range     [1e+00, 1e+00]
  RHS range        [1e+00, 3e+03]
Presolve removed 1829 rows and 1804 columns
Presolve time: 0.80s
Presolved: 5636 rows, 5456 columns, 21762 nonzeros
Variable types: 60 continuous, 5396 integer (5396 binary)

Root relaxation: objective 0.000000e+00, 947 iterations, 0.05 seconds

    Nodes    |    Current Node    |     Objective Bounds      |     Work
 Expl Unexpl |  Obj  Depth IntInf | Incumbent    BestBd   Gap | It/Node Time

     0     0    0.00000    0   35          -    0.00000      -     -    1s
     0     0    0.00000    0   28          -    0.00000      -     -    1s
     0     0    0.00000    0   89          -    0.00000      -     -    7s
     0     0    0.00000    0  139          -    0.00000      -     -    8s
     0     0    0.00000    0  139          -    0.00000      -     -    8s
     0     0    0.00000    0   48          -    0.00000      -     -    8s
     0     0    0.00000    0   89          -    0.00000      -     -    8s
     0     0    0.00000    0   83          -    0.00000      -     -    8s
     0     0    0.00000    0   72          -    0.00000      -     -    8s
     0     0    0.00000    0   64          -    0.00000      -     -    9s
     0     0    0.00000    0   72          -    0.00000      -     -    9s
     0     0    0.00000    0   75          -    0.00000      -     -    9s
     0     0    0.00000    0   99          -    0.00000      -     -    9s
     0     0    0.00000    0   40          -    0.00000      -     -    9s
     0     0    0.00000    0   71          -    0.00000      -     -    9s
     0     0    0.00000    0   39          -    0.00000      -     -   10s
     0     0    0.00000    0   39          -    0.00000      -     -   10s
     0     0    0.00000    0   46          -    0.00000      -     -   10s
     0     0    0.00000    0  125          -    0.00000      -     -   11s
     0     0    0.00000    0  121          -    0.00000      -     -   11s
     0     0    0.00000    0   96          -    0.00000      -     -   11s
     0     0    0.00000    0  101          -    0.00000      -     -   11s
     0     0    0.00000    0   40          -    0.00000      -     -   11s
     0     0    0.00000    0   36          -    0.00000      -     -   11s
     0     0    0.00000    0   83          -    0.00000      -     -   11s
     0     0    0.00000    0   81          -    0.00000      -     -   11s
     0     0    0.00000    0   32          -    0.00000      -     -   12s
     0     0    0.00000    0   37          -    0.00000      -     -   12s
     0     0    0.00000    0   34          -    0.00000      -     -   12s
     0     0    0.00000    0  113          -    0.00000      -     -   12s
     0     0    0.00000    0   14          -    0.00000      -     -   12s
     0     0    0.00000    0  108          -    0.00000      -     -   12s
     0     0    0.00000    0   31          -    0.00000      -     -   13s
     0     0    0.00000    0   22          -    0.00000      -     -   13s
H    0     0                       0.0000000    0.00000  0.00%     -   13s
     0     0     cutoff    0         0.00000    0.00000  0.00%     -   13s

Cutting planes:
  MIR: 10
  Relax-and-lift: 32

Explored 1 nodes (74066 simplex iterations) in 13.52 seconds
Thread count was 1 (of 4 available processors)

Solution count 1: 0 

Optimal solution found (tolerance 1.00e-04)
Best objective 0.000000000000e+00, best bound 0.000000000000e+00, gap 0.0000%
Changed value of parameter TimeLimit to 141.21757555007935
   Prev: inf  Min: 0.0  Max: inf  Default: inf
Gurobi Optimizer version 9.0.1 build v9.0.1rc0 (linux64)
Optimize a model with 7466 rows, 7260 columns and 30538 nonzeros
Model fingerprint: 0x2f82dee7
Variable types: 60 continuous, 7200 integer (7200 binary)
Coefficient statistics:
  Matrix range     [1e+00, 4e+02]
  Objective range  [0e+00, 0e+00]
  Bounds range     [1e+00, 1e+00]
  RHS range        [1e+00, 3e+03]
Presolve removed 1889 rows and 1863 columns
Presolve time: 0.78s
Presolved: 5577 rows, 5397 columns, 21526 nonzeros
Variable types: 60 continuous, 5337 integer (5337 binary)

Root relaxation: objective 0.000000e+00, 950 iterations, 0.05 seconds

    Nodes    |    Current Node    |     Objective Bounds      |     Work
 Expl Unexpl |  Obj  Depth IntInf | Incumbent    BestBd   Gap | It/Node Time

     0     0    0.00000    0   60          -    0.00000      -     -    1s
     0     0    0.00000    0   41          -    0.00000      -     -    1s
     0     0    0.00000    0  105          -    0.00000      -     -    7s
     0     0    0.00000    0   91          -    0.00000      -     -    7s
     0     0    0.00000    0  112          -    0.00000      -     -    7s
     0     0    0.00000    0   51          -    0.00000      -     -    7s
     0     0    0.00000    0   44          -    0.00000      -     -    7s
     0     0    0.00000    0   28          -    0.00000      -     -    8s
     0     0    0.00000    0   44          -    0.00000      -     -    8s
     0     0    0.00000    0   45          -    0.00000      -     -    8s
     0     0    0.00000    0   34          -    0.00000      -     -    8s
     0     0    0.00000    0   76          -    0.00000      -     -    9s
     0     0    0.00000    0   87          -    0.00000      -     -    9s
     0     0    0.00000    0   45          -    0.00000      -     -    9s
     0     0    0.00000    0   91          -    0.00000      -     -    9s
     0     0    0.00000    0   32          -    0.00000      -     -    9s
     0     0    0.00000    0   98          -    0.00000      -     -    9s
     0     0    0.00000    0   33          -    0.00000      -     -    9s
     0     0    0.00000    0   33          -    0.00000      -     -    9s
     0     0    0.00000    0   33          -    0.00000      -     -   10s
     0     0    0.00000    0   83          -    0.00000      -     -   10s
     0     0    0.00000    0   82          -    0.00000      -     -   10s
     0     0    0.00000    0   17          -    0.00000      -     -   10s
     0     0    0.00000    0   18          -    0.00000      -     -   10s
     0     0    0.00000    0   19          -    0.00000      -     -   11s
     0     0    0.00000    0   22          -    0.00000      -     -   11s
H    0     0                       0.0000000    0.00000  0.00%     -   11s
     0     0    0.00000    0   33    0.00000    0.00000  0.00%     -   11s

Cutting planes:
  Cover: 4
  Clique: 2
  MIR: 25
  RLT: 1
  Relax-and-lift: 26

Explored 1 nodes (50765 simplex iterations) in 11.23 seconds
Thread count was 1 (of 4 available processors)

Solution count 1: 0 

Optimal solution found (tolerance 1.00e-04)
Best objective 0.000000000000e+00, best bound 0.000000000000e+00, gap 0.0000%
Changed value of parameter TimeLimit to 129.6409993171692
   Prev: inf  Min: 0.0  Max: inf  Default: inf
Gurobi Optimizer version 9.0.1 build v9.0.1rc0 (linux64)
Optimize a model with 7467 rows, 7260 columns and 30598 nonzeros
Model fingerprint: 0xd2248de4
Variable types: 60 continuous, 7200 integer (7200 binary)
Coefficient statistics:
  Matrix range     [1e+00, 4e+02]
  Objective range  [0e+00, 0e+00]
  Bounds range     [1e+00, 1e+00]
  RHS range        [1e+00, 3e+03]
Presolve removed 1937 rows and 1910 columns
Presolve time: 0.77s
Presolved: 5530 rows, 5350 columns, 21338 nonzeros
Variable types: 60 continuous, 5290 integer (5290 binary)

Root relaxation: objective 0.000000e+00, 851 iterations, 0.04 seconds

    Nodes    |    Current Node    |     Objective Bounds      |     Work
 Expl Unexpl |  Obj  Depth IntInf | Incumbent    BestBd   Gap | It/Node Time

     0     0    0.00000    0   62          -    0.00000      -     -    1s
     0     0    0.00000    0  171          -    0.00000      -     -    1s
     0     0    0.00000    0   20          -    0.00000      -     -    7s
     0     0    0.00000    0   71          -    0.00000      -     -    7s
     0     0    0.00000    0   71          -    0.00000      -     -    7s
     0     0    0.00000    0   56          -    0.00000      -     -    8s
     0     0    0.00000    0   55          -    0.00000      -     -    8s
H    0     0                       0.0000000    0.00000  0.00%     -    8s
     0     0    0.00000    0   45    0.00000    0.00000  0.00%     -    8s

Cutting planes:
  Cover: 1
  MIR: 50
  Relax-and-lift: 17

Explored 1 nodes (15089 simplex iterations) in 8.13 seconds
Thread count was 1 (of 4 available processors)

Solution count 1: 0 

Optimal solution found (tolerance 1.00e-04)
Best objective 0.000000000000e+00, best bound 0.000000000000e+00, gap 0.0000%
Changed value of parameter TimeLimit to 121.17283535003662
   Prev: inf  Min: 0.0  Max: inf  Default: inf
Gurobi Optimizer version 9.0.1 build v9.0.1rc0 (linux64)
Optimize a model with 7468 rows, 7260 columns and 30658 nonzeros
Model fingerprint: 0x7be3ea33
Variable types: 60 continuous, 7200 integer (7200 binary)
Coefficient statistics:
  Matrix range     [1e+00, 4e+02]
  Objective range  [0e+00, 0e+00]
  Bounds range     [1e+00, 1e+00]
  RHS range        [1e+00, 3e+03]
Presolve removed 1981 rows and 1953 columns
Presolve time: 0.78s
Presolved: 5487 rows, 5307 columns, 21166 nonzeros
Variable types: 60 continuous, 5247 integer (5247 binary)

Root relaxation: objective 0.000000e+00, 895 iterations, 0.04 seconds

    Nodes    |    Current Node    |     Objective Bounds      |     Work
 Expl Unexpl |  Obj  Depth IntInf | Incumbent    BestBd   Gap | It/Node Time

     0     0    0.00000    0   49          -    0.00000      -     -    1s
     0     0    0.00000    0   27          -    0.00000      -     -    1s
     0     0    0.00000    0   79          -    0.00000      -     -    7s
     0     0    0.00000    0   87          -    0.00000      -     -    8s
     0     0    0.00000    0   25          -    0.00000      -     -    8s
     0     0    0.00000    0   24          -    0.00000      -     -    8s
     0     0    0.00000    0   77          -    0.00000      -     -    8s
     0     0    0.00000    0   82          -    0.00000      -     -    8s
     0     0    0.00000    0   35          -    0.00000      -     -    9s
     0     0    0.00000    0   27          -    0.00000      -     -    9s
     0     0    0.00000    0   27          -    0.00000      -     -    9s
     0     0    0.00000    0   67          -    0.00000      -     -    9s
     0     0    0.00000    0   58          -    0.00000      -     -    9s
     0     0    0.00000    0   34          -    0.00000      -     -   10s
     0     0    0.00000    0   35          -    0.00000      -     -   11s
     0     0    0.00000    0   72          -    0.00000      -     -   11s
     0     0    0.00000    0   96          -    0.00000      -     -   11s
     0     0    0.00000    0   24          -    0.00000      -     -   11s
     0     0    0.00000    0   43          -    0.00000      -     -   11s
     0     0    0.00000    0   47          -    0.00000      -     -   11s
     0     0    0.00000    0   48          -    0.00000      -     -   11s
     0     0    0.00000    0  124          -    0.00000      -     -   12s
     0     0    0.00000    0  130          -    0.00000      -     -   12s
     0     0    0.00000    0   25          -    0.00000      -     -   12s
     0     0    0.00000    0   51          -    0.00000      -     -   13s
     0     0    0.00000    0   61          -    0.00000      -     -   13s
     0     0    0.00000    0   61          -    0.00000      -     -   13s
     0     0    0.00000    0   21          -    0.00000      -     -   13s
     0     0    0.00000    0   30          -    0.00000      -     -   14s
     0     0    0.00000    0   29          -    0.00000      -     -   14s
     0     0    0.00000    0   29          -    0.00000      -     -   14s
     0     0    0.00000    0   36          -    0.00000      -     -   14s
     0     0    0.00000    0   36          -    0.00000      -     -   14s
     0     0    0.00000    0   40          -    0.00000      -     -   14s
     0     0    0.00000    0   77          -    0.00000      -     -   14s
     0     0    0.00000    0   26          -    0.00000      -     -   14s
     0     0    0.00000    0   20          -    0.00000      -     -   14s
     0     2    0.00000    0   20          -    0.00000      -     -   15s
   101    44    0.00000   25  331          -    0.00000      -   415   20s
   285   143    0.00000   33  144          -    0.00000      -   334   25s
   520   292    0.00000   38   24          -    0.00000      -   303   30s
   605   293 infeasible   46               -    0.00000      -   470   35s
H  688   236                       0.0000000    0.00000  0.00%   422   35s

Cutting planes:
  Gomory: 1
  Projected implied bound: 7
  Flow cover: 15
  Relax-and-lift: 5

Explored 689 nodes (299447 simplex iterations) in 35.94 seconds
Thread count was 1 (of 4 available processors)

Solution count 1: 0 

Optimal solution found (tolerance 1.00e-04)
Best objective 0.000000000000e+00, best bound 0.000000000000e+00, gap 0.0000%
Changed value of parameter TimeLimit to 84.8766303062439
   Prev: inf  Min: 0.0  Max: inf  Default: inf
Gurobi Optimizer version 9.0.1 build v9.0.1rc0 (linux64)
Optimize a model with 7469 rows, 7260 columns and 30718 nonzeros
Model fingerprint: 0xe67da271
Variable types: 60 continuous, 7200 integer (7200 binary)
Coefficient statistics:
  Matrix range     [1e+00, 4e+02]
  Objective range  [0e+00, 0e+00]
  Bounds range     [1e+00, 1e+00]
  RHS range        [1e+00, 3e+03]
Presolve removed 2043 rows and 2014 columns
Presolve time: 0.79s
Presolved: 5426 rows, 5246 columns, 20922 nonzeros
Variable types: 60 continuous, 5186 integer (5186 binary)

Root relaxation: objective 0.000000e+00, 978 iterations, 0.04 seconds

    Nodes    |    Current Node    |     Objective Bounds      |     Work
 Expl Unexpl |  Obj  Depth IntInf | Incumbent    BestBd   Gap | It/Node Time

     0     0    0.00000    0   40          -    0.00000      -     -    1s
     0     0    0.00000    0   25          -    0.00000      -     -    1s
     0     0    0.00000    0   39          -    0.00000      -     -    7s
     0     0    0.00000    0   72          -    0.00000      -     -    7s
     0     0    0.00000    0   59          -    0.00000      -     -    7s
     0     0    0.00000    0   46          -    0.00000      -     -    7s
     0     0    0.00000    0   42          -    0.00000      -     -    8s
     0     0    0.00000    0   42          -    0.00000      -     -    8s
     0     0    0.00000    0   78          -    0.00000      -     -    8s
     0     0    0.00000    0   78          -    0.00000      -     -    8s
     0     0    0.00000    0   59          -    0.00000      -     -    8s
     0     0    0.00000    0   59          -    0.00000      -     -    9s
     0     0    0.00000    0   94          -    0.00000      -     -    9s
     0     0    0.00000    0   65          -    0.00000      -     -    9s
     0     0    0.00000    0   95          -    0.00000      -     -    9s
     0     0    0.00000    0   41          -    0.00000      -     -    9s
     0     0    0.00000    0   37          -    0.00000      -     -    9s
     0     0    0.00000    0   25          -    0.00000      -     -   10s
     0     0    0.00000    0   23          -    0.00000      -     -   10s
     0     0    0.00000    0   41          -    0.00000      -     -   10s
     0     0    0.00000    0   68          -    0.00000      -     -   10s
     0     0    0.00000    0   44          -    0.00000      -     -   10s
     0     0    0.00000    0   89          -    0.00000      -     -   10s
     0     0    0.00000    0   58          -    0.00000      -     -   10s
     0     0    0.00000    0  133          -    0.00000      -     -   10s
     0     0    0.00000    0   38          -    0.00000      -     -   10s
     0     0    0.00000    0   38          -    0.00000      -     -   10s
     0     2    0.00000    0   32          -    0.00000      -     -   11s
    66    43    0.00000   49  519          -    0.00000      -   129   15s
   485   208    0.00000   38  229          -    0.00000      -   141   20s
H  882     3                       0.0000000    0.00000  0.00%   145   23s

Cutting planes:
  Cover: 17
  MIR: 36
  Relax-and-lift: 52

Explored 883 nodes (175569 simplex iterations) in 23.84 seconds
Thread count was 1 (of 4 available processors)

Solution count 1: 0 

Optimal solution found (tolerance 1.00e-04)
Best objective 0.000000000000e+00, best bound 0.000000000000e+00, gap 0.0000%
Changed value of parameter TimeLimit to 60.692065477371216
   Prev: inf  Min: 0.0  Max: inf  Default: inf
Gurobi Optimizer version 9.0.1 build v9.0.1rc0 (linux64)
Optimize a model with 7470 rows, 7260 columns and 30778 nonzeros
Model fingerprint: 0x1125aab6
Variable types: 60 continuous, 7200 integer (7200 binary)
Coefficient statistics:
  Matrix range     [1e+00, 4e+02]
  Objective range  [0e+00, 0e+00]
  Bounds range     [1e+00, 1e+00]
  RHS range        [1e+00, 3e+03]
Presolve removed 2115 rows and 2085 columns
Presolve time: 0.80s
Presolved: 5355 rows, 5175 columns, 20638 nonzeros
Variable types: 60 continuous, 5115 integer (5115 binary)

Root relaxation: objective 0.000000e+00, 863 iterations, 0.04 seconds

    Nodes    |    Current Node    |     Objective Bounds      |     Work
 Expl Unexpl |  Obj  Depth IntInf | Incumbent    BestBd   Gap | It/Node Time

     0     0    0.00000    0   71          -    0.00000      -     -    1s
     0     0    0.00000    0   79          -    0.00000      -     -    1s
     0     0    0.00000    0  151          -    0.00000      -     -    7s
     0     0    0.00000    0   98          -    0.00000      -     -    8s
     0     0    0.00000    0  143          -    0.00000      -     -    8s
     0     0    0.00000    0   77          -    0.00000      -     -    8s
     0     0    0.00000    0   59          -    0.00000      -     -    8s
     0     0    0.00000    0   41          -    0.00000      -     -    8s
     0     0    0.00000    0   60          -    0.00000      -     -    8s
     0     0    0.00000    0   58          -    0.00000      -     -    8s
     0     0    0.00000    0   81          -    0.00000      -     -    8s
     0     0    0.00000    0   54          -    0.00000      -     -    9s
     0     0    0.00000    0   60          -    0.00000      -     -    9s
     0     0    0.00000    0   27          -    0.00000      -     -    9s
     0     0    0.00000    0   30          -    0.00000      -     -    9s
     0     0    0.00000    0   35          -    0.00000      -     -    9s
     0     0    0.00000    0   99          -    0.00000      -     -    9s
     0     0    0.00000    0   53          -    0.00000      -     -    9s
     0     0    0.00000    0   35          -    0.00000      -     -   10s
     0     0    0.00000    0   84          -    0.00000      -     -   10s
     0     0    0.00000    0   57          -    0.00000      -     -   10s
     0     0    0.00000    0   57          -    0.00000      -     -   10s
     0     0    0.00000    0   37          -    0.00000      -     -   11s
     0     0    0.00000    0   60          -    0.00000      -     -   11s
     0     0    0.00000    0   34          -    0.00000      -     -   11s
     0     0    0.00000    0   35          -    0.00000      -     -   11s
     0     0    0.00000    0   35          -    0.00000      -     -   11s
     0     0    0.00000    0  142          -    0.00000      -     -   11s
     0     0    0.00000    0   26          -    0.00000      -     -   11s
     0     0    0.00000    0   63          -    0.00000      -     -   11s
     0     0    0.00000    0   30          -    0.00000      -     -   11s
     0     0    0.00000    0   59          -    0.00000      -     -   11s
     0     0    0.00000    0   24          -    0.00000      -     -   11s
     0     0    0.00000    0   56          -    0.00000      -     -   11s
     0     0    0.00000    0   32          -    0.00000      -     -   12s
     0     0    0.00000    0   18          -    0.00000      -     -   12s
     0     2    0.00000    0   18          -    0.00000      -     -   12s
    55    39    0.00000   37   57          -    0.00000      -   116   15s
   261   139    0.00000   58  418          -    0.00000      -   181   20s
H  300     4                       0.0000000    0.00000  0.00%   182   20s

Cutting planes:
  Cover: 6
  MIR: 27
  RLT: 1
  Relax-and-lift: 38

Explored 301 nodes (119295 simplex iterations) in 20.67 seconds
Thread count was 1 (of 4 available processors)

Solution count 1: 0 

Optimal solution found (tolerance 1.00e-04)
Best objective 0.000000000000e+00, best bound 0.000000000000e+00, gap 0.0000%
Changed value of parameter TimeLimit to 39.678091049194336
   Prev: inf  Min: 0.0  Max: inf  Default: inf
Gurobi Optimizer version 9.0.1 build v9.0.1rc0 (linux64)
Optimize a model with 7471 rows, 7260 columns and 30838 nonzeros
Model fingerprint: 0x77db279c
Variable types: 60 continuous, 7200 integer (7200 binary)
Coefficient statistics:
  Matrix range     [1e+00, 4e+02]
  Objective range  [0e+00, 0e+00]
  Bounds range     [1e+00, 1e+00]
  RHS range        [1e+00, 3e+03]
Presolve removed 2176 rows and 2145 columns
Presolve time: 0.77s
Presolved: 5295 rows, 5115 columns, 20398 nonzeros
Variable types: 60 continuous, 5055 integer (5055 binary)

Root relaxation: objective 0.000000e+00, 996 iterations, 0.05 seconds

    Nodes    |    Current Node    |     Objective Bounds      |     Work
 Expl Unexpl |  Obj  Depth IntInf | Incumbent    BestBd   Gap | It/Node Time

     0     0    0.00000    0   45          -    0.00000      -     -    1s
     0     0    0.00000    0   37          -    0.00000      -     -    1s
     0     0    0.00000    0   48          -    0.00000      -     -    7s
     0     0    0.00000    0   84          -    0.00000      -     -    7s
     0     0    0.00000    0   38          -    0.00000      -     -    7s
     0     0    0.00000    0   41          -    0.00000      -     -    7s
     0     0    0.00000    0   23          -    0.00000      -     -    7s
     0     0    0.00000    0   21          -    0.00000      -     -    7s
     0     0    0.00000    0   24          -    0.00000      -     -    7s
     0     0    0.00000    0   34          -    0.00000      -     -    7s
     0     0    0.00000    0   33          -    0.00000      -     -    7s
     0     0    0.00000    0   39          -    0.00000      -     -    7s
     0     0    0.00000    0   70          -    0.00000      -     -    7s
     0     0    0.00000    0   32          -    0.00000      -     -    8s
     0     0    0.00000    0   26          -    0.00000      -     -    8s
     0     2    0.00000    0   25          -    0.00000      -     -    8s
    47    18    0.00000   13  194          -    0.00000      -   247   10s
   459   257    0.00000   40   26          -    0.00000      -   213   15s
   545   301    0.00000   16   41          -    0.00000      -   289   20s
*  798   197              71       0.0000000    0.00000  0.00%   219   22s

Cutting planes:
  Projected implied bound: 50
  Flow cover: 36
  Relax-and-lift: 5

Explored 799 nodes (181908 simplex iterations) in 22.94 seconds
Thread count was 1 (of 4 available processors)

Solution count 1: 0 

Optimal solution found (tolerance 1.00e-04)
Best objective 0.000000000000e+00, best bound 0.000000000000e+00, gap 0.0000%
Changed value of parameter TimeLimit to 16.401179313659668
   Prev: inf  Min: 0.0  Max: inf  Default: inf
Gurobi Optimizer version 9.0.1 build v9.0.1rc0 (linux64)
Optimize a model with 7472 rows, 7260 columns and 30898 nonzeros
Model fingerprint: 0x68af256d
Variable types: 60 continuous, 7200 integer (7200 binary)
Coefficient statistics:
  Matrix range     [1e+00, 4e+02]
  Objective range  [0e+00, 0e+00]
  Bounds range     [1e+00, 1e+00]
  RHS range        [1e+00, 3e+03]
Presolve removed 2214 rows and 2182 columns
Presolve time: 0.74s
Presolved: 5258 rows, 5078 columns, 20250 nonzeros
Variable types: 60 continuous, 5018 integer (5018 binary)

Root relaxation: objective 0.000000e+00, 996 iterations, 0.05 seconds

    Nodes    |    Current Node    |     Objective Bounds      |     Work
 Expl Unexpl |  Obj  Depth IntInf | Incumbent    BestBd   Gap | It/Node Time

     0     0    0.00000    0   60          -    0.00000      -     -    1s
     0     0    0.00000    0   67          -    0.00000      -     -    1s
     0     0    0.00000    0   57          -    0.00000      -     -    7s
     0     0    0.00000    0  105          -    0.00000      -     -    7s
     0     0    0.00000    0  158          -    0.00000      -     -    8s
     0     0    0.00000    0  101          -    0.00000      -     -    8s
     0     0    0.00000    0  111          -    0.00000      -     -    8s
     0     0    0.00000    0   74          -    0.00000      -     -    8s
     0     0    0.00000    0   78          -    0.00000      -     -    8s
     0     0    0.00000    0   72          -    0.00000      -     -    8s
     0     0    0.00000    0   69          -    0.00000      -     -    8s
     0     0    0.00000    0   39          -    0.00000      -     -    8s
     0     0    0.00000    0   51          -    0.00000      -     -    8s
     0     0    0.00000    0  112          -    0.00000      -     -    9s
     0     0    0.00000    0  112          -    0.00000      -     -    9s
     0     0    0.00000    0   74          -    0.00000      -     -   10s
     0     0    0.00000    0  135          -    0.00000      -     -   10s
     0     0    0.00000    0   35          -    0.00000      -     -   10s
     0     0    0.00000    0   37          -    0.00000      -     -   10s
     0     0    0.00000    0   53          -    0.00000      -     -   11s
     0     0    0.00000    0   48          -    0.00000      -     -   11s
     0     0    0.00000    0   24          -    0.00000      -     -   11s
     0     0    0.00000    0   26          -    0.00000      -     -   11s
     0     0    0.00000    0   42          -    0.00000      -     -   11s
     0     0    0.00000    0  169          -    0.00000      -     -   11s
     0     0    0.00000    0   29          -    0.00000      -     -   11s
     0     0    0.00000    0   28          -    0.00000      -     -   11s
     0     2    0.00000    0   18          -    0.00000      -     -   12s
    12    11    0.00000   11   76          -    0.00000      -   563   15s

Cutting planes:
  MIR: 23
  Relax-and-lift: 83

Explored 60 nodes (76434 simplex iterations) in 16.40 seconds
Thread count was 1 (of 4 available processors)

Solution count 0

Time limit reached
Best objective -, best bound 0.000000000000e+00, gap -
